SCIP Status        : solving was interrupted [time limit reached]
Total Time         :    3600.00
  solving          :    3600.00
  presolving       :       0.35 (included in solving)
  reading          :       0.00
  copying          :       0.87 (37 #copies) (minimal 0.00, maximal 0.07, average 0.02)
Original Problem   :
  Problem name     : bbbenchmark/g05_80.7.cut
  Variables        : 81 (80 binary, 0 integer, 0 implicit integer, 1 continuous)
  Constraints      : 1 initial, 1 maximal
  Objective        : minimize, 1 non-zeros (abs.min = 1, abs.max = 1)
Presolved Problem  :
  Problem name     : t_bbbenchmark/g05_80.7.cut
  Variables        : 1609 (80 binary, 0 integer, 1527 implicit integer, 2 continuous)
  Constraints      : 1531 initial, 6660 maximal
  Objective        : minimize, 1 non-zeros (abs.min = 1, abs.max = 1)
  Nonzeros         : 6301 constraint, 162 clique table
Presolvers         :   ExecTime  SetupTime  Calls  FixedVars   AggrVars   ChgTypes  ChgBounds   AddHoles    DelCons    AddCons   ChgSides   ChgCoefs
  boundshift       :       0.00       0.00      0          0          0          0          0          0          0          0          0          0
  convertinttobin  :       0.00       0.00      0          0          0          0          0          0          0          0          0          0
  domcol           :       0.00       0.00      1          0          0          0          0          0          0          0          0          0
  dualagg          :       0.00       0.00      0          0          0          0          0          0          0          0          0          0
  dualcomp         :       0.00       0.00      1          0          0          0          0          0          0          0          0          0
  dualinfer        :       0.00       0.00      0          0          0          0          0          0          0          0          0          0
  dualsparsify     :       0.00       0.00      1          0          0          0          0          0          0          0          0          0
  gateextraction   :       0.00       0.00      0          0          0          0          0          0          0          0          0          0
  implics          :       0.00       0.00      2          0          0          0          0          0          0          0          0          0
  inttobinary      :       0.00       0.00      0          0          0          0          0          0          0          0          0          0
  qpkktref         :       0.00       0.00      0          0          0          0          0          0          0          0          0          0
  redvub           :       0.00       0.00      0          0          0          0          0          0          0          0          0          0
  sparsify         :       0.00       0.00      1          0          0          0          0          0          0          0          0          0
  stuffing         :       0.00       0.00      0          0          0          0          0          0          0          0          0          0
  trivial          :       0.00       0.00      4          0          0          0          0          0          0          0          0          0
  tworowbnd        :       0.00       0.00      0          0          0          0          0          0          0          0          0          0
  dualfix          :       0.00       0.00      4          0          0          0          0          0          0          0          0          0
  genvbounds       :       0.00       0.00      0          0          0          0          0          0          0          0          0          0
  probing          :       0.22       0.00      1          0          0          0          0          0          0          0          0          0
  pseudoobj        :       0.00       0.00      1          0          0          0          1          0          0          0          0          0
  symmetry         :       0.00       0.00      0          0          0          0          0          0          0          0          0          0
  vbounds          :       0.00       0.00      1          0          0          0          0          0          0          0          0          0
  varbound         :       0.00       0.00      2          0          0          0          0          0          0          0          0          0
  and              :       0.01       0.00      2          0          0          0          0          0          0          0          0          0
  linear           :       0.00       0.00      2          0          0          0          0          0          0          0          0          0
  logicor          :       0.00       0.00      0          0          0          0          0          0          0          0          0          0
  bounddisjunction :       0.00       0.00      0          0          0          0          0          0          0          0          0          0
  nonlinear        :       0.12       0.01      5          0          0          0          1          0          0       1530          0          0
  benders          :       0.00       0.00      0          0          0          0          0          0          0          0          0          0
  components       :       0.00       0.00      1          0          0          0          0          0          0          0          0          0
  root node        :          -          -      -          0          -          -         26          -          -          -          -          -
Constraints        :     Number  MaxNumber  #Separate #Propagate    #EnfoLP    #EnfoRelax  #EnfoPS    #Check   #ResProp    Cutoffs    DomReds       Cuts    Applied      Conss   Children
  benderslp        :          0          0          0          0      80514          0          0       2653          0          0          0          0          0          0          0
  integral         :          0          0          0          0      80514          0          0       2653          0          0       4209          0          0       2321     157422
  varbound         :          1          1        157     129007          0          0          0         31          0          0        422          0          0          0          0
  and              :       1527       1527      89319     607758          7          0          0         31     199533          5    2762785        401        352          0          0
  linear           :          3+         4        157     607757          7          0          0         29        100          0      53657          0          0          0          0
  logicor          :          0+      5105          0     168599          0          0          0          0        322        553         68          0          0          0          0
  bounddisjunction :          0+        87          0      33001          0          0          0          0          0          2          0          0          0          0          0
  benders          :          0          0          0          0          7          0          0         32          0          0          0          0          0          0          0
  countsols        :          0          0          0          0          7          0          0         32          0          0          0          0          0          0          0
  components       :          0          0          0          0          0          0          0          0          0          0          0          0          0          0          0
Constraint Timings :  TotalTime  SetupTime   Separate  Propagate     EnfoLP     EnfoPS     EnfoRelax   Check    ResProp    SB-Prop
  benderslp        :       0.12       0.00       0.00       0.00       0.12       0.00       0.00       0.00       0.00       0.00
  integral         :      46.56       0.00       0.00       0.00      46.56       0.00       0.00       0.00       0.00       0.00
  varbound         :       0.04       0.00       0.00       0.04       0.00       0.00       0.00       0.00       0.00       0.00
  and              :      60.54       0.00      39.13      20.83       0.00       0.00       0.00       0.01       0.22       0.35
  linear           :       0.91       0.00       0.02       0.88       0.00       0.00       0.00       0.00       0.00       0.01
  logicor          :       6.35       0.00       0.00       6.35       0.00       0.00       0.00       0.00       0.00       0.00
  bounddisjunction :       0.12       0.00       0.00       0.12       0.00       0.00       0.00       0.00       0.00       0.00
  benders          :       0.00       0.00       0.00       0.00       0.00       0.00       0.00       0.00       0.00       0.00
  countsols        :       0.00       0.00       0.00       0.00       0.00       0.00       0.00       0.00       0.00       0.00
  components       :       0.19       0.00       0.00       0.19       0.00       0.00       0.00       0.00       0.00       0.00
Propagators        : #Propagate   #ResProp    Cutoffs    DomReds
  dualfix          :          2          0          0          0
  genvbounds       :          0          0          0          0
  nlobbt           :          0          0          0          0
  obbt             :          0          0          0          0
  probing          :          0          0          0          0
  pseudoobj        :     384506          0          0         27
  redcost          :     189339          0          0     180159
  rootredcost      :         19          0          0          0
  symmetry         :          0          0          0          0
  vbounds          :      80281          0          0          0
Propagator Timings :  TotalTime  SetupTime   Presolve  Propagate    ResProp    SB-Prop
  dualfix          :       0.00       0.00       0.00       0.00       0.00       0.00
  genvbounds       :       0.35       0.00       0.00       0.35       0.00       0.00
  nlobbt           :       0.00       0.00       0.00       0.00       0.00       0.00
  obbt             :       0.00       0.00       0.00       0.00       0.00       0.00
  probing          :       0.22       0.00       0.22       0.00       0.00       0.00
  pseudoobj        :       0.53       0.00       0.00       0.53       0.00       0.00
  redcost          :       8.18       0.00       0.00       8.17       0.00       0.01
  rootredcost      :       0.45       0.00       0.00       0.45       0.00       0.00
  symmetry         :       0.30       0.00       0.00       0.30       0.00       0.00
  vbounds          :       0.39       0.00       0.00       0.38       0.00       0.01
Conflict Analysis  :       Time      Calls    Success    DomReds  Conflicts   Literals    Reconvs ReconvLits   Dualrays   Nonzeros   LP Iters   (pool size: [10000,10000])
  propagation      :       0.00        560        448          -        517       43.3          0        0.0          -          -          -
  infeasible LP    :       0.00          0          0          -          0        0.0          0        0.0          2       54.0          0
  bound exceed. LP :      11.89       9901       6631          -      71675       62.5          3       34.7          0        0.0      32148
  strong branching :       0.00          0          0          -          0        0.0          0        0.0          -          -          0
  pseudo solution  :       0.00          0          0          -          0        0.0          0        0.0          -          -          -
  applied globally :       0.26          -          -          0      22957       64.9          -          -          2          -          -
  applied locally  :          -          -          -          0          0        0.0          -          -          0          -          -
Separators         :   ExecTime  SetupTime      Calls  RootCalls    Cutoffs    DomReds  FoundCuts ViaPoolAdd  DirectAdd    Applied ViaPoolApp  DirectApp      Conss
  cut pool         :       2.46          -      23864        182          -          -      33871     537386          -          -          -          -          -    (maximal pool size:       1742)
  aggregation      :     157.69       0.00       4163        157          0          0          6          7          0          3          3          0          0
  > cmir           :          -          -          -          -          -          -          -          7          0          3          3          0          -
  > flowcover      :          -          -          -          -          -          -          -          0          0          0          0          0          -
  > knapsackcover  :          -          -          -          -          -          -          -          0          0          0          0          0          -
  cgmip            :       0.00       0.00          0          0          0          0          0          0          0          0          0          0          0
  clique           :       0.01       0.00        157        157          0          0          0          0          0          0          0          0          0
  closecuts        :       0.00       0.00          0          0          0          0          0          0          0          0          0          0          0
  convexproj       :       0.00       0.00          0          0          0          0          0          0          0          0          0          0          0
  disjunctive      :       0.00       0.00          0          0          0          0          0          0          0          0          0          0          0
  eccuts           :       0.00       0.00          0          0          0          0          0          0          0          0          0          0          0
  gauge            :       0.00       0.00          0          0          0          0          0          0          0          0          0          0          0
  gomory           :       0.00       0.00          0          0          0          0          0          0          0          0          0          0          0
  > gomorymi       :          -          -          -          -          -          -          -          0          0          0          0          0          -
  > strongcg       :          -          -          -          -          -          -          -          0          0          0          0          0          -
  impliedbounds    :       0.13       0.00       4163        157          0          0          0          0          0          0          0          0          0
  interlattice     :       0.29       0.00         80         80          0          0         80          0         80         80          0         80          0
  interminor       :       0.00       0.00          0          0          0          0          0          0          0          0          0          0          0
  intersub         :       0.29       0.00         40         40          0          0         40          0         40         40          0         40          0
  intobj           :       0.00       0.00          0          0          0          0          0          0          0          0          0          0          0
  mcf              :       0.00       0.00          1          1          0          0          0          0          0          0          0          0          0
  minor            :       0.01       0.00          0          0          0          0          0          0          0          0          0          0          0
  mixing           :       0.03       0.00       4167        157          0          0          0          0          0          0          0          0          0
  oddcycle         :       0.00       0.00          0          0          0          0          0          0          0          0          0          0          0
  rapidlearning    :       0.00       0.00          0          0          0          0          0          0          0          0          0          0          0
  rlt              :       0.00       0.00         10         10          0          0          0          0          0          0          0          0          0
  zerohalf         :      19.02       0.00       3710         20          0          0      33865     537379          0      98704      98704          0          0
Cutselectors       :   ExecTime  SetupTime      Calls  RootCalls   Selected     Forced   Filtered  RootSelec   RootForc   RootFilt 
  hybrid           :       0.27       0.00      11346        156      99179          0     438728        304          0         32
Pricers            :   ExecTime  SetupTime      Calls       Vars
  problem variables:       0.00          -          0          0
Branching Rules    :   ExecTime  SetupTime   BranchLP  BranchExt   BranchPS    Cutoffs    DomReds       Cuts      Conss   Children
  allfullstrong    :       0.00       0.00          0          0          0          0          0          0          0          0
  cloud            :       0.00       0.00          0          0          0          0          0          0          0          0
  distribution     :       0.00       0.00          0          0          0          0          0          0          0          0
  fullstrong       :       0.00       0.00          0          0          0          0          0          0          0          0
  inference        :       0.00       0.00          0          0          0          0          0          0          0          0
  leastinf         :       0.00       0.00          0          0          0          0          0          0          0          0
  lookahead        :       0.00       0.00          0          0          0          0          0          0          0          0
  mostinf          :       0.00       0.00          0          0          0          0          0          0          0          0
  multaggr         :       0.00       0.00          0          0          0          0          0          0          0          0
  nodereopt        :       0.00       0.00          0          0          0          0          0          0          0          0
  pscost           :       0.00       0.00          0          0          0          0          0          0          0          0
  random           :       0.00       0.00          0          0          0          0          0          0          0          0
  relpscost        :      46.40       0.00      80507          0          0          0       4209          0       2323     157422
  vanillafullstrong:       0.00       0.00          0          0          0          0          0          0          0          0
Primal Heuristics  :   ExecTime  SetupTime      Calls      Found       Best
  LP solutions     :       0.05          -          -          7          7
  relax solutions  :       0.00          -          -          0          0
  pseudo solutions :       0.00          -          -          0          0
  strong branching :       0.03          -          -          0          0
  actconsdiving    :       0.00       0.00          0          0          0
  adaptivediving   :       2.93       0.00         42          0          0
  alns             :       0.71       0.00         14          0          0
  bound            :       0.00       0.00          0          0          0
  clique           :       0.01       0.00          1          0          0
  coefdiving       :       0.00       0.00          0          0          0
  completesol      :       0.00       0.00          0          0          0
  conflictdiving   :      34.12       0.00        533          0          0
  crossover        :       1.03       0.00         12          1          1
  dins             :       0.00       0.00          0          0          0
  distributiondivin:      58.09       0.00        534          0          0
  dps              :       0.00       0.00          0          0          0
  dualval          :       0.00       0.00          0          0          0
  farkasdiving     :       0.01       0.00          0          0          0
  feaspump         :       0.00       0.00          0          0          0
  fixandinfer      :       0.00       0.00          0          0          0
  fracdiving       :      35.65       0.00        534          0          0
  gins             :       0.12       0.00          0          0          0
  guideddiving     :      33.53       0.00        534          6          6
  indicator        :       0.05       0.00          0          0          0
  indicatordiving  :       0.00       0.00          0          0          0
  intdiving        :       0.00       0.00          0          0          0
  intshifting      :       0.23       0.00         41          0          0
  linesearchdiving :      32.53       0.00        534          0          0
  localbranching   :       0.00       0.00          0          0          0
  locks            :       0.01       0.00          1          0          0
  lpface           :       0.09       0.00          0          0          0
  mpec             :       1.14       0.00          1          0          0
  multistart       :       0.00       0.00          0          0          0
  mutation         :       0.00       0.00          0          0          0
  nlpdiving        :       5.72       0.00          9          0          0
  objpscostdiving  :      52.26       0.00         97          7          1
  octane           :       0.00       0.00          0          0          0
  ofins            :       0.12       0.00          0          0          0
  oneopt           :       0.14       0.00         26          0          0
  padm             :       0.00       0.00          0          0          0
  proximity        :       0.00       0.00          0          0          0
  pscostdiving     :      41.66       0.00        534          3          3
  randrounding     :       0.58       0.00       2617          0          0
  rens             :       0.00       0.00          0          0          0
  reoptsols        :       0.00       0.00          0          0          0
  repair           :       0.00       0.00          0          0          0
  rins             :       9.92       0.00         10          0          0
  rootsoldiving    :      31.11       0.00         47          0          0
  rounding         :       0.65       0.00       4146          0          0
  shiftandpropagate:       0.00       0.00          0          0          0
  shifting         :      41.38       0.00      15043         10          8
  simplerounding   :       0.14       0.00          0          0          0
  subnlp           :     101.47       0.00          0          0          0
  trivial          :       0.00       0.00          2          2          2
  trivialnegation  :       0.00       0.00          0          0          0
  trustregion      :       0.00       0.00          0          0          0
  trysol           :       0.11       0.00          0          0          0
  twoopt           :       0.00       0.00          0          0          0
  undercover       :       1.05       0.00          1          0          0
  vbounds          :       0.00       0.00          0          0          0
  veclendiving     :      33.35       0.00        534          0          0
  zeroobj          :       0.00       0.00          0          0          0
  zirounding       :       0.34       0.00       1000          0          0
  other solutions  :          -          -          -          0          -
Diving (single)    :      Calls      Nodes   LP Iters Backtracks  Conflicts   MinDepth   MaxDepth   AvgDepth  RoundSols  NLeafSols  MinSolDpt  MaxSolDpt  AvgSolDpt
  actconsdiving    :          0          -          -          -          -          -          -          -          -          -          -          -          -
  coefdiving       :          0          -          -          -          -          -          -          -          -          -          -          -          -
  conflictdiving   :        533      17220     414283        644      11110         36         60       48.3          0          -          -          -          -
  distributiondivin:        534      12584     546890        592       6107         33         48       39.7          0          -          -          -          -
  farkasdiving     :          0          -          -          -          -          -          -          -          -          -          -          -          -
  fracdiving       :        534      47946     446764        487       5829         43        427      106.5          0          -          -          -          -
  guideddiving     :        534      40889     428686        352       6024         42        262       93.1          0          6         63         95       74.7
  indicatordiving  :          0          -          -          -          -          -          -          -          -          -          -          -          -
  linesearchdiving :        534      15318     449002        595      11511         33         68       44.9          0          -          -          -          -
  pscostdiving     :        534      16311     538949        554       8802         35         60       46.9          0          3         54         59       56.0
  veclendiving     :        534      14939     446726        588      14723         37         59       44.4          0          -          -          -          -
Diving (adaptive)  :      Calls      Nodes   LP Iters Backtracks  Conflicts   MinDepth   MaxDepth   AvgDepth  RoundSols  NLeafSols  MinSolDpt  MaxSolDpt  AvgSolDpt
  actconsdiving    :         12        296       9052          9         83         38         45       42.1          0          -          -          -          -
  coefdiving       :         15        423      13323         17        464         36         57       43.7          0          -          -          -          -
  conflictdiving   :          0          -          -          -          -          -          -          -          -          -          -          -          -
  distributiondivin:          0          -          -          -          -          -          -          -          -          -          -          -          -
  farkasdiving     :          0          -          -          -          -          -          -          -          -          -          -          -          -
  fracdiving       :          2        304       3095          2          6         55        282      168.5          0          -          -          -          -
  guideddiving     :          4        390       1822          1          3         68        161      117.2          0          -          -          -          -
  indicatordiving  :          0          -          -          -          -          -          -          -          -          -          -          -          -
  linesearchdiving :          0          -          -          -          -          -          -          -          -          -          -          -          -
  pscostdiving     :          3         85       3345          3         70         37         53       45.0          0          -          -          -          -
  veclendiving     :          6        169       7005          7        159         39         55       42.5          0          -          -          -          -
Neighborhoods      :      Calls  SetupTime  SolveTime SolveNodes       Sols       Best       Exp3  EpsGreedy        UCB TgtFixRate  Opt  Inf Node Stal  Sol  Usr Othr Actv
  rens             :          2       0.08       0.00          0          0          0    0.00000   -1.00000    0.54655      0.550    0    2    0    0    0    0    0    1
  rins             :          1       0.01       0.00          0          0          0    0.00000   -1.00000    0.56582      0.700    0    1    0    0    0    0    0    1
  mutation         :          1       0.02       0.01          1          0          0    0.00000   -1.00000    0.56495      0.700    0    1    0    0    0    0    0    1
  localbranching   :          2       0.12       0.02          3          0          0    0.00000   -1.00000    0.54205      0.550    0    2    0    0    0    0    0    1
  crossover        :          2       0.05       0.02         25          0          0    0.00000   -1.00000    0.50905      0.550    0    2    0    0    0    0    0    1
  proximity        :          2       0.10       0.05         42          0          0    0.00000   -1.00000    0.48355      0.550    0    2    0    0    0    0    0    1
  zeroobjective    :          2       0.05       0.01         12          0          0    0.00000   -1.00000    0.52855      0.550    0    2    0    0    0    0    0    1
  dins             :          2       0.05       0.03         11          0          0    0.00000   -1.00000    0.53005      0.550    0    2    0    0    0    0    0    1
  trustregion      :          0       0.00       0.00          0          0          0    0.00000   -1.00000    1.00000      0.900    0    0    0    0    0    0    0    0
Expressions        :   #IntEval  IntEvalTi   #RevProp  RevPropTi    DomReds    Cutoffs  #Estimate  EstimTime  Branching  #Simplify SimplifyTi Simplified
  pow              :          0       0.00          0       0.00          0          0          0       0.00          0          0       0.00          0
  prod             :       6320       0.00          0       0.00          0          0          0       0.00          0       4687       0.03          0
  sum              :          8       0.01          2       0.00          0          0          0       0.00          0          3       0.02          2
  var              :       5476       0.00          0       0.00          0          0          0       0.00          0      11145       0.00          0
  varidx           :          0       0.00          0       0.00          0          0          0       0.00          0          0       0.00          0
LP                 :       Time      Calls Iterations  Iter/call   Iter/sec  Time-0-It Calls-0-It    ItLimit
  primal LP        :     116.54      11445          0       0.00       0.00     116.48      11445
  dual LP          :    2543.39     167514   15479878     102.84    6086.32       6.28      16984
  lex dual LP      :       0.00          0          0       0.00          -
  barrier LP       :       0.00          0          0       0.00          -       0.00          0
  resolve instable :       0.00          0          0       0.00          -
  diving/probing LP:     304.81      16647    3946034     237.04   12945.88
  strong branching :      22.29       3060     269041      87.92   12070.03          -          -         18
    (at root node) :          -         20       8273     413.65          -
  conflict analysis:       4.06       3302      32148       9.74    7918.23
NLP relaxation     :
  solve time       :       5.72 (9 calls)
  convexity        :  nonconvex (4 linear rows, 0 convex ineq., 0 nonconvex ineq., 1527 nonlinear eq. or two-sided ineq.)
NLP Solvers        :  #Problems  ProblemTi    #Solves  SolveTime      #Iter  Time/Iter      #Okay #TimeLimit #IterLimit #LObjLimit #Interrupt  #NumError #EvalError  #OutOfMem #LicenseEr #OtherTerm   #GlobOpt    #LocOpt  #Feasible #LocInfeas #GlobInfea #Unbounded   #Unknown
  ipopt            :          2       4.62         12       6.85        304       0.02         11          0          1          0          0          0          0          0          0          0          0          0          0          3          0          0          9
B&B Tree           :
  number of runs   :          1
  nodes            :     137413 (78711 internal, 58702 leaves)
  feasible leaves  :          7
  infeas. leaves   :         25
  objective leaves :      58669
  nodes (total)    :     137413 (78711 internal, 58702 leaves)
  nodes left       :      20005
  max depth        :         48
  max depth (total):         48
  backtracks       :      29392 (21.4%)
  early backtracks :          0 (0.0%)
  nodes exc. ref.  :          0 (0.0%)
  delayed cutoffs  :          0
  repropagations   :       1167 (26 domain reductions, 0 cutoffs)
  avg switch length:       4.25
  switching time   :     139.22
Estim. Tree Size   :     274836
Estimation Tree    : 157423 nodes (137418 visited, 78711 internal, 58707 leaves, 20005 open), weight: 0.0000 completed 0.1284
Estimations        :      estim      value      trend resolution     smooth
  wbe              : 7883615942          -          -          -          -
  tree-profile     :         -1          -          -          -          -
  gap              :    1542077    0.79228    0.00002         64    1471360
  tree-weight      :     274836    0.00001    0.00000         64     274687
  leaf-frequency   :     805776    0.42721    0.00001         64     887125
  ssg              :    5492896    0.79725   -0.00002         64    5318951
  open-nodes       :     274836 20005.00000   11.56519         64     274687
Root Node          :
  First LP value   : -1.00000000000000e+00
  First LP Iters   :       1046 (14942.86 Iter/sec)
  First LP Time    :       0.07
  Final Dual Bound : -9.15972843965184e-01
  Final Root Iters :       5923
  Root LP Estimate : -4.60783783370265e-01
Solution           :
  Solutions found  :         36 (28 improvements)
  First Solution   : +1.00000000000000e+05   (in run 1, after 0 nodes, 0.00 seconds, depth 0, found by <trivial>)
  Gap First Sol.   :   infinite
  Gap Last Sol.    :      29.00 %
  Primal Bound     : -5.84810126582278e-01   (in run 1, after 75133 nodes, 1622.82 seconds, depth 40, found by <relaxation>)
  Dual Bound       : -7.38132911392406e-01
  Gap              :      26.22 %
Integrals          :      Total       Avg%
  primal-dual      :   85618.17      23.78
  primal-ref       :          -          - (not evaluated)
  dual-ref         :          -          - (not evaluated)
