SCIP Status        : solving was interrupted [time limit reached]
Total Time         :    3600.01
  solving          :    3600.00
  presolving       :       0.36 (included in solving)
  reading          :       0.01
  copying          :       0.56 (35 #copies) (minimal 0.00, maximal 0.03, average 0.02)
Original Problem   :
  Problem name     : bbbenchmark/g05_80.1.cut
  Variables        : 81 (80 binary, 0 integer, 0 implicit integer, 1 continuous)
  Constraints      : 1 initial, 1 maximal
  Objective        : minimize, 1 non-zeros (abs.min = 1, abs.max = 1)
Presolved Problem  :
  Problem name     : t_bbbenchmark/g05_80.1.cut
  Variables        : 1611 (80 binary, 0 integer, 1529 implicit integer, 2 continuous)
  Constraints      : 1533 initial, 6516 maximal
  Objective        : minimize, 1 non-zeros (abs.min = 1, abs.max = 1)
  Nonzeros         : 6305 constraint, 162 clique table
Presolvers         :   ExecTime  SetupTime  Calls  FixedVars   AggrVars   ChgTypes  ChgBounds   AddHoles    DelCons    AddCons   ChgSides   ChgCoefs
  boundshift       :       0.00       0.00      0          0          0          0          0          0          0          0          0          0
  convertinttobin  :       0.00       0.00      0          0          0          0          0          0          0          0          0          0
  domcol           :       0.00       0.00      1          0          0          0          0          0          0          0          0          0
  dualagg          :       0.00       0.00      0          0          0          0          0          0          0          0          0          0
  dualcomp         :       0.00       0.00      1          0          0          0          0          0          0          0          0          0
  dualinfer        :       0.00       0.00      0          0          0          0          0          0          0          0          0          0
  dualsparsify     :       0.00       0.00      1          0          0          0          0          0          0          0          0          0
  gateextraction   :       0.00       0.00      0          0          0          0          0          0          0          0          0          0
  implics          :       0.00       0.00      2          0          0          0          0          0          0          0          0          0
  inttobinary      :       0.00       0.00      0          0          0          0          0          0          0          0          0          0
  qpkktref         :       0.00       0.00      0          0          0          0          0          0          0          0          0          0
  redvub           :       0.00       0.00      0          0          0          0          0          0          0          0          0          0
  sparsify         :       0.00       0.00      1          0          0          0          0          0          0          0          0          0
  stuffing         :       0.00       0.00      0          0          0          0          0          0          0          0          0          0
  trivial          :       0.00       0.00      4          0          0          0          0          0          0          0          0          0
  tworowbnd        :       0.00       0.00      0          0          0          0          0          0          0          0          0          0
  dualfix          :       0.00       0.00      4          0          0          0          0          0          0          0          0          0
  genvbounds       :       0.00       0.00      0          0          0          0          0          0          0          0          0          0
  probing          :       0.23       0.00      1          0          0          0          0          0          0          0          0          0
  pseudoobj        :       0.00       0.00      1          0          0          0          1          0          0          0          0          0
  symmetry         :       0.00       0.00      0          0          0          0          0          0          0          0          0          0
  vbounds          :       0.00       0.00      1          0          0          0          0          0          0          0          0          0
  varbound         :       0.00       0.00      2          0          0          0          0          0          0          0          0          0
  and              :       0.01       0.00      2          0          0          0          0          0          0          0          0          0
  linear           :       0.00       0.00      2          0          0          0          0          0          0          0          0          0
  logicor          :       0.00       0.00      0          0          0          0          0          0          0          0          0          0
  bounddisjunction :       0.00       0.00      0          0          0          0          0          0          0          0          0          0
  nonlinear        :       0.12       0.01      5          0          0          0          1          0          0       1532          0          0
  benders          :       0.00       0.00      0          0          0          0          0          0          0          0          0          0
  components       :       0.00       0.00      1          0          0          0          0          0          0          0          0          0
  root node        :          -          -      -          0          -          -         30          -          -          -          -          -
Constraints        :     Number  MaxNumber  #Separate #Propagate    #EnfoLP    #EnfoRelax  #EnfoPS    #Check   #ResProp    Cutoffs    DomReds       Cuts    Applied      Conss   Children
  benderslp        :          0          0          0          0      98786          0          0       3997          0          0          0          0          0          0          0
  integral         :          0          0          0          0      98786          0          0       3997          0          0       3954          0          0       2177     194034
  varbound         :          1          1        123     129703          0          0          0         35          0          0       1135          0          0          0          0
  and              :       1529       1529     114699     662122          6          0          0         35     200101          2    3473815       8294       8138          0          0
  linear           :          3+        13        123     662124          6          0          0         33        170          0      59448          0          0          0          0
  logicor          :          0+      4918          0     174709          0          0          0          0        270        531         76          0          0          0          0
  bounddisjunction :          0+       158          0      37908          0          0          0          0          0          9          0          0          0          0          0
  benders          :          0          0          0          0          6          0          0         36          0          0          0          0          0          0          0
  countsols        :          0          0          0          0          6          0          0         36          0          0          0          0          0          0          0
  components       :          0          0          0          0          0          0          0          0          0          0          0          0          0          0          0
Constraint Timings :  TotalTime  SetupTime   Separate  Propagate     EnfoLP     EnfoPS     EnfoRelax   Check    ResProp    SB-Prop
  benderslp        :       0.09       0.00       0.00       0.00       0.09       0.00       0.00       0.00       0.00       0.00
  integral         :      50.14       0.00       0.00       0.00      50.14       0.00       0.00       0.00       0.00       0.00
  varbound         :       0.07       0.00       0.00       0.07       0.00       0.00       0.00       0.00       0.00       0.00
  and              :      69.00       0.00      46.25      22.19       0.00       0.00       0.00       0.01       0.18       0.37
  linear           :       1.00       0.00       0.03       0.97       0.00       0.00       0.00       0.00       0.00       0.00
  logicor          :       6.16       0.00       0.00       6.13       0.00       0.00       0.00       0.00       0.01       0.02
  bounddisjunction :       0.11       0.00       0.00       0.11       0.00       0.00       0.00       0.00       0.00       0.00
  benders          :       0.00       0.00       0.00       0.00       0.00       0.00       0.00       0.00       0.00       0.00
  countsols        :       0.00       0.00       0.00       0.00       0.00       0.00       0.00       0.00       0.00       0.00
  components       :       0.15       0.00       0.00       0.15       0.00       0.00       0.00       0.00       0.00       0.00
Propagators        : #Propagate   #ResProp    Cutoffs    DomReds
  dualfix          :          2          0          0          0
  genvbounds       :          0          0          0          0
  nlobbt           :          0          0          0          0
  obbt             :          0          0          0          0
  probing          :          0          0          0          0
  pseudoobj        :     467727          0          0         31
  redcost          :     235780          0          0     187995
  rootredcost      :         20          0          0          0
  symmetry         :          0          0          0          0
  vbounds          :      55952          0          0          0
Propagator Timings :  TotalTime  SetupTime   Presolve  Propagate    ResProp    SB-Prop
  dualfix          :       0.00       0.00       0.00       0.00       0.00       0.00
  genvbounds       :       0.34       0.00       0.00       0.34       0.00       0.00
  nlobbt           :       0.00       0.00       0.00       0.00       0.00       0.00
  obbt             :       0.00       0.00       0.00       0.00       0.00       0.00
  probing          :       0.23       0.00       0.23       0.00       0.00       0.00
  pseudoobj        :       0.64       0.00       0.00       0.64       0.00       0.00
  redcost          :       9.49       0.00       0.00       9.49       0.00       0.00
  rootredcost      :       0.36       0.00       0.00       0.35       0.00       0.01
  symmetry         :       0.26       0.00       0.00       0.26       0.00       0.00
  vbounds          :       0.44       0.00       0.00       0.43       0.00       0.01
Conflict Analysis  :       Time      Calls    Success    DomReds  Conflicts   Literals    Reconvs ReconvLits   Dualrays   Nonzeros   LP Iters   (pool size: [10000,10000])
  propagation      :       0.00        542        455          -        518       42.2          0        0.0          -          -          -
  infeasible LP    :       0.01          4          4          -        152      118.8          0        0.0         12      104.8          0
  bound exceed. LP :      11.57      10869       7246          -      73392       60.4          0        0.0          0        0.0      34406
  strong branching :       0.00          0          0          -          0        0.0          0        0.0          -          -          0
  pseudo solution  :       0.00          0          0          -          0        0.0          0        0.0          -          -          -
  applied globally :       0.14          -          -          0      23639       64.1          -          -         12          -          -
  applied locally  :          -          -          -          0          0        0.0          -          -          0          -          -
Separators         :   ExecTime  SetupTime      Calls  RootCalls    Cutoffs    DomReds  FoundCuts ViaPoolAdd  DirectAdd    Applied ViaPoolApp  DirectApp      Conss
  cut pool         :       2.23          -      22014        150          -          -      34001     488580          -          -          -          -          -    (maximal pool size:       2163)
  aggregation      :     159.68       0.00       4227        123          0          0         23         18          0          8          8          0          0
  > cmir           :          -          -          -          -          -          -          -         18          0          8          8          0          -
  > flowcover      :          -          -          -          -          -          -          -          0          0          0          0          0          -
  > knapsackcover  :          -          -          -          -          -          -          -          0          0          0          0          0          -
  cgmip            :       0.00       0.00          0          0          0          0          0          0          0          0          0          0          0
  clique           :       0.00       0.00        123        123          0          0          0          0          0          0          0          0          0
  closecuts        :       0.00       0.00          0          0          0          0          0          0          0          0          0          0          0
  convexproj       :       0.00       0.00          0          0          0          0          0          0          0          0          0          0          0
  disjunctive      :       0.00       0.00          0          0          0          0          0          0          0          0          0          0          0
  eccuts           :       0.00       0.00          0          0          0          0          0          0          0          0          0          0          0
  gauge            :       0.00       0.00          0          0          0          0          0          0          0          0          0          0          0
  gomory           :       0.00       0.00          0          0          0          0          0          0          0          0          0          0          0
  > gomorymi       :          -          -          -          -          -          -          -          0          0          0          0          0          -
  > strongcg       :          -          -          -          -          -          -          -          0          0          0          0          0          -
  impliedbounds    :       0.15       0.00       4227        123          0          0          1          0          0          0          0          0          0
  interlattice     :       0.00       0.00          0          0          0          0          0          0          0          0          0          0          0
  interminor       :       0.00       0.00          0          0          0          0          0          0          0          0          0          0          0
  intersub         :       0.77       0.00         80         80          0          0         80          0         80         80          0         80          0
  intobj           :       0.00       0.00          0          0          0          0          0          0          0          0          0          0          0
  mcf              :       0.00       0.00          1          1          0          0          0          0          0          0          0          0          0
  minor            :       0.00       0.00          0          0          0          0          0          0          0          0          0          0          0
  mixing           :       0.00       0.00       4228        123          0          0          0          0          0          0          0          0          0
  oddcycle         :       0.00       0.00          0          0          0          0          0          0          0          0          0          0          0
  rapidlearning    :       0.01       0.00          0          0          0          0          0          0          0          0          0          0          0
  rlt              :       0.00       0.00         10         10          0          0          0          0          0          0          0          0          0
  zerohalf         :      18.03       0.00       3844         20          0          0      33977     488562          0     105924     105924          0          0
Cutselectors       :   ExecTime  SetupTime      Calls  RootCalls   Selected     Forced   Filtered  RootSelec   RootForc   RootFilt 
  hybrid           :       0.32       0.00      19092        122     114150          0     382804        301          0          4
Pricers            :   ExecTime  SetupTime      Calls       Vars
  problem variables:       0.00          -          0          0
Branching Rules    :   ExecTime  SetupTime   BranchLP  BranchExt   BranchPS    Cutoffs    DomReds       Cuts      Conss   Children
  allfullstrong    :       0.00       0.00          0          0          0          0          0          0          0          0
  cloud            :       0.00       0.00          0          0          0          0          0          0          0          0
  distribution     :       0.00       0.00          0          0          0          0          0          0          0          0
  fullstrong       :       0.00       0.00          0          0          0          0          0          0          0          0
  inference        :       0.00       0.00          0          0          0          0          0          0          0          0
  leastinf         :       0.00       0.00          0          0          0          0          0          0          0          0
  lookahead        :       0.00       0.00          0          0          0          0          0          0          0          0
  mostinf          :       0.00       0.00          0          0          0          0          0          0          0          0
  multaggr         :       0.00       0.00          0          0          0          0          0          0          0          0
  nodereopt        :       0.00       0.00          0          0          0          0          0          0          0          0
  pscost           :       0.00       0.00          0          0          0          0          0          0          0          0
  random           :       0.00       0.00          0          0          0          0          0          0          0          0
  relpscost        :      49.79       0.00      98780          0          0          0       3954          0       2179     194034
  vanillafullstrong:       0.00       0.00          0          0          0          0          0          0          0          0
Primal Heuristics  :   ExecTime  SetupTime      Calls      Found       Best
  LP solutions     :       0.01          -          -          6          6
  relax solutions  :       0.00          -          -          0          0
  pseudo solutions :       0.00          -          -          0          0
  strong branching :       0.03          -          -          0          0
  actconsdiving    :       0.00       0.00          0          0          0
  adaptivediving   :       2.97       0.00         53          0          0
  alns             :       1.91       0.00         20          2          2
  bound            :       0.00       0.00          0          0          0
  clique           :       0.01       0.00          1          0          0
  coefdiving       :       0.00       0.00          0          0          0
  completesol      :       0.00       0.00          0          0          0
  conflictdiving   :      27.37       0.00        580          0          0
  crossover        :       0.46       0.00          5          2          2
  dins             :       0.00       0.00          0          0          0
  distributiondivin:      52.47       0.00        580          1          1
  dps              :       0.00       0.00          0          0          0
  dualval          :       0.00       0.00          0          0          0
  farkasdiving     :       0.01       0.00          0          0          0
  feaspump         :       0.00       0.00          0          0          0
  fixandinfer      :       0.00       0.00          0          0          0
  fracdiving       :      30.90       0.00        580          0          0
  gins             :       0.06       0.00          0          0          0
  guideddiving     :      29.36       0.00        580          5          5
  indicator        :       0.11       0.00          0          0          0
  indicatordiving  :       0.00       0.00          0          0          0
  intdiving        :       0.00       0.00          0          0          0
  intshifting      :       0.15       0.00         39          0          0
  linesearchdiving :      25.07       0.00        580          0          0
  localbranching   :       0.00       0.00          0          0          0
  locks            :       0.01       0.00          1          0          0
  lpface           :       0.12       0.00          0          0          0
  mpec             :     112.23       0.00         11          0          0
  multistart       :       0.00       0.00          0          0          0
  mutation         :       0.00       0.00          0          0          0
  nlpdiving        :       4.42       0.00         10          0          0
  objpscostdiving  :      53.73       0.00        115          8          1
  octane           :       0.00       0.00          0          0          0
  ofins            :       0.14       0.00          0          0          0
  oneopt           :       0.08       0.00         28          0          0
  padm             :       0.00       0.00          0          0          0
  proximity        :       0.00       0.00          0          0          0
  pscostdiving     :      32.99       0.00        579          3          3
  randrounding     :       0.55       0.00       3957          0          0
  rens             :       0.00       0.00          0          0          0
  reoptsols        :       0.00       0.00          0          0          0
  repair           :       0.00       0.00          0          0          0
  rins             :       8.07       0.00          9          0          0
  rootsoldiving    :      35.14       0.00         66          1          0
  rounding         :       0.98       0.00       4788          0          0
  shiftandpropagate:       0.00       0.00          0          0          0
  shifting         :      34.55       0.00      14504          9          8
  simplerounding   :       0.09       0.00          0          0          0
  subnlp           :     110.35       0.00          0          0          0
  trivial          :       0.00       0.00          2          2          2
  trivialnegation  :       0.00       0.00          0          0          0
  trustregion      :       0.00       0.00          0          0          0
  trysol           :       0.10       0.00          0          0          0
  twoopt           :       0.00       0.00          0          0          0
  undercover       :       1.32       0.00          1          0          0
  vbounds          :       0.00       0.00          0          0          0
  veclendiving     :      24.69       0.00        580          0          0
  zeroobj          :       0.00       0.00          0          0          0
  zirounding       :       0.36       0.00       1000          0          0
  other solutions  :          -          -          -          0          -
Diving (single)    :      Calls      Nodes   LP Iters Backtracks  Conflicts   MinDepth   MaxDepth   AvgDepth  RoundSols  NLeafSols  MinSolDpt  MaxSolDpt  AvgSolDpt
  actconsdiving    :          0          -          -          -          -          -          -          -          -          -          -          -          -
  coefdiving       :          0          -          -          -          -          -          -          -          -          -          -          -          -
  conflictdiving   :        580      16572     404847        620      11598         33         66       45.7          0          -          -          -          -
  distributiondivin:        580      12525     526453        664       5684         31         55       38.9          0          1         45         45       45.0
  farkasdiving     :          0          -          -          -          -          -          -          -          -          -          -          -          -
  fracdiving       :        580      38863     429898        603       6024         35        410       84.3          0          -          -          -          -
  guideddiving     :        580      37602     420629        458       5697         36        225       82.2          0          5         73         99       90.2
  indicatordiving  :          0          -          -          -          -          -          -          -          -          -          -          -          -
  linesearchdiving :        580      16328     372658        630      11458         34         73       45.5          0          -          -          -          -
  pscostdiving     :        579      14024     483789        588       9835         29         60       41.6          0          3         56         60       58.3
  veclendiving     :        580      16549     350668        587      15300         38         63       46.1          0          -          -          -          -
Diving (adaptive)  :      Calls      Nodes   LP Iters Backtracks  Conflicts   MinDepth   MaxDepth   AvgDepth  RoundSols  NLeafSols  MinSolDpt  MaxSolDpt  AvgSolDpt
  actconsdiving    :         12        300       8986         11        152         34         48       42.8          0          -          -          -          -
  coefdiving       :         22        658      14842         22        765         38         60       45.7          0          -          -          -          -
  conflictdiving   :          0          -          -          -          -          -          -          -          -          -          -          -          -
  distributiondivin:          0          -          -          -          -          -          -          -          -          -          -          -          -
  farkasdiving     :          0          -          -          -          -          -          -          -          -          -          -          -          -
  fracdiving       :          2         84       1341          1         22         54         65       59.5          0          -          -          -          -
  guideddiving     :          2        190       1606          3         61         76        149      112.5          0          -          -          -          -
  indicatordiving  :          0          -          -          -          -          -          -          -          -          -          -          -          -
  linesearchdiving :          2         63       1493          2         79         42         51       46.5          0          -          -          -          -
  pscostdiving     :          5        112       4340          5         78         38         45       40.2          0          -          -          -          -
  veclendiving     :          8        247       4512          7        180         40         60       48.8          0          -          -          -          -
Neighborhoods      :      Calls  SetupTime  SolveTime SolveNodes       Sols       Best       Exp3  EpsGreedy        UCB TgtFixRate  Opt  Inf Node Stal  Sol  Usr Othr Actv
  rens             :          3       0.07       0.01          1          0          0    0.00000   -1.00000    0.53896      0.437    0    3    0    0    0    0    0    1
  rins             :          2       0.05       0.01          7          0          0    0.00000   -1.00000    0.53998      0.550    0    2    0    0    0    0    0    1
  mutation         :          3       0.09       0.17         61          0          0    0.00000   -1.00000    0.46013      0.662    0    2    0    1    0    0    0    1
  localbranching   :          3       0.06       0.87        808          2          2    0.00000   -1.00000    0.50578      0.662    1    1    0    1    0    0    0    1
  crossover        :          2       0.07       0.02         43          0          0    0.00000   -1.00000    0.48485      0.550    0    2    0    0    0    0    0    1
  proximity        :          2       0.04       0.04         65          0          0    0.00000   -1.00000    0.45737      0.850    0    1    0    1    0    0    0    1
  zeroobjective    :          2       0.04       0.02          4          0          0    0.00000   -1.00000    0.54399      0.550    0    2    0    0    0    0    0    1
  dins             :          3       0.12       0.15         70          0          0    0.00000   -1.00000    0.45106      0.662    0    2    0    1    0    0    0    1
  trustregion      :          0       0.00       0.00          0          0          0    0.00000   -1.00000    1.00000      0.900    0    0    0    0    0    0    0    0
Expressions        :   #IntEval  IntEvalTi   #RevProp  RevPropTi    DomReds    Cutoffs  #Estimate  EstimTime  Branching  #Simplify SimplifyTi Simplified
  pow              :          0       0.00          0       0.00          0          0          0       0.00          0          0       0.00          0
  prod             :       6320       0.00          0       0.00          0          0          0       0.00          0       4689       0.00          0
  sum              :          8       0.04          2       0.00          0          0          0       0.00          0          3       0.02          2
  var              :       5482       0.00          0       0.00          0          0          0       0.00          0      11151       0.00          0
  varidx           :          0       0.00          0       0.00          0          0          0       0.00          0          0       0.00          0
LP                 :       Time      Calls Iterations  Iter/call   Iter/sec  Time-0-It Calls-0-It    ItLimit
  primal LP        :     110.07      14707          0       0.00       0.00     109.98      14707
  dual LP          :    2444.93     207343   18916121     100.51    7736.88       7.17      19134
  lex dual LP      :       0.00          0          0       0.00          -
  barrier LP       :       0.00          0          0       0.00          -       0.00          0
  resolve instable :       0.00          0          0       0.00          -
  diving/probing LP:     266.44      17339    3786798     218.40   14212.57
  strong branching :      23.14       2984     290102      97.22   12536.82          -          -         59
    (at root node) :          -         19      10054     529.16          -
  conflict analysis:       3.79       3523      34406       9.77    9078.10
NLP relaxation     :
  solve time       :       4.41 (10 calls)
  convexity        :  nonconvex (4 linear rows, 0 convex ineq., 0 nonconvex ineq., 1529 nonlinear eq. or two-sided ineq.)
NLP Solvers        :  #Problems  ProblemTi    #Solves  SolveTime      #Iter  Time/Iter      #Okay #TimeLimit #IterLimit #LObjLimit #Interrupt  #NumError #EvalError  #OutOfMem #LicenseEr #OtherTerm   #GlobOpt    #LocOpt  #Feasible #LocInfeas #GlobInfea #Unbounded   #Unknown
  ipopt            :         12       5.04         40     117.30       2421       0.05         40          0          0          0          0          0          0          0          0          0          0          0          0         30          0          0         10
B&B Tree           :
  number of runs   :          1
  nodes            :     167369 (97017 internal, 70352 leaves)
  feasible leaves  :          6
  infeas. leaves   :         15
  objective leaves :      70330
  nodes (total)    :     167369 (97017 internal, 70352 leaves)
  nodes left       :      26604
  max depth        :         52
  max depth (total):         52
  backtracks       :      35955 (21.5%)
  early backtracks :          0 (0.0%)
  nodes exc. ref.  :          0 (0.0%)
  delayed cutoffs  :          0
  repropagations   :       3416 (191 domain reductions, 0 cutoffs)
  avg switch length:       4.49
  switching time   :     136.57
Estim. Tree Size   :     334862
Estimation Tree    : 194035 nodes (167431 visited, 97017 internal, 70414 leaves, 26604 open), weight: 0.0001 completed 0.1239
Estimations        :      estim      value      trend resolution     smooth
  wbe              : 1404973558          -          -          -          -
  tree-profile     :         -1          -          -          -          -
  gap              :    1731289    0.80675    0.00003        128    1733037
  tree-weight      :     334862    0.00010    0.00000        128     334628
  leaf-frequency   :    1448819    0.42055    0.00002        128    1629610
  ssg              :    3250693    0.80439   -0.00007        128    3197977
  open-nodes       :     334862 26604.00000   21.68149        128     334628
Root Node          :
  First LP value   : -1.00000000000000e+00
  First LP Iters   :       1054 (15057.14 Iter/sec)
  First LP Time    :       0.07
  Final Dual Bound : -9.13807172112341e-01
  Final Root Iters :       7750
  Root LP Estimate : -4.85489800226436e-01
Solution           :
  Solutions found  :         39 (30 improvements)
  First Solution   : +1.00000000000000e+05   (in run 1, after 0 nodes, 0.03 seconds, depth 0, found by <trivial>)
  Gap First Sol.   :   infinite
  Gap Last Sol.    :      30.67 %
  Primal Bound     : -5.89873417721518e-01   (in run 1, after 49601 nodes, 1181.92 seconds, depth 20, found by <alns>)
  Dual Bound       : -7.31170886075951e-01
  Gap              :      23.95 %
Integrals          :      Total       Avg%
  primal-dual      :   85985.86      23.88
  primal-ref       :          -          - (not evaluated)
  dual-ref         :          -          - (not evaluated)
