SCIP Status        : solving was interrupted [time limit reached]
Total Time         :    3600.01
  solving          :    3600.00
  presolving       :       0.39 (included in solving)
  reading          :       0.01
  copying          :       0.56 (30 #copies) (minimal 0.00, maximal 0.03, average 0.02)
Original Problem   :
  Problem name     : bbbenchmark/g05_80.4.cut
  Variables        : 81 (80 binary, 0 integer, 0 implicit integer, 1 continuous)
  Constraints      : 1 initial, 1 maximal
  Objective        : minimize, 1 non-zeros (abs.min = 1, abs.max = 1)
Presolved Problem  :
  Problem name     : t_bbbenchmark/g05_80.4.cut
  Variables        : 1610 (80 binary, 0 integer, 1528 implicit integer, 2 continuous)
  Constraints      : 1532 initial, 4219 maximal
  Objective        : minimize, 1 non-zeros (abs.min = 1, abs.max = 1)
  Nonzeros         : 6303 constraint, 162 clique table
Presolvers         :   ExecTime  SetupTime  Calls  FixedVars   AggrVars   ChgTypes  ChgBounds   AddHoles    DelCons    AddCons   ChgSides   ChgCoefs
  boundshift       :       0.00       0.00      0          0          0          0          0          0          0          0          0          0
  convertinttobin  :       0.00       0.00      0          0          0          0          0          0          0          0          0          0
  domcol           :       0.00       0.00      1          0          0          0          0          0          0          0          0          0
  dualagg          :       0.00       0.00      0          0          0          0          0          0          0          0          0          0
  dualcomp         :       0.00       0.00      1          0          0          0          0          0          0          0          0          0
  dualinfer        :       0.00       0.00      0          0          0          0          0          0          0          0          0          0
  dualsparsify     :       0.00       0.00      1          0          0          0          0          0          0          0          0          0
  gateextraction   :       0.00       0.00      0          0          0          0          0          0          0          0          0          0
  implics          :       0.00       0.00      2          0          0          0          0          0          0          0          0          0
  inttobinary      :       0.00       0.00      0          0          0          0          0          0          0          0          0          0
  qpkktref         :       0.00       0.00      0          0          0          0          0          0          0          0          0          0
  redvub           :       0.00       0.00      0          0          0          0          0          0          0          0          0          0
  sparsify         :       0.00       0.00      1          0          0          0          0          0          0          0          0          0
  stuffing         :       0.00       0.00      0          0          0          0          0          0          0          0          0          0
  trivial          :       0.00       0.00      4          0          0          0          0          0          0          0          0          0
  tworowbnd        :       0.00       0.00      0          0          0          0          0          0          0          0          0          0
  dualfix          :       0.00       0.00      4          0          0          0          0          0          0          0          0          0
  genvbounds       :       0.00       0.00      0          0          0          0          0          0          0          0          0          0
  probing          :       0.25       0.00      1          0          0          0          0          0          0          0          0          0
  pseudoobj        :       0.00       0.00      1          0          0          0          1          0          0          0          0          0
  symmetry         :       0.00       0.00      0          0          0          0          0          0          0          0          0          0
  vbounds          :       0.00       0.00      1          0          0          0          0          0          0          0          0          0
  varbound         :       0.00       0.00      2          0          0          0          0          0          0          0          0          0
  and              :       0.01       0.01      2          0          0          0          0          0          0          0          0          0
  linear           :       0.00       0.00      2          0          0          0          0          0          0          0          0          0
  logicor          :       0.00       0.00      0          0          0          0          0          0          0          0          0          0
  bounddisjunction :       0.00       0.00      0          0          0          0          0          0          0          0          0          0
  nonlinear        :       0.13       0.00      5          0          0          0          1          0          0       1531          0          0
  benders          :       0.00       0.00      0          0          0          0          0          0          0          0          0          0
  components       :       0.00       0.00      1          0          0          0          0          0          0          0          0          0
  root node        :          -          -      -          0          -          -         25          -          -          -          -          -
Constraints        :     Number  MaxNumber  #Separate #Propagate    #EnfoLP    #EnfoRelax  #EnfoPS    #Check   #ResProp    Cutoffs    DomReds       Cuts    Applied      Conss   Children
  benderslp        :          0          0          0          0      49801          0          0       1885          0          0          0          0          0          0          0
  integral         :          0          0          0          0      49801          0          0       1885          0          0       3718          0          0       2128      96662
  varbound         :          1          1        156      26241          0          0          0         26          0          0        676          0          0          0          0
  and              :       1528       1528      57299     365518          3          0          0         26     127796          0    1620833       1571       1512          0          0
  linear           :          3+         6        156     365523          3          0          0         24         26          1      24014          0          0          0          0
  logicor          :          0+      2679          0      93953          0          0          0          0        376        249         46          0          0          0          0
  bounddisjunction :          0+       101          0       5594          0          0          0          0          0          5          0          0          0          0          0
  benders          :          0          0          0          0          3          0          0         27          0          0          0          0          0          0          0
  countsols        :          0          0          0          0          3          0          0         27          0          0          0          0          0          0          0
  components       :          0          0          0          0          0          0          0          0          0          0          0          0          0          0          0
Constraint Timings :  TotalTime  SetupTime   Separate  Propagate     EnfoLP     EnfoPS     EnfoRelax   Check    ResProp    SB-Prop
  benderslp        :       0.05       0.00       0.00       0.00       0.05       0.00       0.00       0.00       0.00       0.00
  integral         :      55.12       0.00       0.00       0.00      55.11       0.00       0.00       0.01       0.00       0.00
  varbound         :       0.03       0.00       0.00       0.02       0.00       0.00       0.00       0.00       0.00       0.01
  and              :      48.28       0.01      30.17      17.44       0.00       0.00       0.00       0.00       0.11       0.55
  linear           :       0.67       0.00       0.04       0.59       0.00       0.00       0.00       0.00       0.00       0.04
  logicor          :       3.22       0.00       0.00       3.20       0.00       0.00       0.00       0.00       0.00       0.02
  bounddisjunction :       0.01       0.00       0.00       0.01       0.00       0.00       0.00       0.00       0.00       0.00
  benders          :       0.00       0.00       0.00       0.00       0.00       0.00       0.00       0.00       0.00       0.00
  countsols        :       0.00       0.00       0.00       0.00       0.00       0.00       0.00       0.00       0.00       0.00
  components       :       0.08       0.00       0.00       0.07       0.00       0.00       0.00       0.00       0.00       0.01
Propagators        : #Propagate   #ResProp    Cutoffs    DomReds
  dualfix          :          4          0          0          0
  genvbounds       :          0          0          0          0
  nlobbt           :          0          0          0          0
  obbt             :          0          0          0          0
  probing          :          0          0          0          0
  pseudoobj        :     231421          0          0         26
  redcost          :     117326          0          0      53481
  rootredcost      :         15          0          0          0
  symmetry         :          0          0          0          0
  vbounds          :      38691          0          0          0
Propagator Timings :  TotalTime  SetupTime   Presolve  Propagate    ResProp    SB-Prop
  dualfix          :       0.00       0.00       0.00       0.00       0.00       0.00
  genvbounds       :       0.24       0.00       0.00       0.23       0.00       0.01
  nlobbt           :       0.00       0.00       0.00       0.00       0.00       0.00
  obbt             :       0.00       0.00       0.00       0.00       0.00       0.00
  probing          :       0.25       0.00       0.25       0.00       0.00       0.00
  pseudoobj        :       0.44       0.00       0.00       0.44       0.00       0.00
  redcost          :       6.81       0.00       0.00       6.81       0.00       0.00
  rootredcost      :       0.32       0.00       0.00       0.31       0.00       0.01
  symmetry         :       0.16       0.00       0.00       0.16       0.00       0.00
  vbounds          :       0.30       0.00       0.00       0.30       0.00       0.00
Conflict Analysis  :       Time      Calls    Success    DomReds  Conflicts   Literals    Reconvs ReconvLits   Dualrays   Nonzeros   LP Iters   (pool size: [10000,10000])
  propagation      :       0.00        254        216          -        277       44.7          0        0.0          -          -          -
  infeasible LP    :       0.00          0          0          -          0        0.0          0        0.0          3       85.3          0
  bound exceed. LP :      11.03       6852       4756          -      46898       60.6          1       34.0          0        0.0      23354
  strong branching :       0.00          0          0          -          0        0.0          0        0.0          -          -          0
  pseudo solution  :       0.00          0          0          -          0        0.0          0        0.0          -          -          -
  applied globally :       0.16          -          -          0      14369       64.9          -          -          3          -          -
  applied locally  :          -          -          -          0          0        0.0          -          -          0          -          -
Separators         :   ExecTime  SetupTime      Calls  RootCalls    Cutoffs    DomReds  FoundCuts ViaPoolAdd  DirectAdd    Applied ViaPoolApp  DirectApp      Conss
  cut pool         :       2.55          -      17968        182          -          -      33105     490283          -          -          -          -          -    (maximal pool size:       2166)
  aggregation      :     290.16       0.00       4298        156          0          0         21        187          0         84         84          0          0
  > cmir           :          -          -          -          -          -          -          -        187          0         84         84          0          -
  > flowcover      :          -          -          -          -          -          -          -          0          0          0          0          0          -
  > knapsackcover  :          -          -          -          -          -          -          -          0          0          0          0          0          -
  cgmip            :       0.00       0.00          0          0          0          0          0          0          0          0          0          0          0
  clique           :       0.00       0.00        156        156          0          0          0          0          0          0          0          0          0
  closecuts        :       0.00       0.00          0          0          0          0          0          0          0          0          0          0          0
  convexproj       :       0.00       0.00          0          0          0          0          0          0          0          0          0          0          0
  disjunctive      :       0.00       0.00          0          0          0          0          0          0          0          0          0          0          0
  eccuts           :       0.00       0.00          0          0          0          0          0          0          0          0          0          0          0
  gauge            :       0.00       0.00          0          0          0          0          0          0          0          0          0          0          0
  gomory           :       0.00       0.00          0          0          0          0          0          0          0          0          0          0          0
  > gomorymi       :          -          -          -          -          -          -          -          0          0          0          0          0          -
  > strongcg       :          -          -          -          -          -          -          -          0          0          0          0          0          -
  impliedbounds    :       0.26       0.00       4298        156          0          0          0          0          0          0          0          0          0
  interlattice     :       0.45       0.00         80         80          0          0         80          0         80         79          0         79          0
  interminor       :       0.00       0.00          0          0          0          0          0          0          0          0          0          0          0
  intersub         :       0.63       0.00         40         40          0          0         40          0         40         40          0         40          0
  intobj           :       0.00       0.00          0          0          0          0          0          0          0          0          0          0          0
  mcf              :       0.01       0.00          1          1          0          0          0          0          0          0          0          0          0
  minor            :       0.00       0.00          0          0          0          0          0          0          0          0          0          0          0
  mixing           :       0.00       0.00       4299        156          0          0          0          0          0          0          0          0          0
  oddcycle         :       0.00       0.00          0          0          0          0          0          0          0          0          0          0          0
  rapidlearning    :       0.02       0.00          0          0          0          0          0          0          0          0          0          0          0
  rlt              :       0.00       0.00         10         10          0          0          0          0          0          0          0          0          0
  zerohalf         :      31.68       0.00       3766         20          0          0      33084     490096          0      89150      89150          0          0
Cutselectors       :   ExecTime  SetupTime      Calls  RootCalls   Selected     Forced   Filtered  RootSelec   RootForc   RootFilt 
  hybrid           :       0.59       0.00       9898        154      90865          0     401109        332          0          4
Pricers            :   ExecTime  SetupTime      Calls       Vars
  problem variables:       0.00          -          0          0
Branching Rules    :   ExecTime  SetupTime   BranchLP  BranchExt   BranchPS    Cutoffs    DomReds       Cuts      Conss   Children
  allfullstrong    :       0.00       0.00          0          0          0          0          0          0          0          0
  cloud            :       0.00       0.00          0          0          0          0          0          0          0          0
  distribution     :       0.00       0.00          0          0          0          0          0          0          0          0
  fullstrong       :       0.00       0.00          0          0          0          0          0          0          0          0
  inference        :       0.00       0.00          0          0          0          0          0          0          0          0
  leastinf         :       0.00       0.00          0          0          0          0          0          0          0          0
  lookahead        :       0.00       0.00          0          0          0          0          0          0          0          0
  mostinf          :       0.00       0.00          0          0          0          0          0          0          0          0
  multaggr         :       0.00       0.00          0          0          0          0          0          0          0          0
  nodereopt        :       0.00       0.00          0          0          0          0          0          0          0          0
  pscost           :       0.00       0.00          0          0          0          0          0          0          0          0
  random           :       0.00       0.00          0          0          0          0          0          0          0          0
  relpscost        :      54.95       0.00      49798          0          0          0       3718          0       2128      96662
  vanillafullstrong:       0.00       0.00          0          0          0          0          0          0          0          0
Primal Heuristics  :   ExecTime  SetupTime      Calls      Found       Best
  LP solutions     :       0.00          -          -          3          3
  relax solutions  :       0.00          -          -          0          0
  pseudo solutions :       0.00          -          -          0          0
  strong branching :       0.03          -          -          0          0
  actconsdiving    :       0.00       0.00          0          0          0
  adaptivediving   :       3.42       0.00         35          0          0
  alns             :       1.73       0.00         20          4          4
  bound            :       0.00       0.00          0          0          0
  clique           :       0.00       0.00          1          0          0
  coefdiving       :       0.00       0.00          0          0          0
  completesol      :       0.00       0.00          0          0          0
  conflictdiving   :      24.26       0.00        282          0          0
  crossover        :       0.31       0.00          4          1          1
  dins             :       0.00       0.00          0          0          0
  distributiondivin:      43.59       0.00        282          0          0
  dps              :       0.00       0.00          0          0          0
  dualval          :       0.00       0.00          0          0          0
  farkasdiving     :       0.01       0.00          0          0          0
  feaspump         :       0.35       0.00          1          1          1
  fixandinfer      :       0.00       0.00          0          0          0
  fracdiving       :      30.63       0.00        282          0          0
  gins             :       0.09       0.00          0          0          0
  guideddiving     :      26.12       0.00        282          3          3
  indicator        :       0.08       0.00          0          0          0
  indicatordiving  :       0.00       0.00          0          0          0
  intdiving        :       0.00       0.00          0          0          0
  intshifting      :       0.20       0.00         34          0          0
  linesearchdiving :      23.30       0.00        281          0          0
  localbranching   :       0.00       0.00          0          0          0
  locks            :       0.01       0.00          1          0          0
  lpface           :       0.04       0.00          0          0          0
  mpec             :     272.22       0.00         11          0          0
  multistart       :       0.00       0.00          0          0          0
  mutation         :       0.00       0.00          0          0          0
  nlpdiving        :      10.26       0.00          9          0          0
  objpscostdiving  :      74.33       0.00         84          7          2
  octane           :       0.00       0.00          0          0          0
  ofins            :       0.06       0.00          0          0          0
  oneopt           :       0.14       0.00         20          0          0
  padm             :       0.00       0.00          0          0          0
  proximity        :       0.00       0.00          0          0          0
  pscostdiving     :      31.18       0.00        282          1          1
  randrounding     :       0.82       0.00       1855          0          0
  rens             :       0.00       0.00          0          0          0
  reoptsols        :       0.00       0.00          0          0          0
  repair           :       0.00       0.00          0          0          0
  rins             :       1.46       0.00          5          1          1
  rootsoldiving    :      30.27       0.00         29          0          0
  rounding         :       0.93       0.00       3363          0          0
  shiftandpropagate:       0.00       0.00          0          0          0
  shifting         :      39.81       0.00       9190          4          4
  simplerounding   :       0.03       0.00          0          0          0
  subnlp           :      83.38       0.00          0          0          0
  trivial          :       0.00       0.00          2          2          2
  trivialnegation  :       0.00       0.00          0          0          0
  trustregion      :       0.00       0.00          0          0          0
  trysol           :       0.17       0.00          0          0          0
  twoopt           :       0.00       0.00          0          0          0
  undercover       :       1.33       0.00          1          0          0
  vbounds          :       0.00       0.00          0          0          0
  veclendiving     :      22.10       0.00        281          0          0
  zeroobj          :       0.00       0.00          0          0          0
  zirounding       :       0.57       0.00       1000          0          0
  other solutions  :          -          -          -          0          -
Diving (single)    :      Calls      Nodes   LP Iters Backtracks  Conflicts   MinDepth   MaxDepth   AvgDepth  RoundSols  NLeafSols  MinSolDpt  MaxSolDpt  AvgSolDpt
  actconsdiving    :          0          -          -          -          -          -          -          -          -          -          -          -          -
  coefdiving       :          0          -          -          -          -          -          -          -          -          -          -          -          -
  conflictdiving   :        282       8812     228638        310       6976         35         73       47.6          0          -          -          -          -
  distributiondivin:        282       6418     318203        366       3992         32         50       38.7          0          -          -          -          -
  farkasdiving     :          0          -          -          -          -          -          -          -          -          -          -          -          -
  fracdiving       :        282      33472     270913        293       2961         39        377      134.7          0          -          -          -          -
  guideddiving     :        282      25713     241823        204       2938         38        374      108.0          0          3         76        124       98.0
  indicatordiving  :          0          -          -          -          -          -          -          -          -          -          -          -          -
  linesearchdiving :        281       8561     224107        316       6927         35         71       46.9          0          -          -          -          -
  pscostdiving     :        282       8736     300869        290       6454         37         59       47.2          0          1         54         54       54.0
  veclendiving     :        281       8079     214473        291       8274         37         67       45.1          0          -          -          -          -
Diving (adaptive)  :      Calls      Nodes   LP Iters Backtracks  Conflicts   MinDepth   MaxDepth   AvgDepth  RoundSols  NLeafSols  MinSolDpt  MaxSolDpt  AvgSolDpt
  actconsdiving    :          9        221       8321          7        102         34         46       40.3          0          -          -          -          -
  coefdiving       :         16        418      13931         16        600         36         62       40.9          0          -          -          -          -
  conflictdiving   :          0          -          -          -          -          -          -          -          -          -          -          -          -
  distributiondivin:          0          -          -          -          -          -          -          -          -          -          -          -          -
  farkasdiving     :          0          -          -          -          -          -          -          -          -          -          -          -          -
  fracdiving       :          2        440       1318          0          0        214        268      241.0          0          -          -          -          -
  guideddiving     :          2        171       1620          2         36         88        116      102.0          0          -          -          -          -
  indicatordiving  :          0          -          -          -          -          -          -          -          -          -          -          -          -
  linesearchdiving :          1         24       1362          1         47         37         37       37.0          0          -          -          -          -
  pscostdiving     :          1         32        682          1         43         56         56       56.0          0          -          -          -          -
  veclendiving     :          4        114       2424          4         91         43         46       44.8          0          -          -          -          -
Neighborhoods      :      Calls  SetupTime  SolveTime SolveNodes       Sols       Best       Exp3  EpsGreedy        UCB TgtFixRate  Opt  Inf Node Stal  Sol  Usr Othr Actv
  rens             :          2       0.09       0.02          0          0          0    0.00000   -1.00000    0.54935      0.550    0    2    0    0    0    0    0    1
  rins             :          2       0.05       0.04         23          0          0    0.00000   -1.00000    0.52153      0.550    0    2    0    0    0    0    0    1
  mutation         :          2       0.03       0.03          3          0          0    0.00000   -1.00000    0.54587      0.550    0    2    0    0    0    0    0    1
  localbranching   :          5       0.20       0.18        147          1          1    0.00000   -1.00000    0.52592      0.716    1    2    0    2    0    0    0    1
  crossover        :          2       0.06       0.08         86          0          0    0.00000   -1.00000    0.44003      0.850    0    1    0    1    0    0    0    1
  proximity        :          2       0.05       0.04         18          0          0    0.00000   -1.00000    0.52829      0.550    0    2    0    0    0    0    0    1
  zeroobjective    :          1       0.01       0.00          1          0          0    0.00000   -1.00000    0.56879      0.700    0    1    0    0    0    0    0    1
  dins             :          4       0.17       0.58        316          3          3    0.00000   -1.00000    0.55933      0.578    2    1    0    1    0    0    0    1
  trustregion      :          0       0.00       0.00          0          0          0    0.00000   -1.00000    1.00000      0.900    0    0    0    0    0    0    0    0
Expressions        :   #IntEval  IntEvalTi   #RevProp  RevPropTi    DomReds    Cutoffs  #Estimate  EstimTime  Branching  #Simplify SimplifyTi Simplified
  pow              :          0       0.00          0       0.00          0          0          0       0.00          0          0       0.00          0
  prod             :       6320       0.03          0       0.00          0          0          0       0.00          0       4688       0.00          0
  sum              :          8       0.00          2       0.00          0          0          0       0.00          0          3       0.00          2
  var              :       5479       0.00          0       0.00          0          0          0       0.00          0      11148       0.00          0
  varidx           :          0       0.00          0       0.00          0          0          0       0.00          0          0       0.00          0
LP                 :       Time      Calls Iterations  Iter/call   Iter/sec  Time-0-It Calls-0-It    ItLimit
  primal LP        :     135.57       8891          0       0.00       0.00     135.51       8891
  dual LP          :    2209.01     102544   10057644     106.20    4553.01       3.61       7842
  lex dual LP      :       0.00          0          0       0.00          -
  barrier LP       :       0.00          0          0       0.00          -       0.00          0
  resolve instable :       0.00          0          0       0.00          -
  diving/probing LP:     274.61      10514    2400119     228.28    8740.10
  strong branching :      32.40       2915     261123      89.58    8059.35          -          -         78
    (at root node) :          -         19       8231     433.21          -
  conflict analysis:       4.35       2431      23354       9.61    5368.74
NLP relaxation     :
  solve time       :      10.25 (9 calls)
  convexity        :  nonconvex (4 linear rows, 0 convex ineq., 0 nonconvex ineq., 1528 nonlinear eq. or two-sided ineq.)
NLP Solvers        :  #Problems  ProblemTi    #Solves  SolveTime      #Iter  Time/Iter      #Okay #TimeLimit #IterLimit #LObjLimit #Interrupt  #NumError #EvalError  #OutOfMem #LicenseEr #OtherTerm   #GlobOpt    #LocOpt  #Feasible #LocInfeas #GlobInfea #Unbounded   #Unknown
  ipopt            :         12       3.52         33     282.67       1655       0.17         33          0          0          0          0          0          0          0          0          0          0          0          0         24          0          0          9
B&B Tree           :
  number of runs   :          1
  nodes            :      83348 (48331 internal, 35017 leaves)
  feasible leaves  :          3
  infeas. leaves   :          8
  objective leaves :      35005
  nodes (total)    :      83348 (48331 internal, 35017 leaves)
  nodes left       :      13296
  max depth        :         53
  max depth (total):         53
  backtracks       :      17793 (21.3%)
  early backtracks :          0 (0.0%)
  nodes exc. ref.  :          0 (0.0%)
  delayed cutoffs  :          0
  repropagations   :       1975 (49 domain reductions, 0 cutoffs)
  avg switch length:       4.53
  switching time   :     151.46
Estim. Tree Size   :     166734
Estimation Tree    : 96663 nodes (83367 visited, 48331 internal, 35036 leaves, 13296 open), weight: 0.0000 completed 0.0884
Estimations        :      estim      value      trend resolution     smooth
  wbe              : 2890261302          -          -          -          -
  tree-profile     :         -1          -          -          -          -
  gap              :     689774    0.79290    0.00004         64     666155
  tree-weight      :     166734    0.00002    0.00000         64     166492
  leaf-frequency   :    2056393    0.42026    0.00001         64    1586360
  ssg              :    1410472    0.86049   -0.00008         64    1363316
  open-nodes       :     166734 13296.00000   12.95304         64     166492
Root Node          :
  First LP value   : -1.00000000000000e+00
  First LP Iters   :       1212 (12120.00 Iter/sec)
  First LP Time    :       0.10
  Final Dual Bound : -9.07597648126017e-01
  Final Root Iters :       6268
  Root LP Estimate : -4.84256372757357e-01
Solution           :
  Solutions found  :         27 (22 improvements)
  First Solution   : +1.00000000000000e+05   (in run 1, after 0 nodes, 0.00 seconds, depth 0, found by <trivial>)
  Gap First Sol.   :   infinite
  Gap Last Sol.    :      34.84 %
  Primal Bound     : -5.82278481012658e-01   (in run 1, after 17564 nodes, 882.72 seconds, depth 40, found by <alns>)
  Dual Bound       : -7.34361814345992e-01
  Gap              :      26.12 %
Integrals          :      Total       Avg%
  primal-dual      :   92174.23      25.60
  primal-ref       :          -          - (not evaluated)
  dual-ref         :          -          - (not evaluated)
