SCIP Status        : solving was interrupted [time limit reached]
Total Time         :    3600.00
  solving          :    3600.00
  presolving       :       0.38 (included in solving)
  reading          :       0.00
  copying          :       1.64 (35 #copies) (minimal 0.01, maximal 0.08, average 0.05)
Original Problem   :
  Problem name     : bbbenchmark/g05_80.4.cut
  Variables        : 81 (80 binary, 0 integer, 0 implicit integer, 1 continuous)
  Constraints      : 1 initial, 1 maximal
  Objective        : minimize, 1 non-zeros (abs.min = 1, abs.max = 1)
Presolved Problem  :
  Problem name     : t_bbbenchmark/g05_80.4.cut
  Variables        : 1610 (80 binary, 0 integer, 1528 implicit integer, 2 continuous)
  Constraints      : 1532 initial, 8263 maximal
  Objective        : minimize, 1 non-zeros (abs.min = 1, abs.max = 1)
  Nonzeros         : 6303 constraint, 162 clique table
Presolvers         :   ExecTime  SetupTime  Calls  FixedVars   AggrVars   ChgTypes  ChgBounds   AddHoles    DelCons    AddCons   ChgSides   ChgCoefs
  boundshift       :       0.00       0.00      0          0          0          0          0          0          0          0          0          0
  convertinttobin  :       0.00       0.00      0          0          0          0          0          0          0          0          0          0
  domcol           :       0.00       0.00      1          0          0          0          0          0          0          0          0          0
  dualagg          :       0.00       0.00      0          0          0          0          0          0          0          0          0          0
  dualcomp         :       0.00       0.00      1          0          0          0          0          0          0          0          0          0
  dualinfer        :       0.00       0.00      0          0          0          0          0          0          0          0          0          0
  dualsparsify     :       0.00       0.00      1          0          0          0          0          0          0          0          0          0
  gateextraction   :       0.00       0.00      0          0          0          0          0          0          0          0          0          0
  implics          :       0.00       0.00      2          0          0          0          0          0          0          0          0          0
  inttobinary      :       0.00       0.00      0          0          0          0          0          0          0          0          0          0
  qpkktref         :       0.00       0.00      0          0          0          0          0          0          0          0          0          0
  redvub           :       0.00       0.00      0          0          0          0          0          0          0          0          0          0
  sparsify         :       0.00       0.00      1          0          0          0          0          0          0          0          0          0
  stuffing         :       0.00       0.00      0          0          0          0          0          0          0          0          0          0
  trivial          :       0.00       0.00      4          0          0          0          0          0          0          0          0          0
  tworowbnd        :       0.00       0.00      0          0          0          0          0          0          0          0          0          0
  dualfix          :       0.00       0.00      4          0          0          0          0          0          0          0          0          0
  genvbounds       :       0.00       0.00      0          0          0          0          0          0          0          0          0          0
  probing          :       0.25       0.00      1          0          0          0          0          0          0          0          0          0
  pseudoobj        :       0.00       0.00      1          0          0          0          1          0          0          0          0          0
  symmetry         :       0.00       0.00      0          0          0          0          0          0          0          0          0          0
  vbounds          :       0.00       0.00      1          0          0          0          0          0          0          0          0          0
  varbound         :       0.00       0.00      2          0          0          0          0          0          0          0          0          0
  and              :       0.00       0.01      2          0          0          0          0          0          0          0          0          0
  linear           :       0.00       0.00      2          0          0          0          0          0          0          0          0          0
  logicor          :       0.00       0.00      0          0          0          0          0          0          0          0          0          0
  bounddisjunction :       0.00       0.00      0          0          0          0          0          0          0          0          0          0
  nonlinear        :       0.11       0.00      5          0          0          0          1          0          0       1531          0          0
  benders          :       0.00       0.00      0          0          0          0          0          0          0          0          0          0
  components       :       0.01       0.00      1          0          0          0          0          0          0          0          0          0
  root node        :          -          -      -          0          -          -         24          -          -          -          -          -
Constraints        :     Number  MaxNumber  #Separate #Propagate    #EnfoLP    #EnfoRelax  #EnfoPS    #Check   #ResProp    Cutoffs    DomReds       Cuts    Applied      Conss   Children
  benderslp        :          0          0          0          0      65796          0          0       2201          0          0          0          0          0          0          0
  integral         :          0          0          0          0      65796          0          0       2201          0          0       1860          0          0       1318     129452
  varbound         :          1          1        131      64790          0          0          0         22          0          0        825          0          0          0          0
  and              :       1528       1528      73642     493617          0          0          0         22     228486          0    2325702        659        636          0          0
  linear           :          3+         5        131     493621          0          0          0         20        122          0      41485          0          0          0          0
  logicor          :          0+      6699          0     136716          0          0          0          0        139        479         46          0          0          0          0
  bounddisjunction :          0+       274          0      26605          0          0          0          0          0         14          0          0          0          0          0
  benders          :          0          0          0          0          0          0          0         23          0          0          0          0          0          0          0
  countsols        :          0          0          0          0          0          0          0         23          0          0          0          0          0          0          0
  components       :          0          0          0          0          0          0          0          0          0          0          0          0          0          0          0
Constraint Timings :  TotalTime  SetupTime   Separate  Propagate     EnfoLP     EnfoPS     EnfoRelax   Check    ResProp    SB-Prop
  benderslp        :       0.06       0.00       0.00       0.00       0.06       0.00       0.00       0.00       0.00       0.00
  integral         :      54.66       0.00       0.00       0.00      54.66       0.00       0.00       0.00       0.00       0.00
  varbound         :       0.02       0.00       0.00       0.02       0.00       0.00       0.00       0.00       0.00       0.00
  and              :      66.22       0.01      40.42      25.14       0.00       0.00       0.00       0.01       0.20       0.44
  linear           :       0.97       0.00       0.01       0.95       0.00       0.00       0.00       0.00       0.00       0.01
  logicor          :       8.84       0.00       0.00       8.84       0.00       0.00       0.00       0.00       0.00       0.00
  bounddisjunction :       0.24       0.00       0.00       0.24       0.00       0.00       0.00       0.00       0.00       0.00
  benders          :       0.00       0.00       0.00       0.00       0.00       0.00       0.00       0.00       0.00       0.00
  countsols        :       0.00       0.00       0.00       0.00       0.00       0.00       0.00       0.00       0.00       0.00
  components       :       0.14       0.00       0.00       0.14       0.00       0.00       0.00       0.00       0.00       0.00
Propagators        : #Propagate   #ResProp    Cutoffs    DomReds
  dualfix          :          4          0          0          0
  genvbounds       :          0          0          0          0
  nlobbt           :          0          0          0          0
  obbt             :          0          0          0          0
  probing          :          0          0          0          0
  pseudoobj        :     311531          0          0         24
  redcost          :     154270          0          0     195613
  rootredcost      :         10          0          0          0
  symmetry         :          0          0          0          0
  vbounds          :      49056          0          0          0
Propagator Timings :  TotalTime  SetupTime   Presolve  Propagate    ResProp    SB-Prop
  dualfix          :       0.00       0.00       0.00       0.00       0.00       0.00
  genvbounds       :       0.38       0.00       0.00       0.37       0.00       0.01
  nlobbt           :       0.00       0.00       0.00       0.00       0.00       0.00
  obbt             :       0.00       0.00       0.00       0.00       0.00       0.00
  probing          :       0.25       0.00       0.25       0.00       0.00       0.00
  pseudoobj        :       0.59       0.00       0.00       0.59       0.00       0.00
  redcost          :       8.97       0.00       0.00       8.97       0.00       0.00
  rootredcost      :       0.50       0.00       0.00       0.48       0.00       0.02
  symmetry         :       0.20       0.00       0.00       0.20       0.00       0.00
  vbounds          :       0.45       0.00       0.00       0.44       0.00       0.01
Conflict Analysis  :       Time      Calls    Success    DomReds  Conflicts   Literals    Reconvs ReconvLits   Dualrays   Nonzeros   LP Iters   (pool size: [10000,10000])
  propagation      :       0.01        493        410          -        481       44.5          0        0.0          -          -          -
  infeasible LP    :       0.00          0          0          -          0        0.0          0        0.0          4       69.2          0
  bound exceed. LP :      14.04       7723       6129          -      78271       63.7          0        0.0          0        0.0      26557
  strong branching :       0.00          0          0          -          0        0.0          0        0.0          -          -          0
  pseudo solution  :       0.00          0          0          -          0        0.0          0        0.0          -          -          -
  applied globally :       0.24          -          -          0      22779       68.3          -          -          4          -          -
  applied locally  :          -          -          -          0          0        0.0          -          -          0          -          -
Separators         :   ExecTime  SetupTime      Calls  RootCalls    Cutoffs    DomReds  FoundCuts ViaPoolAdd  DirectAdd    Applied ViaPoolApp  DirectApp      Conss
  cut pool         :       2.90          -      20194        157          -          -      31928     411083          -          -          -          -          -    (maximal pool size:       2092)
  aggregation      :     230.04       0.00       4001        131          0          0          6         22          0          1          1          0          0
  > cmir           :          -          -          -          -          -          -          -         22          0          1          1          0          -
  > flowcover      :          -          -          -          -          -          -          -          0          0          0          0          0          -
  > knapsackcover  :          -          -          -          -          -          -          -          0          0          0          0          0          -
  cgmip            :       0.00       0.00          0          0          0          0          0          0          0          0          0          0          0
  clique           :       0.00       0.00        131        131          0          0          0          0          0          0          0          0          0
  closecuts        :       0.00       0.00          0          0          0          0          0          0          0          0          0          0          0
  convexproj       :       0.00       0.00          0          0          0          0          0          0          0          0          0          0          0
  disjunctive      :       0.00       0.00          0          0          0          0          0          0          0          0          0          0          0
  eccuts           :       0.00       0.00          0          0          0          0          0          0          0          0          0          0          0
  gauge            :       0.00       0.00          0          0          0          0          0          0          0          0          0          0          0
  gomory           :       0.00       0.00          0          0          0          0          0          0          0          0          0          0          0
  > gomorymi       :          -          -          -          -          -          -          -          0          0          0          0          0          -
  > strongcg       :          -          -          -          -          -          -          -          0          0          0          0          0          -
  impliedbounds    :       0.22       0.00       4001        131          0          0          0          0          0          0          0          0          0
  interlattice     :       0.00       0.00          0          0          0          0          0          0          0          0          0          0          0
  interminor       :       0.00       0.00          0          0          0          0          0          0          0          0          0          0          0
  intersub         :       1.01       0.00         80         80          0          0         80          0         80         80          0         80          0
  intobj           :       0.00       0.00          0          0          0          0          0          0          0          0          0          0          0
  mcf              :       0.01       0.00          1          1          0          0          0          0          0          0          0          0          0
  minor            :       0.01       0.00          0          0          0          0          0          0          0          0          0          0          0
  mixing           :       0.01       0.00       4001        131          0          0          0          0          0          0          0          0          0
  oddcycle         :       0.00       0.00          0          0          0          0          0          0          0          0          0          0          0
  rapidlearning    :       0.00       0.00          0          0          0          0          0          0          0          0          0          0          0
  rlt              :       0.00       0.00         10         10          0          0          0          0          0          0          0          0          0
  zerohalf         :      29.18       0.00       3667         20          0          0      31922     411061          0      89608      89608          0          0
Cutselectors       :   ExecTime  SetupTime      Calls  RootCalls   Selected     Forced   Filtered  RootSelec   RootForc   RootFilt 
  hybrid           :       0.35       0.00       9648        129      90325          0     321497        311          0          5
Pricers            :   ExecTime  SetupTime      Calls       Vars
  problem variables:       0.00          -          0          0
Branching Rules    :   ExecTime  SetupTime   BranchLP  BranchExt   BranchPS    Cutoffs    DomReds       Cuts      Conss   Children
  allfullstrong    :       0.00       0.00          0          0          0          0          0          0          0          0
  cloud            :       0.00       0.00          0          0          0          0          0          0          0          0
  distribution     :       0.00       0.00          0          0          0          0          0          0          0          0
  fullstrong       :       0.00       0.00          0          0          0          0          0          0          0          0
  inference        :       0.00       0.00          0          0          0          0          0          0          0          0
  leastinf         :       0.00       0.00          0          0          0          0          0          0          0          0
  lookahead        :       0.00       0.00          0          0          0          0          0          0          0          0
  mostinf          :       0.00       0.00          0          0          0          0          0          0          0          0
  multaggr         :       0.00       0.00          0          0          0          0          0          0          0          0
  nodereopt        :       0.00       0.00          0          0          0          0          0          0          0          0
  pscost           :       0.00       0.00          0          0          0          0          0          0          0          0
  random           :       0.00       0.00          0          0          0          0          0          0          0          0
  relpscost        :      54.37       0.00      65796          0          0          0       1860          0       1318     129452
  vanillafullstrong:       0.00       0.00          0          0          0          0          0          0          0          0
Primal Heuristics  :   ExecTime  SetupTime      Calls      Found       Best
  LP solutions     :       0.00          -          -          0          0
  relax solutions  :       0.00          -          -          0          0
  pseudo solutions :       0.00          -          -          0          0
  strong branching :       0.03          -          -          0          0
  actconsdiving    :       0.00       0.00          0          0          0
  adaptivediving   :       3.82       0.00         37          0          0
  alns             :       3.55       0.00         22          4          4
  bound            :       0.00       0.00          0          0          0
  clique           :       0.01       0.00          1          0          0
  coefdiving       :       0.00       0.00          0          0          0
  completesol      :       0.00       0.00          0          0          0
  conflictdiving   :      35.93       0.00        455          0          0
  crossover        :       1.01       0.00          7          2          2
  dins             :       0.00       0.00          0          0          0
  distributiondivin:      66.18       0.00        455          0          0
  dps              :       0.00       0.00          0          0          0
  dualval          :       0.00       0.00          0          0          0
  farkasdiving     :       0.01       0.00          0          0          0
  feaspump         :       0.50       0.00          1          1          1
  fixandinfer      :       0.00       0.00          0          0          0
  fracdiving       :      42.33       0.00        455          0          0
  gins             :       0.12       0.00          0          0          0
  guideddiving     :      40.83       0.00        454          0          0
  indicator        :       0.06       0.00          0          0          0
  indicatordiving  :       0.00       0.00          0          0          0
  intdiving        :       0.00       0.00          0          0          0
  intshifting      :       0.32       0.00         39          0          0
  linesearchdiving :      35.23       0.00        454          0          0
  localbranching   :       0.00       0.00          0          0          0
  locks            :       0.01       0.00          1          0          0
  lpface           :       0.10       0.00          0          0          0
  mpec             :       5.93       0.00          1          0          0
  multistart       :       0.00       0.00          0          0          0
  mutation         :       0.00       0.00          0          0          0
  nlpdiving        :       8.45       0.00          9          0          0
  objpscostdiving  :      73.18       0.00         96          5          2
  octane           :       0.00       0.00          0          0          0
  ofins            :       0.08       0.00          0          0          0
  oneopt           :       0.17       0.00         14          0          0
  padm             :       0.00       0.00          0          0          0
  proximity        :       0.00       0.00          0          0          0
  pscostdiving     :      46.73       0.00        455          2          2
  randrounding     :       0.80       0.00       2174          0          0
  rens             :       0.00       0.00          0          0          0
  reoptsols        :       0.00       0.00          0          0          0
  repair           :       0.00       0.00          0          0          0
  rins             :      17.25       0.00          6          0          0
  rootsoldiving    :      37.46       0.00         45          1          0
  rounding         :       1.01       0.00       3814          0          0
  shiftandpropagate:       0.00       0.00          0          0          0
  shifting         :      37.44       0.00       8836          3          3
  simplerounding   :       0.09       0.00          0          0          0
  subnlp           :     114.54       0.00          0          0          0
  trivial          :       0.00       0.00          2          2          2
  trivialnegation  :       0.00       0.00          0          0          0
  trustregion      :       0.00       0.00          0          0          0
  trysol           :       0.12       0.00          0          0          0
  twoopt           :       0.00       0.00          0          0          0
  undercover       :       1.23       0.00          1          0          0
  vbounds          :       0.00       0.00          0          0          0
  veclendiving     :      36.35       0.00        454          0          0
  zeroobj          :       0.00       0.00          0          0          0
  zirounding       :       0.55       0.00       1000          0          0
  other solutions  :          -          -          -          0          -
Diving (single)    :      Calls      Nodes   LP Iters Backtracks  Conflicts   MinDepth   MaxDepth   AvgDepth  RoundSols  NLeafSols  MinSolDpt  MaxSolDpt  AvgSolDpt
  actconsdiving    :          0          -          -          -          -          -          -          -          -          -          -          -          -
  coefdiving       :          0          -          -          -          -          -          -          -          -          -          -          -          -
  conflictdiving   :        455      15228     333402        483      13466         36         63       49.2          0          -          -          -          -
  distributiondivin:        455      10777     465118        524       5715         32         50       40.0          0          -          -          -          -
  farkasdiving     :          0          -          -          -          -          -          -          -          -          -          -          -          -
  fracdiving       :        455      32866     392859        434       5709         39        301       88.4          0          -          -          -          -
  guideddiving     :        454      30384     388005        372       5669         40        259       83.5          0          -          -          -          -
  indicatordiving  :          0          -          -          -          -          -          -          -          -          -          -          -          -
  linesearchdiving :        454      12217     356904        482      15237         31         65       43.3          0          -          -          -          -
  pscostdiving     :        455      14417     454084        472      10629         37         60       47.9          0          2         54         55       54.5
  veclendiving     :        454      12336     369361        460      16836         36         60       43.6          0          -          -          -          -
Diving (adaptive)  :      Calls      Nodes   LP Iters Backtracks  Conflicts   MinDepth   MaxDepth   AvgDepth  RoundSols  NLeafSols  MinSolDpt  MaxSolDpt  AvgSolDpt
  actconsdiving    :         12        339      11208          7         86         40         46       42.8          0          -          -          -          -
  coefdiving       :         15        444      10830         16        572         38         59       45.6          0          -          -          -          -
  conflictdiving   :          0          -          -          -          -          -          -          -          -          -          -          -          -
  distributiondivin:          0          -          -          -          -          -          -          -          -          -          -          -          -
  farkasdiving     :          0          -          -          -          -          -          -          -          -          -          -          -          -
  fracdiving       :          2        112       2056          4         65         61         80       70.5          0          -          -          -          -
  guideddiving     :          1         47        998          1         13         62         62       62.0          0          -          -          -          -
  indicatordiving  :          0          -          -          -          -          -          -          -          -          -          -          -          -
  linesearchdiving :          1         20        540          1         34         41         41       41.0          0          -          -          -          -
  pscostdiving     :          1         35        927          1         21         51         51       51.0          0          -          -          -          -
  veclendiving     :          5        155       4189          6        258         39         53       46.6          0          -          -          -          -
Neighborhoods      :      Calls  SetupTime  SolveTime SolveNodes       Sols       Best       Exp3  EpsGreedy        UCB TgtFixRate  Opt  Inf Node Stal  Sol  Usr Othr Actv
  rens             :          1       0.00       0.00          0          0          0    0.00000   -1.00000    0.07083      0.900    0    0    0    0    0    0    1    1
  rins             :          3       0.15       0.36        130          1          1    0.00000   -1.00000    0.49725      0.662    1    1    0    1    0    0    0    1
  mutation         :          3       0.24       0.23         65          0          0    0.00000   -1.00000    0.46266      0.662    0    2    0    1    0    0    0    1
  localbranching   :          2       0.14       0.02          4          0          0    0.00000   -1.00000    0.54577      0.550    0    2    0    0    0    0    0    1
  crossover        :          2       0.13       0.02          1          0          0    0.00000   -1.00000    0.54881      0.550    0    2    0    0    0    0    0    1
  proximity        :          2       0.15       0.09         52          0          0    0.00000   -1.00000    0.48475      0.550    0    2    0    0    0    0    0    1
  zeroobjective    :          7       0.46       1.35        397          3          3    0.00000   -1.00000    0.50749      0.598    3    1    0    3    0    0    0    1
  dins             :          2       0.08       0.02         15          0          0    0.00000   -1.00000    0.53102      0.550    0    2    0    0    0    0    0    1
  trustregion      :          0       0.00       0.00          0          0          0    0.00000   -1.00000    1.00000      0.900    0    0    0    0    0    0    0    0
Expressions        :   #IntEval  IntEvalTi   #RevProp  RevPropTi    DomReds    Cutoffs  #Estimate  EstimTime  Branching  #Simplify SimplifyTi Simplified
  pow              :          0       0.00          0       0.00          0          0          0       0.00          0          0       0.00          0
  prod             :       6320       0.01          0       0.00          0          0          0       0.00          0       4688       0.00          0
  sum              :          8       0.00          2       0.00          0          0          0       0.00          0          3       0.02          2
  var              :       5479       0.00          0       0.00          0          0          0       0.00          0      11148       0.00          0
  varidx           :          0       0.00          0       0.00          0          0          0       0.00          0          0       0.00          0
LP                 :       Time      Calls Iterations  Iter/call   Iter/sec  Time-0-It Calls-0-It    ItLimit
  primal LP        :     114.68       9244          0       0.00       0.00     114.61       9244
  dual LP          :    2348.60     135525   11051609      90.23    4705.62       6.72      13043
  lex dual LP      :       0.00          0          0       0.00          -
  barrier LP       :       0.00          0          0       0.00          -       0.00          0
  resolve instable :       0.00          0          0       0.00          -
  diving/probing LP:     359.37      14912    3377428     226.49    9398.19
  strong branching :      30.48       2061     220453     106.96    7232.71          -          -          7
    (at root node) :          -         19       8973     472.26          -
  conflict analysis:       4.98       2697      26557       9.85    5332.73
NLP relaxation     :
  solve time       :       8.42 (9 calls)
  convexity        :  nonconvex (4 linear rows, 0 convex ineq., 0 nonconvex ineq., 1528 nonlinear eq. or two-sided ineq.)
NLP Solvers        :  #Problems  ProblemTi    #Solves  SolveTime      #Iter  Time/Iter      #Okay #TimeLimit #IterLimit #LObjLimit #Interrupt  #NumError #EvalError  #OutOfMem #LicenseEr #OtherTerm   #GlobOpt    #LocOpt  #Feasible #LocInfeas #GlobInfea #Unbounded   #Unknown
  ipopt            :          2       5.46         11      14.34        315       0.05         11          0          0          0          0          0          0          0          0          0          0          0          0          2          0          0          9
B&B Tree           :
  number of runs   :          1
  nodes            :     111768 (64726 internal, 47042 leaves)
  feasible leaves  :          0
  infeas. leaves   :          2
  objective leaves :      47039
  nodes (total)    :     111768 (64726 internal, 47042 leaves)
  nodes left       :      17642
  max depth        :         46
  max depth (total):         46
  backtracks       :      24973 (22.3%)
  early backtracks :          0 (0.0%)
  nodes exc. ref.  :          0 (0.0%)
  delayed cutoffs  :          0
  repropagations   :         29 (45 domain reductions, 0 cutoffs)
  avg switch length:       4.37
  switching time   :     138.93
Estim. Tree Size   :     223622
Estimation Tree    : 129453 nodes (111811 visited, 64726 internal, 47085 leaves, 17642 open), weight: 0.0000 completed 0.1164
Estimations        :      estim      value      trend resolution     smooth
  wbe              : 9697117414          -          -          -          -
  tree-profile     :         -1          -          -          -          -
  gap              :    1169346    0.78738    0.00003         64    1116677
  tree-weight      :     223622    0.00001    0.00000         64     223367
  leaf-frequency   :     991868    0.42111    0.00001         64    1195700
  ssg              :    4059949    0.81616   -0.00003         64    3943460
  open-nodes       :     223622 17642.00000   11.13019         64     223367
Root Node          :
  First LP value   : -1.00000000000000e+00
  First LP Iters   :       1212 (13466.67 Iter/sec)
  First LP Time    :       0.09
  Final Dual Bound : -9.14355640459953e-01
  Final Root Iters :       7762
  Root LP Estimate : -4.73479146458431e-01
Solution           :
  Solutions found  :         20 (16 improvements)
  First Solution   : +1.00000000000000e+05   (in run 1, after 0 nodes, 0.05 seconds, depth 0, found by <trivial>)
  Gap First Sol.   :   infinite
  Gap Last Sol.    :      33.32 %
  Primal Bound     : -5.81069620253164e-01   (in run 1, after 40112 nodes, 1448.41 seconds, depth 20, found by <alns>)
  Dual Bound       : -7.37974683544305e-01
  Gap              :      27.00 %
Integrals          :      Total       Avg%
  primal-dual      :   91428.61      25.40
  primal-ref       :          -          - (not evaluated)
  dual-ref         :          -          - (not evaluated)
