SCIP Status        : solving was interrupted [time limit reached]
Total Time         :    3600.01
  solving          :    3600.01
  presolving       :       0.43 (included in solving)
  reading          :       0.00
  copying          :       0.89 (36 #copies) (minimal 0.00, maximal 0.09, average 0.02)
Original Problem   :
  Problem name     : bbbenchmark/pw05_100.8.cut
  Variables        : 101 (100 binary, 0 integer, 0 implicit integer, 1 continuous)
  Constraints      : 1 initial, 1 maximal
  Objective        : minimize, 1 non-zeros (abs.min = 1, abs.max = 1)
Presolved Problem  :
  Problem name     : t_bbbenchmark/pw05_100.8.cut
  Variables        : 1858 (100 binary, 0 integer, 1743 implicit integer, 15 continuous)
  Constraints      : 1786 initial, 6910 maximal
  Objective        : minimize, 1 non-zeros (abs.min = 1, abs.max = 1)
  Nonzeros         : 8621 constraint, 202 clique table
Presolvers         :   ExecTime  SetupTime  Calls  FixedVars   AggrVars   ChgTypes  ChgBounds   AddHoles    DelCons    AddCons   ChgSides   ChgCoefs
  boundshift       :       0.00       0.00      0          0          0          0          0          0          0          0          0          0
  convertinttobin  :       0.00       0.00      0          0          0          0          0          0          0          0          0          0
  domcol           :       0.00       0.00      1          0          0          0          0          0          0          0          0          0
  dualagg          :       0.00       0.00      0          0          0          0          0          0          0          0          0          0
  dualcomp         :       0.00       0.00      1          0          0          0          0          0          0          0          0          0
  dualinfer        :       0.00       0.00      0          0          0          0          0          0          0          0          0          0
  dualsparsify     :       0.00       0.00      1          0          0          0          0          0          0          0          0          0
  gateextraction   :       0.00       0.00      0          0          0          0          0          0          0          0          0          0
  implics          :       0.00       0.00      2          0          0          0          0          0          0          0          0          0
  inttobinary      :       0.00       0.00      0          0          0          0          0          0          0          0          0          0
  qpkktref         :       0.00       0.00      0          0          0          0          0          0          0          0          0          0
  redvub           :       0.00       0.00      0          0          0          0          0          0          0          0          0          0
  sparsify         :       0.00       0.00      1          0          0          0          0          0          0          0          0          0
  stuffing         :       0.00       0.00      0          0          0          0          0          0          0          0          0          0
  trivial          :       0.00       0.00      4          0          0          0          0          0          0          0          0          0
  tworowbnd        :       0.00       0.00      0          0          0          0          0          0          0          0          0          0
  dualfix          :       0.00       0.00      4          0          0          0          0          0          0          0          0          0
  genvbounds       :       0.00       0.00      0          0          0          0          0          0          0          0          0          0
  probing          :       0.29       0.00      1          0          0          0          0          0          0          0          0          0
  pseudoobj        :       0.00       0.00      1          0          0          0          1          0          0          0          0          0
  symmetry         :       0.00       0.00      0          0          0          0          0          0          0          0          0          0
  vbounds          :       0.00       0.00      1          0          0          0          0          0          0          0          0          0
  varbound         :       0.00       0.00      2          0          0          0          0          0          0          0          0          0
  and              :       0.01       0.01      2          0          0          0          0          0          0          0          0          0
  linear           :       0.00       0.00      2          0          0          0          0          0          0          0          0          0
  logicor          :       0.00       0.00      0          0          0          0          0          0          0          0          0          0
  bounddisjunction :       0.00       0.00      0          0          0          0          0          0          0          0          0          0
  nonlinear        :       0.12       0.01      5          0          0          0          1          0          0       1785          0          0
  benders          :       0.00       0.00      0          0          0          0          0          0          0          0          0          0
  components       :       0.00       0.00      1          0          0          0          0          0          0          0          0          0
  root node        :          -          -      -          0          -          -         12          -          -          -          -          -
Constraints        :     Number  MaxNumber  #Separate #Propagate    #EnfoLP    #EnfoRelax  #EnfoPS    #Check   #ResProp    Cutoffs    DomReds       Cuts    Applied      Conss   Children
  benderslp        :          0          0          0          0      26130          0          0       5186          0          0          0          0          0          0          0
  integral         :          0          0          0          0      26130          0          0       5186          0          0        318          0          0        211      52046
  varbound         :         14         14        118     289633          1          0          0         31          0          0      18840          0          0          0          0
  and              :       1743       1743      38167     320375          7          0          0         31     253141          4     184135       6421       6013          0          0
  linear           :         29+        42        118     320411          7          0          0         29        394          8      70312          0          0          0          0
  logicor          :          0+      4994          0      43940          0          0          0          0        124        169          5          0          0          0          0
  bounddisjunction :          0+       260          0      17399          0          0          0          0          0          3          1          0          0          0          0
  benders          :          0          0          0          0          7          0          0         25          0          0          0          0          0          0          0
  countsols        :          0          0          0          0          7          0          0         25          0          0          0          0          0          0          0
  components       :          0          0          0          0          0          0          0          0          0          0          0          0          0          0          0
Constraint Timings :  TotalTime  SetupTime   Separate  Propagate     EnfoLP     EnfoPS     EnfoRelax   Check    ResProp    SB-Prop
  benderslp        :       0.00       0.00       0.00       0.00       0.00       0.00       0.00       0.00       0.00       0.00
  integral         :      54.32       0.00       0.00       0.00      54.31       0.00       0.00       0.01       0.00       0.00
  varbound         :       0.47       0.00       0.00       0.45       0.00       0.00       0.00       0.00       0.00       0.02
  and              :      41.33       0.01      26.00      14.73       0.00       0.00       0.00       0.00       0.19       0.40
  linear           :       1.72       0.00       0.04       1.67       0.00       0.00       0.00       0.00       0.00       0.01
  logicor          :       2.85       0.00       0.00       2.82       0.00       0.00       0.00       0.00       0.00       0.03
  bounddisjunction :       0.19       0.00       0.00       0.19       0.00       0.00       0.00       0.00       0.00       0.00
  benders          :       0.00       0.00       0.00       0.00       0.00       0.00       0.00       0.00       0.00       0.00
  countsols        :       0.00       0.00       0.00       0.00       0.00       0.00       0.00       0.00       0.00       0.00
  components       :       0.12       0.00       0.00       0.11       0.00       0.00       0.00       0.00       0.00       0.01
Propagators        : #Propagate   #ResProp    Cutoffs    DomReds
  dualfix          :          4          0          0          0
  genvbounds       :          0          0          0          0
  nlobbt           :          0          0          0          0
  obbt             :          0          0          0          0
  probing          :          0          0          0          0
  pseudoobj        :     113139          0          0         12
  redcost          :      70451          0          0      16819
  rootredcost      :         16          0          0          0
  symmetry         :          0          0          0          0
  vbounds          :      43518          0          0          0
Propagator Timings :  TotalTime  SetupTime   Presolve  Propagate    ResProp    SB-Prop
  dualfix          :       0.00       0.00       0.00       0.00       0.00       0.00
  genvbounds       :       0.17       0.00       0.00       0.17       0.00       0.00
  nlobbt           :       0.00       0.00       0.00       0.00       0.00       0.00
  obbt             :       0.01       0.00       0.00       0.01       0.00       0.00
  probing          :       0.29       0.00       0.29       0.00       0.00       0.00
  pseudoobj        :       0.40       0.00       0.00       0.40       0.00       0.00
  redcost          :       5.17       0.00       0.00       5.17       0.00       0.00
  rootredcost      :       0.19       0.00       0.00       0.19       0.00       0.00
  symmetry         :       0.16       0.00       0.00       0.16       0.00       0.00
  vbounds          :       0.31       0.00       0.00       0.31       0.00       0.00
Conflict Analysis  :       Time      Calls    Success    DomReds  Conflicts   Literals    Reconvs ReconvLits   Dualrays   Nonzeros   LP Iters   (pool size: [10000,10000])
  propagation      :       0.02        177        130          -        178       64.7          0        0.0          -          -          -
  infeasible LP    :       0.05         21         21          -        923      149.9          0        0.0         50      166.6          0
  bound exceed. LP :      13.25       2610       2522          -      70417      111.3          0        0.0          0        0.0      28552
  strong branching :       0.00          0          0          -          0        0.0          0        0.0          -          -          0
  pseudo solution  :       0.00          0          0          -          0        0.0          0        0.0          -          -          -
  applied globally :       0.28          -          -          0      15439      122.5          -          -         50          -          -
  applied locally  :          -          -          -          0          0        0.0          -          -          0          -          -
Separators         :   ExecTime  SetupTime      Calls  RootCalls    Cutoffs    DomReds  FoundCuts ViaPoolAdd  DirectAdd    Applied ViaPoolApp  DirectApp      Conss
  cut pool         :       9.57          -      19086        142          -          -      39907    2588236          -          -          -          -          -    (maximal pool size:       3615)
  aggregation      :     533.52       0.00       7480        118          0          0        245        325          0         62         62          0          0
  > cmir           :          -          -          -          -          -          -          -        317          0         54         54          0          -
  > flowcover      :          -          -          -          -          -          -          -          8          0          8          8          0          -
  > knapsackcover  :          -          -          -          -          -          -          -          0          0          0          0          0          -
  cgmip            :       0.00       0.00          0          0          0          0          0          0          0          0          0          0          0
  clique           :       0.00       0.00        118        118          0          0          0          0          0          0          0          0          0
  closecuts        :       0.00       0.00          0          0          0          0          0          0          0          0          0          0          0
  convexproj       :       0.00       0.00          0          0          0          0          0          0          0          0          0          0          0
  disjunctive      :       0.00       0.00          0          0          0          0          0          0          0          0          0          0          0
  eccuts           :       0.00       0.00          0          0          0          0          0          0          0          0          0          0          0
  gauge            :       0.00       0.00          0          0          0          0          0          0          0          0          0          0          0
  gomory           :       0.00       0.00          0          0          0          0          0          0          0          0          0          0          0
  > gomorymi       :          -          -          -          -          -          -          -          0          0          0          0          0          -
  > strongcg       :          -          -          -          -          -          -          -          0          0          0          0          0          -
  impliedbounds    :       0.67       0.00       7480        118          0          0         51          7          0          4          4          0          0
  interlattice     :       0.00       0.00          0          0          0          0          0          0          0          0          0          0          0
  interminor       :       0.00       0.00          0          0          0          0          0          0          0          0          0          0          0
  intersub         :       1.82       0.00         80         80          0          0         80          0         80         80          0         80          0
  intobj           :       0.00       0.00          0          0          0          0          0          0          0          0          0          0          0
  mcf              :       0.00       0.00          1          1          0          0          0          0          0          0          0          0          0
  minor            :       0.02       0.00          0          0          0          0          0          0          0          0          0          0          0
  mixing           :       0.04       0.00       7480        118          0          0          0          0          0          0          0          0          0
  oddcycle         :       0.00       0.00          0          0          0          0          0          0          0          0          0          0          0
  rapidlearning    :       0.00       0.00          0          0          0          0          0          0          0          0          0          0          0
  rlt              :       0.00       0.00         10         10          0          0          0          0          0          0          0          0          0
  zerohalf         :      63.91       0.00       6229         20          0          0      39611    2587904          0     167835     167835          0          0
Cutselectors       :   ExecTime  SetupTime      Calls  RootCalls   Selected     Forced   Filtered  RootSelec   RootForc   RootFilt 
  hybrid           :       2.83       0.00      14469        116     173994          0    2420743        291          0          3
Pricers            :   ExecTime  SetupTime      Calls       Vars
  problem variables:       0.00          -          0          0
Branching Rules    :   ExecTime  SetupTime   BranchLP  BranchExt   BranchPS    Cutoffs    DomReds       Cuts      Conss   Children
  allfullstrong    :       0.00       0.00          0          0          0          0          0          0          0          0
  cloud            :       0.00       0.00          0          0          0          0          0          0          0          0
  distribution     :       0.00       0.00          0          0          0          0          0          0          0          0
  fullstrong       :       0.00       0.00          0          0          0          0          0          0          0          0
  inference        :       0.00       0.00          0          0          0          0          0          0          0          0
  leastinf         :       0.00       0.00          0          0          0          0          0          0          0          0
  lookahead        :       0.00       0.00          0          0          0          0          0          0          0          0
  mostinf          :       0.00       0.00          0          0          0          0          0          0          0          0
  multaggr         :       0.00       0.00          0          0          0          0          0          0          0          0
  nodereopt        :       0.00       0.00          0          0          0          0          0          0          0          0
  pscost           :       0.00       0.00          0          0          0          0          0          0          0          0
  random           :       0.00       0.00          0          0          0          0          0          0          0          0
  relpscost        :      54.20       0.00      26123          0          0          0        318          0        211      52046
  vanillafullstrong:       0.00       0.00          0          0          0          0          0          0          0          0
Primal Heuristics  :   ExecTime  SetupTime      Calls      Found       Best
  LP solutions     :       0.01          -          -          7          7
  relax solutions  :       0.00          -          -          0          0
  pseudo solutions :       0.00          -          -          0          0
  strong branching :       0.04          -          -          0          0
  actconsdiving    :       0.00       0.00          0          0          0
  adaptivediving   :       5.63       0.00         23          0          0
  alns             :       1.66       0.00         19          9          9
  bound            :       0.00       0.00          0          0          0
  clique           :       0.01       0.00          1          0          0
  coefdiving       :       0.00       0.00          0          0          0
  completesol      :       0.00       0.00          0          0          0
  conflictdiving   :      51.56       0.00        254          0          0
  crossover        :       0.40       0.00          5          1          1
  dins             :       0.00       0.00          0          0          0
  distributiondivin:      66.27       0.00        202          0          0
  dps              :       0.00       0.00          0          0          0
  dualval          :       0.00       0.00          0          0          0
  farkasdiving     :       0.01       0.00          0          0          0
  feaspump         :       0.51       0.00          1          1          1
  fixandinfer      :       0.00       0.00          0          0          0
  fracdiving       :      60.92       0.00        254          0          0
  gins             :       0.02       0.00          0          0          0
  guideddiving     :      49.87       0.00        254          1          1
  indicator        :       0.03       0.00          0          0          0
  indicatordiving  :       0.00       0.00          0          0          0
  intdiving        :       0.00       0.00          0          0          0
  intshifting      :       1.23       0.00         50          0          0
  linesearchdiving :      49.83       0.00        254          0          0
  localbranching   :       0.00       0.00          0          0          0
  locks            :       0.01       0.00          1          0          0
  lpface           :       0.03       0.00          0          0          0
  mpec             :     480.28       0.00         11          1          1
  multistart       :       0.00       0.00          0          0          0
  mutation         :       0.00       0.00          0          0          0
  nlpdiving        :      33.65       0.00          2          0          0
  objpscostdiving  :      51.75       0.00         24          4          0
  octane           :       0.00       0.00          0          0          0
  ofins            :       0.03       0.00          0          0          0
  oneopt           :       0.08       0.00         19          0          0
  padm             :       0.00       0.00          0          0          0
  proximity        :       0.00       0.00          0          0          0
  pscostdiving     :      56.16       0.00        211          0          0
  randrounding     :       0.86       0.00       5158          0          0
  rens             :       0.00       0.00          0          0          0
  reoptsols        :       0.00       0.00          0          0          0
  repair           :       0.00       0.00          0          0          0
  rins             :       0.79       0.00         11          0          0
  rootsoldiving    :      27.10       0.00         18          0          0
  rounding         :       1.02       0.00       2715          0          0
  shiftandpropagate:       0.00       0.00          0          0          0
  shifting         :      39.94       0.00       7091          2          2
  simplerounding   :       0.08       0.00          0          0          0
  subnlp           :      57.94       0.00          0          0          0
  trivial          :       0.01       0.00          2          2          2
  trivialnegation  :       0.00       0.00          0          0          0
  trustregion      :       0.00       0.00          0          0          0
  trysol           :       0.06       0.00          0          0          0
  twoopt           :       0.00       0.00          0          0          0
  undercover       :       1.50       0.00          1          1          1
  vbounds          :       0.00       0.00          0          0          0
  veclendiving     :      47.01       0.00        254          0          0
  zeroobj          :       0.00       0.00          0          0          0
  zirounding       :       0.42       0.00       1000          0          0
  other solutions  :          -          -          -          0          -
Diving (single)    :      Calls      Nodes   LP Iters Backtracks  Conflicts   MinDepth   MaxDepth   AvgDepth  RoundSols  NLeafSols  MinSolDpt  MaxSolDpt  AvgSolDpt
  actconsdiving    :          0          -          -          -          -          -          -          -          -          -          -          -          -
  coefdiving       :          0          -          -          -          -          -          -          -          -          -          -          -          -
  conflictdiving   :        254      11444     309803        266      17249         50         86       63.1          0          -          -          -          -
  distributiondivin:        202       8105     358714        227       6944         48         64       56.7          0          -          -          -          -
  farkasdiving     :          0          -          -          -          -          -          -          -          -          -          -          -          -
  fracdiving       :        254      52053     339858         55        945         57        624      224.1          0          -          -          -          -
  guideddiving     :        254      35630     296402         34       1148         56        307      160.0          0          1         89         89       89.0
  indicatordiving  :          0          -          -          -          -          -          -          -          -          -          -          -          -
  linesearchdiving :        254      12179     329675        240      14208         46         93       66.6          0          -          -          -          -
  pscostdiving     :        211       9427     357751        217       9883         52         73       61.4          0          -          -          -          -
  veclendiving     :        254      11207     297509        241      18183         54         87       62.6          0          -          -          -          -
Diving (adaptive)  :      Calls      Nodes   LP Iters Backtracks  Conflicts   MinDepth   MaxDepth   AvgDepth  RoundSols  NLeafSols  MinSolDpt  MaxSolDpt  AvgSolDpt
  actconsdiving    :          3        135       5099          4        102         55         60       58.0          0          -          -          -          -
  coefdiving       :          7        324       7886          5        455         54         91       64.6          0          -          -          -          -
  conflictdiving   :          0          -          -          -          -          -          -          -          -          -          -          -          -
  distributiondivin:          0          -          -          -          -          -          -          -          -          -          -          -          -
  farkasdiving     :          0          -          -          -          -          -          -          -          -          -          -          -          -
  fracdiving       :          5        839       6250          0          0        145        226      183.4          0          -          -          -          -
  guideddiving     :          2        293       2759          0          0        113        213      163.0          0          -          -          -          -
  indicatordiving  :          0          -          -          -          -          -          -          -          -          -          -          -          -
  linesearchdiving :          3        180       4937          4        185         64         86       76.0          0          -          -          -          -
  pscostdiving     :          1         43       2022          1         49         62         62       62.0          0          -          -          -          -
  veclendiving     :          2         86       2926          2        149         57         59       58.0          0          -          -          -          -
Neighborhoods      :      Calls  SetupTime  SolveTime SolveNodes       Sols       Best       Exp3  EpsGreedy        UCB TgtFixRate  Opt  Inf Node Stal  Sol  Usr Othr Actv
  rens             :          3       0.10       0.22         81          3          3    0.00000   -1.00000    0.58090      0.662    0    1    0    1    1    0    0    1
  rins             :          1       0.01       0.02         39          0          0    0.00000   -1.00000    0.53023      0.700    0    1    0    0    0    0    0    1
  mutation         :          5       0.25       0.23        169          2          2    0.00000   -1.00000    0.60174      0.716    2    1    0    2    0    0    0    1
  localbranching   :          6       0.30       0.23        279          4          4    0.00000   -1.00000    0.58908      0.881    0    1    0    4    1    0    0    1
  crossover        :          1       0.04       0.00          1          0          0    0.00000   -1.00000    0.56823      0.700    0    1    0    0    0    0    0    1
  proximity        :          1       0.02       0.03         23          0          0    0.00000   -1.00000    0.54623      0.700    0    1    0    0    0    0    0    1
  zeroobjective    :          1       0.03       0.01         21          0          0    0.00000   -1.00000    0.54823      0.700    0    1    0    0    0    0    0    1
  dins             :          1       0.03       0.02         25          0          0    0.00000   -1.00000    0.54423      0.700    0    1    0    0    0    0    0    1
  trustregion      :          0       0.00       0.00          0          0          0    0.00000   -1.00000    1.00000      0.900    0    0    0    0    0    0    0    0
Expressions        :   #IntEval  IntEvalTi   #RevProp  RevPropTi    DomReds    Cutoffs  #Estimate  EstimTime  Branching  #Simplify SimplifyTi Simplified
  pow              :          0       0.00          0       0.00          0          0          0       0.00          0          0       0.00          0
  prod             :       9900       0.00          0       0.00          0          0          0       0.00          0       6693       0.01          0
  sum              :          8       0.00          2       0.00          0          0          0       0.00          0          3       0.01          2
  var              :       6383       0.01          0       0.00          0          0          0       0.00          0      15446       0.01          0
  varidx           :          0       0.00          0       0.00          0          0          0       0.00          0          0       0.00          0
LP                 :       Time      Calls Iterations  Iter/call   Iter/sec  Time-0-It Calls-0-It    ItLimit
  primal LP        :     118.30       5780          0       0.00       0.00     118.27       5780
  dual LP          :    1614.92      58873    6795436     123.25    4207.91       1.89       3736
  lex dual LP      :       0.00          0          0       0.00          -
  barrier LP       :       0.00          0          0       0.00          -       0.00          0
  resolve instable :       0.00          0          0       0.00          -
  diving/probing LP:     409.46       8162    2657261     325.56    6489.67
  strong branching :      41.49       1293     211598     163.65    5099.98          -          -         49
    (at root node) :          -         23      10643     462.74          -
  conflict analysis:       6.27       2894      28552       9.87    4553.75
NLP relaxation     :
  solve time       :      32.89 (9 calls)
  convexity        :  nonconvex (43 linear rows, 0 convex ineq., 0 nonconvex ineq., 1743 nonlinear eq. or two-sided ineq.)
NLP Solvers        :  #Problems  ProblemTi    #Solves  SolveTime      #Iter  Time/Iter      #Okay #TimeLimit #IterLimit #LObjLimit #Interrupt  #NumError #EvalError  #OutOfMem #LicenseEr #OtherTerm   #GlobOpt    #LocOpt  #Feasible #LocInfeas #GlobInfea #Unbounded   #Unknown
  ipopt            :         12       2.33         33     518.77       1713       0.30         30          0          3          0          0          0          0          0          0          0          0         13          1         16          0          0          3
B&B Tree           :
  number of runs   :          1
  nodes            :      40586 (26023 internal, 14563 leaves)
  feasible leaves  :          7
  infeas. leaves   :          5
  objective leaves :      14551
  nodes (total)    :      40586 (26023 internal, 14563 leaves)
  nodes left       :      11405
  max depth        :         54
  max depth (total):         54
  backtracks       :       9701 (23.9%)
  early backtracks :          0 (0.0%)
  nodes exc. ref.  :          0 (0.0%)
  delayed cutoffs  :          0
  repropagations   :         28 (11 domain reductions, 0 cutoffs)
  avg switch length:       6.14
  switching time   :     126.16
Estim. Tree Size   :      81284
Estimation Tree    : 52047 nodes (40642 visited, 26023 internal, 14619 leaves, 11405 open), weight: 0.0000 completed 0.1361
Estimations        :      estim      value      trend resolution     smooth
  wbe              : 31864659880808          -          -          -          -
  tree-profile     :         -1          -          -          -          -
  gap              :     768802    0.67732    0.00001         16     731896
  tree-weight      :      81284    0.00000    0.00000         16      80908
  leaf-frequency   :     167950    0.35969    0.00003         16     178882
  ssg              :    2004638    0.78509   -0.00001         16    1960087
  open-nodes       :      81284 11405.00000    6.54140         16      80908
Root Node          :
  First LP value   : -5.55030303030304e+00
  First LP Iters   :       1682 (10512.50 Iter/sec)
  First LP Time    :       0.16
  Final Dual Bound : -5.25840909065949e+00
  Final Root Iters :       6845
  Root LP Estimate : -1.82687573311283e+00
Solution           :
  Solutions found  :         29 (25 improvements)
  First Solution   : +1.00000000000000e+05   (in run 1, after 0 nodes, 0.05 seconds, depth 0, found by <trivial>)
  Gap First Sol.   :   infinite
  Gap Last Sol.    :      50.03 %
  Primal Bound     : -3.19313131313131e+00   (in run 1, after 27451 nodes, 2279.03 seconds, depth 20, found by <alns>)
  Dual Bound       : -4.71436729220624e+00
  Gap              :      47.64 %
Integrals          :      Total       Avg%
  primal-dual      :  127834.02      35.51
  primal-ref       :          -          - (not evaluated)
  dual-ref         :          -          - (not evaluated)
