SCIP Status        : solving was interrupted [time limit reached]
Total Time         :    3600.01
  solving          :    3600.00
  presolving       :       0.44 (included in solving)
  reading          :       0.01
  copying          :       1.87 (49 #copies) (minimal 0.00, maximal 0.15, average 0.04)
Original Problem   :
  Problem name     : bbbenchmark/pw05_100.8.cut
  Variables        : 101 (100 binary, 0 integer, 0 implicit integer, 1 continuous)
  Constraints      : 1 initial, 1 maximal
  Objective        : minimize, 1 non-zeros (abs.min = 1, abs.max = 1)
Presolved Problem  :
  Problem name     : t_bbbenchmark/pw05_100.8.cut
  Variables        : 1858 (100 binary, 0 integer, 1743 implicit integer, 15 continuous)
  Constraints      : 1786 initial, 11790 maximal
  Objective        : minimize, 1 non-zeros (abs.min = 1, abs.max = 1)
  Nonzeros         : 8621 constraint, 202 clique table
Presolvers         :   ExecTime  SetupTime  Calls  FixedVars   AggrVars   ChgTypes  ChgBounds   AddHoles    DelCons    AddCons   ChgSides   ChgCoefs
  boundshift       :       0.00       0.00      0          0          0          0          0          0          0          0          0          0
  convertinttobin  :       0.00       0.00      0          0          0          0          0          0          0          0          0          0
  domcol           :       0.00       0.00      1          0          0          0          0          0          0          0          0          0
  dualagg          :       0.00       0.00      0          0          0          0          0          0          0          0          0          0
  dualcomp         :       0.00       0.00      1          0          0          0          0          0          0          0          0          0
  dualinfer        :       0.00       0.00      0          0          0          0          0          0          0          0          0          0
  dualsparsify     :       0.00       0.00      1          0          0          0          0          0          0          0          0          0
  gateextraction   :       0.00       0.00      0          0          0          0          0          0          0          0          0          0
  implics          :       0.00       0.00      2          0          0          0          0          0          0          0          0          0
  inttobinary      :       0.00       0.00      0          0          0          0          0          0          0          0          0          0
  qpkktref         :       0.00       0.00      0          0          0          0          0          0          0          0          0          0
  redvub           :       0.00       0.00      0          0          0          0          0          0          0          0          0          0
  sparsify         :       0.00       0.00      1          0          0          0          0          0          0          0          0          0
  stuffing         :       0.00       0.00      0          0          0          0          0          0          0          0          0          0
  trivial          :       0.00       0.00      4          0          0          0          0          0          0          0          0          0
  tworowbnd        :       0.00       0.00      0          0          0          0          0          0          0          0          0          0
  dualfix          :       0.00       0.00      4          0          0          0          0          0          0          0          0          0
  genvbounds       :       0.00       0.00      0          0          0          0          0          0          0          0          0          0
  probing          :       0.28       0.00      1          0          0          0          0          0          0          0          0          0
  pseudoobj        :       0.00       0.00      1          0          0          0          1          0          0          0          0          0
  symmetry         :       0.00       0.00      0          0          0          0          0          0          0          0          0          0
  vbounds          :       0.00       0.00      1          0          0          0          0          0          0          0          0          0
  varbound         :       0.00       0.00      2          0          0          0          0          0          0          0          0          0
  and              :       0.01       0.01      2          0          0          0          0          0          0          0          0          0
  linear           :       0.00       0.00      2          0          0          0          0          0          0          0          0          0
  logicor          :       0.00       0.00      0          0          0          0          0          0          0          0          0          0
  bounddisjunction :       0.00       0.00      0          0          0          0          0          0          0          0          0          0
  nonlinear        :       0.12       0.00      5          0          0          0          1          0          0       1785          0          0
  benders          :       0.00       0.00      0          0          0          0          0          0          0          0          0          0
  components       :       0.01       0.00      1          0          0          0          0          0          0          0          0          0
  root node        :          -          -      -          0          -          -         15          -          -          -          -          -
Constraints        :     Number  MaxNumber  #Separate #Propagate    #EnfoLP    #EnfoRelax  #EnfoPS    #Check   #ResProp    Cutoffs    DomReds       Cuts    Applied      Conss   Children
  benderslp        :          0          0          0          0      59968          0          0       6956          0          0          0          0          0          0          0
  integral         :          0          0          0          0      59968          0          0       6956          0          0        889          0          0        422     119376
  varbound         :         14         14         67     540018          0          0          0         71          0          0      36648          0          0          0          0
  and              :       1743       1743      74991     586458          2          0          0         71     530795          2     751265       6028       5699          0          0
  linear           :         29+        34         67     586492          2          0          0         69        294          2     186352          0          0          0          0
  logicor          :          0+      9891          0      92895          0          0          0          0        133        281         79          0          0          0          0
  bounddisjunction :          0+       194          0      30619          0          0          0          0          0          2          2          0          0          0          0
  benders          :          0          0          0          0          2          0          0         64          0          0          0          0          0          0          0
  countsols        :          0          0          0          0          2          0          0         64          0          0          0          0          0          0          0
  components       :          0          0          0          0          0          0          0          0          0          0          0          0          0          0          0
Constraint Timings :  TotalTime  SetupTime   Separate  Propagate     EnfoLP     EnfoPS     EnfoRelax   Check    ResProp    SB-Prop
  benderslp        :       0.10       0.00       0.00       0.00       0.09       0.00       0.00       0.01       0.00       0.00
  integral         :      51.47       0.00       0.00       0.00      51.46       0.00       0.00       0.01       0.00       0.00
  varbound         :       0.49       0.00       0.00       0.48       0.00       0.00       0.00       0.00       0.00       0.01
  and              :      70.57       0.01      48.02      21.64       0.00       0.00       0.00       0.03       0.30       0.57
  linear           :       2.88       0.00       0.01       2.81       0.00       0.00       0.00       0.01       0.01       0.04
  logicor          :       9.06       0.00       0.00       9.04       0.00       0.00       0.00       0.00       0.00       0.02
  bounddisjunction :       0.41       0.00       0.00       0.41       0.00       0.00       0.00       0.00       0.00       0.00
  benders          :       0.00       0.00       0.00       0.00       0.00       0.00       0.00       0.00       0.00       0.00
  countsols        :       0.00       0.00       0.00       0.00       0.00       0.00       0.00       0.00       0.00       0.00
  components       :       0.16       0.00       0.00       0.16       0.00       0.00       0.00       0.00       0.00       0.00
Propagators        : #Propagate   #ResProp    Cutoffs    DomReds
  dualfix          :          4          0          0          0
  genvbounds       :          0          0          0          0
  nlobbt           :          0          0          0          0
  obbt             :          0          0          0          0
  probing          :          0          0          0          0
  pseudoobj        :     258868          2          0       2246
  redcost          :     142778          0          0      45656
  rootredcost      :         14          0          0          0
  symmetry         :          0          0          0          0
  vbounds          :      76749          0          0          0
Propagator Timings :  TotalTime  SetupTime   Presolve  Propagate    ResProp    SB-Prop
  dualfix          :       0.00       0.00       0.00       0.00       0.00       0.00
  genvbounds       :       0.34       0.00       0.00       0.33       0.00       0.01
  nlobbt           :       0.00       0.00       0.00       0.00       0.00       0.00
  obbt             :       0.00       0.00       0.00       0.00       0.00       0.00
  probing          :       0.28       0.00       0.28       0.00       0.00       0.00
  pseudoobj        :       0.48       0.00       0.00       0.48       0.00       0.00
  redcost          :       8.53       0.00       0.00       8.53       0.00       0.00
  rootredcost      :       0.39       0.00       0.00       0.39       0.00       0.00
  symmetry         :       0.22       0.00       0.00       0.22       0.00       0.00
  vbounds          :       0.32       0.00       0.00       0.31       0.00       0.01
Conflict Analysis  :       Time      Calls    Success    DomReds  Conflicts   Literals    Reconvs ReconvLits   Dualrays   Nonzeros   LP Iters   (pool size: [10000,10000])
  propagation      :       0.00        285        205          -        230       60.7          0        0.0          -          -          -
  infeasible LP    :       0.03         13         13          -        521      145.8          0        0.0         32      146.7          0
  bound exceed. LP :      21.74       5392       5235          -     147215      111.4          1       48.0          0        0.0      61603
  strong branching :       0.00          0          0          -          0        0.0          0        0.0          -          -          0
  pseudo solution  :       0.00          0          0          -          0        0.0          0        0.0          -          -          -
  applied globally :       0.61          -          -          0      32517      128.2          -          -         32          -          -
  applied locally  :          -          -          -          0          0        0.0          -          -          0          -          -
Separators         :   ExecTime  SetupTime      Calls  RootCalls    Cutoffs    DomReds  FoundCuts ViaPoolAdd  DirectAdd    Applied ViaPoolApp  DirectApp      Conss
  cut pool         :       6.03          -      22405         94          -          -      40552    1759955          -          -          -          -          -    (maximal pool size:       3593)
  aggregation      :     173.40       0.00       7189         67          0          0        326        574          0        194        194          0          0
  > cmir           :          -          -          -          -          -          -          -        573          0        193        193          0          -
  > flowcover      :          -          -          -          -          -          -          -          1          0          1          1          0          -
  > knapsackcover  :          -          -          -          -          -          -          -          0          0          0          0          0          -
  cgmip            :       0.00       0.00          0          0          0          0          0          0          0          0          0          0          0
  clique           :       0.00       0.00         67         67          0          0          0          0          0          0          0          0          0
  closecuts        :       0.00       0.00          0          0          0          0          0          0          0          0          0          0          0
  convexproj       :       0.00       0.00          0          0          0          0          0          0          0          0          0          0          0
  disjunctive      :       0.00       0.00          0          0          0          0          0          0          0          0          0          0          0
  eccuts           :       0.00       0.00          0          0          0          0          0          0          0          0          0          0          0
  gauge            :       0.00       0.00          0          0          0          0          0          0          0          0          0          0          0
  gomory           :       0.00       0.00          0          0          0          0          0          0          0          0          0          0          0
  > gomorymi       :          -          -          -          -          -          -          -          0          0          0          0          0          -
  > strongcg       :          -          -          -          -          -          -          -          0          0          0          0          0          -
  impliedbounds    :       0.47       0.00       7189         67          0          0         26          7          0          6          6          0          0
  interlattice     :       0.34       0.00         41         41          0          0         41          0         41         40          0         40          0
  interminor       :       0.00       0.00          0          0          0          0          0          0          0          0          0          0          0
  intersub         :       0.19       0.00          3          3          0          0          3          0          3          3          0          3          0
  intobj           :       0.00       0.00          0          0          0          0          0          0          0          0          0          0          0
  mcf              :       0.00       0.00          1          1          0          0          0          0          0          0          0          0          0
  minor            :       0.04       0.00          0          0          0          0          0          0          0          0          0          0          0
  mixing           :       0.04       0.00       7189         67          0          0          0          0          0          0          0          0          0
  oddcycle         :       0.00       0.00          0          0          0          0          0          0          0          0          0          0          0
  rapidlearning    :       0.01       0.00          0          0          0          0          0          0          0          0          0          0          0
  rlt              :       0.00       0.00         10         10          0          0          0          0          0          0          0          0          0
  zerohalf         :      61.77       0.00       6502         20          0          0      40200    1759374          0     152127     152127          0          0
Cutselectors       :   ExecTime  SetupTime      Calls  RootCalls   Selected     Forced   Filtered  RootSelec   RootForc   RootFilt 
  hybrid           :       1.50       0.00      15511         68     158069          0    1607958        241          0          2
Pricers            :   ExecTime  SetupTime      Calls       Vars
  problem variables:       0.00          -          0          0
Branching Rules    :   ExecTime  SetupTime   BranchLP  BranchExt   BranchPS    Cutoffs    DomReds       Cuts      Conss   Children
  allfullstrong    :       0.00       0.00          0          0          0          0          0          0          0          0
  cloud            :       0.00       0.00          0          0          0          0          0          0          0          0
  distribution     :       0.00       0.00          0          0          0          0          0          0          0          0
  fullstrong       :       0.00       0.00          0          0          0          0          0          0          0          0
  inference        :       0.00       0.00          0          0          0          0          0          0          0          0
  leastinf         :       0.00       0.00          0          0          0          0          0          0          0          0
  lookahead        :       0.00       0.00          0          0          0          0          0          0          0          0
  mostinf          :       0.00       0.00          0          0          0          0          0          0          0          0
  multaggr         :       0.00       0.00          0          0          0          0          0          0          0          0
  nodereopt        :       0.00       0.00          0          0          0          0          0          0          0          0
  pscost           :       0.00       0.00          0          0          0          0          0          0          0          0
  random           :       0.00       0.00          0          0          0          0          0          0          0          0
  relpscost        :      51.35       0.00      59966          0          0          0        889          0        427     119376
  vanillafullstrong:       0.00       0.00          0          0          0          0          0          0          0          0
Primal Heuristics  :   ExecTime  SetupTime      Calls      Found       Best
  LP solutions     :       0.02          -          -          2          2
  relax solutions  :       0.00          -          -          0          0
  pseudo solutions :       0.00          -          -          0          0
  strong branching :       0.03          -          -          0          0
  actconsdiving    :       0.00       0.00          0          0          0
  adaptivediving   :       3.96       0.00         29          0          0
  alns             :       4.12       0.00         25         11         11
  bound            :       0.00       0.00          0          0          0
  clique           :       0.02       0.00          1          0          0
  coefdiving       :       0.00       0.00          0          0          0
  completesol      :       0.00       0.00          0          0          0
  conflictdiving   :      72.37       0.00        592          0          0
  crossover        :       1.43       0.00          8          1          1
  dins             :       0.00       0.00          0          0          0
  distributiondivin:      74.35       0.00        347          0          0
  dps              :       0.00       0.00          0          0          0
  dualval          :       0.00       0.00          0          0          0
  farkasdiving     :       0.01       0.00          0          0          0
  feaspump         :       0.24       0.00          1          1          1
  fixandinfer      :       0.00       0.00          0          0          0
  fracdiving       :      65.09       0.00        411          0          0
  gins             :       0.11       0.00          0          0          0
  guideddiving     :      62.56       0.00        478          0          0
  indicator        :       0.06       0.00          0          0          0
  indicatordiving  :       0.00       0.00          0          0          0
  intdiving        :       0.00       0.00          0          0          0
  intshifting      :       0.51       0.00         55          0          0
  linesearchdiving :      57.13       0.00        452          0          0
  localbranching   :       0.00       0.00          0          0          0
  locks            :       0.01       0.00          1          0          0
  lpface           :       0.11       0.00          0          0          0
  mpec             :     468.53       0.00         11          5          5
  multistart       :       0.00       0.00          0          0          0
  mutation         :       0.00       0.00          0          0          0
  nlpdiving        :      31.33       0.00          6          3          0
  objpscostdiving  :      76.21       0.00         75         23          0
  octane           :       0.00       0.00          0          0          0
  ofins            :       0.07       0.00          0          0          0
  oneopt           :       0.05       0.00         19          0          0
  padm             :       0.00       0.00          0          0          0
  proximity        :       0.00       0.00          0          0          0
  pscostdiving     :      61.77       0.00        368          1          1
  randrounding     :       0.55       0.00       6888          0          0
  rens             :       0.00       0.00          0          0          0
  reoptsols        :       0.00       0.00          0          0          0
  repair           :       0.00       0.00          0          0          0
  rins             :       1.31       0.00         16          0          0
  rootsoldiving    :      61.16       0.00         53          8          0
  rounding         :       0.81       0.00       3764          0          0
  shiftandpropagate:       0.00       0.00          0          0          0
  shifting         :      33.78       0.00       8798          5          3
  simplerounding   :       0.07       0.00          0          0          0
  subnlp           :      97.32       0.00          0          0          0
  trivial          :       0.01       0.00          2          2          2
  trivialnegation  :       0.00       0.00          0          0          0
  trustregion      :       0.00       0.00          0          0          0
  trysol           :       0.08       0.00          0          0          0
  twoopt           :       0.00       0.00          0          0          0
  undercover       :       1.60       0.00          1          1          1
  vbounds          :       0.00       0.00          0          0          0
  veclendiving     :      62.92       0.00        552          0          0
  zeroobj          :       0.00       0.00          0          0          0
  zirounding       :       0.38       0.00       1000          0          0
  other solutions  :          -          -          -          0          -
Diving (single)    :      Calls      Nodes   LP Iters Backtracks  Conflicts   MinDepth   MaxDepth   AvgDepth  RoundSols  NLeafSols  MinSolDpt  MaxSolDpt  AvgSolDpt
  actconsdiving    :          0          -          -          -          -          -          -          -          -          -          -          -          -
  coefdiving       :          0          -          -          -          -          -          -          -          -          -          -          -          -
  conflictdiving   :        592      25203     697070        621      42002         54         77       61.9          0          -          -          -          -
  distributiondivin:        347      12635     568933        388      10789         46         68       54.7          0          -          -          -          -
  farkasdiving     :          0          -          -          -          -          -          -          -          -          -          -          -          -
  fracdiving       :        411      75146     565511        166       2481         59        709      202.4          0          -          -          -          -
  guideddiving     :        478      62650     563354         67       2103         55        280      151.7          0          -          -          -          -
  indicatordiving  :          0          -          -          -          -          -          -          -          -          -          -          -          -
  linesearchdiving :        452      20254     563924        479      28105         49         90       64.2          0          -          -          -          -
  pscostdiving     :        368      16072     581703        382      16188         54         81       62.4          0          1         81         81       81.0
  veclendiving     :        552      23059     562036        542      39704         53         87       62.0          0          -          -          -          -
Diving (adaptive)  :      Calls      Nodes   LP Iters Backtracks  Conflicts   MinDepth   MaxDepth   AvgDepth  RoundSols  NLeafSols  MinSolDpt  MaxSolDpt  AvgSolDpt
  actconsdiving    :          4        164       6236          4         67         52         59       55.8          0          -          -          -          -
  coefdiving       :          8        358      10536         10        699         57         74       61.5          0          -          -          -          -
  conflictdiving   :          0          -          -          -          -          -          -          -          -          -          -          -          -
  distributiondivin:          0          -          -          -          -          -          -          -          -          -          -          -          -
  farkasdiving     :          0          -          -          -          -          -          -          -          -          -          -          -          -
  fracdiving       :          4        630       5397          1         27        106        332      175.8          0          -          -          -          -
  guideddiving     :          2        229       2114          0          0         95        173      134.0          0          -          -          -          -
  indicatordiving  :          0          -          -          -          -          -          -          -          -          -          -          -          -
  linesearchdiving :          5        218       6627          5        306         56         73       62.0          0          -          -          -          -
  pscostdiving     :          3        130       4551          3        137         55         69       62.3          0          -          -          -          -
  veclendiving     :          3        131       3509          3        228         57         67       61.7          0          -          -          -          -
Neighborhoods      :      Calls  SetupTime  SolveTime SolveNodes       Sols       Best       Exp3  EpsGreedy        UCB TgtFixRate  Opt  Inf Node Stal  Sol  Usr Othr Actv
  rens             :          3       0.13       0.22         70          0          0    0.00000   -1.00000    0.45883      0.662    0    2    0    1    0    0    0    1
  rins             :          2       0.13       0.08         62          0          0    0.00000   -1.00000    0.47054      0.550    0    2    0    0    0    0    0    1
  mutation         :          2       0.06       0.22        230          2          2    0.00000   -1.00000    0.50158      0.550    1    1    0    0    0    0    0    1
  localbranching   :         11       1.00       1.16       1261          7          7    0.00000   -1.00000    0.49939      0.833    0    2    0    7    2    0    0    1
  crossover        :          2       0.11       0.39        545          2          2    0.00000   -1.00000    0.49883      0.550    1    1    0    0    0    0    0    1
  proximity        :          2       0.09       0.18         74          0          0    0.00000   -1.00000    0.46118      0.850    0    1    0    1    0    0    0    1
  zeroobjective    :          2       0.10       0.03         72          0          0    0.00000   -1.00000    0.46955      0.850    0    1    0    1    0    0    0    1
  dins             :          1       0.00       0.00          0          0          0    0.00000   -1.00000    0.07220      0.900    0    0    0    0    0    0    1    1
  trustregion      :          0       0.00       0.00          0          0          0    0.00000   -1.00000    1.00000      0.900    0    0    0    0    0    0    0    0
Expressions        :   #IntEval  IntEvalTi   #RevProp  RevPropTi    DomReds    Cutoffs  #Estimate  EstimTime  Branching  #Simplify SimplifyTi Simplified
  pow              :          0       0.00          0       0.00          0          0          0       0.00          0          0       0.00          0
  prod             :       9900       0.00          0       0.00          0          0          0       0.00          0       6693       0.03          0
  sum              :          8       0.00          2       0.00          0          0          0       0.00          0          3       0.02          2
  var              :       6383       0.00          0       0.00          0          0          0       0.00          0      15446       0.00          0
  varidx           :          0       0.00          0       0.00          0          0          0       0.00          0          0       0.00          0
LP                 :       Time      Calls Iterations  Iter/call   Iter/sec  Time-0-It Calls-0-It    ItLimit
  primal LP        :     107.45       9977          0       0.00       0.00     107.41       9977
  dual LP          :    1761.10     114897   11010884     102.38    6252.28       3.12       7352
  lex dual LP      :       0.00          0          0       0.00          -
  barrier LP       :       0.00          0          0       0.00          -       0.00          0
  resolve instable :       0.00          0          0       0.00          -
  diving/probing LP:     511.69      17044    4928507     289.16    9631.82
  strong branching :      29.35       1970     251878     127.86    8581.87          -          -        292
    (at root node) :          -         20       4287     214.35          -
  conflict analysis:       8.96       6229      61603       9.89    6875.33
NLP relaxation     :
  solve time       :      29.75 (23 calls)
  convexity        :  nonconvex (43 linear rows, 0 convex ineq., 0 nonconvex ineq., 1743 nonlinear eq. or two-sided ineq.)
NLP Solvers        :  #Problems  ProblemTi    #Solves  SolveTime      #Iter  Time/Iter      #Okay #TimeLimit #IterLimit #LObjLimit #Interrupt  #NumError #EvalError  #OutOfMem #LicenseEr #OtherTerm   #GlobOpt    #LocOpt  #Feasible #LocInfeas #GlobInfea #Unbounded   #Unknown
  ipopt            :         12       5.11         51     504.84       1914       0.26         44          0          7          0          0          0          0          0          0          0          0         32          7         10          0          0          2
B&B Tree           :
  number of runs   :          1
  nodes            :      91791 (59688 internal, 32103 leaves)
  feasible leaves  :          2
  infeas. leaves   :         15
  objective leaves :      32085
  nodes (total)    :      91791 (59688 internal, 32103 leaves)
  nodes left       :      27354
  max depth        :         61
  max depth (total):         61
  backtracks       :      21536 (23.5%)
  early backtracks :          0 (0.0%)
  nodes exc. ref.  :          0 (0.0%)
  delayed cutoffs  :          3
  repropagations   :         59 (260 domain reductions, 0 cutoffs)
  avg switch length:       6.19
  switching time   :     131.49
Estim. Tree Size   :     184046
Estimation Tree    : 119377 nodes (92023 visited, 59688 internal, 32335 leaves, 27354 open), weight: 0.0000 completed 0.1264
Estimations        :      estim      value      trend resolution     smooth
  wbe              : 92896553408682          -          -          -          -
  tree-profile     :         -1          -          -          -          -
  gap              :    2341316    0.69720    0.00001         32    2265996
  tree-weight      :     184046    0.00000    0.00000         32     179796
  leaf-frequency   :     813640    0.35137    0.00001         32     828722
  ssg              :    3306110    0.80046   -0.00002         32    3349531
  open-nodes       :     184046 27354.00000   11.23661         32     179796
Root Node          :
  First LP value   : -5.55030303030304e+00
  First LP Iters   :       1682 (11213.33 Iter/sec)
  First LP Time    :       0.15
  Final Dual Bound : -5.27272360647080e+00
  Final Root Iters :       3128
  Root LP Estimate : -1.65349183641104e+00
Solution           :
  Solutions found  :         63 (27 improvements)
  First Solution   : +1.00000000000000e+05   (in run 1, after 0 nodes, 0.03 seconds, depth 0, found by <trivial>)
  Gap First Sol.   :   infinite
  Gap Last Sol.    :      45.31 %
  Primal Bound     : -3.20161616161615e+00   (in run 1, after 54670 nodes, 1562.00 seconds, depth 40, found by <alns>)
  Dual Bound       : -4.59212087510256e+00
  Gap              :      43.43 %
Integrals          :      Total       Avg%
  primal-dual      :  119665.83      33.24
  primal-ref       :          -          - (not evaluated)
  dual-ref         :          -          - (not evaluated)
