SCIP Status        : solving was interrupted [time limit reached]
Total Time         :    3600.00
  solving          :    3600.00
  presolving       :       0.17 (included in solving)
  reading          :       0.00
  copying          :       1.13 (43 #copies) (minimal 0.00, maximal 0.07, average 0.03)
Original Problem   :
  Problem name     : bbbenchmark/g05_60.1.cut
  Variables        : 61 (60 binary, 0 integer, 0 implicit integer, 1 continuous)
  Constraints      : 1 initial, 1 maximal
  Objective        : minimize, 1 non-zeros (abs.min = 1, abs.max = 1)
Presolved Problem  :
  Problem name     : t_bbbenchmark/g05_60.1.cut
  Variables        : 946 (60 binary, 0 integer, 885 implicit integer, 1 continuous)
  Constraints      : 886 initial, 10890 maximal
  Objective        : minimize, 1 non-zeros (abs.min = 1, abs.max = 1)
  Nonzeros         : 3601 constraint, 122 clique table
Presolvers         :   ExecTime  SetupTime  Calls  FixedVars   AggrVars   ChgTypes  ChgBounds   AddHoles    DelCons    AddCons   ChgSides   ChgCoefs
  boundshift       :       0.00       0.00      0          0          0          0          0          0          0          0          0          0
  convertinttobin  :       0.00       0.00      0          0          0          0          0          0          0          0          0          0
  domcol           :       0.00       0.00      1          0          0          0          0          0          0          0          0          0
  dualagg          :       0.00       0.00      0          0          0          0          0          0          0          0          0          0
  dualcomp         :       0.00       0.00      1          0          0          0          0          0          0          0          0          0
  dualinfer        :       0.00       0.00      0          0          0          0          0          0          0          0          0          0
  dualsparsify     :       0.00       0.00      1          0          0          0          0          0          0          0          0          0
  gateextraction   :       0.00       0.00      0          0          0          0          0          0          0          0          0          0
  implics          :       0.00       0.00      2          0          0          0          0          0          0          0          0          0
  inttobinary      :       0.00       0.00      0          0          0          0          0          0          0          0          0          0
  qpkktref         :       0.00       0.00      0          0          0          0          0          0          0          0          0          0
  redvub           :       0.00       0.00      0          0          0          0          0          0          0          0          0          0
  sparsify         :       0.00       0.00      1          0          0          0          0          0          0          0          0          0
  stuffing         :       0.00       0.00      0          0          0          0          0          0          0          0          0          0
  trivial          :       0.00       0.00      4          0          0          0          0          0          0          0          0          0
  tworowbnd        :       0.00       0.00      0          0          0          0          0          0          0          0          0          0
  dualfix          :       0.00       0.00      4          0          0          0          0          0          0          0          0          0
  genvbounds       :       0.00       0.00      0          0          0          0          0          0          0          0          0          0
  probing          :       0.14       0.00      1          0          0          0          0          0          0          0          0          0
  pseudoobj        :       0.00       0.00      1          0          0          0          1          0          0          0          0          0
  symmetry         :       0.00       0.00      0          0          0          0          0          0          0          0          0          0
  vbounds          :       0.00       0.00      1          0          0          0          0          0          0          0          0          0
  and              :       0.00       0.01      2          0          0          0          0          0          0          0          0          0
  linear           :       0.00       0.00      2          0          0          0          0          0          0          0          0          0
  logicor          :       0.00       0.00      0          0          0          0          0          0          0          0          0          0
  nonlinear        :       0.02       0.01      5          0          0          0          1          0          0        885          0          0
  benders          :       0.00       0.00      0          0          0          0          0          0          0          0          0          0
  components       :       0.00       0.00      1          0          0          0          0          0          0          0          0          0
  root node        :          -          -      -          0          -          -         46          -          -          -          -          -
Constraints        :     Number  MaxNumber  #Separate #Propagate    #EnfoLP    #EnfoRelax  #EnfoPS    #Check   #ResProp    Cutoffs    DomReds       Cuts    Applied      Conss   Children
  benderslp        :          0          0          0          0      95587          0          0       8330          0          0          0          0          0          0          0
  integral         :          0          0          0          0      95587          0          0       8330          0          0       2889          0          0       1428     189152
  and              :        885        885     106442     604079         21          0          0         24     112768          7    3606036       2955       2799          0          0
  linear           :          1+         6         24     604072         21          0          0         22          0          1          0          0          0          0          0
  logicor          :          0+     10001          0     162074          0          0          0          0        366        627         79          0          0          0          0
  benders          :          0          0          0          0         21          0          0         25          0          0          0          0          0          0          0
  countsols        :          0          0          0          0         21          0          0         25          0          0          0          0          0          0          0
  components       :          0          0          0          0          0          0          0          0          0          0          0          0          0          0          0
Constraint Timings :  TotalTime  SetupTime   Separate  Propagate     EnfoLP     EnfoPS     EnfoRelax   Check    ResProp    SB-Prop
  benderslp        :       0.07       0.00       0.00       0.00       0.06       0.00       0.00       0.01       0.00       0.00
  integral         :      42.69       0.00       0.00       0.00      42.69       0.00       0.00       0.00       0.00       0.00
  and              :      71.31       0.01      40.97      29.81       0.00       0.00       0.00       0.00       0.12       0.40
  linear           :       0.53       0.00       0.01       0.50       0.00       0.00       0.00       0.00       0.00       0.02
  logicor          :      36.39       0.00       0.00      36.34       0.00       0.00       0.00       0.00       0.00       0.05
  benders          :       0.00       0.00       0.00       0.00       0.00       0.00       0.00       0.00       0.00       0.00
  countsols        :       0.00       0.00       0.00       0.00       0.00       0.00       0.00       0.00       0.00       0.00
  components       :       0.16       0.00       0.00       0.16       0.00       0.00       0.00       0.00       0.00       0.00
Propagators        : #Propagate   #ResProp    Cutoffs    DomReds
  dualfix          :          4          0          0          0
  genvbounds       :          0          0          0          0
  nlobbt           :          0          0          0          0
  obbt             :          0          0          0          0
  probing          :          0          0          0          0
  pseudoobj        :     498401          0          0         46
  redcost          :     231044          0          0     466799
  rootredcost      :         28          0          0          0
  symmetry         :          0          0          0          0
  vbounds          :      54475          0          0          0
Propagator Timings :  TotalTime  SetupTime   Presolve  Propagate    ResProp    SB-Prop
  dualfix          :       0.00       0.00       0.00       0.00       0.00       0.00
  genvbounds       :       0.49       0.00       0.00       0.49       0.00       0.00
  nlobbt           :       0.00       0.00       0.00       0.00       0.00       0.00
  obbt             :       0.00       0.00       0.00       0.00       0.00       0.00
  probing          :       0.14       0.00       0.14       0.00       0.00       0.00
  pseudoobj        :       0.69       0.00       0.00       0.69       0.00       0.00
  redcost          :      10.88       0.00       0.00      10.88       0.00       0.00
  rootredcost      :       0.70       0.00       0.00       0.70       0.00       0.00
  symmetry         :       0.44       0.00       0.00       0.44       0.00       0.00
  vbounds          :       0.53       0.00       0.00       0.53       0.00       0.00
Conflict Analysis  :       Time      Calls    Success    DomReds  Conflicts   Literals    Reconvs ReconvLits   Dualrays   Nonzeros   LP Iters   (pool size: [10000,10000])
  propagation      :       0.01        635        445          -        549       26.8          0        0.0          -          -          -
  infeasible LP    :       0.00          0          0          -          0        0.0          0        0.0          5       31.2          0
  bound exceed. LP :      14.22       9557       7492          -      50670       35.1          1       27.0          0        0.0      52201
  strong branching :       0.00          0          0          -          0        0.0          0        0.0          -          -          0
  pseudo solution  :       0.00          0          0          -          0        0.0          0        0.0          -          -          -
  applied globally :       0.32          -          -          0      22994       33.6          -          -          5          -          -
  applied locally  :          -          -          -          0          0        0.0          -          -          0          -          -
Separators         :   ExecTime  SetupTime      Calls  RootCalls    Cutoffs    DomReds  FoundCuts ViaPoolAdd  DirectAdd    Applied ViaPoolApp  DirectApp      Conss
  cut pool         :       2.59          -      16492         45          -          -      24236     415579          -          -          -          -          -    (maximal pool size:       1626)
  aggregation      :      19.84       0.00       4201         24          0          0        594       9763          0       3077       3077          0          0
  > cmir           :          -          -          -          -          -          -          -       9763          0       3077       3077          0          -
  > flowcover      :          -          -          -          -          -          -          -          0          0          0          0          0          -
  > knapsackcover  :          -          -          -          -          -          -          -          0          0          0          0          0          -
  cgmip            :       0.00       0.00          0          0          0          0          0          0          0          0          0          0          0
  clique           :       0.00       0.00         24         24          0          0          0          0          0          0          0          0          0
  closecuts        :       0.00       0.00          0          0          0          0          0          0          0          0          0          0          0
  convexproj       :       0.00       0.00          0          0          0          0          0          0          0          0          0          0          0
  disjunctive      :       0.00       0.00          0          0          0          0          0          0          0          0          0          0          0
  eccuts           :       0.00       0.00          0          0          0          0          0          0          0          0          0          0          0
  gauge            :       0.00       0.00          0          0          0          0          0          0          0          0          0          0          0
  gomory           :       0.00       0.00          0          0          0          0          0          0          0          0          0          0          0
  > gomorymi       :          -          -          -          -          -          -          -          0          0          0          0          0          -
  > strongcg       :          -          -          -          -          -          -          -          0          0          0          0          0          -
  impliedbounds    :       0.12       0.00       4201         24          0          0          6          0          0          0          0          0          0
  interlattice     :       0.00       0.00          0          0          0          0          0          0          0          0          0          0          0
  interminor       :       0.00       0.00          0          0          0          0          0          0          0          0          0          0          0
  intersub         :       0.00       0.00          0          0          0          0          0          0          0          0          0          0          0
  intobj           :       0.00       0.00          0          0          0          0          0          0          0          0          0          0          0
  mcf              :       0.00       0.00          1          1          0          0          0          0          0          0          0          0          0
  minor            :       0.01       0.00          0          0          0          0          0          0          0          0          0          0          0
  mixing           :       0.02       0.00       4201         24          0          0          0          0          0          0          0          0          0
  oddcycle         :       0.00       0.00          0          0          0          0          0          0          0          0          0          0          0
  rapidlearning    :       0.03       0.00          0          0          0          0          0          0          0          0          0          0          0
  rlt              :       0.00       0.00         10         10          0          0          0          0          0          0          0          0          0
  zerohalf         :      17.64       0.00       3575         20          0          0      23636     405816          0      74972      74972          0          0
Cutselectors       :   ExecTime  SetupTime      Calls  RootCalls   Selected     Forced   Filtered  RootSelec   RootForc   RootFilt 
  hybrid           :       0.33       0.00      12546         21      80848          0     337686        171          0          0
Pricers            :   ExecTime  SetupTime      Calls       Vars
  problem variables:       0.00          -          0          0
Branching Rules    :   ExecTime  SetupTime   BranchLP  BranchExt   BranchPS    Cutoffs    DomReds       Cuts      Conss   Children
  allfullstrong    :       0.00       0.00          0          0          0          0          0          0          0          0
  cloud            :       0.00       0.00          0          0          0          0          0          0          0          0
  distribution     :       0.00       0.00          0          0          0          0          0          0          0          0
  fullstrong       :       0.00       0.00          0          0          0          0          0          0          0          0
  inference        :       0.00       0.00          0          0          0          0          0          0          0          0
  leastinf         :       0.00       0.00          0          0          0          0          0          0          0          0
  lookahead        :       0.00       0.00          0          0          0          0          0          0          0          0
  mostinf          :       0.00       0.00          0          0          0          0          0          0          0          0
  multaggr         :       0.00       0.00          0          0          0          0          0          0          0          0
  nodereopt        :       0.00       0.00          0          0          0          0          0          0          0          0
  pscost           :       0.00       0.00          0          0          0          0          0          0          0          0
  random           :       0.00       0.00          0          0          0          0          0          0          0          0
  relpscost        :      42.38       0.00      95566          0          0          0       2889          0       1431     189152
  vanillafullstrong:       0.00       0.00          0          0          0          0          0          0          0          0
Primal Heuristics  :   ExecTime  SetupTime      Calls      Found       Best
  LP solutions     :       0.04          -          -         21         21
  relax solutions  :       0.00          -          -          0          0
  pseudo solutions :       0.00          -          -          0          0
  strong branching :       0.03          -          -          0          0
  actconsdiving    :       0.00       0.00          0          0          0
  adaptivediving   :       2.43       0.00        106          0          0
  alns             :       3.08       0.00         27          4          3
  bound            :       0.00       0.00          0          0          0
  clique           :       0.01       0.00          1          0          0
  coefdiving       :       0.00       0.00          0          0          0
  completesol      :       0.00       0.00          0          0          0
  conflictdiving   :      11.48       0.00        505          0          0
  crossover        :       0.26       0.00          6          1          1
  dins             :       0.00       0.00          0          0          0
  distributiondivin:      28.18       0.00        505          0          0
  dps              :       0.00       0.00          0          0          0
  dualval          :       0.00       0.00          0          0          0
  farkasdiving     :       0.00       0.00          0          0          0
  feaspump         :       0.06       0.00          1          1          1
  fixandinfer      :       0.00       0.00          0          0          0
  fracdiving       :      13.88       0.00        505          0          0
  gins             :       0.01       0.00          0          0          0
  guideddiving     :      13.54       0.00        506          1          1
  indicator        :       0.21       0.00          0          0          0
  indicatordiving  :       0.00       0.00          0          0          0
  intdiving        :       0.00       0.00          0          0          0
  intshifting      :       0.05       0.00         20          0          0
  linesearchdiving :      12.91       0.00        505          0          0
  localbranching   :       0.00       0.00          0          0          0
  locks            :       0.01       0.00          1          0          0
  lpface           :       0.08       0.00          0          0          0
  mpec             :       1.61       0.00          1          0          0
  multistart       :       0.00       0.00          0          0          0
  mutation         :       0.00       0.00          0          0          0
  nlpdiving        :       4.40       0.00          8          0          0
  objpscostdiving  :       9.91       0.00         44          3          0
  octane           :       0.00       0.00          0          0          0
  ofins            :       0.06       0.00          0          0          0
  oneopt           :       0.17       0.00         36          0          0
  padm             :       0.00       0.00          0          0          0
  proximity        :       0.00       0.00          0          0          0
  pscostdiving     :      14.00       0.00        505          2          2
  randrounding     :       0.52       0.00       8301          0          0
  rens             :       0.00       0.00          0          0          0
  reoptsols        :       0.00       0.00          0          0          0
  repair           :       0.00       0.00          0          0          0
  rins             :       2.27       0.00         12          0          0
  rootsoldiving    :       6.01       0.00         22          1          0
  rounding         :       0.76       0.00       4521          0          0
  shiftandpropagate:       0.00       0.00          0          0          0
  shifting         :      20.30       0.00       9639          6          6
  simplerounding   :       0.12       0.00          0          0          0
  subnlp           :     115.53       0.00          0          0          0
  trivial          :       0.00       0.00          2          2          2
  trivialnegation  :       0.00       0.00          0          0          0
  trustregion      :       0.00       0.00          0          0          0
  trysol           :       0.20       0.00          0          0          0
  twoopt           :       0.00       0.00          0          0          0
  undercover       :       1.31       0.00          1          1          1
  vbounds          :       0.00       0.00          0          0          0
  veclendiving     :       8.18       0.00        505          0          0
  zeroobj          :       0.00       0.00          0          0          0
  zirounding       :       0.37       0.00       1000          0          0
  other solutions  :          -          -          -          0          -
Diving (single)    :      Calls      Nodes   LP Iters Backtracks  Conflicts   MinDepth   MaxDepth   AvgDepth  RoundSols  NLeafSols  MinSolDpt  MaxSolDpt  AvgSolDpt
  actconsdiving    :          0          -          -          -          -          -          -          -          -          -          -          -          -
  coefdiving       :          0          -          -          -          -          -          -          -          -          -          -          -          -
  conflictdiving   :        505       8805     114516        575       8453         22         50       31.5          0          -          -          -          -
  distributiondivin:        505       6249     199211        864       5401         21         35       26.0          0          -          -          -          -
  farkasdiving     :          0          -          -          -          -          -          -          -          -          -          -          -          -
  fracdiving       :        505      41791     145540        399       2920         26        229       97.1          0          -          -          -          -
  guideddiving     :        506      40129     143076        328       2351         25        220       93.8          0          1         52         52       52.0
  indicatordiving  :          0          -          -          -          -          -          -          -          -          -          -          -          -
  linesearchdiving :        505      10802     140728        616       9672         25         52       35.2          0          -          -          -          -
  pscostdiving     :        505       8791     164006        519       8017         23         44       31.7          0          2         38         44       41.0
  veclendiving     :        505       9303      66429        511       8484         26         42       32.7          0          -          -          -          -
Diving (adaptive)  :      Calls      Nodes   LP Iters Backtracks  Conflicts   MinDepth   MaxDepth   AvgDepth  RoundSols  NLeafSols  MinSolDpt  MaxSolDpt  AvgSolDpt
  actconsdiving    :         15        190       5437         30        154         22         32       26.1          0          -          -          -          -
  coefdiving       :         37        690       5287         38        654         29         37       32.5          0          -          -          -          -
  conflictdiving   :          0          -          -          -          -          -          -          -          -          -          -          -          -
  distributiondivin:          0          -          -          -          -          -          -          -          -          -          -          -          -
  farkasdiving     :          0          -          -          -          -          -          -          -          -          -          -          -          -
  fracdiving       :          6        679       1692          4         31         75        196      127.8          0          -          -          -          -
  guideddiving     :          6        461       1861          4         22         40        154       90.7          0          -          -          -          -
  indicatordiving  :          0          -          -          -          -          -          -          -          -          -          -          -          -
  linesearchdiving :         14        299       3061         17        278         28         45       36.1          0          -          -          -          -
  pscostdiving     :         14        240       4594         14        219         24         36       31.4          0          -          -          -          -
  veclendiving     :         14        255       1552         14        246         30         34       32.4          0          -          -          -          -
Neighborhoods      :      Calls  SetupTime  SolveTime SolveNodes       Sols       Best       Exp3  EpsGreedy        UCB TgtFixRate  Opt  Inf Node Stal  Sol  Usr Othr Actv
  rens             :          2       0.01       0.00          0          0          0    0.00000   -1.00000    0.30163      0.700    0    1    0    0    0    0    1    1
  rins             :          2       0.03       0.00          0          0          0    0.00000   -1.00000    0.30163      0.700    0    1    0    0    0    0    1    1
  mutation         :          7       0.33       0.46        217          2          2    0.00000   -1.00000    0.53720      0.559    1    3    0    3    0    0    0    1
  localbranching   :          3       0.26       0.14         66          0          0    0.00000   -1.00000    0.46058      0.437    0    3    0    0    0    0    0    1
  crossover        :          3       0.22       0.22         61          0          0    0.00000   -1.00000    0.44809      0.662    0    2    0    1    0    0    0    1
  proximity        :          5       0.27       0.43         83          2          1    0.00000   -1.00000    0.54287      0.515    1    3    0    1    0    0    0    1
  zeroobjective    :          3       0.21       0.15         65          0          0    0.00000   -1.00000    0.46184      0.662    0    2    0    1    0    0    0    1
  dins             :          2       0.02       0.00          0          0          0    0.00000   -1.00000    0.30163      0.700    0    1    0    0    0    0    1    1
  trustregion      :          0       0.00       0.00          0          0          0    0.00000   -1.00000    1.00000      0.900    0    0    0    0    0    0    0    0
Expressions        :   #IntEval  IntEvalTi   #RevProp  RevPropTi    DomReds    Cutoffs  #Estimate  EstimTime  Branching  #Simplify SimplifyTi Simplified
  pow              :          0       0.00          0       0.00          0          0          0       0.00          0          0       0.00          0
  prod             :       3540       0.00          0       0.00          0          0          0       0.00          0       2655       0.01          0
  sum              :          8       0.00          2       0.00          0          0          0       0.00          0          3       0.02          2
  var              :       3327       0.00          0       0.00          0          0          0       0.00          0       6378       0.00          0
  varidx           :          0       0.00          0       0.00          0          0          0       0.00          0          0       0.00          0
LP                 :       Time      Calls Iterations  Iter/call   Iter/sec  Time-0-It Calls-0-It    ItLimit
  primal LP        :     150.34      18707          0       0.00       0.00     150.24      18707
  dual LP          :    2805.39     220408   23377283     121.09    8332.99       8.82      27355
  lex dual LP      :       0.00          0          0       0.00          -
  barrier LP       :       0.00          0          0       0.00          -       0.00          0
  resolve instable :       0.00          0          0       0.00          -
  diving/probing LP:      79.53      10342    1138232     110.06   14311.98
  strong branching :      19.04       2622     254772      97.17   13380.88          -          -        334
    (at root node) :          -         19       2106     110.84          -
  conflict analysis:       6.39       5288      52201       9.87    8169.17
NLP relaxation     :
  solve time       :       4.40 (8 calls)
  convexity        :  nonconvex (1 linear rows, 0 convex ineq., 0 nonconvex ineq., 885 nonlinear eq. or two-sided ineq.)
NLP Solvers        :  #Problems  ProblemTi    #Solves  SolveTime      #Iter  Time/Iter      #Okay #TimeLimit #IterLimit #LObjLimit #Interrupt  #NumError #EvalError  #OutOfMem #LicenseEr #OtherTerm   #GlobOpt    #LocOpt  #Feasible #LocInfeas #GlobInfea #Unbounded   #Unknown
  ipopt            :          2       6.34         11      10.12        316       0.03         11          0          0          0          0          0          0          0          0          0          0          0          0          3          0          0          8
B&B Tree           :
  number of runs   :          1
  nodes            :     179563 (94576 internal, 84987 leaves)
  feasible leaves  :         21
  infeas. leaves   :         46
  objective leaves :      84920
  nodes (total)    :     179563 (94576 internal, 84987 leaves)
  nodes left       :       9552
  max depth        :         34
  max depth (total):         34
  backtracks       :      48222 (26.9%)
  early backtracks :          0 (0.0%)
  nodes exc. ref.  :          0 (0.0%)
  delayed cutoffs  :          1
  repropagations   :         60 (351 domain reductions, 0 cutoffs)
  avg switch length:       4.37
  switching time   :     197.46
Estim. Tree Size   :     739023
Estimation Tree    : 189153 nodes (179600 visited, 94576 internal, 85024 leaves, 9553 open), weight: 0.1971 completed 0.4317
Estimations        :      estim      value      trend resolution     smooth
  wbe              :     862937          -          -          -          -
  tree-profile     :         -1          -          -          -          -
  gap              :     877549    0.91252    0.00003        128     842023
  tree-weight      :     739024    0.19706    0.00036        128     743392
  leaf-frequency   :     645018    0.47340    0.00001        128     732192
  ssg              :     600835    0.43242   -0.00026        128     602411
  open-nodes       :     359200 9553.00000    0.19393        128     358914
Root Node          :
  First LP value   : -1.00000000000000e+00
  First LP Iters   :        619 (20633.33 Iter/sec)
  First LP Time    :       0.03
  Final Dual Bound : -9.08192090395481e-01
  Final Root Iters :       1300
  Root LP Estimate : -5.34682787992637e-01
Solution           :
  Solutions found  :         43 (38 improvements)
  First Solution   : +1.00000000000000e+05   (in run 1, after 0 nodes, 0.02 seconds, depth 0, found by <trivial>)
  Gap First Sol.   :   infinite
  Gap Last Sol.    :      19.45 %
  Primal Bound     : -6.01129943502825e-01   (in run 1, after 60322 nodes, 918.60 seconds, depth 22, found by <relaxation>)
  Dual Bound       : -6.58757062146893e-01
  Gap              :       9.59 %
Integrals          :      Total       Avg%
  primal-dual      :   49618.78      13.78
  primal-ref       :          -          - (not evaluated)
  dual-ref         :          -          - (not evaluated)
