SCIP Status        : solving was interrupted [time limit reached]
Total Time         :    3600.00
  solving          :    3599.99
  presolving       :       0.42 (included in solving)
  reading          :       0.01
  copying          :       3.31 (54 #copies) (minimal 0.00, maximal 0.20, average 0.06)
Original Problem   :
  Problem name     : bbbenchmark/g05_100.2.cut
  Variables        : 101 (100 binary, 0 integer, 0 implicit integer, 1 continuous)
  Constraints      : 1 initial, 1 maximal
  Objective        : minimize, 1 non-zeros (abs.min = 1, abs.max = 1)
Presolved Problem  :
  Problem name     : t_bbbenchmark/g05_100.2.cut
  Variables        : 1819 (100 binary, 0 integer, 1703 implicit integer, 16 continuous)
  Constraints      : 1749 initial, 11760 maximal
  Objective        : minimize, 1 non-zeros (abs.min = 1, abs.max = 1)
  Nonzeros         : 8547 constraint, 202 clique table
Presolvers         :   ExecTime  SetupTime  Calls  FixedVars   AggrVars   ChgTypes  ChgBounds   AddHoles    DelCons    AddCons   ChgSides   ChgCoefs
  boundshift       :       0.00       0.00      0          0          0          0          0          0          0          0          0          0
  convertinttobin  :       0.00       0.00      0          0          0          0          0          0          0          0          0          0
  domcol           :       0.00       0.00      1          0          0          0          0          0          0          0          0          0
  dualagg          :       0.00       0.00      0          0          0          0          0          0          0          0          0          0
  dualcomp         :       0.00       0.00      1          0          0          0          0          0          0          0          0          0
  dualinfer        :       0.00       0.00      0          0          0          0          0          0          0          0          0          0
  dualsparsify     :       0.00       0.00      1          0          0          0          0          0          0          0          0          0
  gateextraction   :       0.00       0.00      0          0          0          0          0          0          0          0          0          0
  implics          :       0.00       0.00      2          0          0          0          0          0          0          0          0          0
  inttobinary      :       0.00       0.00      0          0          0          0          0          0          0          0          0          0
  qpkktref         :       0.00       0.00      0          0          0          0          0          0          0          0          0          0
  redvub           :       0.00       0.00      0          0          0          0          0          0          0          0          0          0
  sparsify         :       0.00       0.00      1          0          0          0          0          0          0          0          0          0
  stuffing         :       0.00       0.00      0          0          0          0          0          0          0          0          0          0
  trivial          :       0.00       0.00      4          0          0          0          0          0          0          0          0          0
  tworowbnd        :       0.00       0.00      0          0          0          0          0          0          0          0          0          0
  dualfix          :       0.00       0.00      4          0          0          0          0          0          0          0          0          0
  genvbounds       :       0.00       0.00      0          0          0          0          0          0          0          0          0          0
  probing          :       0.33       0.00      1          0          0          0          0          0          0          0          0          0
  pseudoobj        :       0.00       0.00      1          0          0          0          1          0          0          0          0          0
  symmetry         :       0.00       0.00      0          0          0          0          0          0          0          0          0          0
  vbounds          :       0.00       0.00      1          0          0          0          0          0          0          0          0          0
  varbound         :       0.00       0.00      2          0          0          0          0          0          0          0          0          0
  and              :       0.00       0.00      2          0          0          0          0          0          0          0          0          0
  linear           :       0.00       0.00      2          0          0          0          0          0          0          0          0          0
  logicor          :       0.00       0.00      0          0          0          0          0          0          0          0          0          0
  bounddisjunction :       0.00       0.00      0          0          0          0          0          0          0          0          0          0
  nonlinear        :       0.09       0.01      5          0          0          0          1          0          0       1748          0          0
  benders          :       0.00       0.00      0          0          0          0          0          0          0          0          0          0
  components       :       0.00       0.00      1          0          0          0          0          0          0          0          0          0
  root node        :          -          -      -          0          -          -         14          -          -          -          -          -
Constraints        :     Number  MaxNumber  #Separate #Propagate    #EnfoLP    #EnfoRelax  #EnfoPS    #Check   #ResProp    Cutoffs    DomReds       Cuts    Applied      Conss   Children
  benderslp        :          0          0          0          0     129696          0          0      10380          0          0          0          0          0          0          0
  integral         :          0          0          0          0     129696          0          0      10380          0          0        413          0          0        360     258800
  varbound         :         15         15         24     767775          0          0          0         40          0          0      79510          0          0          0          0
  and              :       1703       1703     148696     840031          3          0          0         40     634684          4    1330454       3596       3549          0          0
  linear           :         31+        41         24     840063          3          0          0         38       1647         39     542786          0          0          0          0
  logicor          :          0+      9809          0     159435          0          0          0          0        126        470         57          0          0          0          0
  bounddisjunction :          0+       579          0      71112          0          0          0          0          6         44         11          0          0          0          0
  benders          :          0          0          0          0          3          0          0         37          0          0          0          0          0          0          0
  countsols        :          0          0          0          0          3          0          0         37          0          0          0          0          0          0          0
  components       :          0          0          0          0          0          0          0          0          0          0          0          0          0          0          0
Constraint Timings :  TotalTime  SetupTime   Separate  Propagate     EnfoLP     EnfoPS     EnfoRelax   Check    ResProp    SB-Prop
  benderslp        :       0.10       0.00       0.00       0.00       0.10       0.00       0.00       0.00       0.00       0.00
  integral         :      69.14       0.00       0.00       0.00      69.13       0.00       0.00       0.01       0.00       0.00
  varbound         :       1.48       0.00       0.00       1.46       0.00       0.00       0.00       0.00       0.00       0.02
  and              :     147.28       0.00     100.39      45.80       0.00       0.00       0.00       0.02       0.51       0.56
  linear           :       8.48       0.00       0.03       8.37       0.00       0.00       0.00       0.01       0.01       0.06
  logicor          :      21.75       0.00       0.00      21.74       0.00       0.00       0.00       0.00       0.00       0.01
  bounddisjunction :       2.69       0.00       0.00       2.69       0.00       0.00       0.00       0.00       0.00       0.00
  benders          :       0.00       0.00       0.00       0.00       0.00       0.00       0.00       0.00       0.00       0.00
  countsols        :       0.00       0.00       0.00       0.00       0.00       0.00       0.00       0.00       0.00       0.00
  components       :       0.28       0.00       0.00       0.28       0.00       0.00       0.00       0.00       0.00       0.00
Propagators        : #Propagate   #ResProp    Cutoffs    DomReds
  dualfix          :          4          0          0          0
  genvbounds       :          0          0          0          0
  nlobbt           :          0          0          0          0
  obbt             :          0          0          0          0
  probing          :          0          0          0          0
  pseudoobj        :     551565          7          0       2673
  redcost          :     291170          0          0     129908
  rootredcost      :         19          0          0          0
  symmetry         :          0          0          0          0
  vbounds          :     134084          0          0          0
Propagator Timings :  TotalTime  SetupTime   Presolve  Propagate    ResProp    SB-Prop
  dualfix          :       0.00       0.00       0.00       0.00       0.00       0.00
  genvbounds       :       0.58       0.00       0.00       0.58       0.00       0.00
  nlobbt           :       0.00       0.00       0.00       0.00       0.00       0.00
  obbt             :       0.00       0.00       0.00       0.00       0.00       0.00
  probing          :       0.33       0.00       0.33       0.00       0.00       0.00
  pseudoobj        :       1.18       0.00       0.00       1.18       0.00       0.00
  redcost          :      21.33       0.00       0.00      21.33       0.00       0.00
  rootredcost      :       0.91       0.00       0.00       0.89       0.00       0.02
  symmetry         :       0.55       0.00       0.00       0.55       0.00       0.00
  vbounds          :       0.78       0.00       0.00       0.76       0.00       0.02
Conflict Analysis  :       Time      Calls    Success    DomReds  Conflicts   Literals    Reconvs ReconvLits   Dualrays   Nonzeros   LP Iters   (pool size: [10000,10000])
  propagation      :       0.00        523        382          -        619       72.1          0        0.0          -          -          -
  infeasible LP    :       0.12         68         68          -       2765      148.7          0        0.0        133      158.2          0
  bound exceed. LP :      28.71       7733       7186          -     181896      109.4          3       57.7          0        0.0      58924
  strong branching :       0.00          0          0          -          0        0.0          0        0.0          -          -          0
  pseudo solution  :       0.00          0          0          -          0        0.0          0        0.0          -          -          -
  applied globally :       1.05          -          -          0      39409      116.6          -          -        133          -          -
  applied locally  :          -          -          -          0          0        0.0          -          -          0          -          -
Separators         :   ExecTime  SetupTime      Calls  RootCalls    Cutoffs    DomReds  FoundCuts ViaPoolAdd  DirectAdd    Applied ViaPoolApp  DirectApp      Conss
  cut pool         :       7.37          -      28753         47          -          -      37276    1752543          -          -          -          -          -    (maximal pool size:       3975)
  aggregation      :      33.87       0.00       5063         24          0          0         95      11546          0       4534       4534          0          0
  > cmir           :          -          -          -          -          -          -          -      11546          0       4534       4534          0          -
  > flowcover      :          -          -          -          -          -          -          -          0          0          0          0          0          -
  > knapsackcover  :          -          -          -          -          -          -          -          0          0          0          0          0          -
  cgmip            :       0.00       0.00          0          0          0          0          0          0          0          0          0          0          0
  clique           :       0.01       0.00         24         24          0          0          0          0          0          0          0          0          0
  closecuts        :       0.00       0.00          0          0          0          0          0          0          0          0          0          0          0
  convexproj       :       0.00       0.00          0          0          0          0          0          0          0          0          0          0          0
  disjunctive      :       0.00       0.00          0          0          0          0          0          0          0          0          0          0          0
  eccuts           :       0.00       0.00          0          0          0          0          0          0          0          0          0          0          0
  gauge            :       0.00       0.00          0          0          0          0          0          0          0          0          0          0          0
  gomory           :       0.00       0.00          0          0          0          0          0          0          0          0          0          0          0
  > gomorymi       :          -          -          -          -          -          -          -          0          0          0          0          0          -
  > strongcg       :          -          -          -          -          -          -          -          0          0          0          0          0          -
  impliedbounds    :       0.42       0.00       5063         24          0          0         14          1          0          1          1          0          0
  interlattice     :       0.00       0.00          0          0          0          0          0          0          0          0          0          0          0
  interminor       :       0.00       0.00          0          0          0          0          0          0          0          0          0          0          0
  intersub         :       0.06       0.00          3          3          0          0          1          0          1          1          0          1          0
  intobj           :       0.00       0.00          0          0          0          0          0          0          0          0          0          0          0
  mcf              :       0.00       0.00          1          1          0          0          0          0          0          0          0          0          0
  minor            :       0.00       0.00          0          0          0          0          0          0          0          0          0          0          0
  mixing           :       0.03       0.00       5063         24          0          0          0          0          0          0          0          0          0
  oddcycle         :       0.00       0.00          0          0          0          0          0          0          0          0          0          0          0
  rapidlearning    :       0.01       0.00          0          0          0          0          0          0          0          0          0          0          0
  rlt              :       0.00       0.00         10         10          0          0          0          0          0          0          0          0          0
  zerohalf         :      46.00       0.00       4540         20          0          0      37167    1740996          0     224947     224947          0          0
Cutselectors       :   ExecTime  SetupTime      Calls  RootCalls   Selected     Forced   Filtered  RootSelec   RootForc   RootFilt 
  hybrid           :       2.33       0.00      17655         24     233032          0    1523108        185          0         30
Pricers            :   ExecTime  SetupTime      Calls       Vars
  problem variables:       0.00          -          0          0
Branching Rules    :   ExecTime  SetupTime   BranchLP  BranchExt   BranchPS    Cutoffs    DomReds       Cuts      Conss   Children
  allfullstrong    :       0.00       0.00          0          0          0          0          0          0          0          0
  cloud            :       0.00       0.00          0          0          0          0          0          0          0          0
  distribution     :       0.00       0.00          0          0          0          0          0          0          0          0
  fullstrong       :       0.00       0.00          0          0          0          0          0          0          0          0
  inference        :       0.00       0.00          0          0          0          0          0          0          0          0
  leastinf         :       0.00       0.00          0          0          0          0          0          0          0          0
  lookahead        :       0.00       0.00          0          0          0          0          0          0          0          0
  mostinf          :       0.00       0.00          0          0          0          0          0          0          0          0
  multaggr         :       0.00       0.00          0          0          0          0          0          0          0          0
  nodereopt        :       0.00       0.00          0          0          0          0          0          0          0          0
  pscost           :       0.00       0.00          0          0          0          0          0          0          0          0
  random           :       0.00       0.00          0          0          0          0          0          0          0          0
  relpscost        :      68.53       0.00     129693          0          0          0        413          0        384     258800
  vanillafullstrong:       0.00       0.00          0          0          0          0          0          0          0          0
Primal Heuristics  :   ExecTime  SetupTime      Calls      Found       Best
  LP solutions     :       0.00          -          -          3          3
  relax solutions  :       0.00          -          -          0          0
  pseudo solutions :       0.00          -          -          0          0
  strong branching :       0.01          -          -          0          0
  actconsdiving    :       0.00       0.00          0          0          0
  adaptivediving   :       4.06       0.00         31          0          0
  alns             :       7.46       0.00         25          6          6
  bound            :       0.00       0.00          0          0          0
  clique           :       0.01       0.00          1          0          0
  coefdiving       :       0.00       0.00          0          0          0
  completesol      :       0.00       0.00          0          0          0
  conflictdiving   :     162.48       0.00       1331          1          1
  crossover        :       0.97       0.00          3          1          1
  dins             :       0.00       0.00          0          0          0
  distributiondivin:      83.89       0.00        382          0          0
  dps              :       0.00       0.00          0          0          0
  dualval          :       0.00       0.00          0          0          0
  farkasdiving     :       0.00       0.00          0          0          0
  feaspump         :       0.11       0.00          1          1          1
  fixandinfer      :       0.00       0.00          0          0          0
  fracdiving       :      59.38       0.00        514          0          0
  gins             :       0.15       0.00          0          0          0
  guideddiving     :      61.94       0.00        502          2          2
  indicator        :       0.15       0.00          0          0          0
  indicatordiving  :       0.00       0.00          0          0          0
  intdiving        :       0.00       0.00          0          0          0
  intshifting      :       0.53       0.00         85          0          0
  linesearchdiving :      55.58       0.00        488          0          0
  localbranching   :       0.00       0.00          0          0          0
  locks            :       0.02       0.00          1          0          0
  lpface           :       0.19       0.00          0          0          0
  mpec             :     153.50       0.00         11          3          3
  multistart       :       0.00       0.00          0          0          0
  mutation         :       0.00       0.00          0          0          0
  nlpdiving        :       7.38       0.00         10          0          0
  objpscostdiving  :      71.32       0.00        121         14          2
  octane           :       0.00       0.00          0          0          0
  ofins            :       0.14       0.00          0          0          0
  oneopt           :       0.15       0.00         23          0          0
  padm             :       0.00       0.00          0          0          0
  proximity        :       0.00       0.00          0          0          0
  pscostdiving     :      57.04       0.00        449          1          1
  randrounding     :       0.48       0.00      10340          0          0
  rens             :       0.00       0.00          0          0          0
  reoptsols        :       0.00       0.00          0          0          0
  repair           :       0.00       0.00          0          0          0
  rins             :       6.01       0.00         25          0          0
  rootsoldiving    :      32.60       0.00         34          0          0
  rounding         :       1.82       0.00       5286          0          0
  shiftandpropagate:       0.00       0.00          0          0          0
  shifting         :      49.18       0.00       9352          2          2
  simplerounding   :       0.24       0.00          0          0          0
  subnlp           :     241.23       0.00          0          0          0
  trivial          :       0.00       0.00          2          2          2
  trivialnegation  :       0.00       0.00          0          0          0
  trustregion      :       0.00       0.00          0          0          0
  trysol           :       0.24       0.00          0          0          0
  twoopt           :       0.00       0.00          0          0          0
  undercover       :       1.06       0.00          1          1          1
  vbounds          :       0.00       0.00          0          0          0
  veclendiving     :      57.75       0.00        481          0          0
  zeroobj          :       0.00       0.00          0          0          0
  zirounding       :       0.55       0.00       1000          0          0
  other solutions  :          -          -          -          0          -
Diving (single)    :      Calls      Nodes   LP Iters Backtracks  Conflicts   MinDepth   MaxDepth   AvgDepth  RoundSols  NLeafSols  MinSolDpt  MaxSolDpt  AvgSolDpt
  actconsdiving    :          0          -          -          -          -          -          -          -          -          -          -          -          -
  coefdiving       :          0          -          -          -          -          -          -          -          -          -          -          -          -
  conflictdiving   :       1331      55762    1664719       1488      89106         53         85       63.6          0          1         85         85       85.0
  distributiondivin:        382      14544     583238        430       7033         51         81       58.8          0          -          -          -          -
  farkasdiving     :          0          -          -          -          -          -          -          -          -          -          -          -          -
  fracdiving       :        514      42548     580216        294       5556         62        269      104.5          0          -          -          -          -
  guideddiving     :        502      42406     602789        303       9217         65        188      106.2          0          2         91         98       94.5
  indicatordiving  :          0          -          -          -          -          -          -          -          -          -          -          -          -
  linesearchdiving :        488      18742     579898        458      28171         48         93       59.3          0          -          -          -          -
  pscostdiving     :        449      19762     594295        462      11289         54         82       65.5          0          1         82         82       82.0
  veclendiving     :        481      20584     580975        449      32496         54         84       63.5          0          -          -          -          -
Diving (adaptive)  :      Calls      Nodes   LP Iters Backtracks  Conflicts   MinDepth   MaxDepth   AvgDepth  RoundSols  NLeafSols  MinSolDpt  MaxSolDpt  AvgSolDpt
  actconsdiving    :          3        131       4509          2         20         59         63       60.3          0          -          -          -          -
  coefdiving       :         13        635      15036         11        840         56         91       68.3          0          -          -          -          -
  conflictdiving   :          0          -          -          -          -          -          -          -          -          -          -          -          -
  distributiondivin:          0          -          -          -          -          -          -          -          -          -          -          -          -
  farkasdiving     :          0          -          -          -          -          -          -          -          -          -          -          -          -
  fracdiving       :          0          -          -          -          -          -          -          -          -          -          -          -          -
  guideddiving     :          0          -          -          -          -          -          -          -          -          -          -          -          -
  indicatordiving  :          0          -          -          -          -          -          -          -          -          -          -          -          -
  linesearchdiving :          5        196       6256          4        271         53         69       58.4          0          -          -          -          -
  pscostdiving     :          3        128       3955          3         76         62         66       64.0          0          -          -          -          -
  veclendiving     :          7        356       8966          6        513         55         74       67.9          0          -          -          -          -
Neighborhoods      :      Calls  SetupTime  SolveTime SolveNodes       Sols       Best       Exp3  EpsGreedy        UCB TgtFixRate  Opt  Inf Node Stal  Sol  Usr Othr Actv
  rens             :          3       0.59       0.12         20          0          0    0.00000   -1.00000    0.52210      0.437    0    3    0    0    0    0    0    1
  rins             :          3       0.25       0.40        374          1          1    0.00000   -1.00000    0.47877      0.812    0    1    0    2    0    0    0    1
  mutation         :          6       0.54       1.67       1358          3          3    0.00000   -1.00000    0.51727      0.688    1    2    0    3    0    0    0    1
  localbranching   :          2       0.23       0.07         71          0          0    0.00000   -1.00000    0.47555      0.850    0    1    0    1    0    0    0    1
  crossover        :          3       0.43       0.29         80          0          0    0.00000   -1.00000    0.45191      0.662    0    2    0    1    0    0    0    1
  proximity        :          2       0.30       0.27        105          0          0    0.00000   -1.00000    0.46255      0.850    0    1    0    1    0    0    0    1
  zeroobjective    :          4       0.13       1.73       1191          2          2    0.00000   -1.00000    0.49215      0.747    2    0    0    2    0    0    0    1
  dins             :          2       0.09       0.09        103          0          0    0.00000   -1.00000    0.42717      0.850    0    1    0    1    0    0    0    1
  trustregion      :          0       0.00       0.00          0          0          0    0.00000   -1.00000    1.00000      0.900    0    0    0    0    0    0    0    0
Expressions        :   #IntEval  IntEvalTi   #RevProp  RevPropTi    DomReds    Cutoffs  #Estimate  EstimTime  Branching  #Simplify SimplifyTi Simplified
  pow              :          0       0.00          0       0.00          0          0          0       0.00          0          0       0.00          0
  prod             :       9900       0.00          0       0.00          0          0          0       0.00          0       6653       0.00          0
  sum              :          8       0.00          2       0.00          0          0          0       0.00          0          3       0.01          2
  var              :       6266       0.00          0       0.00          0          0          0       0.00          0      15327       0.01          0
  varidx           :          0       0.00          0       0.00          0          0          0       0.00          0          0       0.00          0
LP                 :       Time      Calls Iterations  Iter/call   Iter/sec  Time-0-It Calls-0-It    ItLimit
  primal LP        :     116.04      19165          0       0.00       0.00     115.89      19165
  dual LP          :    1750.09     231956   11345535      52.09    6482.83       7.02      14140
  lex dual LP      :       0.00          0          0       0.00          -
  barrier LP       :       0.00          0          0       0.00          -       0.00          0
  resolve instable :       0.00          0          0       0.00          -
  diving/probing LP:     528.11      23009    5842486     253.92   11063.01
  strong branching :      18.15       1926     164132      85.22    9043.09          -          -        402
    (at root node) :          -         19       2569     135.21          -
  conflict analysis:       9.38       6098      58924       9.66    6281.88
NLP relaxation     :
  solve time       :       7.35 (10 calls)
  convexity        :  nonconvex (46 linear rows, 0 convex ineq., 0 nonconvex ineq., 1703 nonlinear eq. or two-sided ineq.)
NLP Solvers        :  #Problems  ProblemTi    #Solves  SolveTime      #Iter  Time/Iter      #Okay #TimeLimit #IterLimit #LObjLimit #Interrupt  #NumError #EvalError  #OutOfMem #LicenseEr #OtherTerm   #GlobOpt    #LocOpt  #Feasible #LocInfeas #GlobInfea #Unbounded   #Unknown
  ipopt            :         12       9.91         43     287.74       1944       0.15         43          0          0          0          0          0          0          0          0          0          0         21          0         12          0          0         10
B&B Tree           :
  number of runs   :          1
  nodes            :     199906 (129400 internal, 70506 leaves)
  feasible leaves  :          3
  infeas. leaves   :         25
  objective leaves :      70477
  nodes (total)    :     199906 (129400 internal, 70506 leaves)
  nodes left       :      58055
  max depth        :         79
  max depth (total):         79
  backtracks       :      44499 (22.3%)
  early backtracks :          0 (0.0%)
  nodes exc. ref.  :          0 (0.0%)
  delayed cutoffs  :          1
  repropagations   :         30 (79 domain reductions, 0 cutoffs)
  avg switch length:       6.42
  switching time   :     180.36
Estim. Tree Size   :     401492
Estimation Tree    : 258801 nodes (200746 visited, 129400 internal, 71346 leaves, 58055 open), weight: 0.0000 completed 0.1173
Estimations        :      estim      value      trend resolution     smooth
  wbe              : 1427225697905228          -          -          -          -
  tree-profile     :         -1          -          -          -          -
  gap              :    5377815    0.67242    0.00002        128    5589317
  tree-weight      :     401492    0.00000    0.00000        128     400833
  leaf-frequency   :     401492    0.35540   -0.00005        128     663142
  ssg              :   11171391    0.81481   -0.00002        128   12394880
  open-nodes       :     401492 58055.00000   68.65874        128     400833
Root Node          :
  First LP value   : -1.00000000000000e+00
  First LP Iters   :       1599 (10660.00 Iter/sec)
  First LP Time    :       0.15
  Final Dual Bound : -9.61065531587491e-01
  Final Root Iters :       2244
  Root LP Estimate : -3.80194000131925e-01
Solution           :
  Solutions found  :         37 (25 improvements)
  First Solution   : +1.00000000000000e+05   (in run 1, after 0 nodes, 0.00 seconds, depth 0, found by <trivial>)
  Gap First Sol.   :   infinite
  Gap Last Sol.    :      50.66 %
  Primal Bound     : -5.64444444444442e-01   (in run 1, after 108876 nodes, 1519.89 seconds, depth 20, found by <alns>)
  Dual Bound       : -8.39421920621600e-01
  Gap              :      48.72 %
Integrals          :      Total       Avg%
  primal-dual      :  126340.72      35.09
  primal-ref       :          -          - (not evaluated)
  dual-ref         :          -          - (not evaluated)
