SCIP Status        : solving was interrupted [time limit reached]
Total Time         :    3600.01
  solving          :    3600.00
  presolving       :       0.36 (included in solving)
  reading          :       0.01
  copying          :       1.85 (37 #copies) (minimal 0.00, maximal 0.09, average 0.05)
Original Problem   :
  Problem name     : bbbenchmark/g05_80.9.cut
  Variables        : 81 (80 binary, 0 integer, 0 implicit integer, 1 continuous)
  Constraints      : 1 initial, 1 maximal
  Objective        : minimize, 1 non-zeros (abs.min = 1, abs.max = 1)
Presolved Problem  :
  Problem name     : t_bbbenchmark/g05_80.9.cut
  Variables        : 1612 (80 binary, 0 integer, 1530 implicit integer, 2 continuous)
  Constraints      : 1534 initial, 7504 maximal
  Objective        : minimize, 1 non-zeros (abs.min = 1, abs.max = 1)
  Nonzeros         : 6307 constraint, 162 clique table
Presolvers         :   ExecTime  SetupTime  Calls  FixedVars   AggrVars   ChgTypes  ChgBounds   AddHoles    DelCons    AddCons   ChgSides   ChgCoefs
  boundshift       :       0.00       0.00      0          0          0          0          0          0          0          0          0          0
  convertinttobin  :       0.00       0.00      0          0          0          0          0          0          0          0          0          0
  domcol           :       0.00       0.00      1          0          0          0          0          0          0          0          0          0
  dualagg          :       0.00       0.00      0          0          0          0          0          0          0          0          0          0
  dualcomp         :       0.00       0.00      1          0          0          0          0          0          0          0          0          0
  dualinfer        :       0.00       0.00      0          0          0          0          0          0          0          0          0          0
  dualsparsify     :       0.00       0.00      1          0          0          0          0          0          0          0          0          0
  gateextraction   :       0.00       0.00      0          0          0          0          0          0          0          0          0          0
  implics          :       0.00       0.00      2          0          0          0          0          0          0          0          0          0
  inttobinary      :       0.00       0.00      0          0          0          0          0          0          0          0          0          0
  qpkktref         :       0.00       0.00      0          0          0          0          0          0          0          0          0          0
  redvub           :       0.00       0.00      0          0          0          0          0          0          0          0          0          0
  sparsify         :       0.00       0.00      1          0          0          0          0          0          0          0          0          0
  stuffing         :       0.00       0.00      0          0          0          0          0          0          0          0          0          0
  trivial          :       0.00       0.00      4          0          0          0          0          0          0          0          0          0
  tworowbnd        :       0.00       0.00      0          0          0          0          0          0          0          0          0          0
  dualfix          :       0.00       0.00      4          0          0          0          0          0          0          0          0          0
  genvbounds       :       0.00       0.00      0          0          0          0          0          0          0          0          0          0
  probing          :       0.23       0.00      1          0          0          0          0          0          0          0          0          0
  pseudoobj        :       0.00       0.00      1          0          0          0          1          0          0          0          0          0
  symmetry         :       0.00       0.00      0          0          0          0          0          0          0          0          0          0
  vbounds          :       0.00       0.00      1          0          0          0          0          0          0          0          0          0
  varbound         :       0.00       0.00      2          0          0          0          0          0          0          0          0          0
  and              :       0.01       0.01      2          0          0          0          0          0          0          0          0          0
  linear           :       0.00       0.00      2          0          0          0          0          0          0          0          0          0
  logicor          :       0.00       0.00      0          0          0          0          0          0          0          0          0          0
  bounddisjunction :       0.00       0.00      0          0          0          0          0          0          0          0          0          0
  nonlinear        :       0.11       0.01      5          0          0          0          1          0          0       1533          0          0
  benders          :       0.00       0.00      0          0          0          0          0          0          0          0          0          0
  components       :       0.00       0.00      1          0          0          0          0          0          0          0          0          0
  root node        :          -          -      -          0          -          -         26          -          -          -          -          -
Constraints        :     Number  MaxNumber  #Separate #Propagate    #EnfoLP    #EnfoRelax  #EnfoPS    #Check   #ResProp    Cutoffs    DomReds       Cuts    Applied      Conss   Children
  benderslp        :          0          0          0          0      73390          0          0       2916          0          0          0          0          0          0          0
  integral         :          0          0          0          0      73390          0          0       2916          0          0       2649          0          0       1856     144248
  varbound         :          1          1         51      75102          0          0          0         40          0          0       1048          0          0          0          0
  and              :       1530       1530      89867     556222          5          0          0         40     263042          3    2357154      13582      13225          0          0
  linear           :          3+         7         51     556222          5          0          0         38          6          1      13336          0          0          0          0
  logicor          :          0+      5969          0     155688          0          0          0          0        414        500         58          0          0          0          0
  bounddisjunction :          0+         7          0       4431          0          0          0          0          0          0          0          0          0          0          0
  benders          :          0          0          0          0          5          0          0         37          0          0          0          0          0          0          0
  countsols        :          0          0          0          0          5          0          0         37          0          0          0          0          0          0          0
  components       :          0          0          0          0          0          0          0          0          0          0          0          0          0          0          0
Constraint Timings :  TotalTime  SetupTime   Separate  Propagate     EnfoLP     EnfoPS     EnfoRelax   Check    ResProp    SB-Prop
  benderslp        :       0.06       0.00       0.00       0.00       0.06       0.00       0.00       0.00       0.00       0.00
  integral         :      56.20       0.00       0.00       0.00      56.20       0.00       0.00       0.00       0.00       0.00
  varbound         :       0.05       0.00       0.00       0.05       0.00       0.00       0.00       0.00       0.00       0.00
  and              :      75.03       0.01      45.90      28.53       0.00       0.00       0.00       0.01       0.19       0.39
  linear           :       0.91       0.00       0.00       0.90       0.00       0.00       0.00       0.00       0.00       0.01
  logicor          :       9.40       0.00       0.00       9.37       0.00       0.00       0.00       0.00       0.00       0.03
  bounddisjunction :       0.01       0.00       0.00       0.01       0.00       0.00       0.00       0.00       0.00       0.00
  benders          :       0.00       0.00       0.00       0.00       0.00       0.00       0.00       0.00       0.00       0.00
  countsols        :       0.00       0.00       0.00       0.00       0.00       0.00       0.00       0.00       0.00       0.00
  components       :       0.15       0.00       0.00       0.15       0.00       0.00       0.00       0.00       0.00       0.00
Propagators        : #Propagate   #ResProp    Cutoffs    DomReds
  dualfix          :          2          0          0          0
  genvbounds       :          0          0          0          0
  nlobbt           :          0          0          0          0
  obbt             :          0          0          0          0
  probing          :          0          0          0          0
  pseudoobj        :     343556          0          0         26
  redcost          :     180260          0          0      92234
  rootredcost      :         15          0          0          0
  symmetry         :          0          0          0          0
  vbounds          :      70223          0          0          0
Propagator Timings :  TotalTime  SetupTime   Presolve  Propagate    ResProp    SB-Prop
  dualfix          :       0.00       0.00       0.00       0.00       0.00       0.00
  genvbounds       :       0.33       0.00       0.00       0.33       0.00       0.00
  nlobbt           :       0.00       0.00       0.00       0.00       0.00       0.00
  obbt             :       0.00       0.00       0.00       0.00       0.00       0.00
  probing          :       0.23       0.00       0.23       0.00       0.00       0.00
  pseudoobj        :       0.71       0.00       0.00       0.71       0.00       0.00
  redcost          :      10.56       0.00       0.00      10.56       0.00       0.00
  rootredcost      :       0.54       0.00       0.00       0.51       0.00       0.03
  symmetry         :       0.33       0.00       0.00       0.33       0.00       0.00
  vbounds          :       0.43       0.00       0.00       0.42       0.00       0.01
Conflict Analysis  :       Time      Calls    Success    DomReds  Conflicts   Literals    Reconvs ReconvLits   Dualrays   Nonzeros   LP Iters   (pool size: [10000,10000])
  propagation      :       0.02        503        414          -        471       44.4          0        0.0          -          -          -
  infeasible LP    :       0.00          0          0          -          0        0.0          0        0.0          4       85.2          0
  bound exceed. LP :      16.11       9094       6863          -      92615       65.5          0        0.0          0        0.0      35099
  strong branching :       0.00          0          0          -          0        0.0          0        0.0          -          -          0
  pseudo solution  :       0.00          0          0          -          0        0.0          0        0.0          -          -          -
  applied globally :       0.44          -          -          0      26410       71.2          -          -          4          -          -
  applied locally  :          -          -          -          0          0        0.0          -          -          0          -          -
Separators         :   ExecTime  SetupTime      Calls  RootCalls    Cutoffs    DomReds  FoundCuts ViaPoolAdd  DirectAdd    Applied ViaPoolApp  DirectApp      Conss
  cut pool         :       3.82          -      19131         72          -          -      35599     620005          -          -          -          -          -    (maximal pool size:       2209)
  aggregation      :      11.02       0.00       4615         51          0          0        404        917          0         68         68          0          0
  > cmir           :          -          -          -          -          -          -          -        917          0         68         68          0          -
  > flowcover      :          -          -          -          -          -          -          -          0          0          0          0          0          -
  > knapsackcover  :          -          -          -          -          -          -          -          0          0          0          0          0          -
  cgmip            :       0.00       0.00          0          0          0          0          0          0          0          0          0          0          0
  clique           :       0.00       0.00         51         51          0          0          0          0          0          0          0          0          0
  closecuts        :       0.00       0.00          0          0          0          0          0          0          0          0          0          0          0
  convexproj       :       0.00       0.00          0          0          0          0          0          0          0          0          0          0          0
  disjunctive      :       0.00       0.00          0          0          0          0          0          0          0          0          0          0          0
  eccuts           :       0.00       0.00          0          0          0          0          0          0          0          0          0          0          0
  gauge            :       0.00       0.00          0          0          0          0          0          0          0          0          0          0          0
  gomory           :       0.00       0.00          0          0          0          0          0          0          0          0          0          0          0
  > gomorymi       :          -          -          -          -          -          -          -          0          0          0          0          0          -
  > strongcg       :          -          -          -          -          -          -          -          0          0          0          0          0          -
  impliedbounds    :       0.28       0.00       4615         51          0          0          0          0          0          0          0          0          0
  interlattice     :       0.16       0.00         30         30          0          0         30          0         30         28          0         28          0
  interminor       :       0.00       0.00          0          0          0          0          0          0          0          0          0          0          0
  intersub         :       0.00       0.00          0          0          0          0          0          0          0          0          0          0          0
  intobj           :       0.00       0.00          0          0          0          0          0          0          0          0          0          0          0
  mcf              :       0.00       0.00          1          1          0          0          0          0          0          0          0          0          0
  minor            :       0.01       0.00          0          0          0          0          0          0          0          0          0          0          0
  mixing           :       0.01       0.00       4615         51          0          0          0          0          0          0          0          0          0
  oddcycle         :       0.00       0.00          0          0          0          0          0          0          0          0          0          0          0
  rapidlearning    :       0.01       0.00          0          0          0          0          0          0          0          0          0          0          0
  rlt              :       0.00       0.00         10         10          0          0          0          0          0          0          0          0          0
  zerohalf         :      38.14       0.00       4199         20          0          0      35195     619088          0      96061      96061          0          0
Cutselectors       :   ExecTime  SetupTime      Calls  RootCalls   Selected     Forced   Filtered  RootSelec   RootForc   RootFilt 
  hybrid           :       0.59       0.00      19440         50     109382          0     524235        210          0          4
Pricers            :   ExecTime  SetupTime      Calls       Vars
  problem variables:       0.00          -          0          0
Branching Rules    :   ExecTime  SetupTime   BranchLP  BranchExt   BranchPS    Cutoffs    DomReds       Cuts      Conss   Children
  allfullstrong    :       0.00       0.00          0          0          0          0          0          0          0          0
  cloud            :       0.00       0.00          0          0          0          0          0          0          0          0
  distribution     :       0.00       0.00          0          0          0          0          0          0          0          0
  fullstrong       :       0.00       0.00          0          0          0          0          0          0          0          0
  inference        :       0.00       0.00          0          0          0          0          0          0          0          0
  leastinf         :       0.00       0.00          0          0          0          0          0          0          0          0
  lookahead        :       0.00       0.00          0          0          0          0          0          0          0          0
  mostinf          :       0.00       0.00          0          0          0          0          0          0          0          0
  multaggr         :       0.00       0.00          0          0          0          0          0          0          0          0
  nodereopt        :       0.00       0.00          0          0          0          0          0          0          0          0
  pscost           :       0.00       0.00          0          0          0          0          0          0          0          0
  random           :       0.00       0.00          0          0          0          0          0          0          0          0
  relpscost        :      56.00       0.00      73385          0          0          0       2649          0       1857     144248
  vanillafullstrong:       0.00       0.00          0          0          0          0          0          0          0          0
Primal Heuristics  :   ExecTime  SetupTime      Calls      Found       Best
  LP solutions     :       0.00          -          -          5          5
  relax solutions  :       0.00          -          -          0          0
  pseudo solutions :       0.00          -          -          0          0
  strong branching :       0.02          -          -          0          0
  actconsdiving    :       0.00       0.00          0          0          0
  adaptivediving   :       3.39       0.00         40          0          0
  alns             :       5.87       0.00         29          7          7
  bound            :       0.00       0.00          0          0          0
  clique           :       0.01       0.00          1          0          0
  coefdiving       :       0.00       0.00          0          0          0
  completesol      :       0.00       0.00          0          0          0
  conflictdiving   :      37.23       0.00        518          0          0
  crossover        :       1.12       0.00          7          1          1
  dins             :       0.00       0.00          0          0          0
  distributiondivin:      70.70       0.00        518          0          0
  dps              :       0.00       0.00          0          0          0
  dualval          :       0.00       0.00          0          0          0
  farkasdiving     :       0.00       0.00          0          0          0
  feaspump         :       0.00       0.00          0          0          0
  fixandinfer      :       0.00       0.00          0          0          0
  fracdiving       :      43.72       0.00        519          0          0
  gins             :       0.13       0.00          0          0          0
  guideddiving     :      39.09       0.00        518          2          2
  indicator        :       0.06       0.00          0          0          0
  indicatordiving  :       0.00       0.00          0          0          0
  intdiving        :       0.00       0.00          0          0          0
  intshifting      :       0.32       0.00         50          0          0
  linesearchdiving :      40.01       0.00        519          0          0
  localbranching   :       0.00       0.00          0          0          0
  locks            :       0.01       0.00          1          0          0
  lpface           :       0.11       0.00          0          0          0
  mpec             :       5.56       0.00          1          0          0
  multistart       :       0.00       0.00          0          0          0
  mutation         :       0.00       0.00          0          0          0
  nlpdiving        :      11.34       0.00          9          0          0
  objpscostdiving  :      46.69       0.00         76          9          0
  octane           :       0.00       0.00          0          0          0
  ofins            :       0.05       0.00          0          0          0
  oneopt           :       0.10       0.00         25          0          0
  padm             :       0.00       0.00          0          0          0
  proximity        :       0.00       0.00          0          0          0
  pscostdiving     :      49.62       0.00        519          1          1
  randrounding     :       0.29       0.00       2875          0          0
  rens             :       0.00       0.00          0          0          0
  reoptsols        :       0.00       0.00          0          0          0
  repair           :       0.00       0.00          0          0          0
  rins             :       0.00       0.00          0          0          0
  rootsoldiving    :      44.21       0.00         60          2          0
  rounding         :       1.26       0.00       4223          0          0
  shiftandpropagate:       0.00       0.00          0          0          0
  shifting         :      55.69       0.00      12974          9          9
  simplerounding   :       0.08       0.00          0          0          0
  subnlp           :     137.25       0.00          0          0          0
  trivial          :       0.00       0.00          2          2          2
  trivialnegation  :       0.00       0.00          0          0          0
  trustregion      :       0.00       0.00          0          0          0
  trysol           :       0.14       0.00          0          0          0
  twoopt           :       0.00       0.00          0          0          0
  undercover       :       1.75       0.00          1          1          1
  vbounds          :       0.00       0.00          0          0          0
  veclendiving     :      38.72       0.00        518          0          0
  zeroobj          :       0.00       0.00          0          0          0
  zirounding       :       0.54       0.00       1000          0          0
  other solutions  :          -          -          -          0          -
Diving (single)    :      Calls      Nodes   LP Iters Backtracks  Conflicts   MinDepth   MaxDepth   AvgDepth  RoundSols  NLeafSols  MinSolDpt  MaxSolDpt  AvgSolDpt
  actconsdiving    :          0          -          -          -          -          -          -          -          -          -          -          -          -
  coefdiving       :          0          -          -          -          -          -          -          -          -          -          -          -          -
  conflictdiving   :        518      17140     369034        559      17302         36         65       50.2          0          -          -          -          -
  distributiondivin:        518      12111     540773        581       7079         32         52       40.2          0          -          -          -          -
  farkasdiving     :          0          -          -          -          -          -          -          -          -          -          -          -          -
  fracdiving       :        519      43001     434880        539       6198         41        462      100.0          0          -          -          -          -
  guideddiving     :        518      36909     401699        377       6742         43        413       88.7          0          2         85         86       85.5
  indicatordiving  :          0          -          -          -          -          -          -          -          -          -          -          -          -
  linesearchdiving :        519      14784     426452        574      16131         33         68       45.5          0          -          -          -          -
  pscostdiving     :        519      16737     519379        528      11256         36         60       49.0          0          1         56         56       56.0
  veclendiving     :        518      14589     411926        544      19032         36         60       45.0          0          -          -          -          -
Diving (adaptive)  :      Calls      Nodes   LP Iters Backtracks  Conflicts   MinDepth   MaxDepth   AvgDepth  RoundSols  NLeafSols  MinSolDpt  MaxSolDpt  AvgSolDpt
  actconsdiving    :          9        250       8112         11        100         41         45       43.4          0          -          -          -          -
  coefdiving       :         17        533      12527         18        768         36         58       46.8          0          -          -          -          -
  conflictdiving   :          0          -          -          -          -          -          -          -          -          -          -          -          -
  distributiondivin:          0          -          -          -          -          -          -          -          -          -          -          -          -
  farkasdiving     :          0          -          -          -          -          -          -          -          -          -          -          -          -
  fracdiving       :          2        270       1193          1         26         70        238      154.0          0          -          -          -          -
  guideddiving     :          4        210       3814          4         59         51         84       69.0          0          -          -          -          -
  indicatordiving  :          0          -          -          -          -          -          -          -          -          -          -          -          -
  linesearchdiving :          1         24       1138          1         39         38         38       38.0          0          -          -          -          -
  pscostdiving     :          1         39       1520          1         22         46         46       46.0          0          -          -          -          -
  veclendiving     :          6        168       4411          6        189         38         56       45.3          0          -          -          -          -
Neighborhoods      :      Calls  SetupTime  SolveTime SolveNodes       Sols       Best       Exp3  EpsGreedy        UCB TgtFixRate  Opt  Inf Node Stal  Sol  Usr Othr Actv
  rens             :          4       0.39       0.61         94          0          0    0.00000   -1.00000    0.45642      0.522    0    3    0    1    0    0    0    1
  rins             :          2       0.14       0.12         80          0          0    0.00000   -1.00000    0.46645      0.850    0    1    0    1    0    0    0    1
  mutation         :          7       0.51       0.55        270          4          4    0.00000   -1.00000    0.52182      0.672    2    2    0    3    0    0    0    1
  localbranching   :          2       0.14       0.06         63          0          0    0.00000   -1.00000    0.48466      0.550    0    2    0    0    0    0    0    1
  crossover        :          3       0.30       0.29         95          0          0    0.00000   -1.00000    0.45690      0.662    0    2    0    1    0    0    0    1
  proximity        :          2       0.17       0.12         71          0          0    0.00000   -1.00000    0.47148      0.850    0    1    0    1    0    0    0    1
  zeroobjective    :          7       0.42       1.63        353          3          3    0.00000   -1.00000    0.51646      0.542    3    1    0    3    0    0    0    1
  dins             :          2       0.11       0.07         43          0          0    0.00000   -1.00000    0.50330      0.550    0    2    0    0    0    0    0    1
  trustregion      :          0       0.00       0.00          0          0          0    0.00000   -1.00000    1.00000      0.900    0    0    0    0    0    0    0    0
Expressions        :   #IntEval  IntEvalTi   #RevProp  RevPropTi    DomReds    Cutoffs  #Estimate  EstimTime  Branching  #Simplify SimplifyTi Simplified
  pow              :          0       0.00          0       0.00          0          0          0       0.00          0          0       0.00          0
  prod             :       6320       0.01          0       0.00          0          0          0       0.00          0       4690       0.01          0
  sum              :          8       0.00          2       0.00          0          0          0       0.00          0          3       0.00          2
  var              :       5485       0.00          0       0.00          0          0          0       0.00          0      11154       0.01          0
  varidx           :          0       0.00          0       0.00          0          0          0       0.00          0          0       0.00          0
LP                 :       Time      Calls Iterations  Iter/call   Iter/sec  Time-0-It Calls-0-It    ItLimit
  primal LP        :     113.76      11035          0       0.00       0.00     113.74      11035
  dual LP          :    2500.02     159229   12610172      86.86    5044.03       6.36      14059
  lex dual LP      :       0.00          0          0       0.00          -
  barrier LP       :       0.00          0          0       0.00          -       0.00          0
  resolve instable :       0.00          0          0       0.00          -
  diving/probing LP:     347.40      15728    3621792     230.28   10425.42
  strong branching :      26.94       2890     257646      89.15    9563.70          -          -         49
    (at root node) :          -         19       3485     183.42          -
  conflict analysis:       5.18       3551      35099       9.88    6775.87
NLP relaxation     :
  solve time       :      11.33 (9 calls)
  convexity        :  nonconvex (4 linear rows, 0 convex ineq., 0 nonconvex ineq., 1530 nonlinear eq. or two-sided ineq.)
NLP Solvers        :  #Problems  ProblemTi    #Solves  SolveTime      #Iter  Time/Iter      #Okay #TimeLimit #IterLimit #LObjLimit #Interrupt  #NumError #EvalError  #OutOfMem #LicenseEr #OtherTerm   #GlobOpt    #LocOpt  #Feasible #LocInfeas #GlobInfea #Unbounded   #Unknown
  ipopt            :          2       5.75         12      17.02        334       0.05         12          0          0          0          0          0          0          0          0          0          0          0          0          3          0          0          9
B&B Tree           :
  number of runs   :          1
  nodes            :     124482 (72124 internal, 52358 leaves)
  feasible leaves  :          5
  infeas. leaves   :         13
  objective leaves :      52339
  nodes (total)    :     124482 (72124 internal, 52358 leaves)
  nodes left       :      19717
  max depth        :         46
  max depth (total):         46
  backtracks       :      26935 (21.6%)
  early backtracks :          0 (0.0%)
  nodes exc. ref.  :          0 (0.0%)
  delayed cutoffs  :          0
  repropagations   :         47 (98 domain reductions, 0 cutoffs)
  avg switch length:       4.62
  switching time   :     143.15
Estim. Tree Size   :     249064
Estimation Tree    : 144249 nodes (124532 visited, 72124 internal, 52408 leaves, 19717 open), weight: 0.0000 completed 0.0973
Estimations        :      estim      value      trend resolution     smooth
  wbe              : 21485675044          -          -          -          -
  tree-profile     :         -1          -          -          -          -
  gap              :    1376112    0.77944    0.00002         64    1450186
  tree-weight      :     249064    0.00000    0.00000         64     248720
  leaf-frequency   :    1394957    0.42084    0.00001         64    1281098
  ssg              :    5100836    0.84642   -0.00002         64    5272501
  open-nodes       :     249064 19717.00000    9.76976         64     248720
Root Node          :
  First LP value   : -1.00000000000000e+00
  First LP Iters   :       1031 (12887.50 Iter/sec)
  First LP Time    :       0.08
  Final Dual Bound : -9.31803797468357e-01
  Final Root Iters :       1956
  Root LP Estimate : -4.98844532806632e-01
Solution           :
  Solutions found  :         39 (28 improvements)
  First Solution   : +1.00000000000000e+05   (in run 1, after 0 nodes, 0.02 seconds, depth 0, found by <trivial>)
  Gap First Sol.   :   infinite
  Gap Last Sol.    :      31.43 %
  Primal Bound     : -5.75949367088607e-01   (in run 1, after 77714 nodes, 2284.78 seconds, depth 34, found by <crossover>)
  Dual Bound       : -7.38924050632913e-01
  Gap              :      28.30 %
Integrals          :      Total       Avg%
  primal-dual      :   93905.41      26.08
  primal-ref       :          -          - (not evaluated)
  dual-ref         :          -          - (not evaluated)
