SCIP Status        : solving was interrupted [time limit reached]
Total Time         :    3600.00
  solving          :    3600.00
  presolving       :       0.21 (included in solving)
  reading          :       0.00
  copying          :       1.54 (56 #copies) (minimal 0.00, maximal 0.06, average 0.03)
Original Problem   :
  Problem name     : bbbenchmark/g05_60.8.cut
  Variables        : 61 (60 binary, 0 integer, 0 implicit integer, 1 continuous)
  Constraints      : 1 initial, 1 maximal
  Objective        : minimize, 1 non-zeros (abs.min = 1, abs.max = 1)
Presolved Problem  :
  Problem name     : t_bbbenchmark/g05_60.8.cut
  Variables        : 946 (60 binary, 0 integer, 885 implicit integer, 1 continuous)
  Constraints      : 886 initial, 10513 maximal
  Objective        : minimize, 1 non-zeros (abs.min = 1, abs.max = 1)
  Nonzeros         : 3601 constraint, 122 clique table
Presolvers         :   ExecTime  SetupTime  Calls  FixedVars   AggrVars   ChgTypes  ChgBounds   AddHoles    DelCons    AddCons   ChgSides   ChgCoefs
  boundshift       :       0.00       0.00      0          0          0          0          0          0          0          0          0          0
  convertinttobin  :       0.00       0.00      0          0          0          0          0          0          0          0          0          0
  domcol           :       0.00       0.00      1          0          0          0          0          0          0          0          0          0
  dualagg          :       0.00       0.00      0          0          0          0          0          0          0          0          0          0
  dualcomp         :       0.00       0.00      1          0          0          0          0          0          0          0          0          0
  dualinfer        :       0.00       0.00      0          0          0          0          0          0          0          0          0          0
  dualsparsify     :       0.00       0.00      1          0          0          0          0          0          0          0          0          0
  gateextraction   :       0.00       0.00      0          0          0          0          0          0          0          0          0          0
  implics          :       0.00       0.00      2          0          0          0          0          0          0          0          0          0
  inttobinary      :       0.00       0.00      0          0          0          0          0          0          0          0          0          0
  qpkktref         :       0.00       0.00      0          0          0          0          0          0          0          0          0          0
  redvub           :       0.00       0.00      0          0          0          0          0          0          0          0          0          0
  sparsify         :       0.00       0.00      1          0          0          0          0          0          0          0          0          0
  stuffing         :       0.00       0.00      0          0          0          0          0          0          0          0          0          0
  trivial          :       0.00       0.00      4          0          0          0          0          0          0          0          0          0
  tworowbnd        :       0.00       0.00      0          0          0          0          0          0          0          0          0          0
  dualfix          :       0.00       0.00      4          0          0          0          0          0          0          0          0          0
  genvbounds       :       0.00       0.00      0          0          0          0          0          0          0          0          0          0
  probing          :       0.12       0.00      1          0          0          0          0          0          0          0          0          0
  pseudoobj        :       0.00       0.00      1          0          0          0          1          0          0          0          0          0
  symmetry         :       0.00       0.00      0          0          0          0          0          0          0          0          0          0
  vbounds          :       0.00       0.00      1          0          0          0          0          0          0          0          0          0
  and              :       0.00       0.00      2          0          0          0          0          0          0          0          0          0
  linear           :       0.01       0.00      2          0          0          0          0          0          0          0          0          0
  logicor          :       0.00       0.00      0          0          0          0          0          0          0          0          0          0
  nonlinear        :       0.08       0.00      5          0          0          0          1          0          0        885          0          0
  benders          :       0.00       0.00      0          0          0          0          0          0          0          0          0          0
  components       :       0.00       0.00      1          0          0          0          0          0          0          0          0          0
  root node        :          -          -      -          0          -          -         41          -          -          -          -          -
Constraints        :     Number  MaxNumber  #Separate #Propagate    #EnfoLP    #EnfoRelax  #EnfoPS    #Check   #ResProp    Cutoffs    DomReds       Cuts    Applied      Conss   Children
  benderslp        :          0          0          0          0     101306          0          0      28467          0          0          0          0          0          0          0
  integral         :          0          0          0          0     101306          0          0      28467          0          1       6259          0          0       2527     198802
  and              :        885        885     118240     680375         16          0          0         35     160310         18    3591497        597        575          0          0
  linear           :          1+         2         63     680357         16          0          0         33          0          0          4          0          0          0          0
  logicor          :          0+      9626          0     190187          0          0          0          0        413        552         98          0          0          0          0
  benders          :          0          0          0          0         16          0          0         36          0          0          0          0          0          0          0
  countsols        :          0          0          0          0         16          0          0         36          0          0          0          0          0          0          0
  components       :          0          0          0          0          0          0          0          0          0          0          0          0          0          0          0
Constraint Timings :  TotalTime  SetupTime   Separate  Propagate     EnfoLP     EnfoPS     EnfoRelax   Check    ResProp    SB-Prop
  benderslp        :       0.12       0.00       0.00       0.00       0.12       0.00       0.00       0.00       0.00       0.00
  integral         :      37.18       0.00       0.00       0.00      37.15       0.00       0.00       0.03       0.00       0.00
  and              :      56.01       0.00      32.67      22.87       0.00       0.00       0.00       0.00       0.19       0.28
  linear           :       0.52       0.00       0.00       0.51       0.00       0.00       0.00       0.00       0.00       0.01
  logicor          :      19.93       0.00       0.00      19.88       0.00       0.00       0.00       0.00       0.01       0.04
  benders          :       0.00       0.00       0.00       0.00       0.00       0.00       0.00       0.00       0.00       0.00
  countsols        :       0.00       0.00       0.00       0.00       0.00       0.00       0.00       0.00       0.00       0.00
  components       :       0.21       0.00       0.00       0.19       0.00       0.00       0.00       0.00       0.00       0.02
Propagators        : #Propagate   #ResProp    Cutoffs    DomReds
  dualfix          :          4          0          0          0
  genvbounds       :          0          0          0          0
  nlobbt           :          0          0          0          0
  obbt             :          0          0          0          0
  probing          :          0          0          0          0
  pseudoobj        :     518304          0          0         41
  redcost          :     254264          0          0     480202
  rootredcost      :         31          0          0          0
  symmetry         :          0          0          0          0
  vbounds          :      61355          0          0          0
Propagator Timings :  TotalTime  SetupTime   Presolve  Propagate    ResProp    SB-Prop
  dualfix          :       0.00       0.00       0.00       0.00       0.00       0.00
  genvbounds       :       0.48       0.00       0.00       0.48       0.00       0.00
  nlobbt           :       0.00       0.00       0.00       0.00       0.00       0.00
  obbt             :       0.00       0.00       0.00       0.00       0.00       0.00
  probing          :       0.12       0.00       0.12       0.00       0.00       0.00
  pseudoobj        :       0.85       0.00       0.00       0.83       0.00       0.02
  redcost          :       8.42       0.00       0.00       8.42       0.00       0.00
  rootredcost      :       0.57       0.00       0.00       0.55       0.00       0.02
  symmetry         :       0.30       0.00       0.00       0.29       0.00       0.01
  vbounds          :       0.41       0.00       0.00       0.41       0.00       0.00
Conflict Analysis  :       Time      Calls    Success    DomReds  Conflicts   Literals    Reconvs ReconvLits   Dualrays   Nonzeros   LP Iters   (pool size: [10000,10000])
  propagation      :       0.01        570        411          -        452       31.1          0        0.0          -          -          -
  infeasible LP    :       0.00          0          0          -          0        0.0          0        0.0          1       38.0          0
  bound exceed. LP :      16.16      11839       9121          -      70429       38.3          2       25.5          0        0.0      74528
  strong branching :       0.00          0          0          -          0        0.0          0        0.0          -          -          0
  pseudo solution  :       0.00          0          0          -          0        0.0          0        0.0          -          -          -
  applied globally :       0.18          -          -          0      30149       38.8          -          -          1          -          -
  applied locally  :          -          -          -          0          0        0.0          -          -          0          -          -
Separators         :   ExecTime  SetupTime      Calls  RootCalls    Cutoffs    DomReds  FoundCuts ViaPoolAdd  DirectAdd    Applied ViaPoolApp  DirectApp      Conss
  cut pool         :       2.04          -      35847         87          -          -      23681     311501          -          -          -          -          -    (maximal pool size:       1499)
  aggregation      :     134.93       0.00       4358         63          0          0          7          7          0          3          3          0          0
  > cmir           :          -          -          -          -          -          -          -          7          0          3          3          0          -
  > flowcover      :          -          -          -          -          -          -          -          0          0          0          0          0          -
  > knapsackcover  :          -          -          -          -          -          -          -          0          0          0          0          0          -
  cgmip            :       0.00       0.00          0          0          0          0          0          0          0          0          0          0          0
  clique           :       0.00       0.00         63         63          0          0          0          0          0          0          0          0          0
  closecuts        :       0.00       0.00          0          0          0          0          0          0          0          0          0          0          0
  convexproj       :       0.00       0.00          0          0          0          0          0          0          0          0          0          0          0
  disjunctive      :       0.00       0.00          0          0          0          0          0          0          0          0          0          0          0
  eccuts           :       0.00       0.00          0          0          0          0          0          0          0          0          0          0          0
  gauge            :       0.00       0.00          0          0          0          0          0          0          0          0          0          0          0
  gomory           :       0.00       0.00          0          0          0          0          0          0          0          0          0          0          0
  > gomorymi       :          -          -          -          -          -          -          -          0          0          0          0          0          -
  > strongcg       :          -          -          -          -          -          -          -          0          0          0          0          0          -
  impliedbounds    :       0.07       0.00       4358         63          0          0          6          0          0          0          0          0          0
  interlattice     :       0.00       0.00          0          0          0          0          0          0          0          0          0          0          0
  interminor       :       0.00       0.00          0          0          0          0          0          0          0          0          0          0          0
  intersub         :       0.13       0.00         29         29          0          0         27          0         27         27          0         27          0
  intobj           :       0.00       0.00          0          0          0          0          0          0          0          0          0          0          0
  mcf              :       0.00       0.00          1          1          0          0          0          0          0          0          0          0          0
  minor            :       0.01       0.00          0          0          0          0          0          0          0          0          0          0          0
  mixing           :       0.02       0.00       4358         63          0          0          0          0          0          0          0          0          0
  oddcycle         :       0.00       0.00          0          0          0          0          0          0          0          0          0          0          0
  rapidlearning    :       0.07       0.00          0          0          0          0          0          0          0          0          0          0          0
  rlt              :       0.00       0.00         10         10          0          0          0          0          0          0          0          0          0
  zerohalf         :      19.13       0.00       3559         20          0          0      23668     311494          0      81372      81372          0          0
Cutselectors       :   ExecTime  SetupTime      Calls  RootCalls   Selected     Forced   Filtered  RootSelec   RootForc   RootFilt 
  hybrid           :       0.28       0.00      19772         61      81977          0     230148        209          0         14
Pricers            :   ExecTime  SetupTime      Calls       Vars
  problem variables:       0.00          -          0          0
Branching Rules    :   ExecTime  SetupTime   BranchLP  BranchExt   BranchPS    Cutoffs    DomReds       Cuts      Conss   Children
  allfullstrong    :       0.00       0.00          0          0          0          0          0          0          0          0
  cloud            :       0.00       0.00          0          0          0          0          0          0          0          0
  distribution     :       0.00       0.00          0          0          0          0          0          0          0          0
  fullstrong       :       0.00       0.00          0          0          0          0          0          0          0          0
  inference        :       0.00       0.00          0          0          0          0          0          0          0          0
  leastinf         :       0.00       0.00          0          0          0          0          0          0          0          0
  lookahead        :       0.00       0.00          0          0          0          0          0          0          0          0
  mostinf          :       0.00       0.00          0          0          0          0          0          0          0          0
  multaggr         :       0.00       0.00          0          0          0          0          0          0          0          0
  nodereopt        :       0.00       0.00          0          0          0          0          0          0          0          0
  pscost           :       0.00       0.00          0          0          0          0          0          0          0          0
  random           :       0.00       0.00          0          0          0          0          0          0          0          0
  relpscost        :      36.84       0.00     101290          0          0          1       6259          0       2531     198802
  vanillafullstrong:       0.00       0.00          0          0          0          0          0          0          0          0
Primal Heuristics  :   ExecTime  SetupTime      Calls      Found       Best
  LP solutions     :       0.02          -          -         16         16
  relax solutions  :       0.00          -          -          0          0
  pseudo solutions :       0.00          -          -          0          0
  strong branching :       0.04          -          -          4          4
  actconsdiving    :       0.00       0.00          0          0          0
  adaptivediving   :       8.43       0.00        295          1          1
  alns             :       2.97       0.00         27          3          3
  bound            :       0.00       0.00          0          0          0
  clique           :       0.01       0.00          1          0          0
  coefdiving       :       0.00       0.00          0          0          0
  completesol      :       0.00       0.00          0          0          0
  conflictdiving   :      11.47       0.00        543          1          1
  crossover        :       0.18       0.00          2          1          1
  dins             :       0.00       0.00          0          0          0
  distributiondivin:      30.73       0.00        543          0          0
  dps              :       0.00       0.00          0          0          0
  dualval          :       0.00       0.00          0          0          0
  farkasdiving     :       0.00       0.00          0          0          0
  feaspump         :       0.01       0.00          0          0          0
  fixandinfer      :       0.00       0.00          0          0          0
  fracdiving       :      19.92       0.00        543          0          0
  gins             :       0.10       0.00          0          0          0
  guideddiving     :      18.65       0.00        543          0          0
  indicator        :       0.12       0.00          0          0          0
  indicatordiving  :       0.00       0.00          0          0          0
  intdiving        :       0.00       0.00          0          0          0
  intshifting      :       0.14       0.00         30          0          0
  linesearchdiving :      17.65       0.00        543          0          0
  localbranching   :       0.00       0.00          0          0          0
  locks            :       0.00       0.00          1          0          0
  lpface           :       0.10       0.00          0          0          0
  mpec             :       1.50       0.00          1          0          0
  multistart       :       0.00       0.00          0          0          0
  mutation         :       0.00       0.00          0          0          0
  nlpdiving        :       4.43       0.00         10          0          0
  objpscostdiving  :      57.53       0.00        210          4          3
  octane           :       0.00       0.00          0          0          0
  ofins            :       0.13       0.00          0          0          0
  oneopt           :       0.16       0.00         42          0          0
  padm             :       0.00       0.00          0          0          0
  proximity        :       0.00       0.00          0          0          0
  pscostdiving     :      18.23       0.00        542          2          2
  randrounding     :       0.93       0.00      28427          0          0
  rens             :       0.00       0.00          0          0          0
  reoptsols        :       0.00       0.00          0          0          0
  repair           :       0.00       0.00          0          0          0
  rins             :       7.62       0.00         27          2          1
  rootsoldiving    :      28.38       0.00        109          0          0
  rounding         :       0.80       0.00       4823          0          0
  shiftandpropagate:       0.00       0.00          0          0          0
  shifting         :      41.77       0.00      22611         13         10
  simplerounding   :       0.19       0.00          0          0          0
  subnlp           :      86.22       0.00          0          0          0
  trivial          :       0.00       0.00          2          2          2
  trivialnegation  :       0.00       0.00          0          0          0
  trustregion      :       0.00       0.00          0          0          0
  trysol           :       0.18       0.00          0          0          0
  twoopt           :       0.00       0.00          0          0          0
  undercover       :       0.14       0.00          1          0          0
  vbounds          :       0.00       0.00          0          0          0
  veclendiving     :      10.11       0.00        543          0          0
  zeroobj          :       0.00       0.00          0          0          0
  zirounding       :       0.28       0.00       1000          0          0
  other solutions  :          -          -          -          0          -
Diving (single)    :      Calls      Nodes   LP Iters Backtracks  Conflicts   MinDepth   MaxDepth   AvgDepth  RoundSols  NLeafSols  MinSolDpt  MaxSolDpt  AvgSolDpt
  actconsdiving    :          0          -          -          -          -          -          -          -          -          -          -          -          -
  coefdiving       :          0          -          -          -          -          -          -          -          -          -          -          -          -
  conflictdiving   :        543      10156     113052        564      11340         24         45       33.3          0          1         36         36       36.0
  distributiondivin:        543       7405     235950        733       5883         22         38       27.9          0          -          -          -          -
  farkasdiving     :          0          -          -          -          -          -          -          -          -          -          -          -          -
  fracdiving       :        543      61402     209612        492       3079         33        273      127.7          0          -          -          -          -
  guideddiving     :        543      56608     206590        377       2868         33        249      119.2          0          -          -          -          -
  indicatordiving  :          0          -          -          -          -          -          -          -          -          -          -          -          -
  linesearchdiving :        543      13450     200329        719      11318         25         55       38.9          0          -          -          -          -
  pscostdiving     :        542       9892     217965        559       9668         24         44       32.8          0          2         41         42       41.5
  veclendiving     :        543       9982      89857        551      12752         27         51       33.0          0          -          -          -          -
Diving (adaptive)  :      Calls      Nodes   LP Iters Backtracks  Conflicts   MinDepth   MaxDepth   AvgDepth  RoundSols  NLeafSols  MinSolDpt  MaxSolDpt  AvgSolDpt
  actconsdiving    :         35        521      17278         51        368         24         33       28.6          0          -          -          -          -
  coefdiving       :         83       1550      16805         83       1994         28         42       32.9          0          -          -          -          -
  conflictdiving   :          0          -          -          -          -          -          -          -          -          -          -          -          -
  distributiondivin:          0          -          -          -          -          -          -          -          -          -          -          -          -
  farkasdiving     :          0          -          -          -          -          -          -          -          -          -          -          -          -
  fracdiving       :         13       1554       5275         14         84         49        251      133.6          0          -          -          -          -
  guideddiving     :         23       2209       9571         17        184         50        219      109.9          0          1         73         73       73.0
  indicatordiving  :          0          -          -          -          -          -          -          -          -          -          -          -          -
  linesearchdiving :         34        812      12262         48        737         28         51       38.3          0          -          -          -          -
  pscostdiving     :         44        802      17746         45        742         29         38       32.7          0          -          -          -          -
  veclendiving     :         63       1169       8903         64       1416         29         42       33.1          0          -          -          -          -
Neighborhoods      :      Calls  SetupTime  SolveTime SolveNodes       Sols       Best       Exp3  EpsGreedy        UCB TgtFixRate  Opt  Inf Node Stal  Sol  Usr Othr Actv
  rens             :          3       0.13       0.05          6          0          0    0.00000   -1.00000    0.53414      0.437    0    3    0    0    0    0    0    1
  rins             :          5       0.24       0.22        126          1          1    0.00000   -1.00000    0.45017      0.466    0    3    0    1    0    0    1    1
  mutation         :          6       0.27       0.39        146          2          2    0.00000   -1.00000    0.49717      0.562    1    3    0    2    0    0    0    1
  localbranching   :          3       0.17       0.11         58          0          0    0.00000   -1.00000    0.45966      0.662    0    2    0    1    0    0    0    1
  crossover        :          2       0.09       0.02          9          0          0    0.00000   -1.00000    0.53890      0.550    0    2    0    0    0    0    0    1
  proximity        :          3       0.17       0.38         69          0          0    0.00000   -1.00000    0.45778      0.662    0    2    0    1    0    0    0    1
  zeroobjective    :          2       0.06       0.03         16          0          0    0.00000   -1.00000    0.52990      0.550    0    2    0    0    0    0    0    1
  dins             :          3       0.18       0.18         61          0          0    0.00000   -1.00000    0.45966      0.662    0    2    0    1    0    0    0    1
  trustregion      :          0       0.00       0.00          0          0          0    0.00000   -1.00000    1.00000      0.900    0    0    0    0    0    0    0    0
Expressions        :   #IntEval  IntEvalTi   #RevProp  RevPropTi    DomReds    Cutoffs  #Estimate  EstimTime  Branching  #Simplify SimplifyTi Simplified
  pow              :          0       0.00          0       0.00          0          0          0       0.00          0          0       0.00          0
  prod             :       3540       0.01          0       0.00          0          0          0       0.00          0       2655       0.00          0
  sum              :          8       0.00          2       0.00          0          0          0       0.00          0          3       0.05          2
  var              :       3327       0.00          0       0.00          0          0          0       0.00          0       6378       0.00          0
  varidx           :          0       0.00          0       0.00          0          0          0       0.00          0          0       0.00          0
LP                 :       Time      Calls Iterations  Iter/call   Iter/sec  Time-0-It Calls-0-It    ItLimit
  primal LP        :     140.85      18204          0       0.00       0.00     140.75      18204
  dual LP          :    2672.01     236792   21244869     103.69    7950.89       9.27      31905
  lex dual LP      :       0.00          0          0       0.00          -
  barrier LP       :       0.00          0          0       0.00          -       0.00          0
  resolve instable :       0.00          0          0       0.00          -
  diving/probing LP:     176.45      18004    2139531     118.84   12125.42
  strong branching :      18.45       3233     244898      75.75   13273.60          -          -         83
    (at root node) :          -         19       3778     198.84          -
  conflict analysis:       8.72       7530      74528       9.90    8546.79
NLP relaxation     :
  solve time       :       4.43 (10 calls)
  convexity        :  nonconvex (1 linear rows, 0 convex ineq., 0 nonconvex ineq., 885 nonlinear eq. or two-sided ineq.)
NLP Solvers        :  #Problems  ProblemTi    #Solves  SolveTime      #Iter  Time/Iter      #Okay #TimeLimit #IterLimit #LObjLimit #Interrupt  #NumError #EvalError  #OutOfMem #LicenseEr #OtherTerm   #GlobOpt    #LocOpt  #Feasible #LocInfeas #GlobInfea #Unbounded   #Unknown
  ipopt            :          2       5.92         13       5.92        323       0.02         13          0          0          0          0          0          0          0          0          0          0          0          0          3          0          0         10
B&B Tree           :
  number of runs   :          1
  nodes            :     183274 (99401 internal, 83873 leaves)
  feasible leaves  :         16
  infeas. leaves   :         47
  objective leaves :      83810
  nodes (total)    :     183274 (99401 internal, 83873 leaves)
  nodes left       :      15489
  max depth        :         36
  max depth (total):         36
  backtracks       :      44751 (24.4%)
  early backtracks :          0 (0.0%)
  nodes exc. ref.  :          0 (0.0%)
  delayed cutoffs  :          1
  repropagations   :         47 (239 domain reductions, 0 cutoffs)
  avg switch length:       3.95
  switching time   :     172.82
Estim. Tree Size   :    3479671
Estimation Tree    : 198803 nodes (183314 visited, 99401 internal, 83913 leaves, 15489 open), weight: 0.0458 completed 0.2397
Estimations        :      estim      value      trend resolution     smooth
  wbe              :    3662130          -          -          -          -
  tree-profile     :         -1          -          -          -          -
  gap              :     982968    0.88771    0.00004        128     986790
  tree-weight      :    3479672    0.04583    0.00007        128    3425756
  leaf-frequency   :    1701776    0.45775    0.00001        128    1718939
  ssg              :    1686533    0.64801   -0.00011        128    1661255
  open-nodes       :     366628 15489.00000    8.81511        128     366124
Root Node          :
  First LP value   : -1.00000000000000e+00
  First LP Iters   :        708 (23600.00 Iter/sec)
  First LP Time    :       0.03
  Final Dual Bound : -8.96772934181687e-01
  Final Root Iters :       2540
  Root LP Estimate : -5.32573061195314e-01
Solution           :
  Solutions found  :         49 (44 improvements)
  First Solution   : +1.00000000000000e+05   (in run 1, after 0 nodes, 0.02 seconds, depth 0, found by <trivial>)
  Gap First Sol.   :   infinite
  Gap Last Sol.    :      15.10 %
  Primal Bound     : -5.96610169491526e-01   (in run 1, after 118380 nodes, 2023.26 seconds, depth 20, found by <alns>)
  Dual Bound       : -6.72077480022396e-01
  Gap              :      12.65 %
Integrals          :      Total       Avg%
  primal-dual      :   55185.68      15.33
  primal-ref       :          -          - (not evaluated)
  dual-ref         :          -          - (not evaluated)
