SCIP Status        : solving was interrupted [time limit reached]
Total Time         :    3600.00
  solving          :    3600.00
  presolving       :       0.19 (included in solving)
  reading          :       0.00
  copying          :       0.69 (33 #copies) (minimal 0.01, maximal 0.04, average 0.02)
Original Problem   :
  Problem name     : bbbenchmark/g05_60.1.cut
  Variables        : 61 (60 binary, 0 integer, 0 implicit integer, 1 continuous)
  Constraints      : 1 initial, 1 maximal
  Objective        : minimize, 1 non-zeros (abs.min = 1, abs.max = 1)
Presolved Problem  :
  Problem name     : t_bbbenchmark/g05_60.1.cut
  Variables        : 946 (60 binary, 0 integer, 885 implicit integer, 1 continuous)
  Constraints      : 886 initial, 6548 maximal
  Objective        : minimize, 1 non-zeros (abs.min = 1, abs.max = 1)
  Nonzeros         : 3601 constraint, 122 clique table
Presolvers         :   ExecTime  SetupTime  Calls  FixedVars   AggrVars   ChgTypes  ChgBounds   AddHoles    DelCons    AddCons   ChgSides   ChgCoefs
  boundshift       :       0.00       0.00      0          0          0          0          0          0          0          0          0          0
  convertinttobin  :       0.00       0.00      0          0          0          0          0          0          0          0          0          0
  domcol           :       0.00       0.00      1          0          0          0          0          0          0          0          0          0
  dualagg          :       0.00       0.00      0          0          0          0          0          0          0          0          0          0
  dualcomp         :       0.00       0.00      1          0          0          0          0          0          0          0          0          0
  dualinfer        :       0.00       0.00      0          0          0          0          0          0          0          0          0          0
  dualsparsify     :       0.00       0.00      1          0          0          0          0          0          0          0          0          0
  gateextraction   :       0.00       0.00      0          0          0          0          0          0          0          0          0          0
  implics          :       0.00       0.00      2          0          0          0          0          0          0          0          0          0
  inttobinary      :       0.00       0.00      0          0          0          0          0          0          0          0          0          0
  qpkktref         :       0.00       0.00      0          0          0          0          0          0          0          0          0          0
  redvub           :       0.00       0.00      0          0          0          0          0          0          0          0          0          0
  sparsify         :       0.00       0.00      1          0          0          0          0          0          0          0          0          0
  stuffing         :       0.00       0.00      0          0          0          0          0          0          0          0          0          0
  trivial          :       0.00       0.00      4          0          0          0          0          0          0          0          0          0
  tworowbnd        :       0.00       0.00      0          0          0          0          0          0          0          0          0          0
  dualfix          :       0.00       0.00      4          0          0          0          0          0          0          0          0          0
  genvbounds       :       0.00       0.00      0          0          0          0          0          0          0          0          0          0
  probing          :       0.13       0.00      1          0          0          0          0          0          0          0          0          0
  pseudoobj        :       0.00       0.00      1          0          0          0          1          0          0          0          0          0
  symmetry         :       0.00       0.00      0          0          0          0          0          0          0          0          0          0
  vbounds          :       0.00       0.00      1          0          0          0          0          0          0          0          0          0
  and              :       0.00       0.00      2          0          0          0          0          0          0          0          0          0
  linear           :       0.00       0.00      2          0          0          0          0          0          0          0          0          0
  logicor          :       0.00       0.00      0          0          0          0          0          0          0          0          0          0
  nonlinear        :       0.06       0.01      5          0          0          0          1          0          0        885          0          0
  benders          :       0.00       0.00      0          0          0          0          0          0          0          0          0          0
  components       :       0.00       0.00      1          0          0          0          0          0          0          0          0          0
  root node        :          -          -      -          0          -          -         45          -          -          -          -          -
Constraints        :     Number  MaxNumber  #Separate #Propagate    #EnfoLP    #EnfoRelax  #EnfoPS    #Check   #ResProp    Cutoffs    DomReds       Cuts    Applied      Conss   Children
  benderslp        :          0          0          0          0      93455          0          0      11751          0          0          0          0          0          0          0
  integral         :          0          0          0          0      93455          0          0      11751          0          1      12600          0          0       4604     181150
  and              :        885        885     105813     602851         11          0          0         26     128098         81    3429171       2896       2813          0          0
  linear           :          1+         7         57     602770         11          0          0         24          1          0          0          0          0          0          0
  logicor          :          0+      5656          0     156849          0          0          0          0       1322        876        150          0          0          0          0
  benders          :          0          0          0          0         11          0          0         27          0          0          0          0          0          0          0
  countsols        :          0          0          0          0         11          0          0         27          0          0          0          0          0          0          0
  components       :          0          0          0          0          0          0          0          0          0          0          0          0          0          0          0
Constraint Timings :  TotalTime  SetupTime   Separate  Propagate     EnfoLP     EnfoPS     EnfoRelax   Check    ResProp    SB-Prop
  benderslp        :       0.08       0.00       0.00       0.00       0.07       0.00       0.00       0.01       0.00       0.00
  integral         :      53.44       0.00       0.00       0.00      53.43       0.00       0.00       0.01       0.00       0.00
  and              :      72.39       0.00      43.13      28.46       0.00       0.00       0.00       0.00       0.18       0.62
  linear           :       0.57       0.00       0.01       0.53       0.00       0.00       0.00       0.00       0.00       0.03
  logicor          :      18.07       0.00       0.00      17.99       0.00       0.00       0.00       0.00       0.01       0.07
  benders          :       0.00       0.00       0.00       0.00       0.00       0.00       0.00       0.00       0.00       0.00
  countsols        :       0.00       0.00       0.00       0.00       0.00       0.00       0.00       0.00       0.00       0.00
  components       :       0.24       0.00       0.00       0.24       0.00       0.00       0.00       0.00       0.00       0.00
Propagators        : #Propagate   #ResProp    Cutoffs    DomReds
  dualfix          :          4          0          0          0
  genvbounds       :          0          0          0          0
  nlobbt           :          0          0          0          0
  obbt             :          0          0          0          0
  probing          :          0          0          0          0
  pseudoobj        :     483980          0          0         46
  redcost          :     229460          0          0     490825
  rootredcost      :         18          0          0          0
  symmetry         :          0          0          0          0
  vbounds          :      81941          0          0          0
Propagator Timings :  TotalTime  SetupTime   Presolve  Propagate    ResProp    SB-Prop
  dualfix          :       0.00       0.00       0.00       0.00       0.00       0.00
  genvbounds       :       0.48       0.00       0.00       0.47       0.00       0.01
  nlobbt           :       0.00       0.00       0.00       0.00       0.00       0.00
  obbt             :       0.00       0.00       0.00       0.00       0.00       0.00
  probing          :       0.13       0.00       0.13       0.00       0.00       0.00
  pseudoobj        :       0.64       0.00       0.00       0.63       0.00       0.01
  redcost          :      10.24       0.00       0.00      10.23       0.00       0.01
  rootredcost      :       0.63       0.00       0.00       0.63       0.00       0.00
  symmetry         :       0.32       0.00       0.00       0.32       0.00       0.00
  vbounds          :       0.55       0.00       0.00       0.55       0.00       0.00
Conflict Analysis  :       Time      Calls    Success    DomReds  Conflicts   Literals    Reconvs ReconvLits   Dualrays   Nonzeros   LP Iters   (pool size: [10000,10000])
  propagation      :       0.00        957        574          -        672       27.7          0        0.0          -          -          -
  infeasible LP    :       0.00          0          0          -          0        0.0          0        0.0          6       29.2          0
  bound exceed. LP :      19.19      13793      10294          -      59889       32.7          9       24.8          0        0.0      65096
  strong branching :       0.00          0          0          -          0        0.0          0        0.0          -          -          0
  pseudo solution  :       0.00          0          0          -          0        0.0          0        0.0          -          -          -
  applied globally :       0.23          -          -          0      26575       32.0          -          -          6          -          -
  applied locally  :          -          -          -          0          0        0.0          -          -          0          -          -
Separators         :   ExecTime  SetupTime      Calls  RootCalls    Cutoffs    DomReds  FoundCuts ViaPoolAdd  DirectAdd    Applied ViaPoolApp  DirectApp      Conss
  cut pool         :       2.67          -      19840         81          -          -      24570     344695          -          -          -          -          -    (maximal pool size:       1245)
  aggregation      :     143.70       0.00       4245         57          0          0         25          5          0          3          3          0          0
  > cmir           :          -          -          -          -          -          -          -          5          0          3          3          0          -
  > flowcover      :          -          -          -          -          -          -          -          0          0          0          0          0          -
  > knapsackcover  :          -          -          -          -          -          -          -          0          0          0          0          0          -
  cgmip            :       0.00       0.00          0          0          0          0          0          0          0          0          0          0          0
  clique           :       0.00       0.00         57         57          0          0          0          0          0          0          0          0          0
  closecuts        :       0.00       0.00          0          0          0          0          0          0          0          0          0          0          0
  convexproj       :       0.00       0.00          0          0          0          0          0          0          0          0          0          0          0
  disjunctive      :       0.00       0.00          0          0          0          0          0          0          0          0          0          0          0
  eccuts           :       0.00       0.00          0          0          0          0          0          0          0          0          0          0          0
  gauge            :       0.00       0.00          0          0          0          0          0          0          0          0          0          0          0
  gomory           :       0.00       0.00          0          0          0          0          0          0          0          0          0          0          0
  > gomorymi       :          -          -          -          -          -          -          -          0          0          0          0          0          -
  > strongcg       :          -          -          -          -          -          -          -          0          0          0          0          0          -
  impliedbounds    :       0.17       0.00       4245         57          0          0          5          0          0          0          0          0          0
  interlattice     :       0.00       0.00          0          0          0          0          0          0          0          0          0          0          0
  interminor       :       0.00       0.00          0          0          0          0          0          0          0          0          0          0          0
  intersub         :       0.13       0.00         26         26          0          0         24          0         24         24          0         24          0
  intobj           :       0.00       0.00          0          0          0          0          0          0          0          0          0          0          0
  mcf              :       0.00       0.00          1          1          0          0          0          0          0          0          0          0          0
  minor            :       0.00       0.00          0          0          0          0          0          0          0          0          0          0          0
  mixing           :       0.00       0.00       4245         57          0          0          0          0          0          0          0          0          0
  oddcycle         :       0.00       0.00          0          0          0          0          0          0          0          0          0          0          0
  rapidlearning    :       0.02       0.00          0          0          0          0          0          0          0          0          0          0          0
  rlt              :       0.00       0.00         10         10          0          0          0          0          0          0          0          0          0
  zerohalf         :      19.55       0.00       3656         20          0          0      24540     344690          0      75423      75423          0          0
Cutselectors       :   ExecTime  SetupTime      Calls  RootCalls   Selected     Forced   Filtered  RootSelec   RootForc   RootFilt 
  hybrid           :       0.35       0.00      14087         55      78263          0     269352        211          0          3
Pricers            :   ExecTime  SetupTime      Calls       Vars
  problem variables:       0.00          -          0          0
Branching Rules    :   ExecTime  SetupTime   BranchLP  BranchExt   BranchPS    Cutoffs    DomReds       Cuts      Conss   Children
  allfullstrong    :       0.00       0.00          0          0          0          0          0          0          0          0
  cloud            :       0.00       0.00          0          0          0          0          0          0          0          0
  distribution     :       0.00       0.00          0          0          0          0          0          0          0          0
  fullstrong       :       0.00       0.00          0          0          0          0          0          0          0          0
  inference        :       0.00       0.00          0          0          0          0          0          0          0          0
  leastinf         :       0.00       0.00          0          0          0          0          0          0          0          0
  lookahead        :       0.00       0.00          0          0          0          0          0          0          0          0
  mostinf          :       0.00       0.00          0          0          0          0          0          0          0          0
  multaggr         :       0.00       0.00          0          0          0          0          0          0          0          0
  nodereopt        :       0.00       0.00          0          0          0          0          0          0          0          0
  pscost           :       0.00       0.00          0          0          0          0          0          0          0          0
  random           :       0.00       0.00          0          0          0          0          0          0          0          0
  relpscost        :      53.08       0.00      93444          0          0          1      12600          0       4632     181150
  vanillafullstrong:       0.00       0.00          0          0          0          0          0          0          0          0
Primal Heuristics  :   ExecTime  SetupTime      Calls      Found       Best
  LP solutions     :       0.00          -          -         11         11
  relax solutions  :       0.00          -          -          0          0
  pseudo solutions :       0.00          -          -          0          0
  strong branching :       0.04          -          -          1          1
  actconsdiving    :       0.00       0.00          0          0          0
  adaptivediving   :       2.58       0.00         99          0          0
  alns             :       2.27       0.00         23          2          2
  bound            :       0.00       0.00          0          0          0
  clique           :       0.01       0.00          1          0          0
  coefdiving       :       0.00       0.00          0          0          0
  completesol      :       0.00       0.00          0          0          0
  conflictdiving   :      10.77       0.00        505          0          0
  crossover        :       0.02       0.00          0          0          0
  dins             :       0.00       0.00          0          0          0
  distributiondivin:      30.32       0.00        506          0          0
  dps              :       0.00       0.00          0          0          0
  dualval          :       0.00       0.00          0          0          0
  farkasdiving     :       0.01       0.00          0          0          0
  feaspump         :       0.09       0.00          1          1          1
  fixandinfer      :       0.00       0.00          0          0          0
  fracdiving       :      15.92       0.00        506          0          0
  gins             :       0.00       0.00          0          0          0
  guideddiving     :      15.74       0.00        506          3          3
  indicator        :       0.14       0.00          0          0          0
  indicatordiving  :       0.00       0.00          0          0          0
  intdiving        :       0.00       0.00          0          0          0
  intshifting      :       0.10       0.00         24          0          0
  linesearchdiving :      13.47       0.00        506          0          0
  localbranching   :       0.00       0.00          0          0          0
  locks            :       0.00       0.00          1          0          0
  lpface           :       0.11       0.00          0          0          0
  mpec             :       1.97       0.00          1          0          0
  multistart       :       0.00       0.00          0          0          0
  mutation         :       0.00       0.00          0          0          0
  nlpdiving        :       7.07       0.00         10          1          1
  objpscostdiving  :      11.24       0.00         48          6          0
  octane           :       0.00       0.00          0          0          0
  ofins            :       0.16       0.00          0          0          0
  oneopt           :       0.27       0.00         26          0          0
  padm             :       0.00       0.00          0          0          0
  proximity        :       0.00       0.00          0          0          0
  pscostdiving     :      15.27       0.00        505          0          0
  randrounding     :       0.65       0.00      11720          0          0
  rens             :       0.00       0.00          0          0          0
  reoptsols        :       0.00       0.00          0          0          0
  repair           :       0.00       0.00          0          0          0
  rins             :       3.65       0.00         10          0          0
  rootsoldiving    :       4.92       0.00         19          1          0
  rounding         :       0.73       0.00       4512          0          0
  shiftandpropagate:       0.00       0.00          0          0          0
  shifting         :      23.76       0.00      11045          6          6
  simplerounding   :       0.12       0.00          0          0          0
  subnlp           :     110.36       0.00          0          0          0
  trivial          :       0.00       0.00          2          2          2
  trivialnegation  :       0.00       0.00          0          0          0
  trustregion      :       0.00       0.00          0          0          0
  trysol           :       0.24       0.00          0          0          0
  twoopt           :       0.00       0.00          0          0          0
  undercover       :       1.22       0.00          1          1          1
  vbounds          :       0.00       0.00          0          0          0
  veclendiving     :       8.36       0.00        506          0          0
  zeroobj          :       0.00       0.00          0          0          0
  zirounding       :       0.40       0.00       1000          0          0
  other solutions  :          -          -          -          0          -
Diving (single)    :      Calls      Nodes   LP Iters Backtracks  Conflicts   MinDepth   MaxDepth   AvgDepth  RoundSols  NLeafSols  MinSolDpt  MaxSolDpt  AvgSolDpt
  actconsdiving    :          0          -          -          -          -          -          -          -          -          -          -          -          -
  coefdiving       :          0          -          -          -          -          -          -          -          -          -          -          -          -
  conflictdiving   :        505       8735     102264        530       7943         23         50       31.5          0          -          -          -          -
  distributiondivin:        506       6102     212041        865       5645         21         35       25.5          0          -          -          -          -
  farkasdiving     :          0          -          -          -          -          -          -          -          -          -          -          -          -
  fracdiving       :        506      43832     154666        455       2944         27        273      101.0          0          -          -          -          -
  guideddiving     :        506      42641     159455        412       2834         25        224       98.7          0          3         43         62       53.3
  indicatordiving  :          0          -          -          -          -          -          -          -          -          -          -          -          -
  linesearchdiving :        506      10967     135345        615       9412         24         55       35.6          0          -          -          -          -
  pscostdiving     :        505       8448     168893        524       7831         23         45       31.0          0          -          -          -          -
  veclendiving     :        506       9407      58607        507       8738         26         48       32.9          0          -          -          -          -
Diving (adaptive)  :      Calls      Nodes   LP Iters Backtracks  Conflicts   MinDepth   MaxDepth   AvgDepth  RoundSols  NLeafSols  MinSolDpt  MaxSolDpt  AvgSolDpt
  actconsdiving    :         22        274       8142         37        266         21         33       25.9          0          -          -          -          -
  coefdiving       :         29        550       3837         30        628         29         41       32.9          0          -          -          -          -
  conflictdiving   :          0          -          -          -          -          -          -          -          -          -          -          -          -
  distributiondivin:          0          -          -          -          -          -          -          -          -          -          -          -          -
  farkasdiving     :          0          -          -          -          -          -          -          -          -          -          -          -          -
  fracdiving       :          8        809       1633          7         38         36        164      116.1          0          -          -          -          -
  guideddiving     :          6        364       2337          5         44         28        168       73.0          0          -          -          -          -
  indicatordiving  :          0          -          -          -          -          -          -          -          -          -          -          -          -
  linesearchdiving :         12        281       2365         15        223         28         46       37.8          0          -          -          -          -
  pscostdiving     :         10        169       3496         11        188         29         35       30.9          0          -          -          -          -
  veclendiving     :         12        220       1315         12        200         29         35       32.1          0          -          -          -          -
Neighborhoods      :      Calls  SetupTime  SolveTime SolveNodes       Sols       Best       Exp3  EpsGreedy        UCB TgtFixRate  Opt  Inf Node Stal  Sol  Usr Othr Actv
  rens             :          3       0.12       0.05          8          0          0    0.00000   -1.00000    0.53090      0.437    0    3    0    0    0    0    0    1
  rins             :          2       0.09       0.02          5          0          0    0.00000   -1.00000    0.54373      0.550    0    2    0    0    0    0    0    1
  mutation         :          5       0.19       0.43        161          2          2    0.00000   -1.00000    0.54003      0.585    2    1    0    2    0    0    0    1
  localbranching   :          3       0.14       0.10         63          0          0    0.00000   -1.00000    0.46250      0.662    0    2    0    1    0    0    0    1
  crossover        :          2       0.07       0.01          2          0          0    0.00000   -1.00000    0.54833      0.550    0    2    0    0    0    0    0    1
  proximity        :          3       0.13       0.32         60          0          0    0.00000   -1.00000    0.46250      0.662    0    2    0    1    0    0    0    1
  zeroobjective    :          3       0.14       0.14         57          0          0    0.00000   -1.00000    0.46250      0.662    0    2    0    1    0    0    0    1
  dins             :          2       0.01       0.01          0          0          0    0.00000   -1.00000    0.30042      0.700    0    1    0    0    0    0    1    1
  trustregion      :          0       0.00       0.00          0          0          0    0.00000   -1.00000    1.00000      0.900    0    0    0    0    0    0    0    0
Expressions        :   #IntEval  IntEvalTi   #RevProp  RevPropTi    DomReds    Cutoffs  #Estimate  EstimTime  Branching  #Simplify SimplifyTi Simplified
  pow              :          0       0.00          0       0.00          0          0          0       0.00          0          0       0.00          0
  prod             :       3540       0.00          0       0.00          0          0          0       0.00          0       2655       0.00          0
  sum              :          8       0.01          2       0.00          0          0          0       0.00          0          3       0.01          2
  var              :       3327       0.00          0       0.00          0          0          0       0.00          0       6378       0.00          0
  varidx           :          0       0.00          0       0.00          0          0          0       0.00          0          0       0.00          0
LP                 :       Time      Calls Iterations  Iter/call   Iter/sec  Time-0-It Calls-0-It    ItLimit
  primal LP        :     138.76      17652          0       0.00       0.00     138.62      17652
  dual LP          :    2701.99     215194   21528882     115.30    7967.79       9.09      28480
  lex dual LP      :       0.00          0          0       0.00          -
  barrier LP       :       0.00          0          0       0.00          -       0.00          0
  resolve instable :       0.00          0          0       0.00          -
  diving/probing LP:      88.18      10231    1157781     113.16   13129.75
  strong branching :      24.29       5069     287783      56.77   11847.80          -          -         86
    (at root node) :          -         19       4425     232.89          -
  conflict analysis:       8.43       6597      65096       9.87    7721.95
NLP relaxation     :
  solve time       :       6.29 (11 calls)
  convexity        :  nonconvex (1 linear rows, 0 convex ineq., 0 nonconvex ineq., 885 nonlinear eq. or two-sided ineq.)
NLP Solvers        :  #Problems  ProblemTi    #Solves  SolveTime      #Iter  Time/Iter      #Okay #TimeLimit #IterLimit #LObjLimit #Interrupt  #NumError #EvalError  #OutOfMem #LicenseEr #OtherTerm   #GlobOpt    #LocOpt  #Feasible #LocInfeas #GlobInfea #Unbounded   #Unknown
  ipopt            :          2       6.12         14      15.31        450       0.03         14          0          0          0          0          0          0          0          0          0          0          1          1          3          0          0          9
B&B Tree           :
  number of runs   :          1
  nodes            :     170003 (90575 internal, 79428 leaves)
  feasible leaves  :         11
  infeas. leaves   :        244
  objective leaves :      79172
  nodes (total)    :     170003 (90575 internal, 79428 leaves)
  nodes left       :      11074
  max depth        :         38
  max depth (total):         38
  backtracks       :      44234 (26.0%)
  early backtracks :          0 (0.0%)
  nodes exc. ref.  :          0 (0.0%)
  delayed cutoffs  :          2
  repropagations   :       3253 (276 domain reductions, 0 cutoffs)
  avg switch length:       4.24
  switching time   :     175.81
Estim. Tree Size   :     991739
Estimation Tree    : 181151 nodes (170077 visited, 90575 internal, 79502 leaves, 11074 open), weight: 0.1581 completed 0.4075
Estimations        :      estim      value      trend resolution     smooth
  wbe              :    1005669          -          -          -          -
  tree-profile     :         -1          -          -          -          -
  gap              :     668670    0.91399    0.00004        128     665150
  tree-weight      :     991739    0.15811    0.00026        128     986788
  leaf-frequency   :    1945127    0.46744    0.00000        128    1802635
  ssg              :     795573    0.44814   -0.00018        128     802610
  open-nodes       :     340154 11074.00000    5.05419        128     339920
Root Node          :
  First LP value   : -1.00000000000000e+00
  First LP Iters   :        619 (20633.33 Iter/sec)
  First LP Time    :       0.03
  Final Dual Bound : -8.92769197773202e-01
  Final Root Iters :       2412
  Root LP Estimate : -5.28363035073933e-01
Solution           :
  Solutions found  :         35 (28 improvements)
  First Solution   : +1.00000000000000e+05   (in run 1, after 0 nodes, 0.01 seconds, depth 0, found by <trivial>)
  Gap First Sol.   :   infinite
  Gap Last Sol.    :      14.71 %
  Primal Bound     : -6.01129943502825e-01   (in run 1, after 78014 nodes, 1465.61 seconds, depth 23, found by <relaxation>)
  Dual Bound       : -6.57697740112995e-01
  Gap              :       9.41 %
Integrals          :      Total       Avg%
  primal-dual      :   47351.73      13.15
  primal-ref       :          -          - (not evaluated)
  dual-ref         :          -          - (not evaluated)
