SCIP Status        : solving was interrupted [time limit reached]
Total Time         :    3600.02
  solving          :    3600.00
  presolving       :       0.44 (included in solving)
  reading          :       0.02
  copying          :       1.53 (59 #copies) (minimal 0.00, maximal 0.13, average 0.03)
Original Problem   :
  Problem name     : bbbenchmark/g05_100.5.cut
  Variables        : 101 (100 binary, 0 integer, 0 implicit integer, 1 continuous)
  Constraints      : 1 initial, 1 maximal
  Objective        : minimize, 1 non-zeros (abs.min = 1, abs.max = 1)
Presolved Problem  :
  Problem name     : t_bbbenchmark/g05_100.5.cut
  Variables        : 1707 (100 binary, 0 integer, 1589 implicit integer, 18 continuous)
  Constraints      : 1641 initial, 10187 maximal
  Objective        : minimize, 1 non-zeros (abs.min = 1, abs.max = 1)
  Nonzeros         : 8331 constraint, 202 clique table
Presolvers         :   ExecTime  SetupTime  Calls  FixedVars   AggrVars   ChgTypes  ChgBounds   AddHoles    DelCons    AddCons   ChgSides   ChgCoefs
  boundshift       :       0.00       0.00      0          0          0          0          0          0          0          0          0          0
  convertinttobin  :       0.00       0.00      0          0          0          0          0          0          0          0          0          0
  domcol           :       0.00       0.00      1          0          0          0          0          0          0          0          0          0
  dualagg          :       0.00       0.00      0          0          0          0          0          0          0          0          0          0
  dualcomp         :       0.00       0.00      1          0          0          0          0          0          0          0          0          0
  dualinfer        :       0.00       0.00      0          0          0          0          0          0          0          0          0          0
  dualsparsify     :       0.00       0.00      1          0          0          0          0          0          0          0          0          0
  gateextraction   :       0.00       0.00      0          0          0          0          0          0          0          0          0          0
  implics          :       0.00       0.00      2          0          0          0          0          0          0          0          0          0
  inttobinary      :       0.00       0.00      0          0          0          0          0          0          0          0          0          0
  qpkktref         :       0.00       0.00      0          0          0          0          0          0          0          0          0          0
  redvub           :       0.00       0.00      0          0          0          0          0          0          0          0          0          0
  sparsify         :       0.00       0.00      1          0          0          0          0          0          0          0          0          0
  stuffing         :       0.00       0.00      0          0          0          0          0          0          0          0          0          0
  trivial          :       0.00       0.00      4          0          0          0          0          0          0          0          0          0
  tworowbnd        :       0.00       0.00      0          0          0          0          0          0          0          0          0          0
  dualfix          :       0.00       0.00      4          0          0          0          0          0          0          0          0          0
  genvbounds       :       0.00       0.00      0          0          0          0          0          0          0          0          0          0
  probing          :       0.32       0.00      1          0          0          0          0          0          0          0          0          0
  pseudoobj        :       0.00       0.00      1          0          0          0          1          0          0          0          0          0
  symmetry         :       0.00       0.00      0          0          0          0          0          0          0          0          0          0
  vbounds          :       0.00       0.00      1          0          0          0          0          0          0          0          0          0
  varbound         :       0.00       0.00      2          0          0          0          0          0          0          0          0          0
  and              :       0.01       0.01      2          0          0          0          0          0          0          0          0          0
  linear           :       0.00       0.00      2          0          0          0          0          0          0          0          0          0
  logicor          :       0.00       0.00      0          0          0          0          0          0          0          0          0          0
  bounddisjunction :       0.00       0.00      0          0          0          0          0          0          0          0          0          0
  nonlinear        :       0.10       0.01      5          0          0          0          1          0          0       1640          0          0
  benders          :       0.00       0.00      0          0          0          0          0          0          0          0          0          0
  components       :       0.00       0.00      1          0          0          0          0          0          0          0          0          0
  root node        :          -          -      -          0          -          -         13          -          -          -          -          -
Constraints        :     Number  MaxNumber  #Separate #Propagate    #EnfoLP    #EnfoRelax  #EnfoPS    #Check   #ResProp    Cutoffs    DomReds       Cuts    Applied      Conss   Children
  benderslp        :          0          0          0          0     146518          0          0       9517          0          0          0          0          0          0          0
  integral         :          0          0          0          0     146518          0          0       9517          0          0          5          0          0          0     293024
  varbound         :         17         17         24     823895          0          0          0         24          0          0     114483          0          0          0          0
  and              :       1589       1589     171458     898154          1          0          0         23     478115          0     337821       6482       6427          0          0
  linear           :         35+        40         24     898195          1          0          0         21       1226         10     511214          0          0          0          0
  logicor          :          0+      8255          0     167805          0          0          0          0         10        345         28          0          0          0          0
  bounddisjunction :          0+       625          0      87337          0          0          0          0          8         32          3          0          0          0          0
  benders          :          0          0          0          0          1          0          0         21          0          0          0          0          0          0          0
  countsols        :          0          0          0          0          1          0          0         21          0          0          0          0          0          0          0
  components       :          0          0          0          0          0          0          0          0          0          0          0          0          0          0          0
Constraint Timings :  TotalTime  SetupTime   Separate  Propagate     EnfoLP     EnfoPS     EnfoRelax   Check    ResProp    SB-Prop
  benderslp        :       0.16       0.00       0.00       0.00       0.15       0.00       0.00       0.01       0.00       0.00
  integral         :      72.29       0.00       0.00       0.00      72.28       0.00       0.00       0.01       0.00       0.00
  varbound         :       1.65       0.00       0.00       1.64       0.00       0.00       0.00       0.00       0.00       0.01
  and              :     138.02       0.01      97.83      39.07       0.00       0.00       0.00       0.01       0.40       0.70
  linear           :       7.07       0.00       0.02       6.99       0.00       0.00       0.00       0.00       0.00       0.06
  logicor          :      13.71       0.00       0.00      13.66       0.00       0.00       0.00       0.00       0.00       0.05
  bounddisjunction :       1.77       0.00       0.00       1.77       0.00       0.00       0.00       0.00       0.00       0.00
  benders          :       0.00       0.00       0.00       0.00       0.00       0.00       0.00       0.00       0.00       0.00
  countsols        :       0.00       0.00       0.00       0.00       0.00       0.00       0.00       0.00       0.00       0.00
  components       :       0.24       0.00       0.00       0.24       0.00       0.00       0.00       0.00       0.00       0.00
Propagators        : #Propagate   #ResProp    Cutoffs    DomReds
  dualfix          :          4          0          0          0
  genvbounds       :          0          0          0          0
  nlobbt           :          0          0          0          0
  obbt             :          0          0          0          0
  probing          :          0          0          0          0
  pseudoobj        :     641075          0          0        267
  redcost          :     332106          0          0      90439
  rootredcost      :          8          0          0          0
  symmetry         :          0          0          0          0
  vbounds          :     164401          0          0          0
Propagator Timings :  TotalTime  SetupTime   Presolve  Propagate    ResProp    SB-Prop
  dualfix          :       0.00       0.00       0.00       0.00       0.00       0.00
  genvbounds       :       0.72       0.00       0.00       0.72       0.00       0.00
  nlobbt           :       0.00       0.00       0.00       0.00       0.00       0.00
  obbt             :       0.00       0.00       0.00       0.00       0.00       0.00
  probing          :       0.32       0.00       0.32       0.00       0.00       0.00
  pseudoobj        :       1.26       0.00       0.00       1.26       0.00       0.00
  redcost          :      23.35       0.00       0.00      23.35       0.00       0.00
  rootredcost      :       1.02       0.00       0.00       1.02       0.00       0.00
  symmetry         :       0.39       0.00       0.00       0.39       0.00       0.00
  vbounds          :       0.68       0.00       0.00       0.68       0.00       0.00
Conflict Analysis  :       Time      Calls    Success    DomReds  Conflicts   Literals    Reconvs ReconvLits   Dualrays   Nonzeros   LP Iters   (pool size: [10000,10000])
  propagation      :       0.01        377        259          -        302       62.0          0        0.0          -          -          -
  infeasible LP    :       0.15         78         78          -       2447      140.6          0        0.0         82      166.7          0
  bound exceed. LP :      17.93       6192       5740          -     139773      104.6          0        0.0          0        0.0      40590
  strong branching :       0.00          0          0          -          0        0.0          0        0.0          -          -          0
  pseudo solution  :       0.00          0          0          -          0        0.0          0        0.0          -          -          -
  applied globally :       0.65          -          -          0      31595      110.8          -          -         82          -          -
  applied locally  :          -          -          -          0          0        0.0          -          -          0          -          -
Separators         :   ExecTime  SetupTime      Calls  RootCalls    Cutoffs    DomReds  FoundCuts ViaPoolAdd  DirectAdd    Applied ViaPoolApp  DirectApp      Conss
  cut pool         :       8.86          -      27180         47          -          -      35958    2529418          -          -          -          -          -    (maximal pool size:       4363)
  aggregation      :      38.39       0.00       5969         24          0          0        232      11271          0       5367       5367          0          0
  > cmir           :          -          -          -          -          -          -          -      11269          0       5365       5365          0          -
  > flowcover      :          -          -          -          -          -          -          -          2          0          2          2          0          -
  > knapsackcover  :          -          -          -          -          -          -          -          0          0          0          0          0          -
  cgmip            :       0.00       0.00          0          0          0          0          0          0          0          0          0          0          0
  clique           :       0.00       0.00         24         24          0          0          0          0          0          0          0          0          0
  closecuts        :       0.00       0.00          0          0          0          0          0          0          0          0          0          0          0
  convexproj       :       0.00       0.00          0          0          0          0          0          0          0          0          0          0          0
  disjunctive      :       0.00       0.00          0          0          0          0          0          0          0          0          0          0          0
  eccuts           :       0.00       0.00          0          0          0          0          0          0          0          0          0          0          0
  gauge            :       0.00       0.00          0          0          0          0          0          0          0          0          0          0          0
  gomory           :       0.00       0.00          0          0          0          0          0          0          0          0          0          0          0
  > gomorymi       :          -          -          -          -          -          -          -          0          0          0          0          0          -
  > strongcg       :          -          -          -          -          -          -          -          0          0          0          0          0          -
  impliedbounds    :       0.61       0.00       5969         24          0          0         11          0          0          0          0          0          0
  interlattice     :       0.00       0.00          0          0          0          0          0          0          0          0          0          0          0
  interminor       :       0.00       0.00          0          0          0          0          0          0          0          0          0          0          0
  intersub         :       0.11       0.00          4          4          0          0          2          0          2          1          0          1          0
  intobj           :       0.00       0.00          0          0          0          0          0          0          0          0          0          0          0
  mcf              :       0.00       0.00          1          1          0          0          0          0          0          0          0          0          0
  minor            :       0.01       0.00          0          0          0          0          0          0          0          0          0          0          0
  mixing           :       0.04       0.00       5969         24          0          0          0          0          0          0          0          0          0
  oddcycle         :       0.00       0.00          0          0          0          0          0          0          0          0          0          0          0
  rapidlearning    :       0.03       0.00          0          0          0          0          0          0          0          0          0          0          0
  rlt              :       0.00       0.00         10         10          0          0          0          0          0          0          0          0          0
  zerohalf         :      46.26       0.00       4972         20          0          0      35715    2518147          0     239743     239743          0          0
Cutselectors       :   ExecTime  SetupTime      Calls  RootCalls   Selected     Forced   Filtered  RootSelec   RootForc   RootFilt 
  hybrid           :       3.39       0.00      19273         23     251538          0    2284364        178          0         21
Pricers            :   ExecTime  SetupTime      Calls       Vars
  problem variables:       0.00          -          0          0
Branching Rules    :   ExecTime  SetupTime   BranchLP  BranchExt   BranchPS    Cutoffs    DomReds       Cuts      Conss   Children
  allfullstrong    :       0.00       0.00          0          0          0          0          0          0          0          0
  cloud            :       0.00       0.00          0          0          0          0          0          0          0          0
  distribution     :       0.00       0.00          0          0          0          0          0          0          0          0
  fullstrong       :       0.00       0.00          0          0          0          0          0          0          0          0
  inference        :       0.00       0.00          0          0          0          0          0          0          0          0
  leastinf         :       0.00       0.00          0          0          0          0          0          0          0          0
  lookahead        :       0.00       0.00          0          0          0          0          0          0          0          0
  mostinf          :       0.00       0.00          0          0          0          0          0          0          0          0
  multaggr         :       0.00       0.00          0          0          0          0          0          0          0          0
  nodereopt        :       0.00       0.00          0          0          0          0          0          0          0          0
  pscost           :       0.00       0.00          0          0          0          0          0          0          0          0
  random           :       0.00       0.00          0          0          0          0          0          0          0          0
  relpscost        :      71.69       0.00     146517          0          0          0          5          0          0     293024
  vanillafullstrong:       0.00       0.00          0          0          0          0          0          0          0          0
Primal Heuristics  :   ExecTime  SetupTime      Calls      Found       Best
  LP solutions     :       0.00          -          -          1          1
  relax solutions  :       0.00          -          -          0          0
  pseudo solutions :       0.00          -          -          0          0
  strong branching :       0.02          -          -          0          0
  actconsdiving    :       0.00       0.00          0          0          0
  adaptivediving   :       3.44       0.00         34          0          0
  alns             :       6.57       0.00         30          9          8
  bound            :       0.00       0.00          0          0          0
  clique           :       0.02       0.00          1          0          0
  coefdiving       :       0.00       0.00          0          0          0
  completesol      :       0.00       0.00          0          0          0
  conflictdiving   :     131.12       0.00       1142          0          0
  crossover        :       0.00       0.00          0          0          0
  dins             :       0.00       0.00          0          0          0
  distributiondivin:      81.97       0.00        385          0          0
  dps              :       0.00       0.00          0          0          0
  dualval          :       0.00       0.00          0          0          0
  farkasdiving     :       0.01       0.00          0          0          0
  feaspump         :       0.13       0.00          1          1          1
  fixandinfer      :       0.00       0.00          0          0          0
  fracdiving       :      59.62       0.00        507          0          0
  gins             :       0.25       0.00          0          0          0
  guideddiving     :      59.08       0.00        499          1          1
  indicator        :       0.15       0.00          0          0          0
  indicatordiving  :       0.00       0.00          0          0          0
  intdiving        :       0.00       0.00          0          0          0
  intshifting      :       0.40       0.00         58          0          0
  linesearchdiving :      53.16       0.00        462          0          0
  localbranching   :       0.00       0.00          0          0          0
  locks            :       0.01       0.00          1          0          0
  lpface           :       0.23       0.00          0          0          0
  mpec             :     132.35       0.00         11          0          0
  multistart       :       0.00       0.00          0          0          0
  mutation         :       0.00       0.00          0          0          0
  nlpdiving        :      21.51       0.00          3          0          0
  objpscostdiving  :      43.37       0.00         83          2          1
  octane           :       0.00       0.00          0          0          0
  ofins            :       0.13       0.00          0          0          0
  oneopt           :       0.16       0.00         11          0          0
  padm             :       0.00       0.00          0          0          0
  proximity        :       0.00       0.00          0          0          0
  pscostdiving     :      55.96       0.00        438          1          1
  randrounding     :       0.47       0.00       9492          0          0
  rens             :       0.00       0.00          0          0          0
  reoptsols        :       0.00       0.00          0          0          0
  repair           :       0.00       0.00          0          0          0
  rins             :       3.76       0.00         28          0          0
  rootsoldiving    :      29.69       0.00         35          0          0
  rounding         :       2.02       0.00       5594          0          0
  shiftandpropagate:       0.00       0.00          0          0          0
  shifting         :      28.66       0.00       6073          1          1
  simplerounding   :       0.15       0.00          0          0          0
  subnlp           :     254.68       0.00          0          0          0
  trivial          :       0.01       0.00          2          2          2
  trivialnegation  :       0.00       0.00          0          0          0
  trustregion      :       0.00       0.00          0          0          0
  trysol           :       0.26       0.00          0          0          0
  twoopt           :       0.00       0.00          0          0          0
  undercover       :       1.66       0.00          1          1          1
  vbounds          :       0.00       0.00          0          0          0
  veclendiving     :      54.23       0.00        459          0          0
  zeroobj          :       0.00       0.00          0          0          0
  zirounding       :       0.46       0.00       1000          0          0
  other solutions  :          -          -          -          0          -
Diving (single)    :      Calls      Nodes   LP Iters Backtracks  Conflicts   MinDepth   MaxDepth   AvgDepth  RoundSols  NLeafSols  MinSolDpt  MaxSolDpt  AvgSolDpt
  actconsdiving    :          0          -          -          -          -          -          -          -          -          -          -          -          -
  coefdiving       :          0          -          -          -          -          -          -          -          -          -          -          -          -
  conflictdiving   :       1142      45692    1359766       1209      67342         52         85       60.9          0          -          -          -          -
  distributiondivin:        385      14417     575678        432       6147         52         81       58.8          0          -          -          -          -
  farkasdiving     :          0          -          -          -          -          -          -          -          -          -          -          -          -
  fracdiving       :        507      58892     561642        139       1788         58        654      138.1          0          -          -          -          -
  guideddiving     :        499      51509     583455        190       4377         59        331      124.4          0          1         98         98       98.0
  indicatordiving  :          0          -          -          -          -          -          -          -          -          -          -          -          -
  linesearchdiving :        462      17890     573428        438      23542         49         86       59.4          0          -          -          -          -
  pscostdiving     :        438      19026     587049        449       9354         54         79       65.0          0          1         79         79       79.0
  veclendiving     :        459      18327     573916        425      28641         52         89       60.5          0          -          -          -          -
Diving (adaptive)  :      Calls      Nodes   LP Iters Backtracks  Conflicts   MinDepth   MaxDepth   AvgDepth  RoundSols  NLeafSols  MinSolDpt  MaxSolDpt  AvgSolDpt
  actconsdiving    :          2         50       1178          3         24         56         61       58.5          0          -          -          -          -
  coefdiving       :         10        343       8334          8        398         54         90       64.1          0          -          -          -          -
  conflictdiving   :          0          -          -          -          -          -          -          -          -          -          -          -          -
  distributiondivin:          0          -          -          -          -          -          -          -          -          -          -          -          -
  farkasdiving     :          0          -          -          -          -          -          -          -          -          -          -          -          -
  fracdiving       :          0          -          -          -          -          -          -          -          -          -          -          -          -
  guideddiving     :          2        202        884          1          3        101        171      136.0          0          -          -          -          -
  indicatordiving  :          0          -          -          -          -          -          -          -          -          -          -          -          -
  linesearchdiving :          7        274       8314          3        287         54         78       63.0          0          -          -          -          -
  pscostdiving     :          3        143       4435          3         93         67         68       67.3          0          -          -          -          -
  veclendiving     :         10        372      10848          5        459         53         75       62.2          0          -          -          -          -
Neighborhoods      :      Calls  SetupTime  SolveTime SolveNodes       Sols       Best       Exp3  EpsGreedy        UCB TgtFixRate  Opt  Inf Node Stal  Sol  Usr Othr Actv
  rens             :         11       0.75       0.53        226          3          3    0.00000   -1.00000    0.49374      0.539    0    7    0    3    1    0    0    1
  rins             :          7       0.30       3.87       3511          6          5    0.00000   -1.00000    0.48105      0.893    0    0    0    5    2    0    0    1
  mutation         :          2       0.03       0.07         65          0          0    0.00000   -1.00000    0.47712      0.850    0    1    0    1    0    0    0    1
  localbranching   :          2       0.05       0.10        124          0          0    0.00000   -1.00000    0.45600      0.850    0    1    0    1    0    0    0    1
  crossover        :          2       0.04       0.09         77          0          0    0.00000   -1.00000    0.46555      0.850    0    1    0    1    0    0    0    1
  proximity        :          2       0.05       0.18         85          0          0    0.00000   -1.00000    0.47191      0.850    0    1    0    1    0    0    0    1
  zeroobjective    :          2       0.05       0.07         78          0          0    0.00000   -1.00000    0.47284      0.850    0    1    0    1    0    0    0    1
  dins             :          2       0.06       0.11        132          0          0    0.00000   -1.00000    0.45347      0.850    0    1    0    1    0    0    0    1
  trustregion      :          0       0.00       0.00          0          0          0    0.00000   -1.00000    1.00000      0.900    0    0    0    0    0    0    0    0
Expressions        :   #IntEval  IntEvalTi   #RevProp  RevPropTi    DomReds    Cutoffs  #Estimate  EstimTime  Branching  #Simplify SimplifyTi Simplified
  pow              :          0       0.00          0       0.00          0          0          0       0.00          0          0       0.00          0
  prod             :       9900       0.02          0       0.00          0          0          0       0.00          0       6539       0.01          0
  sum              :          8       0.00          2       0.00          0          0          0       0.00          0          3       0.02          2
  var              :       5930       0.00          0       0.00          0          0          0       0.00          0      14987       0.00          0
  varidx           :          0       0.00          0       0.00          0          0          0       0.00          0          0       0.00          0
LP                 :       Time      Calls Iterations  Iter/call   Iter/sec  Time-0-It Calls-0-It    ItLimit
  primal LP        :     106.75      17279          0       0.00       0.00     106.65      17279
  dual LP          :    1840.02     274613   11198582      43.95    6086.12       8.54      19806
  lex dual LP      :       0.00          0          0       0.00          -
  barrier LP       :       0.00          0          0       0.00          -       0.00          0
  resolve instable :       0.00          0          0       0.00          -
  diving/probing LP:     467.23      19088    5296838     277.50   11336.68
  strong branching :      21.39       1666     188276     113.01    8802.06          -          -       1101
    (at root node) :          -         19       2787     146.68          -
  conflict analysis:       6.19       4147      40590       9.79    6557.35
NLP relaxation     :
  solve time       :      21.39 (14 calls)
  convexity        :  nonconvex (52 linear rows, 0 convex ineq., 0 nonconvex ineq., 1589 nonlinear eq. or two-sided ineq.)
NLP Solvers        :  #Problems  ProblemTi    #Solves  SolveTime      #Iter  Time/Iter      #Okay #TimeLimit #IterLimit #LObjLimit #Interrupt  #NumError #EvalError  #OutOfMem #LicenseEr #OtherTerm   #GlobOpt    #LocOpt  #Feasible #LocInfeas #GlobInfea #Unbounded   #Unknown
  ipopt            :         12      10.17         50     296.29       2133       0.14         48          0          2          0          0          0          0          0          0          0          0         29          0         18          0          0          3
B&B Tree           :
  number of runs   :          1
  nodes            :     235538 (146512 internal, 89026 leaves)
  feasible leaves  :          1
  infeas. leaves   :         26
  objective leaves :      88998
  nodes (total)    :     235538 (146512 internal, 89026 leaves)
  nodes left       :      57266
  max depth        :         61
  max depth (total):         61
  backtracks       :      57065 (24.2%)
  early backtracks :          0 (0.0%)
  nodes exc. ref.  :          0 (0.0%)
  delayed cutoffs  :          2
  repropagations   :         52 (181 domain reductions, 0 cutoffs)
  avg switch length:       7.20
  switching time   :     175.05
Estim. Tree Size   :     471518
Estimation Tree    : 293025 nodes (235759 visited, 146512 internal, 89247 leaves, 57266 open), weight: 0.0000 completed 0.1387
Estimations        :      estim      value      trend resolution     smooth
  wbe              : 771168174098150          -          -          -          -
  tree-profile     :         -1          -          -          -          -
  gap              :    4951059    0.68059    0.00002        128    4908020
  tree-weight      :     471518    0.00000    0.00000        128     470423
  leaf-frequency   :     471518    0.37855   -0.00003        128     690034
  ssg              :    6770213    0.78104   -0.00003        128    7179630
  open-nodes       :     471518 57266.00000   66.20079        128     470423
Root Node          :
  First LP value   : -1.00000000000000e+00
  First LP Iters   :       1678 (10487.50 Iter/sec)
  First LP Time    :       0.16
  Final Dual Bound : -9.60359878259340e-01
  Final Root Iters :       2379
  Root LP Estimate : -3.30569832625785e-01
Solution           :
  Solutions found  :         19 (17 improvements)
  First Solution   : +1.00000000000000e+05   (in run 1, after 0 nodes, 0.02 seconds, depth 0, found by <trivial>)
  Gap First Sol.   :   infinite
  Gap Last Sol.    :      52.28 %
  Primal Bound     : -5.64444444444443e-01   (in run 1, after 44867 nodes, 711.17 seconds, depth 20, found by <alns>)
  Dual Bound       : -8.29343874553682e-01
  Gap              :      46.93 %
Integrals          :      Total       Avg%
  primal-dual      :  121595.57      33.78
  primal-ref       :          -          - (not evaluated)
  dual-ref         :          -          - (not evaluated)
