SCIP Status        : solving was interrupted [time limit reached]
Total Time         :    3600.01
  solving          :    3600.01
  presolving       :       0.28 (included in solving)
  reading          :       0.00
  copying          :       1.57 (50 #copies) (minimal 0.00, maximal 0.06, average 0.03)
Original Problem   :
  Problem name     : bbbenchmark/g05_80.7.cut
  Variables        : 81 (80 binary, 0 integer, 0 implicit integer, 1 continuous)
  Constraints      : 1 initial, 1 maximal
  Objective        : minimize, 1 non-zeros (abs.min = 1, abs.max = 1)
Presolved Problem  :
  Problem name     : t_bbbenchmark/g05_80.7.cut
  Variables        : 1609 (80 binary, 0 integer, 1527 implicit integer, 2 continuous)
  Constraints      : 1531 initial, 6944 maximal
  Objective        : minimize, 1 non-zeros (abs.min = 1, abs.max = 1)
  Nonzeros         : 6301 constraint, 162 clique table
Presolvers         :   ExecTime  SetupTime  Calls  FixedVars   AggrVars   ChgTypes  ChgBounds   AddHoles    DelCons    AddCons   ChgSides   ChgCoefs
  boundshift       :       0.00       0.00      0          0          0          0          0          0          0          0          0          0
  convertinttobin  :       0.00       0.00      0          0          0          0          0          0          0          0          0          0
  domcol           :       0.00       0.00      1          0          0          0          0          0          0          0          0          0
  dualagg          :       0.00       0.00      0          0          0          0          0          0          0          0          0          0
  dualcomp         :       0.00       0.00      1          0          0          0          0          0          0          0          0          0
  dualinfer        :       0.00       0.00      0          0          0          0          0          0          0          0          0          0
  dualsparsify     :       0.00       0.00      1          0          0          0          0          0          0          0          0          0
  gateextraction   :       0.00       0.00      0          0          0          0          0          0          0          0          0          0
  implics          :       0.00       0.00      2          0          0          0          0          0          0          0          0          0
  inttobinary      :       0.00       0.00      0          0          0          0          0          0          0          0          0          0
  qpkktref         :       0.00       0.00      0          0          0          0          0          0          0          0          0          0
  redvub           :       0.00       0.00      0          0          0          0          0          0          0          0          0          0
  sparsify         :       0.00       0.00      1          0          0          0          0          0          0          0          0          0
  stuffing         :       0.00       0.00      0          0          0          0          0          0          0          0          0          0
  trivial          :       0.01       0.00      4          0          0          0          0          0          0          0          0          0
  tworowbnd        :       0.00       0.00      0          0          0          0          0          0          0          0          0          0
  dualfix          :       0.00       0.00      4          0          0          0          0          0          0          0          0          0
  genvbounds       :       0.00       0.00      0          0          0          0          0          0          0          0          0          0
  probing          :       0.12       0.00      1          0          0          0          0          0          0          0          0          0
  pseudoobj        :       0.00       0.00      1          0          0          0          1          0          0          0          0          0
  symmetry         :       0.00       0.00      0          0          0          0          0          0          0          0          0          0
  vbounds          :       0.00       0.00      1          0          0          0          0          0          0          0          0          0
  varbound         :       0.00       0.00      2          0          0          0          0          0          0          0          0          0
  and              :       0.00       0.01      2          0          0          0          0          0          0          0          0          0
  linear           :       0.00       0.00      2          0          0          0          0          0          0          0          0          0
  logicor          :       0.00       0.00      0          0          0          0          0          0          0          0          0          0
  bounddisjunction :       0.00       0.00      0          0          0          0          0          0          0          0          0          0
  nonlinear        :       0.14       0.00      5          0          0          0          1          0          0       1530          0          0
  benders          :       0.00       0.00      0          0          0          0          0          0          0          0          0          0
  components       :       0.00       0.00      1          0          0          0          0          0          0          0          0          0
  root node        :          -          -      -          0          -          -         26          -          -          -          -          -
Constraints        :     Number  MaxNumber  #Separate #Propagate    #EnfoLP    #EnfoRelax  #EnfoPS    #Check   #ResProp    Cutoffs    DomReds       Cuts    Applied      Conss   Children
  benderslp        :          0          0          0          0      96356          0          0       1195          0          0          0          0          0          0          0
  integral         :          0          0          0          0      96356          0          0       1195          0          0       6066          0          0       2035     189272
  varbound         :          1          1         57      12404          0          0          0         34          0          0        537          0          0          0          0
  and              :       1527       1527     105021     703364         13          0          0         34     245859          5    3475217       1094       1062          0          0
  linear           :          3+         4         57     703362         13          0          0         32          4          0      29157          0          0          0          0
  logicor          :          0+      5413          0     195859          0          0          0          0        248        686         77          0          0          0          0
  bounddisjunction :          0+         4          0        641          0          0          0          0          0          0          0          0          0          0          0
  benders          :          0          0          0          0         13          0          0         23          0          0          0          0          0          0          0
  countsols        :          0          0          0          0         13          0          0         23          0          0          0          0          0          0          0
  components       :          0          0          0          0          0          0          0          0          0          0          0          0          0          0          0
Constraint Timings :  TotalTime  SetupTime   Separate  Propagate     EnfoLP     EnfoPS     EnfoRelax   Check    ResProp    SB-Prop
  benderslp        :       0.06       0.00       0.00       0.00       0.06       0.00       0.00       0.00       0.00       0.00
  integral         :      53.88       0.00       0.00       0.00      53.88       0.00       0.00       0.00       0.00       0.00
  varbound         :       0.02       0.00       0.00       0.02       0.00       0.00       0.00       0.00       0.00       0.00
  and              :      82.18       0.01      50.61      30.74       0.00       0.00       0.00       0.00       0.21       0.61
  linear           :       0.84       0.00       0.00       0.84       0.00       0.00       0.00       0.00       0.00       0.00
  logicor          :       8.19       0.00       0.00       8.16       0.00       0.00       0.00       0.00       0.00       0.03
  bounddisjunction :       0.00       0.00       0.00       0.00       0.00       0.00       0.00       0.00       0.00       0.00
  benders          :       0.00       0.00       0.00       0.00       0.00       0.00       0.00       0.00       0.00       0.00
  countsols        :       0.00       0.00       0.00       0.00       0.00       0.00       0.00       0.00       0.00       0.00
  components       :       0.25       0.00       0.00       0.25       0.00       0.00       0.00       0.00       0.00       0.00
Propagators        : #Propagate   #ResProp    Cutoffs    DomReds
  dualfix          :          2          0          0          0
  genvbounds       :          0          0          0          0
  nlobbt           :          0          0          0          0
  obbt             :          0          0          0          0
  probing          :          0          0          0          0
  pseudoobj        :     467626          0          0         27
  redcost          :     223904          0          0     170032
  rootredcost      :         19          0          0          0
  symmetry         :          0          0          0          0
  vbounds          :      81867          0          0          0
Propagator Timings :  TotalTime  SetupTime   Presolve  Propagate    ResProp    SB-Prop
  dualfix          :       0.00       0.00       0.00       0.00       0.00       0.00
  genvbounds       :       0.55       0.00       0.00       0.55       0.00       0.00
  nlobbt           :       0.00       0.00       0.00       0.00       0.00       0.00
  obbt             :       0.00       0.00       0.00       0.00       0.00       0.00
  probing          :       0.12       0.00       0.12       0.00       0.00       0.00
  pseudoobj        :       0.75       0.00       0.00       0.75       0.00       0.00
  redcost          :      11.41       0.00       0.00      11.41       0.00       0.00
  rootredcost      :       0.41       0.00       0.00       0.40       0.00       0.01
  symmetry         :       0.31       0.00       0.00       0.31       0.00       0.00
  vbounds          :       0.52       0.00       0.00       0.50       0.00       0.02
Conflict Analysis  :       Time      Calls    Success    DomReds  Conflicts   Literals    Reconvs ReconvLits   Dualrays   Nonzeros   LP Iters   (pool size: [10000,10000])
  propagation      :       0.01        691        555          -        631       42.5          0        0.0          -          -          -
  infeasible LP    :       0.00          0          0          -          0        0.0          0        0.0          1       53.0          0
  bound exceed. LP :      14.40      10892       7577          -      84627       63.0          1       41.0          0        0.0      34108
  strong branching :       0.00          0          0          -          0        0.0          0        0.0          -          -          0
  pseudo solution  :       0.00          0          0          -          0        0.0          0        0.0          -          -          -
  applied globally :       0.35          -          -          0      26378       65.2          -          -          1          -          -
  applied locally  :          -          -          -          0          0        0.0          -          -          0          -          -
Separators         :   ExecTime  SetupTime      Calls  RootCalls    Cutoffs    DomReds  FoundCuts ViaPoolAdd  DirectAdd    Applied ViaPoolApp  DirectApp      Conss
  cut pool         :       3.04          -      20086         80          -          -      32879     500342          -          -          -          -          -    (maximal pool size:       2417)
  aggregation      :       8.22       0.00       4192         57          0          0         50         44          0          8          8          0          0
  > cmir           :          -          -          -          -          -          -          -         44          0          8          8          0          -
  > flowcover      :          -          -          -          -          -          -          -          0          0          0          0          0          -
  > knapsackcover  :          -          -          -          -          -          -          -          0          0          0          0          0          -
  cgmip            :       0.00       0.00          0          0          0          0          0          0          0          0          0          0          0
  clique           :       0.00       0.00         57         57          0          0          0          0          0          0          0          0          0
  closecuts        :       0.00       0.00          0          0          0          0          0          0          0          0          0          0          0
  convexproj       :       0.00       0.00          0          0          0          0          0          0          0          0          0          0          0
  disjunctive      :       0.00       0.00          0          0          0          0          0          0          0          0          0          0          0
  eccuts           :       0.00       0.00          0          0          0          0          0          0          0          0          0          0          0
  gauge            :       0.00       0.00          0          0          0          0          0          0          0          0          0          0          0
  gomory           :       0.00       0.00          0          0          0          0          0          0          0          0          0          0          0
  > gomorymi       :          -          -          -          -          -          -          -          0          0          0          0          0          -
  > strongcg       :          -          -          -          -          -          -          -          0          0          0          0          0          -
  impliedbounds    :       0.17       0.00       4192         57          0          0          0          0          0          0          0          0          0
  interlattice     :       0.07       0.00         30         30          0          0         30          0         30         30          0         30          0
  interminor       :       0.00       0.00          0          0          0          0          0          0          0          0          0          0          0
  intersub         :       0.00       0.00          0          0          0          0          0          0          0          0          0          0          0
  intobj           :       0.00       0.00          0          0          0          0          0          0          0          0          0          0          0
  mcf              :       0.01       0.00          1          1          0          0          0          0          0          0          0          0          0
  minor            :       0.00       0.00          0          0          0          0          0          0          0          0          0          0          0
  mixing           :       0.00       0.00       4196         57          0          0          0          0          0          0          0          0          0
  oddcycle         :       0.00       0.00          0          0          0          0          0          0          0          0          0          0          0
  rapidlearning    :       0.00       0.00          0          0          0          0          0          0          0          0          0          0          0
  rlt              :       0.00       0.00         10         10          0          0          0          0          0          0          0          0          0
  zerohalf         :      31.67       0.00       3992         20          0          0      32829     500298          0      91214      91214          0          0
Cutselectors       :   ExecTime  SetupTime      Calls  RootCalls   Selected     Forced   Filtered  RootSelec   RootForc   RootFilt 
  hybrid           :       0.47       0.00      10648         56      92314          0     409152        204          0         32
Pricers            :   ExecTime  SetupTime      Calls       Vars
  problem variables:       0.00          -          0          0
Branching Rules    :   ExecTime  SetupTime   BranchLP  BranchExt   BranchPS    Cutoffs    DomReds       Cuts      Conss   Children
  allfullstrong    :       0.00       0.00          0          0          0          0          0          0          0          0
  cloud            :       0.00       0.00          0          0          0          0          0          0          0          0
  distribution     :       0.00       0.00          0          0          0          0          0          0          0          0
  fullstrong       :       0.00       0.00          0          0          0          0          0          0          0          0
  inference        :       0.00       0.00          0          0          0          0          0          0          0          0
  leastinf         :       0.00       0.00          0          0          0          0          0          0          0          0
  lookahead        :       0.00       0.00          0          0          0          0          0          0          0          0
  mostinf          :       0.00       0.00          0          0          0          0          0          0          0          0
  multaggr         :       0.00       0.00          0          0          0          0          0          0          0          0
  nodereopt        :       0.00       0.00          0          0          0          0          0          0          0          0
  pscost           :       0.00       0.00          0          0          0          0          0          0          0          0
  random           :       0.00       0.00          0          0          0          0          0          0          0          0
  relpscost        :      53.60       0.00      96343          0          0          0       6066          0       2038     189272
  vanillafullstrong:       0.00       0.00          0          0          0          0          0          0          0          0
Primal Heuristics  :   ExecTime  SetupTime      Calls      Found       Best
  LP solutions     :       0.06          -          -         13         13
  relax solutions  :       0.00          -          -          0          0
  pseudo solutions :       0.00          -          -          0          0
  strong branching :       0.05          -          -          0          0
  actconsdiving    :       0.00       0.00          0          0          0
  adaptivediving   :       3.02       0.00         45          0          0
  alns             :       4.56       0.00         31          7          7
  bound            :       0.00       0.00          0          0          0
  clique           :       0.01       0.00          1          0          0
  coefdiving       :       0.00       0.00          0          0          0
  completesol      :       0.00       0.00          0          0          0
  conflictdiving   :      38.76       0.00        631          0          0
  crossover        :       1.12       0.00         10          0          0
  dins             :       0.00       0.00          0          0          0
  distributiondivin:      67.87       0.00        632          0          0
  dps              :       0.00       0.00          0          0          0
  dualval          :       0.00       0.00          0          0          0
  farkasdiving     :       0.01       0.00          0          0          0
  feaspump         :       0.00       0.00          0          0          0
  fixandinfer      :       0.00       0.00          0          0          0
  fracdiving       :      43.52       0.00        632          0          0
  gins             :       0.08       0.00          0          0          0
  guideddiving     :      41.05       0.00        631          0          0
  indicator        :       0.11       0.00          0          0          0
  indicatordiving  :       0.00       0.00          0          0          0
  intdiving        :       0.00       0.00          0          0          0
  intshifting      :       0.17       0.00         33          0          0
  linesearchdiving :      40.88       0.00        631          0          0
  localbranching   :       0.00       0.00          0          0          0
  locks            :       0.01       0.00          1          0          0
  lpface           :       0.16       0.00          0          0          0
  mpec             :       1.13       0.00          1          0          0
  multistart       :       0.00       0.00          0          0          0
  mutation         :       0.00       0.00          0          0          0
  nlpdiving        :      17.43       0.00          9          0          0
  objpscostdiving  :      24.53       0.00         49          0          0
  octane           :       0.00       0.00          0          0          0
  ofins            :       0.12       0.00          0          0          0
  oneopt           :       0.18       0.00         26          0          0
  padm             :       0.00       0.00          0          0          0
  proximity        :       0.00       0.00          0          0          0
  pscostdiving     :      47.05       0.00        632          1          1
  randrounding     :       0.17       0.00       1168          0          0
  rens             :       0.00       0.00          0          0          0
  reoptsols        :       0.00       0.00          0          0          0
  repair           :       0.00       0.00          0          0          0
  rins             :      18.29       0.00          8          0          0
  rootsoldiving    :      35.62       0.00         46          0          0
  rounding         :       1.15       0.00       4469          0          0
  shiftandpropagate:       0.00       0.00          0          0          0
  shifting         :      47.26       0.00      13604         10          8
  simplerounding   :       0.16       0.00          0          0          0
  subnlp           :     144.48       0.00          0          0          0
  trivial          :       0.01       0.00          2          2          2
  trivialnegation  :       0.00       0.00          0          0          0
  trustregion      :       0.00       0.00          0          0          0
  trysol           :       0.18       0.00          0          0          0
  twoopt           :       0.00       0.00          0          0          0
  undercover       :       0.66       0.00          1          0          0
  vbounds          :       0.00       0.00          0          0          0
  veclendiving     :      41.79       0.00        631          0          0
  zeroobj          :       0.00       0.00          0          0          0
  zirounding       :       0.59       0.00       1000          0          0
  other solutions  :          -          -          -          0          -
Diving (single)    :      Calls      Nodes   LP Iters Backtracks  Conflicts   MinDepth   MaxDepth   AvgDepth  RoundSols  NLeafSols  MinSolDpt  MaxSolDpt  AvgSolDpt
  actconsdiving    :          0          -          -          -          -          -          -          -          -          -          -          -          -
  coefdiving       :          0          -          -          -          -          -          -          -          -          -          -          -          -
  conflictdiving   :        631      19439     475625        704      13821         35         60       47.2          0          -          -          -          -
  distributiondivin:        632      14400     631630        741       6221         33         51       39.1          0          -          -          -          -
  farkasdiving     :          0          -          -          -          -          -          -          -          -          -          -          -          -
  fracdiving       :        632      51512     530633        643       7456         41        418       98.1          0          -          -          -          -
  guideddiving     :        631      44147     513241        501       8639         37        249       86.9          0          -          -          -          -
  indicatordiving  :          0          -          -          -          -          -          -          -          -          -          -          -          -
  linesearchdiving :        631      16362     556967        720      14402         32         65       42.5          0          -          -          -          -
  pscostdiving     :        632      19050     609703        646      11069         36         60       46.6          0          1         60         60       60.0
  veclendiving     :        631      17138     545375        659      16752         37         60       43.4          0          -          -          -          -
Diving (adaptive)  :      Calls      Nodes   LP Iters Backtracks  Conflicts   MinDepth   MaxDepth   AvgDepth  RoundSols  NLeafSols  MinSolDpt  MaxSolDpt  AvgSolDpt
  actconsdiving    :          9        189       7899         10        107         34         45       39.8          0          -          -          -          -
  coefdiving       :         18        459      13769         18        503         37         58       42.6          0          -          -          -          -
  conflictdiving   :          0          -          -          -          -          -          -          -          -          -          -          -          -
  distributiondivin:          0          -          -          -          -          -          -          -          -          -          -          -          -
  farkasdiving     :          0          -          -          -          -          -          -          -          -          -          -          -          -
  fracdiving       :          3        275       1973          1         28         45        178      107.7          0          -          -          -          -
  guideddiving     :          4        337       2673          3         11         83        144      104.8          0          -          -          -          -
  indicatordiving  :          0          -          -          -          -          -          -          -          -          -          -          -          -
  linesearchdiving :          1         22       1236          1         22         36         36       36.0          0          -          -          -          -
  pscostdiving     :          4        109       3058          4         54         44         55       47.5          0          -          -          -          -
  veclendiving     :          6        181       6162          7        167         38         51       44.3          0          -          -          -          -
Neighborhoods      :      Calls  SetupTime  SolveTime SolveNodes       Sols       Best       Exp3  EpsGreedy        UCB TgtFixRate  Opt  Inf Node Stal  Sol  Usr Othr Actv
  rens             :          4       0.23       0.63        176          0          0    0.00000   -1.00000    0.40951      0.522    0    3    0    1    0    0    0    1
  rins             :          7       0.34       0.70        426          5          5    0.00000   -1.00000    0.46360      0.673    1    2    0    3    1    0    0    1
  mutation         :          3       0.13       0.29        275          1          1    0.00000   -1.00000    0.50664      0.662    1    1    0    1    0    0    0    1
  localbranching   :          5       0.20       0.34        248          1          1    0.00000   -1.00000    0.44300      0.641    1    2    0    2    0    0    0    1
  crossover        :          4       0.17       0.49        107          0          0    0.00000   -1.00000    0.43933      0.522    0    3    0    1    0    0    0    1
  proximity        :          2       0.09       0.06         50          0          0    0.00000   -1.00000    0.48910      0.550    0    2    0    0    0    0    0    1
  zeroobjective    :          3       0.10       0.27        165          0          0    0.00000   -1.00000    0.36870      0.662    0    2    0    1    0    0    0    1
  dins             :          3       0.12       0.22        126          0          0    0.00000   -1.00000    0.38753      0.662    0    2    0    1    0    0    0    1
  trustregion      :          0       0.00       0.00          0          0          0    0.00000   -1.00000    1.00000      0.900    0    0    0    0    0    0    0    0
Expressions        :   #IntEval  IntEvalTi   #RevProp  RevPropTi    DomReds    Cutoffs  #Estimate  EstimTime  Branching  #Simplify SimplifyTi Simplified
  pow              :          0       0.00          0       0.00          0          0          0       0.00          0          0       0.00          0
  prod             :       6320       0.01          0       0.00          0          0          0       0.00          0       4687       0.01          0
  sum              :          8       0.03          2       0.00          0          0          0       0.00          0          3       0.02          2
  var              :       5476       0.00          0       0.00          0          0          0       0.00          0      11145       0.00          0
  varidx           :          0       0.00          0       0.00          0          0          0       0.00          0          0       0.00          0
LP                 :       Time      Calls Iterations  Iter/call   Iter/sec  Time-0-It Calls-0-It    ItLimit
  primal LP        :     100.81      12597          0       0.00       0.00     100.72      12597
  dual LP          :    2529.64     199870   15717816      87.66    6213.46       7.71      20563
  lex dual LP      :       0.00          0          0       0.00          -
  barrier LP       :       0.00          0          0       0.00          -       0.00          0
  resolve instable :       0.00          0          0       0.00          -
  diving/probing LP:     320.46      16169    4292649     265.49   13395.27
  strong branching :      23.60       3369     285120      84.63   12081.36          -          -         39
    (at root node) :          -         20       3855     192.75          -
  conflict analysis:       4.50       3495      34108       9.76    7579.56
NLP relaxation     :
  solve time       :      17.39 (9 calls)
  convexity        :  nonconvex (4 linear rows, 0 convex ineq., 0 nonconvex ineq., 1527 nonlinear eq. or two-sided ineq.)
NLP Solvers        :  #Problems  ProblemTi    #Solves  SolveTime      #Iter  Time/Iter      #Okay #TimeLimit #IterLimit #LObjLimit #Interrupt  #NumError #EvalError  #OutOfMem #LicenseEr #OtherTerm   #GlobOpt    #LocOpt  #Feasible #LocInfeas #GlobInfea #Unbounded   #Unknown
  ipopt            :          2       6.80         12      18.51        315       0.06         12          0          0          0          0          0          0          0          0          0          0          0          0          3          0          0          9
B&B Tree           :
  number of runs   :          1
  nodes            :     166978 (94636 internal, 72342 leaves)
  feasible leaves  :         13
  infeas. leaves   :         26
  objective leaves :      72302
  nodes (total)    :     166978 (94636 internal, 72342 leaves)
  nodes left       :      22229
  max depth        :         46
  max depth (total):         46
  backtracks       :      37145 (22.2%)
  early backtracks :          0 (0.0%)
  nodes exc. ref.  :          0 (0.0%)
  delayed cutoffs  :          1
  repropagations   :       3818 (61 domain reductions, 0 cutoffs)
  avg switch length:       4.33
  switching time   :     131.77
Estim. Tree Size   :     334088
Estimation Tree    : 189273 nodes (167044 visited, 94636 internal, 72408 leaves, 22229 open), weight: 0.0000 completed 0.1458
Estimations        :      estim      value      trend resolution     smooth
  wbe              : 18158143953          -          -          -          -
  tree-profile     :         -1          -          -          -          -
  gap              :    1726582    0.79402    0.00003        128    1779799
  tree-weight      :     334088    0.00001    0.00000        128     333477
  leaf-frequency   :     334088    0.43346   -0.00000        128    3347226
  ssg              :    7659774    0.76978   -0.00003        128    7752545
  open-nodes       :     334088 22229.00000   24.73278        128     333477
Root Node          :
  First LP value   : -1.00000000000000e+00
  First LP Iters   :       1046 (20920.00 Iter/sec)
  First LP Time    :       0.05
  Final Dual Bound : -9.35917721518990e-01
  Final Root Iters :       1903
  Root LP Estimate : -4.60040222485405e-01
Solution           :
  Solutions found  :         33 (31 improvements)
  First Solution   : +1.00000000000000e+05   (in run 1, after 0 nodes, 0.04 seconds, depth 0, found by <trivial>)
  Gap First Sol.   :   infinite
  Gap Last Sol.    :      26.30 %
  Primal Bound     : -5.84810126582278e-01   (in run 1, after 153776 nodes, 3193.57 seconds, depth 37, found by <relaxation>)
  Dual Bound       : -7.36515471167371e-01
  Gap              :      25.94 %
Integrals          :      Total       Avg%
  primal-dual      :   87009.47      24.17
  primal-ref       :          -          - (not evaluated)
  dual-ref         :          -          - (not evaluated)
