SCIP Status        : solving was interrupted [time limit reached]
Total Time         :    3599.95
  solving          :    3599.95
  presolving       :       0.45 (included in solving)
  reading          :       0.00
  copying          :       1.39 (38 #copies) (minimal 0.00, maximal 0.13, average 0.04)
Original Problem   :
  Problem name     : bbbenchmark/pw05_100.5.cut
  Variables        : 101 (100 binary, 0 integer, 0 implicit integer, 1 continuous)
  Constraints      : 1 initial, 1 maximal
  Objective        : minimize, 1 non-zeros (abs.min = 1, abs.max = 1)
Presolved Problem  :
  Problem name     : t_bbbenchmark/pw05_100.5.cut
  Variables        : 1850 (100 binary, 0 integer, 1735 implicit integer, 15 continuous)
  Constraints      : 1778 initial, 9386 maximal
  Objective        : minimize, 1 non-zeros (abs.min = 1, abs.max = 1)
  Nonzeros         : 8605 constraint, 202 clique table
Presolvers         :   ExecTime  SetupTime  Calls  FixedVars   AggrVars   ChgTypes  ChgBounds   AddHoles    DelCons    AddCons   ChgSides   ChgCoefs
  boundshift       :       0.00       0.00      0          0          0          0          0          0          0          0          0          0
  convertinttobin  :       0.00       0.00      0          0          0          0          0          0          0          0          0          0
  domcol           :       0.00       0.00      1          0          0          0          0          0          0          0          0          0
  dualagg          :       0.00       0.00      0          0          0          0          0          0          0          0          0          0
  dualcomp         :       0.00       0.00      1          0          0          0          0          0          0          0          0          0
  dualinfer        :       0.00       0.00      0          0          0          0          0          0          0          0          0          0
  dualsparsify     :       0.00       0.00      1          0          0          0          0          0          0          0          0          0
  gateextraction   :       0.00       0.00      0          0          0          0          0          0          0          0          0          0
  implics          :       0.00       0.00      2          0          0          0          0          0          0          0          0          0
  inttobinary      :       0.00       0.00      0          0          0          0          0          0          0          0          0          0
  qpkktref         :       0.00       0.00      0          0          0          0          0          0          0          0          0          0
  redvub           :       0.00       0.00      0          0          0          0          0          0          0          0          0          0
  sparsify         :       0.00       0.00      1          0          0          0          0          0          0          0          0          0
  stuffing         :       0.00       0.00      0          0          0          0          0          0          0          0          0          0
  trivial          :       0.00       0.00      4          0          0          0          0          0          0          0          0          0
  tworowbnd        :       0.00       0.00      0          0          0          0          0          0          0          0          0          0
  dualfix          :       0.00       0.00      4          0          0          0          0          0          0          0          0          0
  genvbounds       :       0.00       0.00      0          0          0          0          0          0          0          0          0          0
  probing          :       0.30       0.00      1          0          0          0          0          0          0          0          0          0
  pseudoobj        :       0.00       0.00      1          0          0          0          1          0          0          0          0          0
  symmetry         :       0.00       0.00      0          0          0          0          0          0          0          0          0          0
  vbounds          :       0.00       0.00      1          0          0          0          0          0          0          0          0          0
  varbound         :       0.00       0.00      2          0          0          0          0          0          0          0          0          0
  and              :       0.00       0.01      2          0          0          0          0          0          0          0          0          0
  linear           :       0.00       0.00      2          0          0          0          0          0          0          0          0          0
  logicor          :       0.00       0.00      0          0          0          0          0          0          0          0          0          0
  bounddisjunction :       0.00       0.00      0          0          0          0          0          0          0          0          0          0
  nonlinear        :       0.14       0.01      5          0          0          0          1          0          0       1777          0          0
  benders          :       0.00       0.00      0          0          0          0          0          0          0          0          0          0
  components       :       0.00       0.00      1          0          0          0          0          0          0          0          0          0
  root node        :          -          -      -          0          -          -         15          -          -          -          -          -
Constraints        :     Number  MaxNumber  #Separate #Propagate    #EnfoLP    #EnfoRelax  #EnfoPS    #Check   #ResProp    Cutoffs    DomReds       Cuts    Applied      Conss   Children
  benderslp        :          0          0          0          0      37711          0          0       9846          0          0          0          0          0          0          0
  integral         :          0          0          0          0      37711          0          0       9846          0          0        694          0          0        244      75058
  varbound         :         14         14         54     303686          0          0          0         48          0          0      27834          0          0          0          0
  and              :       1735       1735      56239     339406          0          0          0         48     235972          1     160178      15837      13904          0          0
  linear           :         29+        36         54     339440          0          0          0         46        381          6     117327          0          0          0          0
  logicor          :          0+      7354          0      55325          0          0          0          0         44        107         29          0          0          0          0
  bounddisjunction :          0+       335          0      24208          0          0          0          0          2          9          1          0          0          0          0
  benders          :          0          0          0          0          0          0          0         29          0          0          0          0          0          0          0
  countsols        :          0          0          0          0          0          0          0         29          0          0          0          0          0          0          0
  components       :          0          0          0          0          0          0          0          0          0          0          0          0          0          0          0
Constraint Timings :  TotalTime  SetupTime   Separate  Propagate     EnfoLP     EnfoPS     EnfoRelax   Check    ResProp    SB-Prop
  benderslp        :       0.05       0.00       0.00       0.00       0.04       0.00       0.00       0.01       0.00       0.00
  integral         :      38.73       0.00       0.00       0.00      38.70       0.00       0.00       0.03       0.00       0.00
  varbound         :       0.55       0.00       0.00       0.55       0.00       0.00       0.00       0.00       0.00       0.00
  and              :      48.99       0.01      33.49      14.74       0.00       0.00       0.00       0.01       0.24       0.50
  linear           :       1.89       0.00       0.05       1.80       0.00       0.00       0.00       0.00       0.00       0.04
  logicor          :       4.45       0.00       0.00       4.41       0.00       0.00       0.00       0.00       0.01       0.03
  bounddisjunction :       0.40       0.00       0.00       0.40       0.00       0.00       0.00       0.00       0.00       0.00
  benders          :       0.00       0.00       0.00       0.00       0.00       0.00       0.00       0.00       0.00       0.00
  countsols        :       0.00       0.00       0.00       0.00       0.00       0.00       0.00       0.00       0.00       0.00
  components       :       0.08       0.00       0.00       0.08       0.00       0.00       0.00       0.00       0.00       0.00
Propagators        : #Propagate   #ResProp    Cutoffs    DomReds
  dualfix          :          2          0          0          0
  genvbounds       :          0          0          0          0
  nlobbt           :          0          0          0          0
  obbt             :          0          0          0          0
  probing          :          0          0          0          0
  pseudoobj        :     170260          0          0         17
  redcost          :     102899          0          0      32993
  rootredcost      :          9          0          0          0
  symmetry         :          0          0          0          0
  vbounds          :      48480          0          0          0
Propagator Timings :  TotalTime  SetupTime   Presolve  Propagate    ResProp    SB-Prop
  dualfix          :       0.00       0.00       0.00       0.00       0.00       0.00
  genvbounds       :       0.25       0.00       0.00       0.25       0.00       0.00
  nlobbt           :       0.00       0.00       0.00       0.00       0.00       0.00
  obbt             :       0.00       0.00       0.00       0.00       0.00       0.00
  probing          :       0.30       0.00       0.30       0.00       0.00       0.00
  pseudoobj        :       0.47       0.00       0.00       0.47       0.00       0.00
  redcost          :       6.57       0.00       0.00       6.57       0.00       0.00
  rootredcost      :       0.32       0.00       0.00       0.32       0.00       0.00
  symmetry         :       0.09       0.00       0.00       0.09       0.00       0.00
  vbounds          :       0.31       0.00       0.00       0.30       0.00       0.01
Conflict Analysis  :       Time      Calls    Success    DomReds  Conflicts   Literals    Reconvs ReconvLits   Dualrays   Nonzeros   LP Iters   (pool size: [10000,10000])
  propagation      :       0.00        117         87          -        113       59.2          0        0.0          -          -          -
  infeasible LP    :       0.02         13         13          -        549      145.8          0        0.0         27      164.5          0
  bound exceed. LP :      12.06       2833       2578          -      67073      104.2          1       13.0          0        0.0      31066
  strong branching :       0.00          0          0          -          0        0.0          0        0.0          -          -          0
  pseudo solution  :       0.00          0          0          -          0        0.0          0        0.0          -          -          -
  applied globally :       0.29          -          -          0      14257      120.1          -          -         27          -          -
  applied locally  :          -          -          -          0          0        0.0          -          -          0          -          -
Separators         :   ExecTime  SetupTime      Calls  RootCalls    Cutoffs    DomReds  FoundCuts ViaPoolAdd  DirectAdd    Applied ViaPoolApp  DirectApp      Conss
  cut pool         :       8.66          -      31112         80          -          -      55562    2216303          -          -          -          -          -    (maximal pool size:       3623)
  aggregation      :      77.35       0.00      12800         54          0          0       2733       7783          0       1660       1660          0          0
  > cmir           :          -          -          -          -          -          -          -       7760          0       1639       1639          0          -
  > flowcover      :          -          -          -          -          -          -          -         23          0         21         21          0          -
  > knapsackcover  :          -          -          -          -          -          -          -          0          0          0          0          0          -
  cgmip            :       0.00       0.00          0          0          0          0          0          0          0          0          0          0          0
  clique           :       0.00       0.00         54         54          0          0          0          0          0          0          0          0          0
  closecuts        :       0.00       0.00          0          0          0          0          0          0          0          0          0          0          0
  convexproj       :       0.00       0.00          0          0          0          0          0          0          0          0          0          0          0
  disjunctive      :       0.00       0.00          0          0          0          0          0          0          0          0          0          0          0
  eccuts           :       0.00       0.00          0          0          0          0          0          0          0          0          0          0          0
  gauge            :       0.00       0.00          0          0          0          0          0          0          0          0          0          0          0
  gomory           :       0.00       0.00          0          0          0          0          0          0          0          0          0          0          0
  > gomorymi       :          -          -          -          -          -          -          -          0          0          0          0          0          -
  > strongcg       :          -          -          -          -          -          -          -          0          0          0          0          0          -
  impliedbounds    :       1.00       0.00      12800         54          0          0        102         14          0          8          8          0          0
  interlattice     :       0.25       0.00         30         30          0          0         30          0         30         30          0         30          0
  interminor       :       0.00       0.00          0          0          0          0          0          0          0          0          0          0          0
  intersub         :       0.00       0.00          0          0          0          0          0          0          0          0          0          0          0
  intobj           :       0.00       0.00          0          0          0          0          0          0          0          0          0          0          0
  mcf              :       0.00       0.00          1          1          0          0          0          0          0          0          0          0          0
  minor            :       0.01       0.00          0          0          0          0          0          0          0          0          0          0          0
  mixing           :       0.08       0.00      12800         54          0          0          0          0          0          0          0          0          0
  oddcycle         :       0.00       0.00          0          0          0          0          0          0          0          0          0          0          0
  rapidlearning    :       0.00       0.00          0          0          0          0          0          0          0          0          0          0          0
  rlt              :       0.00       0.00         10         10          0          0          0          0          0          0          0          0          0
  zerohalf         :     132.42       0.00      11613         20          0          0      52727    2208506          0     179970     179970          0          0
Cutselectors       :   ExecTime  SetupTime      Calls  RootCalls   Selected     Forced   Filtered  RootSelec   RootForc   RootFilt 
  hybrid           :       2.32       0.00      21579         53     195572          0    2036598        228          0          1
Pricers            :   ExecTime  SetupTime      Calls       Vars
  problem variables:       0.00          -          0          0
Branching Rules    :   ExecTime  SetupTime   BranchLP  BranchExt   BranchPS    Cutoffs    DomReds       Cuts      Conss   Children
  allfullstrong    :       0.00       0.00          0          0          0          0          0          0          0          0
  cloud            :       0.00       0.00          0          0          0          0          0          0          0          0
  distribution     :       0.00       0.00          0          0          0          0          0          0          0          0
  fullstrong       :       0.00       0.00          0          0          0          0          0          0          0          0
  inference        :       0.00       0.00          0          0          0          0          0          0          0          0
  leastinf         :       0.00       0.00          0          0          0          0          0          0          0          0
  lookahead        :       0.00       0.00          0          0          0          0          0          0          0          0
  mostinf          :       0.00       0.00          0          0          0          0          0          0          0          0
  multaggr         :       0.00       0.00          0          0          0          0          0          0          0          0
  nodereopt        :       0.00       0.00          0          0          0          0          0          0          0          0
  pscost           :       0.00       0.00          0          0          0          0          0          0          0          0
  random           :       0.00       0.00          0          0          0          0          0          0          0          0
  relpscost        :      38.55       0.00      37711          0          0          0        694          0        244      75058
  vanillafullstrong:       0.00       0.00          0          0          0          0          0          0          0          0
Primal Heuristics  :   ExecTime  SetupTime      Calls      Found       Best
  LP solutions     :       0.00          -          -          0          0
  relax solutions  :       0.00          -          -          0          0
  pseudo solutions :       0.00          -          -          0          0
  strong branching :       0.03          -          -          0          0
  actconsdiving    :       0.00       0.00          0          0          0
  adaptivediving   :       4.89       0.00         27          0          0
  alns             :       2.83       0.00         17          6          6
  bound            :       0.00       0.00          0          0          0
  clique           :       0.01       0.00          1          0          0
  coefdiving       :       0.00       0.00          0          0          0
  completesol      :       0.00       0.00          0          0          0
  conflictdiving   :      33.09       0.00        228          0          0
  crossover        :       0.23       0.00          1          0          0
  dins             :       0.00       0.00          0          0          0
  distributiondivin:      60.03       0.00        228          0          0
  dps              :       0.00       0.00          0          0          0
  dualval          :       0.00       0.00          0          0          0
  farkasdiving     :       0.03       0.00          0          0          0
  feaspump         :       0.00       0.00          0          0          0
  fixandinfer      :       0.00       0.00          0          0          0
  fracdiving       :      40.79       0.00        229          0          0
  gins             :       0.11       0.00          0          0          0
  guideddiving     :      41.93       0.00        228          0          0
  indicator        :       0.07       0.00          0          0          0
  indicatordiving  :       0.00       0.00          0          0          0
  intdiving        :       0.00       0.00          0          0          0
  intshifting      :       0.21       0.00         31          0          0
  linesearchdiving :      33.34       0.00        228          0          0
  localbranching   :       0.00       0.00          0          0          0
  locks            :       0.01       0.00          1          0          0
  lpface           :       0.02       0.00          0          0          0
  mpec             :     422.69       0.00         11          0          0
  multistart       :       0.00       0.00          0          0          0
  mutation         :       0.00       0.00          0          0          0
  nlpdiving        :      51.29       0.00          2          0          0
  objpscostdiving  :      76.69       0.00         43          2          1
  octane           :       0.00       0.00          0          0          0
  ofins            :       0.08       0.00          0          0          0
  oneopt           :       0.05       0.00         18          0          0
  padm             :       0.00       0.00          0          0          0
  proximity        :       0.00       0.00          0          0          0
  pscostdiving     :      40.61       0.00        229          1          1
  randrounding     :       0.81       0.00       9813          0          0
  rens             :       0.00       0.00          0          0          0
  reoptsols        :       0.00       0.00          0          0          0
  repair           :       0.00       0.00          0          0          0
  rins             :       7.25       0.00         19          2          2
  rootsoldiving    :      40.68       0.00         26          1          0
  rounding         :       1.06       0.00       3339          0          0
  shiftandpropagate:       0.00       0.00          0          0          0
  shifting         :      68.06       0.00      13816         11          8
  simplerounding   :       0.11       0.00          0          0          0
  subnlp           :      81.23       0.00          0          0          0
  trivial          :       0.01       0.00          2          2          2
  trivialnegation  :       0.00       0.00          0          0          0
  trustregion      :       0.00       0.00          0          0          0
  trysol           :       0.04       0.00          0          0          0
  twoopt           :       0.00       0.00          0          0          0
  undercover       :       1.81       0.00          1          1          1
  vbounds          :       0.00       0.00          0          0          0
  veclendiving     :      32.00       0.00        229          0          0
  zeroobj          :       0.00       0.00          0          0          0
  zirounding       :       0.41       0.00       1000          0          0
  other solutions  :          -          -          -          0          -
Diving (single)    :      Calls      Nodes   LP Iters Backtracks  Conflicts   MinDepth   MaxDepth   AvgDepth  RoundSols  NLeafSols  MinSolDpt  MaxSolDpt  AvgSolDpt
  actconsdiving    :          0          -          -          -          -          -          -          -          -          -          -          -          -
  coefdiving       :          0          -          -          -          -          -          -          -          -          -          -          -          -
  conflictdiving   :        228       9668     268938        238      16024         52         80       59.1          0          -          -          -          -
  distributiondivin:        228       8337     364467        255       7591         44         68       54.1          0          -          -          -          -
  farkasdiving     :          0          -          -          -          -          -          -          -          -          -          -          -          -
  fracdiving       :        229      41324     295181         47        870         55        665      199.4          0          -          -          -          -
  guideddiving     :        228      37751     307520         46        895         61        608      184.0          0          -          -          -          -
  indicatordiving  :          0          -          -          -          -          -          -          -          -          -          -          -          -
  linesearchdiving :        228       9742     276219        225      12993         47         85       60.8          0          -          -          -          -
  pscostdiving     :        229       9824     342038        234       9153         51         78       60.2          0          1         78         78       78.0
  veclendiving     :        229       9561     250184        221      16014         53         81       59.8          0          -          -          -          -
Diving (adaptive)  :      Calls      Nodes   LP Iters Backtracks  Conflicts   MinDepth   MaxDepth   AvgDepth  RoundSols  NLeafSols  MinSolDpt  MaxSolDpt  AvgSolDpt
  actconsdiving    :          4        164       7143          7        139         47         59       55.2          0          -          -          -          -
  coefdiving       :          8        320       9243          7        455         52         72       57.6          0          -          -          -          -
  conflictdiving   :          0          -          -          -          -          -          -          -          -          -          -          -          -
  distributiondivin:          0          -          -          -          -          -          -          -          -          -          -          -          -
  farkasdiving     :          0          -          -          -          -          -          -          -          -          -          -          -          -
  fracdiving       :          3        432       3904          2         40         98        223      161.3          0          -          -          -          -
  guideddiving     :          2        319       2811          0          0        163        183      173.0          0          -          -          -          -
  indicatordiving  :          0          -          -          -          -          -          -          -          -          -          -          -          -
  linesearchdiving :          3        126       4086          2        145         52         72       59.0          0          -          -          -          -
  pscostdiving     :          3        127       4840          3        127         59         61       59.7          0          -          -          -          -
  veclendiving     :          4        168       5020          4        290         55         60       57.5          0          -          -          -          -
Neighborhoods      :      Calls  SetupTime  SolveTime SolveNodes       Sols       Best       Exp3  EpsGreedy        UCB TgtFixRate  Opt  Inf Node Stal  Sol  Usr Othr Actv
  rens             :          1       0.05       0.01          1          0          0    0.00000   -1.00000    0.56700      0.700    0    1    0    0    0    0    0    1
  rins             :          7       0.71       1.13        947          5          5    0.00000   -1.00000    0.54714      0.723    1    1    0    4    1    0    0    1
  mutation         :          1       0.02       0.01          1          0          0    0.00000   -1.00000    0.56710      0.700    0    1    0    0    0    0    0    1
  localbranching   :          1       0.01       0.01         25          0          0    0.00000   -1.00000    0.54300      0.700    0    1    0    0    0    0    0    1
  crossover        :          1       0.02       0.02          5          0          0    0.00000   -1.00000    0.56300      0.700    0    1    0    0    0    0    0    1
  proximity        :          4       0.36       0.20        221          1          1    0.00000   -1.00000    0.56573      0.816    1    1    0    2    0    0    0    1
  zeroobjective    :          1       0.03       0.03         41          0          0    0.00000   -1.00000    0.52700      0.700    0    1    0    0    0    0    0    1
  dins             :          1       0.02       0.01          1          0          0    0.00000   -1.00000    0.56700      0.700    0    1    0    0    0    0    0    1
  trustregion      :          0       0.00       0.00          0          0          0    0.00000   -1.00000    1.00000      0.900    0    0    0    0    0    0    0    0
Expressions        :   #IntEval  IntEvalTi   #RevProp  RevPropTi    DomReds    Cutoffs  #Estimate  EstimTime  Branching  #Simplify SimplifyTi Simplified
  pow              :          0       0.00          0       0.00          0          0          0       0.00          0          0       0.00          0
  prod             :       9900       0.00          0       0.00          0          0          0       0.00          0       6685       0.01          0
  sum              :          8       0.00          2       0.00          0          0          0       0.00          0          3       0.01          2
  var              :       6359       0.00          0       0.00          0          0          0       0.00          0      15422       0.00          0
  varidx           :          0       0.00          0       0.00          0          0          0       0.00          0          0       0.00          0
LP                 :       Time      Calls Iterations  Iter/call   Iter/sec  Time-0-It Calls-0-It    ItLimit
  primal LP        :     109.33       8380          0       0.00       0.00     109.32       8380
  dual LP          :    2035.01      89441    9584960     114.63    4710.03       2.44       5823
  lex dual LP      :       0.00          0          0       0.00          -
  barrier LP       :       0.00          0          0       0.00          -       0.00          0
  resolve instable :       0.00          0          0       0.00          -
  diving/probing LP:     346.97       9827    2703358     275.09    7791.33
  strong branching :      22.64       1582     199519     126.12    8812.68          -          -        199
    (at root node) :          -         20       3172     158.60          -
  conflict analysis:       5.27       3141      31066       9.89    5894.88
NLP relaxation     :
  solve time       :      50.75 (7 calls)
  convexity        :  nonconvex (43 linear rows, 0 convex ineq., 0 nonconvex ineq., 1735 nonlinear eq. or two-sided ineq.)
NLP Solvers        :  #Problems  ProblemTi    #Solves  SolveTime      #Iter  Time/Iter      #Okay #TimeLimit #IterLimit #LObjLimit #Interrupt  #NumError #EvalError  #OutOfMem #LicenseEr #OtherTerm   #GlobOpt    #LocOpt  #Feasible #LocInfeas #GlobInfea #Unbounded   #Unknown
  ipopt            :         12       3.04         25     480.07       1691       0.28         23          0          2          0          0          0          0          0          0          0          0          5          1         16          0          0          3
B&B Tree           :
  number of runs   :          1
  nodes            :      61867 (37529 internal, 24338 leaves)
  feasible leaves  :          0
  infeas. leaves   :          4
  objective leaves :      24333
  nodes (total)    :      61867 (37529 internal, 24338 leaves)
  nodes left       :      13054
  max depth        :         60
  max depth (total):         60
  backtracks       :      14910 (24.1%)
  early backtracks :          0 (0.0%)
  nodes exc. ref.  :          0 (0.0%)
  delayed cutoffs  :          2
  repropagations   :         35 (100 domain reductions, 0 cutoffs)
  avg switch length:       5.85
  switching time   :     123.88
Estim. Tree Size   :     124010
Estimation Tree    : 75059 nodes (62005 visited, 37529 internal, 24476 leaves, 13054 open), weight: 0.0000 completed 0.0929
Estimations        :      estim      value      trend resolution     smooth
  wbe              : 7054672506803          -          -          -          -
  tree-profile     :         -1          -          -          -          -
  gap              :     752273    0.69154    0.00003         32     823148
  tree-weight      :     124010    0.00000    0.00000         32     123840
  leaf-frequency   :     124010    0.39473   -0.00001         32     125121
  ssg              :    2088873    0.85333   -0.00003         32    2125747
  open-nodes       :     124010 13054.00000   12.72045         32     123840
Root Node          :
  First LP value   : -5.53535353535355e+00
  First LP Iters   :       1682 (8410.00 Iter/sec)
  First LP Time    :       0.20
  Final Dual Bound : -5.32285353535354e+00
  Final Root Iters :       2582
  Root LP Estimate : -1.86589834691167e+00
Solution           :
  Solutions found  :         26 (21 improvements)
  First Solution   : +1.00000000000000e+05   (in run 1, after 0 nodes, 0.03 seconds, depth 0, found by <trivial>)
  Gap First Sol.   :   infinite
  Gap Last Sol.    :      49.77 %
  Primal Bound     : -3.21171717171717e+00   (in run 1, after 28326 nodes, 1181.58 seconds, depth 40, found by <alns>)
  Dual Bound       : -4.64427973985617e+00
  Gap              :      44.60 %
Integrals          :      Total       Avg%
  primal-dual      :  122433.94      34.01
  primal-ref       :          -          - (not evaluated)
  dual-ref         :          -          - (not evaluated)
