SCIP Status        : solving was interrupted [time limit reached]
Total Time         :    3599.98
  solving          :    3599.97
  presolving       :       0.52 (included in solving)
  reading          :       0.01
  copying          :       0.69 (27 #copies) (minimal 0.00, maximal 0.08, average 0.03)
Original Problem   :
  Problem name     : bbbenchmark/pw05_100.9.cut
  Variables        : 101 (100 binary, 0 integer, 0 implicit integer, 1 continuous)
  Constraints      : 1 initial, 1 maximal
  Objective        : minimize, 1 non-zeros (abs.min = 1, abs.max = 1)
Presolved Problem  :
  Problem name     : t_bbbenchmark/pw05_100.9.cut
  Variables        : 1911 (100 binary, 0 integer, 1797 implicit integer, 14 continuous)
  Constraints      : 1837 initial, 7368 maximal
  Objective        : minimize, 1 non-zeros (abs.min = 1, abs.max = 1)
  Nonzeros         : 8723 constraint, 202 clique table
Presolvers         :   ExecTime  SetupTime  Calls  FixedVars   AggrVars   ChgTypes  ChgBounds   AddHoles    DelCons    AddCons   ChgSides   ChgCoefs
  boundshift       :       0.00       0.00      0          0          0          0          0          0          0          0          0          0
  convertinttobin  :       0.00       0.00      0          0          0          0          0          0          0          0          0          0
  domcol           :       0.00       0.00      1          0          0          0          0          0          0          0          0          0
  dualagg          :       0.00       0.00      0          0          0          0          0          0          0          0          0          0
  dualcomp         :       0.00       0.00      1          0          0          0          0          0          0          0          0          0
  dualinfer        :       0.00       0.00      0          0          0          0          0          0          0          0          0          0
  dualsparsify     :       0.00       0.00      1          0          0          0          0          0          0          0          0          0
  gateextraction   :       0.00       0.00      0          0          0          0          0          0          0          0          0          0
  implics          :       0.00       0.00      2          0          0          0          0          0          0          0          0          0
  inttobinary      :       0.00       0.00      0          0          0          0          0          0          0          0          0          0
  qpkktref         :       0.00       0.00      0          0          0          0          0          0          0          0          0          0
  redvub           :       0.00       0.00      0          0          0          0          0          0          0          0          0          0
  sparsify         :       0.00       0.00      1          0          0          0          0          0          0          0          0          0
  stuffing         :       0.00       0.00      0          0          0          0          0          0          0          0          0          0
  trivial          :       0.00       0.00      4          0          0          0          0          0          0          0          0          0
  tworowbnd        :       0.00       0.00      0          0          0          0          0          0          0          0          0          0
  dualfix          :       0.00       0.00      4          0          0          0          0          0          0          0          0          0
  genvbounds       :       0.00       0.00      0          0          0          0          0          0          0          0          0          0
  probing          :       0.34       0.00      1          0          0          0          0          0          0          0          0          0
  pseudoobj        :       0.00       0.00      1          0          0          0          1          0          0          0          0          0
  symmetry         :       0.00       0.00      0          0          0          0          0          0          0          0          0          0
  vbounds          :       0.00       0.00      1          0          0          0          0          0          0          0          0          0
  varbound         :       0.00       0.00      2          0          0          0          0          0          0          0          0          0
  and              :       0.01       0.00      2          0          0          0          0          0          0          0          0          0
  linear           :       0.00       0.00      2          0          0          0          0          0          0          0          0          0
  logicor          :       0.00       0.00      0          0          0          0          0          0          0          0          0          0
  bounddisjunction :       0.00       0.00      0          0          0          0          0          0          0          0          0          0
  nonlinear        :       0.15       0.02      5          0          0          0          1          0          0       1836          0          0
  benders          :       0.00       0.00      0          0          0          0          0          0          0          0          0          0
  components       :       0.00       0.00      1          0          0          0          0          0          0          0          0          0
  root node        :          -          -      -          0          -          -         13          -          -          -          -          -
Constraints        :     Number  MaxNumber  #Separate #Propagate    #EnfoLP    #EnfoRelax  #EnfoPS    #Check   #ResProp    Cutoffs    DomReds       Cuts    Applied      Conss   Children
  benderslp        :          0          0          0          0      20951          0          0       4027          0          0          0          0          0          0          0
  integral         :          0          0          0          0      20951          0          0       4027          0          0       1551          0          0        971      40458
  varbound         :         13         13         57     183601          0          0          0         38          0          0       7381          0          0          0          0
  and              :       1797       1797      33148     223707         14          0          0         38     206536          0     465113      15901      14828          0          0
  linear           :         27+        30         57     223738         14          0          0         36        174          3      64832          0          0          0          0
  logicor          :          0+      5178          0      35739          0          0          0          0        218         80         29          0          0          0          0
  bounddisjunction :          0+       360          0      12031          0          0          0          0          0          4          0          0          0          0          0
  benders          :          0          0          0          0         14          0          0         37          0          0          0          0          0          0          0
  countsols        :          0          0          0          0         14          0          0         37          0          0          0          0          0          0          0
  components       :          0          0          0          0          0          0          0          0          0          0          0          0          0          0          0
Constraint Timings :  TotalTime  SetupTime   Separate  Propagate     EnfoLP     EnfoPS     EnfoRelax   Check    ResProp    SB-Prop
  benderslp        :       0.06       0.00       0.00       0.00       0.06       0.00       0.00       0.00       0.00       0.00
  integral         :      59.47       0.00       0.00       0.00      59.47       0.00       0.00       0.00       0.00       0.00
  varbound         :       0.22       0.00       0.00       0.22       0.00       0.00       0.00       0.00       0.00       0.00
  and              :      41.30       0.00      27.11      13.55       0.00       0.00       0.00       0.01       0.10       0.53
  linear           :       1.18       0.00       0.06       1.08       0.00       0.00       0.00       0.01       0.00       0.03
  logicor          :       1.89       0.00       0.00       1.88       0.00       0.00       0.00       0.00       0.00       0.01
  bounddisjunction :       0.20       0.00       0.00       0.20       0.00       0.00       0.00       0.00       0.00       0.00
  benders          :       0.00       0.00       0.00       0.00       0.00       0.00       0.00       0.00       0.00       0.00
  countsols        :       0.00       0.00       0.00       0.00       0.00       0.00       0.00       0.00       0.00       0.00
  components       :       0.05       0.00       0.00       0.05       0.00       0.00       0.00       0.00       0.00       0.00
Propagators        : #Propagate   #ResProp    Cutoffs    DomReds
  dualfix          :          4          0          0          0
  genvbounds       :          0          0          0          0
  nlobbt           :          0          0          0          0
  obbt             :          0          0          0          0
  probing          :          0          0          0          0
  pseudoobj        :      95604          0          0         18
  redcost          :      62192          0          0      40167
  rootredcost      :         24          0          0          0
  symmetry         :          0          0          0          0
  vbounds          :      22214          0          0          0
Propagator Timings :  TotalTime  SetupTime   Presolve  Propagate    ResProp    SB-Prop
  dualfix          :       0.00       0.00       0.00       0.00       0.00       0.00
  genvbounds       :       0.15       0.00       0.00       0.15       0.00       0.00
  nlobbt           :       0.00       0.00       0.00       0.00       0.00       0.00
  obbt             :       0.00       0.00       0.00       0.00       0.00       0.00
  probing          :       0.34       0.00       0.34       0.00       0.00       0.00
  pseudoobj        :       0.24       0.00       0.00       0.22       0.00       0.02
  redcost          :       5.08       0.00       0.00       5.08       0.00       0.00
  rootredcost      :       0.20       0.00       0.00       0.18       0.00       0.02
  symmetry         :       0.04       0.00       0.00       0.04       0.00       0.00
  vbounds          :       0.16       0.00       0.00       0.15       0.00       0.01
Conflict Analysis  :       Time      Calls    Success    DomReds  Conflicts   Literals    Reconvs ReconvLits   Dualrays   Nonzeros   LP Iters   (pool size: [10000,10000])
  propagation      :       0.00         84         61          -         75       58.4          0        0.0          -          -          -
  infeasible LP    :       0.01          4          4          -        187      160.5          0        0.0          6      243.0          0
  bound exceed. LP :      12.72       3100       2311          -      55643      103.7          0        0.0          0        0.0      25424
  strong branching :       0.00          0          0          -          0        0.0          0        0.0          -          -          0
  pseudo solution  :       0.00          0          0          -          0        0.0          0        0.0          -          -          -
  applied globally :       0.22          -          -          0       9822      122.0          -          -          6          -          -
  applied locally  :          -          -          -          0          0        0.0          -          -          0          -          -
Separators         :   ExecTime  SetupTime      Calls  RootCalls    Cutoffs    DomReds  FoundCuts ViaPoolAdd  DirectAdd    Applied ViaPoolApp  DirectApp      Conss
  cut pool         :       6.63          -      15463         82          -          -      36597    1748986          -          -          -          -          -    (maximal pool size:       3320)
  aggregation      :      60.85       0.00       6375         57          0          0       1796       2436          0        344        344          0          0
  > cmir           :          -          -          -          -          -          -          -       2436          0        344        344          0          -
  > flowcover      :          -          -          -          -          -          -          -          0          0          0          0          0          -
  > knapsackcover  :          -          -          -          -          -          -          -          0          0          0          0          0          -
  cgmip            :       0.00       0.00          0          0          0          0          0          0          0          0          0          0          0
  clique           :       0.00       0.00         57         57          0          0          0          0          0          0          0          0          0
  closecuts        :       0.00       0.00          0          0          0          0          0          0          0          0          0          0          0
  convexproj       :       0.00       0.00          0          0          0          0          0          0          0          0          0          0          0
  disjunctive      :       0.00       0.00          0          0          0          0          0          0          0          0          0          0          0
  eccuts           :       0.00       0.00          0          0          0          0          0          0          0          0          0          0          0
  gauge            :       0.00       0.00          0          0          0          0          0          0          0          0          0          0          0
  gomory           :       0.00       0.00          0          0          0          0          0          0          0          0          0          0          0
  > gomorymi       :          -          -          -          -          -          -          -          0          0          0          0          0          -
  > strongcg       :          -          -          -          -          -          -          -          0          0          0          0          0          -
  impliedbounds    :       0.70       0.00       6375         57          0          0         15          0          0          0          0          0          0
  interlattice     :       0.24       0.00         30         30          0          0         30          0         30         29          0         29          0
  interminor       :       0.00       0.00          0          0          0          0          0          0          0          0          0          0          0
  intersub         :       0.00       0.00          0          0          0          0          0          0          0          0          0          0          0
  intobj           :       0.00       0.00          0          0          0          0          0          0          0          0          0          0          0
  mcf              :       0.01       0.00          1          1          0          0          0          0          0          0          0          0          0
  minor            :       0.01       0.00          0          0          0          0          0          0          0          0          0          0          0
  mixing           :       0.04       0.00       6375         57          0          0          0          0          0          0          0          0          0
  oddcycle         :       0.00       0.00          0          0          0          0          0          0          0          0          0          0          0
  rapidlearning    :       0.00       0.00          0          0          0          0          0          0          0          0          0          0          0
  rlt              :       0.00       0.00         10         10          0          0          0          0          0          0          0          0          0
  zerohalf         :      93.93       0.00       5882         20          0          0      34786    1746550          0     125308     125308          0          0
Cutselectors       :   ExecTime  SetupTime      Calls  RootCalls   Selected     Forced   Filtered  RootSelec   RootForc   RootFilt 
  hybrid           :       2.11       0.00      15303         56     140509          0    1624408        212          0         31
Pricers            :   ExecTime  SetupTime      Calls       Vars
  problem variables:       0.00          -          0          0
Branching Rules    :   ExecTime  SetupTime   BranchLP  BranchExt   BranchPS    Cutoffs    DomReds       Cuts      Conss   Children
  allfullstrong    :       0.00       0.00          0          0          0          0          0          0          0          0
  cloud            :       0.00       0.00          0          0          0          0          0          0          0          0
  distribution     :       0.00       0.00          0          0          0          0          0          0          0          0
  fullstrong       :       0.00       0.00          0          0          0          0          0          0          0          0
  inference        :       0.00       0.00          0          0          0          0          0          0          0          0
  leastinf         :       0.00       0.00          0          0          0          0          0          0          0          0
  lookahead        :       0.00       0.00          0          0          0          0          0          0          0          0
  mostinf          :       0.00       0.00          0          0          0          0          0          0          0          0
  multaggr         :       0.00       0.00          0          0          0          0          0          0          0          0
  nodereopt        :       0.00       0.00          0          0          0          0          0          0          0          0
  pscost           :       0.00       0.00          0          0          0          0          0          0          0          0
  random           :       0.00       0.00          0          0          0          0          0          0          0          0
  relpscost        :      59.33       0.00      20937          0          0          0       1551          0        971      40458
  vanillafullstrong:       0.00       0.00          0          0          0          0          0          0          0          0
Primal Heuristics  :   ExecTime  SetupTime      Calls      Found       Best
  LP solutions     :       0.02          -          -         14         14
  relax solutions  :       0.00          -          -          0          0
  pseudo solutions :       0.00          -          -          0          0
  strong branching :       0.02          -          -          0          0
  actconsdiving    :       0.00       0.00          0          0          0
  adaptivediving   :       5.61       0.00         23          0          0
  alns             :       1.67       0.00         15          6          6
  bound            :       0.00       0.00          0          0          0
  clique           :       0.02       0.00          1          0          0
  coefdiving       :       0.00       0.00          0          0          0
  completesol      :       0.00       0.00          0          0          0
  conflictdiving   :      29.49       0.00        133          0          0
  crossover        :       0.23       0.00          3          0          0
  dins             :       0.00       0.00          0          0          0
  distributiondivin:      46.28       0.00        133          0          0
  dps              :       0.00       0.00          0          0          0
  dualval          :       0.00       0.00          0          0          0
  farkasdiving     :       0.01       0.00          0          0          0
  feaspump         :       0.18       0.00          1          1          1
  fixandinfer      :       0.00       0.00          0          0          0
  fracdiving       :      37.26       0.00        133          0          0
  gins             :       0.01       0.00          0          0          0
  guideddiving     :      29.32       0.00        133          0          0
  indicator        :       0.03       0.00          0          0          0
  indicatordiving  :       0.00       0.00          0          0          0
  intdiving        :       0.00       0.00          0          0          0
  intshifting      :       0.36       0.00         29          0          0
  linesearchdiving :      26.56       0.00        133          0          0
  localbranching   :       0.00       0.00          0          0          0
  locks            :       0.01       0.00          1          0          0
  lpface           :       0.03       0.00          0          0          0
  mpec             :     617.14       0.00         11          5          5
  multistart       :       0.00       0.00          0          0          0
  mutation         :       0.00       0.00          0          0          0
  nlpdiving        :      35.65       0.00          4          1          0
  objpscostdiving  :      83.47       0.00         27          9          0
  octane           :       0.00       0.00          0          0          0
  ofins            :       0.00       0.00          0          0          0
  oneopt           :       0.09       0.00         33          0          0
  padm             :       0.00       0.00          0          0          0
  proximity        :       0.00       0.00          0          0          0
  pscostdiving     :      40.82       0.00        133          0          0
  randrounding     :       0.76       0.00       3987          0          0
  rens             :       0.00       0.00          0          0          0
  reoptsols        :       0.00       0.00          0          0          0
  repair           :       0.00       0.00          0          0          0
  rins             :       0.43       0.00          8          0          0
  rootsoldiving    :      30.34       0.00         15          0          0
  rounding         :       1.12       0.00       2681          0          0
  shiftandpropagate:       0.00       0.00          0          0          0
  shifting         :      62.55       0.00      10141          9          9
  simplerounding   :       0.05       0.00          0          0          0
  subnlp           :      55.55       0.00          0          0          0
  trivial          :       0.02       0.00          2          2          2
  trivialnegation  :       0.00       0.00          0          0          0
  trustregion      :       0.00       0.00          0          0          0
  trysol           :       0.03       0.00          0          0          0
  twoopt           :       0.00       0.00          0          0          0
  undercover       :       2.19       0.00          1          1          1
  vbounds          :       0.00       0.00          0          0          0
  veclendiving     :      27.35       0.00        133          0          0
  zeroobj          :       0.00       0.00          0          0          0
  zirounding       :       0.36       0.00       1000          0          0
  other solutions  :          -          -          -          0          -
Diving (single)    :      Calls      Nodes   LP Iters Backtracks  Conflicts   MinDepth   MaxDepth   AvgDepth  RoundSols  NLeafSols  MinSolDpt  MaxSolDpt  AvgSolDpt
  actconsdiving    :          0          -          -          -          -          -          -          -          -          -          -          -          -
  coefdiving       :          0          -          -          -          -          -          -          -          -          -          -          -          -
  conflictdiving   :        133       5992     213287        148      10193         47         73       60.6          0          -          -          -          -
  distributiondivin:        133       5037     272361        151       5634         44         64       53.7          0          -          -          -          -
  farkasdiving     :          0          -          -          -          -          -          -          -          -          -          -          -          -
  fracdiving       :        133      39008     223081         41        634         66        749      310.3          0          -          -          -          -
  guideddiving     :        133      24542     190326         18        926         69        537      201.7          0          -          -          -          -
  indicatordiving  :          0          -          -          -          -          -          -          -          -          -          -          -          -
  linesearchdiving :        133       6472     195783        140       8569         47         90       65.2          0          -          -          -          -
  pscostdiving     :        133       5917     274730        138       7182         50         72       60.6          0          -          -          -          -
  veclendiving     :        133       5699     185807        133      10071         48         74       58.8          0          -          -          -          -
Diving (adaptive)  :      Calls      Nodes   LP Iters Backtracks  Conflicts   MinDepth   MaxDepth   AvgDepth  RoundSols  NLeafSols  MinSolDpt  MaxSolDpt  AvgSolDpt
  actconsdiving    :          5        189       8489          5        137         50         58       55.0          0          -          -          -          -
  coefdiving       :          6        281       8629          5        429         56         71       61.2          0          -          -          -          -
  conflictdiving   :          0          -          -          -          -          -          -          -          -          -          -          -          -
  distributiondivin:          0          -          -          -          -          -          -          -          -          -          -          -          -
  farkasdiving     :          0          -          -          -          -          -          -          -          -          -          -          -          -
  fracdiving       :          2        854       4431          1          6        191        693      442.0          0          -          -          -          -
  guideddiving     :          1        209       1253          0          0        224        224      224.0          0          -          -          -          -
  indicatordiving  :          0          -          -          -          -          -          -          -          -          -          -          -          -
  linesearchdiving :          3        148       5537          4        197         58         68       64.0          0          -          -          -          -
  pscostdiving     :          3        137       6031          4        175         51         68       59.3          0          -          -          -          -
  veclendiving     :          3        131       4113          3        235         55         60       57.7          0          -          -          -          -
Neighborhoods      :      Calls  SetupTime  SolveTime SolveNodes       Sols       Best       Exp3  EpsGreedy        UCB TgtFixRate  Opt  Inf Node Stal  Sol  Usr Othr Actv
  rens             :          1       0.03       0.02          1          0          0    0.00000   -1.00000    0.56560      0.700    0    1    0    0    0    0    0    1
  rins             :          3       0.18       0.24         71          1          1    0.00000   -1.00000    0.57758      0.662    1    1    0    1    0    0    0    1
  mutation         :          1       0.03       0.01          1          0          0    0.00000   -1.00000    0.56570      0.700    0    1    0    0    0    0    0    1
  localbranching   :          1       0.04       0.02         31          0          0    0.00000   -1.00000    0.53560      0.700    0    1    0    0    0    0    0    1
  crossover        :          1       0.02       0.02         15          0          0    0.00000   -1.00000    0.55160      0.700    0    1    0    0    0    0    0    1
  proximity        :          1       0.02       0.02         17          0          0    0.00000   -1.00000    0.54960      0.700    0    1    0    0    0    0    0    1
  zeroobjective    :          1       0.03       0.02         33          0          0    0.00000   -1.00000    0.53360      0.700    0    1    0    0    0    0    0    1
  dins             :          6       0.45       0.43        255          5          5    0.00000   -1.00000    0.55274      0.858    1    0    0    4    1    0    0    1
  trustregion      :          0       0.00       0.00          0          0          0    0.00000   -1.00000    1.00000      0.900    0    0    0    0    0    0    0    0
Expressions        :   #IntEval  IntEvalTi   #RevProp  RevPropTi    DomReds    Cutoffs  #Estimate  EstimTime  Branching  #Simplify SimplifyTi Simplified
  pow              :          0       0.00          0       0.00          0          0          0       0.00          0          0       0.00          0
  prod             :       9900       0.00          0       0.00          0          0          0       0.00          0       6747       0.00          0
  sum              :          8       0.00          2       0.00          0          0          0       0.00          0          3       0.03          2
  var              :       6542       0.00          0       0.00          0          0          0       0.00          0      15607       0.02          0
  varidx           :          0       0.00          0       0.00          0          0          0       0.00          0          0       0.00          0
LP                 :       Time      Calls Iterations  Iter/call   Iter/sec  Time-0-It Calls-0-It    ItLimit
  primal LP        :      90.33       4023          0       0.00       0.00      90.29       4023
  dual LP          :    2041.87      54803    8103898     162.73    3968.86       2.71       5003
  lex dual LP      :       0.00          0          0       0.00          -
  barrier LP       :       0.00          0          0       0.00          -       0.00          0
  resolve instable :       0.00          0          0       0.00          -
  diving/probing LP:     319.26       6090    2048968     336.45    6417.87
  strong branching :      42.60       1906     279754     146.78    6567.00          -          -        402
    (at root node) :          -         19       3378     177.79          -
  conflict analysis:       5.52       2565      25424       9.91    4605.80
NLP relaxation     :
  solve time       :      35.20 (7 calls)
  convexity        :  nonconvex (40 linear rows, 0 convex ineq., 0 nonconvex ineq., 1797 nonlinear eq. or two-sided ineq.)
NLP Solvers        :  #Problems  ProblemTi    #Solves  SolveTime      #Iter  Time/Iter      #Okay #TimeLimit #IterLimit #LObjLimit #Interrupt  #NumError #EvalError  #OutOfMem #LicenseEr #OtherTerm   #GlobOpt    #LocOpt  #Feasible #LocInfeas #GlobInfea #Unbounded   #Unknown
  ipopt            :         12       1.79         40    1173.45       1820       0.64         40          0          0          0          0          0          0          0          0          0          0         25          0         12          0          0          3
B&B Tree           :
  number of runs   :          1
  nodes            :      33823 (20229 internal, 13594 leaves)
  feasible leaves  :         14
  infeas. leaves   :          6
  objective leaves :      13573
  nodes (total)    :      33823 (20229 internal, 13594 leaves)
  nodes left       :       6596
  max depth        :         56
  max depth (total):         56
  backtracks       :       7480 (22.1%)
  early backtracks :          0 (0.0%)
  nodes exc. ref.  :          0 (0.0%)
  delayed cutoffs  :          0
  repropagations   :         34 (90 domain reductions, 0 cutoffs)
  avg switch length:       4.64
  switching time   :      95.31
Estim. Tree Size   :      67726
Estimation Tree    : 40459 nodes (33863 visited, 20229 internal, 13634 leaves, 6596 open), weight: 0.0000 completed 0.1607
Estimations        :      estim      value      trend resolution     smooth
  wbe              : 1308610942403          -          -          -          -
  tree-profile     :         -1          -          -          -          -
  gap              :     444809    0.67177    0.00003         16     434138
  tree-weight      :      67726    0.00000    0.00000         16      67697
  leaf-frequency   :    1122916    0.40261    0.00000         16     916986
  ssg              :     373975    0.74632   -0.00007         16     366845
  open-nodes       :      67726 6596.00000    3.28118         16      67697
Root Node          :
  First LP value   : -5.51757575757577e+00
  First LP Iters   :       1588 (9925.00 Iter/sec)
  First LP Time    :       0.16
  Final Dual Bound : -5.30693602693604e+00
  Final Root Iters :       2331
  Root LP Estimate : -2.46055346620612e+00
Solution           :
  Solutions found  :         48 (38 improvements)
  First Solution   : +1.00000000000000e+05   (in run 1, after 0 nodes, 0.01 seconds, depth 0, found by <trivial>)
  Gap First Sol.   :   infinite
  Gap Last Sol.    :      54.77 %
  Primal Bound     : -3.17616161616161e+00   (in run 1, after 10235 nodes, 907.35 seconds, depth 20, found by <alns>)
  Dual Bound       : -4.72801890780615e+00
  Gap              :      48.86 %
Integrals          :      Total       Avg%
  primal-dual      :  129432.07      35.95
  primal-ref       :          -          - (not evaluated)
  dual-ref         :          -          - (not evaluated)
