SCIP Status        : solving was interrupted [time limit reached]
Total Time         :    3600.04
  solving          :    3600.00
  presolving       :       0.40 (included in solving)
  reading          :       0.04
  copying          :       1.93 (96 #copies) (minimal 0.00, maximal 0.05, average 0.02)
Original Problem   :
  Problem name     : bbbenchmark/pw09_100.7.cut
  Variables        : 101 (100 binary, 0 integer, 0 implicit integer, 1 continuous)
  Constraints      : 1 initial, 1 maximal
  Objective        : minimize, 1 non-zeros (abs.min = 1, abs.max = 1)
Presolved Problem  :
  Problem name     : t_bbbenchmark/pw09_100.7.cut
  Variables        : 1323 (100 binary, 0 integer, 1174 implicit integer, 49 continuous)
  Constraints      : 1319 initial, 4365 maximal
  Objective        : minimize, 1 non-zeros (abs.min = 1, abs.max = 1)
  Nonzeros         : 11647 constraint, 202 clique table
Presolvers         :   ExecTime  SetupTime  Calls  FixedVars   AggrVars   ChgTypes  ChgBounds   AddHoles    DelCons    AddCons   ChgSides   ChgCoefs
  boundshift       :       0.00       0.00      0          0          0          0          0          0          0          0          0          0
  convertinttobin  :       0.00       0.00      0          0          0          0          0          0          0          0          0          0
  domcol           :       0.00       0.00      1          0          0          0          0          0          0          0          0          0
  dualagg          :       0.00       0.00      0          0          0          0          0          0          0          0          0          0
  dualcomp         :       0.00       0.00      1          0          0          0          0          0          0          0          0          0
  dualinfer        :       0.00       0.00      0          0          0          0          0          0          0          0          0          0
  dualsparsify     :       0.00       0.00      1          0          0          0          0          0          0          0          0          0
  gateextraction   :       0.00       0.00      0          0          0          0          0          0          0          0          0          0
  implics          :       0.00       0.00      2          0          0          0          0          0          0          0          0          0
  inttobinary      :       0.00       0.00      0          0          0          0          0          0          0          0          0          0
  qpkktref         :       0.00       0.00      0          0          0          0          0          0          0          0          0          0
  redvub           :       0.00       0.00      0          0          0          0          0          0          0          0          0          0
  sparsify         :       0.00       0.00      1          0          0          0          0          0          0          0          0          0
  stuffing         :       0.00       0.00      0          0          0          0          0          0          0          0          0          0
  trivial          :       0.00       0.00      4          0          0          0          0          0          0          0          0          0
  tworowbnd        :       0.00       0.00      0          0          0          0          0          0          0          0          0          0
  dualfix          :       0.00       0.00      4          0          0          0          0          0          0          0          0          0
  genvbounds       :       0.00       0.00      0          0          0          0          0          0          0          0          0          0
  probing          :       0.22       0.00      1          0          0          0          0          0          0          0          0          0
  pseudoobj        :       0.00       0.00      1          0          0          0          1          0          0          0          0          0
  symmetry         :       0.00       0.00      0          0          0          0          0          0          0          0          0          0
  vbounds          :       0.00       0.00      1          0          0          0          0          0          0          0          0          0
  varbound         :       0.00       0.00      2          0          0          0          0          0          0          0          0          0
  and              :       0.01       0.01      2          0          0          0          0          0          0          0          0          0
  linear           :       0.00       0.00      2          0          0          0          0          0          0          0          0          0
  logicor          :       0.00       0.00      0          0          0          0          0          0          0          0          0          0
  bounddisjunction :       0.00       0.00      0          0          0          0          0          0          0          0          0          0
  nonlinear        :       0.17       0.00      5          0          0          0          1          0          0       1318          0          0
  benders          :       0.00       0.00      0          0          0          0          0          0          0          0          0          0
  components       :       0.00       0.00      1          0          0          0          0          0          0          0          0          0
  root node        :          -          -      -          0          -          -          8          -          -          -          -          -
Constraints        :     Number  MaxNumber  #Separate #Propagate    #EnfoLP    #EnfoRelax  #EnfoPS    #Check   #ResProp    Cutoffs    DomReds       Cuts    Applied      Conss   Children
  benderslp        :          0          0          0          0     509491          0          0      26134          0          0          0          0          0          0          0
  integral         :          0          0          0          0     509491          0          0      26134          0          0         20          0          0          0    1018934
  varbound         :         48         48         17    2193720          0          0          0        462          0          0     266828          0          0          0          0
  and              :       1174       1174     576503    2220755          6          0          0        462     134660          0    1592381        366        348          0          0
  linear           :         97+       125         17    2220861          6          0          0        460      18262        522   12982353          0          0          0          0
  logicor          :          0+      1213          0     184285          0          0          0          0          7        196          4          0          0          0          0
  bounddisjunction :          0+      1861          0     187800          0          0          0          0          5         83          1          0          0          0          0
  benders          :          0          0          0          0          6          0          0        134          0          0          0          0          0          0          0
  countsols        :          0          0          0          0          6          0          0        134          0          0          0          0          0          0          0
  components       :          0          0          0          0          0          0          0          0          0          0          0          0          0          0          0
Constraint Timings :  TotalTime  SetupTime   Separate  Propagate     EnfoLP     EnfoPS     EnfoRelax   Check    ResProp    SB-Prop
  benderslp        :       0.53       0.00       0.00       0.00       0.50       0.00       0.00       0.03       0.00       0.00
  integral         :     102.41       0.00       0.00       0.00     102.36       0.00       0.00       0.05       0.00       0.00
  varbound         :       4.60       0.00       0.00       4.52       0.00       0.00       0.00       0.02       0.00       0.06
  and              :     199.67       0.01     154.74      44.18       0.00       0.00       0.00       0.06       0.12       0.56
  linear           :      71.92       0.00       0.00      71.68       0.00       0.00       0.00       0.00       0.13       0.11
  logicor          :       4.92       0.00       0.00       4.92       0.00       0.00       0.00       0.00       0.00       0.00
  bounddisjunction :       6.93       0.00       0.00       6.93       0.00       0.00       0.00       0.00       0.00       0.00
  benders          :       0.00       0.00       0.00       0.00       0.00       0.00       0.00       0.00       0.00       0.00
  countsols        :       0.00       0.00       0.00       0.00       0.00       0.00       0.00       0.00       0.00       0.00
  components       :       0.57       0.00       0.00       0.57       0.00       0.00       0.00       0.00       0.00       0.00
Propagators        : #Propagate   #ResProp    Cutoffs    DomReds
  dualfix          :          3          0          0          0
  genvbounds       :          0          0          0          0
  nlobbt           :          0          0          0          0
  obbt             :          0          0          0          0
  probing          :          0          0          0          0
  pseudoobj        :    2381209         12          0       4503
  redcost          :    1142604          0          0     455579
  rootredcost      :         14          0          0          0
  symmetry         :          0          0          0          0
  vbounds          :     374448          0          0          0
Propagator Timings :  TotalTime  SetupTime   Presolve  Propagate    ResProp    SB-Prop
  dualfix          :       0.00       0.00       0.00       0.00       0.00       0.00
  genvbounds       :       2.01       0.00       0.00       2.01       0.00       0.00
  nlobbt           :       0.00       0.00       0.00       0.00       0.00       0.00
  obbt             :       0.00       0.00       0.00       0.00       0.00       0.00
  probing          :       0.22       0.00       0.22       0.00       0.00       0.00
  pseudoobj        :       3.45       0.00       0.00       3.45       0.00       0.00
  redcost          :      52.20       0.00       0.00      52.19       0.00       0.01
  rootredcost      :       2.17       0.00       0.00       2.17       0.00       0.00
  symmetry         :       1.09       0.00       0.00       1.09       0.00       0.00
  vbounds          :       2.54       0.00       0.00       2.54       0.00       0.00
Conflict Analysis  :       Time      Calls    Success    DomReds  Conflicts   Literals    Reconvs ReconvLits   Dualrays   Nonzeros   LP Iters   (pool size: [10000,10000])
  propagation      :       0.00        282        213          -        319       75.9          0        0.0          -          -          -
  infeasible LP    :       0.88        506        506          -      17440      137.7          0        0.0        876      135.8          0
  bound exceed. LP :      10.89       3351       3219          -      37920       96.8          1       17.0          0        0.0      44541
  strong branching :       0.00          0          0          -          0        0.0          0        0.0          -          -          0
  pseudo solution  :       0.00          0          0          -          0        0.0          0        0.0          -          -          -
  applied globally :       0.22          -          -          0      12469       95.3          -          -        876          -          -
  applied locally  :          -          -          -          0          0        0.0          -          -          0          -          -
Separators         :   ExecTime  SetupTime      Calls  RootCalls    Cutoffs    DomReds  FoundCuts ViaPoolAdd  DirectAdd    Applied ViaPoolApp  DirectApp      Conss
  cut pool         :       4.06          -      54445         34          -          -      27266     731149          -          -          -          -          -    (maximal pool size:       2111)
  aggregation      :      44.73       0.00       4950         17          0          0        496      35384          0      26661      26661          0          0
  > cmir           :          -          -          -          -          -          -          -      35384          0      26661      26661          0          -
  > flowcover      :          -          -          -          -          -          -          -          0          0          0          0          0          -
  > knapsackcover  :          -          -          -          -          -          -          -          0          0          0          0          0          -
  cgmip            :       0.00       0.00          0          0          0          0          0          0          0          0          0          0          0
  clique           :       0.00       0.00         17         17          0          0          0          0          0          0          0          0          0
  closecuts        :       0.00       0.00          0          0          0          0          0          0          0          0          0          0          0
  convexproj       :       0.00       0.00          0          0          0          0          0          0          0          0          0          0          0
  disjunctive      :       0.00       0.00          0          0          0          0          0          0          0          0          0          0          0
  eccuts           :       0.00       0.00          0          0          0          0          0          0          0          0          0          0          0
  gauge            :       0.00       0.00          0          0          0          0          0          0          0          0          0          0          0
  gomory           :       0.00       0.00          0          0          0          0          0          0          0          0          0          0          0
  > gomorymi       :          -          -          -          -          -          -          -          0          0          0          0          0          -
  > strongcg       :          -          -          -          -          -          -          -          0          0          0          0          0          -
  impliedbounds    :       0.36       0.00       4950         17          0          0          0          0          0          0          0          0          0
  interlattice     :       0.00       0.00          0          0          0          0          0          0          0          0          0          0          0
  interminor       :       0.00       0.00          0          0          0          0          0          0          0          0          0          0          0
  intersub         :       0.07       0.00          3          3          0          0          1          0          1          1          0          1          0
  intobj           :       0.00       0.00          0          0          0          0          0          0          0          0          0          0          0
  mcf              :       0.00       0.00          1          1          0          0          0          0          0          0          0          0          0
  minor            :       0.03       0.00          0          0          0          0          0          0          0          0          0          0          0
  mixing           :       0.03       0.00       4950         17          0          0          0          0          0          0          0          0          0
  oddcycle         :       0.00       0.00          0          0          0          0          0          0          0          0          0          0          0
  rapidlearning    :       0.05       0.00          0          0          0          0          0          0          0          0          0          0          0
  rlt              :       0.00       0.00         10         10          0          0          0          0          0          0          0          0          0
  zerohalf         :      23.81       0.00       4278         17          0          0      26772     695765          2     123450     123450          0          0
Cutselectors       :   ExecTime  SetupTime      Calls  RootCalls   Selected     Forced   Filtered  RootSelec   RootForc   RootFilt 
  hybrid           :       0.71       0.00      20529         17     150460          0     581058         98          0          5
Pricers            :   ExecTime  SetupTime      Calls       Vars
  problem variables:       0.00          -          0          0
Branching Rules    :   ExecTime  SetupTime   BranchLP  BranchExt   BranchPS    Cutoffs    DomReds       Cuts      Conss   Children
  allfullstrong    :       0.00       0.00          0          0          0          0          0          0          0          0
  cloud            :       0.00       0.00          0          0          0          0          0          0          0          0
  distribution     :       0.00       0.00          0          0          0          0          0          0          0          0
  fullstrong       :       0.00       0.00          0          0          0          0          0          0          0          0
  inference        :       0.00       0.00          0          0          0          0          0          0          0          0
  leastinf         :       0.00       0.00          0          0          0          0          0          0          0          0
  lookahead        :       0.00       0.00          0          0          0          0          0          0          0          0
  mostinf          :       0.00       0.00          0          0          0          0          0          0          0          0
  multaggr         :       0.00       0.00          0          0          0          0          0          0          0          0
  nodereopt        :       0.00       0.00          0          0          0          0          0          0          0          0
  pscost           :       0.00       0.00          0          0          0          0          0          0          0          0
  random           :       0.00       0.00          0          0          0          0          0          0          0          0
  relpscost        :     100.74       0.00     509485          0          0          0         20          0          0    1018934
  vanillafullstrong:       0.00       0.00          0          0          0          0          0          0          0          0
Primal Heuristics  :   ExecTime  SetupTime      Calls      Found       Best
  LP solutions     :       0.00          -          -          6          6
  relax solutions  :       0.00          -          -          0          0
  pseudo solutions :       0.00          -          -          0          0
  strong branching :       0.01          -          -          0          0
  actconsdiving    :       0.00       0.00          0          0          0
  adaptivediving   :       2.15       0.00         34          0          0
  alns             :       3.75       0.00         39          2          2
  bound            :       0.00       0.00          0          0          0
  clique           :       0.01       0.00          1          0          0
  coefdiving       :       0.00       0.00          0          0          0
  completesol      :       0.00       0.00          0          0          0
  conflictdiving   :     101.84       0.00        706          0          0
  crossover        :      13.32       0.00          9          0          0
  dins             :       0.00       0.00          0          0          0
  distributiondivin:      71.13       0.00        336          0          0
  dps              :       0.00       0.00          0          0          0
  dualval          :       0.00       0.00          0          0          0
  farkasdiving     :       0.01       0.00          0          0          0
  feaspump         :       0.10       0.00          1          0          0
  fixandinfer      :       0.00       0.00          0          0          0
  fracdiving       :      33.50       0.00        332          0          0
  gins             :       0.67       0.00          0          0          0
  guideddiving     :      34.27       0.00        368          2          2
  indicator        :       0.49       0.00          0          0          0
  indicatordiving  :       0.00       0.00          0          0          0
  intdiving        :       0.00       0.00          0          0          0
  intshifting      :       0.33       0.00         83          0          0
  linesearchdiving :      29.42       0.00        403          2          2
  localbranching   :       0.00       0.00          0          0          0
  locks            :       0.00       0.00          1          0          0
  lpface           :       0.60       0.00          0          0          0
  mpec             :      51.56       0.00         11          0          0
  multistart       :       0.00       0.00          0          0          0
  mutation         :       0.00       0.00          0          0          0
  nlpdiving        :      11.43       0.00          1          0          0
  objpscostdiving  :      55.48       0.00        213         97          1
  octane           :       0.00       0.00          0          0          0
  ofins            :       0.42       0.00          0          0          0
  oneopt           :       0.49       0.00         17          0          0
  padm             :       0.00       0.00          0          0          0
  proximity        :       0.00       0.00          0          0          0
  pscostdiving     :      34.79       0.00        238          2          2
  randrounding     :       0.89       0.00      26007          0          0
  rens             :       0.00       0.00          0          0          0
  reoptsols        :       0.00       0.00          0          0          0
  repair           :       0.00       0.00          0          0          0
  rins             :       2.99       0.00         47          0          0
  rootsoldiving    :      18.47       0.00        253         21          0
  rounding         :       2.53       0.00      10219          0          0
  shiftandpropagate:       0.00       0.00          0          0          0
  shifting         :      33.93       0.00      10526          2          1
  simplerounding   :       0.55       0.00          0          0          0
  subnlp           :     536.27       0.00          0          0          0
  trivial          :       0.00       0.00          2          2          2
  trivialnegation  :       0.00       0.00          0          0          0
  trustregion      :       0.00       0.00          0          0          0
  trysol           :       0.82       0.00          0          0          0
  twoopt           :       0.00       0.00          0          0          0
  undercover       :       4.37       0.00          1          1          1
  vbounds          :       0.00       0.00          0          0          0
  veclendiving     :      29.32       0.00        539          0          0
  zeroobj          :       0.00       0.00          0          0          0
  zirounding       :       0.66       0.00       1000          0          0
  other solutions  :          -          -          -          0          -
Diving (single)    :      Calls      Nodes   LP Iters Backtracks  Conflicts   MinDepth   MaxDepth   AvgDepth  RoundSols  NLeafSols  MinSolDpt  MaxSolDpt  AvgSolDpt
  actconsdiving    :          0          -          -          -          -          -          -          -          -          -          -          -          -
  coefdiving       :          0          -          -          -          -          -          -          -          -          -          -          -          -
  conflictdiving   :        706      30985     929107        735      13010         62         90       75.3          0          -          -          -          -
  distributiondivin:        336      16205     314837        400       6348         61         97       78.6          0          -          -          -          -
  farkasdiving     :          0          -          -          -          -          -          -          -          -          -          -          -          -
  fracdiving       :        332      33161     315324        152       1436         71        397      128.6          0          -          -          -          -
  guideddiving     :        368      32459     330569         41       1233         71        302      119.9          0          2        107        122      114.5
  indicatordiving  :          0          -          -          -          -          -          -          -          -          -          -          -          -
  linesearchdiving :        403      21630     329085         21       8201         68         96       84.0          0          2         87         93       90.0
  pscostdiving     :        238      12416     344861        236       4375         68         93       79.8          0          2         76         85       80.5
  veclendiving     :        539      26625     312060        458      21090         66         99       77.7          0          -          -          -          -
Diving (adaptive)  :      Calls      Nodes   LP Iters Backtracks  Conflicts   MinDepth   MaxDepth   AvgDepth  RoundSols  NLeafSols  MinSolDpt  MaxSolDpt  AvgSolDpt
  actconsdiving    :          2         76        742          2         18         76         77       76.5          0          -          -          -          -
  coefdiving       :          5        292       2779          5        183         67         94       80.0          0          -          -          -          -
  conflictdiving   :          0          -          -          -          -          -          -          -          -          -          -          -          -
  distributiondivin:          0          -          -          -          -          -          -          -          -          -          -          -          -
  farkasdiving     :          0          -          -          -          -          -          -          -          -          -          -          -          -
  fracdiving       :          2        196       1695          0          0        107        132      119.5          0          -          -          -          -
  guideddiving     :          4        143       1001          0         26         73         92       80.0          0          -          -          -          -
  indicatordiving  :          0          -          -          -          -          -          -          -          -          -          -          -          -
  linesearchdiving :         15        707      10032          3        304         70         89       82.6          0          -          -          -          -
  pscostdiving     :          2         79       1548          2         27         77         78       77.5          0          -          -          -          -
  veclendiving     :          4        239       2614          4        162         75         85       78.2          0          -          -          -          -
Neighborhoods      :      Calls  SetupTime  SolveTime SolveNodes       Sols       Best       Exp3  EpsGreedy        UCB TgtFixRate  Opt  Inf Node Stal  Sol  Usr Othr Actv
  rens             :          6       0.12       0.32        256          0          0    0.00000   -1.00000    0.45204      0.764    0    3    0    3    0    0    0    1
  rins             :          2       0.03       0.12         94          0          0    0.00000   -1.00000    0.45832      0.850    0    1    0    1    0    0    0    1
  mutation         :          5       0.13       0.37        299          0          0    0.00000   -1.00000    0.45385      0.885    0    2    0    3    0    0    0    1
  localbranching   :          4       0.12       0.30        330          0          0    0.00000   -1.00000    0.44080      0.822    0    2    0    2    0    0    0    1
  crossover        :          3       0.06       0.43        230          2          2    0.00000   -1.00000    0.43249      0.662    1    1    0    1    0    0    0    1
  proximity        :          4       0.08       0.33        185          0          0    0.00000   -1.00000    0.45846      0.822    0    2    0    2    0    0    0    1
  zeroobjective    :          4       0.10       0.11        169          0          0    0.00000   -1.00000    0.45829      0.822    0    2    0    2    0    0    0    1
  dins             :         11       0.44       0.50        792          0          0    0.00000   -1.00000    0.46012      0.863    0    5    0    6    0    0    0    1
  trustregion      :          0       0.00       0.00          0          0          0    0.00000   -1.00000    1.00000      0.900    0    0    0    0    0    0    0    0
Expressions        :   #IntEval  IntEvalTi   #RevProp  RevPropTi    DomReds    Cutoffs  #Estimate  EstimTime  Branching  #Simplify SimplifyTi Simplified
  pow              :          0       0.00          0       0.00          0          0          0       0.00          0          0       0.00          0
  prod             :      17820       0.01          0       0.00          0          0          0       0.00          0      10084       0.01          0
  sum              :          8       0.00          2       0.00          0          0          0       0.00          0          3       0.02          2
  var              :       4778       0.00          0       0.00          0          0          0       0.00          0      21693       0.02          0
  varidx           :          0       0.00          0       0.00          0          0          0       0.00          0          0       0.00          0
LP                 :       Time      Calls Iterations  Iter/call   Iter/sec  Time-0-It Calls-0-It    ItLimit
  primal LP        :      49.72      20866          0       0.00       0.00      49.65      20866
  dual LP          :    1259.58     883094    6095647       7.82    4839.43      34.67     103140
  lex dual LP      :       0.00          0          0       0.00          -
  barrier LP       :       0.00          0          0       0.00          -       0.00          0
  resolve instable :       0.00          0          0       0.00          -
  diving/probing LP:     312.63      26297    3396133     129.15   10863.11
  strong branching :      11.51       1639      91383      55.76    7939.44          -          -       1939
    (at root node) :          -         19       2506     131.89          -
  conflict analysis:       5.25       4788      44541       9.30    8484.00
NLP relaxation     :
  solve time       :      10.93 (8 calls)
  convexity        :  nonconvex (145 linear rows, 0 convex ineq., 0 nonconvex ineq., 1174 nonlinear eq. or two-sided ineq.)
NLP Solvers        :  #Problems  ProblemTi    #Solves  SolveTime      #Iter  Time/Iter      #Okay #TimeLimit #IterLimit #LObjLimit #Interrupt  #NumError #EvalError  #OutOfMem #LicenseEr #OtherTerm   #GlobOpt    #LocOpt  #Feasible #LocInfeas #GlobInfea #Unbounded   #Unknown
  ipopt            :         12      23.54         48     105.13       1564       0.07         46          0          2          0          0          0          0          0          0          0          0         27          0         19          0          0          2
B&B Tree           :
  number of runs   :          1
  nodes            :     759450 (509467 internal, 249983 leaves)
  feasible leaves  :          6
  infeas. leaves   :         32
  objective leaves :     249945
  nodes (total)    :     759450 (509467 internal, 249983 leaves)
  nodes left       :     259291
  max depth        :         81
  max depth (total):         81
  backtracks       :     144688 (19.1%)
  early backtracks :          0 (0.0%)
  nodes exc. ref.  :          0 (0.0%)
  delayed cutoffs  :          1
  repropagations   :      26236 (5746 domain reductions, 0 cutoffs)
  avg switch length:       7.71
  switching time   :     232.27
Estim. Tree Size   :    1519288
Estimation Tree    : 1018935 nodes (759644 visited, 509467 internal, 250177 leaves, 259291 open), weight: 0.0000 completed 0.0231
Estimations        :      estim      value      trend resolution     smooth
  wbe              :         in          -          -          -          -
  tree-profile     :         -1          -          -          -          -
  gap              :   37418960    0.60409    0.00001        256   36770567
  tree-weight      :    1519288    0.00000    0.00000        256    1518434
  leaf-frequency   :    7739050    0.32933    0.00001        256    7726391
  ssg              :  132936686    0.96345   -0.00000        256  130567180
  open-nodes       :    1519288 259291.00000  117.42108        256    1518434
Root Node          :
  First LP value   : -5.50303030303030e+00
  First LP Iters   :       2255 (12527.78 Iter/sec)
  First LP Time    :       0.18
  Final Dual Bound : -5.42982642154163e+00
  Final Root Iters :       2597
  Root LP Estimate : -2.80537890150559e+00
Solution           :
  Solutions found  :        137 (19 improvements)
  First Solution   : +1.00000000000000e+05   (in run 1, after 0 nodes, 0.03 seconds, depth 0, found by <trivial>)
  Gap First Sol.   :   infinite
  Gap Last Sol.    :      71.19 %
  Primal Bound     : -2.95173961840629e+00   (in run 1, after 89849 nodes, 656.09 seconds, depth 122, found by <guideddiving>)
  Dual Bound       : -4.88629354386826e+00
  Gap              :      65.54 %
Integrals          :      Total       Avg%
  primal-dual      :  147077.71      40.85
  primal-ref       :          -          - (not evaluated)
  dual-ref         :          -          - (not evaluated)
