SCIP Status        : solving was interrupted [time limit reached]
Total Time         :    3600.04
  solving          :    3600.00
  presolving       :       0.42 (included in solving)
  reading          :       0.04
  copying          :       1.39 (81 #copies) (minimal 0.00, maximal 0.04, average 0.02)
Original Problem   :
  Problem name     : bbbenchmark/pw09_100.5.cut
  Variables        : 101 (100 binary, 0 integer, 0 implicit integer, 1 continuous)
  Constraints      : 1 initial, 1 maximal
  Objective        : minimize, 1 non-zeros (abs.min = 1, abs.max = 1)
Presolved Problem  :
  Problem name     : t_bbbenchmark/pw09_100.5.cut
  Variables        : 1318 (100 binary, 0 integer, 1169 implicit integer, 49 continuous)
  Constraints      : 1314 initial, 3857 maximal
  Objective        : minimize, 1 non-zeros (abs.min = 1, abs.max = 1)
  Nonzeros         : 11637 constraint, 202 clique table
Presolvers         :   ExecTime  SetupTime  Calls  FixedVars   AggrVars   ChgTypes  ChgBounds   AddHoles    DelCons    AddCons   ChgSides   ChgCoefs
  boundshift       :       0.00       0.00      0          0          0          0          0          0          0          0          0          0
  convertinttobin  :       0.00       0.00      0          0          0          0          0          0          0          0          0          0
  domcol           :       0.00       0.00      1          0          0          0          0          0          0          0          0          0
  dualagg          :       0.00       0.00      0          0          0          0          0          0          0          0          0          0
  dualcomp         :       0.00       0.00      1          0          0          0          0          0          0          0          0          0
  dualinfer        :       0.00       0.00      0          0          0          0          0          0          0          0          0          0
  dualsparsify     :       0.00       0.00      1          0          0          0          0          0          0          0          0          0
  gateextraction   :       0.00       0.00      0          0          0          0          0          0          0          0          0          0
  implics          :       0.00       0.00      2          0          0          0          0          0          0          0          0          0
  inttobinary      :       0.00       0.00      0          0          0          0          0          0          0          0          0          0
  qpkktref         :       0.00       0.00      0          0          0          0          0          0          0          0          0          0
  redvub           :       0.00       0.00      0          0          0          0          0          0          0          0          0          0
  sparsify         :       0.00       0.00      1          0          0          0          0          0          0          0          0          0
  stuffing         :       0.00       0.00      0          0          0          0          0          0          0          0          0          0
  trivial          :       0.00       0.00      4          0          0          0          0          0          0          0          0          0
  tworowbnd        :       0.00       0.00      0          0          0          0          0          0          0          0          0          0
  dualfix          :       0.00       0.00      4          0          0          0          0          0          0          0          0          0
  genvbounds       :       0.00       0.00      0          0          0          0          0          0          0          0          0          0
  probing          :       0.24       0.00      1          0          0          0          0          0          0          0          0          0
  pseudoobj        :       0.00       0.00      1          0          0          0          1          0          0          0          0          0
  symmetry         :       0.00       0.00      0          0          0          0          0          0          0          0          0          0
  vbounds          :       0.00       0.00      1          0          0          0          0          0          0          0          0          0
  varbound         :       0.00       0.00      2          0          0          0          0          0          0          0          0          0
  and              :       0.01       0.01      2          0          0          0          0          0          0          0          0          0
  linear           :       0.00       0.00      2          0          0          0          0          0          0          0          0          0
  logicor          :       0.00       0.00      0          0          0          0          0          0          0          0          0          0
  bounddisjunction :       0.00       0.00      0          0          0          0          0          0          0          0          0          0
  nonlinear        :       0.17       0.01      5          0          0          0          1          0          0       1313          0          0
  benders          :       0.00       0.00      0          0          0          0          0          0          0          0          0          0
  components       :       0.00       0.00      1          0          0          0          0          0          0          0          0          0
  root node        :          -          -      -          0          -          -          7          -          -          -          -          -
Constraints        :     Number  MaxNumber  #Separate #Propagate    #EnfoLP    #EnfoRelax  #EnfoPS    #Check   #ResProp    Cutoffs    DomReds       Cuts    Applied      Conss   Children
  benderslp        :          0          0          0          0     447640          0          0      26398          0          0          0          0          0          0          0
  integral         :          0          0          0          0     447640          0          0      26398          0          0         12          0          0          0     895256
  varbound         :         48         48         31    1879191          0          0          0       2704         19          0     217567          0          0          0          0
  and              :       1169       1169     491897    1889625          0          0          0       2671     147552          1     590063       1217       1131          0          0
  linear           :         97+       160         31    1889735          0          0          0       2669      27294        696    9297065          0          0          0          0
  logicor          :          0+       985          0     150250          0          0          0          0          5        248          4          0          0          0          0
  bounddisjunction :          0+      1565          0     158279          0          0          0          0          9        152          0          0          0          0          0
  benders          :          0          0          0          0          0          0          0         10          0          0          0          0          0          0          0
  countsols        :          0          0          0          0          0          0          0         10          0          0          0          0          0          0          0
  components       :          0          0          0          0          0          0          0          0          0          0          0          0          0          0          0
Constraint Timings :  TotalTime  SetupTime   Separate  Propagate     EnfoLP     EnfoPS     EnfoRelax   Check    ResProp    SB-Prop
  benderslp        :       0.35       0.00       0.00       0.00       0.35       0.00       0.00       0.00       0.00       0.00
  integral         :     102.19       0.00       0.00       0.00     102.02       0.00       0.00       0.17       0.00       0.00
  varbound         :       4.34       0.00       0.01       4.31       0.00       0.00       0.00       0.02       0.00       0.00
  and              :     179.54       0.01     139.67      39.06       0.00       0.00       0.00       0.51       0.11       0.18
  linear           :      56.66       0.00       0.04      56.40       0.00       0.00       0.00       0.04       0.08       0.10
  logicor          :       3.43       0.00       0.00       3.43       0.00       0.00       0.00       0.00       0.00       0.00
  bounddisjunction :       6.89       0.00       0.00       6.88       0.00       0.00       0.00       0.00       0.01       0.00
  benders          :       0.00       0.00       0.00       0.00       0.00       0.00       0.00       0.00       0.00       0.00
  countsols        :       0.00       0.00       0.00       0.00       0.00       0.00       0.00       0.00       0.00       0.00
  components       :       0.56       0.00       0.00       0.56       0.00       0.00       0.00       0.00       0.00       0.00
Propagators        : #Propagate   #ResProp    Cutoffs    DomReds
  dualfix          :          3          0          0          0
  genvbounds       :          0          0          0          0
  nlobbt           :          0          0          0          0
  obbt             :          0          0          0          0
  probing          :          0          0          0          0
  pseudoobj        :    1916679          0          0          7
  redcost          :     969953          0          0     240392
  rootredcost      :          2          0          0          0
  symmetry         :          0          0          0          0
  vbounds          :     311058          0          0          0
Propagator Timings :  TotalTime  SetupTime   Presolve  Propagate    ResProp    SB-Prop
  dualfix          :       0.00       0.00       0.00       0.00       0.00       0.00
  genvbounds       :       1.78       0.00       0.00       1.78       0.00       0.00
  nlobbt           :       0.00       0.00       0.00       0.00       0.00       0.00
  obbt             :       0.00       0.00       0.00       0.00       0.00       0.00
  probing          :       0.24       0.00       0.24       0.00       0.00       0.00
  pseudoobj        :       3.22       0.00       0.00       3.22       0.00       0.00
  redcost          :      47.21       0.00       0.00      47.21       0.00       0.00
  rootredcost      :       2.07       0.00       0.00       2.07       0.00       0.00
  symmetry         :       1.07       0.00       0.00       1.06       0.00       0.01
  vbounds          :       1.82       0.00       0.00       1.82       0.00       0.00
Conflict Analysis  :       Time      Calls    Success    DomReds  Conflicts   Literals    Reconvs ReconvLits   Dualrays   Nonzeros   LP Iters   (pool size: [10000,10000])
  propagation      :       0.03        411        323          -        593       90.7          0        0.0          -          -          -
  infeasible LP    :       0.77        633        633          -      19069      130.2          0        0.0       1540      124.3          0
  bound exceed. LP :      15.73       4493       4296          -      45708       96.8          1       78.0          0        0.0      62660
  strong branching :       0.00          0          0          -          0        0.0          0        0.0          -          -          0
  pseudo solution  :       0.00          0          0          -          0        0.0          0        0.0          -          -          -
  applied globally :       0.24          -          -          0      13969       92.8          -          -       1540          -          -
  applied locally  :          -          -          -          0          0        0.0          -          -          0          -          -
Separators         :   ExecTime  SetupTime      Calls  RootCalls    Cutoffs    DomReds  FoundCuts ViaPoolAdd  DirectAdd    Applied ViaPoolApp  DirectApp      Conss
  cut pool         :       5.57          -      70695         56          -          -      36734    1155672          -          -          -          -          -    (maximal pool size:       1699)
  aggregation      :      87.60       0.00       4834         31          0          0       8664      10874          0       5228       5228          0          0
  > cmir           :          -          -          -          -          -          -          -      10736          0       5152       5152          0          -
  > flowcover      :          -          -          -          -          -          -          -        138          0         76         76          0          -
  > knapsackcover  :          -          -          -          -          -          -          -          0          0          0          0          0          -
  cgmip            :       0.00       0.00          0          0          0          0          0          0          0          0          0          0          0
  clique           :       0.00       0.00         31         31          0          0          0          0          0          0          0          0          0
  closecuts        :       0.00       0.00          0          0          0          0          0          0          0          0          0          0          0
  convexproj       :       0.00       0.00          0          0          0          0          0          0          0          0          0          0          0
  disjunctive      :       0.00       0.00          0          0          0          0          0          0          0          0          0          0          0
  eccuts           :       0.00       0.00          0          0          0          0          0          0          0          0          0          0          0
  gauge            :       0.00       0.00          0          0          0          0          0          0          0          0          0          0          0
  gomory           :       0.00       0.00          0          0          0          0          0          0          0          0          0          0          0
  > gomorymi       :          -          -          -          -          -          -          -          0          0          0          0          0          -
  > strongcg       :          -          -          -          -          -          -          -          0          0          0          0          0          -
  impliedbounds    :       0.22       0.00       4834         31          0          0          0          0          0          0          0          0          0
  interlattice     :       0.00       0.00          0          0          0          0          0          0          0          0          0          0          0
  interminor       :       0.00       0.00          0          0          0          0          0          0          0          0          0          0          0
  intersub         :       0.23       0.00          8          8          0          0          6          0          6          6          0          6          0
  intobj           :       0.00       0.00          0          0          0          0          0          0          0          0          0          0          0
  mcf              :       0.01       0.00          1          1          0          0          0          0          0          0          0          0          0
  minor            :       0.02       0.00          0          0          0          0          0          0          0          0          0          0          0
  mixing           :       0.01       0.00       4834         31          0          0          0          0          0          0          0          0          0
  oddcycle         :       0.00       0.00          0          0          0          0          0          0          0          0          0          0          0
  rapidlearning    :       0.07       0.00          0          0          0          0          0          0          0          0          0          0          0
  rlt              :       0.00       0.00         10         10          0          0          0          0          0          0          0          0          0
  zerohalf         :      24.49       0.00       4324         20          0          0      28071    1144798          1     141969     141969          0          0
Cutselectors       :   ExecTime  SetupTime      Calls  RootCalls   Selected     Forced   Filtered  RootSelec   RootForc   RootFilt 
  hybrid           :       1.07       0.00      25406         29     148334          0    1008562        135          0         27
Pricers            :   ExecTime  SetupTime      Calls       Vars
  problem variables:       0.00          -          0          0
Branching Rules    :   ExecTime  SetupTime   BranchLP  BranchExt   BranchPS    Cutoffs    DomReds       Cuts      Conss   Children
  allfullstrong    :       0.00       0.00          0          0          0          0          0          0          0          0
  cloud            :       0.00       0.00          0          0          0          0          0          0          0          0
  distribution     :       0.00       0.00          0          0          0          0          0          0          0          0
  fullstrong       :       0.00       0.00          0          0          0          0          0          0          0          0
  inference        :       0.00       0.00          0          0          0          0          0          0          0          0
  leastinf         :       0.00       0.00          0          0          0          0          0          0          0          0
  lookahead        :       0.00       0.00          0          0          0          0          0          0          0          0
  mostinf          :       0.00       0.00          0          0          0          0          0          0          0          0
  multaggr         :       0.00       0.00          0          0          0          0          0          0          0          0
  nodereopt        :       0.00       0.00          0          0          0          0          0          0          0          0
  pscost           :       0.00       0.00          0          0          0          0          0          0          0          0
  random           :       0.00       0.00          0          0          0          0          0          0          0          0
  relpscost        :     100.56       0.00     447640          0          0          0         12          0          0     895256
  vanillafullstrong:       0.00       0.00          0          0          0          0          0          0          0          0
Primal Heuristics  :   ExecTime  SetupTime      Calls      Found       Best
  LP solutions     :       0.00          -          -          0          0
  relax solutions  :       0.00          -          -          0          0
  pseudo solutions :       0.00          -          -          0          0
  strong branching :       0.00          -          -          0          0
  actconsdiving    :       0.00       0.00          0          0          0
  adaptivediving   :       2.68       0.00         31          0          0
  alns             :       3.30       0.00         37          2          2
  bound            :       0.00       0.00          0          0          0
  clique           :       0.00       0.00          1          0          0
  coefdiving       :       0.00       0.00          0          0          0
  completesol      :       0.00       0.00          0          0          0
  conflictdiving   :     111.26       0.00       1105          0          0
  crossover        :       0.62       0.00          0          0          0
  dins             :       0.00       0.00          0          0          0
  distributiondivin:      78.01       0.00        432          0          0
  dps              :       0.00       0.00          0          0          0
  dualval          :       0.00       0.00          0          0          0
  farkasdiving     :       0.03       0.00          0          0          0
  feaspump         :      26.09       0.00        383          0          0
  fixandinfer      :       0.00       0.00          0          0          0
  fracdiving       :      39.56       0.00        363          0          0
  gins             :       0.38       0.00          0          0          0
  guideddiving     :      37.43       0.00        354          0          0
  indicator        :       0.43       0.00          0          0          0
  indicatordiving  :       0.00       0.00          0          0          0
  intdiving        :       0.00       0.00          0          0          0
  intshifting      :       0.58       0.00        144          0          0
  linesearchdiving :      34.89       0.00        523          0          0
  localbranching   :       0.00       0.00          0          0          0
  locks            :       0.02       0.00          1          0          0
  lpface           :       0.66       0.00          0          0          0
  mpec             :      56.40       0.00         11          0          0
  multistart       :       0.00       0.00          0          0          0
  mutation         :       0.00       0.00          0          0          0
  nlpdiving        :      12.47       0.00          1          0          0
  objpscostdiving  :      12.91       0.00         55          0          0
  octane           :       0.00       0.00          0          0          0
  ofins            :       0.31       0.00          0          0          0
  oneopt           :       0.49       0.00          5          0          0
  padm             :       0.00       0.00          0          0          0
  proximity        :       0.00       0.00          0          0          0
  pscostdiving     :      39.61       0.00        311          1          1
  randrounding     :       1.60       0.00      26399          0          0
  rens             :       0.00       0.00          0          0          0
  reoptsols        :       0.00       0.00          0          0          0
  repair           :       0.00       0.00          0          0          0
  rins             :       3.75       0.00         43          0          0
  rootsoldiving    :      12.94       0.00        154          0          0
  rounding         :       2.98       0.00       9625          0          0
  shiftandpropagate:       0.00       0.00          0          0          0
  shifting         :      37.13       0.00      11613          1          1
  simplerounding   :       0.52       0.00          0          0          0
  subnlp           :     482.40       0.00          0          0          0
  trivial          :       0.00       0.00          2          2          2
  trivialnegation  :       0.00       0.00          0          0          0
  trustregion      :       0.00       0.00          0          0          0
  trysol           :       0.83       0.00          0          0          0
  twoopt           :       0.00       0.00          0          0          0
  undercover       :       5.21       0.00          1          1          1
  vbounds          :       0.00       0.00          0          0          0
  veclendiving     :      38.13       0.00        768          0          0
  zeroobj          :       0.00       0.00          0          0          0
  zirounding       :       0.68       0.00       1000          0          0
  other solutions  :          -          -          -          0          -
Diving (single)    :      Calls      Nodes   LP Iters Backtracks  Conflicts   MinDepth   MaxDepth   AvgDepth  RoundSols  NLeafSols  MinSolDpt  MaxSolDpt  AvgSolDpt
  actconsdiving    :          0          -          -          -          -          -          -          -          -          -          -          -          -
  coefdiving       :          0          -          -          -          -          -          -          -          -          -          -          -          -
  conflictdiving   :       1105      46393     997031        986      16896         62         91       81.6          0          -          -          -          -
  distributiondivin:        432      17902     337858        493       7040         63         90       74.8          0          -          -          -          -
  farkasdiving     :          0          -          -          -          -          -          -          -          -          -          -          -          -
  fracdiving       :        363      37392     339610        191       1765         66        467      136.7          0          -          -          -          -
  guideddiving     :        354      29998     339209         59       1967         64        297      117.6          0          -          -          -          -
  indicatordiving  :          0          -          -          -          -          -          -          -          -          -          -          -          -
  linesearchdiving :        523      26606     336351         83      10782         65        103       87.4          0          -          -          -          -
  pscostdiving     :        311      12524     351811        292       4951         64         89       78.0          0          1         84         84       84.0
  veclendiving     :        768      33616     334335        517      22797         68         97       80.9          0          -          -          -          -
Diving (adaptive)  :      Calls      Nodes   LP Iters Backtracks  Conflicts   MinDepth   MaxDepth   AvgDepth  RoundSols  NLeafSols  MinSolDpt  MaxSolDpt  AvgSolDpt
  actconsdiving    :          5        150       1879          5         59         72         80       74.8          0          -          -          -          -
  coefdiving       :          9        487       4684          6        233         72         91       79.8          0          -          -          -          -
  conflictdiving   :          0          -          -          -          -          -          -          -          -          -          -          -          -
  distributiondivin:          0          -          -          -          -          -          -          -          -          -          -          -          -
  farkasdiving     :          0          -          -          -          -          -          -          -          -          -          -          -          -
  fracdiving       :          1        284       2234          1         17        304        304      304.0          0          -          -          -          -
  guideddiving     :          2        112       1248          1         17         81        118       99.5          0          -          -          -          -
  indicatordiving  :          0          -          -          -          -          -          -          -          -          -          -          -          -
  linesearchdiving :          6        429       6235          1        174         85        102       91.8          0          -          -          -          -
  pscostdiving     :          3        136       3532          3         52         77         83       79.7          0          -          -          -          -
  veclendiving     :          5        240       2355          2        122         71         88       80.6          0          -          -          -          -
Neighborhoods      :      Calls  SetupTime  SolveTime SolveNodes       Sols       Best       Exp3  EpsGreedy        UCB TgtFixRate  Opt  Inf Node Stal  Sol  Usr Othr Actv
  rens             :          2       0.04       0.08         74          0          0    0.00000   -1.00000    0.47049      0.850    0    1    0    1    0    0    0    1
  rins             :         21       0.63       0.93       1240          2          2    0.00000   -1.00000    0.48872      0.855    1   10    0   10    0    0    0    1
  mutation         :          2       0.04       0.11         60          0          0    0.00000   -1.00000    0.48100      0.850    0    1    0    1    0    0    0    1
  localbranching   :          2       0.03       0.22         90          0          0    0.00000   -1.00000    0.47043      0.850    0    1    0    1    0    0    0    1
  crossover        :          4       0.10       0.57         90          0          0    0.00000   -1.00000    0.46028      0.522    0    3    0    1    0    0    0    1
  proximity        :          2       0.03       0.09         80          0          0    0.00000   -1.00000    0.47223      0.850    0    1    0    1    0    0    0    1
  zeroobjective    :          2       0.04       0.05         66          0          0    0.00000   -1.00000    0.47482      0.850    0    1    0    1    0    0    0    1
  dins             :          2       0.03       0.09        105          0          0    0.00000   -1.00000    0.46745      0.850    0    1    0    1    0    0    0    1
  trustregion      :          0       0.00       0.00          0          0          0    0.00000   -1.00000    1.00000      0.900    0    0    0    0    0    0    0    0
Expressions        :   #IntEval  IntEvalTi   #RevProp  RevPropTi    DomReds    Cutoffs  #Estimate  EstimTime  Branching  #Simplify SimplifyTi Simplified
  pow              :          0       0.00          0       0.00          0          0          0       0.00          0          0       0.00          0
  prod             :      17820       0.01          0       0.00          0          0          0       0.00          0      10079       0.01          0
  sum              :          8       0.00          2       0.00          0          0          0       0.00          0          3       0.02          2
  var              :       4763       0.00          0       0.00          0          0          0       0.00          0      21678       0.02          0
  varidx           :          0       0.00          0       0.00          0          0          0       0.00          0          0       0.00          0
LP                 :       Time      Calls Iterations  Iter/call   Iter/sec  Time-0-It Calls-0-It    ItLimit
  primal LP        :     102.65      26131          0       0.00       0.00     102.47      26131
  dual LP          :    1327.80     701401    6576869      10.09    4953.21      17.79      49293
  lex dual LP      :       0.00          0          0       0.00          -
  barrier LP       :       0.00          0          0       0.00          -       0.00          0
  resolve instable :       0.00          0          0       0.00          -
  diving/probing LP:     319.95      24516    3333094     135.96   10417.55
  strong branching :       8.60        836      57590      68.89    6696.51          -          -        556
    (at root node) :          -         21       3342     159.14          -
  conflict analysis:       7.90       6626      62660       9.46    7931.65
NLP relaxation     :
  solve time       :      12.01 (10 calls)
  convexity        :  nonconvex (145 linear rows, 0 convex ineq., 0 nonconvex ineq., 1169 nonlinear eq. or two-sided ineq.)
NLP Solvers        :  #Problems  ProblemTi    #Solves  SolveTime      #Iter  Time/Iter      #Okay #TimeLimit #IterLimit #LObjLimit #Interrupt  #NumError #EvalError  #OutOfMem #LicenseEr #OtherTerm   #GlobOpt    #LocOpt  #Feasible #LocInfeas #GlobInfea #Unbounded   #Unknown
  ipopt            :         12      17.27         45     120.32       1654       0.07         42          0          3          0          0          0          0          0          0          0          0         27          1         15          0          0          2
B&B Tree           :
  number of runs   :          1
  nodes            :     626712 (447628 internal, 179084 leaves)
  feasible leaves  :          0
  infeas. leaves   :         11
  objective leaves :     179073
  nodes (total)    :     626712 (447628 internal, 179084 leaves)
  nodes left       :     268545
  max depth        :         82
  max depth (total):         82
  backtracks       :     110547 (17.6%)
  early backtracks :          0 (0.0%)
  nodes exc. ref.  :          0 (0.0%)
  delayed cutoffs  :          0
  repropagations   :         13 (111 domain reductions, 0 cutoffs)
  avg switch length:       6.52
  switching time   :     243.11
Estim. Tree Size   :    1253424
Estimation Tree    : 895257 nodes (626712 visited, 447628 internal, 179084 leaves, 268545 open), weight: 0.0000 completed 0.0411
Estimations        :      estim      value      trend resolution     smooth
  wbe              :         in          -          -          -          -
  tree-profile     :         -1          -          -          -          -
  gap              :   31055049    0.60048    0.00001        256   31063313
  tree-weight      :    1253424    0.00000    0.00000        256    1252015
  leaf-frequency   :    8393642    0.28575    0.00001        256    8052255
  ssg              :   81977850    0.93506   -0.00001        256   80782906
  open-nodes       :    1253424 268545.00000  170.42632        256    1252015
Root Node          :
  First LP value   : -5.52794612794613e+00
  First LP Iters   :       2274 (11370.00 Iter/sec)
  First LP Time    :       0.20
  Final Dual Bound : -5.43806781331135e+00
  Final Root Iters :       2928
  Root LP Estimate : -2.65695987674236e+00
Solution           :
  Solutions found  :          7 (7 improvements)
  First Solution   : +1.00000000000000e+05   (in run 1, after 0 nodes, 0.01 seconds, depth 0, found by <trivial>)
  Gap First Sol.   :   infinite
  Gap Last Sol.    :      82.97 %
  Primal Bound     : -2.97216610549946e+00   (in run 1, after 20 nodes, 14.28 seconds, depth 84, found by <pscostdiving>)
  Dual Bound       : -4.94961130954989e+00
  Gap              :      66.53 %
Integrals          :      Total       Avg%
  primal-dual      :  148234.92      41.18
  primal-ref       :          -          - (not evaluated)
  dual-ref         :          -          - (not evaluated)
