SCIP Status        : solving was interrupted [time limit reached]
Total Time         :    3600.00
  solving          :    3600.00
  presolving       :       0.34 (included in solving)
  reading          :       0.00
  copying          :       0.91 (35 #copies) (minimal 0.00, maximal 0.05, average 0.03)
Original Problem   :
  Problem name     : bbbenchmark/g05_80.1.cut
  Variables        : 81 (80 binary, 0 integer, 0 implicit integer, 1 continuous)
  Constraints      : 1 initial, 1 maximal
  Objective        : minimize, 1 non-zeros (abs.min = 1, abs.max = 1)
Presolved Problem  :
  Problem name     : t_bbbenchmark/g05_80.1.cut
  Variables        : 1611 (80 binary, 0 integer, 1529 implicit integer, 2 continuous)
  Constraints      : 1533 initial, 7346 maximal
  Objective        : minimize, 1 non-zeros (abs.min = 1, abs.max = 1)
  Nonzeros         : 6305 constraint, 162 clique table
Presolvers         :   ExecTime  SetupTime  Calls  FixedVars   AggrVars   ChgTypes  ChgBounds   AddHoles    DelCons    AddCons   ChgSides   ChgCoefs
  boundshift       :       0.00       0.00      0          0          0          0          0          0          0          0          0          0
  convertinttobin  :       0.00       0.00      0          0          0          0          0          0          0          0          0          0
  domcol           :       0.00       0.00      1          0          0          0          0          0          0          0          0          0
  dualagg          :       0.00       0.00      0          0          0          0          0          0          0          0          0          0
  dualcomp         :       0.00       0.00      1          0          0          0          0          0          0          0          0          0
  dualinfer        :       0.00       0.00      0          0          0          0          0          0          0          0          0          0
  dualsparsify     :       0.00       0.00      1          0          0          0          0          0          0          0          0          0
  gateextraction   :       0.00       0.00      0          0          0          0          0          0          0          0          0          0
  implics          :       0.00       0.00      2          0          0          0          0          0          0          0          0          0
  inttobinary      :       0.00       0.00      0          0          0          0          0          0          0          0          0          0
  qpkktref         :       0.00       0.00      0          0          0          0          0          0          0          0          0          0
  redvub           :       0.00       0.00      0          0          0          0          0          0          0          0          0          0
  sparsify         :       0.00       0.00      1          0          0          0          0          0          0          0          0          0
  stuffing         :       0.00       0.00      0          0          0          0          0          0          0          0          0          0
  trivial          :       0.00       0.00      4          0          0          0          0          0          0          0          0          0
  tworowbnd        :       0.00       0.00      0          0          0          0          0          0          0          0          0          0
  dualfix          :       0.00       0.00      4          0          0          0          0          0          0          0          0          0
  genvbounds       :       0.00       0.00      0          0          0          0          0          0          0          0          0          0
  probing          :       0.23       0.00      1          0          0          0          0          0          0          0          0          0
  pseudoobj        :       0.00       0.00      1          0          0          0          1          0          0          0          0          0
  symmetry         :       0.00       0.00      0          0          0          0          0          0          0          0          0          0
  vbounds          :       0.00       0.00      1          0          0          0          0          0          0          0          0          0
  varbound         :       0.00       0.00      2          0          0          0          0          0          0          0          0          0
  and              :       0.00       0.01      2          0          0          0          0          0          0          0          0          0
  linear           :       0.00       0.00      2          0          0          0          0          0          0          0          0          0
  logicor          :       0.00       0.00      0          0          0          0          0          0          0          0          0          0
  bounddisjunction :       0.00       0.00      0          0          0          0          0          0          0          0          0          0
  nonlinear        :       0.11       0.00      5          0          0          0          1          0          0       1532          0          0
  benders          :       0.00       0.00      0          0          0          0          0          0          0          0          0          0
  components       :       0.00       0.00      1          0          0          0          0          0          0          0          0          0
  root node        :          -          -      -          0          -          -         26          -          -          -          -          -
Constraints        :     Number  MaxNumber  #Separate #Propagate    #EnfoLP    #EnfoRelax  #EnfoPS    #Check   #ResProp    Cutoffs    DomReds       Cuts    Applied      Conss   Children
  benderslp        :          0          0          0          0      67572          0          0       3722          0          0          0          0          0          0          0
  integral         :          0          0          0          0      67572          0          0       3722          0          0       1982          0          0        935     133462
  varbound         :          1          1        215      62845          0          0          0         31          0          0        970          0          0          0          0
  and              :       1529       1529      86027     499679         11          0          0         31     187506          1    2501458      13482      13101          0          0
  linear           :          3+         9        215     499684         11          0          0         29         49          0      30147          0          0          0          0
  logicor          :          0+      5783          0     128348          0          0          0          0         63        372         25          0          0          0          0
  bounddisjunction :          0+       195          0      14849          0          0          0          0          0          8          0          0          0          0          0
  benders          :          0          0          0          0         11          0          0         32          0          0          0          0          0          0          0
  countsols        :          0          0          0          0         11          0          0         32          0          0          0          0          0          0          0
  components       :          0          0          0          0          0          0          0          0          0          0          0          0          0          0          0
Constraint Timings :  TotalTime  SetupTime   Separate  Propagate     EnfoLP     EnfoPS     EnfoRelax   Check    ResProp    SB-Prop
  benderslp        :       0.04       0.00       0.00       0.00       0.04       0.00       0.00       0.00       0.00       0.00
  integral         :      55.51       0.00       0.00       0.00      55.50       0.00       0.00       0.01       0.00       0.00
  varbound         :       0.03       0.00       0.00       0.03       0.00       0.00       0.00       0.00       0.00       0.00
  and              :      58.75       0.01      39.48      18.89       0.00       0.00       0.00       0.00       0.16       0.21
  linear           :       0.67       0.00       0.03       0.63       0.00       0.00       0.00       0.00       0.00       0.01
  logicor          :       5.50       0.00       0.00       5.50       0.00       0.00       0.00       0.00       0.00       0.00
  bounddisjunction :       0.10       0.00       0.00       0.10       0.00       0.00       0.00       0.00       0.00       0.00
  benders          :       0.00       0.00       0.00       0.00       0.00       0.00       0.00       0.00       0.00       0.00
  countsols        :       0.00       0.00       0.00       0.00       0.00       0.00       0.00       0.00       0.00       0.00
  components       :       0.13       0.00       0.00       0.12       0.00       0.00       0.00       0.00       0.00       0.01
Propagators        : #Propagate   #ResProp    Cutoffs    DomReds
  dualfix          :          2          0          0          0
  genvbounds       :          0          0          0          0
  nlobbt           :          0          0          0          0
  obbt             :          0          0          0          0
  probing          :          0          0          0          0
  pseudoobj        :     319893          0          0         26
  redcost          :     172798          0          0     245034
  rootredcost      :         22          0          0          0
  symmetry         :          0          0          0          0
  vbounds          :      45972          0          0          0
Propagator Timings :  TotalTime  SetupTime   Presolve  Propagate    ResProp    SB-Prop
  dualfix          :       0.00       0.00       0.00       0.00       0.00       0.00
  genvbounds       :       0.38       0.00       0.00       0.38       0.00       0.00
  nlobbt           :       0.00       0.00       0.00       0.00       0.00       0.00
  obbt             :       0.00       0.00       0.00       0.00       0.00       0.00
  probing          :       0.23       0.00       0.23       0.00       0.00       0.00
  pseudoobj        :       0.59       0.00       0.00       0.59       0.00       0.00
  redcost          :       8.35       0.00       0.00       8.35       0.00       0.00
  rootredcost      :       0.34       0.00       0.00       0.34       0.00       0.00
  symmetry         :       0.24       0.00       0.00       0.24       0.00       0.00
  vbounds          :       0.25       0.00       0.00       0.25       0.00       0.00
Conflict Analysis  :       Time      Calls    Success    DomReds  Conflicts   Literals    Reconvs ReconvLits   Dualrays   Nonzeros   LP Iters   (pool size: [10000,10000])
  propagation      :       0.01        381        312          -        353       45.0          0        0.0          -          -          -
  infeasible LP    :       0.00          0          0          -          0        0.0          0        0.0          6       84.0          0
  bound exceed. LP :      11.10       6986       5055          -      65915       63.8          0        0.0          0        0.0      25268
  strong branching :       0.00          0          0          -          0        0.0          0        0.0          -          -          0
  pseudo solution  :       0.00          0          0          -          0        0.0          0        0.0          -          -          -
  applied globally :       0.26          -          -          0      19873       68.7          -          -          6          -          -
  applied locally  :          -          -          -          0          0        0.0          -          -          0          -          -
Separators         :   ExecTime  SetupTime      Calls  RootCalls    Cutoffs    DomReds  FoundCuts ViaPoolAdd  DirectAdd    Applied ViaPoolApp  DirectApp      Conss
  cut pool         :       2.68          -      22248        243          -          -      36772     513164          -          -          -          -          -    (maximal pool size:       1812)
  aggregation      :     269.95       0.00       4812        215          0          0         26        174          0         61         61          0          0
  > cmir           :          -          -          -          -          -          -          -        174          0         61         61          0          -
  > flowcover      :          -          -          -          -          -          -          -          0          0          0          0          0          -
  > knapsackcover  :          -          -          -          -          -          -          -          0          0          0          0          0          -
  cgmip            :       0.00       0.00          0          0          0          0          0          0          0          0          0          0          0
  clique           :       0.02       0.00        215        215          0          0          0          0          0          0          0          0          0
  closecuts        :       0.00       0.00          0          0          0          0          0          0          0          0          0          0          0
  convexproj       :       0.00       0.00          0          0          0          0          0          0          0          0          0          0          0
  disjunctive      :       0.00       0.00          0          0          0          0          0          0          0          0          0          0          0
  eccuts           :       0.00       0.00          0          0          0          0          0          0          0          0          0          0          0
  gauge            :       0.00       0.00          0          0          0          0          0          0          0          0          0          0          0
  gomory           :       0.00       0.00          0          0          0          0          0          0          0          0          0          0          0
  > gomorymi       :          -          -          -          -          -          -          -          0          0          0          0          0          -
  > strongcg       :          -          -          -          -          -          -          -          0          0          0          0          0          -
  impliedbounds    :       0.19       0.00       4812        215          0          0          5          0          0          0          0          0          0
  interlattice     :       0.00       0.00          0          0          0          0          0          0          0          0          0          0          0
  interminor       :       0.00       0.00          0          0          0          0          0          0          0          0          0          0          0
  intersub         :       1.95       0.00        160        160          0          0        160          0        160        160          0        160          0
  intobj           :       0.00       0.00          0          0          0          0          0          0          0          0          0          0          0
  mcf              :       0.00       0.00          1          1          0          0          0          0          0          0          0          0          0
  minor            :       0.00       0.00          0          0          0          0          0          0          0          0          0          0          0
  mixing           :       0.00       0.00       4818        215          0          0          0          0          0          0          0          0          0
  oddcycle         :       0.00       0.00          0          0          0          0          0          0          0          0          0          0          0
  rapidlearning    :       0.01       0.00          0          0          0          0          0          0          0          0          0          0          0
  rlt              :       0.00       0.00         10         10          0          0          0          0          0          0          0          0          0
  zerohalf         :      29.57       0.00       4298         20          0          0      36741     512990          0     111348     111348          0          0
Cutselectors       :   ExecTime  SetupTime      Calls  RootCalls   Selected     Forced   Filtered  RootSelec   RootForc   RootFilt 
  hybrid           :       0.48       0.00      22012        214     124670          0     402136        394          0          4
Pricers            :   ExecTime  SetupTime      Calls       Vars
  problem variables:       0.00          -          0          0
Branching Rules    :   ExecTime  SetupTime   BranchLP  BranchExt   BranchPS    Cutoffs    DomReds       Cuts      Conss   Children
  allfullstrong    :       0.00       0.00          0          0          0          0          0          0          0          0
  cloud            :       0.00       0.00          0          0          0          0          0          0          0          0
  distribution     :       0.00       0.00          0          0          0          0          0          0          0          0
  fullstrong       :       0.00       0.00          0          0          0          0          0          0          0          0
  inference        :       0.00       0.00          0          0          0          0          0          0          0          0
  leastinf         :       0.00       0.00          0          0          0          0          0          0          0          0
  lookahead        :       0.00       0.00          0          0          0          0          0          0          0          0
  mostinf          :       0.00       0.00          0          0          0          0          0          0          0          0
  multaggr         :       0.00       0.00          0          0          0          0          0          0          0          0
  nodereopt        :       0.00       0.00          0          0          0          0          0          0          0          0
  pscost           :       0.00       0.00          0          0          0          0          0          0          0          0
  random           :       0.00       0.00          0          0          0          0          0          0          0          0
  relpscost        :      55.24       0.00      67561          0          0          0       1982          0        935     133462
  vanillafullstrong:       0.00       0.00          0          0          0          0          0          0          0          0
Primal Heuristics  :   ExecTime  SetupTime      Calls      Found       Best
  LP solutions     :       0.00          -          -         11         11
  relax solutions  :       0.00          -          -          0          0
  pseudo solutions :       0.00          -          -          0          0
  strong branching :       0.01          -          -          0          0
  actconsdiving    :       0.00       0.00          0          0          0
  adaptivediving   :       4.55       0.00         40          0          0
  alns             :       3.20       0.00         20          4          4
  bound            :       0.00       0.00          0          0          0
  clique           :       0.01       0.00          1          0          0
  coefdiving       :       0.00       0.00          0          0          0
  completesol      :       0.00       0.00          0          0          0
  conflictdiving   :      31.00       0.00        439          0          0
  crossover        :       0.94       0.00          7          2          2
  dins             :       0.00       0.00          0          0          0
  distributiondivin:      56.18       0.00        439          0          0
  dps              :       0.00       0.00          0          0          0
  dualval          :       0.00       0.00          0          0          0
  farkasdiving     :       0.03       0.00          0          0          0
  feaspump         :       0.00       0.00          0          0          0
  fixandinfer      :       0.00       0.00          0          0          0
  fracdiving       :      33.07       0.00        440          0          0
  gins             :       0.09       0.00          0          0          0
  guideddiving     :      31.09       0.00        439          2          2
  indicator        :       0.07       0.00          0          0          0
  indicatordiving  :       0.00       0.00          0          0          0
  intdiving        :       0.00       0.00          0          0          0
  intshifting      :       0.46       0.00         43          0          0
  linesearchdiving :      30.57       0.00        439          0          0
  localbranching   :       0.00       0.00          0          0          0
  locks            :       0.01       0.00          1          0          0
  lpface           :       0.09       0.00          0          0          0
  mpec             :     159.76       0.00         11          0          0
  multistart       :       0.00       0.00          0          0          0
  mutation         :       0.00       0.00          0          0          0
  nlpdiving        :       7.39       0.00          9          0          0
  objpscostdiving  :      48.94       0.00         67          7          0
  octane           :       0.00       0.00          0          0          0
  ofins            :       0.10       0.00          0          0          0
  oneopt           :       0.08       0.00         30          0          0
  padm             :       0.00       0.00          0          0          0
  proximity        :       0.00       0.00          0          0          0
  pscostdiving     :      38.71       0.00        439          1          1
  randrounding     :       0.96       0.00       3686          0          0
  rens             :       0.00       0.00          0          0          0
  reoptsols        :       0.00       0.00          0          0          0
  repair           :       0.00       0.00          0          0          0
  rins             :       7.07       0.00          8          1          1
  rootsoldiving    :      36.39       0.00         48          1          0
  rounding         :       1.07       0.00       4136          0          0
  shiftandpropagate:       0.00       0.00          0          0          0
  shifting         :      48.29       0.00      13889          9          8
  simplerounding   :       0.07       0.00          0          0          0
  subnlp           :      91.17       0.00          0          0          0
  trivial          :       0.00       0.00          2          2          2
  trivialnegation  :       0.00       0.00          0          0          0
  trustregion      :       0.00       0.00          0          0          0
  trysol           :       0.08       0.00          0          0          0
  twoopt           :       0.00       0.00          0          0          0
  undercover       :       1.29       0.00          1          0          0
  vbounds          :       0.00       0.00          0          0          0
  veclendiving     :      30.65       0.00        439          0          0
  zeroobj          :       0.00       0.00          0          0          0
  zirounding       :       0.50       0.00       1000          0          0
  other solutions  :          -          -          -          0          -
Diving (single)    :      Calls      Nodes   LP Iters Backtracks  Conflicts   MinDepth   MaxDepth   AvgDepth  RoundSols  NLeafSols  MinSolDpt  MaxSolDpt  AvgSolDpt
  actconsdiving    :          0          -          -          -          -          -          -          -          -          -          -          -          -
  coefdiving       :          0          -          -          -          -          -          -          -          -          -          -          -          -
  conflictdiving   :        439      14053     322966        468      11249         34         68       48.9          0          -          -          -          -
  distributiondivin:        439      10235     445988        509       5642         32         55       39.9          0          -          -          -          -
  farkasdiving     :          0          -          -          -          -          -          -          -          -          -          -          -          -
  fracdiving       :        440      34701     347352        382       4321         41        428       96.1          0          -          -          -          -
  guideddiving     :        439      32479     333633        292       4481         45        380       91.5          0          2         66         70       68.0
  indicatordiving  :          0          -          -          -          -          -          -          -          -          -          -          -          -
  linesearchdiving :        439      12362     343053        511      12362         31         73       45.1          0          -          -          -          -
  pscostdiving     :        439      12599     420952        453       9540         35         68       45.6          0          1         68         68       68.0
  veclendiving     :        439      12391     335905        455      14301         36         61       45.4          0          -          -          -          -
Diving (adaptive)  :      Calls      Nodes   LP Iters Backtracks  Conflicts   MinDepth   MaxDepth   AvgDepth  RoundSols  NLeafSols  MinSolDpt  MaxSolDpt  AvgSolDpt
  actconsdiving    :         11        320      11552          9         96         40         47       42.7          0          -          -          -          -
  coefdiving       :         15        400      12350         16        507         37         53       42.3          0          -          -          -          -
  conflictdiving   :          0          -          -          -          -          -          -          -          -          -          -          -          -
  distributiondivin:          0          -          -          -          -          -          -          -          -          -          -          -          -
  farkasdiving     :          0          -          -          -          -          -          -          -          -          -          -          -          -
  fracdiving       :          3        168       2018          0          0         49         90       73.3          0          -          -          -          -
  guideddiving     :          3        233       1043          2         21         46        134      101.0          0          -          -          -          -
  indicatordiving  :          0          -          -          -          -          -          -          -          -          -          -          -          -
  linesearchdiving :          2         71       2495          3         66         45         53       49.0          0          -          -          -          -
  pscostdiving     :          1         39        727          1         22         60         60       60.0          0          -          -          -          -
  veclendiving     :          5        152       4204          6        195         40         55       46.6          0          -          -          -          -
Neighborhoods      :      Calls  SetupTime  SolveTime SolveNodes       Sols       Best       Exp3  EpsGreedy        UCB TgtFixRate  Opt  Inf Node Stal  Sol  Usr Othr Actv
  rens             :          2       0.07       0.02          0          0          0    0.00000   -1.00000    0.54935      0.550    0    2    0    0    0    0    0    1
  rins             :          3       0.13       0.40        352          1          1    0.00000   -1.00000    0.49895      0.662    1    1    0    1    0    0    0    1
  mutation         :          2       0.07       0.02          5          0          0    0.00000   -1.00000    0.54326      0.550    0    2    0    0    0    0    0    1
  localbranching   :          1       0.04       0.01          1          0          0    0.00000   -1.00000    0.56879      0.700    0    1    0    0    0    0    0    1
  crossover        :          2       0.11       0.11        119          0          0    0.00000   -1.00000    0.37085      0.550    0    2    0    0    0    0    0    1
  proximity        :          2       0.06       0.06         52          0          0    0.00000   -1.00000    0.47135      0.850    0    1    0    1    0    0    0    1
  zeroobjective    :          5       0.21       1.57        641          2          2    0.00000   -1.00000    0.52373      0.585    2    1    0    2    0    0    0    1
  dins             :          3       0.14       0.05         32          1          1    0.00000   -1.00000    0.47802      0.550    1    1    0    0    0    0    1    1
  trustregion      :          0       0.00       0.00          0          0          0    0.00000   -1.00000    1.00000      0.900    0    0    0    0    0    0    0    0
Expressions        :   #IntEval  IntEvalTi   #RevProp  RevPropTi    DomReds    Cutoffs  #Estimate  EstimTime  Branching  #Simplify SimplifyTi Simplified
  pow              :          0       0.00          0       0.00          0          0          0       0.00          0          0       0.00          0
  prod             :       6320       0.04          0       0.00          0          0          0       0.00          0       4689       0.01          0
  sum              :          8       0.00          2       0.00          0          0          0       0.00          0          3       0.02          2
  var              :       5482       0.00          0       0.00          0          0          0       0.00          0      11151       0.00          0
  varidx           :          0       0.00          0       0.00          0          0          0       0.00          0          0       0.00          0
LP                 :       Time      Calls Iterations  Iter/call   Iter/sec  Time-0-It Calls-0-It    ItLimit
  primal LP        :     147.59      10467          0       0.00       0.00     147.55      10467
  dual LP          :    2235.25     152257   12993507      95.12    5813.00       6.75      15654
  lex dual LP      :       0.00          0          0       0.00          -
  barrier LP       :       0.00          0          0       0.00          -       0.00          0
  resolve instable :       0.00          0          0       0.00          -
  diving/probing LP:     293.87      13045    3068353     235.21   10441.19
  strong branching :      35.57       1464     204575     139.74    5751.34          -          -         59
    (at root node) :          -         20      19132     956.60          -
  conflict analysis:       4.50       2574      25268       9.82    5615.11
NLP relaxation     :
  solve time       :       7.37 (9 calls)
  convexity        :  nonconvex (4 linear rows, 0 convex ineq., 0 nonconvex ineq., 1529 nonlinear eq. or two-sided ineq.)
NLP Solvers        :  #Problems  ProblemTi    #Solves  SolveTime      #Iter  Time/Iter      #Okay #TimeLimit #IterLimit #LObjLimit #Interrupt  #NumError #EvalError  #OutOfMem #LicenseEr #OtherTerm   #GlobOpt    #LocOpt  #Feasible #LocInfeas #GlobInfea #Unbounded   #Unknown
  ipopt            :         12       4.54         39     167.38       2191       0.08         39          0          0          0          0          0          0          0          0          0          0          0          0         30          0          0          9
B&B Tree           :
  number of runs   :          1
  nodes            :     113762 (66731 internal, 47031 leaves)
  feasible leaves  :         11
  infeas. leaves   :          1
  objective leaves :      47018
  nodes (total)    :     113762 (66731 internal, 47031 leaves)
  nodes left       :      19625
  max depth        :         54
  max depth (total):         54
  backtracks       :      25086 (22.1%)
  early backtracks :          0 (0.0%)
  nodes exc. ref.  :          0 (0.0%)
  delayed cutoffs  :          0
  repropagations   :         18 (6 domain reductions, 0 cutoffs)
  avg switch length:       4.34
  switching time   :     167.37
Estim. Tree Size   :     227676
Estimation Tree    : 133463 nodes (113838 visited, 66731 internal, 47107 leaves, 19625 open), weight: 0.0000 completed 0.0937
Estimations        :      estim      value      trend resolution     smooth
  wbe              : 7555285667          -          -          -          -
  tree-profile     :         -1          -          -          -          -
  gap              :    1086914    0.79141    0.00003         64    1155751
  tree-weight      :     227676    0.00001    0.00000         64     227570
  leaf-frequency   :    1392710    0.41380    0.00001         64    1406082
  ssg              :    5023543    0.85198   -0.00002         64    4993154
  open-nodes       :     227676 19625.00000   12.33952         64     227570
Root Node          :
  First LP value   : -1.00000000000000e+00
  First LP Iters   :       1054 (15057.14 Iter/sec)
  First LP Time    :       0.07
  Final Dual Bound : -9.01604281914231e-01
  Final Root Iters :      19549
  Root LP Estimate : +1.07475220350539e-01
Solution           :
  Solutions found  :         40 (31 improvements)
  First Solution   : +1.00000000000000e+05   (in run 1, after 0 nodes, 0.02 seconds, depth 0, found by <trivial>)
  Gap First Sol.   :   infinite
  Gap Last Sol.    :      27.56 %
  Primal Bound     : -5.86708860759493e-01   (in run 1, after 94985 nodes, 3108.75 seconds, depth 20, found by <alns>)
  Dual Bound       : -7.41350210970465e-01
  Gap              :      26.36 %
Integrals          :      Total       Avg%
  primal-dual      :   97826.70      27.17
  primal-ref       :          -          - (not evaluated)
  dual-ref         :          -          - (not evaluated)
