SCIP Status        : solving was interrupted [time limit reached]
Total Time         :    3600.01
  solving          :    3600.00
  presolving       :       0.39 (included in solving)
  reading          :       0.01
  copying          :       1.13 (51 #copies) (minimal 0.00, maximal 0.06, average 0.02)
Original Problem   :
  Problem name     : bbbenchmark/g05_100.2.cut
  Variables        : 101 (100 binary, 0 integer, 0 implicit integer, 1 continuous)
  Constraints      : 1 initial, 1 maximal
  Objective        : minimize, 1 non-zeros (abs.min = 1, abs.max = 1)
Presolved Problem  :
  Problem name     : t_bbbenchmark/g05_100.2.cut
  Variables        : 1819 (100 binary, 0 integer, 1703 implicit integer, 16 continuous)
  Constraints      : 1749 initial, 4378 maximal
  Objective        : minimize, 1 non-zeros (abs.min = 1, abs.max = 1)
  Nonzeros         : 8547 constraint, 202 clique table
Presolvers         :   ExecTime  SetupTime  Calls  FixedVars   AggrVars   ChgTypes  ChgBounds   AddHoles    DelCons    AddCons   ChgSides   ChgCoefs
  boundshift       :       0.00       0.00      0          0          0          0          0          0          0          0          0          0
  convertinttobin  :       0.00       0.00      0          0          0          0          0          0          0          0          0          0
  domcol           :       0.00       0.00      1          0          0          0          0          0          0          0          0          0
  dualagg          :       0.00       0.00      0          0          0          0          0          0          0          0          0          0
  dualcomp         :       0.00       0.00      1          0          0          0          0          0          0          0          0          0
  dualinfer        :       0.00       0.00      0          0          0          0          0          0          0          0          0          0
  dualsparsify     :       0.00       0.00      1          0          0          0          0          0          0          0          0          0
  gateextraction   :       0.00       0.00      0          0          0          0          0          0          0          0          0          0
  implics          :       0.00       0.00      2          0          0          0          0          0          0          0          0          0
  inttobinary      :       0.00       0.00      0          0          0          0          0          0          0          0          0          0
  qpkktref         :       0.00       0.00      0          0          0          0          0          0          0          0          0          0
  redvub           :       0.00       0.00      0          0          0          0          0          0          0          0          0          0
  sparsify         :       0.00       0.00      1          0          0          0          0          0          0          0          0          0
  stuffing         :       0.00       0.00      0          0          0          0          0          0          0          0          0          0
  trivial          :       0.00       0.00      4          0          0          0          0          0          0          0          0          0
  tworowbnd        :       0.00       0.00      0          0          0          0          0          0          0          0          0          0
  dualfix          :       0.00       0.00      4          0          0          0          0          0          0          0          0          0
  genvbounds       :       0.00       0.00      0          0          0          0          0          0          0          0          0          0
  probing          :       0.30       0.00      1          0          0          0          0          0          0          0          0          0
  pseudoobj        :       0.00       0.00      1          0          0          0          1          0          0          0          0          0
  symmetry         :       0.00       0.00      0          0          0          0          0          0          0          0          0          0
  vbounds          :       0.00       0.00      1          0          0          0          0          0          0          0          0          0
  varbound         :       0.00       0.00      2          0          0          0          0          0          0          0          0          0
  and              :       0.01       0.00      2          0          0          0          0          0          0          0          0          0
  linear           :       0.00       0.00      2          0          0          0          0          0          0          0          0          0
  logicor          :       0.00       0.00      0          0          0          0          0          0          0          0          0          0
  bounddisjunction :       0.00       0.00      0          0          0          0          0          0          0          0          0          0
  nonlinear        :       0.07       0.02      5          0          0          0          1          0          0       1748          0          0
  benders          :       0.00       0.00      0          0          0          0          0          0          0          0          0          0
  components       :       0.01       0.00      1          0          0          0          0          0          0          0          0          0
  root node        :          -          -      -          0          -          -         11          -          -          -          -          -
Constraints        :     Number  MaxNumber  #Separate #Propagate    #EnfoLP    #EnfoRelax  #EnfoPS    #Check   #ResProp    Cutoffs    DomReds       Cuts    Applied      Conss   Children
  benderslp        :          0          0          0          0     113166          0          0       4596          0          0          0          0          0          0          0
  integral         :          0          0          0          0     113166          0          0       4596          0          0        161          0          0        166     226134
  varbound         :         15         15        223     666199          0          0          0       1802          0          0      83693          0          0          0          0
  and              :       1703       1703     126992     694256          0          0          0       1802     264476          0     357025        326        320          0          0
  linear           :         31+        58        223     694335          0          0          0       1800       5843         53     397064          0          0          0          0
  logicor          :          0+      1977          0     104999          0          0          0          0         61        285         13          0          0          0          0
  bounddisjunction :          0+       638          0      88306          0          0          0          0         11         31          2          0          0          0          0
  benders          :          0          0          0          0          0          0          0         46          0          0          0          0          0          0          0
  countsols        :          0          0          0          0          0          0          0         46          0          0          0          0          0          0          0
  components       :          0          0          0          0          0          0          0          0          0          0          0          0          0          0          0
Constraint Timings :  TotalTime  SetupTime   Separate  Propagate     EnfoLP     EnfoPS     EnfoRelax   Check    ResProp    SB-Prop
  benderslp        :       0.14       0.00       0.00       0.00       0.14       0.00       0.00       0.00       0.00       0.00
  integral         :      88.57       0.00       0.00       0.00      88.37       0.00       0.00       0.20       0.00       0.00
  varbound         :       1.54       0.00       0.00       1.53       0.00       0.00       0.00       0.01       0.00       0.00
  and              :      98.10       0.00      70.28      27.01       0.00       0.00       0.00       0.46       0.19       0.16
  linear           :       4.61       0.00       0.10       4.45       0.00       0.00       0.00       0.01       0.03       0.02
  logicor          :       4.16       0.00       0.00       4.15       0.00       0.00       0.00       0.00       0.00       0.01
  bounddisjunction :       2.54       0.00       0.00       2.53       0.00       0.00       0.00       0.00       0.01       0.00
  benders          :       0.00       0.00       0.00       0.00       0.00       0.00       0.00       0.00       0.00       0.00
  countsols        :       0.00       0.00       0.00       0.00       0.00       0.00       0.00       0.00       0.00       0.00
  components       :       0.20       0.00       0.00       0.20       0.00       0.00       0.00       0.00       0.00       0.00
Propagators        : #Propagate   #ResProp    Cutoffs    DomReds
  dualfix          :          4          0          0          0
  genvbounds       :          0          0          0          0
  nlobbt           :          0          0          0          0
  obbt             :          0          0          0          0
  probing          :          0          0          0          0
  pseudoobj        :     486107          0          0         54
  redcost          :     248200          0          0      65163
  rootredcost      :         13          0          0          0
  symmetry         :          0          0          0          0
  vbounds          :     133008          0          0          0
Propagator Timings :  TotalTime  SetupTime   Presolve  Propagate    ResProp    SB-Prop
  dualfix          :       0.00       0.00       0.00       0.00       0.00       0.00
  genvbounds       :       0.49       0.00       0.00       0.48       0.00       0.01
  nlobbt           :       0.00       0.00       0.00       0.00       0.00       0.00
  obbt             :       0.00       0.00       0.00       0.00       0.00       0.00
  probing          :       0.30       0.00       0.30       0.00       0.00       0.00
  pseudoobj        :       0.87       0.00       0.00       0.87       0.00       0.00
  redcost          :      16.63       0.00       0.00      16.63       0.00       0.00
  rootredcost      :       0.57       0.00       0.00       0.57       0.00       0.00
  symmetry         :       0.39       0.00       0.00       0.39       0.00       0.00
  vbounds          :       0.62       0.00       0.00       0.62       0.00       0.00
Conflict Analysis  :       Time      Calls    Success    DomReds  Conflicts   Literals    Reconvs ReconvLits   Dualrays   Nonzeros   LP Iters   (pool size: [10000,10000])
  propagation      :       0.02        321        258          -        464       80.2          0        0.0          -          -          -
  infeasible LP    :       0.77        394        394          -      14778      137.4          0        0.0        616      167.6          0
  bound exceed. LP :      16.23       3179       3005          -      70564      109.6          0        0.0          0        0.0      37749
  strong branching :       0.00          0          0          -          0        0.0          0        0.0          -          -          0
  pseudo solution  :       0.00          0          0          -          0        0.0          0        0.0          -          -          -
  applied globally :       0.42          -          -          0      19216      119.1          -          -        616          -          -
  applied locally  :          -          -          -          0          0        0.0          -          -          0          -          -
Separators         :   ExecTime  SetupTime      Calls  RootCalls    Cutoffs    DomReds  FoundCuts ViaPoolAdd  DirectAdd    Applied ViaPoolApp  DirectApp      Conss
  cut pool         :       4.14          -      25858        251          -          -      38956     799542          -          -          -          -          -    (maximal pool size:       2985)
  aggregation      :     380.49       0.00       5171        223          0          0          3          9          0          2          2          0          0
  > cmir           :          -          -          -          -          -          -          -          9          0          2          2          0          -
  > flowcover      :          -          -          -          -          -          -          -          0          0          0          0          0          -
  > knapsackcover  :          -          -          -          -          -          -          -          0          0          0          0          0          -
  cgmip            :       0.00       0.00          0          0          0          0          0          0          0          0          0          0          0
  clique           :       0.00       0.00        223        223          0          0          0          0          0          0          0          0          0
  closecuts        :       0.00       0.00          0          0          0          0          0          0          0          0          0          0          0
  convexproj       :       0.00       0.00          0          0          0          0          0          0          0          0          0          0          0
  disjunctive      :       0.00       0.00          0          0          0          0          0          0          0          0          0          0          0
  eccuts           :       0.00       0.00          0          0          0          0          0          0          0          0          0          0          0
  gauge            :       0.00       0.00          0          0          0          0          0          0          0          0          0          0          0
  gomory           :       0.00       0.00          0          0          0          0          0          0          0          0          0          0          0
  > gomorymi       :          -          -          -          -          -          -          -          0          0          0          0          0          -
  > strongcg       :          -          -          -          -          -          -          -          0          0          0          0          0          -
  impliedbounds    :       0.37       0.00       5171        223          0          0          1          0          0          0          0          0          0
  interlattice     :       0.00       0.00          0          0          0          0          0          0          0          0          0          0          0
  interminor       :       0.00       0.00          0          0          0          0          0          0          0          0          0          0          0
  intersub         :       3.68       0.00        160        160          0          0        160          0        160        160          0        160          0
  intobj           :       0.00       0.00          0          0          0          0          0          0          0          0          0          0          0
  mcf              :       0.01       0.00          1          1          0          0          0          0          0          0          0          0          0
  minor            :       0.01       0.00          0          0          0          0          0          0          0          0          0          0          0
  mixing           :       0.00       0.00       5171        223          0          0          0          0          0          0          0          0          0
  oddcycle         :       0.00       0.00          0          0          0          0          0          0          0          0          0          0          0
  rapidlearning    :       0.00       0.00          0          0          0          0          0          0          0          0          0          0          0
  rlt              :       0.00       0.00         10         10          0          0          0          0          0          0          0          0          0
  zerohalf         :      38.49       0.00       4467         20          0          0      38952     799533          0     112110     112110          0          0
Cutselectors       :   ExecTime  SetupTime      Calls  RootCalls   Selected     Forced   Filtered  RootSelec   RootForc   RootFilt 
  hybrid           :       0.74       0.00      11678        221     112592          0     687436        389          0         37
Pricers            :   ExecTime  SetupTime      Calls       Vars
  problem variables:       0.00          -          0          0
Branching Rules    :   ExecTime  SetupTime   BranchLP  BranchExt   BranchPS    Cutoffs    DomReds       Cuts      Conss   Children
  allfullstrong    :       0.00       0.00          0          0          0          0          0          0          0          0
  cloud            :       0.00       0.00          0          0          0          0          0          0          0          0
  distribution     :       0.00       0.00          0          0          0          0          0          0          0          0
  fullstrong       :       0.00       0.00          0          0          0          0          0          0          0          0
  inference        :       0.00       0.00          0          0          0          0          0          0          0          0
  leastinf         :       0.00       0.00          0          0          0          0          0          0          0          0
  lookahead        :       0.00       0.00          0          0          0          0          0          0          0          0
  mostinf          :       0.00       0.00          0          0          0          0          0          0          0          0
  multaggr         :       0.00       0.00          0          0          0          0          0          0          0          0
  nodereopt        :       0.00       0.00          0          0          0          0          0          0          0          0
  pscost           :       0.00       0.00          0          0          0          0          0          0          0          0
  random           :       0.00       0.00          0          0          0          0          0          0          0          0
  relpscost        :      88.03       0.00     113166          0          0          0        161          0        166     226134
  vanillafullstrong:       0.00       0.00          0          0          0          0          0          0          0          0
Primal Heuristics  :   ExecTime  SetupTime      Calls      Found       Best
  LP solutions     :       0.00          -          -          0          0
  relax solutions  :       0.00          -          -          0          0
  pseudo solutions :       0.00          -          -          0          0
  strong branching :       0.01          -          -          0          0
  actconsdiving    :       0.00       0.00          0          0          0
  adaptivediving   :       3.35       0.00         29          0          0
  alns             :       1.92       0.00         24          3          3
  bound            :       0.00       0.00          0          0          0
  clique           :       0.00       0.00          1          0          0
  coefdiving       :       0.00       0.00          0          0          0
  completesol      :       0.00       0.00          0          0          0
  conflictdiving   :     125.30       0.00        815          0          0
  crossover        :       2.17       0.00          4          1          1
  dins             :       0.00       0.00          0          0          0
  distributiondivin:      62.78       0.00        252          0          0
  dps              :       0.00       0.00          0          0          0
  dualval          :       0.00       0.00          0          0          0
  farkasdiving     :       0.01       0.00          0          0          0
  feaspump         :       1.46       0.00          1          1          1
  fixandinfer      :       0.00       0.00          0          0          0
  fracdiving       :      48.71       0.00        295          0          0
  gins             :       0.14       0.00          0          0          0
  guideddiving     :      53.27       0.00        320          5          5
  indicator        :       0.16       0.00          0          0          0
  indicatordiving  :       0.00       0.00          0          0          0
  intdiving        :       0.00       0.00          0          0          0
  intshifting      :       0.99       0.00         67          0          0
  linesearchdiving :      43.46       0.00        303          0          0
  localbranching   :       0.00       0.00          0          0          0
  locks            :       0.01       0.00          1          0          0
  lpface           :       0.17       0.00          0          0          0
  mpec             :     107.28       0.00         11          0          0
  multistart       :       0.00       0.00          0          0          0
  mutation         :       0.00       0.00          0          0          0
  nlpdiving        :      13.58       0.00          4          0          0
  objpscostdiving  :     103.64       0.00        107         27          3
  octane           :       0.00       0.00          0          0          0
  ofins            :       0.17       0.00          0          0          0
  oneopt           :       0.20       0.00         17          0          0
  padm             :       0.00       0.00          0          0          0
  proximity        :       0.00       0.00          0          0          0
  pscostdiving     :      47.72       0.00        227          1          1
  randrounding     :       2.15       0.00       4546          0          0
  rens             :       0.00       0.00          0          0          0
  reoptsols        :       0.00       0.00          0          0          0
  repair           :       0.00       0.00          0          0          0
  rins             :       4.00       0.00         23          0          0
  rootsoldiving    :      19.27       0.00         39          0          0
  rounding         :       1.72       0.00       4849          0          0
  shiftandpropagate:       0.00       0.00          0          0          0
  shifting         :      43.38       0.00       8739          2          2
  simplerounding   :       0.11       0.00          0          0          0
  subnlp           :     196.38       0.00          0          0          0
  trivial          :       0.00       0.00          2          2          2
  trivialnegation  :       0.00       0.00          0          0          0
  trustregion      :       0.00       0.00          0          0          0
  trysol           :       0.18       0.00          0          0          0
  twoopt           :       0.00       0.00          0          0          0
  undercover       :       1.03       0.00          1          1          1
  vbounds          :       0.00       0.00          0          0          0
  veclendiving     :      42.72       0.00        363          0          0
  zeroobj          :       0.00       0.00          0          0          0
  zirounding       :       0.79       0.00       1000          0          0
  other solutions  :          -          -          -          0          -
Diving (single)    :      Calls      Nodes   LP Iters Backtracks  Conflicts   MinDepth   MaxDepth   AvgDepth  RoundSols  NLeafSols  MinSolDpt  MaxSolDpt  AvgSolDpt
  actconsdiving    :          0          -          -          -          -          -          -          -          -          -          -          -          -
  coefdiving       :          0          -          -          -          -          -          -          -          -          -          -          -          -
  conflictdiving   :        815      41735     892538        719      43749         61         90       73.4          0          -          -          -          -
  distributiondivin:        252      10718     319688        284       5494         57         79       64.2          0          -          -          -          -
  farkasdiving     :          0          -          -          -          -          -          -          -          -          -          -          -          -
  fracdiving       :        295      28531     318106         77       1178         58        229      118.8          0          -          -          -          -
  guideddiving     :        320      28931     366288         30       3590         61        200      111.8          0          5        113        139      126.8
  indicatordiving  :          0          -          -          -          -          -          -          -          -          -          -          -          -
  linesearchdiving :        303      16462     317905         16      11410         60         91       75.4          0          -          -          -          -
  pscostdiving     :        227      10386     334128        242       4903         56         84       66.6          0          1         84         84       84.0
  veclendiving     :        363      17363     316145         19      14442         61         89       70.7          0          -          -          -          -
Diving (adaptive)  :      Calls      Nodes   LP Iters Backtracks  Conflicts   MinDepth   MaxDepth   AvgDepth  RoundSols  NLeafSols  MinSolDpt  MaxSolDpt  AvgSolDpt
  actconsdiving    :          1         39        878          1         29         60         60       60.0          0          -          -          -          -
  coefdiving       :         13        646       8971          1        507         65         94       76.2          0          -          -          -          -
  conflictdiving   :          0          -          -          -          -          -          -          -          -          -          -          -          -
  distributiondivin:          0          -          -          -          -          -          -          -          -          -          -          -          -
  farkasdiving     :          0          -          -          -          -          -          -          -          -          -          -          -          -
  fracdiving       :          0          -          -          -          -          -          -          -          -          -          -          -          -
  guideddiving     :          1         69        657          1         25         97         97       97.0          0          -          -          -          -
  indicatordiving  :          0          -          -          -          -          -          -          -          -          -          -          -          -
  linesearchdiving :          9        546      10119          0        359         75         82       78.9          0          -          -          -          -
  pscostdiving     :          0          -          -          -          -          -          -          -          -          -          -          -          -
  veclendiving     :          5        266       2944          0        217         67         90       80.0          0          -          -          -          -
Neighborhoods      :      Calls  SetupTime  SolveTime SolveNodes       Sols       Best       Exp3  EpsGreedy        UCB TgtFixRate  Opt  Inf Node Stal  Sol  Usr Othr Actv
  rens             :          3       0.11       0.17         98          0          0    0.00000   -1.00000    0.45648      0.662    0    2    0    1    0    0    0    1
  rins             :          2       0.06       0.09         75          0          0    0.00000   -1.00000    0.46615      0.850    0    1    0    1    0    0    0    1
  mutation         :          3       0.07       0.28        258          1          1    0.00000   -1.00000    0.51438      0.812    0    1    0    2    0    0    0    1
  localbranching   :          2       0.05       0.06         76          0          0    0.00000   -1.00000    0.47423      0.850    0    1    0    1    0    0    0    1
  crossover        :          2       0.04       0.06         63          0          0    0.00000   -1.00000    0.47525      0.850    0    1    0    1    0    0    0    1
  proximity        :          2       0.06       0.15         77          0          0    0.00000   -1.00000    0.46882      0.850    0    1    0    1    0    0    0    1
  zeroobjective    :          6       0.21       0.17        221          1          1    0.00000   -1.00000    0.52562      0.838    1    2    0    3    0    0    0    1
  dins             :          4       0.07       0.11         94          1          1    0.00000   -1.00000    0.44784      0.737    1    1    0    1    0    0    1    1
  trustregion      :          0       0.00       0.00          0          0          0    0.00000   -1.00000    1.00000      0.900    0    0    0    0    0    0    0    0
Expressions        :   #IntEval  IntEvalTi   #RevProp  RevPropTi    DomReds    Cutoffs  #Estimate  EstimTime  Branching  #Simplify SimplifyTi Simplified
  pow              :          0       0.00          0       0.00          0          0          0       0.00          0          0       0.00          0
  prod             :       9900       0.00          0       0.00          0          0          0       0.00          0       6653       0.01          0
  sum              :          8       0.00          2       0.00          0          0          0       0.00          0          3       0.02          2
  var              :       6266       0.00          0       0.00          0          0          0       0.00          0      15327       0.00          0
  varidx           :          0       0.00          0       0.00          0          0          0       0.00          0          0       0.00          0
LP                 :       Time      Calls Iterations  Iter/call   Iter/sec  Time-0-It Calls-0-It    ItLimit
  primal LP        :     182.96      16288          0       0.00       0.00     182.90      16288
  dual LP          :    1623.58     198015    6130904      32.64    3776.16       5.87      10172
  lex dual LP      :       0.00          0          0       0.00          -
  barrier LP       :       0.00          0          0       0.00          -       0.00          0
  resolve instable :       0.00          0          0       0.00          -
  diving/probing LP:     469.62      17505    3393461     193.86    7225.97
  strong branching :      51.87        559     165756     296.52    3195.60          -          -        117
    (at root node) :          -         30      25791     859.70          -
  conflict analysis:       8.44       3988      37749       9.47    4472.63
NLP relaxation     :
  solve time       :      13.01 (7 calls)
  convexity        :  nonconvex (46 linear rows, 0 convex ineq., 0 nonconvex ineq., 1703 nonlinear eq. or two-sided ineq.)
NLP Solvers        :  #Problems  ProblemTi    #Solves  SolveTime      #Iter  Time/Iter      #Okay #TimeLimit #IterLimit #LObjLimit #Interrupt  #NumError #EvalError  #OutOfMem #LicenseEr #OtherTerm   #GlobOpt    #LocOpt  #Feasible #LocInfeas #GlobInfea #Unbounded   #Unknown
  ipopt            :         12       7.93         32     120.17       1647       0.07         30          0          2          0          0          0          0          0          0          0          0         11          1         15          0          0          5
B&B Tree           :
  number of runs   :          1
  nodes            :     176062 (113067 internal, 62995 leaves)
  feasible leaves  :          0
  infeas. leaves   :         25
  objective leaves :      62969
  nodes (total)    :     176062 (113067 internal, 62995 leaves)
  nodes left       :      49689
  max depth        :         64
  max depth (total):         64
  backtracks       :      41164 (23.4%)
  early backtracks :          0 (0.0%)
  nodes exc. ref.  :          0 (0.0%)
  delayed cutoffs  :          0
  repropagations   :         24 (4 domain reductions, 0 cutoffs)
  avg switch length:       8.08
  switching time   :     235.73
Estim. Tree Size   :     352892
Estimation Tree    : 226135 nodes (176446 visited, 113067 internal, 63379 leaves, 49689 open), weight: 0.0000 completed 0.0253
Estimations        :      estim      value      trend resolution     smooth
  wbe              : 15338936478848084          -          -          -          -
  tree-profile     :         -1          -          -          -          -
  gap              :    5925998    0.65896    0.00001         64    6008417
  tree-weight      :     352892    0.00000    0.00000         64     352684
  leaf-frequency   :    5263795    0.35919    0.00000         64    4761305
  ssg              :   18117566    0.96008   -0.00001         64   18405751
  open-nodes       :     352892 49689.00000   25.76520         64     352684
Root Node          :
  First LP value   : -1.00000000000000e+00
  First LP Iters   :       1599 (10660.00 Iter/sec)
  First LP Time    :       0.15
  Final Dual Bound : -9.33173035826683e-01
  Final Root Iters :      21057
  Root LP Estimate : +5.00543655696675e-01
Solution           :
  Solutions found  :         43 (19 improvements)
  First Solution   : +1.00000000000000e+05   (in run 1, after 0 nodes, 0.00 seconds, depth 0, found by <trivial>)
  Gap First Sol.   :   infinite
  Gap Last Sol.    :      53.17 %
  Primal Bound     : -5.66464646464644e-01   (in run 1, after 84950 nodes, 1862.97 seconds, depth 56, found by <crossover>)
  Dual Bound       : -8.59638868748093e-01
  Gap              :      51.76 %
Integrals          :      Total       Avg%
  primal-dual      :  132432.94      36.79
  primal-ref       :          -          - (not evaluated)
  dual-ref         :          -          - (not evaluated)
