SCIP Status        : solving was interrupted [time limit reached]
Total Time         :    3600.00
  solving          :    3600.00
  presolving       :       0.36 (included in solving)
  reading          :       0.00
  copying          :       1.00 (28 #copies) (minimal 0.00, maximal 0.07, average 0.04)
Original Problem   :
  Problem name     : bbbenchmark/g05_80.2.cut
  Variables        : 81 (80 binary, 0 integer, 0 implicit integer, 1 continuous)
  Constraints      : 1 initial, 1 maximal
  Objective        : minimize, 1 non-zeros (abs.min = 1, abs.max = 1)
Presolved Problem  :
  Problem name     : t_bbbenchmark/g05_80.2.cut
  Variables        : 1612 (80 binary, 0 integer, 1530 implicit integer, 2 continuous)
  Constraints      : 1534 initial, 7774 maximal
  Objective        : minimize, 1 non-zeros (abs.min = 1, abs.max = 1)
  Nonzeros         : 6307 constraint, 162 clique table
Presolvers         :   ExecTime  SetupTime  Calls  FixedVars   AggrVars   ChgTypes  ChgBounds   AddHoles    DelCons    AddCons   ChgSides   ChgCoefs
  boundshift       :       0.00       0.00      0          0          0          0          0          0          0          0          0          0
  convertinttobin  :       0.00       0.00      0          0          0          0          0          0          0          0          0          0
  domcol           :       0.00       0.00      1          0          0          0          0          0          0          0          0          0
  dualagg          :       0.00       0.00      0          0          0          0          0          0          0          0          0          0
  dualcomp         :       0.00       0.00      1          0          0          0          0          0          0          0          0          0
  dualinfer        :       0.00       0.00      0          0          0          0          0          0          0          0          0          0
  dualsparsify     :       0.00       0.00      1          0          0          0          0          0          0          0          0          0
  gateextraction   :       0.00       0.00      0          0          0          0          0          0          0          0          0          0
  implics          :       0.00       0.00      2          0          0          0          0          0          0          0          0          0
  inttobinary      :       0.00       0.00      0          0          0          0          0          0          0          0          0          0
  qpkktref         :       0.00       0.00      0          0          0          0          0          0          0          0          0          0
  redvub           :       0.00       0.00      0          0          0          0          0          0          0          0          0          0
  sparsify         :       0.00       0.00      1          0          0          0          0          0          0          0          0          0
  stuffing         :       0.00       0.00      0          0          0          0          0          0          0          0          0          0
  trivial          :       0.00       0.00      4          0          0          0          0          0          0          0          0          0
  tworowbnd        :       0.00       0.00      0          0          0          0          0          0          0          0          0          0
  dualfix          :       0.00       0.00      4          0          0          0          0          0          0          0          0          0
  genvbounds       :       0.00       0.00      0          0          0          0          0          0          0          0          0          0
  probing          :       0.24       0.00      1          0          0          0          0          0          0          0          0          0
  pseudoobj        :       0.00       0.00      1          0          0          0          1          0          0          0          0          0
  symmetry         :       0.00       0.00      0          0          0          0          0          0          0          0          0          0
  vbounds          :       0.00       0.00      1          0          0          0          0          0          0          0          0          0
  varbound         :       0.00       0.00      2          0          0          0          0          0          0          0          0          0
  and              :       0.01       0.01      2          0          0          0          0          0          0          0          0          0
  linear           :       0.00       0.00      2          0          0          0          0          0          0          0          0          0
  logicor          :       0.00       0.00      0          0          0          0          0          0          0          0          0          0
  bounddisjunction :       0.00       0.00      0          0          0          0          0          0          0          0          0          0
  nonlinear        :       0.10       0.01      5          0          0          0          1          0          0       1533          0          0
  benders          :       0.00       0.00      0          0          0          0          0          0          0          0          0          0
  components       :       0.00       0.00      1          0          0          0          0          0          0          0          0          0
  root node        :          -          -      -          0          -          -         24          -          -          -          -          -
Constraints        :     Number  MaxNumber  #Separate #Propagate    #EnfoLP    #EnfoRelax  #EnfoPS    #Check   #ResProp    Cutoffs    DomReds       Cuts    Applied      Conss   Children
  benderslp        :          0          0          0          0      71645          0          0       1925          0          0          0          0          0          0          0
  integral         :          0          0          0          0      71645          0          0       1925          0          0       2880          0          0       1620     140666
  varbound         :          1          1        250      89508          0          0          0         42          0          0       1590          0          0          0          0
  and              :       1530       1530      77361     519555          0          0          0         42     215150          4    2431740        223        207          0          0
  linear           :          3+         6        250     519555          0          0          0         40         52          0      42726          0          0          0          0
  logicor          :          0+      6216          0     135812          0          0          0          0        179        428         43          0          0          0          0
  bounddisjunction :          0+        82          0      15894          0          0          0          0          0          1          0          0          0          0          0
  benders          :          0          0          0          0          0          0          0         43          0          0          0          0          0          0          0
  countsols        :          0          0          0          0          0          0          0         43          0          0          0          0          0          0          0
  components       :          0          0          0          0          0          0          0          0          0          0          0          0          0          0          0
Constraint Timings :  TotalTime  SetupTime   Separate  Propagate     EnfoLP     EnfoPS     EnfoRelax   Check    ResProp    SB-Prop
  benderslp        :       0.09       0.00       0.00       0.00       0.09       0.00       0.00       0.00       0.00       0.00
  integral         :      56.63       0.00       0.00       0.00      56.62       0.00       0.00       0.01       0.00       0.00
  varbound         :       0.02       0.00       0.00       0.02       0.00       0.00       0.00       0.00       0.00       0.00
  and              :      64.73       0.01      39.64      24.53       0.00       0.00       0.00       0.00       0.16       0.39
  linear           :       0.95       0.00       0.05       0.89       0.00       0.00       0.00       0.01       0.00       0.00
  logicor          :       8.09       0.00       0.00       8.06       0.00       0.00       0.00       0.00       0.00       0.03
  bounddisjunction :       0.05       0.00       0.00       0.05       0.00       0.00       0.00       0.00       0.00       0.00
  benders          :       0.00       0.00       0.00       0.00       0.00       0.00       0.00       0.00       0.00       0.00
  countsols        :       0.00       0.00       0.00       0.00       0.00       0.00       0.00       0.00       0.00       0.00
  components       :       0.12       0.00       0.00       0.12       0.00       0.00       0.00       0.00       0.00       0.00
Propagators        : #Propagate   #ResProp    Cutoffs    DomReds
  dualfix          :          4          0          0          0
  genvbounds       :          0          0          0          0
  nlobbt           :          0          0          0          0
  obbt             :          0          0          0          0
  probing          :          0          0          0          0
  pseudoobj        :     337705          0          0         24
  redcost          :     165069          0          0     133959
  rootredcost      :         14          0          0          0
  symmetry         :          0          0          0          0
  vbounds          :      44824          0          0          0
Propagator Timings :  TotalTime  SetupTime   Presolve  Propagate    ResProp    SB-Prop
  dualfix          :       0.00       0.00       0.00       0.00       0.00       0.00
  genvbounds       :       0.43       0.00       0.00       0.42       0.00       0.01
  nlobbt           :       0.00       0.00       0.00       0.00       0.00       0.00
  obbt             :       0.00       0.00       0.00       0.00       0.00       0.00
  probing          :       0.24       0.00       0.24       0.00       0.00       0.00
  pseudoobj        :       0.66       0.00       0.00       0.66       0.00       0.00
  redcost          :       9.06       0.00       0.00       9.06       0.00       0.00
  rootredcost      :       0.35       0.00       0.00       0.34       0.00       0.01
  symmetry         :       0.27       0.00       0.00       0.27       0.00       0.00
  vbounds          :       0.41       0.00       0.00       0.38       0.00       0.03
Conflict Analysis  :       Time      Calls    Success    DomReds  Conflicts   Literals    Reconvs ReconvLits   Dualrays   Nonzeros   LP Iters   (pool size: [10000,10000])
  propagation      :       0.01        433        356          -        392       45.5          0        0.0          -          -          -
  infeasible LP    :       0.00          0          0          -          0        0.0          0        0.0          3      101.3          0
  bound exceed. LP :      13.17       7734       5636          -      74186       66.0          0        0.0          0        0.0      26621
  strong branching :       0.00          0          0          -          0        0.0          0        0.0          -          -          0
  pseudo solution  :       0.00          0          0          -          0        0.0          0        0.0          -          -          -
  applied globally :       0.37          -          -          0      20739       72.1          -          -          3          -          -
  applied locally  :          -          -          -          0          0        0.0          -          -          0          -          -
Separators         :   ExecTime  SetupTime      Calls  RootCalls    Cutoffs    DomReds  FoundCuts ViaPoolAdd  DirectAdd    Applied ViaPoolApp  DirectApp      Conss
  cut pool         :       2.72          -      16305        282          -          -      32369     436006          -          -          -          -          -    (maximal pool size:       2312)
  aggregation      :     224.35       0.00       3909        250          0          0         20         23          0         10         10          0          0
  > cmir           :          -          -          -          -          -          -          -         23          0         10         10          0          -
  > flowcover      :          -          -          -          -          -          -          -          0          0          0          0          0          -
  > knapsackcover  :          -          -          -          -          -          -          -          0          0          0          0          0          -
  cgmip            :       0.00       0.00          0          0          0          0          0          0          0          0          0          0          0
  clique           :       0.03       0.00        250        250          0          0          0          0          0          0          0          0          0
  closecuts        :       0.00       0.00          0          0          0          0          0          0          0          0          0          0          0
  convexproj       :       0.00       0.00          0          0          0          0          0          0          0          0          0          0          0
  disjunctive      :       0.00       0.00          0          0          0          0          0          0          0          0          0          0          0
  eccuts           :       0.00       0.00          0          0          0          0          0          0          0          0          0          0          0
  gauge            :       0.00       0.00          0          0          0          0          0          0          0          0          0          0          0
  gomory           :       0.00       0.00          0          0          0          0          0          0          0          0          0          0          0
  > gomorymi       :          -          -          -          -          -          -          -          0          0          0          0          0          -
  > strongcg       :          -          -          -          -          -          -          -          0          0          0          0          0          -
  impliedbounds    :       0.17       0.00       3909        250          0          0          0          0          0          0          0          0          0
  interlattice     :       0.81       0.00        160        160          0          0        160          0        160        160          0        160          0
  interminor       :       0.00       0.00          0          0          0          0          0          0          0          0          0          0          0
  intersub         :       0.75       0.00         40         40          0          0         40          0         40         40          0         40          0
  intobj           :       0.00       0.00          0          0          0          0          0          0          0          0          0          0          0
  mcf              :       0.00       0.00          1          1          0          0          0          0          0          0          0          0          0
  minor            :       0.01       0.00          0          0          0          0          0          0          0          0          0          0          0
  mixing           :       0.00       0.00       3909        250          0          0          0          0          0          0          0          0          0
  oddcycle         :       0.00       0.00          0          0          0          0          0          0          0          0          0          0          0
  rapidlearning    :       0.00       0.00          0          0          0          0          0          0          0          0          0          0          0
  rlt              :       0.00       0.00         10         10          0          0          0          0          0          0          0          0          0
  zerohalf         :      23.66       0.00       3503         20          0          0      32349     435983          0      90384      90384          0          0
Cutselectors       :   ExecTime  SetupTime      Calls  RootCalls   Selected     Forced   Filtered  RootSelec   RootForc   RootFilt 
  hybrid           :       0.39       0.00       7505        248      90801          0     345628        418          0         17
Pricers            :   ExecTime  SetupTime      Calls       Vars
  problem variables:       0.00          -          0          0
Branching Rules    :   ExecTime  SetupTime   BranchLP  BranchExt   BranchPS    Cutoffs    DomReds       Cuts      Conss   Children
  allfullstrong    :       0.00       0.00          0          0          0          0          0          0          0          0
  cloud            :       0.00       0.00          0          0          0          0          0          0          0          0
  distribution     :       0.00       0.00          0          0          0          0          0          0          0          0
  fullstrong       :       0.00       0.00          0          0          0          0          0          0          0          0
  inference        :       0.00       0.00          0          0          0          0          0          0          0          0
  leastinf         :       0.00       0.00          0          0          0          0          0          0          0          0
  lookahead        :       0.00       0.00          0          0          0          0          0          0          0          0
  mostinf          :       0.00       0.00          0          0          0          0          0          0          0          0
  multaggr         :       0.00       0.00          0          0          0          0          0          0          0          0
  nodereopt        :       0.00       0.00          0          0          0          0          0          0          0          0
  pscost           :       0.00       0.00          0          0          0          0          0          0          0          0
  random           :       0.00       0.00          0          0          0          0          0          0          0          0
  relpscost        :      56.24       0.00      71645          0          0          0       2880          0       1622     140666
  vanillafullstrong:       0.00       0.00          0          0          0          0          0          0          0          0
Primal Heuristics  :   ExecTime  SetupTime      Calls      Found       Best
  LP solutions     :       0.00          -          -          0          0
  relax solutions  :       0.00          -          -          0          0
  pseudo solutions :       0.00          -          -          0          0
  strong branching :       0.04          -          -          0          0
  actconsdiving    :       0.00       0.00          0          0          0
  adaptivediving   :       3.38       0.00         37          0          0
  alns             :       4.02       0.00         22          5          4
  bound            :       0.00       0.00          0          0          0
  clique           :       0.01       0.00          1          0          0
  coefdiving       :       0.00       0.00          0          0          0
  completesol      :       0.00       0.00          0          0          0
  conflictdiving   :      34.02       0.00        426          0          0
  crossover        :       0.13       0.00          1          1          1
  dins             :       0.00       0.00          0          0          0
  distributiondivin:      59.61       0.00        426          0          0
  dps              :       0.00       0.00          0          0          0
  dualval          :       0.00       0.00          0          0          0
  farkasdiving     :       0.01       0.00          0          0          0
  feaspump         :       0.41       0.00          1          1          1
  fixandinfer      :       0.00       0.00          0          0          0
  fracdiving       :      40.76       0.00        427          0          0
  gins             :       0.06       0.00          0          0          0
  guideddiving     :      35.60       0.00        426          2          2
  indicator        :       0.09       0.00          0          0          0
  indicatordiving  :       0.00       0.00          0          0          0
  intdiving        :       0.00       0.00          0          0          0
  intshifting      :       0.25       0.00         36          0          0
  linesearchdiving :      35.84       0.00        427          0          0
  localbranching   :       0.00       0.00          0          0          0
  locks            :       0.01       0.00          1          0          0
  lpface           :       0.06       0.00          0          0          0
  mpec             :      62.87       0.00         11          0          0
  multistart       :       0.00       0.00          0          0          0
  mutation         :       0.00       0.00          0          0          0
  nlpdiving        :       3.98       0.00          9          0          0
  objpscostdiving  :      88.36       0.00        126         17          3
  octane           :       0.00       0.00          0          0          0
  ofins            :       0.06       0.00          0          0          0
  oneopt           :       0.10       0.00         21          0          0
  padm             :       0.00       0.00          0          0          0
  proximity        :       0.00       0.00          0          0          0
  pscostdiving     :      42.92       0.00        427          1          1
  randrounding     :       1.11       0.00       1878          0          0
  rens             :       0.00       0.00          0          0          0
  reoptsols        :       0.00       0.00          0          0          0
  repair           :       0.00       0.00          0          0          0
  rins             :       2.17       0.00          5          2          2
  rootsoldiving    :      40.65       0.00         45          1          0
  rounding         :       1.10       0.00       3893          0          0
  shiftandpropagate:       0.00       0.00          0          0          0
  shifting         :      38.83       0.00      10209          8          6
  simplerounding   :       0.15       0.00          0          0          0
  subnlp           :     115.86       0.00          0          0          0
  trivial          :       0.01       0.00          2          2          2
  trivialnegation  :       0.00       0.00          0          0          0
  trustregion      :       0.00       0.00          0          0          0
  trysol           :       0.25       0.00          0          0          0
  twoopt           :       0.00       0.00          0          0          0
  undercover       :       0.26       0.00          1          0          0
  vbounds          :       0.00       0.00          0          0          0
  veclendiving     :      36.34       0.00        427          0          0
  zeroobj          :       0.00       0.00          0          0          0
  zirounding       :       0.36       0.00       1000          0          0
  other solutions  :          -          -          -          0          -
Diving (single)    :      Calls      Nodes   LP Iters Backtracks  Conflicts   MinDepth   MaxDepth   AvgDepth  RoundSols  NLeafSols  MinSolDpt  MaxSolDpt  AvgSolDpt
  actconsdiving    :          0          -          -          -          -          -          -          -          -          -          -          -          -
  coefdiving       :          0          -          -          -          -          -          -          -          -          -          -          -          -
  conflictdiving   :        426      13589     340152        473      12331         38         67       48.5          0          -          -          -          -
  distributiondivin:        426      10408     450450        485       5431         34         51       40.6          0          -          -          -          -
  farkasdiving     :          0          -          -          -          -          -          -          -          -          -          -          -          -
  fracdiving       :        427      36118     393117        464       6223         45        293      100.9          0          -          -          -          -
  guideddiving     :        426      31731     352158        284       4892         42        230       91.5          0          2         84        100       92.0
  indicatordiving  :          0          -          -          -          -          -          -          -          -          -          -          -          -
  linesearchdiving :        427      12323     366607        479      12561         33         69       45.1          0          -          -          -          -
  pscostdiving     :        427      12975     433449        452       9741         36         60       46.7          0          1         56         56       56.0
  veclendiving     :        427      12412     364585        434      15144         37         60       45.7          0          -          -          -          -
Diving (adaptive)  :      Calls      Nodes   LP Iters Backtracks  Conflicts   MinDepth   MaxDepth   AvgDepth  RoundSols  NLeafSols  MinSolDpt  MaxSolDpt  AvgSolDpt
  actconsdiving    :          9        256       9516          7        100         39         46       42.6          0          -          -          -          -
  coefdiving       :         14        428      12206         15        452         36         56       46.3          0          -          -          -          -
  conflictdiving   :          0          -          -          -          -          -          -          -          -          -          -          -          -
  distributiondivin:          0          -          -          -          -          -          -          -          -          -          -          -          -
  farkasdiving     :          0          -          -          -          -          -          -          -          -          -          -          -          -
  fracdiving       :          4        293       2920          3         28         57        157       91.5          0          -          -          -          -
  guideddiving     :          4        283       4000          3         88         60        118       87.2          0          -          -          -          -
  indicatordiving  :          0          -          -          -          -          -          -          -          -          -          -          -          -
  linesearchdiving :          2         64       1417          2         71         42         54       48.0          0          -          -          -          -
  pscostdiving     :          0          -          -          -          -          -          -          -          -          -          -          -          -
  veclendiving     :          4        118       3551          4        152         41         55       45.5          0          -          -          -          -
Neighborhoods      :      Calls  SetupTime  SolveTime SolveNodes       Sols       Best       Exp3  EpsGreedy        UCB TgtFixRate  Opt  Inf Node Stal  Sol  Usr Othr Actv
  rens             :          1       0.00       0.00          0          0          0    0.00000   -1.00000    0.07083      0.900    0    0    0    0    0    0    1    1
  rins             :          2       0.08       0.06         85          0          0    0.00000   -1.00000    0.44726      0.850    0    1    0    1    0    0    0    1
  mutation         :          2       0.12       0.03          3          0          0    0.00000   -1.00000    0.54661      0.550    0    2    0    0    0    0    0    1
  localbranching   :          2       0.13       0.07         76          0          0    0.00000   -1.00000    0.46923      0.850    0    1    0    1    0    0    0    1
  crossover        :          3       0.23       0.46        221          1          1    0.00000   -1.00000    0.48518      0.662    1    1    0    1    0    0    0    1
  proximity        :          8       0.65       1.65        584          4          3    0.00000   -1.00000    0.52801      0.785    2    1    0    5    0    0    0    1
  zeroobjective    :          2       0.11       0.06         30          0          0    0.00000   -1.00000    0.51851      0.550    0    2    0    0    0    0    0    1
  dins             :          2       0.12       0.09         73          0          0    0.00000   -1.00000    0.46777      0.850    0    1    0    1    0    0    0    1
  trustregion      :          0       0.00       0.00          0          0          0    0.00000   -1.00000    1.00000      0.900    0    0    0    0    0    0    0    0
Expressions        :   #IntEval  IntEvalTi   #RevProp  RevPropTi    DomReds    Cutoffs  #Estimate  EstimTime  Branching  #Simplify SimplifyTi Simplified
  pow              :          0       0.00          0       0.00          0          0          0       0.00          0          0       0.00          0
  prod             :       6320       0.00          0       0.00          0          0          0       0.00          0       4690       0.00          0
  sum              :          8       0.00          2       0.00          0          0          0       0.00          0          3       0.01          2
  var              :       5485       0.00          0       0.00          0          0          0       0.00          0      11154       0.00          0
  varidx           :          0       0.00          0       0.00          0          0          0       0.00          0          0       0.00          0
LP                 :       Time      Calls Iterations  Iter/call   Iter/sec  Time-0-It Calls-0-It    ItLimit
  primal LP        :     108.46       9058          0       0.00       0.00     108.38       9058
  dual LP          :    2322.24     144145   11546093      88.92    4971.96       6.84      14291
  lex dual LP      :       0.00          0          0       0.00          -
  barrier LP       :       0.00          0          0       0.00          -       0.00          0
  resolve instable :       0.00          0          0       0.00          -
  diving/probing LP:     364.95      16119    3467578     215.12    9501.52
  strong branching :      29.37       2378     235247      98.93    8009.77          -          -         18
    (at root node) :          -         19      11037     580.89          -
  conflict analysis:       4.67       2712      26621       9.82    5700.43
NLP relaxation     :
  solve time       :       3.97 (9 calls)
  convexity        :  nonconvex (4 linear rows, 0 convex ineq., 0 nonconvex ineq., 1530 nonlinear eq. or two-sided ineq.)
NLP Solvers        :  #Problems  ProblemTi    #Solves  SolveTime      #Iter  Time/Iter      #Okay #TimeLimit #IterLimit #LObjLimit #Interrupt  #NumError #EvalError  #OutOfMem #LicenseEr #OtherTerm   #GlobOpt    #LocOpt  #Feasible #LocInfeas #GlobInfea #Unbounded   #Unknown
  ipopt            :         12       4.71         39      67.72       2208       0.03         39          0          0          0          0          0          0          0          0          0          0          0          0         30          0          0          9
B&B Tree           :
  number of runs   :          1
  nodes            :     121053 (70333 internal, 50720 leaves)
  feasible leaves  :          0
  infeas. leaves   :         12
  objective leaves :      50707
  nodes (total)    :     121053 (70333 internal, 50720 leaves)
  nodes left       :      19604
  max depth        :         54
  max depth (total):         54
  backtracks       :      26386 (21.8%)
  early backtracks :          0 (0.0%)
  nodes exc. ref.  :          0 (0.0%)
  delayed cutoffs  :          0
  repropagations   :         17 (5 domain reductions, 0 cutoffs)
  avg switch length:       4.26
  switching time   :     133.83
Estim. Tree Size   :     242126
Estimation Tree    : 140667 nodes (121063 visited, 70333 internal, 50730 leaves, 19604 open), weight: 0.0000 completed 0.0895
Estimations        :      estim      value      trend resolution     smooth
  wbe              : 17517761284          -          -          -          -
  tree-profile     :         -1          -          -          -          -
  gap              :    1511329    0.78328    0.00002         64    1509727
  tree-weight      :     242126    0.00001    0.00000         64     241835
  leaf-frequency   :     242126    0.41903   -0.00000         64     262532
  ssg              :    4168972    0.85873   -0.00003         64    4113433
  open-nodes       :     242126 19604.00000   14.08069         64     241835
Root Node          :
  First LP value   : -1.00000000000000e+00
  First LP Iters   :       1038 (14828.57 Iter/sec)
  First LP Time    :       0.07
  Final Dual Bound : -8.99566889784222e-01
  Final Root Iters :       8637
  Root LP Estimate : -4.90233766988235e-01
Solution           :
  Solutions found  :         40 (22 improvements)
  First Solution   : +1.00000000000000e+05   (in run 1, after 0 nodes, 0.02 seconds, depth 0, found by <trivial>)
  Gap First Sol.   :   infinite
  Gap Last Sol.    :      31.48 %
  Primal Bound     : -5.79113924050632e-01   (in run 1, after 55335 nodes, 1550.67 seconds, depth 20, found by <alns>)
  Dual Bound       : -7.39345991561182e-01
  Gap              :      27.67 %
Integrals          :      Total       Avg%
  primal-dual      :   89524.69      24.87
  primal-ref       :          -          - (not evaluated)
  dual-ref         :          -          - (not evaluated)
