SCIP Status        : solving was interrupted [time limit reached]
Total Time         :    3600.00
  solving          :    3600.00
  presolving       :       0.46 (included in solving)
  reading          :       0.00
  copying          :       1.92 (46 #copies) (minimal 0.00, maximal 0.14, average 0.04)
Original Problem   :
  Problem name     : bbbenchmark/pw05_100.8.cut
  Variables        : 101 (100 binary, 0 integer, 0 implicit integer, 1 continuous)
  Constraints      : 1 initial, 1 maximal
  Objective        : minimize, 1 non-zeros (abs.min = 1, abs.max = 1)
Presolved Problem  :
  Problem name     : t_bbbenchmark/pw05_100.8.cut
  Variables        : 1858 (100 binary, 0 integer, 1743 implicit integer, 15 continuous)
  Constraints      : 1786 initial, 9906 maximal
  Objective        : minimize, 1 non-zeros (abs.min = 1, abs.max = 1)
  Nonzeros         : 8621 constraint, 202 clique table
Presolvers         :   ExecTime  SetupTime  Calls  FixedVars   AggrVars   ChgTypes  ChgBounds   AddHoles    DelCons    AddCons   ChgSides   ChgCoefs
  boundshift       :       0.00       0.00      0          0          0          0          0          0          0          0          0          0
  convertinttobin  :       0.00       0.00      0          0          0          0          0          0          0          0          0          0
  domcol           :       0.00       0.00      1          0          0          0          0          0          0          0          0          0
  dualagg          :       0.00       0.00      0          0          0          0          0          0          0          0          0          0
  dualcomp         :       0.00       0.00      1          0          0          0          0          0          0          0          0          0
  dualinfer        :       0.00       0.00      0          0          0          0          0          0          0          0          0          0
  dualsparsify     :       0.00       0.00      1          0          0          0          0          0          0          0          0          0
  gateextraction   :       0.00       0.00      0          0          0          0          0          0          0          0          0          0
  implics          :       0.00       0.00      2          0          0          0          0          0          0          0          0          0
  inttobinary      :       0.00       0.00      0          0          0          0          0          0          0          0          0          0
  qpkktref         :       0.00       0.00      0          0          0          0          0          0          0          0          0          0
  redvub           :       0.00       0.00      0          0          0          0          0          0          0          0          0          0
  sparsify         :       0.00       0.00      1          0          0          0          0          0          0          0          0          0
  stuffing         :       0.00       0.00      0          0          0          0          0          0          0          0          0          0
  trivial          :       0.00       0.00      4          0          0          0          0          0          0          0          0          0
  tworowbnd        :       0.00       0.00      0          0          0          0          0          0          0          0          0          0
  dualfix          :       0.00       0.00      4          0          0          0          0          0          0          0          0          0
  genvbounds       :       0.00       0.00      0          0          0          0          0          0          0          0          0          0
  probing          :       0.31       0.00      1          0          0          0          0          0          0          0          0          0
  pseudoobj        :       0.00       0.00      1          0          0          0          1          0          0          0          0          0
  symmetry         :       0.00       0.00      0          0          0          0          0          0          0          0          0          0
  vbounds          :       0.00       0.00      1          0          0          0          0          0          0          0          0          0
  varbound         :       0.00       0.00      2          0          0          0          0          0          0          0          0          0
  and              :       0.01       0.00      2          0          0          0          0          0          0          0          0          0
  linear           :       0.00       0.01      2          0          0          0          0          0          0          0          0          0
  logicor          :       0.00       0.00      0          0          0          0          0          0          0          0          0          0
  bounddisjunction :       0.00       0.00      0          0          0          0          0          0          0          0          0          0
  nonlinear        :       0.12       0.01      5          0          0          0          1          0          0       1785          0          0
  benders          :       0.00       0.00      0          0          0          0          0          0          0          0          0          0
  components       :       0.00       0.00      1          0          0          0          0          0          0          0          0          0
  root node        :          -          -      -          0          -          -         15          -          -          -          -          -
Constraints        :     Number  MaxNumber  #Separate #Propagate    #EnfoLP    #EnfoRelax  #EnfoPS    #Check   #ResProp    Cutoffs    DomReds       Cuts    Applied      Conss   Children
  benderslp        :          0          0          0          0      52753          0          0       4765          0          0          0          0          0          0          0
  integral         :          0          0          0          0      52753          0          0       4765          0          0        857          0          0        422     104958
  varbound         :         14         14         67     436008          0          0          0         70          0          0      34872          0          0          0          0
  and              :       1743       1743      65732     475559          2          0          0         70     387162          2     563848       4421       4161          0          0
  linear           :         29+        34         67     475593          2          0          0         68        268          2     172603          0          0          0          0
  logicor          :          0+      7954          0      80201          0          0          0          0        128        181         75          0          0          0          0
  bounddisjunction :          0+       194          0      28267          0          0          0          0          0          2          2          0          0          0          0
  benders          :          0          0          0          0          2          0          0         64          0          0          0          0          0          0          0
  countsols        :          0          0          0          0          2          0          0         64          0          0          0          0          0          0          0
  components       :          0          0          0          0          0          0          0          0          0          0          0          0          0          0          0
Constraint Timings :  TotalTime  SetupTime   Separate  Propagate     EnfoLP     EnfoPS     EnfoRelax   Check    ResProp    SB-Prop
  benderslp        :       0.06       0.00       0.00       0.00       0.06       0.00       0.00       0.00       0.00       0.00
  integral         :      52.49       0.00       0.00       0.00      52.48       0.00       0.00       0.01       0.00       0.00
  varbound         :       0.70       0.00       0.00       0.69       0.00       0.00       0.00       0.00       0.00       0.01
  and              :      67.32       0.00      43.05      23.29       0.00       0.00       0.00       0.03       0.34       0.61
  linear           :       3.41       0.01       0.06       3.23       0.00       0.00       0.00       0.02       0.01       0.08
  logicor          :       7.40       0.00       0.00       7.32       0.00       0.00       0.00       0.00       0.01       0.07
  bounddisjunction :       0.47       0.00       0.00       0.47       0.00       0.00       0.00       0.00       0.00       0.00
  benders          :       0.00       0.00       0.00       0.00       0.00       0.00       0.00       0.00       0.00       0.00
  countsols        :       0.00       0.00       0.00       0.00       0.00       0.00       0.00       0.00       0.00       0.00
  components       :       0.16       0.00       0.00       0.16       0.00       0.00       0.00       0.00       0.00       0.00
Propagators        : #Propagate   #ResProp    Cutoffs    DomReds
  dualfix          :          4          0          0          0
  genvbounds       :          0          0          0          0
  nlobbt           :          0          0          0          0
  obbt             :          0          0          0          0
  probing          :          0          0          0          0
  pseudoobj        :     234680          2          0       2246
  redcost          :     125733          0          0      44990
  rootredcost      :         14          0          0          0
  symmetry         :          0          0          0          0
  vbounds          :      67882          0          0          0
Propagator Timings :  TotalTime  SetupTime   Presolve  Propagate    ResProp    SB-Prop
  dualfix          :       0.00       0.00       0.00       0.00       0.00       0.00
  genvbounds       :       0.22       0.00       0.00       0.22       0.00       0.00
  nlobbt           :       0.00       0.00       0.00       0.00       0.00       0.00
  obbt             :       0.00       0.00       0.00       0.00       0.00       0.00
  probing          :       0.31       0.00       0.31       0.00       0.00       0.00
  pseudoobj        :       0.56       0.00       0.00       0.56       0.00       0.00
  redcost          :       9.09       0.00       0.00       9.08       0.00       0.01
  rootredcost      :       0.37       0.00       0.00       0.37       0.00       0.00
  symmetry         :       0.22       0.00       0.00       0.22       0.00       0.00
  vbounds          :       0.38       0.00       0.00       0.38       0.00       0.00
Conflict Analysis  :       Time      Calls    Success    DomReds  Conflicts   Literals    Reconvs ReconvLits   Dualrays   Nonzeros   LP Iters   (pool size: [10000,10000])
  propagation      :       0.00        185        127          -        145       60.6          0        0.0          -          -          -
  infeasible LP    :       0.02         13         13          -        521      145.8          0        0.0         26      151.9          0
  bound exceed. LP :      18.53       4111       3973          -     107689      110.8          1       48.0          0        0.0      44563
  strong branching :       0.00          0          0          -          0        0.0          0        0.0          -          -          0
  pseudo solution  :       0.00          0          0          -          0        0.0          0        0.0          -          -          -
  applied globally :       0.66          -          -          0      23112      125.8          -          -         26          -          -
  applied locally  :          -          -          -          0          0        0.0          -          -          0          -          -
Separators         :   ExecTime  SetupTime      Calls  RootCalls    Cutoffs    DomReds  FoundCuts ViaPoolAdd  DirectAdd    Applied ViaPoolApp  DirectApp      Conss
  cut pool         :       7.16          -      20221         94          -          -      39793    1752326          -          -          -          -          -    (maximal pool size:       3593)
  aggregation      :     188.27       0.00       6793         67          0          0        260        439          0        139        139          0          0
  > cmir           :          -          -          -          -          -          -          -        438          0        138        138          0          -
  > flowcover      :          -          -          -          -          -          -          -          1          0          1          1          0          -
  > knapsackcover  :          -          -          -          -          -          -          -          0          0          0          0          0          -
  cgmip            :       0.00       0.00          0          0          0          0          0          0          0          0          0          0          0
  clique           :       0.00       0.00         67         67          0          0          0          0          0          0          0          0          0
  closecuts        :       0.00       0.00          0          0          0          0          0          0          0          0          0          0          0
  convexproj       :       0.00       0.00          0          0          0          0          0          0          0          0          0          0          0
  disjunctive      :       0.00       0.00          0          0          0          0          0          0          0          0          0          0          0
  eccuts           :       0.00       0.00          0          0          0          0          0          0          0          0          0          0          0
  gauge            :       0.00       0.00          0          0          0          0          0          0          0          0          0          0          0
  gomory           :       0.00       0.00          0          0          0          0          0          0          0          0          0          0          0
  > gomorymi       :          -          -          -          -          -          -          -          0          0          0          0          0          -
  > strongcg       :          -          -          -          -          -          -          -          0          0          0          0          0          -
  impliedbounds    :       0.50       0.00       6793         67          0          0         18          5          0          4          4          0          0
  interlattice     :       0.33       0.00         41         41          0          0         41          0         41         40          0         40          0
  interminor       :       0.00       0.00          0          0          0          0          0          0          0          0          0          0          0
  intersub         :       0.16       0.00          3          3          0          0          3          0          3          3          0          3          0
  intobj           :       0.00       0.00          0          0          0          0          0          0          0          0          0          0          0
  mcf              :       0.00       0.00          1          1          0          0          0          0          0          0          0          0          0
  minor            :       0.00       0.00          0          0          0          0          0          0          0          0          0          0          0
  mixing           :       0.02       0.00       6793         67          0          0          0          0          0          0          0          0          0
  oddcycle         :       0.00       0.00          0          0          0          0          0          0          0          0          0          0          0
  rapidlearning    :       0.00       0.00          0          0          0          0          0          0          0          0          0          0          0
  rlt              :       0.00       0.00         10         10          0          0          0          0          0          0          0          0          0
  zerohalf         :      67.44       0.00       6111         20          0          0      39515    1751882          0     147196     147196          0          0
Cutselectors       :   ExecTime  SetupTime      Calls  RootCalls   Selected     Forced   Filtered  RootSelec   RootForc   RootFilt 
  hybrid           :       2.25       0.00      13040         68     151543          0    1605248        241          0          2
Pricers            :   ExecTime  SetupTime      Calls       Vars
  problem variables:       0.00          -          0          0
Branching Rules    :   ExecTime  SetupTime   BranchLP  BranchExt   BranchPS    Cutoffs    DomReds       Cuts      Conss   Children
  allfullstrong    :       0.00       0.00          0          0          0          0          0          0          0          0
  cloud            :       0.00       0.00          0          0          0          0          0          0          0          0
  distribution     :       0.00       0.00          0          0          0          0          0          0          0          0
  fullstrong       :       0.00       0.00          0          0          0          0          0          0          0          0
  inference        :       0.00       0.00          0          0          0          0          0          0          0          0
  leastinf         :       0.00       0.00          0          0          0          0          0          0          0          0
  lookahead        :       0.00       0.00          0          0          0          0          0          0          0          0
  mostinf          :       0.00       0.00          0          0          0          0          0          0          0          0
  multaggr         :       0.00       0.00          0          0          0          0          0          0          0          0
  nodereopt        :       0.00       0.00          0          0          0          0          0          0          0          0
  pscost           :       0.00       0.00          0          0          0          0          0          0          0          0
  random           :       0.00       0.00          0          0          0          0          0          0          0          0
  relpscost        :      52.31       0.00      52751          0          0          0        857          0        422     104958
  vanillafullstrong:       0.00       0.00          0          0          0          0          0          0          0          0
Primal Heuristics  :   ExecTime  SetupTime      Calls      Found       Best
  LP solutions     :       0.02          -          -          2          2
  relax solutions  :       0.00          -          -          0          0
  pseudo solutions :       0.00          -          -          0          0
  strong branching :       0.04          -          -          0          0
  actconsdiving    :       0.00       0.00          0          0          0
  adaptivediving   :       4.38       0.00         26          0          0
  alns             :       4.51       0.00         24         11         11
  bound            :       0.00       0.00          0          0          0
  clique           :       0.01       0.00          1          0          0
  coefdiving       :       0.00       0.00          0          0          0
  completesol      :       0.00       0.00          0          0          0
  conflictdiving   :      57.62       0.00        379          0          0
  crossover        :       0.71       0.00          6          1          1
  dins             :       0.00       0.00          0          0          0
  distributiondivin:      68.67       0.00        270          0          0
  dps              :       0.00       0.00          0          0          0
  dualval          :       0.00       0.00          0          0          0
  farkasdiving     :       0.00       0.00          0          0          0
  feaspump         :       0.16       0.00          1          1          1
  fixandinfer      :       0.00       0.00          0          0          0
  fracdiving       :      60.19       0.00        335          0          0
  gins             :       0.11       0.00          0          0          0
  guideddiving     :      57.53       0.00        373          0          0
  indicator        :       0.06       0.00          0          0          0
  indicatordiving  :       0.00       0.00          0          0          0
  intdiving        :       0.00       0.00          0          0          0
  intshifting      :       0.37       0.00         39          0          0
  linesearchdiving :      52.59       0.00        356          0          0
  localbranching   :       0.00       0.00          0          0          0
  locks            :       0.01       0.00          1          0          0
  lpface           :       0.09       0.00          0          0          0
  mpec             :     542.25       0.00         11          5          5
  multistart       :       0.00       0.00          0          0          0
  mutation         :       0.00       0.00          0          0          0
  nlpdiving        :      51.16       0.00          6          3          0
  objpscostdiving  :      76.27       0.00         67         23          0
  octane           :       0.00       0.00          0          0          0
  ofins            :       0.07       0.00          0          0          0
  oneopt           :       0.06       0.00         19          0          0
  padm             :       0.00       0.00          0          0          0
  proximity        :       0.00       0.00          0          0          0
  pscostdiving     :      57.20       0.00        294          1          1
  randrounding     :       0.60       0.00       4697          0          0
  rens             :       0.00       0.00          0          0          0
  reoptsols        :       0.00       0.00          0          0          0
  repair           :       0.00       0.00          0          0          0
  rins             :       1.68       0.00         16          0          0
  rootsoldiving    :      60.95       0.00         46          8          0
  rounding         :       0.98       0.00       3501          0          0
  shiftandpropagate:       0.00       0.00          0          0          0
  shifting         :      41.30       0.00       8122          5          3
  simplerounding   :       0.06       0.00          0          0          0
  subnlp           :     106.22       0.00          0          0          0
  trivial          :       0.02       0.00          2          2          2
  trivialnegation  :       0.00       0.00          0          0          0
  trustregion      :       0.00       0.00          0          0          0
  trysol           :       0.16       0.00          0          0          0
  twoopt           :       0.00       0.00          0          0          0
  undercover       :       1.61       0.00          1          1          1
  vbounds          :       0.00       0.00          0          0          0
  veclendiving     :      50.96       0.00        378          0          0
  zeroobj          :       0.00       0.00          0          0          0
  zirounding       :       0.34       0.00       1000          0          0
  other solutions  :          -          -          -          0          -
Diving (single)    :      Calls      Nodes   LP Iters Backtracks  Conflicts   MinDepth   MaxDepth   AvgDepth  RoundSols  NLeafSols  MinSolDpt  MaxSolDpt  AvgSolDpt
  actconsdiving    :          0          -          -          -          -          -          -          -          -          -          -          -          -
  coefdiving       :          0          -          -          -          -          -          -          -          -          -          -          -          -
  conflictdiving   :        379      16439     474397        400      28023         54         77       61.1          0          -          -          -          -
  distributiondivin:        270      10016     448178        304       8096         46         68       54.8          0          -          -          -          -
  farkasdiving     :          0          -          -          -          -          -          -          -          -          -          -          -          -
  fracdiving       :        335      56573     446785        131       2047         59        598      187.9          0          -          -          -          -
  guideddiving     :        373      46386     443624         60       1932         55        280      144.4          0          -          -          -          -
  indicatordiving  :          0          -          -          -          -          -          -          -          -          -          -          -          -
  linesearchdiving :        356      15756     444520        367      21949         49         90       63.4          0          -          -          -          -
  pscostdiving     :        294      13133     461745        306      12898         55         81       62.8          0          1         81         81       81.0
  veclendiving     :        378      15876     401743        367      27053         53         87       61.4          0          -          -          -          -
Diving (adaptive)  :      Calls      Nodes   LP Iters Backtracks  Conflicts   MinDepth   MaxDepth   AvgDepth  RoundSols  NLeafSols  MinSolDpt  MaxSolDpt  AvgSolDpt
  actconsdiving    :          4        164       6236          4         67         52         59       55.8          0          -          -          -          -
  coefdiving       :          6        275       7954          8        557         57         74       61.7          0          -          -          -          -
  conflictdiving   :          0          -          -          -          -          -          -          -          -          -          -          -          -
  distributiondivin:          0          -          -          -          -          -          -          -          -          -          -          -          -
  farkasdiving     :          0          -          -          -          -          -          -          -          -          -          -          -          -
  fracdiving       :          4        630       5397          1         27        106        332      175.8          0          -          -          -          -
  guideddiving     :          2        229       2114          0          0         95        173      134.0          0          -          -          -          -
  indicatordiving  :          0          -          -          -          -          -          -          -          -          -          -          -          -
  linesearchdiving :          4        177       5243          4        253         56         73       61.8          0          -          -          -          -
  pscostdiving     :          3        130       4551          3        137         55         69       62.3          0          -          -          -          -
  veclendiving     :          3        131       3509          3        228         57         67       61.7          0          -          -          -          -
Neighborhoods      :      Calls  SetupTime  SolveTime SolveNodes       Sols       Best       Exp3  EpsGreedy        UCB TgtFixRate  Opt  Inf Node Stal  Sol  Usr Othr Actv
  rens             :          3       0.21       0.32         70          0          0    0.00000   -1.00000    0.45858      0.662    0    2    0    1    0    0    0    1
  rins             :          2       0.12       0.08         62          0          0    0.00000   -1.00000    0.47023      0.550    0    2    0    0    0    0    0    1
  mutation         :          2       0.06       0.20        230          2          2    0.00000   -1.00000    0.50127      0.550    1    1    0    0    0    0    0    1
  localbranching   :         10       1.00       1.16       1183          7          7    0.00000   -1.00000    0.50708      0.822    0    2    0    6    2    0    0    1
  crossover        :          2       0.13       0.39        545          2          2    0.00000   -1.00000    0.49853      0.550    1    1    0    0    0    0    0    1
  proximity        :          2       0.14       0.25         74          0          0    0.00000   -1.00000    0.46087      0.850    0    1    0    1    0    0    0    1
  zeroobjective    :          2       0.13       0.05         72          0          0    0.00000   -1.00000    0.46925      0.850    0    1    0    1    0    0    0    1
  dins             :          1       0.00       0.00          0          0          0    0.00000   -1.00000    0.07176      0.900    0    0    0    0    0    0    1    1
  trustregion      :          0       0.00       0.00          0          0          0    0.00000   -1.00000    1.00000      0.900    0    0    0    0    0    0    0    0
Expressions        :   #IntEval  IntEvalTi   #RevProp  RevPropTi    DomReds    Cutoffs  #Estimate  EstimTime  Branching  #Simplify SimplifyTi Simplified
  pow              :          0       0.00          0       0.00          0          0          0       0.00          0          0       0.00          0
  prod             :       9900       0.02          0       0.00          0          0          0       0.00          0       6693       0.00          0
  sum              :          8       0.00          2       0.00          0          0          0       0.00          0          3       0.01          2
  var              :       6383       0.00          0       0.00          0          0          0       0.00          0      15446       0.00          0
  varidx           :          0       0.00          0       0.00          0          0          0       0.00          0          0       0.00          0
LP                 :       Time      Calls Iterations  Iter/call   Iter/sec  Time-0-It Calls-0-It    ItLimit
  primal LP        :      99.48       8768          0       0.00       0.00      99.44       8768
  dual LP          :    1687.61     103921    8622061      89.15    5109.04       3.66       7206
  lex dual LP      :       0.00          0          0       0.00          -
  barrier LP       :       0.00          0          0       0.00          -       0.00          0
  resolve instable :       0.00          0          0       0.00          -
  diving/probing LP:     470.41      13801    3825110     277.16    8131.44
  strong branching :      28.99       1871     228103     121.92    7868.33          -          -        290
    (at root node) :          -         20       4287     214.35          -
  conflict analysis:       7.78       4523      44563       9.85    5727.89
NLP relaxation     :
  solve time       :      48.68 (23 calls)
  convexity        :  nonconvex (43 linear rows, 0 convex ineq., 0 nonconvex ineq., 1743 nonlinear eq. or two-sided ineq.)
NLP Solvers        :  #Problems  ProblemTi    #Solves  SolveTime      #Iter  Time/Iter      #Okay #TimeLimit #IterLimit #LObjLimit #Interrupt  #NumError #EvalError  #OutOfMem #LicenseEr #OtherTerm   #GlobOpt    #LocOpt  #Feasible #LocInfeas #GlobInfea #Unbounded   #Unknown
  ipopt            :         12       4.99         51     598.39       1914       0.31         44          0          7          0          0          0          0          0          0          0          0         32          7         10          0          0          2
B&B Tree           :
  number of runs   :          1
  nodes            :      83435 (52479 internal, 30956 leaves)
  feasible leaves  :          2
  infeas. leaves   :         14
  objective leaves :      30940
  nodes (total)    :      83435 (52479 internal, 30956 leaves)
  nodes left       :      21291
  max depth        :         61
  max depth (total):         61
  backtracks       :      20079 (24.1%)
  early backtracks :          0 (0.0%)
  nodes exc. ref.  :          0 (0.0%)
  delayed cutoffs  :          3
  repropagations   :         59 (260 domain reductions, 0 cutoffs)
  avg switch length:       6.21
  switching time   :     124.25
Estim. Tree Size   :     167336
Estimation Tree    : 104959 nodes (83668 visited, 52479 internal, 31189 leaves, 21291 open), weight: 0.0000 completed 0.1222
Estimations        :      estim      value      trend resolution     smooth
  wbe              : 110492896513522          -          -          -          -
  tree-profile     :         -1          -          -          -          -
  gap              :    1289620    0.69607    0.00002         32    1316514
  tree-weight      :     167336    0.00000    0.00000         32     165073
  leaf-frequency   :     167336    0.37276   -0.00024         32     493640
  ssg              :     663643    0.80697   -0.00009         32     958167
  open-nodes       :     167336 21291.00000   70.37688         32     165073
Root Node          :
  First LP value   : -5.55030303030304e+00
  First LP Iters   :       1682 (9894.12 Iter/sec)
  First LP Time    :       0.17
  Final Dual Bound : -5.27272360647080e+00
  Final Root Iters :       3128
  Root LP Estimate : -1.68704062079758e+00
Solution           :
  Solutions found  :         63 (27 improvements)
  First Solution   : +1.00000000000000e+05   (in run 1, after 0 nodes, 0.05 seconds, depth 0, found by <trivial>)
  Gap First Sol.   :   infinite
  Gap Last Sol.    :      45.31 %
  Primal Bound     : -3.20161616161615e+00   (in run 1, after 54670 nodes, 1910.83 seconds, depth 40, found by <alns>)
  Dual Bound       : -4.59952764279838e+00
  Gap              :      43.66 %
Integrals          :      Total       Avg%
  primal-dual      :  121606.79      33.78
  primal-ref       :          -          - (not evaluated)
  dual-ref         :          -          - (not evaluated)
