SCIP Status        : solving was interrupted [time limit reached]
Total Time         :    3600.01
  solving          :    3600.00
  presolving       :       0.34 (included in solving)
  reading          :       0.01
  copying          :       1.07 (30 #copies) (minimal 0.00, maximal 0.06, average 0.04)
Original Problem   :
  Problem name     : bbbenchmark/g05_80.5.cut
  Variables        : 81 (80 binary, 0 integer, 0 implicit integer, 1 continuous)
  Constraints      : 1 initial, 1 maximal
  Objective        : minimize, 1 non-zeros (abs.min = 1, abs.max = 1)
Presolved Problem  :
  Problem name     : t_bbbenchmark/g05_80.5.cut
  Variables        : 1612 (80 binary, 0 integer, 1530 implicit integer, 2 continuous)
  Constraints      : 1534 initial, 6483 maximal
  Objective        : minimize, 1 non-zeros (abs.min = 1, abs.max = 1)
  Nonzeros         : 6307 constraint, 162 clique table
Presolvers         :   ExecTime  SetupTime  Calls  FixedVars   AggrVars   ChgTypes  ChgBounds   AddHoles    DelCons    AddCons   ChgSides   ChgCoefs
  boundshift       :       0.00       0.00      0          0          0          0          0          0          0          0          0          0
  convertinttobin  :       0.00       0.00      0          0          0          0          0          0          0          0          0          0
  domcol           :       0.00       0.00      1          0          0          0          0          0          0          0          0          0
  dualagg          :       0.00       0.00      0          0          0          0          0          0          0          0          0          0
  dualcomp         :       0.00       0.00      1          0          0          0          0          0          0          0          0          0
  dualinfer        :       0.00       0.00      0          0          0          0          0          0          0          0          0          0
  dualsparsify     :       0.00       0.00      1          0          0          0          0          0          0          0          0          0
  gateextraction   :       0.00       0.00      0          0          0          0          0          0          0          0          0          0
  implics          :       0.00       0.00      2          0          0          0          0          0          0          0          0          0
  inttobinary      :       0.00       0.00      0          0          0          0          0          0          0          0          0          0
  qpkktref         :       0.00       0.00      0          0          0          0          0          0          0          0          0          0
  redvub           :       0.00       0.00      0          0          0          0          0          0          0          0          0          0
  sparsify         :       0.00       0.00      1          0          0          0          0          0          0          0          0          0
  stuffing         :       0.00       0.00      0          0          0          0          0          0          0          0          0          0
  trivial          :       0.00       0.00      4          0          0          0          0          0          0          0          0          0
  tworowbnd        :       0.00       0.00      0          0          0          0          0          0          0          0          0          0
  dualfix          :       0.00       0.00      4          0          0          0          0          0          0          0          0          0
  genvbounds       :       0.00       0.00      0          0          0          0          0          0          0          0          0          0
  probing          :       0.21       0.00      1          0          0          0          0          0          0          0          0          0
  pseudoobj        :       0.00       0.00      1          0          0          0          1          0          0          0          0          0
  symmetry         :       0.00       0.00      0          0          0          0          0          0          0          0          0          0
  vbounds          :       0.00       0.00      1          0          0          0          0          0          0          0          0          0
  varbound         :       0.00       0.00      2          0          0          0          0          0          0          0          0          0
  and              :       0.00       0.01      2          0          0          0          0          0          0          0          0          0
  linear           :       0.01       0.00      2          0          0          0          0          0          0          0          0          0
  logicor          :       0.00       0.00      0          0          0          0          0          0          0          0          0          0
  bounddisjunction :       0.00       0.00      0          0          0          0          0          0          0          0          0          0
  nonlinear        :       0.11       0.00      5          0          0          0          1          0          0       1533          0          0
  benders          :       0.00       0.00      0          0          0          0          0          0          0          0          0          0
  components       :       0.00       0.00      1          0          0          0          0          0          0          0          0          0
  root node        :          -          -      -          0          -          -         27          -          -          -          -          -
Constraints        :     Number  MaxNumber  #Separate #Propagate    #EnfoLP    #EnfoRelax  #EnfoPS    #Check   #ResProp    Cutoffs    DomReds       Cuts    Applied      Conss   Children
  benderslp        :          0          0          0          0      59017          0          0       2917          0          0          0          0          0          0          0
  integral         :          0          0          0          0      59017          0          0       2917          0          0       3033          0          0       2145     114944
  varbound         :          1          1         74      37304          0          0          0         36          0          0       1859          0          0          0          0
  and              :       1530       1530      78098     403210          5          0          0         36     150065          6    1918685      19435      18794          0          0
  linear           :          3+         5         74     403206          5          0          0         34          4          1      12122          0          0          0          0
  logicor          :          0+      4949          0      97415          0          0          0          0        256        300         53          0          0          0          0
  bounddisjunction :          0+         5          0       2267          0          0          0          0          2          0          0          0          0          0          0
  benders          :          0          0          0          0          5          0          0         33          0          0          0          0          0          0          0
  countsols        :          0          0          0          0          5          0          0         33          0          0          0          0          0          0          0
  components       :          0          0          0          0          0          0          0          0          0          0          0          0          0          0          0
Constraint Timings :  TotalTime  SetupTime   Separate  Propagate     EnfoLP     EnfoPS     EnfoRelax   Check    ResProp    SB-Prop
  benderslp        :       0.04       0.00       0.00       0.00       0.04       0.00       0.00       0.00       0.00       0.00
  integral         :      55.08       0.00       0.00       0.00      55.08       0.00       0.00       0.00       0.00       0.00
  varbound         :       0.05       0.00       0.00       0.05       0.00       0.00       0.00       0.00       0.00       0.00
  and              :      56.95       0.01      37.58      18.74       0.00       0.00       0.00       0.02       0.17       0.43
  linear           :       0.58       0.00       0.01       0.51       0.00       0.00       0.00       0.00       0.00       0.06
  logicor          :       4.88       0.00       0.00       4.85       0.00       0.00       0.00       0.00       0.00       0.03
  bounddisjunction :       0.00       0.00       0.00       0.00       0.00       0.00       0.00       0.00       0.00       0.00
  benders          :       0.00       0.00       0.00       0.00       0.00       0.00       0.00       0.00       0.00       0.00
  countsols        :       0.00       0.00       0.00       0.00       0.00       0.00       0.00       0.00       0.00       0.00
  components       :       0.13       0.00       0.00       0.12       0.00       0.00       0.00       0.00       0.00       0.01
Propagators        : #Propagate   #ResProp    Cutoffs    DomReds
  dualfix          :          2          0          0          0
  genvbounds       :          0          0          0          0
  nlobbt           :          0          0          0          0
  obbt             :          0          0          0          0
  probing          :          0          0          0          0
  pseudoobj        :     272555          0          0         27
  redcost          :     151003          0          0      60575
  rootredcost      :         16          0          0          0
  symmetry         :          0          0          0          0
  vbounds          :      31351          0          0          0
Propagator Timings :  TotalTime  SetupTime   Presolve  Propagate    ResProp    SB-Prop
  dualfix          :       0.00       0.00       0.00       0.00       0.00       0.00
  genvbounds       :       0.27       0.00       0.00       0.27       0.00       0.00
  nlobbt           :       0.00       0.00       0.00       0.00       0.00       0.00
  obbt             :       0.00       0.00       0.00       0.00       0.00       0.00
  probing          :       0.21       0.00       0.21       0.00       0.00       0.00
  pseudoobj        :       0.49       0.00       0.00       0.49       0.00       0.00
  redcost          :       7.73       0.00       0.00       7.73       0.00       0.00
  rootredcost      :       0.37       0.00       0.00       0.37       0.00       0.00
  symmetry         :       0.19       0.00       0.00       0.18       0.00       0.01
  vbounds          :       0.43       0.00       0.00       0.40       0.00       0.03
Conflict Analysis  :       Time      Calls    Success    DomReds  Conflicts   Literals    Reconvs ReconvLits   Dualrays   Nonzeros   LP Iters   (pool size: [10000,10000])
  propagation      :       0.00        306        244          -        268       46.9          0        0.0          -          -          -
  infeasible LP    :       0.00          0          0          -          0        0.0          0        0.0          2       55.0          0
  bound exceed. LP :      11.19       6432       4474          -      52147       64.4          1       38.0          0        0.0      23523
  strong branching :       0.00          0          0          -          0        0.0          0        0.0          -          -          0
  pseudo solution  :       0.00          0          0          -          0        0.0          0        0.0          -          -          -
  applied globally :       0.23          -          -          0      15355       71.4          -          -          2          -          -
  applied locally  :          -          -          -          0          0        0.0          -          -          0          -          -
Separators         :   ExecTime  SetupTime      Calls  RootCalls    Cutoffs    DomReds  FoundCuts ViaPoolAdd  DirectAdd    Applied ViaPoolApp  DirectApp      Conss
  cut pool         :       3.57          -      18922         99          -          -      35965     654742          -          -          -          -          -    (maximal pool size:       2175)
  aggregation      :     243.38       0.00       4734         74          0          0        106        191          0         59         59          0          0
  > cmir           :          -          -          -          -          -          -          -        191          0         59         59          0          -
  > flowcover      :          -          -          -          -          -          -          -          0          0          0          0          0          -
  > knapsackcover  :          -          -          -          -          -          -          -          0          0          0          0          0          -
  cgmip            :       0.00       0.00          0          0          0          0          0          0          0          0          0          0          0
  clique           :       0.00       0.00         74         74          0          0          0          0          0          0          0          0          0
  closecuts        :       0.00       0.00          0          0          0          0          0          0          0          0          0          0          0
  convexproj       :       0.00       0.00          0          0          0          0          0          0          0          0          0          0          0
  disjunctive      :       0.00       0.00          0          0          0          0          0          0          0          0          0          0          0
  eccuts           :       0.00       0.00          0          0          0          0          0          0          0          0          0          0          0
  gauge            :       0.00       0.00          0          0          0          0          0          0          0          0          0          0          0
  gomory           :       0.00       0.00          0          0          0          0          0          0          0          0          0          0          0
  > gomorymi       :          -          -          -          -          -          -          -          0          0          0          0          0          -
  > strongcg       :          -          -          -          -          -          -          -          0          0          0          0          0          -
  impliedbounds    :       0.16       0.00       4734         74          0          0          0          0          0          0          0          0          0
  interlattice     :       0.00       0.00          0          0          0          0          0          0          0          0          0          0          0
  interminor       :       0.00       0.00          0          0          0          0          0          0          0          0          0          0          0
  intersub         :       0.53       0.00         40         40          0          0         40          0         40         40          0         40          0
  intobj           :       0.00       0.00          0          0          0          0          0          0          0          0          0          0          0
  mcf              :       0.00       0.00          1          1          0          0          0          0          0          0          0          0          0
  minor            :       0.00       0.00          0          0          0          0          0          0          0          0          0          0          0
  mixing           :       0.00       0.00       4738         74          0          0          0          0          0          0          0          0          0
  oddcycle         :       0.00       0.00          0          0          0          0          0          0          0          0          0          0          0
  rapidlearning    :       0.01       0.00          0          0          0          0          0          0          0          0          0          0          0
  rlt              :       0.00       0.00         10         10          0          0          0          0          0          0          0          0          0
  zerohalf         :      38.63       0.00       4338         20          0          0      35859     654551          0      94800      94800          0          0
Cutselectors       :   ExecTime  SetupTime      Calls  RootCalls   Selected     Forced   Filtered  RootSelec   RootForc   RootFilt 
  hybrid           :       0.65       0.00      22489         73     113693          0     560524        229          0          7
Pricers            :   ExecTime  SetupTime      Calls       Vars
  problem variables:       0.00          -          0          0
Branching Rules    :   ExecTime  SetupTime   BranchLP  BranchExt   BranchPS    Cutoffs    DomReds       Cuts      Conss   Children
  allfullstrong    :       0.00       0.00          0          0          0          0          0          0          0          0
  cloud            :       0.00       0.00          0          0          0          0          0          0          0          0
  distribution     :       0.00       0.00          0          0          0          0          0          0          0          0
  fullstrong       :       0.00       0.00          0          0          0          0          0          0          0          0
  inference        :       0.00       0.00          0          0          0          0          0          0          0          0
  leastinf         :       0.00       0.00          0          0          0          0          0          0          0          0
  lookahead        :       0.00       0.00          0          0          0          0          0          0          0          0
  mostinf          :       0.00       0.00          0          0          0          0          0          0          0          0
  multaggr         :       0.00       0.00          0          0          0          0          0          0          0          0
  nodereopt        :       0.00       0.00          0          0          0          0          0          0          0          0
  pscost           :       0.00       0.00          0          0          0          0          0          0          0          0
  random           :       0.00       0.00          0          0          0          0          0          0          0          0
  relpscost        :      54.90       0.00      59012          0          0          0       3033          0       2146     114944
  vanillafullstrong:       0.00       0.00          0          0          0          0          0          0          0          0
Primal Heuristics  :   ExecTime  SetupTime      Calls      Found       Best
  LP solutions     :       0.01          -          -          5          5
  relax solutions  :       0.00          -          -          0          0
  pseudo solutions :       0.00          -          -          0          0
  strong branching :       0.03          -          -          0          0
  actconsdiving    :       0.00       0.00          0          0          0
  adaptivediving   :       3.52       0.00         38          0          0
  alns             :       3.25       0.00         22          5          5
  bound            :       0.00       0.00          0          0          0
  clique           :       0.00       0.00          1          0          0
  coefdiving       :       0.00       0.00          0          0          0
  completesol      :       0.00       0.00          0          0          0
  conflictdiving   :      25.20       0.00        297          0          0
  crossover        :       0.83       0.00          4          2          2
  dins             :       0.00       0.00          0          0          0
  distributiondivin:      48.10       0.00        297          0          0
  dps              :       0.00       0.00          0          0          0
  dualval          :       0.00       0.00          0          0          0
  farkasdiving     :       0.01       0.00          0          0          0
  feaspump         :       0.00       0.00          0          0          0
  fixandinfer      :       0.00       0.00          0          0          0
  fracdiving       :      31.37       0.00        298          0          0
  gins             :       0.06       0.00          0          0          0
  guideddiving     :      25.89       0.00        297          1          1
  indicator        :       0.09       0.00          0          0          0
  indicatordiving  :       0.00       0.00          0          0          0
  intdiving        :       0.00       0.00          0          0          0
  intshifting      :       0.16       0.00         15          0          0
  linesearchdiving :      25.43       0.00        297          0          0
  localbranching   :       0.00       0.00          0          0          0
  locks            :       0.01       0.00          1          0          0
  lpface           :       0.10       0.00          0          0          0
  mpec             :      33.04       0.00          5          0          0
  multistart       :       0.00       0.00          0          0          0
  mutation         :       0.00       0.00          0          0          0
  nlpdiving        :       9.57       0.00         10          0          0
  objpscostdiving  :      75.06       0.00        100          9          2
  octane           :       0.00       0.00          0          0          0
  ofins            :       0.06       0.00          0          0          0
  oneopt           :       0.15       0.00         26          0          0
  padm             :       0.00       0.00          0          0          0
  proximity        :       0.00       0.00          0          0          0
  pscostdiving     :      33.04       0.00        298          1          1
  randrounding     :       0.53       0.00       2880          0          0
  rens             :       0.00       0.00          0          0          0
  reoptsols        :       0.00       0.00          0          0          0
  repair           :       0.00       0.00          0          0          0
  rins             :       7.39       0.00          3          0          0
  rootsoldiving    :      33.38       0.00         42          0          0
  rounding         :       1.01       0.00       3941          0          0
  shiftandpropagate:       0.00       0.00          0          0          0
  shifting         :      55.50       0.00      13314         10         10
  simplerounding   :       0.11       0.00          0          0          0
  subnlp           :     110.71       0.00          0          0          0
  trivial          :       0.00       0.00          2          2          2
  trivialnegation  :       0.00       0.00          0          0          0
  trustregion      :       0.00       0.00          0          0          0
  trysol           :       0.10       0.00          0          0          0
  twoopt           :       0.00       0.00          0          0          0
  undercover       :       1.23       0.00          1          0          0
  vbounds          :       0.00       0.00          0          0          0
  veclendiving     :      24.16       0.00        298          0          0
  zeroobj          :       0.00       0.00          0          0          0
  zirounding       :       0.46       0.00       1000          0          0
  other solutions  :          -          -          -          0          -
Diving (single)    :      Calls      Nodes   LP Iters Backtracks  Conflicts   MinDepth   MaxDepth   AvgDepth  RoundSols  NLeafSols  MinSolDpt  MaxSolDpt  AvgSolDpt
  actconsdiving    :          0          -          -          -          -          -          -          -          -          -          -          -          -
  coefdiving       :          0          -          -          -          -          -          -          -          -          -          -          -          -
  conflictdiving   :        297       9611     228753        325       9503         35         65       49.8          0          -          -          -          -
  distributiondivin:        297       6927     330492        342       3904         34         56       40.2          0          -          -          -          -
  farkasdiving     :          0          -          -          -          -          -          -          -          -          -          -          -          -
  fracdiving       :        298      34259     268270        304       2590         36        478      132.4          0          -          -          -          -
  guideddiving     :        297      27038     230799        142       2117         45        281      108.8          0          1         78         78       78.0
  indicatordiving  :          0          -          -          -          -          -          -          -          -          -          -          -          -
  linesearchdiving :        297       9491     240057        336       8218         36         67       49.0          0          -          -          -          -
  pscostdiving     :        298       9266     310862        304       6446         37         58       48.3          0          1         57         57       57.0
  veclendiving     :        298       8656     224420        311       9522         39         65       46.5          0          -          -          -          -
Diving (adaptive)  :      Calls      Nodes   LP Iters Backtracks  Conflicts   MinDepth   MaxDepth   AvgDepth  RoundSols  NLeafSols  MinSolDpt  MaxSolDpt  AvgSolDpt
  actconsdiving    :          9        229       8836          9        137         35         45       41.8          0          -          -          -          -
  coefdiving       :         14        414       8989         14        448         37         60       47.2          0          -          -          -          -
  conflictdiving   :          0          -          -          -          -          -          -          -          -          -          -          -          -
  distributiondivin:          0          -          -          -          -          -          -          -          -          -          -          -          -
  farkasdiving     :          0          -          -          -          -          -          -          -          -          -          -          -          -
  fracdiving       :          2        289       1950          2         15        127        196      161.5          0          -          -          -          -
  guideddiving     :          5        558       4069          0          0         59        199      128.4          0          -          -          -          -
  indicatordiving  :          0          -          -          -          -          -          -          -          -          -          -          -          -
  linesearchdiving :          1         38        893          1         29         51         51       51.0          0          -          -          -          -
  pscostdiving     :          1         35        875          1         49         54         54       54.0          0          -          -          -          -
  veclendiving     :          6        166       4480          6        184         41         54       46.3          0          -          -          -          -
Neighborhoods      :      Calls  SetupTime  SolveTime SolveNodes       Sols       Best       Exp3  EpsGreedy        UCB TgtFixRate  Opt  Inf Node Stal  Sol  Usr Othr Actv
  rens             :          2       0.13       0.00          0          0          0    0.00000   -1.00000    0.55008      0.550    0    2    0    0    0    0    0    1
  rins             :          2       0.09       0.04          9          0          0    0.00000   -1.00000    0.53920      0.550    0    2    0    0    0    0    0    1
  mutation         :          2       0.09       0.01          1          0          0    0.00000   -1.00000    0.54892      0.550    0    2    0    0    0    0    0    1
  localbranching   :          3       0.17       1.04        547          2          2    0.00000   -1.00000    0.50481      0.662    1    1    0    1    0    0    0    1
  crossover        :          2       0.14       0.05         35          0          0    0.00000   -1.00000    0.50775      0.550    0    2    0    0    0    0    0    1
  proximity        :          2       0.14       0.10         90          0          0    0.00000   -1.00000    0.44334      0.550    0    2    0    0    0    0    0    1
  zeroobjective    :          7       0.40       0.58        266          3          3    0.00000   -1.00000    0.56009      0.653    3    1    0    3    0    0    0    1
  dins             :          2       0.08       0.04          5          0          0    0.00000   -1.00000    0.54373      0.550    0    2    0    0    0    0    0    1
  trustregion      :          0       0.00       0.00          0          0          0    0.00000   -1.00000    1.00000      0.900    0    0    0    0    0    0    0    0
Expressions        :   #IntEval  IntEvalTi   #RevProp  RevPropTi    DomReds    Cutoffs  #Estimate  EstimTime  Branching  #Simplify SimplifyTi Simplified
  pow              :          0       0.00          0       0.00          0          0          0       0.00          0          0       0.00          0
  prod             :       6320       0.01          0       0.00          0          0          0       0.00          0       4690       0.01          0
  sum              :          8       0.00          2       0.00          0          0          0       0.00          0          3       0.00          2
  var              :       5485       0.00          0       0.00          0          0          0       0.00          0      11154       0.00          0
  varidx           :          0       0.00          0       0.00          0          0          0       0.00          0          0       0.00          0
LP                 :       Time      Calls Iterations  Iter/call   Iter/sec  Time-0-It Calls-0-It    ItLimit
  primal LP        :     123.34       8493          0       0.00       0.00     123.32       8493
  dual LP          :    2396.58     132913   10924772      89.25    4558.48       4.99      10500
  lex dual LP      :       0.00          0          0       0.00          -
  barrier LP       :       0.00          0          0       0.00          -       0.00          0
  resolve instable :       0.00          0          0       0.00          -
  diving/probing LP:     286.43      11315    2441981     215.82    8525.58
  strong branching :      30.43       2850     249574      87.57    8201.58          -          -         76
    (at root node) :          -         19       5407     284.58          -
  conflict analysis:       4.18       2405      23523       9.78    5627.51
NLP relaxation     :
  solve time       :       9.48 (12 calls)
  convexity        :  nonconvex (4 linear rows, 0 convex ineq., 0 nonconvex ineq., 1530 nonlinear eq. or two-sided ineq.)
NLP Solvers        :  #Problems  ProblemTi    #Solves  SolveTime      #Iter  Time/Iter      #Okay #TimeLimit #IterLimit #LObjLimit #Interrupt  #NumError #EvalError  #OutOfMem #LicenseEr #OtherTerm   #GlobOpt    #LocOpt  #Feasible #LocInfeas #GlobInfea #Unbounded   #Unknown
  ipopt            :          6       3.79         22      43.69        856       0.05         19          0          3          0          0          0          0          0          0          0          0          0          1         10          0          0         11
B&B Tree           :
  number of runs   :          1
  nodes            :      98405 (57472 internal, 40933 leaves)
  feasible leaves  :          5
  infeas. leaves   :         20
  objective leaves :      40907
  nodes (total)    :      98405 (57472 internal, 40933 leaves)
  nodes left       :      16461
  max depth        :         61
  max depth (total):         61
  backtracks       :      19194 (19.5%)
  early backtracks :          0 (0.0%)
  nodes exc. ref.  :          0 (0.0%)
  delayed cutoffs  :          0
  repropagations   :         18 (1 domain reductions, 0 cutoffs)
  avg switch length:       4.20
  switching time   :     141.47
Estim. Tree Size   :     196968
Estimation Tree    : 114945 nodes (98484 visited, 57472 internal, 41012 leaves, 16461 open), weight: 0.0000 completed 0.0842
Estimations        :      estim      value      trend resolution     smooth
  wbe              : 16736283402          -          -          -          -
  tree-profile     :         -1          -          -          -          -
  gap              :    1095075    0.77685    0.00003         64    1050683
  tree-weight      :     196968    0.00000    0.00000         64     196570
  leaf-frequency   :    5056638    0.41643    0.00000         64    3844091
  ssg              :    3973539    0.86707   -0.00003         64    3941742
  open-nodes       :     196968 16461.00000   13.61484         64     196570
Root Node          :
  First LP value   : -1.00000000000000e+00
  First LP Iters   :       1198 (14975.00 Iter/sec)
  First LP Time    :       0.08
  Final Dual Bound : -9.26534482154342e-01
  Final Root Iters :       3944
  Root LP Estimate : -5.20930508098030e-01
Solution           :
  Solutions found  :         35 (28 improvements)
  First Solution   : +1.00000000000000e+05   (in run 1, after 0 nodes, 0.04 seconds, depth 0, found by <trivial>)
  Gap First Sol.   :   infinite
  Gap Last Sol.    :      32.14 %
  Primal Bound     : -5.75949367088607e-01   (in run 1, after 54026 nodes, 1939.02 seconds, depth 20, found by <alns>)
  Dual Bound       : -7.41392405063292e-01
  Gap              :      28.73 %
Integrals          :      Total       Avg%
  primal-dual      :   94681.62      26.30
  primal-ref       :          -          - (not evaluated)
  dual-ref         :          -          - (not evaluated)
