SCIP Status        : solving was interrupted [time limit reached]
Total Time         :    3600.01
  solving          :    3600.01
  presolving       :       0.23 (included in solving)
  reading          :       0.00
  copying          :       0.83 (37 #copies) (minimal 0.00, maximal 0.04, average 0.02)
Original Problem   :
  Problem name     : bbbenchmark/g05_60.3.cut
  Variables        : 61 (60 binary, 0 integer, 0 implicit integer, 1 continuous)
  Constraints      : 1 initial, 1 maximal
  Objective        : minimize, 1 non-zeros (abs.min = 1, abs.max = 1)
Presolved Problem  :
  Problem name     : t_bbbenchmark/g05_60.3.cut
  Variables        : 946 (60 binary, 0 integer, 885 implicit integer, 1 continuous)
  Constraints      : 886 initial, 7613 maximal
  Objective        : minimize, 1 non-zeros (abs.min = 1, abs.max = 1)
  Nonzeros         : 3601 constraint, 122 clique table
Presolvers         :   ExecTime  SetupTime  Calls  FixedVars   AggrVars   ChgTypes  ChgBounds   AddHoles    DelCons    AddCons   ChgSides   ChgCoefs
  boundshift       :       0.00       0.00      0          0          0          0          0          0          0          0          0          0
  convertinttobin  :       0.00       0.00      0          0          0          0          0          0          0          0          0          0
  domcol           :       0.00       0.00      1          0          0          0          0          0          0          0          0          0
  dualagg          :       0.00       0.00      0          0          0          0          0          0          0          0          0          0
  dualcomp         :       0.00       0.00      1          0          0          0          0          0          0          0          0          0
  dualinfer        :       0.00       0.00      0          0          0          0          0          0          0          0          0          0
  dualsparsify     :       0.00       0.00      1          0          0          0          0          0          0          0          0          0
  gateextraction   :       0.00       0.00      0          0          0          0          0          0          0          0          0          0
  implics          :       0.00       0.00      2          0          0          0          0          0          0          0          0          0
  inttobinary      :       0.00       0.00      0          0          0          0          0          0          0          0          0          0
  qpkktref         :       0.00       0.00      0          0          0          0          0          0          0          0          0          0
  redvub           :       0.00       0.00      0          0          0          0          0          0          0          0          0          0
  sparsify         :       0.00       0.00      1          0          0          0          0          0          0          0          0          0
  stuffing         :       0.00       0.00      0          0          0          0          0          0          0          0          0          0
  trivial          :       0.00       0.00      4          0          0          0          0          0          0          0          0          0
  tworowbnd        :       0.00       0.00      0          0          0          0          0          0          0          0          0          0
  dualfix          :       0.00       0.00      4          0          0          0          0          0          0          0          0          0
  genvbounds       :       0.00       0.00      0          0          0          0          0          0          0          0          0          0
  probing          :       0.14       0.00      1          0          0          0          0          0          0          0          0          0
  pseudoobj        :       0.00       0.00      1          0          0          0          1          0          0          0          0          0
  symmetry         :       0.00       0.00      0          0          0          0          0          0          0          0          0          0
  vbounds          :       0.00       0.00      1          0          0          0          0          0          0          0          0          0
  and              :       0.00       0.00      2          0          0          0          0          0          0          0          0          0
  linear           :       0.00       0.00      2          0          0          0          0          0          0          0          0          0
  logicor          :       0.00       0.00      0          0          0          0          0          0          0          0          0          0
  nonlinear        :       0.09       0.01      5          0          0          0          1          0          0        885          0          0
  benders          :       0.00       0.00      0          0          0          0          0          0          0          0          0          0
  components       :       0.00       0.00      1          0          0          0          0          0          0          0          0          0
  root node        :          -          -      -          0          -          -         52          -          -          -          -          -
Constraints        :     Number  MaxNumber  #Separate #Propagate    #EnfoLP    #EnfoRelax  #EnfoPS    #Check   #ResProp    Cutoffs    DomReds       Cuts    Applied      Conss   Children
  benderslp        :          0          0          0          0      66488          0          0       2738          0          0          0          0          0          0          0
  integral         :          0          0          0          0      66488          0          0       2738          0          0      14563          0          0       5566     126666
  and              :        885        885      73647     414922         14          0          0         40      78174         62    2614830       3772       3441          0          0
  linear           :          1+         4         83     414860         14          0          0         38          0          0          0          0          0          0          0
  logicor          :          0+      6724          0     109269          0          0          0          0       1845        700        197          0          0          0          0
  benders          :          0          0          0          0         14          0          0         41          0          0          0          0          0          0          0
  countsols        :          0          0          0          0         14          0          0         41          0          0          0          0          0          0          0
  components       :          0          0          0          0          0          0          0          0          0          0          0          0          0          0          0
Constraint Timings :  TotalTime  SetupTime   Separate  Propagate     EnfoLP     EnfoPS     EnfoRelax   Check    ResProp    SB-Prop
  benderslp        :       0.07       0.00       0.00       0.00       0.07       0.00       0.00       0.00       0.00       0.00
  integral         :      67.09       0.00       0.00       0.00      67.09       0.00       0.00       0.00       0.00       0.00
  and              :      49.27       0.00      29.09      19.37       0.00       0.00       0.00       0.01       0.11       0.69
  linear           :       0.44       0.00       0.03       0.39       0.00       0.00       0.00       0.00       0.00       0.02
  logicor          :      14.04       0.00       0.00      13.99       0.00       0.00       0.00       0.00       0.01       0.04
  benders          :       0.00       0.00       0.00       0.00       0.00       0.00       0.00       0.00       0.00       0.00
  countsols        :       0.00       0.00       0.00       0.00       0.00       0.00       0.00       0.00       0.00       0.00
  components       :       0.11       0.00       0.00       0.10       0.00       0.00       0.00       0.00       0.00       0.01
Propagators        : #Propagate   #ResProp    Cutoffs    DomReds
  dualfix          :          4          0          0          0
  genvbounds       :          0          0          0          0
  nlobbt           :          0          0          0          0
  obbt             :          0          0          0          0
  probing          :          0          0          0          0
  pseudoobj        :     354568          0          0         52
  redcost          :     161883          0          0     466681
  rootredcost      :         32          0          0          0
  symmetry         :          0          0          0          0
  vbounds          :      42480          0          0          0
Propagator Timings :  TotalTime  SetupTime   Presolve  Propagate    ResProp    SB-Prop
  dualfix          :       0.00       0.00       0.00       0.00       0.00       0.00
  genvbounds       :       0.32       0.00       0.00       0.31       0.00       0.01
  nlobbt           :       0.00       0.00       0.00       0.00       0.00       0.00
  obbt             :       0.00       0.00       0.00       0.00       0.00       0.00
  probing          :       0.14       0.00       0.14       0.00       0.00       0.00
  pseudoobj        :       0.66       0.00       0.00       0.64       0.00       0.02
  redcost          :       6.72       0.00       0.00       6.71       0.00       0.01
  rootredcost      :       0.56       0.00       0.00       0.54       0.00       0.02
  symmetry         :       0.32       0.00       0.00       0.32       0.00       0.00
  vbounds          :       0.29       0.00       0.00       0.28       0.00       0.01
Conflict Analysis  :       Time      Calls    Success    DomReds  Conflicts   Literals    Reconvs ReconvLits   Dualrays   Nonzeros   LP Iters   (pool size: [10000,10000])
  propagation      :       0.01        762        408          -        481       24.2          0        0.0          -          -          -
  infeasible LP    :       0.00          0          0          -          0        0.0          0        0.0          3       47.7          0
  bound exceed. LP :      12.93      10180       7585          -      37993       32.2         17       20.7          0        0.0      41064
  strong branching :       0.00          0          0          -          0        0.0          0        0.0          -          -          0
  pseudo solution  :       0.00          0          0          -          0        0.0          0        0.0          -          -          -
  applied globally :       0.18          -          -          0      16109       31.2          -          -          3          -          -
  applied locally  :          -          -          -          0          0        0.0          -          -          0          -          -
Separators         :   ExecTime  SetupTime      Calls  RootCalls    Cutoffs    DomReds  FoundCuts ViaPoolAdd  DirectAdd    Applied ViaPoolApp  DirectApp      Conss
  cut pool         :       2.39          -      11069        111          -          -      19617     384647          -          -          -          -          -    (maximal pool size:       1446)
  aggregation      :     160.85       0.00       4078         83          0          0          7          5          0          3          3          0          0
  > cmir           :          -          -          -          -          -          -          -          5          0          3          3          0          -
  > flowcover      :          -          -          -          -          -          -          -          0          0          0          0          0          -
  > knapsackcover  :          -          -          -          -          -          -          -          0          0          0          0          0          -
  cgmip            :       0.00       0.00          0          0          0          0          0          0          0          0          0          0          0
  clique           :       0.00       0.00         83         83          0          0          0          0          0          0          0          0          0
  closecuts        :       0.00       0.00          0          0          0          0          0          0          0          0          0          0          0
  convexproj       :       0.00       0.00          0          0          0          0          0          0          0          0          0          0          0
  disjunctive      :       0.00       0.00          0          0          0          0          0          0          0          0          0          0          0
  eccuts           :       0.00       0.00          0          0          0          0          0          0          0          0          0          0          0
  gauge            :       0.00       0.00          0          0          0          0          0          0          0          0          0          0          0
  gomory           :       0.00       0.00          0          0          0          0          0          0          0          0          0          0          0
  > gomorymi       :          -          -          -          -          -          -          -          0          0          0          0          0          -
  > strongcg       :          -          -          -          -          -          -          -          0          0          0          0          0          -
  impliedbounds    :       0.15       0.00       4078         83          0          0         10          1          0          0          0          0          0
  interlattice     :       0.00       0.00          0          0          0          0          0          0          0          0          0          0          0
  interminor       :       0.00       0.00          0          0          0          0          0          0          0          0          0          0          0
  intersub         :       0.19       0.00         40         40          0          0         40          0         40         40          0         40          0
  intobj           :       0.00       0.00          0          0          0          0          0          0          0          0          0          0          0
  mcf              :       0.00       0.00          1          1          0          0          0          0          0          0          0          0          0
  minor            :       0.01       0.00          0          0          0          0          0          0          0          0          0          0          0
  mixing           :       0.02       0.00       4078         83          0          0          0          0          0          0          0          0          0
  oddcycle         :       0.00       0.00          0          0          0          0          0          0          0          0          0          0          0
  rapidlearning    :       0.00       0.00          0          0          0          0          0          0          0          0          0          0          0
  rlt              :       0.00       0.00         10         10          0          0          0          0          0          0          0          0          0
  zerohalf         :      22.92       0.00       3405         20          0          0      19600     384641          0      56975      56975          0          0
Cutselectors       :   ExecTime  SetupTime      Calls  RootCalls   Selected     Forced   Filtered  RootSelec   RootForc   RootFilt 
  hybrid           :       0.32       0.00       8571         81      60459          0     328000        233          0         10
Pricers            :   ExecTime  SetupTime      Calls       Vars
  problem variables:       0.00          -          0          0
Branching Rules    :   ExecTime  SetupTime   BranchLP  BranchExt   BranchPS    Cutoffs    DomReds       Cuts      Conss   Children
  allfullstrong    :       0.00       0.00          0          0          0          0          0          0          0          0
  cloud            :       0.00       0.00          0          0          0          0          0          0          0          0
  distribution     :       0.00       0.00          0          0          0          0          0          0          0          0
  fullstrong       :       0.00       0.00          0          0          0          0          0          0          0          0
  inference        :       0.00       0.00          0          0          0          0          0          0          0          0
  leastinf         :       0.00       0.00          0          0          0          0          0          0          0          0
  lookahead        :       0.00       0.00          0          0          0          0          0          0          0          0
  mostinf          :       0.00       0.00          0          0          0          0          0          0          0          0
  multaggr         :       0.00       0.00          0          0          0          0          0          0          0          0
  nodereopt        :       0.00       0.00          0          0          0          0          0          0          0          0
  pscost           :       0.00       0.00          0          0          0          0          0          0          0          0
  random           :       0.00       0.00          0          0          0          0          0          0          0          0
  relpscost        :      66.86       0.00      66474          0          0          0      14563          0       5589     126666
  vanillafullstrong:       0.00       0.00          0          0          0          0          0          0          0          0
Primal Heuristics  :   ExecTime  SetupTime      Calls      Found       Best
  LP solutions     :       0.01          -          -         14         14
  relax solutions  :       0.00          -          -          0          0
  pseudo solutions :       0.00          -          -          0          0
  strong branching :       0.04          -          -          0          0
  actconsdiving    :       0.00       0.00          0          0          0
  adaptivediving   :      10.53       0.00        418          3          3
  alns             :       2.75       0.00         26          5          5
  bound            :       0.00       0.00          0          0          0
  clique           :       0.01       0.00          1          0          0
  coefdiving       :       0.00       0.00          0          0          0
  completesol      :       0.00       0.00          0          0          0
  conflictdiving   :       4.50       0.00        209          0          0
  crossover        :       0.04       0.00          1          1          1
  dins             :       0.00       0.00          0          0          0
  distributiondivin:      13.70       0.00        210          1          1
  dps              :       0.00       0.00          0          0          0
  dualval          :       0.00       0.00          0          0          0
  farkasdiving     :       0.00       0.00          0          0          0
  feaspump         :       0.17       0.00          1          1          1
  fixandinfer      :       0.00       0.00          0          0          0
  fracdiving       :       6.34       0.00        210          0          0
  gins             :       0.02       0.00          0          0          0
  guideddiving     :       6.69       0.00        210          3          3
  indicator        :       0.07       0.00          0          0          0
  indicatordiving  :       0.00       0.00          0          0          0
  intdiving        :       0.00       0.00          0          0          0
  intshifting      :       0.08       0.00         14          0          0
  linesearchdiving :       5.96       0.00        209          0          0
  localbranching   :       0.00       0.00          0          0          0
  locks            :       0.00       0.00          1          0          0
  lpface           :       0.12       0.00          0          0          0
  mpec             :       1.42       0.00          1          0          0
  multistart       :       0.00       0.00          0          0          0
  mutation         :       0.00       0.00          0          0          0
  nlpdiving        :       6.34       0.00         10          0          0
  objpscostdiving  :      12.87       0.00         47          6          2
  octane           :       0.00       0.00          0          0          0
  ofins            :       0.06       0.00          0          0          0
  oneopt           :       0.15       0.00         40          0          0
  padm             :       0.00       0.00          0          0          0
  proximity        :       0.00       0.00          0          0          0
  pscostdiving     :       6.58       0.00        210          4          4
  randrounding     :       0.31       0.00       2693          0          0
  rens             :       0.00       0.00          0          0          0
  reoptsols        :       0.00       0.00          0          0          0
  repair           :       0.00       0.00          0          0          0
  rins             :       3.49       0.00         10          2          1
  rootsoldiving    :       6.39       0.00         20          3          0
  rounding         :       0.67       0.00       3765          0          0
  shiftandpropagate:       0.00       0.00          0          0          0
  shifting         :      18.05       0.00       7888          7          7
  simplerounding   :       0.07       0.00          0          0          0
  subnlp           :      72.92       0.00          0          0          0
  trivial          :       0.00       0.00          2          2          2
  trivialnegation  :       0.00       0.00          0          0          0
  trustregion      :       0.00       0.00          0          0          0
  trysol           :       0.20       0.00          0          0          0
  twoopt           :       0.00       0.00          0          0          0
  undercover       :       0.82       0.00          1          0          0
  vbounds          :       0.00       0.00          0          0          0
  veclendiving     :       3.82       0.00        209          0          0
  zeroobj          :       0.00       0.00          0          0          0
  zirounding       :       0.35       0.00       1000          0          0
  other solutions  :          -          -          -          0          -
Diving (single)    :      Calls      Nodes   LP Iters Backtracks  Conflicts   MinDepth   MaxDepth   AvgDepth  RoundSols  NLeafSols  MinSolDpt  MaxSolDpt  AvgSolDpt
  actconsdiving    :          0          -          -          -          -          -          -          -          -          -          -          -          -
  coefdiving       :          0          -          -          -          -          -          -          -          -          -          -          -          -
  conflictdiving   :        209       4311      40698        223       3644         19         49       33.9          0          -          -          -          -
  distributiondivin:        210       2854      78882        333       2260         21         36       26.6          0          1         31         31       31.0
  farkasdiving     :          0          -          -          -          -          -          -          -          -          -          -          -          -
  fracdiving       :        210      18440      61491        184       1347         27        219      101.5          0          -          -          -          -
  guideddiving     :        210      18546      63861        135       1063         29        161      102.1          0          3         70         82       76.7
  indicatordiving  :          0          -          -          -          -          -          -          -          -          -          -          -          -
  linesearchdiving :        209       4857      58553        260       3692         26         49       36.9          0          -          -          -          -
  pscostdiving     :        210       3704      73061        216       3168         21         44       31.3          0          4         39         43       41.0
  veclendiving     :        209       3943      33167        217       3291         20         45       32.6          0          -          -          -          -
Diving (adaptive)  :      Calls      Nodes   LP Iters Backtracks  Conflicts   MinDepth   MaxDepth   AvgDepth  RoundSols  NLeafSols  MinSolDpt  MaxSolDpt  AvgSolDpt
  actconsdiving    :         40        563      16034         69        435         21         35       26.8          0          -          -          -          -
  coefdiving       :        103       1898      12193        105       1576         21         44       31.9          0          -          -          -          -
  conflictdiving   :          0          -          -          -          -          -          -          -          -          -          -          -          -
  distributiondivin:          0          -          -          -          -          -          -          -          -          -          -          -          -
  farkasdiving     :          0          -          -          -          -          -          -          -          -          -          -          -          -
  fracdiving       :         31       3167       8240         26        127         28        157      116.2          0          -          -          -          -
  guideddiving     :         40       3782      11176         31        230         31        158      108.3          0          2         66         69       67.5
  indicatordiving  :          0          -          -          -          -          -          -          -          -          -          -          -          -
  linesearchdiving :         55       1321      14027         66        885         30         48       37.6          0          -          -          -          -
  pscostdiving     :         67       1102      20772         68        959         23         41       30.0          0          1         39         39       39.0
  veclendiving     :         82       1522       6705         82       1014         22         41       32.2          0          -          -          -          -
Neighborhoods      :      Calls  SetupTime  SolveTime SolveNodes       Sols       Best       Exp3  EpsGreedy        UCB TgtFixRate  Opt  Inf Node Stal  Sol  Usr Othr Actv
  rens             :          3       0.12       0.01          2          0          0    0.00000   -1.00000    0.53977      0.437    0    3    0    0    0    0    0    1
  rins             :          3       0.12       0.18         69          0          0    0.00000   -1.00000    0.45134      0.662    0    2    0    1    0    0    0    1
  mutation         :          8       0.33       0.89        389          5          5    0.00000   -1.00000    0.48440      0.473    2    3    0    3    0    0    0    1
  localbranching   :          2       0.10       0.03          3          0          0    0.00000   -1.00000    0.54710      0.550    0    2    0    0    0    0    0    1
  crossover        :          3       0.13       0.09         28          0          0    0.00000   -1.00000    0.50220      0.437    0    3    0    0    0    0    0    1
  proximity        :          2       0.09       0.03          5          0          0    0.00000   -1.00000    0.54427      0.550    0    2    0    0    0    0    0    1
  zeroobjective    :          3       0.12       0.34        100          0          0    0.00000   -1.00000    0.40348      0.662    0    2    0    1    0    0    0    1
  dins             :          2       0.03       0.00          0          0          0    0.00000   -1.00000    0.30135      0.700    0    1    0    0    0    0    1    1
  trustregion      :          0       0.00       0.00          0          0          0    0.00000   -1.00000    1.00000      0.900    0    0    0    0    0    0    0    0
Expressions        :   #IntEval  IntEvalTi   #RevProp  RevPropTi    DomReds    Cutoffs  #Estimate  EstimTime  Branching  #Simplify SimplifyTi Simplified
  pow              :          0       0.00          0       0.00          0          0          0       0.00          0          0       0.00          0
  prod             :       3540       0.01          0       0.00          0          0          0       0.00          0       2655       0.01          0
  sum              :          8       0.00          2       0.00          0          0          0       0.00          0          3       0.02          2
  var              :       3327       0.00          0       0.00          0          0          0       0.00          0       6378       0.00          0
  varidx           :          0       0.00          0       0.00          0          0          0       0.00          0          0       0.00          0
LP                 :       Time      Calls Iterations  Iter/call   Iter/sec  Time-0-It Calls-0-It    ItLimit
  primal LP        :     155.46      13133          0       0.00       0.00     155.43      13133
  dual LP          :    2818.62     156427   20753801     152.54    7363.11       6.52      20374
  lex dual LP      :       0.00          0          0       0.00          -
  barrier LP       :       0.00          0          0       0.00          -       0.00          0
  resolve instable :       0.00          0          0       0.00          -
  diving/probing LP:      57.40       6303     653091     103.62   11377.89
  strong branching :      42.40       5865     454639      77.52   10722.62          -          -        120
    (at root node) :          -         19       5636     296.63          -
  conflict analysis:       5.93       4180      41064       9.82    6924.79
NLP relaxation     :
  solve time       :       5.58 (12 calls)
  convexity        :  nonconvex (1 linear rows, 0 convex ineq., 0 nonconvex ineq., 885 nonlinear eq. or two-sided ineq.)
NLP Solvers        :  #Problems  ProblemTi    #Solves  SolveTime      #Iter  Time/Iter      #Okay #TimeLimit #IterLimit #LObjLimit #Interrupt  #NumError #EvalError  #OutOfMem #LicenseEr #OtherTerm   #GlobOpt    #LocOpt  #Feasible #LocInfeas #GlobInfea #Unbounded   #Unknown
  ipopt            :          2       4.43         15       7.03        342       0.02         12          0          3          0          0          0          0          0          0          0          0          0          1          3          0          0         11
B&B Tree           :
  number of runs   :          1
  nodes            :     124581 (63333 internal, 61248 leaves)
  feasible leaves  :         14
  infeas. leaves   :        240
  objective leaves :      60993
  nodes (total)    :     124581 (63333 internal, 61248 leaves)
  nodes left       :       1962
  max depth        :         36
  max depth (total):         36
  backtracks       :      34402 (27.6%)
  early backtracks :          0 (0.0%)
  nodes exc. ref.  :          0 (0.0%)
  delayed cutoffs  :          2
  repropagations   :         84 (455 domain reductions, 0 cutoffs)
  avg switch length:       4.52
  switching time   :     183.01
Estim. Tree Size   :     182003
Estimation Tree    : 126667 nodes (124705 visited, 63333 internal, 61372 leaves, 1962 open), weight: 0.6293 completed 0.7596
Estimations        :      estim      value      trend resolution     smooth
  wbe              :     195059          -          -          -          -
  tree-profile     :         -1          -          -          -          -
  gap              :     278777    0.93565    0.00005         64     285258
  tree-weight      :     182004    0.62926    0.00080         64     182752
  leaf-frequency   :     270238    0.49213    0.00001         64     267962
  ssg              :     182470    0.16492   -0.00035         64     182097
  open-nodes       :     219111 1962.00000   -2.60276         64     216699
Root Node          :
  First LP value   : -1.00000000000000e+00
  First LP Iters   :        599 (19966.67 Iter/sec)
  First LP Time    :       0.03
  Final Dual Bound : -8.87372239846597e-01
  Final Root Iters :       3835
  Root LP Estimate : -5.39292498713319e-01
Solution           :
  Solutions found  :         52 (44 improvements)
  First Solution   : +1.00000000000000e+05   (in run 1, after 0 nodes, 0.03 seconds, depth 0, found by <trivial>)
  Gap First Sol.   :   infinite
  Gap Last Sol.    :      19.03 %
  Primal Bound     : -6.07909604519774e-01   (in run 1, after 29091 nodes, 789.15 seconds, depth 20, found by <alns>)
  Dual Bound       : -6.49717514124294e-01
  Gap              :       6.88 %
Integrals          :      Total       Avg%
  primal-dual      :   46508.33      12.92
  primal-ref       :          -          - (not evaluated)
  dual-ref         :          -          - (not evaluated)
