SCIP Status        : solving was interrupted [time limit reached]
Total Time         :    3600.00
  solving          :    3600.00
  presolving       :       0.35 (included in solving)
  reading          :       0.00
  copying          :       1.12 (29 #copies) (minimal 0.01, maximal 0.07, average 0.04)
Original Problem   :
  Problem name     : bbbenchmark/g05_80.2.cut
  Variables        : 81 (80 binary, 0 integer, 0 implicit integer, 1 continuous)
  Constraints      : 1 initial, 1 maximal
  Objective        : minimize, 1 non-zeros (abs.min = 1, abs.max = 1)
Presolved Problem  :
  Problem name     : t_bbbenchmark/g05_80.2.cut
  Variables        : 1612 (80 binary, 0 integer, 1530 implicit integer, 2 continuous)
  Constraints      : 1534 initial, 7231 maximal
  Objective        : minimize, 1 non-zeros (abs.min = 1, abs.max = 1)
  Nonzeros         : 6307 constraint, 162 clique table
Presolvers         :   ExecTime  SetupTime  Calls  FixedVars   AggrVars   ChgTypes  ChgBounds   AddHoles    DelCons    AddCons   ChgSides   ChgCoefs
  boundshift       :       0.00       0.00      0          0          0          0          0          0          0          0          0          0
  convertinttobin  :       0.00       0.00      0          0          0          0          0          0          0          0          0          0
  domcol           :       0.00       0.00      1          0          0          0          0          0          0          0          0          0
  dualagg          :       0.00       0.00      0          0          0          0          0          0          0          0          0          0
  dualcomp         :       0.00       0.00      1          0          0          0          0          0          0          0          0          0
  dualinfer        :       0.00       0.00      0          0          0          0          0          0          0          0          0          0
  dualsparsify     :       0.00       0.00      1          0          0          0          0          0          0          0          0          0
  gateextraction   :       0.00       0.00      0          0          0          0          0          0          0          0          0          0
  implics          :       0.00       0.00      2          0          0          0          0          0          0          0          0          0
  inttobinary      :       0.00       0.00      0          0          0          0          0          0          0          0          0          0
  qpkktref         :       0.00       0.00      0          0          0          0          0          0          0          0          0          0
  redvub           :       0.00       0.00      0          0          0          0          0          0          0          0          0          0
  sparsify         :       0.00       0.00      1          0          0          0          0          0          0          0          0          0
  stuffing         :       0.00       0.00      0          0          0          0          0          0          0          0          0          0
  trivial          :       0.00       0.00      4          0          0          0          0          0          0          0          0          0
  tworowbnd        :       0.00       0.00      0          0          0          0          0          0          0          0          0          0
  dualfix          :       0.00       0.00      4          0          0          0          0          0          0          0          0          0
  genvbounds       :       0.00       0.00      0          0          0          0          0          0          0          0          0          0
  probing          :       0.23       0.00      1          0          0          0          0          0          0          0          0          0
  pseudoobj        :       0.01       0.00      1          0          0          0          1          0          0          0          0          0
  symmetry         :       0.00       0.00      0          0          0          0          0          0          0          0          0          0
  vbounds          :       0.00       0.00      1          0          0          0          0          0          0          0          0          0
  varbound         :       0.00       0.00      2          0          0          0          0          0          0          0          0          0
  and              :       0.01       0.00      2          0          0          0          0          0          0          0          0          0
  linear           :       0.00       0.00      2          0          0          0          0          0          0          0          0          0
  logicor          :       0.00       0.00      0          0          0          0          0          0          0          0          0          0
  bounddisjunction :       0.00       0.00      0          0          0          0          0          0          0          0          0          0
  nonlinear        :       0.09       0.01      5          0          0          0          1          0          0       1533          0          0
  benders          :       0.00       0.00      0          0          0          0          0          0          0          0          0          0
  components       :       0.01       0.00      1          0          0          0          0          0          0          0          0          0
  root node        :          -          -      -          0          -          -         24          -          -          -          -          -
Constraints        :     Number  MaxNumber  #Separate #Propagate    #EnfoLP    #EnfoRelax  #EnfoPS    #Check   #ResProp    Cutoffs    DomReds       Cuts    Applied      Conss   Children
  benderslp        :          0          0          0          0      60755          0          0       2103          0          0          0          0          0          0          0
  integral         :          0          0          0          0      60755          0          0       2103          0          3       3107          0          0       1381     119306
  varbound         :          1          1         80     129064          0          0          0         46          0          0        176          0          0          0          0
  and              :       1530       1530      69444     430772          7          0          0         46     182392          3    2043702       2469       2398          0          0
  linear           :          3+         7         80     430772          7          0          0         44        172          1      41875          0          0          0          0
  logicor          :          0+      5557          0     115085          0          0          0          0        142        377         51          0          0          0          0
  bounddisjunction :          0+       196          0      31648          0          0          0          0          0          4          0          0          0          0          0
  benders          :          0          0          0          0          7          0          0         47          0          0          0          0          0          0          0
  countsols        :          0          0          0          0          7          0          0         47          0          0          0          0          0          0          0
  components       :          0          0          0          0          0          0          0          0          0          0          0          0          0          0          0
Constraint Timings :  TotalTime  SetupTime   Separate  Propagate     EnfoLP     EnfoPS     EnfoRelax   Check    ResProp    SB-Prop
  benderslp        :       0.07       0.00       0.00       0.00       0.07       0.00       0.00       0.00       0.00       0.00
  integral         :      49.02       0.00       0.00       0.00      49.02       0.00       0.00       0.00       0.00       0.00
  varbound         :       0.07       0.00       0.00       0.07       0.00       0.00       0.00       0.00       0.00       0.00
  and              :      58.64       0.00      36.46      21.59       0.00       0.00       0.00       0.01       0.15       0.43
  linear           :       0.82       0.00       0.01       0.80       0.00       0.00       0.00       0.00       0.00       0.01
  logicor          :       6.59       0.00       0.00       6.58       0.00       0.00       0.00       0.00       0.00       0.01
  bounddisjunction :       0.30       0.00       0.00       0.30       0.00       0.00       0.00       0.00       0.00       0.00
  benders          :       0.00       0.00       0.00       0.00       0.00       0.00       0.00       0.00       0.00       0.00
  countsols        :       0.00       0.00       0.00       0.00       0.00       0.00       0.00       0.00       0.00       0.00
  components       :       0.15       0.00       0.00       0.15       0.00       0.00       0.00       0.00       0.00       0.00
Propagators        : #Propagate   #ResProp    Cutoffs    DomReds
  dualfix          :          2          0          0          0
  genvbounds       :          0          0          0          0
  nlobbt           :          0          0          0          0
  obbt             :          0          0          0          0
  probing          :          0          0          0          0
  pseudoobj        :     285266          0          0         24
  redcost          :     144913          0          0      99623
  rootredcost      :         22          0          0          0
  symmetry         :          0          0          0          0
  vbounds          :      30472          0          0          0
Propagator Timings :  TotalTime  SetupTime   Presolve  Propagate    ResProp    SB-Prop
  dualfix          :       0.00       0.00       0.00       0.00       0.00       0.00
  genvbounds       :       0.41       0.00       0.00       0.40       0.00       0.01
  nlobbt           :       0.00       0.00       0.00       0.00       0.00       0.00
  obbt             :       0.00       0.00       0.00       0.00       0.00       0.00
  probing          :       0.23       0.00       0.23       0.00       0.00       0.00
  pseudoobj        :       0.55       0.00       0.01       0.53       0.00       0.01
  redcost          :       8.19       0.00       0.00       8.18       0.00       0.01
  rootredcost      :       0.32       0.00       0.00       0.32       0.00       0.00
  symmetry         :       0.19       0.00       0.00       0.19       0.00       0.00
  vbounds          :       0.37       0.00       0.00       0.37       0.00       0.00
Conflict Analysis  :       Time      Calls    Success    DomReds  Conflicts   Literals    Reconvs ReconvLits   Dualrays   Nonzeros   LP Iters   (pool size: [10000,10000])
  propagation      :       0.00        385        340          -        390       47.9          0        0.0          -          -          -
  infeasible LP    :       0.00          0          0          -          0        0.0          0        0.0         14       85.6          0
  bound exceed. LP :      12.14       6373       4542          -      62980       68.9          0        0.0          0        0.0      26365
  strong branching :       0.00          0          0          -          0        0.0          0        0.0          -          -          0
  pseudo solution  :       0.00          0          0          -          0        0.0          0        0.0          -          -          -
  applied globally :       0.22          -          -          0      17946       75.3          -          -         14          -          -
  applied locally  :          -          -          -          0          0        0.0          -          -          0          -          -
Separators         :   ExecTime  SetupTime      Calls  RootCalls    Cutoffs    DomReds  FoundCuts ViaPoolAdd  DirectAdd    Applied ViaPoolApp  DirectApp      Conss
  cut pool         :       2.69          -      18365        104          -          -      34743     402243          -          -          -          -          -    (maximal pool size:       2093)
  aggregation      :     210.06       0.00       4238         80          0          0         14         25          0          6          6          0          0
  > cmir           :          -          -          -          -          -          -          -         25          0          6          6          0          -
  > flowcover      :          -          -          -          -          -          -          -          0          0          0          0          0          -
  > knapsackcover  :          -          -          -          -          -          -          -          0          0          0          0          0          -
  cgmip            :       0.00       0.00          0          0          0          0          0          0          0          0          0          0          0
  clique           :       0.01       0.00         80         80          0          0          0          0          0          0          0          0          0
  closecuts        :       0.00       0.00          0          0          0          0          0          0          0          0          0          0          0
  convexproj       :       0.00       0.00          0          0          0          0          0          0          0          0          0          0          0
  disjunctive      :       0.00       0.00          0          0          0          0          0          0          0          0          0          0          0
  eccuts           :       0.00       0.00          0          0          0          0          0          0          0          0          0          0          0
  gauge            :       0.00       0.00          0          0          0          0          0          0          0          0          0          0          0
  gomory           :       0.00       0.00          0          0          0          0          0          0          0          0          0          0          0
  > gomorymi       :          -          -          -          -          -          -          -          0          0          0          0          0          -
  > strongcg       :          -          -          -          -          -          -          -          0          0          0          0          0          -
  impliedbounds    :       0.30       0.00       4238         80          0          0          0          0          0          0          0          0          0
  interlattice     :       0.00       0.00          0          0          0          0          0          0          0          0          0          0          0
  interminor       :       0.00       0.00          0          0          0          0          0          0          0          0          0          0          0
  intersub         :       0.48       0.00         40         40          0          0         40          0         40         40          0         40          0
  intobj           :       0.00       0.00          0          0          0          0          0          0          0          0          0          0          0
  mcf              :       0.00       0.00          1          1          0          0          0          0          0          0          0          0          0
  minor            :       0.02       0.00          0          0          0          0          0          0          0          0          0          0          0
  mixing           :       0.00       0.00       4241         80          0          0          0          0          0          0          0          0          0
  oddcycle         :       0.00       0.00          0          0          0          0          0          0          0          0          0          0          0
  rapidlearning    :       0.00       0.00          0          0          0          0          0          0          0          0          0          0          0
  rlt              :       0.00       0.00         10         10          0          0          0          0          0          0          0          0          0
  zerohalf         :      31.02       0.00       3802         20          0          0      34729     402218          0      89598      89598          0          0
Cutselectors       :   ExecTime  SetupTime      Calls  RootCalls   Selected     Forced   Filtered  RootSelec   RootForc   RootFilt 
  hybrid           :       0.57       0.00      11142         79      92042          0     312710        251          0         19
Pricers            :   ExecTime  SetupTime      Calls       Vars
  problem variables:       0.00          -          0          0
Branching Rules    :   ExecTime  SetupTime   BranchLP  BranchExt   BranchPS    Cutoffs    DomReds       Cuts      Conss   Children
  allfullstrong    :       0.00       0.00          0          0          0          0          0          0          0          0
  cloud            :       0.00       0.00          0          0          0          0          0          0          0          0
  distribution     :       0.00       0.00          0          0          0          0          0          0          0          0
  fullstrong       :       0.00       0.00          0          0          0          0          0          0          0          0
  inference        :       0.00       0.00          0          0          0          0          0          0          0          0
  leastinf         :       0.00       0.00          0          0          0          0          0          0          0          0
  lookahead        :       0.00       0.00          0          0          0          0          0          0          0          0
  mostinf          :       0.00       0.00          0          0          0          0          0          0          0          0
  multaggr         :       0.00       0.00          0          0          0          0          0          0          0          0
  nodereopt        :       0.00       0.00          0          0          0          0          0          0          0          0
  pscost           :       0.00       0.00          0          0          0          0          0          0          0          0
  random           :       0.00       0.00          0          0          0          0          0          0          0          0
  relpscost        :      48.80       0.00      60748          0          0          3       3107          0       1382     119306
  vanillafullstrong:       0.00       0.00          0          0          0          0          0          0          0          0
Primal Heuristics  :   ExecTime  SetupTime      Calls      Found       Best
  LP solutions     :       0.01          -          -          7          7
  relax solutions  :       0.00          -          -          0          0
  pseudo solutions :       0.00          -          -          0          0
  strong branching :       0.02          -          -          4          4
  actconsdiving    :       0.00       0.00          0          0          0
  adaptivediving   :       3.18       0.00         38          0          0
  alns             :       3.15       0.00         17          3          3
  bound            :       0.00       0.00          0          0          0
  clique           :       0.01       0.00          1          0          0
  coefdiving       :       0.00       0.00          0          0          0
  completesol      :       0.00       0.00          0          0          0
  conflictdiving   :      27.89       0.00        347          0          0
  crossover        :       0.78       0.00          5          2          2
  dins             :       0.00       0.00          0          0          0
  distributiondivin:      48.76       0.00        347          0          0
  dps              :       0.00       0.00          0          0          0
  dualval          :       0.00       0.00          0          0          0
  farkasdiving     :       0.00       0.00          0          0          0
  feaspump         :       0.00       0.00          0          0          0
  fixandinfer      :       0.00       0.00          0          0          0
  fracdiving       :      32.70       0.00        347          0          0
  gins             :       0.11       0.00          0          0          0
  guideddiving     :      28.78       0.00        347          3          3
  indicator        :       0.10       0.00          0          0          0
  indicatordiving  :       0.00       0.00          0          0          0
  intdiving        :       0.00       0.00          0          0          0
  intshifting      :       0.29       0.00         42          0          0
  linesearchdiving :      28.75       0.00        347          0          0
  localbranching   :       0.00       0.00          0          0          0
  locks            :       0.01       0.00          1          0          0
  lpface           :       0.08       0.00          0          0          0
  mpec             :      97.31       0.00         11          0          0
  multistart       :       0.00       0.00          0          0          0
  mutation         :       0.00       0.00          0          0          0
  nlpdiving        :       7.57       0.00          9          0          0
  objpscostdiving  :      68.98       0.00         98         16          1
  octane           :       0.00       0.00          0          0          0
  ofins            :       0.04       0.00          0          0          0
  oneopt           :       0.09       0.00         31          0          0
  padm             :       0.00       0.00          0          0          0
  proximity        :       0.00       0.00          0          0          0
  pscostdiving     :      35.38       0.00        348          1          1
  randrounding     :       0.43       0.00       2052          0          0
  rens             :       0.00       0.00          0          0          0
  reoptsols        :       0.00       0.00          0          0          0
  repair           :       0.00       0.00          0          0          0
  rins             :       1.57       0.00          6          1          1
  rootsoldiving    :      47.35       0.00         52          3          0
  rounding         :       1.14       0.00       3726          0          0
  shiftandpropagate:       0.00       0.00          0          0          0
  shifting         :      56.58       0.00      12980          9          9
  simplerounding   :       0.06       0.00          0          0          0
  subnlp           :     108.76       0.00          0          0          0
  trivial          :       0.00       0.00          2          2          2
  trivialnegation  :       0.00       0.00          0          0          0
  trustregion      :       0.00       0.00          0          0          0
  trysol           :       0.10       0.00          0          0          0
  twoopt           :       0.00       0.00          0          0          0
  undercover       :       0.25       0.00          1          0          0
  vbounds          :       0.00       0.00          0          0          0
  veclendiving     :      26.97       0.00        347          0          0
  zeroobj          :       0.00       0.00          0          0          0
  zirounding       :       0.36       0.00       1000          0          0
  other solutions  :          -          -          -          0          -
Diving (single)    :      Calls      Nodes   LP Iters Backtracks  Conflicts   MinDepth   MaxDepth   AvgDepth  RoundSols  NLeafSols  MinSolDpt  MaxSolDpt  AvgSolDpt
  actconsdiving    :          0          -          -          -          -          -          -          -          -          -          -          -          -
  coefdiving       :          0          -          -          -          -          -          -          -          -          -          -          -          -
  conflictdiving   :        347      10949     269211        385      10976         36         69       48.6          0          -          -          -          -
  distributiondivin:        347       8638     358378        382       4573         32         53       41.2          0          -          -          -          -
  farkasdiving     :          0          -          -          -          -          -          -          -          -          -          -          -          -
  fracdiving       :        347      31223     305926        347       4897         43        440      106.2          0          -          -          -          -
  guideddiving     :        347      25588     272139        240       4851         35        264       90.5          0          3         82         88       84.3
  indicatordiving  :          0          -          -          -          -          -          -          -          -          -          -          -          -
  linesearchdiving :        347      10891     288581        398      10191         33         67       47.4          0          -          -          -          -
  pscostdiving     :        348      10611     345106        374       9268         36         57       46.9          0          1         57         57       57.0
  veclendiving     :        347      11029     259786        367      12164         38         63       48.1          0          -          -          -          -
Diving (adaptive)  :      Calls      Nodes   LP Iters Backtracks  Conflicts   MinDepth   MaxDepth   AvgDepth  RoundSols  NLeafSols  MinSolDpt  MaxSolDpt  AvgSolDpt
  actconsdiving    :          9        234       7421          7         89         41         47       42.9          0          -          -          -          -
  coefdiving       :         15        420      12682         15        513         37         60       44.1          0          -          -          -          -
  conflictdiving   :          0          -          -          -          -          -          -          -          -          -          -          -          -
  distributiondivin:          0          -          -          -          -          -          -          -          -          -          -          -          -
  farkasdiving     :          0          -          -          -          -          -          -          -          -          -          -          -          -
  fracdiving       :          3        142       1948          2         56         52         74       65.0          0          -          -          -          -
  guideddiving     :          4        236       2923          3         65         63         88       75.0          0          -          -          -          -
  indicatordiving  :          0          -          -          -          -          -          -          -          -          -          -          -          -
  linesearchdiving :          1         27       1038          1          0         43         43       43.0          0          -          -          -          -
  pscostdiving     :          1         38       1226          1         66         48         48       48.0          0          -          -          -          -
  veclendiving     :          5        161       3221          5        164         42         56       49.2          0          -          -          -          -
Neighborhoods      :      Calls  SetupTime  SolveTime SolveNodes       Sols       Best       Exp3  EpsGreedy        UCB TgtFixRate  Opt  Inf Node Stal  Sol  Usr Othr Actv
  rens             :          2       0.16       0.02          0          0          0    0.00000   -1.00000    0.54809      0.550    0    2    0    0    0    0    0    1
  rins             :          2       0.11       0.07         57          0          0    0.00000   -1.00000    0.47175      0.550    0    2    0    0    0    0    0    1
  mutation         :          3       0.21       1.18        879          2          2    0.00000   -1.00000    0.50535      0.662    1    1    0    1    0    0    0    1
  localbranching   :          2       0.13       0.03          7          0          0    0.00000   -1.00000    0.53871      0.550    0    2    0    0    0    0    0    1
  crossover        :          2       0.15       0.02          1          0          0    0.00000   -1.00000    0.54708      0.550    0    2    0    0    0    0    0    1
  proximity        :          1       0.08       0.01          1          0          0    0.00000   -1.00000    0.56700      0.700    0    1    0    0    0    0    0    1
  zeroobjective    :          2       0.11       0.03         10          0          0    0.00000   -1.00000    0.53394      0.550    0    2    0    0    0    0    0    1
  dins             :          3       0.21       0.50        280          1          1    0.00000   -1.00000    0.49398      0.662    1    1    0    1    0    0    0    1
  trustregion      :          0       0.00       0.00          0          0          0    0.00000   -1.00000    1.00000      0.900    0    0    0    0    0    0    0    0
Expressions        :   #IntEval  IntEvalTi   #RevProp  RevPropTi    DomReds    Cutoffs  #Estimate  EstimTime  Branching  #Simplify SimplifyTi Simplified
  pow              :          0       0.00          0       0.00          0          0          0       0.00          0          0       0.00          0
  prod             :       6320       0.00          0       0.00          0          0          0       0.00          0       4690       0.01          0
  sum              :          8       0.00          2       0.00          0          0          0       0.00          0          3       0.01          2
  var              :       5485       0.01          0       0.00          0          0          0       0.00          0      11154       0.02          0
  varidx           :          0       0.00          0       0.00          0          0          0       0.00          0          0       0.00          0
LP                 :       Time      Calls Iterations  Iter/call   Iter/sec  Time-0-It Calls-0-It    ItLimit
  primal LP        :     107.53       7977          0       0.00       0.00     107.50       7977
  dual LP          :    2382.58     127171   10748604      93.55    4511.33       5.54      12279
  lex dual LP      :       0.00          0          0       0.00          -
  barrier LP       :       0.00          0          0       0.00          -       0.00          0
  resolve instable :       0.00          0          0       0.00          -
  diving/probing LP:     302.10      13298    2730027     205.30    9036.83
  strong branching :      25.49       2148     212163      98.77    8323.38          -          -         28
    (at root node) :          -         19       5406     284.53          -
  conflict analysis:       4.47       2695      26365       9.78    5898.21
NLP relaxation     :
  solve time       :       7.56 (9 calls)
  convexity        :  nonconvex (4 linear rows, 0 convex ineq., 0 nonconvex ineq., 1530 nonlinear eq. or two-sided ineq.)
NLP Solvers        :  #Problems  ProblemTi    #Solves  SolveTime      #Iter  Time/Iter      #Okay #TimeLimit #IterLimit #LObjLimit #Interrupt  #NumError #EvalError  #OutOfMem #LicenseEr #OtherTerm   #GlobOpt    #LocOpt  #Feasible #LocInfeas #GlobInfea #Unbounded   #Unknown
  ipopt            :         12       4.45         40     105.31       2302       0.05         40          0          0          0          0          0          0          0          0          0          0          0          0         31          0          0          9
B&B Tree           :
  number of runs   :          1
  nodes            :     102671 (59653 internal, 43018 leaves)
  feasible leaves  :          7
  infeas. leaves   :         12
  objective leaves :      42998
  nodes (total)    :     102671 (59653 internal, 43018 leaves)
  nodes left       :      16622
  max depth        :         53
  max depth (total):         53
  backtracks       :      21342 (20.8%)
  early backtracks :          0 (0.0%)
  nodes exc. ref.  :          0 (0.0%)
  delayed cutoffs  :          0
  repropagations   :         19 (1 domain reductions, 0 cutoffs)
  avg switch length:       4.07
  switching time   :     128.23
Estim. Tree Size   :     205370
Estimation Tree    : 119307 nodes (102685 visited, 59653 internal, 43032 leaves, 16622 open), weight: 0.0000 completed 0.0774
Estimations        :      estim      value      trend resolution     smooth
  wbe              : 10710538571          -          -          -          -
  tree-profile     :         -1          -          -          -          -
  gap              :    1272930    0.77507    0.00002         64    1240485
  tree-weight      :     205370    0.00001    0.00000         64     205172
  leaf-frequency   :     205370    0.41906   -0.00000         64     305317
  ssg              :    5877069    0.87786   -0.00002         64    5700515
  open-nodes       :     205370 16622.00000   13.44475         64     205172
Root Node          :
  First LP value   : -1.00000000000000e+00
  First LP Iters   :       1038 (12975.00 Iter/sec)
  First LP Time    :       0.08
  Final Dual Bound : -9.23866486335522e-01
  Final Root Iters :       3759
  Root LP Estimate : -4.79459563182927e-01
Solution           :
  Solutions found  :         51 (33 improvements)
  First Solution   : +1.00000000000000e+05   (in run 1, after 0 nodes, 0.03 seconds, depth 0, found by <trivial>)
  Gap First Sol.   :   infinite
  Gap Last Sol.    :      31.38 %
  Primal Bound     : -5.80379746835442e-01   (in run 1, after 68990 nodes, 2455.49 seconds, depth 20, found by <alns>)
  Dual Bound       : -7.48813291139242e-01
  Gap              :      29.02 %
Integrals          :      Total       Avg%
  primal-dual      :   95092.21      26.41
  primal-ref       :          -          - (not evaluated)
  dual-ref         :          -          - (not evaluated)
