SCIP Status        : solving was interrupted [time limit reached]
Total Time         :    3600.00
  solving          :    3600.00
  presolving       :       0.26 (included in solving)
  reading          :       0.00
  copying          :       0.48 (21 #copies) (minimal 0.00, maximal 0.05, average 0.02)
Original Problem   :
  Problem name     : bbbenchmark/g05_80.1.cut
  Variables        : 81 (80 binary, 0 integer, 0 implicit integer, 1 continuous)
  Constraints      : 1 initial, 1 maximal
  Objective        : minimize, 1 non-zeros (abs.min = 1, abs.max = 1)
Presolved Problem  :
  Problem name     : t_bbbenchmark/g05_80.1.cut
  Variables        : 1611 (80 binary, 0 integer, 1529 implicit integer, 2 continuous)
  Constraints      : 1533 initial, 5116 maximal
  Objective        : minimize, 1 non-zeros (abs.min = 1, abs.max = 1)
  Nonzeros         : 6305 constraint, 162 clique table
Presolvers         :   ExecTime  SetupTime  Calls  FixedVars   AggrVars   ChgTypes  ChgBounds   AddHoles    DelCons    AddCons   ChgSides   ChgCoefs
  boundshift       :       0.00       0.00      0          0          0          0          0          0          0          0          0          0
  convertinttobin  :       0.00       0.00      0          0          0          0          0          0          0          0          0          0
  domcol           :       0.00       0.00      1          0          0          0          0          0          0          0          0          0
  dualagg          :       0.00       0.00      0          0          0          0          0          0          0          0          0          0
  dualcomp         :       0.00       0.00      1          0          0          0          0          0          0          0          0          0
  dualinfer        :       0.00       0.00      0          0          0          0          0          0          0          0          0          0
  dualsparsify     :       0.00       0.00      1          0          0          0          0          0          0          0          0          0
  gateextraction   :       0.00       0.00      0          0          0          0          0          0          0          0          0          0
  implics          :       0.00       0.00      2          0          0          0          0          0          0          0          0          0
  inttobinary      :       0.00       0.00      0          0          0          0          0          0          0          0          0          0
  qpkktref         :       0.00       0.00      0          0          0          0          0          0          0          0          0          0
  redvub           :       0.00       0.00      0          0          0          0          0          0          0          0          0          0
  sparsify         :       0.00       0.00      1          0          0          0          0          0          0          0          0          0
  stuffing         :       0.00       0.00      0          0          0          0          0          0          0          0          0          0
  trivial          :       0.00       0.00      4          0          0          0          0          0          0          0          0          0
  tworowbnd        :       0.00       0.00      0          0          0          0          0          0          0          0          0          0
  dualfix          :       0.00       0.00      4          0          0          0          0          0          0          0          0          0
  genvbounds       :       0.00       0.00      0          0          0          0          0          0          0          0          0          0
  probing          :       0.12       0.00      1          0          0          0          0          0          0          0          0          0
  pseudoobj        :       0.00       0.00      1          0          0          0          1          0          0          0          0          0
  symmetry         :       0.00       0.00      0          0          0          0          0          0          0          0          0          0
  vbounds          :       0.00       0.00      1          0          0          0          0          0          0          0          0          0
  varbound         :       0.00       0.00      2          0          0          0          0          0          0          0          0          0
  and              :       0.00       0.00      2          0          0          0          0          0          0          0          0          0
  linear           :       0.00       0.00      2          0          0          0          0          0          0          0          0          0
  logicor          :       0.00       0.00      0          0          0          0          0          0          0          0          0          0
  bounddisjunction :       0.00       0.00      0          0          0          0          0          0          0          0          0          0
  nonlinear        :       0.14       0.01      5          0          0          0          1          0          0       1532          0          0
  benders          :       0.00       0.00      0          0          0          0          0          0          0          0          0          0
  components       :       0.00       0.00      1          0          0          0          0          0          0          0          0          0
  root node        :          -          -      -          0          -          -         25          -          -          -          -          -
Constraints        :     Number  MaxNumber  #Separate #Propagate    #EnfoLP    #EnfoRelax  #EnfoPS    #Check   #ResProp    Cutoffs    DomReds       Cuts    Applied      Conss   Children
  benderslp        :          0          0          0          0      37356          0          0       1702          0          0          0          0          0          0          0
  integral         :          0          0          0          0      37356          0          0       1702          0          0       2617          0          0        821      73334
  varbound         :          1          1         71      54878          0          0          0         50          0          0        281          0          0          0          0
  and              :       1529       1529      47823     320692         15          0          0         50     126407          0    1209143       6103       5929          0          0
  linear           :          3+        10         71     320695         15          0          0         48         52          1      25790          0          0          0          0
  logicor          :          0+      3561          0      74873          0          0          0          0         61        202         30          0          0          0          0
  bounddisjunction :          0+       299          0       8086          0          0          0          0          0          6          0          0          0          0          0
  benders          :          0          0          0          0         15          0          0         39          0          0          0          0          0          0          0
  countsols        :          0          0          0          0         15          0          0         39          0          0          0          0          0          0          0
  components       :          0          0          0          0          0          0          0          0          0          0          0          0          0          0          0
Constraint Timings :  TotalTime  SetupTime   Separate  Propagate     EnfoLP     EnfoPS     EnfoRelax   Check    ResProp    SB-Prop
  benderslp        :       0.02       0.00       0.00       0.00       0.02       0.00       0.00       0.00       0.00       0.00
  integral         :      45.38       0.00       0.00       0.00      45.38       0.00       0.00       0.00       0.00       0.00
  varbound         :       0.05       0.00       0.00       0.04       0.00       0.00       0.00       0.00       0.00       0.01
  and              :      40.35       0.00      25.20      14.76       0.00       0.00       0.00       0.01       0.08       0.30
  linear           :       0.38       0.00       0.03       0.34       0.00       0.00       0.00       0.00       0.00       0.01
  logicor          :       3.37       0.00       0.00       3.33       0.00       0.00       0.00       0.00       0.00       0.04
  bounddisjunction :       0.08       0.00       0.00       0.08       0.00       0.00       0.00       0.00       0.00       0.00
  benders          :       0.00       0.00       0.00       0.00       0.00       0.00       0.00       0.00       0.00       0.00
  countsols        :       0.00       0.00       0.00       0.00       0.00       0.00       0.00       0.00       0.00       0.00
  components       :       0.07       0.00       0.00       0.07       0.00       0.00       0.00       0.00       0.00       0.00
Propagators        : #Propagate   #ResProp    Cutoffs    DomReds
  dualfix          :          2          0          0          0
  genvbounds       :          0          0          0          0
  nlobbt           :          0          0          0          0
  obbt             :          0          0          0          0
  probing          :          0          0          0          0
  pseudoobj        :     175585          0          0         25
  redcost          :      96210          0          0      53050
  rootredcost      :         25          0          0          0
  symmetry         :          0          0          0          0
  vbounds          :      29856          0          0          0
Propagator Timings :  TotalTime  SetupTime   Presolve  Propagate    ResProp    SB-Prop
  dualfix          :       0.00       0.00       0.00       0.00       0.00       0.00
  genvbounds       :       0.19       0.00       0.00       0.19       0.00       0.00
  nlobbt           :       0.00       0.00       0.00       0.00       0.00       0.00
  obbt             :       0.00       0.00       0.00       0.00       0.00       0.00
  probing          :       0.12       0.00       0.12       0.00       0.00       0.00
  pseudoobj        :       0.34       0.00       0.00       0.34       0.00       0.00
  redcost          :       5.64       0.00       0.00       5.64       0.00       0.00
  rootredcost      :       0.19       0.00       0.00       0.19       0.00       0.00
  symmetry         :       0.12       0.00       0.00       0.12       0.00       0.00
  vbounds          :       0.22       0.00       0.00       0.22       0.00       0.00
Conflict Analysis  :       Time      Calls    Success    DomReds  Conflicts   Literals    Reconvs ReconvLits   Dualrays   Nonzeros   LP Iters   (pool size: [10000,10000])
  propagation      :       0.00        208        170          -        190       44.4          0        0.0          -          -          -
  infeasible LP    :       0.00          0          0          -          0        0.0          0        0.0          7       82.9          0
  bound exceed. LP :       9.02       4078       3054          -      42553       68.6          0        0.0          0        0.0      20210
  strong branching :       0.00          0          0          -          0        0.0          0        0.0          -          -          0
  pseudo solution  :       0.00          0          0          -          0        0.0          0        0.0          -          -          -
  applied globally :       0.13          -          -          0      12390       73.9          -          -          7          -          -
  applied locally  :          -          -          -          0          0        0.0          -          -          0          -          -
Separators         :   ExecTime  SetupTime      Calls  RootCalls    Cutoffs    DomReds  FoundCuts ViaPoolAdd  DirectAdd    Applied ViaPoolApp  DirectApp      Conss
  cut pool         :       4.22          -      17866         96          -          -      33491     970524          -          -          -          -          -    (maximal pool size:       2403)
  aggregation      :     265.92       0.00       5303         71          0          0        102        486          0         58         58          0          0
  > cmir           :          -          -          -          -          -          -          -        486          0         58         58          0          -
  > flowcover      :          -          -          -          -          -          -          -          0          0          0          0          0          -
  > knapsackcover  :          -          -          -          -          -          -          -          0          0          0          0          0          -
  cgmip            :       0.00       0.00          0          0          0          0          0          0          0          0          0          0          0
  clique           :       0.00       0.00         71         71          0          0          0          0          0          0          0          0          0
  closecuts        :       0.00       0.00          0          0          0          0          0          0          0          0          0          0          0
  convexproj       :       0.00       0.00          0          0          0          0          0          0          0          0          0          0          0
  disjunctive      :       0.00       0.00          0          0          0          0          0          0          0          0          0          0          0
  eccuts           :       0.00       0.00          0          0          0          0          0          0          0          0          0          0          0
  gauge            :       0.00       0.00          0          0          0          0          0          0          0          0          0          0          0
  gomory           :       0.00       0.00          0          0          0          0          0          0          0          0          0          0          0
  > gomorymi       :          -          -          -          -          -          -          -          0          0          0          0          0          -
  > strongcg       :          -          -          -          -          -          -          -          0          0          0          0          0          -
  impliedbounds    :       0.21       0.00       5303         71          0          0          4          0          0          0          0          0          0
  interlattice     :       0.00       0.00          0          0          0          0          0          0          0          0          0          0          0
  interminor       :       0.00       0.00          0          0          0          0          0          0          0          0          0          0          0
  intersub         :       0.34       0.00         40         40          0          0         40          0         40         40          0         40          0
  intobj           :       0.00       0.00          0          0          0          0          0          0          0          0          0          0          0
  mcf              :       0.00       0.00          1          1          0          0          0          0          0          0          0          0          0
  minor            :       0.02       0.00          0          0          0          0          0          0          0          0          0          0          0
  mixing           :       0.01       0.00       5310         71          0          0          0          0          0          0          0          0          0
  oddcycle         :       0.00       0.00          0          0          0          0          0          0          0          0          0          0          0
  rapidlearning    :       0.00       0.00          0          0          0          0          0          0          0          0          0          0          0
  rlt              :       0.00       0.00         10         10          0          0          0          0          0          0          0          0          0
  zerohalf         :      46.40       0.00       4481         20          0          0      33385     970038          0     112574     112574          0          0
Cutselectors       :   ExecTime  SetupTime      Calls  RootCalls   Selected     Forced   Filtered  RootSelec   RootForc   RootFilt 
  hybrid           :       0.88       0.00      13592         70     118601          0     858066        243          0          2
Pricers            :   ExecTime  SetupTime      Calls       Vars
  problem variables:       0.00          -          0          0
Branching Rules    :   ExecTime  SetupTime   BranchLP  BranchExt   BranchPS    Cutoffs    DomReds       Cuts      Conss   Children
  allfullstrong    :       0.00       0.00          0          0          0          0          0          0          0          0
  cloud            :       0.00       0.00          0          0          0          0          0          0          0          0
  distribution     :       0.00       0.00          0          0          0          0          0          0          0          0
  fullstrong       :       0.00       0.00          0          0          0          0          0          0          0          0
  inference        :       0.00       0.00          0          0          0          0          0          0          0          0
  leastinf         :       0.00       0.00          0          0          0          0          0          0          0          0
  lookahead        :       0.00       0.00          0          0          0          0          0          0          0          0
  mostinf          :       0.00       0.00          0          0          0          0          0          0          0          0
  multaggr         :       0.00       0.00          0          0          0          0          0          0          0          0
  nodereopt        :       0.00       0.00          0          0          0          0          0          0          0          0
  pscost           :       0.00       0.00          0          0          0          0          0          0          0          0
  random           :       0.00       0.00          0          0          0          0          0          0          0          0
  relpscost        :      45.25       0.00      37341          0          0          0       2617          0        821      73334
  vanillafullstrong:       0.00       0.00          0          0          0          0          0          0          0          0
Primal Heuristics  :   ExecTime  SetupTime      Calls      Found       Best
  LP solutions     :       0.00          -          -         15         15
  relax solutions  :       0.00          -          -          0          0
  pseudo solutions :       0.00          -          -          0          0
  strong branching :       0.02          -          -          0          0
  actconsdiving    :       0.00       0.00          0          0          0
  adaptivediving   :      14.93       0.00        107          1          1
  alns             :       2.80       0.00         17          5          4
  bound            :       0.00       0.00          0          0          0
  clique           :       0.01       0.00          1          0          0
  coefdiving       :       0.00       0.00          0          0          0
  completesol      :       0.00       0.00          0          0          0
  conflictdiving   :      27.73       0.00        232          0          0
  crossover        :       0.24       0.00          3          1          1
  dins             :       0.00       0.00          0          0          0
  distributiondivin:      44.86       0.00        232          0          0
  dps              :       0.00       0.00          0          0          0
  dualval          :       0.00       0.00          0          0          0
  farkasdiving     :       0.01       0.00          0          0          0
  feaspump         :       0.00       0.00          0          0          0
  fixandinfer      :       0.00       0.00          0          0          0
  fracdiving       :      33.58       0.00        233          0          0
  gins             :       0.04       0.00          0          0          0
  guideddiving     :      26.88       0.00        232          2          2
  indicator        :       0.07       0.00          0          0          0
  indicatordiving  :       0.00       0.00          0          0          0
  intdiving        :       0.00       0.00          0          0          0
  intshifting      :       0.18       0.00         21          0          0
  linesearchdiving :      24.17       0.00        232          0          0
  localbranching   :       0.00       0.00          0          0          0
  locks            :       0.00       0.00          1          0          0
  lpface           :       0.01       0.00          0          0          0
  mpec             :       1.42       0.00          1          0          0
  multistart       :       0.00       0.00          0          0          0
  mutation         :       0.00       0.00          0          0          0
  nlpdiving        :       6.76       0.00          9          0          0
  objpscostdiving  :     117.03       0.00         67         11          2
  octane           :       0.00       0.00          0          0          0
  ofins            :       0.03       0.00          0          0          0
  oneopt           :       0.07       0.00         33          0          0
  padm             :       0.00       0.00          0          0          0
  proximity        :       0.00       0.00          0          0          0
  pscostdiving     :      38.74       0.00        233          0          0
  randrounding     :       0.23       0.00       1659          0          0
  rens             :       0.00       0.00          0          0          0
  reoptsols        :       0.00       0.00          0          0          0
  repair           :       0.00       0.00          0          0          0
  rins             :       0.00       0.00          0          0          0
  rootsoldiving    :      53.57       0.00         53          5          0
  rounding         :       0.77       0.00       3067          0          0
  shiftandpropagate:       0.00       0.00          0          0          0
  shifting         :      46.78       0.00      11346          9          8
  simplerounding   :       0.09       0.00          0          0          0
  subnlp           :      71.88       0.00          0          0          0
  trivial          :       0.00       0.00          2          2          2
  trivialnegation  :       0.00       0.00          0          0          0
  trustregion      :       0.00       0.00          0          0          0
  trysol           :       0.05       0.00          0          0          0
  twoopt           :       0.00       0.00          0          0          0
  undercover       :       0.72       0.00          1          0          0
  vbounds          :       0.00       0.00          0          0          0
  veclendiving     :      24.76       0.00        233          0          0
  zeroobj          :       0.00       0.00          0          0          0
  zirounding       :       0.32       0.00       1000          0          0
  other solutions  :          -          -          -          0          -
Diving (single)    :      Calls      Nodes   LP Iters Backtracks  Conflicts   MinDepth   MaxDepth   AvgDepth  RoundSols  NLeafSols  MinSolDpt  MaxSolDpt  AvgSolDpt
  actconsdiving    :          0          -          -          -          -          -          -          -          -          -          -          -          -
  coefdiving       :          0          -          -          -          -          -          -          -          -          -          -          -          -
  conflictdiving   :        232       7977     206352        238       8661         37         69       50.1          0          -          -          -          -
  distributiondivin:        232       5980     300011        256       3650         33         55       40.5          0          -          -          -          -
  farkasdiving     :          0          -          -          -          -          -          -          -          -          -          -          -          -
  fracdiving       :        233      41025     267182        170       1812         50        571      191.3          0          -          -          -          -
  guideddiving     :        232      31212     220650        107       2172         45        445      150.6          0          2         70         79       74.5
  indicatordiving  :          0          -          -          -          -          -          -          -          -          -          -          -          -
  linesearchdiving :        232       7889     204965        254       6566         34         70       49.6          0          -          -          -          -
  pscostdiving     :        233       7323     310402        242       6124         37         60       46.2          0          -          -          -          -
  veclendiving     :        233       7005     208433        238       7603         37         66       45.5          0          -          -          -          -
Diving (adaptive)  :      Calls      Nodes   LP Iters Backtracks  Conflicts   MinDepth   MaxDepth   AvgDepth  RoundSols  NLeafSols  MinSolDpt  MaxSolDpt  AvgSolDpt
  actconsdiving    :         21        597      25628         14        271         35         46       41.8          0          1         43         43       43.0
  coefdiving       :         25        749      22442         26        976         36         60       44.5          0          -          -          -          -
  conflictdiving   :          0          -          -          -          -          -          -          -          -          -          -          -          -
  distributiondivin:          0          -          -          -          -          -          -          -          -          -          -          -          -
  farkasdiving     :          0          -          -          -          -          -          -          -          -          -          -          -          -
  fracdiving       :         11       2516      13930          7        117         47        489      243.3          0          -          -          -          -
  guideddiving     :         14       2550      14828          6        131         47        424      197.4          0          -          -          -          -
  indicatordiving  :          0          -          -          -          -          -          -          -          -          -          -          -          -
  linesearchdiving :          7        259       6964          7        203         38         62       51.7          0          -          -          -          -
  pscostdiving     :         12        369      16163         12        394         42         52       44.8          0          -          -          -          -
  veclendiving     :         17        494      16186         17        445         37         58       44.2          0          -          -          -          -
Neighborhoods      :      Calls  SetupTime  SolveTime SolveNodes       Sols       Best       Exp3  EpsGreedy        UCB TgtFixRate  Opt  Inf Node Stal  Sol  Usr Othr Actv
  rens             :          1       0.00       0.01          0          0          0    0.00000   -1.00000    0.56800      0.700    0    1    0    0    0    0    0    1
  rins             :          1       0.01       0.00          1          0          0    0.00000   -1.00000    0.56700      0.700    0    1    0    0    0    0    0    1
  mutation         :          4       0.15       0.23        110          2          2    0.00000   -1.00000    0.53600      0.578    1    2    0    1    0    0    0    1
  localbranching   :          1       0.03       0.01          1          0          0    0.00000   -1.00000    0.56700      0.700    0    1    0    0    0    0    0    1
  crossover        :          2       0.11       0.04         17          0          0    0.00000   -1.00000    0.52648      0.550    0    2    0    0    0    0    0    1
  proximity        :          4       0.16       1.82        448          3          2    0.00000   -1.00000    0.50872      0.747    2    0    0    2    0    0    0    1
  zeroobjective    :          2       0.08       0.02          5          0          0    0.00000   -1.00000    0.54173      0.550    0    2    0    0    0    0    0    1
  dins             :          2       0.08       0.02          3          0          0    0.00000   -1.00000    0.54427      0.550    0    2    0    0    0    0    0    1
  trustregion      :          0       0.00       0.00          0          0          0    0.00000   -1.00000    1.00000      0.900    0    0    0    0    0    0    0    0
Expressions        :   #IntEval  IntEvalTi   #RevProp  RevPropTi    DomReds    Cutoffs  #Estimate  EstimTime  Branching  #Simplify SimplifyTi Simplified
  pow              :          0       0.00          0       0.00          0          0          0       0.00          0          0       0.00          0
  prod             :       6320       0.00          0       0.00          0          0          0       0.00          0       4689       0.01          0
  sum              :          8       0.03          2       0.00          0          0          0       0.00          0          3       0.01          2
  var              :       5482       0.00          0       0.00          0          0          0       0.00          0      11151       0.02          0
  varidx           :          0       0.00          0       0.00          0          0          0       0.00          0          0       0.00          0
LP                 :       Time      Calls Iterations  Iter/call   Iter/sec  Time-0-It Calls-0-It    ItLimit
  primal LP        :     137.57       6329          0       0.00       0.00     137.53       6329
  dual LP          :    2433.65      85730   10248542     131.72    4211.18       3.80       7926
  lex dual LP      :       0.00          0          0       0.00          -
  barrier LP       :       0.00          0          0       0.00          -       0.00          0
  resolve instable :       0.00          0          0       0.00          -
  diving/probing LP:     367.64      10540    2647771     251.21    7202.08
  strong branching :      30.41       1636     250012     152.82    8221.37          -          -        106
    (at root node) :          -         19       5492     289.05          -
  conflict analysis:       3.87       2049      20210       9.86    5222.22
NLP relaxation     :
  solve time       :       6.76 (9 calls)
  convexity        :  nonconvex (4 linear rows, 0 convex ineq., 0 nonconvex ineq., 1529 nonlinear eq. or two-sided ineq.)
NLP Solvers        :  #Problems  ProblemTi    #Solves  SolveTime      #Iter  Time/Iter      #Okay #TimeLimit #IterLimit #LObjLimit #Interrupt  #NumError #EvalError  #OutOfMem #LicenseEr #OtherTerm   #GlobOpt    #LocOpt  #Feasible #LocInfeas #GlobInfea #Unbounded   #Unknown
  ipopt            :          2       2.84         12       8.19        301       0.03         12          0          0          0          0          0          0          0          0          0          0          0          0          3          0          0          9
B&B Tree           :
  number of runs   :          1
  nodes            :      63543 (36667 internal, 26876 leaves)
  feasible leaves  :         15
  infeas. leaves   :          3
  objective leaves :      26857
  nodes (total)    :      63543 (36667 internal, 26876 leaves)
  nodes left       :       9770
  max depth        :         48
  max depth (total):         48
  backtracks       :      14410 (22.7%)
  early backtracks :          0 (0.0%)
  nodes exc. ref.  :          0 (0.0%)
  delayed cutoffs  :          0
  repropagations   :         22 (12 domain reductions, 0 cutoffs)
  avg switch length:       4.34
  switching time   :     147.05
Estim. Tree Size   :     127130
Estimation Tree    : 73335 nodes (63565 visited, 36667 internal, 26898 leaves, 9770 open), weight: 0.0000 completed 0.1141
Estimations        :      estim      value      trend resolution     smooth
  wbe              : 13005843466          -          -          -          -
  tree-profile     :         -1          -          -          -          -
  gap              :     537645    0.76840    0.00003         32     533383
  tree-weight      :     127130    0.00000    0.00000         32     126984
  leaf-frequency   :     127130    0.42315   -0.00002         32     169912
  ssg              :     736317    0.81988   -0.00008         32     756966
  open-nodes       :     127130 9770.00000    8.82087         32     126984
Root Node          :
  First LP value   : -1.00000000000000e+00
  First LP Iters   :       1054 (21080.00 Iter/sec)
  First LP Time    :       0.05
  Final Dual Bound : -9.22895443896374e-01
  Final Root Iters :       3930
  Root LP Estimate : -4.95954646426731e-01
Solution           :
  Solutions found  :         51 (35 improvements)
  First Solution   : +1.00000000000000e+05   (in run 1, after 0 nodes, 0.04 seconds, depth 0, found by <trivial>)
  Gap First Sol.   :   infinite
  Gap Last Sol.    :      38.01 %
  Primal Bound     : -5.75316455696202e-01   (in run 1, after 17647 nodes, 875.53 seconds, depth 32, found by <crossover>)
  Dual Bound       : -7.48723388952821e-01
  Gap              :      30.14 %
Integrals          :      Total       Avg%
  primal-dual      :   95950.23      26.65
  primal-ref       :          -          - (not evaluated)
  dual-ref         :          -          - (not evaluated)
