SCIP Status        : solving was interrupted [time limit reached]
Total Time         :    3600.00
  solving          :    3600.00
  presolving       :       0.34 (included in solving)
  reading          :       0.00
  copying          :       1.24 (36 #copies) (minimal 0.00, maximal 0.07, average 0.03)
Original Problem   :
  Problem name     : bbbenchmark/g05_80.8.cut
  Variables        : 81 (80 binary, 0 integer, 0 implicit integer, 1 continuous)
  Constraints      : 1 initial, 1 maximal
  Objective        : minimize, 1 non-zeros (abs.min = 1, abs.max = 1)
Presolved Problem  :
  Problem name     : t_bbbenchmark/g05_80.8.cut
  Variables        : 1612 (80 binary, 0 integer, 1530 implicit integer, 2 continuous)
  Constraints      : 1534 initial, 7222 maximal
  Objective        : minimize, 1 non-zeros (abs.min = 1, abs.max = 1)
  Nonzeros         : 6307 constraint, 162 clique table
Presolvers         :   ExecTime  SetupTime  Calls  FixedVars   AggrVars   ChgTypes  ChgBounds   AddHoles    DelCons    AddCons   ChgSides   ChgCoefs
  boundshift       :       0.00       0.00      0          0          0          0          0          0          0          0          0          0
  convertinttobin  :       0.00       0.00      0          0          0          0          0          0          0          0          0          0
  domcol           :       0.00       0.00      1          0          0          0          0          0          0          0          0          0
  dualagg          :       0.00       0.00      0          0          0          0          0          0          0          0          0          0
  dualcomp         :       0.00       0.00      1          0          0          0          0          0          0          0          0          0
  dualinfer        :       0.00       0.00      0          0          0          0          0          0          0          0          0          0
  dualsparsify     :       0.00       0.00      1          0          0          0          0          0          0          0          0          0
  gateextraction   :       0.00       0.00      0          0          0          0          0          0          0          0          0          0
  implics          :       0.00       0.00      2          0          0          0          0          0          0          0          0          0
  inttobinary      :       0.00       0.00      0          0          0          0          0          0          0          0          0          0
  qpkktref         :       0.00       0.00      0          0          0          0          0          0          0          0          0          0
  redvub           :       0.00       0.00      0          0          0          0          0          0          0          0          0          0
  sparsify         :       0.00       0.00      1          0          0          0          0          0          0          0          0          0
  stuffing         :       0.00       0.00      0          0          0          0          0          0          0          0          0          0
  trivial          :       0.00       0.00      4          0          0          0          0          0          0          0          0          0
  tworowbnd        :       0.00       0.00      0          0          0          0          0          0          0          0          0          0
  dualfix          :       0.00       0.00      4          0          0          0          0          0          0          0          0          0
  genvbounds       :       0.00       0.00      0          0          0          0          0          0          0          0          0          0
  probing          :       0.23       0.00      1          0          0          0          0          0          0          0          0          0
  pseudoobj        :       0.00       0.00      1          0          0          0          1          0          0          0          0          0
  symmetry         :       0.00       0.00      0          0          0          0          0          0          0          0          0          0
  vbounds          :       0.00       0.00      1          0          0          0          0          0          0          0          0          0
  varbound         :       0.00       0.00      2          0          0          0          0          0          0          0          0          0
  and              :       0.01       0.01      2          0          0          0          0          0          0          0          0          0
  linear           :       0.00       0.00      2          0          0          0          0          0          0          0          0          0
  logicor          :       0.00       0.00      0          0          0          0          0          0          0          0          0          0
  bounddisjunction :       0.00       0.00      0          0          0          0          0          0          0          0          0          0
  nonlinear        :       0.10       0.00      5          0          0          0          1          0          0       1533          0          0
  benders          :       0.00       0.00      0          0          0          0          0          0          0          0          0          0
  components       :       0.00       0.00      1          0          0          0          0          0          0          0          0          0
  root node        :          -          -      -          0          -          -         25          -          -          -          -          -
Constraints        :     Number  MaxNumber  #Separate #Propagate    #EnfoLP    #EnfoRelax  #EnfoPS    #Check   #ResProp    Cutoffs    DomReds       Cuts    Applied      Conss   Children
  benderslp        :          0          0          0          0      70424          0          0       2912          0          0          0          0          0          0          0
  integral         :          0          0          0          0      70424          0          0       2912          0          0       4458          0          0       1550     138504
  varbound         :          1          1         22       8545          0          0          0         35          0          0        249          0          0          0          0
  and              :       1530       1530      83994     489409         10          0          0         35     273692          3    2663343       6460       6239          0          0
  linear           :          3          3         22     489409         10          0          0         33          6          0      11383          0          0          0          0
  logicor          :          0+      5688          0     135236          0          0          0          0        273        452         60          0          0          0          0
  bounddisjunction :          0+         6          0       1542          0          0          0          0          0          0          0          0          0          0          0
  benders          :          0          0          0          0         10          0          0         32          0          0          0          0          0          0          0
  countsols        :          0          0          0          0         10          0          0         32          0          0          0          0          0          0          0
  components       :          0          0          0          0          0          0          0          0          0          0          0          0          0          0          0
Constraint Timings :  TotalTime  SetupTime   Separate  Propagate     EnfoLP     EnfoPS     EnfoRelax   Check    ResProp    SB-Prop
  benderslp        :       0.09       0.00       0.00       0.00       0.08       0.00       0.00       0.01       0.00       0.00
  integral         :      49.87       0.00       0.00       0.00      49.87       0.00       0.00       0.00       0.00       0.00
  varbound         :       0.02       0.00       0.00       0.02       0.00       0.00       0.00       0.00       0.00       0.00
  and              :      74.58       0.01      45.41      28.37       0.00       0.00       0.00       0.00       0.24       0.55
  linear           :       0.67       0.00       0.00       0.67       0.00       0.00       0.00       0.00       0.00       0.00
  logicor          :       8.09       0.00       0.00       8.07       0.00       0.00       0.00       0.00       0.00       0.02
  bounddisjunction :       0.01       0.00       0.00       0.01       0.00       0.00       0.00       0.00       0.00       0.00
  benders          :       0.00       0.00       0.00       0.00       0.00       0.00       0.00       0.00       0.00       0.00
  countsols        :       0.00       0.00       0.00       0.00       0.00       0.00       0.00       0.00       0.00       0.00
  components       :       0.19       0.00       0.00       0.18       0.00       0.00       0.00       0.00       0.00       0.01
Propagators        : #Propagate   #ResProp    Cutoffs    DomReds
  dualfix          :          2          0          0          0
  genvbounds       :          0          0          0          0
  nlobbt           :          0          0          0          0
  obbt             :          0          0          0          0
  probing          :          0          0          0          0
  pseudoobj        :     331778          0          0         25
  redcost          :     171525          0          0     163199
  rootredcost      :         19          0          0          0
  symmetry         :          0          0          0          0
  vbounds          :      43475          0          0          0
Propagator Timings :  TotalTime  SetupTime   Presolve  Propagate    ResProp    SB-Prop
  dualfix          :       0.00       0.00       0.00       0.00       0.00       0.00
  genvbounds       :       0.43       0.00       0.00       0.42       0.00       0.01
  nlobbt           :       0.00       0.00       0.00       0.00       0.00       0.00
  obbt             :       0.00       0.00       0.00       0.00       0.00       0.00
  probing          :       0.23       0.00       0.23       0.00       0.00       0.00
  pseudoobj        :       0.55       0.00       0.00       0.54       0.00       0.01
  redcost          :      10.15       0.00       0.00      10.15       0.00       0.00
  rootredcost      :       0.55       0.00       0.00       0.53       0.00       0.02
  symmetry         :       0.24       0.00       0.00       0.24       0.00       0.00
  vbounds          :       0.42       0.00       0.00       0.42       0.00       0.00
Conflict Analysis  :       Time      Calls    Success    DomReds  Conflicts   Literals    Reconvs ReconvLits   Dualrays   Nonzeros   LP Iters   (pool size: [10000,10000])
  propagation      :       0.00        455        335          -        371       45.7          0        0.0          -          -          -
  infeasible LP    :       0.00          0          0          -          0        0.0          0        0.0          0        0.0          0
  bound exceed. LP :      14.55       7492       6281          -      87074       67.2          2       38.0          0        0.0      30966
  strong branching :       0.00          0          0          -          0        0.0          0        0.0          -          -          0
  pseudo solution  :       0.00          0          0          -          0        0.0          0        0.0          -          -          -
  applied globally :       0.45          -          -          0      25553       72.1          -          -          0          -          -
  applied locally  :          -          -          -          0          0        0.0          -          -          0          -          -
Separators         :   ExecTime  SetupTime      Calls  RootCalls    Cutoffs    DomReds  FoundCuts ViaPoolAdd  DirectAdd    Applied ViaPoolApp  DirectApp      Conss
  cut pool         :       3.84          -      21929         43          -          -      35484     684591          -          -          -          -          -    (maximal pool size:       2131)
  aggregation      :       8.78       0.00       4734         22          0          0        416       5172          0       1821       1821          0          0
  > cmir           :          -          -          -          -          -          -          -       5172          0       1821       1821          0          -
  > flowcover      :          -          -          -          -          -          -          -          0          0          0          0          0          -
  > knapsackcover  :          -          -          -          -          -          -          -          0          0          0          0          0          -
  cgmip            :       0.00       0.00          0          0          0          0          0          0          0          0          0          0          0
  clique           :       0.00       0.00         22         22          0          0          0          0          0          0          0          0          0
  closecuts        :       0.00       0.00          0          0          0          0          0          0          0          0          0          0          0
  convexproj       :       0.00       0.00          0          0          0          0          0          0          0          0          0          0          0
  disjunctive      :       0.00       0.00          0          0          0          0          0          0          0          0          0          0          0
  eccuts           :       0.00       0.00          0          0          0          0          0          0          0          0          0          0          0
  gauge            :       0.00       0.00          0          0          0          0          0          0          0          0          0          0          0
  gomory           :       0.00       0.00          0          0          0          0          0          0          0          0          0          0          0
  > gomorymi       :          -          -          -          -          -          -          -          0          0          0          0          0          -
  > strongcg       :          -          -          -          -          -          -          -          0          0          0          0          0          -
  impliedbounds    :       0.24       0.00       4734         22          0          0          4          0          0          0          0          0          0
  interlattice     :       0.00       0.00          0          0          0          0          0          0          0          0          0          0          0
  interminor       :       0.00       0.00          0          0          0          0          0          0          0          0          0          0          0
  intersub         :       0.00       0.00          0          0          0          0          0          0          0          0          0          0          0
  intobj           :       0.00       0.00          0          0          0          0          0          0          0          0          0          0          0
  mcf              :       0.00       0.00          1          1          0          0          0          0          0          0          0          0          0
  minor            :       0.01       0.00          0          0          0          0          0          0          0          0          0          0          0
  mixing           :       0.01       0.00       4736         22          0          0          0          0          0          0          0          0          0
  oddcycle         :       0.00       0.00          0          0          0          0          0          0          0          0          0          0          0
  rapidlearning    :       0.00       0.00          0          0          0          0          0          0          0          0          0          0          0
  rlt              :       0.00       0.00         10         10          0          0          0          0          0          0          0          0          0
  zerohalf         :      40.05       0.00       4372         20          0          0      35064     679419          0     105549     105549          0          0
Cutselectors       :   ExecTime  SetupTime      Calls  RootCalls   Selected     Forced   Filtered  RootSelec   RootForc   RootFilt 
  hybrid           :       0.64       0.00      16593         20     113609          0     577442        182          0          4
Pricers            :   ExecTime  SetupTime      Calls       Vars
  problem variables:       0.00          -          0          0
Branching Rules    :   ExecTime  SetupTime   BranchLP  BranchExt   BranchPS    Cutoffs    DomReds       Cuts      Conss   Children
  allfullstrong    :       0.00       0.00          0          0          0          0          0          0          0          0
  cloud            :       0.00       0.00          0          0          0          0          0          0          0          0
  distribution     :       0.00       0.00          0          0          0          0          0          0          0          0
  fullstrong       :       0.00       0.00          0          0          0          0          0          0          0          0
  inference        :       0.00       0.00          0          0          0          0          0          0          0          0
  leastinf         :       0.00       0.00          0          0          0          0          0          0          0          0
  lookahead        :       0.00       0.00          0          0          0          0          0          0          0          0
  mostinf          :       0.00       0.00          0          0          0          0          0          0          0          0
  multaggr         :       0.00       0.00          0          0          0          0          0          0          0          0
  nodereopt        :       0.00       0.00          0          0          0          0          0          0          0          0
  pscost           :       0.00       0.00          0          0          0          0          0          0          0          0
  random           :       0.00       0.00          0          0          0          0          0          0          0          0
  relpscost        :      49.53       0.00      70414          0          0          0       4458          0       1552     138504
  vanillafullstrong:       0.00       0.00          0          0          0          0          0          0          0          0
Primal Heuristics  :   ExecTime  SetupTime      Calls      Found       Best
  LP solutions     :       0.00          -          -         10         10
  relax solutions  :       0.00          -          -          0          0
  pseudo solutions :       0.00          -          -          0          0
  strong branching :       0.01          -          -          0          0
  actconsdiving    :       0.00       0.00          0          0          0
  adaptivediving   :       3.15       0.00         39          0          0
  alns             :       4.63       0.00         27          7          7
  bound            :       0.00       0.00          0          0          0
  clique           :       0.00       0.00          1          0          0
  coefdiving       :       0.00       0.00          0          0          0
  completesol      :       0.00       0.00          0          0          0
  conflictdiving   :      32.80       0.00        423          0          0
  crossover        :       0.13       0.00          1          0          0
  dins             :       0.00       0.00          0          0          0
  distributiondivin:      55.06       0.00        423          0          0
  dps              :       0.00       0.00          0          0          0
  dualval          :       0.00       0.00          0          0          0
  farkasdiving     :       0.02       0.00          0          0          0
  feaspump         :       0.00       0.00          0          0          0
  fixandinfer      :       0.00       0.00          0          0          0
  fracdiving       :      34.83       0.00        423          0          0
  gins             :       0.12       0.00          0          0          0
  guideddiving     :      31.81       0.00        423          1          1
  indicator        :       0.16       0.00          0          0          0
  indicatordiving  :       0.00       0.00          0          0          0
  intdiving        :       0.00       0.00          0          0          0
  intshifting      :       0.21       0.00         39          0          0
  linesearchdiving :      32.55       0.00        423          0          0
  localbranching   :       0.00       0.00          0          0          0
  locks            :       0.00       0.00          1          0          0
  lpface           :       0.09       0.00          0          0          0
  mpec             :      89.99       0.00         11          0          0
  multistart       :       0.00       0.00          0          0          0
  mutation         :       0.00       0.00          0          0          0
  nlpdiving        :       8.63       0.00          8          0          0
  objpscostdiving  :      41.98       0.00         67          6          0
  octane           :       0.00       0.00          0          0          0
  ofins            :       0.10       0.00          0          0          0
  oneopt           :       0.17       0.00         29          0          0
  padm             :       0.00       0.00          0          0          0
  proximity        :       0.00       0.00          0          0          0
  pscostdiving     :      40.45       0.00        423          1          1
  randrounding     :       0.19       0.00       2876          0          0
  rens             :       0.00       0.00          0          0          0
  reoptsols        :       0.00       0.00          0          0          0
  repair           :       0.00       0.00          0          0          0
  rins             :       4.48       0.00          7          0          0
  rootsoldiving    :      41.33       0.00         47          1          0
  rounding         :       1.07       0.00       3997          0          0
  shiftandpropagate:       0.00       0.00          0          0          0
  shifting         :      61.33       0.00      14241         10          9
  simplerounding   :       0.16       0.00          0          0          0
  subnlp           :     134.85       0.00          0          0          0
  trivial          :       0.00       0.00          2          2          2
  trivialnegation  :       0.00       0.00          0          0          0
  trustregion      :       0.00       0.00          0          0          0
  trysol           :       0.12       0.00          0          0          0
  twoopt           :       0.00       0.00          0          0          0
  undercover       :       0.84       0.00          1          1          1
  vbounds          :       0.00       0.00          0          0          0
  veclendiving     :      32.45       0.00        423          0          0
  zeroobj          :       0.00       0.00          0          0          0
  zirounding       :       0.48       0.00       1000          0          0
  other solutions  :          -          -          -          0          -
Diving (single)    :      Calls      Nodes   LP Iters Backtracks  Conflicts   MinDepth   MaxDepth   AvgDepth  RoundSols  NLeafSols  MinSolDpt  MaxSolDpt  AvgSolDpt
  actconsdiving    :          0          -          -          -          -          -          -          -          -          -          -          -          -
  coefdiving       :          0          -          -          -          -          -          -          -          -          -          -          -          -
  conflictdiving   :        423      12526     350706        463      16257         37         63       46.8          0          -          -          -          -
  distributiondivin:        423      10232     421298        486       5246         32         51       41.0          0          -          -          -          -
  farkasdiving     :          0          -          -          -          -          -          -          -          -          -          -          -          -
  fracdiving       :        423      35198     354795        331       4149         42        384      100.5          0          -          -          -          -
  guideddiving     :        423      31142     330981        298       6697         47        263       91.0          0          1         92         92       92.0
  indicatordiving  :          0          -          -          -          -          -          -          -          -          -          -          -          -
  linesearchdiving :        423      11282     365510        493      16436         32         69       43.5          0          -          -          -          -
  pscostdiving     :        423      12862     427788        442      12786         36         60       47.2          0          1         52         52       52.0
  veclendiving     :        423      12000     346344        447      18885         38         63       45.4          0          -          -          -          -
Diving (adaptive)  :      Calls      Nodes   LP Iters Backtracks  Conflicts   MinDepth   MaxDepth   AvgDepth  RoundSols  NLeafSols  MinSolDpt  MaxSolDpt  AvgSolDpt
  actconsdiving    :          8        199       6733          7         86         40         51       43.0          0          -          -          -          -
  coefdiving       :         17        505      14682         18        747         38         59       45.2          0          -          -          -          -
  conflictdiving   :          0          -          -          -          -          -          -          -          -          -          -          -          -
  distributiondivin:          0          -          -          -          -          -          -          -          -          -          -          -          -
  farkasdiving     :          0          -          -          -          -          -          -          -          -          -          -          -          -
  fracdiving       :          2        157       1820          0          0         72        117       94.5          0          -          -          -          -
  guideddiving     :          3        215       2194          2         25         66        132       95.3          0          -          -          -          -
  indicatordiving  :          0          -          -          -          -          -          -          -          -          -          -          -          -
  linesearchdiving :          2         47       1967          2         89         38         42       40.0          0          -          -          -          -
  pscostdiving     :          1         16        357          1         23         51         51       51.0          0          -          -          -          -
  veclendiving     :          6        179       6238          7        319         39         56       45.3          0          -          -          -          -
Neighborhoods      :      Calls  SetupTime  SolveTime SolveNodes       Sols       Best       Exp3  EpsGreedy        UCB TgtFixRate  Opt  Inf Node Stal  Sol  Usr Othr Actv
  rens             :          3       0.22       0.02          1          0          0    0.00000   -1.00000    0.54124      0.437    0    3    0    0    0    0    0    1
  rins             :          2       0.10       0.08         79          0          0    0.00000   -1.00000    0.47567      0.550    0    2    0    0    0    0    0    1
  mutation         :          3       0.16       0.45        273          2          2    0.00000   -1.00000    0.46622      0.662    1    1    0    1    0    0    0    1
  localbranching   :          4       0.24       0.41        187          1          1    0.00000   -1.00000    0.50222      0.747    1    1    0    2    0    0    0    1
  crossover        :          2       0.12       0.13         77          0          0    0.00000   -1.00000    0.47359      0.850    0    1    0    1    0    0    0    1
  proximity        :          2       0.15       0.21         70          0          0    0.00000   -1.00000    0.47663      0.850    0    1    0    1    0    0    0    1
  zeroobjective    :          9       0.69       1.24        561          4          4    0.00000   -1.00000    0.53120      0.660    4    1    0    4    0    0    0    1
  dins             :          2       0.10       0.11        131          0          0    0.00000   -1.00000    0.41886      0.550    0    2    0    0    0    0    0    1
  trustregion      :          0       0.00       0.00          0          0          0    0.00000   -1.00000    1.00000      0.900    0    0    0    0    0    0    0    0
Expressions        :   #IntEval  IntEvalTi   #RevProp  RevPropTi    DomReds    Cutoffs  #Estimate  EstimTime  Branching  #Simplify SimplifyTi Simplified
  pow              :          0       0.00          0       0.00          0          0          0       0.00          0          0       0.00          0
  prod             :       6320       0.02          0       0.00          0          0          0       0.00          0       4690       0.00          0
  sum              :          8       0.00          2       0.00          0          0          0       0.00          0          3       0.02          2
  var              :       5485       0.00          0       0.00          0          0          0       0.00          0      11154       0.00          0
  varidx           :          0       0.00          0       0.00          0          0          0       0.00          0          0       0.00          0
LP                 :       Time      Calls Iterations  Iter/call   Iter/sec  Time-0-It Calls-0-It    ItLimit
  primal LP        :     104.91       9775          0       0.00       0.00     104.86       9775
  dual LP          :    2507.77     150668   12960948      94.90    5168.32       6.45      14087
  lex dual LP      :       0.00          0          0       0.00          -
  barrier LP       :       0.00          0          0       0.00          -       0.00          0
  resolve instable :       0.00          0          0       0.00          -
  diving/probing LP:     290.83      13068    3097208     237.01   10649.55
  strong branching :      22.45       2543     232585      91.46   10360.13          -          -         51
    (at root node) :          -         19       2777     146.16          -
  conflict analysis:       4.48       3137      30966       9.87    6912.05
NLP relaxation     :
  solve time       :       8.62 (8 calls)
  convexity        :  nonconvex (4 linear rows, 0 convex ineq., 0 nonconvex ineq., 1530 nonlinear eq. or two-sided ineq.)
NLP Solvers        :  #Problems  ProblemTi    #Solves  SolveTime      #Iter  Time/Iter      #Okay #TimeLimit #IterLimit #LObjLimit #Interrupt  #NumError #EvalError  #OutOfMem #LicenseEr #OtherTerm   #GlobOpt    #LocOpt  #Feasible #LocInfeas #GlobInfea #Unbounded   #Unknown
  ipopt            :         12       5.52         36      99.03       2224       0.04         36          0          0          0          0          0          0          0          0          0          0          0          0         28          0          0          8
B&B Tree           :
  number of runs   :          1
  nodes            :     118857 (69252 internal, 49605 leaves)
  feasible leaves  :         10
  infeas. leaves   :         27
  objective leaves :      49567
  nodes (total)    :     118857 (69252 internal, 49605 leaves)
  nodes left       :      19639
  max depth        :         57
  max depth (total):         57
  backtracks       :      25350 (21.3%)
  early backtracks :          0 (0.0%)
  nodes exc. ref.  :          0 (0.0%)
  delayed cutoffs  :          0
  repropagations   :         25 (19 domain reductions, 0 cutoffs)
  avg switch length:       4.32
  switching time   :     130.62
Estim. Tree Size   :     237732
Estimation Tree    : 138505 nodes (118866 visited, 69252 internal, 49614 leaves, 19639 open), weight: 0.0000 completed 0.0871
Estimations        :      estim      value      trend resolution     smooth
  wbe              : 16840657692          -          -          -          -
  tree-profile     :         -1          -          -          -          -
  gap              :    2256204    0.77117    0.00001         64    2145989
  tree-weight      :     237732    0.00001    0.00000         64     237583
  leaf-frequency   :     701092    0.41739    0.00002         64     694907
  ssg              :    4413970    0.86249   -0.00003         64    4299477
  open-nodes       :     237732 19639.00000    7.83436         64     237583
Root Node          :
  First LP value   : -1.00000000000000e+00
  First LP Iters   :       1081 (13512.50 Iter/sec)
  First LP Time    :       0.08
  Final Dual Bound : -9.35232067510552e-01
  Final Root Iters :       1807
  Root LP Estimate : -4.59090848310936e-01
Solution           :
  Solutions found  :         39 (31 improvements)
  First Solution   : +1.00000000000000e+05   (in run 1, after 0 nodes, 0.03 seconds, depth 0, found by <trivial>)
  Gap First Sol.   :   infinite
  Gap Last Sol.    :      36.15 %
  Primal Bound     : -5.74226803797468e-01   (in run 1, after 50879 nodes, 1507.64 seconds, depth 20, found by <alns>)
  Dual Bound       : -7.44620253164558e-01
  Gap              :      29.67 %
Integrals          :      Total       Avg%
  primal-dual      :   96976.66      26.94
  primal-ref       :          -          - (not evaluated)
  dual-ref         :          -          - (not evaluated)
