SCIP Status        : solving was interrupted [time limit reached]
Total Time         :    3600.00
  solving          :    3600.00
  presolving       :       0.47 (included in solving)
  reading          :       0.00
  copying          :       2.85 (58 #copies) (minimal 0.00, maximal 0.14, average 0.05)
Original Problem   :
  Problem name     : bbbenchmark/g05_100.9.cut
  Variables        : 101 (100 binary, 0 integer, 0 implicit integer, 1 continuous)
  Constraints      : 1 initial, 1 maximal
  Objective        : minimize, 1 non-zeros (abs.min = 1, abs.max = 1)
Presolved Problem  :
  Problem name     : t_bbbenchmark/g05_100.9.cut
  Variables        : 1801 (100 binary, 0 integer, 1685 implicit integer, 16 continuous)
  Constraints      : 1731 initial, 8676 maximal
  Objective        : minimize, 1 non-zeros (abs.min = 1, abs.max = 1)
  Nonzeros         : 8511 constraint, 202 clique table
Presolvers         :   ExecTime  SetupTime  Calls  FixedVars   AggrVars   ChgTypes  ChgBounds   AddHoles    DelCons    AddCons   ChgSides   ChgCoefs
  boundshift       :       0.00       0.00      0          0          0          0          0          0          0          0          0          0
  convertinttobin  :       0.00       0.00      0          0          0          0          0          0          0          0          0          0
  domcol           :       0.00       0.00      1          0          0          0          0          0          0          0          0          0
  dualagg          :       0.00       0.00      0          0          0          0          0          0          0          0          0          0
  dualcomp         :       0.00       0.00      1          0          0          0          0          0          0          0          0          0
  dualinfer        :       0.00       0.00      0          0          0          0          0          0          0          0          0          0
  dualsparsify     :       0.00       0.00      1          0          0          0          0          0          0          0          0          0
  gateextraction   :       0.00       0.00      0          0          0          0          0          0          0          0          0          0
  implics          :       0.00       0.00      2          0          0          0          0          0          0          0          0          0
  inttobinary      :       0.00       0.00      0          0          0          0          0          0          0          0          0          0
  qpkktref         :       0.00       0.00      0          0          0          0          0          0          0          0          0          0
  redvub           :       0.00       0.00      0          0          0          0          0          0          0          0          0          0
  sparsify         :       0.00       0.00      1          0          0          0          0          0          0          0          0          0
  stuffing         :       0.00       0.00      0          0          0          0          0          0          0          0          0          0
  trivial          :       0.00       0.00      4          0          0          0          0          0          0          0          0          0
  tworowbnd        :       0.00       0.00      0          0          0          0          0          0          0          0          0          0
  dualfix          :       0.00       0.00      4          0          0          0          0          0          0          0          0          0
  genvbounds       :       0.00       0.00      0          0          0          0          0          0          0          0          0          0
  probing          :       0.30       0.00      1          0          0          0          0          0          0          0          0          0
  pseudoobj        :       0.00       0.00      1          0          0          0          1          0          0          0          0          0
  symmetry         :       0.00       0.00      0          0          0          0          0          0          0          0          0          0
  vbounds          :       0.00       0.00      1          0          0          0          0          0          0          0          0          0
  varbound         :       0.00       0.00      2          0          0          0          0          0          0          0          0          0
  and              :       0.01       0.01      2          0          0          0          0          0          0          0          0          0
  linear           :       0.00       0.00      2          0          0          0          0          0          0          0          0          0
  logicor          :       0.00       0.00      0          0          0          0          0          0          0          0          0          0
  bounddisjunction :       0.00       0.00      0          0          0          0          0          0          0          0          0          0
  nonlinear        :       0.15       0.00      5          0          0          0          1          0          0       1730          0          0
  benders          :       0.00       0.00      0          0          0          0          0          0          0          0          0          0
  components       :       0.00       0.00      1          0          0          0          0          0          0          0          0          0
  root node        :          -          -      -          0          -          -         12          -          -          -          -          -
Constraints        :     Number  MaxNumber  #Separate #Propagate    #EnfoLP    #EnfoRelax  #EnfoPS    #Check   #ResProp    Cutoffs    DomReds       Cuts    Applied      Conss   Children
  benderslp        :          0          0          0          0     165986          0          0       9467          0          0          0          0          0          0          0
  integral         :          0          0          0          0     165986          0          0       9467          0          0       3023          0          0       2157     328768
  varbound         :         15         15         76     858952          0          0          0         53          0          0     108165          0          0          0          0
  and              :       1685       1685     186721     930303          0          0          0         53     378715         28    1307699        150        148          0          0
  linear           :         31+       128         76     930321          0          0          0         51       1389         50     685433          0          0          0          0
  logicor          :          0+      5913          0     138057          0          0          0          0        458        597        232          0          0          0          0
  bounddisjunction :          0+      1046          0      89403          0          0          0          0          4        113         20          0          0          0          0
  benders          :          0          0          0          0          0          0          0         27          0          0          0          0          0          0          0
  countsols        :          0          0          0          0          0          0          0         27          0          0          0          0          0          0          0
  components       :          0          0          0          0          0          0          0          0          0          0          0          0          0          0          0
Constraint Timings :  TotalTime  SetupTime   Separate  Propagate     EnfoLP     EnfoPS     EnfoRelax   Check    ResProp    SB-Prop
  benderslp        :       0.18       0.00       0.00       0.00       0.17       0.00       0.00       0.01       0.00       0.00
  integral         :      75.09       0.00       0.00       0.00      75.08       0.00       0.00       0.01       0.00       0.00
  varbound         :       1.94       0.00       0.00       1.93       0.00       0.00       0.00       0.00       0.00       0.01
  and              :     137.46       0.01      98.09      38.68       0.00       0.00       0.00       0.00       0.34       0.34
  linear           :       6.51       0.00       0.04       6.39       0.00       0.00       0.00       0.00       0.01       0.07
  logicor          :      14.78       0.00       0.00      14.77       0.00       0.00       0.00       0.00       0.00       0.01
  bounddisjunction :       2.55       0.00       0.00       2.53       0.00       0.00       0.00       0.00       0.00       0.02
  benders          :       0.00       0.00       0.00       0.00       0.00       0.00       0.00       0.00       0.00       0.00
  countsols        :       0.00       0.00       0.00       0.00       0.00       0.00       0.00       0.00       0.00       0.00
  components       :       0.35       0.00       0.00       0.35       0.00       0.00       0.00       0.00       0.00       0.00
Propagators        : #Propagate   #ResProp    Cutoffs    DomReds
  dualfix          :          4          0          0          0
  genvbounds       :          0          0          0          0
  nlobbt           :          0          0          0          0
  obbt             :          0          0          0          0
  probing          :          0          0          0          0
  pseudoobj        :     706624          0          0        327
  redcost          :     368053          0          0     129930
  rootredcost      :         13          0          0          0
  symmetry         :          0          0          0          0
  vbounds          :     172821          0          0          0
Propagator Timings :  TotalTime  SetupTime   Presolve  Propagate    ResProp    SB-Prop
  dualfix          :       0.00       0.00       0.00       0.00       0.00       0.00
  genvbounds       :       0.55       0.00       0.00       0.54       0.00       0.01
  nlobbt           :       0.00       0.00       0.00       0.00       0.00       0.00
  obbt             :       0.01       0.00       0.00       0.01       0.00       0.00
  probing          :       0.30       0.00       0.30       0.00       0.00       0.00
  pseudoobj        :       1.11       0.00       0.00       1.11       0.00       0.00
  redcost          :      20.36       0.00       0.00      20.36       0.00       0.00
  rootredcost      :       0.93       0.00       0.00       0.93       0.00       0.00
  symmetry         :       0.39       0.00       0.00       0.39       0.00       0.00
  vbounds          :       0.76       0.00       0.00       0.74       0.00       0.02
Conflict Analysis  :       Time      Calls    Success    DomReds  Conflicts   Literals    Reconvs ReconvLits   Dualrays   Nonzeros   LP Iters   (pool size: [10000,10000])
  propagation      :       0.05        745        536          -        879       78.5          0        0.0          -          -          -
  infeasible LP    :       0.09         51         51          -       2155      146.0          0        0.0        544       92.1          0
  bound exceed. LP :      23.41       8851       7339          -     113762      108.9          6       48.3          0        0.0      61866
  strong branching :       0.00          0          0          -          0        0.0          0        0.0          -          -          0
  pseudo solution  :       0.00          0          0          -          0        0.0          0        0.0          -          -          -
  applied globally :       0.62          -          -          0      27862      109.0          -          -        544          -          -
  applied locally  :          -          -          -          0          0        0.0          -          -          0          -          -
Separators         :   ExecTime  SetupTime      Calls  RootCalls    Cutoffs    DomReds  FoundCuts ViaPoolAdd  DirectAdd    Applied ViaPoolApp  DirectApp      Conss
  cut pool         :       5.73          -      37685         99          -          -      34569    1988766          -          -          -          -          -    (maximal pool size:       4179)
  aggregation      :     234.93       0.00       4772         76          0          0          0          0          0          0          0          0          0
  > cmir           :          -          -          -          -          -          -          -          0          0          0          0          0          -
  > flowcover      :          -          -          -          -          -          -          -          0          0          0          0          0          -
  > knapsackcover  :          -          -          -          -          -          -          -          0          0          0          0          0          -
  cgmip            :       0.00       0.00          0          0          0          0          0          0          0          0          0          0          0
  clique           :       0.00       0.00         76         76          0          0          0          0          0          0          0          0          0
  closecuts        :       0.00       0.00          0          0          0          0          0          0          0          0          0          0          0
  convexproj       :       0.00       0.00          0          0          0          0          0          0          0          0          0          0          0
  disjunctive      :       0.00       0.00          0          0          0          0          0          0          0          0          0          0          0
  eccuts           :       0.00       0.00          0          0          0          0          0          0          0          0          0          0          0
  gauge            :       0.00       0.00          0          0          0          0          0          0          0          0          0          0          0
  gomory           :       0.00       0.00          0          0          0          0          0          0          0          0          0          0          0
  > gomorymi       :          -          -          -          -          -          -          -          0          0          0          0          0          -
  > strongcg       :          -          -          -          -          -          -          -          0          0          0          0          0          -
  impliedbounds    :       0.28       0.00       4772         76          0          0          0          0          0          0          0          0          0
  interlattice     :       0.00       0.00          0          0          0          0          0          0          0          0          0          0          0
  interminor       :       0.00       0.00          0          0          0          0          0          0          0          0          0          0          0
  intersub         :       0.81       0.00         40         40          0          0         40          0         40         40          0         40          0
  intobj           :       0.00       0.00          0          0          0          0          0          0          0          0          0          0          0
  mcf              :       0.00       0.00          1          1          0          0          0          0          0          0          0          0          0
  minor            :       0.02       0.00          0          0          0          0          0          0          0          0          0          0          0
  mixing           :       0.01       0.00       4772         76          0          0          0          0          0          0          0          0          0
  oddcycle         :       0.00       0.00          0          0          0          0          0          0          0          0          0          0          0
  rapidlearning    :       0.04       0.00          0          0          0          0          0          0          0          0          0          0          0
  rlt              :       0.00       0.00         10         10          0          0          0          0          0          0          0          0          0
  zerohalf         :      28.87       0.00       4271         20          0          0      34569    1988766          0     141539     141539          0          0
Cutselectors       :   ExecTime  SetupTime      Calls  RootCalls   Selected     Forced   Filtered  RootSelec   RootForc   RootFilt 
  hybrid           :       1.34       0.00      14629         74     141727          0    1847229        232          0         18
Pricers            :   ExecTime  SetupTime      Calls       Vars
  problem variables:       0.00          -          0          0
Branching Rules    :   ExecTime  SetupTime   BranchLP  BranchExt   BranchPS    Cutoffs    DomReds       Cuts      Conss   Children
  allfullstrong    :       0.00       0.00          0          0          0          0          0          0          0          0
  cloud            :       0.00       0.00          0          0          0          0          0          0          0          0
  distribution     :       0.00       0.00          0          0          0          0          0          0          0          0
  fullstrong       :       0.00       0.00          0          0          0          0          0          0          0          0
  inference        :       0.00       0.00          0          0          0          0          0          0          0          0
  leastinf         :       0.00       0.00          0          0          0          0          0          0          0          0
  lookahead        :       0.00       0.00          0          0          0          0          0          0          0          0
  mostinf          :       0.00       0.00          0          0          0          0          0          0          0          0
  multaggr         :       0.00       0.00          0          0          0          0          0          0          0          0
  nodereopt        :       0.00       0.00          0          0          0          0          0          0          0          0
  pscost           :       0.00       0.00          0          0          0          0          0          0          0          0
  random           :       0.00       0.00          0          0          0          0          0          0          0          0
  relpscost        :      74.54       0.00     165986          0          0          0       3023          0       2157     328768
  vanillafullstrong:       0.00       0.00          0          0          0          0          0          0          0          0
Primal Heuristics  :   ExecTime  SetupTime      Calls      Found       Best
  LP solutions     :       0.00          -          -          0          0
  relax solutions  :       0.00          -          -          0          0
  pseudo solutions :       0.00          -          -          0          0
  strong branching :       0.00          -          -          0          0
  actconsdiving    :       0.00       0.00          0          0          0
  adaptivediving   :       3.31       0.00         31          0          0
  alns             :       3.70       0.00         24          3          2
  bound            :       0.00       0.00          0          0          0
  clique           :       0.02       0.00          1          0          0
  coefdiving       :       0.00       0.00          0          0          0
  completesol      :       0.00       0.00          0          0          0
  conflictdiving   :     144.04       0.00       1214          1          1
  crossover        :       1.07       0.00          6          1          1
  dins             :       0.00       0.00          0          0          0
  distributiondivin:      72.77       0.00        339          0          0
  dps              :       0.00       0.00          0          0          0
  dualval          :       0.00       0.00          0          0          0
  farkasdiving     :       0.04       0.00          0          0          0
  feaspump         :       0.19       0.00          1          1          1
  fixandinfer      :       0.00       0.00          0          0          0
  fracdiving       :      50.59       0.00        465          0          0
  gins             :       0.22       0.00          0          0          0
  guideddiving     :      50.94       0.00        450          1          1
  indicator        :       0.15       0.00          0          0          0
  indicatordiving  :       0.00       0.00          0          0          0
  intdiving        :       0.00       0.00          0          0          0
  intshifting      :       0.63       0.00         92          0          0
  linesearchdiving :      47.61       0.00        426          0          0
  localbranching   :       0.00       0.00          0          0          0
  locks            :       0.01       0.00          1          0          0
  lpface           :       0.30       0.00          0          0          0
  mpec             :      50.45       0.00         11          6          6
  multistart       :       0.00       0.00          0          0          0
  mutation         :       0.00       0.00          0          0          0
  nlpdiving        :       8.50       0.00          3          0          0
  objpscostdiving  :      31.47       0.00         54          4          0
  octane           :       0.00       0.00          0          0          0
  ofins            :       0.18       0.00          0          0          0
  oneopt           :       0.16       0.00         17          0          0
  padm             :       0.00       0.00          0          0          0
  proximity        :       0.00       0.00          0          0          0
  pscostdiving     :      49.57       0.00        385          1          1
  randrounding     :       0.74       0.00       9436          0          0
  rens             :       0.00       0.00          0          0          0
  reoptsols        :       0.00       0.00          0          0          0
  repair           :       0.00       0.00          0          0          0
  rins             :       3.84       0.00         28          0          0
  rootsoldiving    :      25.00       0.00         33          0          0
  rounding         :       1.40       0.00       5872          0          0
  shiftandpropagate:       0.00       0.00          0          0          0
  shifting         :      51.46       0.00      12742          3          3
  simplerounding   :       0.19       0.00          0          0          0
  subnlp           :     252.34       0.00          0          0          0
  trivial          :       0.01       0.00          2          2          2
  trivialnegation  :       0.00       0.00          0          0          0
  trustregion      :       0.00       0.00          0          0          0
  trysol           :       0.28       0.00          0          0          0
  twoopt           :       0.00       0.00          0          0          0
  undercover       :       2.63       0.00          1          1          1
  vbounds          :       0.00       0.00          0          0          0
  veclendiving     :      48.59       0.00        416          0          0
  zeroobj          :       0.00       0.00          0          0          0
  zirounding       :       0.23       0.00       1000          0          0
  other solutions  :          -          -          -          0          -
Diving (single)    :      Calls      Nodes   LP Iters Backtracks  Conflicts   MinDepth   MaxDepth   AvgDepth  RoundSols  NLeafSols  MinSolDpt  MaxSolDpt  AvgSolDpt
  actconsdiving    :          0          -          -          -          -          -          -          -          -          -          -          -          -
  coefdiving       :          0          -          -          -          -          -          -          -          -          -          -          -          -
  conflictdiving   :       1214      54990    1460779       1288      50981         55         86       67.2          0          1         84         84       84.0
  distributiondivin:        339      13446     494849        369       4852         52         82       61.0          0          -          -          -          -
  farkasdiving     :          0          -          -          -          -          -          -          -          -          -          -          -          -
  fracdiving       :        465      36748     490349        204       3900         59        254      101.7          0          -          -          -          -
  guideddiving     :        450      35787     501133        221       5023         59        175      101.4          0          1        103        103      103.0
  indicatordiving  :          0          -          -          -          -          -          -          -          -          -          -          -          -
  linesearchdiving :        426      18087     491563        315      16853         49         83       64.1          0          -          -          -          -
  pscostdiving     :        385      17234     505344        412       6900         58         80       66.8          0          1         80         80       80.0
  veclendiving     :        416      18313     491277        413      22326         53         92       65.5          0          -          -          -          -
Diving (adaptive)  :      Calls      Nodes   LP Iters Backtracks  Conflicts   MinDepth   MaxDepth   AvgDepth  RoundSols  NLeafSols  MinSolDpt  MaxSolDpt  AvgSolDpt
  actconsdiving    :          2         79       2481          2         18         58         59       58.5          0          -          -          -          -
  coefdiving       :         12        506      14071          7        673         56         72       62.8          0          -          -          -          -
  conflictdiving   :          0          -          -          -          -          -          -          -          -          -          -          -          -
  distributiondivin:          0          -          -          -          -          -          -          -          -          -          -          -          -
  farkasdiving     :          0          -          -          -          -          -          -          -          -          -          -          -          -
  fracdiving       :          2        129       1911          0          0         88         88       88.0          0          -          -          -          -
  guideddiving     :          2        101       1043          0          0         82         97       89.5          0          -          -          -          -
  indicatordiving  :          0          -          -          -          -          -          -          -          -          -          -          -          -
  linesearchdiving :          6        280       7630          3        253         58         73       64.8          0          -          -          -          -
  pscostdiving     :          1         39       1074          1         15         66         66       66.0          0          -          -          -          -
  veclendiving     :          6        150       3433          3        264         58         69       62.2          0          -          -          -          -
Neighborhoods      :      Calls  SetupTime  SolveTime SolveNodes       Sols       Best       Exp3  EpsGreedy        UCB TgtFixRate  Opt  Inf Node Stal  Sol  Usr Othr Actv
  rens             :          3       0.19       0.16         70          0          0    0.00000   -1.00000    0.46302      0.662    0    2    0    1    0    0    0    1
  rins             :          4       0.44       0.16        173          0          0    0.00000   -1.00000    0.45752      0.822    0    2    0    2    0    0    0    1
  mutation         :          2       0.09       0.08         90          0          0    0.00000   -1.00000    0.42855      0.850    0    1    0    1    0    0    0    1
  localbranching   :          3       0.17       0.27        349          1          1    0.00000   -1.00000    0.46818      0.812    0    1    0    2    0    0    0    1
  crossover        :          3       0.22       0.29         78          0          0    0.00000   -1.00000    0.45329      0.662    0    2    0    1    0    0    0    1
  proximity        :          6       0.54       0.75        531          2          1    0.00000   -1.00000    0.46950      0.900    1    1    0    4    0    0    0    1
  zeroobjective    :          2       0.10       0.05         71          0          0    0.00000   -1.00000    0.47125      0.850    0    1    0    1    0    0    0    1
  dins             :          1       0.00       0.00          0          0          0    0.00000   -1.00000    0.07176      0.900    0    0    0    0    0    0    1    1
  trustregion      :          0       0.00       0.00          0          0          0    0.00000   -1.00000    1.00000      0.900    0    0    0    0    0    0    0    0
Expressions        :   #IntEval  IntEvalTi   #RevProp  RevPropTi    DomReds    Cutoffs  #Estimate  EstimTime  Branching  #Simplify SimplifyTi Simplified
  pow              :          0       0.00          0       0.00          0          0          0       0.00          0          0       0.00          0
  prod             :       9900       0.00          0       0.00          0          0          0       0.00          0       6635       0.00          0
  sum              :          8       0.01          2       0.00          0          0          0       0.00          0          3       0.04          2
  var              :       6212       0.00          0       0.00          0          0          0       0.00          0      15273       0.01          0
  varidx           :          0       0.00          0       0.00          0          0          0       0.00          0          0       0.00          0
LP                 :       Time      Calls Iterations  Iter/call   Iter/sec  Time-0-It Calls-0-It    ItLimit
  primal LP        :     163.30      23548          0       0.00       0.00     163.15      23548
  dual LP          :    1732.84     292391    9572649      35.33    5524.25       9.88      21444
  lex dual LP      :       0.00          0          0       0.00          -
  barrier LP       :       0.00          0          0       0.00          -       0.00          0
  resolve instable :       0.00          0          0       0.00          -
  diving/probing LP:     437.48      17619    4807084     272.84   10988.12
  strong branching :      22.28       3064     149163      48.68    6694.93          -          -        416
    (at root node) :          -         19       5596     294.53          -
  conflict analysis:       9.67       6543      61866       9.46    6397.72
NLP relaxation     :
  solve time       :       8.34 (21 calls)
  convexity        :  nonconvex (46 linear rows, 0 convex ineq., 0 nonconvex ineq., 1685 nonlinear eq. or two-sided ineq.)
NLP Solvers        :  #Problems  ProblemTi    #Solves  SolveTime      #Iter  Time/Iter      #Okay #TimeLimit #IterLimit #LObjLimit #Interrupt  #NumError #EvalError  #OutOfMem #LicenseEr #OtherTerm   #GlobOpt    #LocOpt  #Feasible #LocInfeas #GlobInfea #Unbounded   #Unknown
  ipopt            :         12      10.23         66      59.28       1590       0.04         66          0          0          0          0          0          0          0          0          0          0         53          0         12          0          0          1
B&B Tree           :
  number of runs   :          1
  nodes            :     254813 (164384 internal, 90429 leaves)
  feasible leaves  :          0
  infeas. leaves   :         95
  objective leaves :      90334
  nodes (total)    :     254813 (164384 internal, 90429 leaves)
  nodes left       :      73804
  max depth        :         70
  max depth (total):         70
  backtracks       :      52151 (20.5%)
  early backtracks :          0 (0.0%)
  nodes exc. ref.  :          0 (0.0%)
  delayed cutoffs  :          7
  repropagations   :        144 (1195 domain reductions, 6 cutoffs)
  avg switch length:       6.27
  switching time   :     226.19
Estim. Tree Size   :     509928
Estimation Tree    : 328769 nodes (254964 visited, 164384 internal, 90580 leaves, 73805 open), weight: 0.0000 completed 0.1441
Estimations        :      estim      value      trend resolution     smooth
  wbe              : 10827601304070360          -          -          -          -
  tree-profile     :         -1          -          -          -          -
  gap              :    4242751    0.65926    0.00002        128    4296385
  tree-weight      :     509928    0.00000    0.00000        128     506901
  leaf-frequency   :     509928    0.35526   -0.00031        128     506901
  ssg              :    6438940    0.77248   -0.00003        128    6388075
  open-nodes       :     509928 73805.00000  435.88915        128     506901
Root Node          :
  First LP value   : -1.00000000000000e+00
  First LP Iters   :       1688 (11253.33 Iter/sec)
  First LP Time    :       0.15
  Final Dual Bound : -9.50315360404183e-01
  Final Root Iters :       5022
  Root LP Estimate : -3.35244221026887e-01
Solution           :
  Solutions found  :         24 (19 improvements)
  First Solution   : +1.00000000000000e+05   (in run 1, after 0 nodes, 0.01 seconds, depth 0, found by <trivial>)
  Gap First Sol.   :   infinite
  Gap Last Sol.    :      56.14 %
  Primal Bound     : -5.52323232323230e-01   (in run 1, after 53276 nodes, 899.05 seconds, depth 60, found by <alns>)
  Dual Bound       : -8.37792498342185e-01
  Gap              :      51.69 %
Integrals          :      Total       Avg%
  primal-dual      :  127963.34      35.55
  primal-ref       :          -          - (not evaluated)
  dual-ref         :          -          - (not evaluated)
