SCIP Status        : solving was interrupted [time limit reached]
Total Time         :    3600.01
  solving          :    3600.00
  presolving       :       0.36 (included in solving)
  reading          :       0.01
  copying          :       1.39 (57 #copies) (minimal 0.00, maximal 0.09, average 0.02)
Original Problem   :
  Problem name     : bbbenchmark/g05_100.1.cut
  Variables        : 101 (100 binary, 0 integer, 0 implicit integer, 1 continuous)
  Constraints      : 1 initial, 1 maximal
  Objective        : minimize, 1 non-zeros (abs.min = 1, abs.max = 1)
Presolved Problem  :
  Problem name     : t_bbbenchmark/g05_100.1.cut
  Variables        : 1804 (100 binary, 0 integer, 1688 implicit integer, 16 continuous)
  Constraints      : 1734 initial, 6617 maximal
  Objective        : minimize, 1 non-zeros (abs.min = 1, abs.max = 1)
  Nonzeros         : 8517 constraint, 202 clique table
Presolvers         :   ExecTime  SetupTime  Calls  FixedVars   AggrVars   ChgTypes  ChgBounds   AddHoles    DelCons    AddCons   ChgSides   ChgCoefs
  boundshift       :       0.00       0.00      0          0          0          0          0          0          0          0          0          0
  convertinttobin  :       0.00       0.00      0          0          0          0          0          0          0          0          0          0
  domcol           :       0.00       0.00      1          0          0          0          0          0          0          0          0          0
  dualagg          :       0.00       0.00      0          0          0          0          0          0          0          0          0          0
  dualcomp         :       0.00       0.00      1          0          0          0          0          0          0          0          0          0
  dualinfer        :       0.00       0.00      0          0          0          0          0          0          0          0          0          0
  dualsparsify     :       0.00       0.00      1          0          0          0          0          0          0          0          0          0
  gateextraction   :       0.00       0.00      0          0          0          0          0          0          0          0          0          0
  implics          :       0.00       0.00      2          0          0          0          0          0          0          0          0          0
  inttobinary      :       0.00       0.00      0          0          0          0          0          0          0          0          0          0
  qpkktref         :       0.00       0.00      0          0          0          0          0          0          0          0          0          0
  redvub           :       0.00       0.00      0          0          0          0          0          0          0          0          0          0
  sparsify         :       0.00       0.00      1          0          0          0          0          0          0          0          0          0
  stuffing         :       0.00       0.00      0          0          0          0          0          0          0          0          0          0
  trivial          :       0.00       0.00      4          0          0          0          0          0          0          0          0          0
  tworowbnd        :       0.00       0.00      0          0          0          0          0          0          0          0          0          0
  dualfix          :       0.00       0.00      4          0          0          0          0          0          0          0          0          0
  genvbounds       :       0.00       0.00      0          0          0          0          0          0          0          0          0          0
  probing          :       0.29       0.00      1          0          0          0          0          0          0          0          0          0
  pseudoobj        :       0.00       0.00      1          0          0          0          1          0          0          0          0          0
  symmetry         :       0.00       0.00      0          0          0          0          0          0          0          0          0          0
  vbounds          :       0.00       0.00      1          0          0          0          0          0          0          0          0          0
  varbound         :       0.00       0.00      2          0          0          0          0          0          0          0          0          0
  and              :       0.01       0.01      2          0          0          0          0          0          0          0          0          0
  linear           :       0.00       0.00      2          0          0          0          0          0          0          0          0          0
  logicor          :       0.00       0.00      0          0          0          0          0          0          0          0          0          0
  bounddisjunction :       0.00       0.00      0          0          0          0          0          0          0          0          0          0
  nonlinear        :       0.06       0.00      5          0          0          0          1          0          0       1733          0          0
  benders          :       0.00       0.00      0          0          0          0          0          0          0          0          0          0
  components       :       0.00       0.00      1          0          0          0          0          0          0          0          0          0
  root node        :          -          -      -          0          -          -         13          -          -          -          -          -
Constraints        :     Number  MaxNumber  #Separate #Propagate    #EnfoLP    #EnfoRelax  #EnfoPS    #Check   #ResProp    Cutoffs    DomReds       Cuts    Applied      Conss   Children
  benderslp        :          0          0          0          0     158569          0          0       5090          0          0          0          0          0          0          0
  integral         :          0          0          0          0     158569          0          0       5090          0          0       1702          0          0       1566     315180
  varbound         :         15         15        130     885194          0          0          0         23          0          0     135030          0          0          0          0
  and              :       1688       1688     181019     945139          1          0          0         23     520237         11     500293         37         36          0          0
  linear           :         31+        46        130     945178          1          0          0         21       1182         37     523913          0          0          0          0
  logicor          :          0+      4279          0     169449          0          0          0          0        415        576         96          0          0          0          0
  bounddisjunction :          0+       605          0     100632          0          0          0          0          2         23          5          0          0          0          0
  benders          :          0          0          0          0          1          0          0         23          0          0          0          0          0          0          0
  countsols        :          0          0          0          0          1          0          0         23          0          0          0          0          0          0          0
  components       :          0          0          0          0          0          0          0          0          0          0          0          0          0          0          0
Constraint Timings :  TotalTime  SetupTime   Separate  Propagate     EnfoLP     EnfoPS     EnfoRelax   Check    ResProp    SB-Prop
  benderslp        :       0.24       0.00       0.00       0.00       0.24       0.00       0.00       0.00       0.00       0.00
  integral         :      73.70       0.00       0.00       0.00      73.69       0.00       0.00       0.01       0.00       0.00
  varbound         :       1.78       0.00       0.00       1.78       0.00       0.00       0.00       0.00       0.00       0.00
  and              :     115.82       0.01      84.63      30.20       0.00       0.00       0.00       0.01       0.35       0.62
  linear           :       5.31       0.00       0.05       5.18       0.00       0.00       0.00       0.00       0.02       0.06
  logicor          :      10.70       0.00       0.00      10.68       0.00       0.00       0.00       0.00       0.01       0.01
  bounddisjunction :       2.11       0.00       0.00       2.11       0.00       0.00       0.00       0.00       0.00       0.00
  benders          :       0.00       0.00       0.00       0.00       0.00       0.00       0.00       0.00       0.00       0.00
  countsols        :       0.00       0.00       0.00       0.00       0.00       0.00       0.00       0.00       0.00       0.00
  components       :       0.25       0.00       0.00       0.25       0.00       0.00       0.00       0.00       0.00       0.00
Propagators        : #Propagate   #ResProp    Cutoffs    DomReds
  dualfix          :          4          0          0          0
  genvbounds       :          0          0          0          0
  nlobbt           :          0          0          0          0
  obbt             :          0          0          0          0
  probing          :          0          0          0          0
  pseudoobj        :     711850          0          0        276
  redcost          :     356383          0          0     158640
  rootredcost      :          8          0          0          0
  symmetry         :          0          0          0          0
  vbounds          :     195139          0          0          0
Propagator Timings :  TotalTime  SetupTime   Presolve  Propagate    ResProp    SB-Prop
  dualfix          :       0.00       0.00       0.00       0.00       0.00       0.00
  genvbounds       :       0.56       0.00       0.00       0.56       0.00       0.00
  nlobbt           :       0.00       0.00       0.00       0.00       0.00       0.00
  obbt             :       0.00       0.00       0.00       0.00       0.00       0.00
  probing          :       0.29       0.00       0.29       0.00       0.00       0.00
  pseudoobj        :       1.04       0.00       0.00       1.04       0.00       0.00
  redcost          :      18.86       0.00       0.00      18.86       0.00       0.00
  rootredcost      :       0.81       0.00       0.00       0.80       0.00       0.01
  symmetry         :       0.40       0.00       0.00       0.38       0.00       0.02
  vbounds          :       0.91       0.00       0.00       0.89       0.00       0.02
Conflict Analysis  :       Time      Calls    Success    DomReds  Conflicts   Literals    Reconvs ReconvLits   Dualrays   Nonzeros   LP Iters   (pool size: [10000,10000])
  propagation      :       0.00        615        450          -        625       76.8          0        0.0          -          -          -
  infeasible LP    :       0.21        129        129          -       4710      141.5          0        0.0        314      148.7          0
  bound exceed. LP :      21.69       7046       6460          -     145914      114.4          0        0.0          0        0.0      60223
  strong branching :       0.00          0          0          -          0        0.0          0        0.0          -          -          0
  pseudo solution  :       0.00          0          0          -          0        0.0          0        0.0          -          -          -
  applied globally :       0.61          -          -          0      33295      121.4          -          -        314          -          -
  applied locally  :          -          -          -          0          0        0.0          -          -          0          -          -
Separators         :   ExecTime  SetupTime      Calls  RootCalls    Cutoffs    DomReds  FoundCuts ViaPoolAdd  DirectAdd    Applied ViaPoolApp  DirectApp      Conss
  cut pool         :       4.68          -      33517        159          -          -      34208    1492540          -          -          -          -          -    (maximal pool size:       4187)
  aggregation      :     229.82       0.00       4693        130          0          0          8        178          0         28         28          0          0
  > cmir           :          -          -          -          -          -          -          -        178          0         28         28          0          -
  > flowcover      :          -          -          -          -          -          -          -          0          0          0          0          0          -
  > knapsackcover  :          -          -          -          -          -          -          -          0          0          0          0          0          -
  cgmip            :       0.00       0.00          0          0          0          0          0          0          0          0          0          0          0
  clique           :       0.00       0.00        130        130          0          0          0          0          0          0          0          0          0
  closecuts        :       0.00       0.00          0          0          0          0          0          0          0          0          0          0          0
  convexproj       :       0.00       0.00          0          0          0          0          0          0          0          0          0          0          0
  disjunctive      :       0.00       0.00          0          0          0          0          0          0          0          0          0          0          0
  eccuts           :       0.00       0.00          0          0          0          0          0          0          0          0          0          0          0
  gauge            :       0.00       0.00          0          0          0          0          0          0          0          0          0          0          0
  gomory           :       0.00       0.00          0          0          0          0          0          0          0          0          0          0          0
  > gomorymi       :          -          -          -          -          -          -          -          0          0          0          0          0          -
  > strongcg       :          -          -          -          -          -          -          -          0          0          0          0          0          -
  impliedbounds    :       0.33       0.00       4693        130          0          0          0          0          0          0          0          0          0
  interlattice     :       0.34       0.00         40         40          0          0         40          0         40         39          0         39          0
  interminor       :       0.00       0.00          0          0          0          0          0          0          0          0          0          0          0
  intersub         :       0.89       0.00         40         40          0          0         40          0         40         40          0         40          0
  intobj           :       0.00       0.00          0          0          0          0          0          0          0          0          0          0          0
  mcf              :       0.00       0.00          1          1          0          0          0          0          0          0          0          0          0
  minor            :       0.01       0.00          0          0          0          0          0          0          0          0          0          0          0
  mixing           :       0.01       0.00       4693        130          0          0          0          0          0          0          0          0          0
  oddcycle         :       0.00       0.00          0          0          0          0          0          0          0          0          0          0          0
  rapidlearning    :       0.00       0.00          0          0          0          0          0          0          0          0          0          0          0
  rlt              :       0.00       0.00         10         10          0          0          0          0          0          0          0          0          0
  zerohalf         :      26.80       0.00       4093         20          0          0      34200    1492362          0     162765     162765          0          0
Cutselectors       :   ExecTime  SetupTime      Calls  RootCalls   Selected     Forced   Filtered  RootSelec   RootForc   RootFilt 
  hybrid           :       1.11       0.00      14264        128     162908          0    1329749        319          0         13
Pricers            :   ExecTime  SetupTime      Calls       Vars
  problem variables:       0.00          -          0          0
Branching Rules    :   ExecTime  SetupTime   BranchLP  BranchExt   BranchPS    Cutoffs    DomReds       Cuts      Conss   Children
  allfullstrong    :       0.00       0.00          0          0          0          0          0          0          0          0
  cloud            :       0.00       0.00          0          0          0          0          0          0          0          0
  distribution     :       0.00       0.00          0          0          0          0          0          0          0          0
  fullstrong       :       0.00       0.00          0          0          0          0          0          0          0          0
  inference        :       0.00       0.00          0          0          0          0          0          0          0          0
  leastinf         :       0.00       0.00          0          0          0          0          0          0          0          0
  lookahead        :       0.00       0.00          0          0          0          0          0          0          0          0
  mostinf          :       0.00       0.00          0          0          0          0          0          0          0          0
  multaggr         :       0.00       0.00          0          0          0          0          0          0          0          0
  nodereopt        :       0.00       0.00          0          0          0          0          0          0          0          0
  pscost           :       0.00       0.00          0          0          0          0          0          0          0          0
  random           :       0.00       0.00          0          0          0          0          0          0          0          0
  relpscost        :      73.32       0.00     158568          0          0          0       1702          0       1566     315180
  vanillafullstrong:       0.00       0.00          0          0          0          0          0          0          0          0
Primal Heuristics  :   ExecTime  SetupTime      Calls      Found       Best
  LP solutions     :       0.01          -          -          1          1
  relax solutions  :       0.00          -          -          0          0
  pseudo solutions :       0.00          -          -          0          0
  strong branching :       0.03          -          -          0          0
  actconsdiving    :       0.00       0.00          0          0          0
  adaptivediving   :       3.71       0.00         30          0          0
  alns             :       2.19       0.00         24          3          3
  bound            :       0.00       0.00          0          0          0
  clique           :       0.01       0.00          1          0          0
  coefdiving       :       0.00       0.00          0          0          0
  completesol      :       0.00       0.00          0          0          0
  conflictdiving   :     148.69       0.00       1126          0          0
  crossover        :       1.20       0.00          4          1          1
  dins             :       0.00       0.00          0          0          0
  distributiondivin:      72.05       0.00        321          0          0
  dps              :       0.00       0.00          0          0          0
  dualval          :       0.00       0.00          0          0          0
  farkasdiving     :       0.00       0.00          0          0          0
  feaspump         :       0.65       0.00          1          1          1
  fixandinfer      :       0.00       0.00          0          0          0
  fracdiving       :      52.77       0.00        439          0          0
  gins             :       0.29       0.00          0          0          0
  guideddiving     :      51.71       0.00        442          0          0
  indicator        :       0.18       0.00          0          0          0
  indicatordiving  :       0.00       0.00          0          0          0
  intdiving        :       0.00       0.00          0          0          0
  intshifting      :       0.25       0.00         34          0          0
  linesearchdiving :      50.13       0.00        393          0          0
  localbranching   :       0.00       0.00          0          0          0
  locks            :       0.01       0.00          1          0          0
  lpface           :       0.21       0.00          0          0          0
  mpec             :     105.53       0.00         11          3          3
  multistart       :       0.00       0.00          0          0          0
  mutation         :       0.00       0.00          0          0          0
  nlpdiving        :      24.24       0.00          1          0          0
  objpscostdiving  :      30.48       0.00         47          4          0
  octane           :       0.00       0.00          0          0          0
  ofins            :       0.14       0.00          0          0          0
  oneopt           :       0.18       0.00         11          0          0
  padm             :       0.00       0.00          0          0          0
  proximity        :       0.00       0.00          0          0          0
  pscostdiving     :      52.40       0.00        362          1          1
  randrounding     :       0.99       0.00       5063          0          0
  rens             :       0.00       0.00          0          0          0
  reoptsols        :       0.00       0.00          0          0          0
  repair           :       0.00       0.00          0          0          0
  rins             :       2.28       0.00         28          0          0
  rootsoldiving    :      36.80       0.00         44          3          0
  rounding         :       1.50       0.00       5625          0          0
  shiftandpropagate:       0.00       0.00          0          0          0
  shifting         :      27.94       0.00       7642          1          1
  simplerounding   :       0.20       0.00          0          0          0
  subnlp           :     222.31       0.00          0          0          0
  trivial          :       0.00       0.00          2          2          2
  trivialnegation  :       0.00       0.00          0          0          0
  trustregion      :       0.00       0.00          0          0          0
  trysol           :       0.31       0.00          0          0          0
  twoopt           :       0.00       0.00          0          0          0
  undercover       :       1.83       0.00          1          1          1
  vbounds          :       0.00       0.00          0          0          0
  veclendiving     :      50.90       0.00        402          0          0
  zeroobj          :       0.00       0.00          0          0          0
  zirounding       :       0.46       0.00       1000          0          0
  other solutions  :          -          -          -          0          -
Diving (single)    :      Calls      Nodes   LP Iters Backtracks  Conflicts   MinDepth   MaxDepth   AvgDepth  RoundSols  NLeafSols  MinSolDpt  MaxSolDpt  AvgSolDpt
  actconsdiving    :          0          -          -          -          -          -          -          -          -          -          -          -          -
  coefdiving       :          0          -          -          -          -          -          -          -          -          -          -          -          -
  conflictdiving   :       1126      53125    1468520       1182      73902         55         90       67.5          0          -          -          -          -
  distributiondivin:        321      12579     509686        360       5934         53         70       59.4          0          -          -          -          -
  farkasdiving     :          0          -          -          -          -          -          -          -          -          -          -          -          -
  fracdiving       :        439      43037     505660        117       1911         58        233      118.6          0          -          -          -          -
  guideddiving     :        442      41691     501043         97       2450         58        208      115.5          0          -          -          -          -
  indicatordiving  :          0          -          -          -          -          -          -          -          -          -          -          -          -
  linesearchdiving :        393      17405     507382        344      21157         47         93       63.7          0          -          -          -          -
  pscostdiving     :        362      17174     521748        374       9903         54         84       67.9          0          1         84         84       84.0
  veclendiving     :        402      18031     506820        344      26518         55         85       65.0          0          -          -          -          -
Diving (adaptive)  :      Calls      Nodes   LP Iters Backtracks  Conflicts   MinDepth   MaxDepth   AvgDepth  RoundSols  NLeafSols  MinSolDpt  MaxSolDpt  AvgSolDpt
  actconsdiving    :          2         90       2820          2         28         60         60       60.0          0          -          -          -          -
  coefdiving       :          7        359       8291          9        575         61         91       72.6          0          -          -          -          -
  conflictdiving   :          0          -          -          -          -          -          -          -          -          -          -          -          -
  distributiondivin:          0          -          -          -          -          -          -          -          -          -          -          -          -
  farkasdiving     :          0          -          -          -          -          -          -          -          -          -          -          -          -
  fracdiving       :          3        157       1296          0         12         58        163       93.0          0          -          -          -          -
  guideddiving     :          1          4          5          0          7         58         58       58.0          0          -          -          -          -
  indicatordiving  :          0          -          -          -          -          -          -          -          -          -          -          -          -
  linesearchdiving :          9        427      11512          5        333         57         88       68.4          0          -          -          -          -
  pscostdiving     :          3        109       3636          4         78         56         68       64.0          0          -          -          -          -
  veclendiving     :          5        254       6303          5        332         59         75       68.2          0          -          -          -          -
Neighborhoods      :      Calls  SetupTime  SolveTime SolveNodes       Sols       Best       Exp3  EpsGreedy        UCB TgtFixRate  Opt  Inf Node Stal  Sol  Usr Othr Actv
  rens             :          3       0.07       0.08         72          0          0    0.00000   -1.00000    0.46534      0.662    0    2    0    1    0    0    0    1
  rins             :          2       0.04       0.05         81          0          0    0.00000   -1.00000    0.44855      0.850    0    1    0    1    0    0    0    1
  mutation         :          2       0.03       0.05         60          0          0    0.00000   -1.00000    0.46959      0.850    0    1    0    1    0    0    0    1
  localbranching   :          9       0.57       0.70       1706          3          3    0.00000   -1.00000    0.49045      0.852    1    3    0    5    0    0    0    1
  crossover        :          2       0.06       0.10        103          0          0    0.00000   -1.00000    0.46325      0.850    0    1    0    1    0    0    0    1
  proximity        :          2       0.04       0.09         62          0          0    0.00000   -1.00000    0.46855      0.850    0    1    0    1    0    0    0    1
  zeroobjective    :          2       0.05       0.05         82          0          0    0.00000   -1.00000    0.45226      0.850    0    1    0    1    0    0    0    1
  dins             :          2       0.04       0.08         77          0          0    0.00000   -1.00000    0.47025      0.850    0    1    0    1    0    0    0    1
  trustregion      :          0       0.00       0.00          0          0          0    0.00000   -1.00000    1.00000      0.900    0    0    0    0    0    0    0    0
Expressions        :   #IntEval  IntEvalTi   #RevProp  RevPropTi    DomReds    Cutoffs  #Estimate  EstimTime  Branching  #Simplify SimplifyTi Simplified
  pow              :          0       0.00          0       0.00          0          0          0       0.00          0          0       0.00          0
  prod             :       9900       0.02          0       0.00          0          0          0       0.00          0       6638       0.01          0
  sum              :          8       0.00          2       0.00          0          0          0       0.00          0          3       0.00          2
  var              :       6221       0.00          0       0.00          0          0          0       0.00          0      15282       0.00          0
  varidx           :          0       0.00          0       0.00          0          0          0       0.00          0          0       0.00          0
LP                 :       Time      Calls Iterations  Iter/call   Iter/sec  Time-0-It Calls-0-It    ItLimit
  primal LP        :     170.37      24964          0       0.00       0.00     170.24      24964
  dual LP          :    1746.20     300277    9856923      35.80    5644.78      10.57      24920
  lex dual LP      :       0.00          0          0       0.00          -
  barrier LP       :       0.00          0          0       0.00          -       0.00          0
  resolve instable :       0.00          0          0       0.00          -
  diving/probing LP:     467.85      16607    4959477     298.64   10600.57
  strong branching :      26.02       2682     187062      69.75    7189.16          -          -        667
    (at root node) :          -         19       7445     391.84          -
  conflict analysis:       9.19       6155      60223       9.78    6553.10
NLP relaxation     :
  solve time       :      23.67 (8 calls)
  convexity        :  nonconvex (46 linear rows, 0 convex ineq., 0 nonconvex ineq., 1688 nonlinear eq. or two-sided ineq.)
NLP Solvers        :  #Problems  ProblemTi    #Solves  SolveTime      #Iter  Time/Iter      #Okay #TimeLimit #IterLimit #LObjLimit #Interrupt  #NumError #EvalError  #OutOfMem #LicenseEr #OtherTerm   #GlobOpt    #LocOpt  #Feasible #LocInfeas #GlobInfea #Unbounded   #Unknown
  ipopt            :         12       9.29         43     133.54       1930       0.07         42          0          1          0          0          0          0          0          0          0          0         32          0         10          0          0          1
B&B Tree           :
  number of runs   :          1
  nodes            :     260163 (157590 internal, 102573 leaves)
  feasible leaves  :          1
  infeas. leaves   :         57
  objective leaves :     102514
  nodes (total)    :     260163 (157590 internal, 102573 leaves)
  nodes left       :      54957
  max depth        :         64
  max depth (total):         64
  backtracks       :      61030 (23.5%)
  early backtracks :          0 (0.0%)
  nodes exc. ref.  :          0 (0.0%)
  delayed cutoffs  :          4
  repropagations   :        142 (502 domain reductions, 0 cutoffs)
  avg switch length:       6.86
  switching time   :     230.19
Estim. Tree Size   :     520448
Estimation Tree    : 315181 nodes (260224 visited, 157590 internal, 102634 leaves, 54957 open), weight: 0.0000 completed 0.0852
Estimations        :      estim      value      trend resolution     smooth
  wbe              : 3600013097550883          -          -          -          -
  tree-profile     :         -1          -          -          -          -
  gap              :   10001872    0.67021    0.00001        128   10473215
  tree-weight      :     520448    0.00000    0.00000        128     519783
  leaf-frequency   :    1870291    0.39440    0.00002        128    1815898
  ssg              :   21853473    0.86549   -0.00001        128   22359620
  open-nodes       :     520448 54957.00000   25.82905        128     519783
Root Node          :
  First LP value   : -1.00000000000000e+00
  First LP Iters   :       1675 (10468.75 Iter/sec)
  First LP Time    :       0.16
  Final Dual Bound : -9.40573275481509e-01
  Final Root Iters :       6577
  Root LP Estimate : -3.45383051037043e-01
Solution           :
  Solutions found  :         21 (14 improvements)
  First Solution   : +1.00000000000000e+05   (in run 1, after 0 nodes, 0.00 seconds, depth 0, found by <trivial>)
  Gap First Sol.   :   infinite
  Gap Last Sol.    :      54.27 %
  Primal Bound     : -5.55151515151513e-01   (in run 1, after 43677 nodes, 873.64 seconds, depth 20, found by <alns>)
  Dual Bound       : -8.28322273185316e-01
  Gap              :      49.21 %
Integrals          :      Total       Avg%
  primal-dual      :  125450.53      34.85
  primal-ref       :          -          - (not evaluated)
  dual-ref         :          -          - (not evaluated)
