SCIP Status        : solving was interrupted [time limit reached]
Total Time         :    3600.01
  solving          :    3600.00
  presolving       :       0.43 (included in solving)
  reading          :       0.01
  copying          :       2.26 (59 #copies) (minimal 0.00, maximal 0.09, average 0.04)
Original Problem   :
  Problem name     : bbbenchmark/pw05_100.3.cut
  Variables        : 101 (100 binary, 0 integer, 0 implicit integer, 1 continuous)
  Constraints      : 1 initial, 1 maximal
  Objective        : minimize, 1 non-zeros (abs.min = 1, abs.max = 1)
Presolved Problem  :
  Problem name     : t_bbbenchmark/pw05_100.3.cut
  Variables        : 1815 (100 binary, 0 integer, 1699 implicit integer, 16 continuous)
  Constraints      : 1745 initial, 7005 maximal
  Objective        : minimize, 1 non-zeros (abs.min = 1, abs.max = 1)
  Nonzeros         : 8539 constraint, 202 clique table
Presolvers         :   ExecTime  SetupTime  Calls  FixedVars   AggrVars   ChgTypes  ChgBounds   AddHoles    DelCons    AddCons   ChgSides   ChgCoefs
  boundshift       :       0.00       0.00      0          0          0          0          0          0          0          0          0          0
  convertinttobin  :       0.00       0.00      0          0          0          0          0          0          0          0          0          0
  domcol           :       0.00       0.00      1          0          0          0          0          0          0          0          0          0
  dualagg          :       0.00       0.00      0          0          0          0          0          0          0          0          0          0
  dualcomp         :       0.00       0.00      1          0          0          0          0          0          0          0          0          0
  dualinfer        :       0.00       0.00      0          0          0          0          0          0          0          0          0          0
  dualsparsify     :       0.00       0.00      1          0          0          0          0          0          0          0          0          0
  gateextraction   :       0.00       0.00      0          0          0          0          0          0          0          0          0          0
  implics          :       0.00       0.00      2          0          0          0          0          0          0          0          0          0
  inttobinary      :       0.00       0.00      0          0          0          0          0          0          0          0          0          0
  qpkktref         :       0.00       0.00      0          0          0          0          0          0          0          0          0          0
  redvub           :       0.00       0.00      0          0          0          0          0          0          0          0          0          0
  sparsify         :       0.00       0.00      1          0          0          0          0          0          0          0          0          0
  stuffing         :       0.00       0.00      0          0          0          0          0          0          0          0          0          0
  trivial          :       0.00       0.00      4          0          0          0          0          0          0          0          0          0
  tworowbnd        :       0.00       0.00      0          0          0          0          0          0          0          0          0          0
  dualfix          :       0.00       0.00      4          0          0          0          0          0          0          0          0          0
  genvbounds       :       0.00       0.00      0          0          0          0          0          0          0          0          0          0
  probing          :       0.29       0.00      1          0          0          0          0          0          0          0          0          0
  pseudoobj        :       0.00       0.00      1          0          0          0          1          0          0          0          0          0
  symmetry         :       0.00       0.00      0          0          0          0          0          0          0          0          0          0
  vbounds          :       0.00       0.00      1          0          0          0          0          0          0          0          0          0
  varbound         :       0.00       0.00      2          0          0          0          0          0          0          0          0          0
  and              :       0.01       0.01      2          0          0          0          0          0          0          0          0          0
  linear           :       0.00       0.00      2          0          0          0          0          0          0          0          0          0
  logicor          :       0.00       0.00      0          0          0          0          0          0          0          0          0          0
  bounddisjunction :       0.00       0.00      0          0          0          0          0          0          0          0          0          0
  nonlinear        :       0.12       0.01      5          0          0          0          1          0          0       1744          0          0
  benders          :       0.00       0.00      0          0          0          0          0          0          0          0          0          0
  components       :       0.00       0.00      1          0          0          0          0          0          0          0          0          0
  root node        :          -          -      -          0          -          -         14          -          -          -          -          -
Constraints        :     Number  MaxNumber  #Separate #Propagate    #EnfoLP    #EnfoRelax  #EnfoPS    #Check   #ResProp    Cutoffs    DomReds       Cuts    Applied      Conss   Children
  benderslp        :          0          0          0          0      84032          0          0       2694          0          0          0          0          0          0          0
  integral         :          0          0          0          0      84032          0          0       2694          0          0        397          0          0         72     167934
  varbound         :         15         15        110     543803          0          0          0         42          0          0      68963          0          0          0          0
  and              :       1699       1699      99000     591905          7          0          0         42     395375          3     242015       2558       2454          0          0
  linear           :         31+        37        110     591949          7          0          0         40        545          6     362355          0          0          0          0
  logicor          :          0+      5111          0      93155          0          0          0          0         21        155         37          0          0          0          0
  bounddisjunction :          0+       219          0      49934          0          0          0          0          2         19          2          0          0          0          0
  benders          :          0          0          0          0          7          0          0         42          0          0          0          0          0          0          0
  countsols        :          0          0          0          0          7          0          0         42          0          0          0          0          0          0          0
  components       :          0          0          0          0          0          0          0          0          0          0          0          0          0          0          0
Constraint Timings :  TotalTime  SetupTime   Separate  Propagate     EnfoLP     EnfoPS     EnfoRelax   Check    ResProp    SB-Prop
  benderslp        :       0.13       0.00       0.00       0.00       0.13       0.00       0.00       0.00       0.00       0.00
  integral         :      53.15       0.00       0.00       0.00      53.14       0.00       0.00       0.01       0.00       0.00
  varbound         :       1.03       0.00       0.00       1.02       0.00       0.00       0.00       0.01       0.00       0.00
  and              :      81.70       0.01      57.53      23.39       0.00       0.00       0.00       0.00       0.37       0.40
  linear           :       3.72       0.00       0.04       3.65       0.00       0.00       0.00       0.01       0.00       0.02
  logicor          :       8.53       0.00       0.00       8.50       0.00       0.00       0.00       0.00       0.00       0.03
  bounddisjunction :       0.80       0.00       0.00       0.80       0.00       0.00       0.00       0.00       0.00       0.00
  benders          :       0.00       0.00       0.00       0.00       0.00       0.00       0.00       0.00       0.00       0.00
  countsols        :       0.00       0.00       0.00       0.00       0.00       0.00       0.00       0.00       0.00       0.00
  components       :       0.17       0.00       0.00       0.17       0.00       0.00       0.00       0.00       0.00       0.00
Propagators        : #Propagate   #ResProp    Cutoffs    DomReds
  dualfix          :          4          0          0          0
  genvbounds       :          0          0          0          0
  nlobbt           :          0          0          0          0
  obbt             :          0          0          0          0
  probing          :          0          0          0          0
  pseudoobj        :     382065          0          0        133
  redcost          :     192513          0          0      71171
  rootredcost      :         17          0          0          0
  symmetry         :          0          0          0          0
  vbounds          :     104690          0          0          0
Propagator Timings :  TotalTime  SetupTime   Presolve  Propagate    ResProp    SB-Prop
  dualfix          :       0.00       0.00       0.00       0.00       0.00       0.00
  genvbounds       :       0.37       0.00       0.00       0.37       0.00       0.00
  nlobbt           :       0.00       0.00       0.00       0.00       0.00       0.00
  obbt             :       0.00       0.00       0.00       0.00       0.00       0.00
  probing          :       0.29       0.00       0.29       0.00       0.00       0.00
  pseudoobj        :       0.67       0.00       0.00       0.66       0.00       0.01
  redcost          :      12.11       0.00       0.00      12.09       0.00       0.02
  rootredcost      :       0.47       0.00       0.00       0.47       0.00       0.00
  symmetry         :       0.38       0.00       0.00       0.37       0.00       0.01
  vbounds          :       0.69       0.00       0.00       0.68       0.00       0.01
Conflict Analysis  :       Time      Calls    Success    DomReds  Conflicts   Literals    Reconvs ReconvLits   Dualrays   Nonzeros   LP Iters   (pool size: [10000,10000])
  propagation      :       0.00        177        120          -        149       60.5          0        0.0          -          -          -
  infeasible LP    :       0.06         22         22          -        998      152.9          0        0.0         39      179.5          0
  bound exceed. LP :      16.85       3939       3763          -     109147      111.7          0        0.0          0        0.0      43248
  strong branching :       0.00          0          0          -          0        0.0          0        0.0          -          -          0
  pseudo solution  :       0.00          0          0          -          0        0.0          0        0.0          -          -          -
  applied globally :       0.46          -          -          0      24208      126.0          -          -         39          -          -
  applied locally  :          -          -          -          0          0        0.0          -          -          0          -          -
Separators         :   ExecTime  SetupTime      Calls  RootCalls    Cutoffs    DomReds  FoundCuts ViaPoolAdd  DirectAdd    Applied ViaPoolApp  DirectApp      Conss
  cut pool         :       9.60          -      24495        138          -          -      40337    2958687          -          -          -          -          -    (maximal pool size:       4950)
  aggregation      :     456.36       0.00       7060        110          0          0         52        193          0         46         46          0          0
  > cmir           :          -          -          -          -          -          -          -        193          0         46         46          0          -
  > flowcover      :          -          -          -          -          -          -          -          0          0          0          0          0          -
  > knapsackcover  :          -          -          -          -          -          -          -          0          0          0          0          0          -
  cgmip            :       0.00       0.00          0          0          0          0          0          0          0          0          0          0          0
  clique           :       0.00       0.00        110        110          0          0          0          0          0          0          0          0          0
  closecuts        :       0.00       0.00          0          0          0          0          0          0          0          0          0          0          0
  convexproj       :       0.00       0.00          0          0          0          0          0          0          0          0          0          0          0
  disjunctive      :       0.00       0.00          0          0          0          0          0          0          0          0          0          0          0
  eccuts           :       0.00       0.00          0          0          0          0          0          0          0          0          0          0          0
  gauge            :       0.00       0.00          0          0          0          0          0          0          0          0          0          0          0
  gomory           :       0.00       0.00          0          0          0          0          0          0          0          0          0          0          0
  > gomorymi       :          -          -          -          -          -          -          -          0          0          0          0          0          -
  > strongcg       :          -          -          -          -          -          -          -          0          0          0          0          0          -
  impliedbounds    :       0.45       0.00       7060        110          0          0          6          0          0          0          0          0          0
  interlattice     :       0.27       0.00         40         40          0          0         40          0         40         38          0         38          0
  interminor       :       0.00       0.00          0          0          0          0          0          0          0          0          0          0          0
  intersub         :       0.87       0.00         40         40          0          0         40          0         40         40          0         40          0
  intobj           :       0.00       0.00          0          0          0          0          0          0          0          0          0          0          0
  mcf              :       0.00       0.00          1          1          0          0          0          0          0          0          0          0          0
  minor            :       0.02       0.00          0          0          0          0          0          0          0          0          0          0          0
  mixing           :       0.03       0.00       7060        110          0          0          0          0          0          0          0          0          0
  oddcycle         :       0.00       0.00          0          0          0          0          0          0          0          0          0          0          0
  rapidlearning    :       0.00       0.00          0          0          0          0          0          0          0          0          0          0          0
  rlt              :       0.00       0.00         10         10          0          0          0          0          0          0          0          0          0
  zerohalf         :      52.06       0.00       5620         20          0          0      40279    2958494          0     181928     181928          0          0
Cutselectors       :   ExecTime  SetupTime      Calls  RootCalls   Selected     Forced   Filtered  RootSelec   RootForc   RootFilt 
  hybrid           :       3.71       0.00      13226        108     184506          0    2776819        287          0          4
Pricers            :   ExecTime  SetupTime      Calls       Vars
  problem variables:       0.00          -          0          0
Branching Rules    :   ExecTime  SetupTime   BranchLP  BranchExt   BranchPS    Cutoffs    DomReds       Cuts      Conss   Children
  allfullstrong    :       0.00       0.00          0          0          0          0          0          0          0          0
  cloud            :       0.00       0.00          0          0          0          0          0          0          0          0
  distribution     :       0.00       0.00          0          0          0          0          0          0          0          0
  fullstrong       :       0.00       0.00          0          0          0          0          0          0          0          0
  inference        :       0.00       0.00          0          0          0          0          0          0          0          0
  leastinf         :       0.00       0.00          0          0          0          0          0          0          0          0
  lookahead        :       0.00       0.00          0          0          0          0          0          0          0          0
  mostinf          :       0.00       0.00          0          0          0          0          0          0          0          0
  multaggr         :       0.00       0.00          0          0          0          0          0          0          0          0
  nodereopt        :       0.00       0.00          0          0          0          0          0          0          0          0
  pscost           :       0.00       0.00          0          0          0          0          0          0          0          0
  random           :       0.00       0.00          0          0          0          0          0          0          0          0
  relpscost        :      52.82       0.00      84025          0          0          0        397          0         72     167934
  vanillafullstrong:       0.00       0.00          0          0          0          0          0          0          0          0
Primal Heuristics  :   ExecTime  SetupTime      Calls      Found       Best
  LP solutions     :       0.00          -          -          7          7
  relax solutions  :       0.00          -          -          0          0
  pseudo solutions :       0.00          -          -          0          0
  strong branching :       0.00          -          -          0          0
  actconsdiving    :       0.00       0.00          0          0          0
  adaptivediving   :       4.67       0.00         26          0          0
  alns             :       9.40       0.00         31         17         17
  bound            :       0.00       0.00          0          0          0
  clique           :       0.01       0.00          1          0          0
  coefdiving       :       0.00       0.00          0          0          0
  completesol      :       0.00       0.00          0          0          0
  conflictdiving   :     106.18       0.00        648          0          0
  crossover        :       0.75       0.00          6          0          0
  dins             :       0.00       0.00          0          0          0
  distributiondivin:      69.80       0.00        258          0          0
  dps              :       0.00       0.00          0          0          0
  dualval          :       0.00       0.00          0          0          0
  farkasdiving     :       0.00       0.00          0          0          0
  feaspump         :       0.88       0.00          1          1          1
  fixandinfer      :       0.00       0.00          0          0          0
  fracdiving       :      57.16       0.00        325          0          0
  gins             :       0.07       0.00          0          0          0
  guideddiving     :      52.96       0.00        329          0          0
  indicator        :       0.10       0.00          0          0          0
  indicatordiving  :       0.00       0.00          0          0          0
  intdiving        :       0.00       0.00          0          0          0
  intshifting      :       0.55       0.00         31          0          0
  linesearchdiving :      48.80       0.00        329          0          0
  localbranching   :       0.00       0.00          0          0          0
  locks            :       0.01       0.00          1          0          0
  lpface           :       0.05       0.00          0          0          0
  mpec             :     120.73       0.00         11          2          2
  multistart       :       0.00       0.00          0          0          0
  mutation         :       0.00       0.00          0          0          0
  nlpdiving        :       8.07       0.00         10          0          0
  objpscostdiving  :      54.27       0.00         50         11          0
  octane           :       0.00       0.00          0          0          0
  ofins            :       0.11       0.00          0          0          0
  oneopt           :       0.09       0.00         20          0          0
  padm             :       0.00       0.00          0          0          0
  proximity        :       0.00       0.00          0          0          0
  pscostdiving     :      54.08       0.00        283          1          1
  randrounding     :       0.87       0.00       2649          0          0
  rens             :       0.00       0.00          0          0          0
  reoptsols        :       0.00       0.00          0          0          0
  repair           :       0.00       0.00          0          0          0
  rins             :       2.70       0.00         22          0          0
  rootsoldiving    :      44.69       0.00         32          3          0
  rounding         :       1.30       0.00       4197          0          0
  shiftandpropagate:       0.00       0.00          0          0          0
  shifting         :      26.23       0.00       5551          1          1
  simplerounding   :       0.11       0.00          0          0          0
  subnlp           :     147.88       0.00          0          0          0
  trivial          :       0.01       0.00          2          2          2
  trivialnegation  :       0.00       0.00          0          0          0
  trustregion      :       0.00       0.00          0          0          0
  trysol           :       0.14       0.00          0          0          0
  twoopt           :       0.00       0.00          0          0          0
  undercover       :       1.61       0.00          1          1          1
  vbounds          :       0.00       0.00          0          0          0
  veclendiving     :      50.30       0.00        330          0          0
  zeroobj          :       0.00       0.00          0          0          0
  zirounding       :       0.60       0.00       1000          0          0
  other solutions  :          -          -          -          0          -
Diving (single)    :      Calls      Nodes   LP Iters Backtracks  Conflicts   MinDepth   MaxDepth   AvgDepth  RoundSols  NLeafSols  MinSolDpt  MaxSolDpt  AvgSolDpt
  actconsdiving    :          0          -          -          -          -          -          -          -          -          -          -          -          -
  coefdiving       :          0          -          -          -          -          -          -          -          -          -          -          -          -
  conflictdiving   :        648      27381     764207        672      45593         52         85       60.9          0          -          -          -          -
  distributiondivin:        258       9691     400018        283       7012         45         81       55.3          0          -          -          -          -
  farkasdiving     :          0          -          -          -          -          -          -          -          -          -          -          -          -
  fracdiving       :        325      51454     396060         84       1445         56        634      177.6          0          -          -          -          -
  guideddiving     :        329      41996     381465         33       1078         56        361      148.2          0          -          -          -          -
  indicatordiving  :          0          -          -          -          -          -          -          -          -          -          -          -          -
  linesearchdiving :        329      13825     367361        301      17740         49         90       62.0          0          -          -          -          -
  pscostdiving     :        283      12557     412154        300      11021         50         78       62.6          0          1         78         78       78.0
  veclendiving     :        330      14057     358934        315      23752         54         94       61.1          0          -          -          -          -
Diving (adaptive)  :      Calls      Nodes   LP Iters Backtracks  Conflicts   MinDepth   MaxDepth   AvgDepth  RoundSols  NLeafSols  MinSolDpt  MaxSolDpt  AvgSolDpt
  actconsdiving    :          3         70       3398          3         63         51         56       52.7          0          -          -          -          -
  coefdiving       :          7        329       7409          6        506         56         87       65.1          0          -          -          -          -
  conflictdiving   :          0          -          -          -          -          -          -          -          -          -          -          -          -
  distributiondivin:          0          -          -          -          -          -          -          -          -          -          -          -          -
  farkasdiving     :          0          -          -          -          -          -          -          -          -          -          -          -          -
  fracdiving       :          3        591       4851          0          0        120        285      208.7          0          -          -          -          -
  guideddiving     :          2        310       2604          0          0        135        210      172.5          0          -          -          -          -
  indicatordiving  :          0          -          -          -          -          -          -          -          -          -          -          -          -
  linesearchdiving :          3        146       3537          3        191         57         82       65.7          0          -          -          -          -
  pscostdiving     :          3        142       4927          4        160         60         68       64.0          0          -          -          -          -
  veclendiving     :          5        208       5655          5        358         57         63       59.0          0          -          -          -          -
Neighborhoods      :      Calls  SetupTime  SolveTime SolveNodes       Sols       Best       Exp3  EpsGreedy        UCB TgtFixRate  Opt  Inf Node Stal  Sol  Usr Othr Actv
  rens             :          4       0.19       0.81         96          0          0    0.00000   -1.00000    0.43682      0.522    0    3    0    1    0    0    0    1
  rins             :          9       0.71       1.22        915          6          6    0.00000   -1.00000    0.46743      0.705    0    2    0    5    1    0    1    1
  mutation         :          5       0.29       3.97       2961          6          6    0.00000   -1.00000    0.45737      0.585    0    1    0    2    2    0    0    1
  localbranching   :          3       0.19       0.38        558          2          2    0.00000   -1.00000    0.46001      0.812    0    1    0    2    0    0    0    1
  crossover        :          3       0.15       0.31        315          3          3    0.00000   -1.00000    0.42296      0.662    0    1    0    1    1    0    0    1
  proximity        :          2       0.11       0.15        102          0          0    0.00000   -1.00000    0.41689      0.850    0    1    0    1    0    0    0    1
  zeroobjective    :          2       0.11       0.20        342          0          0    0.00000   -1.00000    0.30216      0.850    0    1    0    1    0    0    0    1
  dins             :          3       0.24       0.12        160          0          0    0.00000   -1.00000    0.46294      0.900    0    1    0    2    0    0    0    1
  trustregion      :          0       0.00       0.00          0          0          0    0.00000   -1.00000    1.00000      0.900    0    0    0    0    0    0    0    0
Expressions        :   #IntEval  IntEvalTi   #RevProp  RevPropTi    DomReds    Cutoffs  #Estimate  EstimTime  Branching  #Simplify SimplifyTi Simplified
  pow              :          0       0.00          0       0.00          0          0          0       0.00          0          0       0.00          0
  prod             :       9900       0.01          0       0.00          0          0          0       0.00          0       6649       0.00          0
  sum              :          8       0.00          2       0.00          0          0          0       0.00          0          3       0.00          2
  var              :       6254       0.00          0       0.00          0          0          0       0.00          0      15315       0.01          0
  varidx           :          0       0.00          0       0.00          0          0          0       0.00          0          0       0.00          0
LP                 :       Time      Calls Iterations  Iter/call   Iter/sec  Time-0-It Calls-0-It    ItLimit
  primal LP        :     161.57      13793          0       0.00       0.00     161.47      13793
  dual LP          :    1729.28     164090    7662882      50.13    4431.26       5.87      11234
  lex dual LP      :       0.00          0          0       0.00          -
  barrier LP       :       0.00          0          0       0.00          -       0.00          0
  resolve instable :       0.00          0          0       0.00          -
  diving/probing LP:     468.93      12115    3565234     294.28    7602.91
  strong branching :      27.32       1258     170635     135.64    6245.79          -          -        228
    (at root node) :          -         19       6093     320.68          -
  conflict analysis:       7.26       4402      43248       9.82    5957.02
NLP relaxation     :
  solve time       :       8.03 (10 calls)
  convexity        :  nonconvex (46 linear rows, 0 convex ineq., 0 nonconvex ineq., 1699 nonlinear eq. or two-sided ineq.)
NLP Solvers        :  #Problems  ProblemTi    #Solves  SolveTime      #Iter  Time/Iter      #Okay #TimeLimit #IterLimit #LObjLimit #Interrupt  #NumError #EvalError  #OutOfMem #LicenseEr #OtherTerm   #GlobOpt    #LocOpt  #Feasible #LocInfeas #GlobInfea #Unbounded   #Unknown
  ipopt            :         12       6.16         35     133.95       1780       0.08         35          0          0          0          0          0          0          0          0          0          0         13          0         12          0          0         10
B&B Tree           :
  number of runs   :          1
  nodes            :     139588 (83967 internal, 55621 leaves)
  feasible leaves  :          7
  infeas. leaves   :          4
  objective leaves :      55609
  nodes (total)    :     139588 (83967 internal, 55621 leaves)
  nodes left       :      28066
  max depth        :         60
  max depth (total):         60
  backtracks       :      34278 (24.6%)
  early backtracks :          0 (0.0%)
  nodes exc. ref.  :          0 (0.0%)
  delayed cutoffs  :         12
  repropagations   :         50 (295 domain reductions, 1 cutoffs)
  avg switch length:       6.36
  switching time   :     196.96
Estim. Tree Size   :     279738
Estimation Tree    : 167935 nodes (139869 visited, 83967 internal, 55902 leaves, 28066 open), weight: 0.0000 completed 0.1023
Estimations        :      estim      value      trend resolution     smooth
  wbe              : 343186008624987          -          -          -          -
  tree-profile     :         -1          -          -          -          -
  gap              :    2592006    0.69805    0.00002         64    2523788
  tree-weight      :     279738    0.00000    0.00000         64     279423
  leaf-frequency   :     279738    0.39967   -0.00000         64     279516
  ssg              :    8512765    0.83843   -0.00001         64    8352799
  open-nodes       :     279738 28066.00000   21.50267         64     279423
Root Node          :
  First LP value   : -5.52080808080809e+00
  First LP Iters   :       1659 (9758.82 Iter/sec)
  First LP Time    :       0.17
  Final Dual Bound : -5.25448266791163e+00
  Final Root Iters :       4691
  Root LP Estimate : -1.71111180529561e+00
Solution           :
  Solutions found  :         46 (32 improvements)
  First Solution   : +1.00000000000000e+05   (in run 1, after 0 nodes, 0.06 seconds, depth 0, found by <trivial>)
  Gap First Sol.   :   infinite
  Gap Last Sol.    :      44.02 %
  Primal Bound     : -3.20000000000000e+00   (in run 1, after 108746 nodes, 2509.10 seconds, depth 20, found by <alns>)
  Dual Bound       : -4.58419863300027e+00
  Gap              :      43.26 %
Integrals          :      Total       Avg%
  primal-dual      :  120905.16      33.58
  primal-ref       :          -          - (not evaluated)
  dual-ref         :          -          - (not evaluated)
