SCIP Status        : solving was interrupted [time limit reached]
Total Time         :    3600.02
  solving          :    3600.01
  presolving       :       0.50 (included in solving)
  reading          :       0.01
  copying          :       0.77 (33 #copies) (minimal 0.00, maximal 0.07, average 0.02)
Original Problem   :
  Problem name     : bbbenchmark/pw05_100.0.cut
  Variables        : 101 (100 binary, 0 integer, 0 implicit integer, 1 continuous)
  Constraints      : 1 initial, 1 maximal
  Objective        : minimize, 1 non-zeros (abs.min = 1, abs.max = 1)
Presolved Problem  :
  Problem name     : t_bbbenchmark/pw05_100.0.cut
  Variables        : 1973 (100 binary, 0 integer, 1860 implicit integer, 13 continuous)
  Constraints      : 1897 initial, 6612 maximal
  Objective        : minimize, 1 non-zeros (abs.min = 1, abs.max = 1)
  Nonzeros         : 8843 constraint, 202 clique table
Presolvers         :   ExecTime  SetupTime  Calls  FixedVars   AggrVars   ChgTypes  ChgBounds   AddHoles    DelCons    AddCons   ChgSides   ChgCoefs
  boundshift       :       0.00       0.00      0          0          0          0          0          0          0          0          0          0
  convertinttobin  :       0.00       0.00      0          0          0          0          0          0          0          0          0          0
  domcol           :       0.00       0.00      1          0          0          0          0          0          0          0          0          0
  dualagg          :       0.00       0.00      0          0          0          0          0          0          0          0          0          0
  dualcomp         :       0.00       0.00      1          0          0          0          0          0          0          0          0          0
  dualinfer        :       0.00       0.00      0          0          0          0          0          0          0          0          0          0
  dualsparsify     :       0.00       0.00      1          0          0          0          0          0          0          0          0          0
  gateextraction   :       0.00       0.00      0          0          0          0          0          0          0          0          0          0
  implics          :       0.00       0.00      2          0          0          0          0          0          0          0          0          0
  inttobinary      :       0.00       0.00      0          0          0          0          0          0          0          0          0          0
  qpkktref         :       0.00       0.00      0          0          0          0          0          0          0          0          0          0
  redvub           :       0.00       0.00      0          0          0          0          0          0          0          0          0          0
  sparsify         :       0.00       0.00      1          0          0          0          0          0          0          0          0          0
  stuffing         :       0.00       0.00      0          0          0          0          0          0          0          0          0          0
  trivial          :       0.00       0.00      4          0          0          0          0          0          0          0          0          0
  tworowbnd        :       0.00       0.00      0          0          0          0          0          0          0          0          0          0
  dualfix          :       0.00       0.00      4          0          0          0          0          0          0          0          0          0
  genvbounds       :       0.00       0.00      0          0          0          0          0          0          0          0          0          0
  probing          :       0.28       0.00      1          0          0          0          0          0          0          0          0          0
  pseudoobj        :       0.00       0.00      1          0          0          0          1          0          0          0          0          0
  symmetry         :       0.00       0.00      0          0          0          0          0          0          0          0          0          0
  vbounds          :       0.00       0.00      1          0          0          0          0          0          0          0          0          0
  varbound         :       0.00       0.00      2          0          0          0          0          0          0          0          0          0
  and              :       0.00       0.00      2          0          0          0          0          0          0          0          0          0
  linear           :       0.01       0.00      2          0          0          0          0          0          0          0          0          0
  logicor          :       0.00       0.00      0          0          0          0          0          0          0          0          0          0
  bounddisjunction :       0.00       0.00      0          0          0          0          0          0          0          0          0          0
  nonlinear        :       0.19       0.01      5          0          0          0          1          0          0       1896          0          0
  benders          :       0.00       0.00      0          0          0          0          0          0          0          0          0          0
  components       :       0.01       0.00      1          0          0          0          0          0          0          0          0          0
  root node        :          -          -      -          0          -          -         13          -          -          -          -          -
Constraints        :     Number  MaxNumber  #Separate #Propagate    #EnfoLP    #EnfoRelax  #EnfoPS    #Check   #ResProp    Cutoffs    DomReds       Cuts    Applied      Conss   Children
  benderslp        :          0          0          0          0      27312          0          0       4804          0          0          0          0          0          0          0
  integral         :          0          0          0          0      27312          0          0       4804          0          0       1595          0          0       1093      53302
  varbound         :         12         12         80     229685          0          0          0         24          0          0      10104          0          0          0          0
  and              :       1860       1860      37079     307784          1          0          0         24     269473          4     552998       3369       3142          0          0
  linear           :         25+        28         80     307815          1          0          0         22        492          2      76396          0          0          0          0
  logicor          :          0+      4483          0      51758          0          0          0          0        427        204         36          0          0          0          0
  bounddisjunction :          0+       247          0      18228          0          0          0          0          1          6          2          0          0          0          0
  benders          :          0          0          0          0          1          0          0         25          0          0          0          0          0          0          0
  countsols        :          0          0          0          0          1          0          0         25          0          0          0          0          0          0          0
  components       :          0          0          0          0          0          0          0          0          0          0          0          0          0          0          0
Constraint Timings :  TotalTime  SetupTime   Separate  Propagate     EnfoLP     EnfoPS     EnfoRelax   Check    ResProp    SB-Prop
  benderslp        :       0.04       0.00       0.00       0.00       0.04       0.00       0.00       0.00       0.00       0.00
  integral         :      49.65       0.00       0.00       0.00      49.64       0.00       0.00       0.01       0.00       0.00
  varbound         :       0.32       0.00       0.00       0.32       0.00       0.00       0.00       0.00       0.00       0.00
  and              :      42.40       0.00      26.96      14.63       0.00       0.00       0.00       0.00       0.23       0.58
  linear           :       1.16       0.00       0.04       1.05       0.00       0.00       0.00       0.00       0.01       0.06
  logicor          :       2.09       0.00       0.00       2.08       0.00       0.00       0.00       0.00       0.00       0.01
  bounddisjunction :       0.17       0.00       0.00       0.17       0.00       0.00       0.00       0.00       0.00       0.00
  benders          :       0.00       0.00       0.00       0.00       0.00       0.00       0.00       0.00       0.00       0.00
  countsols        :       0.00       0.00       0.00       0.00       0.00       0.00       0.00       0.00       0.00       0.00
  components       :       0.04       0.00       0.00       0.04       0.00       0.00       0.00       0.00       0.00       0.00
Propagators        : #Propagate   #ResProp    Cutoffs    DomReds
  dualfix          :          4          0          0          0
  genvbounds       :          0          0          0          0
  nlobbt           :          0          0          0          0
  obbt             :          0          0          0          0
  probing          :          0          0          0          0
  pseudoobj        :     117846          0          0         14
  redcost          :      71448          0          0      43144
  rootredcost      :          8          0          0          0
  symmetry         :          0          0          0          0
  vbounds          :      29522          0          0          0
Propagator Timings :  TotalTime  SetupTime   Presolve  Propagate    ResProp    SB-Prop
  dualfix          :       0.00       0.00       0.00       0.00       0.00       0.00
  genvbounds       :       0.21       0.00       0.00       0.21       0.00       0.00
  nlobbt           :       0.00       0.00       0.00       0.00       0.00       0.00
  obbt             :       0.00       0.00       0.00       0.00       0.00       0.00
  probing          :       0.28       0.00       0.28       0.00       0.00       0.00
  pseudoobj        :       0.22       0.00       0.00       0.21       0.00       0.01
  redcost          :       4.81       0.00       0.00       4.81       0.00       0.00
  rootredcost      :       0.21       0.00       0.00       0.20       0.00       0.01
  symmetry         :       0.05       0.00       0.00       0.04       0.00       0.01
  vbounds          :       0.20       0.00       0.00       0.18       0.00       0.02
Conflict Analysis  :       Time      Calls    Success    DomReds  Conflicts   Literals    Reconvs ReconvLits   Dualrays   Nonzeros   LP Iters   (pool size: [10000,10000])
  propagation      :       0.01        214        143          -        163       57.3          0        0.0          -          -          -
  infeasible LP    :       0.03         12         12          -        550      147.2          0        0.0         12      241.6          0
  bound exceed. LP :      14.25       3555       3082          -      78022      104.1          0        0.0          0        0.0      34498
  strong branching :       0.00          0          0          -          0        0.0          0        0.0          -          -          0
  pseudo solution  :       0.00          0          0          -          0        0.0          0        0.0          -          -          -
  applied globally :       0.27          -          -          0      14236      121.2          -          -         12          -          -
  applied locally  :          -          -          -          0          0        0.0          -          -          0          -          -
Separators         :   ExecTime  SetupTime      Calls  RootCalls    Cutoffs    DomReds  FoundCuts ViaPoolAdd  DirectAdd    Applied ViaPoolApp  DirectApp      Conss
  cut pool         :       4.59          -      17879        108          -          -      41001    1173675          -          -          -          -          -    (maximal pool size:       2402)
  aggregation      :     470.46       0.00       6658         80          0          0         10        126          0         18         18          0          0
  > cmir           :          -          -          -          -          -          -          -        126          0         18         18          0          -
  > flowcover      :          -          -          -          -          -          -          -          0          0          0          0          0          -
  > knapsackcover  :          -          -          -          -          -          -          -          0          0          0          0          0          -
  cgmip            :       0.00       0.00          0          0          0          0          0          0          0          0          0          0          0
  clique           :       0.00       0.00         80         80          0          0          0          0          0          0          0          0          0
  closecuts        :       0.00       0.00          0          0          0          0          0          0          0          0          0          0          0
  convexproj       :       0.00       0.00          0          0          0          0          0          0          0          0          0          0          0
  disjunctive      :       0.00       0.00          0          0          0          0          0          0          0          0          0          0          0
  eccuts           :       0.00       0.00          0          0          0          0          0          0          0          0          0          0          0
  gauge            :       0.00       0.00          0          0          0          0          0          0          0          0          0          0          0
  gomory           :       0.00       0.00          0          0          0          0          0          0          0          0          0          0          0
  > gomorymi       :          -          -          -          -          -          -          -          0          0          0          0          0          -
  > strongcg       :          -          -          -          -          -          -          -          0          0          0          0          0          -
  impliedbounds    :       0.57       0.00       6658         80          0          0         23          2          0          2          2          0          0
  interlattice     :       0.00       0.00          0          0          0          0          0          0          0          0          0          0          0
  interminor       :       0.00       0.00          0          0          0          0          0          0          0          0          0          0          0
  intersub         :       0.96       0.00         40         40          0          0         40          0         40         40          0         40          0
  intobj           :       0.00       0.00          0          0          0          0          0          0          0          0          0          0          0
  mcf              :       0.01       0.00          1          1          0          0          0          0          0          0          0          0          0
  minor            :       0.02       0.01          0          0          0          0          0          0          0          0          0          0          0
  mixing           :       0.01       0.00       6658         80          0          0          0          0          0          0          0          0          0
  oddcycle         :       0.00       0.00          0          0          0          0          0          0          0          0          0          0          0
  rapidlearning    :       0.00       0.00          0          0          0          0          0          0          0          0          0          0          0
  rlt              :       0.00       0.00         10         10          0          0          0          0          0          0          0          0          0
  zerohalf         :      83.93       0.00       5996         20          0          0      40968    1173547          0     143398     143398          0          0
Cutselectors       :   ExecTime  SetupTime      Calls  RootCalls   Selected     Forced   Filtered  RootSelec   RootForc   RootFilt 
  hybrid           :       1.08       0.00      11620         78     146600          0    1030484        244          0         32
Pricers            :   ExecTime  SetupTime      Calls       Vars
  problem variables:       0.00          -          0          0
Branching Rules    :   ExecTime  SetupTime   BranchLP  BranchExt   BranchPS    Cutoffs    DomReds       Cuts      Conss   Children
  allfullstrong    :       0.00       0.00          0          0          0          0          0          0          0          0
  cloud            :       0.00       0.00          0          0          0          0          0          0          0          0
  distribution     :       0.00       0.00          0          0          0          0          0          0          0          0
  fullstrong       :       0.00       0.00          0          0          0          0          0          0          0          0
  inference        :       0.00       0.00          0          0          0          0          0          0          0          0
  leastinf         :       0.00       0.00          0          0          0          0          0          0          0          0
  lookahead        :       0.00       0.00          0          0          0          0          0          0          0          0
  mostinf          :       0.00       0.00          0          0          0          0          0          0          0          0
  multaggr         :       0.00       0.00          0          0          0          0          0          0          0          0
  nodereopt        :       0.00       0.00          0          0          0          0          0          0          0          0
  pscost           :       0.00       0.00          0          0          0          0          0          0          0          0
  random           :       0.00       0.00          0          0          0          0          0          0          0          0
  relpscost        :      49.51       0.00      27311          0          0          0       1595          0       1097      53302
  vanillafullstrong:       0.00       0.00          0          0          0          0          0          0          0          0
Primal Heuristics  :   ExecTime  SetupTime      Calls      Found       Best
  LP solutions     :       0.00          -          -          1          1
  relax solutions  :       0.00          -          -          0          0
  pseudo solutions :       0.00          -          -          0          0
  strong branching :       0.01          -          -          0          0
  actconsdiving    :       0.00       0.00          0          0          0
  adaptivediving   :       5.50       0.00         23          0          0
  alns             :       1.79       0.00         15          4          4
  bound            :       0.00       0.00          0          0          0
  clique           :       0.01       0.00          1          0          0
  coefdiving       :       0.00       0.00          0          0          0
  completesol      :       0.00       0.00          0          0          0
  conflictdiving   :      47.78       0.00        278          0          0
  crossover        :       1.22       0.00          4          1          1
  dins             :       0.00       0.00          0          0          0
  distributiondivin:      60.79       0.00        197          0          0
  dps              :       0.00       0.00          0          0          0
  dualval          :       0.00       0.00          0          0          0
  farkasdiving     :       0.00       0.00          0          0          0
  feaspump         :       0.25       0.00          1          1          1
  fixandinfer      :       0.00       0.00          0          0          0
  fracdiving       :      48.25       0.00        197          0          0
  gins             :       0.05       0.00          0          0          0
  guideddiving     :      40.64       0.00        197          1          1
  indicator        :       0.09       0.00          0          0          0
  indicatordiving  :       0.00       0.00          0          0          0
  intdiving        :       0.00       0.00          0          0          0
  intshifting      :       0.57       0.00         41          0          0
  linesearchdiving :      34.34       0.00        197          0          0
  localbranching   :       0.00       0.00          0          0          0
  locks            :       0.01       0.00          1          0          0
  lpface           :       0.07       0.00          0          0          0
  mpec             :     357.49       0.00         11          0          0
  multistart       :       0.00       0.00          0          0          0
  mutation         :       0.00       0.00          0          0          0
  nlpdiving        :      30.53       0.00          2          0          0
  objpscostdiving  :      83.30       0.00         35          3          1
  octane           :       0.00       0.00          0          0          0
  ofins            :       0.03       0.00          0          0          0
  oneopt           :       0.04       0.00         12          0          0
  padm             :       0.00       0.00          0          0          0
  proximity        :       0.00       0.00          0          0          0
  pscostdiving     :      50.40       0.00        197          1          1
  randrounding     :       0.67       0.00       4775          0          0
  rens             :       0.00       0.00          0          0          0
  reoptsols        :       0.00       0.00          0          0          0
  repair           :       0.00       0.00          0          0          0
  rins             :       1.84       0.00         13          1          1
  rootsoldiving    :      60.09       0.00         31          5          0
  rounding         :       0.84       0.00       2694          0          0
  shiftandpropagate:       0.00       0.00          0          0          0
  shifting         :      34.38       0.00       6536          2          2
  simplerounding   :       0.06       0.00          0          0          0
  subnlp           :      53.72       0.00          0          0          0
  trivial          :       0.01       0.00          2          2          2
  trivialnegation  :       0.00       0.00          0          0          0
  trustregion      :       0.00       0.00          0          0          0
  trysol           :       0.06       0.00          0          0          0
  twoopt           :       0.00       0.00          0          0          0
  undercover       :       2.50       0.00          1          1          1
  vbounds          :       0.00       0.00          0          0          0
  veclendiving     :      33.35       0.00        197          0          0
  zeroobj          :       0.00       0.00          0          0          0
  zirounding       :       0.46       0.00       1000          0          0
  other solutions  :          -          -          -          0          -
Diving (single)    :      Calls      Nodes   LP Iters Backtracks  Conflicts   MinDepth   MaxDepth   AvgDepth  RoundSols  NLeafSols  MinSolDpt  MaxSolDpt  AvgSolDpt
  actconsdiving    :          0          -          -          -          -          -          -          -          -          -          -          -          -
  coefdiving       :          0          -          -          -          -          -          -          -          -          -          -          -          -
  conflictdiving   :        278      12118     337751        306      19842         50         84       62.2          0          -          -          -          -
  distributiondivin:        197       7334     367408        218       8443         45         75       55.0          0          -          -          -          -
  farkasdiving     :          0          -          -          -          -          -          -          -          -          -          -          -          -
  fracdiving       :        197      54119     291406         67       1160         63        803      294.4          0          -          -          -          -
  guideddiving     :        197      38705     253690         15        340         62        597      216.8          0          1        100        100      100.0
  indicatordiving  :          0          -          -          -          -          -          -          -          -          -          -          -          -
  linesearchdiving :        197       9634     252742        198      10826         46         95       68.0          0          -          -          -          -
  pscostdiving     :        197       8675     353297        204       9923         47         75       61.9          0          1         75         75       75.0
  veclendiving     :        197       8121     225541        189      13590         49         83       61.2          0          -          -          -          -
Diving (adaptive)  :      Calls      Nodes   LP Iters Backtracks  Conflicts   MinDepth   MaxDepth   AvgDepth  RoundSols  NLeafSols  MinSolDpt  MaxSolDpt  AvgSolDpt
  actconsdiving    :          4        167       6595          4        107         55         57       56.2          0          -          -          -          -
  coefdiving       :          7        320       9294          5        471         53         76       61.0          0          -          -          -          -
  conflictdiving   :          0          -          -          -          -          -          -          -          -          -          -          -          -
  distributiondivin:          0          -          -          -          -          -          -          -          -          -          -          -          -
  farkasdiving     :          0          -          -          -          -          -          -          -          -          -          -          -          -
  fracdiving       :          2        680       4629          5         77        313        401      357.0          0          -          -          -          -
  guideddiving     :          2        300       2680          1         54         91        243      167.0          0          -          -          -          -
  indicatordiving  :          0          -          -          -          -          -          -          -          -          -          -          -          -
  linesearchdiving :          3        193       5098          3        202         65         88       79.3          0          -          -          -          -
  pscostdiving     :          2         88       4332          2         94         59         59       59.0          0          -          -          -          -
  veclendiving     :          3        112       3661          3        209         53         59       56.0          0          -          -          -          -
Neighborhoods      :      Calls  SetupTime  SolveTime SolveNodes       Sols       Best       Exp3  EpsGreedy        UCB TgtFixRate  Opt  Inf Node Stal  Sol  Usr Othr Actv
  rens             :          1       0.01       0.01          1          0          0    0.00000   -1.00000    0.56560      0.700    0    1    0    0    0    0    0    1
  rins             :          1       0.01       0.02         15          0          0    0.00000   -1.00000    0.55160      0.700    0    1    0    0    0    0    0    1
  mutation         :          2       0.10       0.05          8          0          0    0.00000   -1.00000    0.53846      0.550    0    2    0    0    0    0    0    1
  localbranching   :          1       0.03       0.02         33          0          0    0.00000   -1.00000    0.53360      0.700    0    1    0    0    0    0    0    1
  crossover        :          4       0.23       0.73         67          3          3    0.00000   -1.00000    0.56005      0.522    0    2    0    1    1    0    0    1
  proximity        :          4       0.17       0.20        168          1          1    0.00000   -1.00000    0.56293      0.900    1    0    0    3    0    0    0    1
  zeroobjective    :          1       0.04       0.02         23          0          0    0.00000   -1.00000    0.54360      0.700    0    1    0    0    0    0    0    1
  dins             :          1       0.04       0.02         33          0          0    0.00000   -1.00000    0.53360      0.700    0    1    0    0    0    0    0    1
  trustregion      :          0       0.00       0.00          0          0          0    0.00000   -1.00000    1.00000      0.900    0    0    0    0    0    0    0    0
Expressions        :   #IntEval  IntEvalTi   #RevProp  RevPropTi    DomReds    Cutoffs  #Estimate  EstimTime  Branching  #Simplify SimplifyTi Simplified
  pow              :          0       0.00          0       0.00          0          0          0       0.00          0          0       0.00          0
  prod             :       9900       0.03          0       0.00          0          0          0       0.00          0       6810       0.01          0
  sum              :          8       0.01          2       0.00          0          0          0       0.00          0          3       0.02          2
  var              :       6728       0.00          0       0.00          0          0          0       0.00          0      15795       0.01          0
  varidx           :          0       0.00          0       0.00          0          0          0       0.00          0          0       0.00          0
LP                 :       Time      Calls Iterations  Iter/call   Iter/sec  Time-0-It Calls-0-It    ItLimit
  primal LP        :     116.14       4996          0       0.00       0.00     116.13       4996
  dual LP          :    1813.54      58766    7627390     142.46    4205.80       3.09       5227
  lex dual LP      :       0.00          0          0       0.00          -
  barrier LP       :       0.00          0          0       0.00          -       0.00          0
  resolve instable :       0.00          0          0       0.00          -
  diving/probing LP:     417.46       8775    2713745     309.26    6500.61
  strong branching :      32.99       2027     224663     110.84    6810.03          -          -        140
    (at root node) :          -         19       5812     305.89          -
  conflict analysis:       7.04       3484      34498       9.90    4900.28
NLP relaxation     :
  solve time       :      30.26 (8 calls)
  convexity        :  nonconvex (37 linear rows, 0 convex ineq., 0 nonconvex ineq., 1860 nonlinear eq. or two-sided ineq.)
NLP Solvers        :  #Problems  ProblemTi    #Solves  SolveTime      #Iter  Time/Iter      #Okay #TimeLimit #IterLimit #LObjLimit #Interrupt  #NumError #EvalError  #OutOfMem #LicenseEr #OtherTerm   #GlobOpt    #LocOpt  #Feasible #LocInfeas #GlobInfea #Unbounded   #Unknown
  ipopt            :         12       2.67         29     392.59       1485       0.26         26          0          3          0          0          0          0          0          0          0          0         12          1         13          0          0          3
B&B Tree           :
  number of runs   :          1
  nodes            :      41311 (26651 internal, 14660 leaves)
  feasible leaves  :          1
  infeas. leaves   :         26
  objective leaves :      14632
  nodes (total)    :      41311 (26651 internal, 14660 leaves)
  nodes left       :      11957
  max depth        :         60
  max depth (total):         60
  backtracks       :       8987 (21.8%)
  early backtracks :          0 (0.0%)
  nodes exc. ref.  :          0 (0.0%)
  delayed cutoffs  :          0
  repropagations   :         42 (90 domain reductions, 0 cutoffs)
  avg switch length:       5.33
  switching time   :     123.12
Estim. Tree Size   :      82692
Estimation Tree    : 53303 nodes (41346 visited, 26651 internal, 14695 leaves, 11957 open), weight: 0.0000 completed 0.0913
Estimations        :      estim      value      trend resolution     smooth
  wbe              : 4481294096550          -          -          -          -
  tree-profile     :         -1          -          -          -          -
  gap              :     339663    0.67908    0.00003         16     329591
  tree-weight      :      82692    0.00000    0.00000         16      82624
  leaf-frequency   :    1891305    0.35540    0.00000         16    1611617
  ssg              :    1099593    0.85579   -0.00003         16    1091286
  open-nodes       :      82692 11957.00000    6.22884         16      82624
Root Node          :
  First LP value   : -5.57616161616163e+00
  First LP Iters   :       1612 (9482.35 Iter/sec)
  First LP Time    :       0.17
  Final Dual Bound : -5.34479212918273e+00
  Final Root Iters :       3882
  Root LP Estimate : -2.51283663425540e+00
Solution           :
  Solutions found  :         23 (16 improvements)
  First Solution   : +1.00000000000000e+05   (in run 1, after 0 nodes, 0.01 seconds, depth 0, found by <trivial>)
  Gap First Sol.   :   infinite
  Gap Last Sol.    :      47.65 %
  Primal Bound     : -3.22343434343434e+00   (in run 1, after 39312 nodes, 3282.08 seconds, depth 42, found by <relaxation>)
  Dual Bound       : -4.74673187927545e+00
  Gap              :      47.26 %
Integrals          :      Total       Avg%
  primal-dual      :  124172.18      34.49
  primal-ref       :          -          - (not evaluated)
  dual-ref         :          -          - (not evaluated)
