SCIP Status        : solving was interrupted [time limit reached]
Total Time         :    3600.01
  solving          :    3600.00
  presolving       :       0.52 (included in solving)
  reading          :       0.01
  copying          :       2.52 (62 #copies) (minimal 0.00, maximal 0.18, average 0.04)
Original Problem   :
  Problem name     : bbbenchmark/pw05_100.8.cut
  Variables        : 101 (100 binary, 0 integer, 0 implicit integer, 1 continuous)
  Constraints      : 1 initial, 1 maximal
  Objective        : minimize, 1 non-zeros (abs.min = 1, abs.max = 1)
Presolved Problem  :
  Problem name     : t_bbbenchmark/pw05_100.8.cut
  Variables        : 1858 (100 binary, 0 integer, 1743 implicit integer, 15 continuous)
  Constraints      : 1786 initial, 11790 maximal
  Objective        : minimize, 1 non-zeros (abs.min = 1, abs.max = 1)
  Nonzeros         : 8621 constraint, 202 clique table
Presolvers         :   ExecTime  SetupTime  Calls  FixedVars   AggrVars   ChgTypes  ChgBounds   AddHoles    DelCons    AddCons   ChgSides   ChgCoefs
  boundshift       :       0.00       0.00      0          0          0          0          0          0          0          0          0          0
  convertinttobin  :       0.00       0.00      0          0          0          0          0          0          0          0          0          0
  domcol           :       0.00       0.00      1          0          0          0          0          0          0          0          0          0
  dualagg          :       0.00       0.00      0          0          0          0          0          0          0          0          0          0
  dualcomp         :       0.00       0.00      1          0          0          0          0          0          0          0          0          0
  dualinfer        :       0.00       0.00      0          0          0          0          0          0          0          0          0          0
  dualsparsify     :       0.00       0.00      1          0          0          0          0          0          0          0          0          0
  gateextraction   :       0.00       0.00      0          0          0          0          0          0          0          0          0          0
  implics          :       0.00       0.00      2          0          0          0          0          0          0          0          0          0
  inttobinary      :       0.00       0.00      0          0          0          0          0          0          0          0          0          0
  qpkktref         :       0.00       0.00      0          0          0          0          0          0          0          0          0          0
  redvub           :       0.00       0.00      0          0          0          0          0          0          0          0          0          0
  sparsify         :       0.00       0.00      1          0          0          0          0          0          0          0          0          0
  stuffing         :       0.00       0.00      0          0          0          0          0          0          0          0          0          0
  trivial          :       0.00       0.00      4          0          0          0          0          0          0          0          0          0
  tworowbnd        :       0.00       0.00      0          0          0          0          0          0          0          0          0          0
  dualfix          :       0.00       0.00      4          0          0          0          0          0          0          0          0          0
  genvbounds       :       0.00       0.00      0          0          0          0          0          0          0          0          0          0
  probing          :       0.32       0.00      1          0          0          0          0          0          0          0          0          0
  pseudoobj        :       0.00       0.00      1          0          0          0          1          0          0          0          0          0
  symmetry         :       0.00       0.00      0          0          0          0          0          0          0          0          0          0
  vbounds          :       0.00       0.00      1          0          0          0          0          0          0          0          0          0
  varbound         :       0.00       0.00      2          0          0          0          0          0          0          0          0          0
  and              :       0.00       0.01      2          0          0          0          0          0          0          0          0          0
  linear           :       0.01       0.00      2          0          0          0          0          0          0          0          0          0
  logicor          :       0.00       0.00      0          0          0          0          0          0          0          0          0          0
  bounddisjunction :       0.00       0.00      0          0          0          0          0          0          0          0          0          0
  nonlinear        :       0.18       0.00      5          0          0          0          1          0          0       1785          0          0
  benders          :       0.00       0.00      0          0          0          0          0          0          0          0          0          0
  components       :       0.00       0.00      1          0          0          0          0          0          0          0          0          0
  root node        :          -          -      -          0          -          -         15          -          -          -          -          -
Constraints        :     Number  MaxNumber  #Separate #Propagate    #EnfoLP    #EnfoRelax  #EnfoPS    #Check   #ResProp    Cutoffs    DomReds       Cuts    Applied      Conss   Children
  benderslp        :          0          0          0          0      63880          0          0       5664          0          0          0          0          0          0          0
  integral         :          0          0          0          0      63880          0          0       5664          0          0       1264          0          0        277     127296
  varbound         :         14         14         67     514586          0          0          0         74          0          0      33848          0          0          0          0
  and              :       1743       1743      78502     554156          4          0          0         74     460048          2     990032       4993       4820          0          0
  linear           :         29+        78         67     554190          4          0          0         72        510         10     173371          0          0          0          0
  logicor          :          0+      9850          0      84415          0          0          0          0         60        311         42          0          0          0          0
  bounddisjunction :          0+       448          0      32726          0          0          0          0          1          9          1          0          0          0          0
  benders          :          0          0          0          0          4          0          0         45          0          0          0          0          0          0          0
  countsols        :          0          0          0          0          4          0          0         45          0          0          0          0          0          0          0
  components       :          0          0          0          0          0          0          0          0          0          0          0          0          0          0          0
Constraint Timings :  TotalTime  SetupTime   Separate  Propagate     EnfoLP     EnfoPS     EnfoRelax   Check    ResProp    SB-Prop
  benderslp        :       0.08       0.00       0.00       0.00       0.08       0.00       0.00       0.00       0.00       0.00
  integral         :      45.53       0.00       0.00       0.00      45.52       0.00       0.00       0.01       0.00       0.00
  varbound         :       0.61       0.00       0.00       0.60       0.00       0.00       0.00       0.00       0.00       0.01
  and              :      78.44       0.01      52.02      25.56       0.01       0.00       0.00       0.01       0.33       0.50
  linear           :       2.80       0.00       0.02       2.76       0.00       0.00       0.00       0.00       0.00       0.02
  logicor          :       7.08       0.00       0.00       7.07       0.00       0.00       0.00       0.00       0.00       0.01
  bounddisjunction :       0.47       0.00       0.00       0.47       0.00       0.00       0.00       0.00       0.00       0.00
  benders          :       0.00       0.00       0.00       0.00       0.00       0.00       0.00       0.00       0.00       0.00
  countsols        :       0.00       0.00       0.00       0.00       0.00       0.00       0.00       0.00       0.00       0.00
  components       :       0.21       0.00       0.00       0.21       0.00       0.00       0.00       0.00       0.00       0.00
Propagators        : #Propagate   #ResProp    Cutoffs    DomReds
  dualfix          :          4          0          0          0
  genvbounds       :          0          0          0          0
  nlobbt           :          0          0          0          0
  obbt             :          0          0          0          0
  probing          :          0          0          0          0
  pseudoobj        :     284502          0          0         66
  redcost          :     153699          0          0      88338
  rootredcost      :         16          0          0          0
  symmetry         :          0          0          0          0
  vbounds          :      71887          0          0          0
Propagator Timings :  TotalTime  SetupTime   Presolve  Propagate    ResProp    SB-Prop
  dualfix          :       0.00       0.00       0.00       0.00       0.00       0.00
  genvbounds       :       0.41       0.00       0.00       0.41       0.00       0.00
  nlobbt           :       0.00       0.00       0.00       0.00       0.00       0.00
  obbt             :       0.00       0.00       0.00       0.00       0.00       0.00
  probing          :       0.32       0.00       0.32       0.00       0.00       0.00
  pseudoobj        :       0.65       0.00       0.00       0.63       0.00       0.02
  redcost          :      11.31       0.00       0.00      11.31       0.00       0.00
  rootredcost      :       0.46       0.00       0.00       0.46       0.00       0.00
  symmetry         :       0.17       0.00       0.00       0.17       0.00       0.00
  vbounds          :       0.45       0.00       0.00       0.45       0.00       0.00
Conflict Analysis  :       Time      Calls    Success    DomReds  Conflicts   Literals    Reconvs ReconvLits   Dualrays   Nonzeros   LP Iters   (pool size: [10000,10000])
  propagation      :       0.00        324        243          -        290       60.5          0        0.0          -          -          -
  infeasible LP    :       0.05         32         32          -       1227      139.7          0        0.0         83      134.7          0
  bound exceed. LP :      21.51       4830       4502          -     128198      108.5          0        0.0          0        0.0      56495
  strong branching :       0.00          0          0          -          0        0.0          0        0.0          -          -          0
  pseudo solution  :       0.00          0          0          -          0        0.0          0        0.0          -          -          -
  applied globally :       0.60          -          -          0      29103      127.5          -          -         83          -          -
  applied locally  :          -          -          -          0          0        0.0          -          -          0          -          -
Separators         :   ExecTime  SetupTime      Calls  RootCalls    Cutoffs    DomReds  FoundCuts ViaPoolAdd  DirectAdd    Applied ViaPoolApp  DirectApp      Conss
  cut pool         :       6.13          -      21055         93          -          -      41234    1211234          -          -          -          -          -    (maximal pool size:       2936)
  aggregation      :     177.34       0.00       6341         67          0          0        311        296          0        113        113          0          0
  > cmir           :          -          -          -          -          -          -          -        294          0        111        111          0          -
  > flowcover      :          -          -          -          -          -          -          -          2          0          2          2          0          -
  > knapsackcover  :          -          -          -          -          -          -          -          0          0          0          0          0          -
  cgmip            :       0.00       0.00          0          0          0          0          0          0          0          0          0          0          0
  clique           :       0.00       0.00         67         67          0          0          0          0          0          0          0          0          0
  closecuts        :       0.00       0.00          0          0          0          0          0          0          0          0          0          0          0
  convexproj       :       0.00       0.00          0          0          0          0          0          0          0          0          0          0          0
  disjunctive      :       0.00       0.00          0          0          0          0          0          0          0          0          0          0          0
  eccuts           :       0.00       0.00          0          0          0          0          0          0          0          0          0          0          0
  gauge            :       0.00       0.00          0          0          0          0          0          0          0          0          0          0          0
  gomory           :       0.00       0.00          0          0          0          0          0          0          0          0          0          0          0
  > gomorymi       :          -          -          -          -          -          -          -          0          0          0          0          0          -
  > strongcg       :          -          -          -          -          -          -          -          0          0          0          0          0          -
  impliedbounds    :       0.49       0.00       6341         67          0          0         17          5          0          3          3          0          0
  interlattice     :       0.31       0.00         40         40          0          0         40          0         40         39          0         39          0
  interminor       :       0.00       0.00          0          0          0          0          0          0          0          0          0          0          0
  intersub         :       0.28       0.00          3          3          0          0          3          0          3          3          0          3          0
  intobj           :       0.00       0.00          0          0          0          0          0          0          0          0          0          0          0
  mcf              :       0.00       0.00          1          1          0          0          0          0          0          0          0          0          0
  minor            :       0.01       0.00          0          0          0          0          0          0          0          0          0          0          0
  mixing           :       0.02       0.00       6341         67          0          0          0          0          0          0          0          0          0
  oddcycle         :       0.00       0.00          0          0          0          0          0          0          0          0          0          0          0
  rapidlearning    :       0.00       0.00          0          0          0          0          0          0          0          0          0          0          0
  rlt              :       0.00       0.00         10         10          0          0          0          0          0          0          0          0          0
  zerohalf         :      59.67       0.00       5662         20          0          0      40906    1210933          0     137414     137414          0          0
Cutselectors       :   ExecTime  SetupTime      Calls  RootCalls   Selected     Forced   Filtered  RootSelec   RootForc   RootFilt 
  hybrid           :       1.42       0.00      14011         67     142392          0    1073878        240          0          2
Pricers            :   ExecTime  SetupTime      Calls       Vars
  problem variables:       0.00          -          0          0
Branching Rules    :   ExecTime  SetupTime   BranchLP  BranchExt   BranchPS    Cutoffs    DomReds       Cuts      Conss   Children
  allfullstrong    :       0.00       0.00          0          0          0          0          0          0          0          0
  cloud            :       0.00       0.00          0          0          0          0          0          0          0          0
  distribution     :       0.00       0.00          0          0          0          0          0          0          0          0
  fullstrong       :       0.00       0.00          0          0          0          0          0          0          0          0
  inference        :       0.00       0.00          0          0          0          0          0          0          0          0
  leastinf         :       0.00       0.00          0          0          0          0          0          0          0          0
  lookahead        :       0.00       0.00          0          0          0          0          0          0          0          0
  mostinf          :       0.00       0.00          0          0          0          0          0          0          0          0
  multaggr         :       0.00       0.00          0          0          0          0          0          0          0          0
  nodereopt        :       0.00       0.00          0          0          0          0          0          0          0          0
  pscost           :       0.00       0.00          0          0          0          0          0          0          0          0
  random           :       0.00       0.00          0          0          0          0          0          0          0          0
  relpscost        :      45.35       0.00      63876          0          0          0       1264          0        324     127296
  vanillafullstrong:       0.00       0.00          0          0          0          0          0          0          0          0
Primal Heuristics  :   ExecTime  SetupTime      Calls      Found       Best
  LP solutions     :       0.01          -          -          4          4
  relax solutions  :       0.00          -          -          0          0
  pseudo solutions :       0.00          -          -          0          0
  strong branching :       0.04          -          -          0          0
  actconsdiving    :       0.00       0.00          0          0          0
  adaptivediving   :       4.09       0.00         27          0          0
  alns             :       4.95       0.00         24         10         10
  bound            :       0.00       0.00          0          0          0
  clique           :       0.00       0.00          1          0          0
  coefdiving       :       0.00       0.00          0          0          0
  completesol      :       0.00       0.00          0          0          0
  conflictdiving   :     116.53       0.00        847          0          0
  crossover        :       1.25       0.00         12          0          0
  dins             :       0.00       0.00          0          0          0
  distributiondivin:      64.98       0.00        284          0          0
  dps              :       0.00       0.00          0          0          0
  dualval          :       0.00       0.00          0          0          0
  farkasdiving     :       0.02       0.00          0          0          0
  feaspump         :       0.25       0.00          1          1          1
  fixandinfer      :       0.00       0.00          0          0          0
  fracdiving       :      57.10       0.00        331          0          0
  gins             :       0.09       0.00          0          0          0
  guideddiving     :      50.90       0.00        363          0          0
  indicator        :       0.07       0.00          0          0          0
  indicatordiving  :       0.00       0.00          0          0          0
  intdiving        :       0.00       0.00          0          0          0
  intshifting      :       0.34       0.00         41          0          0
  linesearchdiving :      47.55       0.00        348          0          0
  localbranching   :       0.00       0.00          0          0          0
  locks            :       0.01       0.00          1          0          0
  lpface           :       0.08       0.00          0          0          0
  mpec             :     590.69       0.00         11          4          4
  multistart       :       0.00       0.00          0          0          0
  mutation         :       0.00       0.00          0          0          0
  nlpdiving        :       9.33       0.00          5          0          0
  objpscostdiving  :      71.73       0.00         61         10          1
  octane           :       0.00       0.00          0          0          0
  ofins            :       0.02       0.00          0          0          0
  oneopt           :       0.07       0.00         21          0          0
  padm             :       0.00       0.00          0          0          0
  proximity        :       0.00       0.00          0          0          0
  pscostdiving     :      53.53       0.00        309          1          1
  randrounding     :       0.71       0.00       5615          0          0
  rens             :       0.00       0.00          0          0          0
  reoptsols        :       0.00       0.00          0          0          0
  repair           :       0.00       0.00          0          0          0
  rins             :       3.40       0.00         25          1          1
  rootsoldiving    :      55.25       0.00         46          7          0
  rounding         :       1.22       0.00       3804          0          0
  shiftandpropagate:       0.00       0.00          0          0          0
  shifting         :      38.93       0.00       8328          5          3
  simplerounding   :       0.10       0.00          0          0          0
  subnlp           :     121.07       0.00          0          0          0
  trivial          :       0.01       0.00          2          2          2
  trivialnegation  :       0.00       0.00          0          0          0
  trustregion      :       0.00       0.00          0          0          0
  trysol           :       0.14       0.00          0          0          0
  twoopt           :       0.00       0.00          0          0          0
  undercover       :       1.68       0.00          1          1          1
  vbounds          :       0.00       0.00          0          0          0
  veclendiving     :      51.00       0.00        379          0          0
  zeroobj          :       0.00       0.00          0          0          0
  zirounding       :       0.38       0.00       1000          0          0
  other solutions  :          -          -          -          0          -
Diving (single)    :      Calls      Nodes   LP Iters Backtracks  Conflicts   MinDepth   MaxDepth   AvgDepth  RoundSols  NLeafSols  MinSolDpt  MaxSolDpt  AvgSolDpt
  actconsdiving    :          0          -          -          -          -          -          -          -          -          -          -          -          -
  coefdiving       :          0          -          -          -          -          -          -          -          -          -          -          -          -
  conflictdiving   :        847      34956     944959        830      54280         51         80       62.0          0          -          -          -          -
  distributiondivin:        284       9904     449376        318       9596         48         73       54.8          0          -          -          -          -
  farkasdiving     :          0          -          -          -          -          -          -          -          -          -          -          -          -
  fracdiving       :        331      59866     447444        141       1849         54        666      201.2          0          -          -          -          -
  guideddiving     :        363      49989     417992         52       1692         53        332      159.0          0          -          -          -          -
  indicatordiving  :          0          -          -          -          -          -          -          -          -          -          -          -          -
  linesearchdiving :        348      15442     430124        356      20434         48         90       64.7          0          -          -          -          -
  pscostdiving     :        309      13122     463175        324      11220         54         77       62.0          0          1         77         77       77.0
  veclendiving     :        379      15842     413755        366      26150         55         90       61.5          0          -          -          -          -
Diving (adaptive)  :      Calls      Nodes   LP Iters Backtracks  Conflicts   MinDepth   MaxDepth   AvgDepth  RoundSols  NLeafSols  MinSolDpt  MaxSolDpt  AvgSolDpt
  actconsdiving    :          4        126       5184          6        117         52         62       56.2          0          -          -          -          -
  coefdiving       :          7        321       7692          7        515         55         85       62.9          0          -          -          -          -
  conflictdiving   :          0          -          -          -          -          -          -          -          -          -          -          -          -
  distributiondivin:          0          -          -          -          -          -          -          -          -          -          -          -          -
  farkasdiving     :          0          -          -          -          -          -          -          -          -          -          -          -          -
  fracdiving       :          3        308       2764          1         29         55        182      129.3          0          -          -          -          -
  guideddiving     :          2        207       2328          0          0         99        139      119.0          0          -          -          -          -
  indicatordiving  :          0          -          -          -          -          -          -          -          -          -          -          -          -
  linesearchdiving :          5        253       6571          5        303         60         73       69.2          0          -          -          -          -
  pscostdiving     :          2         76       3026          2        108         59         65       62.0          0          -          -          -          -
  veclendiving     :          4        161       4912          4        264         55         60       57.5          0          -          -          -          -
Neighborhoods      :      Calls  SetupTime  SolveTime SolveNodes       Sols       Best       Exp3  EpsGreedy        UCB TgtFixRate  Opt  Inf Node Stal  Sol  Usr Othr Actv
  rens             :          4       0.61       0.67         93          0          0    0.00000   -1.00000    0.45480      0.522    0    3    0    1    0    0    0    1
  rins             :          4       0.26       0.34        145          1          1    0.00000   -1.00000    0.53639      0.578    1    2    0    1    0    0    0    1
  mutation         :          4       0.12       0.69        496          5          5    0.00000   -1.00000    0.53340      0.747    1    0    0    2    1    0    0    1
  localbranching   :          3       0.09       1.00       1467          4          4    0.00000   -1.00000    0.53428      0.662    1    0    0    1    1    0    0    1
  crossover        :          3       0.24       0.11         11          0          0    0.00000   -1.00000    0.53439      0.437    0    3    0    0    0    0    0    1
  proximity        :          2       0.13       0.12         74          0          0    0.00000   -1.00000    0.47111      0.850    0    1    0    1    0    0    0    1
  zeroobjective    :          2       0.14       0.06         77          0          0    0.00000   -1.00000    0.47225      0.850    0    1    0    1    0    0    0    1
  dins             :          2       0.09       0.08        103          0          0    0.00000   -1.00000    0.42367      0.850    0    1    0    1    0    0    0    1
  trustregion      :          0       0.00       0.00          0          0          0    0.00000   -1.00000    1.00000      0.900    0    0    0    0    0    0    0    0
Expressions        :   #IntEval  IntEvalTi   #RevProp  RevPropTi    DomReds    Cutoffs  #Estimate  EstimTime  Branching  #Simplify SimplifyTi Simplified
  pow              :          0       0.00          0       0.00          0          0          0       0.00          0          0       0.00          0
  prod             :       9900       0.01          0       0.00          0          0          0       0.00          0       6693       0.01          0
  sum              :          8       0.00          2       0.00          0          0          0       0.00          0          3       0.05          2
  var              :       6383       0.00          0       0.00          0          0          0       0.00          0      15446       0.00          0
  varidx           :          0       0.00          0       0.00          0          0          0       0.00          0          0       0.00          0
LP                 :       Time      Calls Iterations  Iter/call   Iter/sec  Time-0-It Calls-0-It    ItLimit
  primal LP        :     103.43       9044          0       0.00       0.00     103.39       9044
  dual LP          :    1632.83     125893    8674071      76.13    5312.29       5.84      11952
  lex dual LP      :       0.00          0          0       0.00          -
  barrier LP       :       0.00          0          0       0.00          -       0.00          0
  resolve instable :       0.00          0          0       0.00          -
  diving/probing LP:     493.17      14177    4244842     299.42    8607.26
  strong branching :      21.71       1517     176827     116.56    8144.96          -          -        296
    (at root node) :          -         20       4351     217.55          -
  conflict analysis:       9.69       5722      56495       9.87    5830.24
NLP relaxation     :
  solve time       :       8.28 (8 calls)
  convexity        :  nonconvex (43 linear rows, 0 convex ineq., 0 nonconvex ineq., 1743 nonlinear eq. or two-sided ineq.)
NLP Solvers        :  #Problems  ProblemTi    #Solves  SolveTime      #Iter  Time/Iter      #Okay #TimeLimit #IterLimit #LObjLimit #Interrupt  #NumError #EvalError  #OutOfMem #LicenseEr #OtherTerm   #GlobOpt    #LocOpt  #Feasible #LocInfeas #GlobInfea #Unbounded   #Unknown
  ipopt            :         12       5.20         43     607.46       1854       0.33         41          0          2          0          0          0          0          0          0          0          0         23          0         14          0          0          6
B&B Tree           :
  number of runs   :          1
  nodes            :      99741 (63648 internal, 36093 leaves)
  feasible leaves  :          4
  infeas. leaves   :         11
  objective leaves :      36077
  nodes (total)    :      99741 (63648 internal, 36093 leaves)
  nodes left       :      27142
  max depth        :         62
  max depth (total):         62
  backtracks       :      21719 (21.8%)
  early backtracks :          0 (0.0%)
  nodes exc. ref.  :          0 (0.0%)
  delayed cutoffs  :          5
  repropagations   :       1870 (152 domain reductions, 0 cutoffs)
  avg switch length:       5.79
  switching time   :     130.70
Estim. Tree Size   :     200310
Estimation Tree    : 127297 nodes (100155 visited, 63648 internal, 36507 leaves, 27142 open), weight: 0.0000 completed 0.1113
Estimations        :      estim      value      trend resolution     smooth
  wbe              : 116915183128852          -          -          -          -
  tree-profile     :         -1          -          -          -          -
  gap              :    3414050    0.69199    0.00001         64    3381700
  tree-weight      :     200310    0.00000    0.00000         64     200054
  leaf-frequency   :     200310    0.36450   -0.00003         64     242918
  ssg              :    4685786    0.82422   -0.00002         64    4771998
  open-nodes       :     200310 27142.00000   36.30075         64     200054
Root Node          :
  First LP value   : -5.55030303030304e+00
  First LP Iters   :       1682 (9894.12 Iter/sec)
  First LP Time    :       0.17
  Final Dual Bound : -5.27319402777580e+00
  Final Root Iters :       3120
  Root LP Estimate : -2.06994285539741e+00
Solution           :
  Solutions found  :         46 (28 improvements)
  First Solution   : +1.00000000000000e+05   (in run 1, after 0 nodes, 0.00 seconds, depth 0, found by <trivial>)
  Gap First Sol.   :   infinite
  Gap Last Sol.    :      46.13 %
  Primal Bound     : -3.20242424242424e+00   (in run 1, after 55003 nodes, 1707.01 seconds, depth 45, found by <relaxation>)
  Dual Bound       : -4.62787486180395e+00
  Gap              :      44.51 %
Integrals          :      Total       Avg%
  primal-dual      :  122039.70      33.90
  primal-ref       :          -          - (not evaluated)
  dual-ref         :          -          - (not evaluated)
