SCIP Status        : solving was interrupted [time limit reached]
Total Time         :    3600.00
  solving          :    3600.00
  presolving       :       0.39 (included in solving)
  reading          :       0.00
  copying          :       1.07 (77 #copies) (minimal 0.00, maximal 0.04, average 0.01)
Original Problem   :
  Problem name     : bbbenchmark/pw09_100.5.cut
  Variables        : 101 (100 binary, 0 integer, 0 implicit integer, 1 continuous)
  Constraints      : 1 initial, 1 maximal
  Objective        : minimize, 1 non-zeros (abs.min = 1, abs.max = 1)
Presolved Problem  :
  Problem name     : t_bbbenchmark/pw09_100.5.cut
  Variables        : 1318 (100 binary, 0 integer, 1169 implicit integer, 49 continuous)
  Constraints      : 1314 initial, 6074 maximal
  Objective        : minimize, 1 non-zeros (abs.min = 1, abs.max = 1)
  Nonzeros         : 11637 constraint, 202 clique table
Presolvers         :   ExecTime  SetupTime  Calls  FixedVars   AggrVars   ChgTypes  ChgBounds   AddHoles    DelCons    AddCons   ChgSides   ChgCoefs
  boundshift       :       0.00       0.00      0          0          0          0          0          0          0          0          0          0
  convertinttobin  :       0.00       0.00      0          0          0          0          0          0          0          0          0          0
  domcol           :       0.00       0.00      1          0          0          0          0          0          0          0          0          0
  dualagg          :       0.00       0.00      0          0          0          0          0          0          0          0          0          0
  dualcomp         :       0.00       0.00      1          0          0          0          0          0          0          0          0          0
  dualinfer        :       0.00       0.00      0          0          0          0          0          0          0          0          0          0
  dualsparsify     :       0.00       0.00      1          0          0          0          0          0          0          0          0          0
  gateextraction   :       0.00       0.00      0          0          0          0          0          0          0          0          0          0
  implics          :       0.00       0.00      2          0          0          0          0          0          0          0          0          0
  inttobinary      :       0.00       0.00      0          0          0          0          0          0          0          0          0          0
  qpkktref         :       0.00       0.00      0          0          0          0          0          0          0          0          0          0
  redvub           :       0.00       0.00      0          0          0          0          0          0          0          0          0          0
  sparsify         :       0.00       0.00      1          0          0          0          0          0          0          0          0          0
  stuffing         :       0.00       0.00      0          0          0          0          0          0          0          0          0          0
  trivial          :       0.00       0.00      4          0          0          0          0          0          0          0          0          0
  tworowbnd        :       0.00       0.00      0          0          0          0          0          0          0          0          0          0
  dualfix          :       0.00       0.00      4          0          0          0          0          0          0          0          0          0
  genvbounds       :       0.00       0.00      0          0          0          0          0          0          0          0          0          0
  probing          :       0.19       0.00      1          0          0          0          0          0          0          0          0          0
  pseudoobj        :       0.00       0.00      1          0          0          0          1          0          0          0          0          0
  symmetry         :       0.00       0.00      0          0          0          0          0          0          0          0          0          0
  vbounds          :       0.00       0.00      1          0          0          0          0          0          0          0          0          0
  varbound         :       0.00       0.00      2          0          0          0          0          0          0          0          0          0
  and              :       0.01       0.01      2          0          0          0          0          0          0          0          0          0
  linear           :       0.00       0.00      2          0          0          0          0          0          0          0          0          0
  logicor          :       0.00       0.00      0          0          0          0          0          0          0          0          0          0
  bounddisjunction :       0.00       0.00      0          0          0          0          0          0          0          0          0          0
  nonlinear        :       0.17       0.00      5          0          0          0          1          0          0       1313          0          0
  benders          :       0.00       0.00      0          0          0          0          0          0          0          0          0          0
  components       :       0.00       0.00      1          0          0          0          0          0          0          0          0          0
  root node        :          -          -      -          0          -          -          7          -          -          -          -          -
Constraints        :     Number  MaxNumber  #Separate #Propagate    #EnfoLP    #EnfoRelax  #EnfoPS    #Check   #ResProp    Cutoffs    DomReds       Cuts    Applied      Conss   Children
  benderslp        :          0          0          0          0     482260          0          0      18361          0          0          0          0          0          0          0
  integral         :          0          0          0          0     482260          0          0      18361          0          0         19          0          0          0     964484
  varbound         :         48         48         73    2101103          0          0          0       2427          0          0     228903          0          0          0          0
  and              :       1169       1169     539881    2113369          0          0          0       2427     149794          0    1760969        740        663          0          0
  linear           :         97+       103         73    2113495          0          0          0       2425      25600        630    9625124          0          0          0          0
  logicor          :          0+      2281          0     127310          0          0          0          0          9        389          0          0          0          0          0
  bounddisjunction :          0+      2476          0     155404          0          0          0          0         10        107          0          0          0          0          0
  benders          :          0          0          0          0          0          0          0         12          0          0          0          0          0          0          0
  countsols        :          0          0          0          0          0          0          0         12          0          0          0          0          0          0          0
  components       :          0          0          0          0          0          0          0          0          0          0          0          0          0          0          0
Constraint Timings :  TotalTime  SetupTime   Separate  Propagate     EnfoLP     EnfoPS     EnfoRelax   Check    ResProp    SB-Prop
  benderslp        :       0.46       0.00       0.00       0.00       0.43       0.00       0.00       0.03       0.00       0.00
  integral         :      94.29       0.00       0.00       0.00      94.07       0.00       0.00       0.22       0.00       0.00
  varbound         :       4.13       0.00       0.00       4.07       0.00       0.00       0.00       0.05       0.00       0.01
  and              :     176.48       0.01     137.24      38.48       0.00       0.00       0.00       0.42       0.11       0.22
  linear           :      51.35       0.00       0.05      51.14       0.00       0.00       0.00       0.03       0.05       0.08
  logicor          :       5.42       0.00       0.00       5.42       0.00       0.00       0.00       0.00       0.00       0.00
  bounddisjunction :       7.87       0.00       0.00       7.87       0.00       0.00       0.00       0.00       0.00       0.00
  benders          :       0.00       0.00       0.00       0.00       0.00       0.00       0.00       0.00       0.00       0.00
  countsols        :       0.00       0.00       0.00       0.00       0.00       0.00       0.00       0.00       0.00       0.00
  components       :       0.49       0.00       0.00       0.49       0.00       0.00       0.00       0.00       0.00       0.00
Propagators        : #Propagate   #ResProp    Cutoffs    DomReds
  dualfix          :          3          0          0          0
  genvbounds       :          0          0          0          0
  nlobbt           :          0          0          0          0
  obbt             :          0          0          0          0
  probing          :          0          0          0          0
  pseudoobj        :    2185892         32          0      14506
  redcost          :    1073383          0          0     473381
  rootredcost      :          4          0          0          0
  symmetry         :          0          0          0          0
  vbounds          :     333944          0          0          0
Propagator Timings :  TotalTime  SetupTime   Presolve  Propagate    ResProp    SB-Prop
  dualfix          :       0.00       0.00       0.00       0.00       0.00       0.00
  genvbounds       :       1.78       0.00       0.00       1.77       0.00       0.01
  nlobbt           :       0.00       0.00       0.00       0.00       0.00       0.00
  obbt             :       0.00       0.00       0.00       0.00       0.00       0.00
  probing          :       0.19       0.00       0.19       0.00       0.00       0.00
  pseudoobj        :       2.68       0.00       0.00       2.68       0.00       0.00
  redcost          :      46.17       0.00       0.00      46.17       0.00       0.00
  rootredcost      :       1.87       0.00       0.00       1.87       0.00       0.00
  symmetry         :       0.97       0.00       0.00       0.97       0.00       0.00
  vbounds          :       1.82       0.00       0.00       1.82       0.00       0.00
Conflict Analysis  :       Time      Calls    Success    DomReds  Conflicts   Literals    Reconvs ReconvLits   Dualrays   Nonzeros   LP Iters   (pool size: [10000,10000])
  propagation      :       0.02        496        367          -        438       75.7          0        0.0          -          -          -
  infeasible LP    :       0.80        663        663          -      24023      141.9          0        0.0        692      162.5          0
  bound exceed. LP :      14.28       4463       4288          -      42069       92.8          1      168.0          0        0.0      60562
  strong branching :       0.00          0          0          -          0        0.0          0        0.0          -          -          0
  pseudo solution  :       0.00          0          0          -          0        0.0          0        0.0          -          -          -
  applied globally :       0.17          -          -          0      14896       89.3          -          -        692          -          -
  applied locally  :          -          -          -          0          0        0.0          -          -          0          -          -
Separators         :   ExecTime  SetupTime      Calls  RootCalls    Cutoffs    DomReds  FoundCuts ViaPoolAdd  DirectAdd    Applied ViaPoolApp  DirectApp      Conss
  cut pool         :       3.98          -      89863         99          -          -      23525     620142          -          -          -          -          -    (maximal pool size:       1549)
  aggregation      :     160.10       0.00       4587         73          0          0          7          4          0          4          4          0          0
  > cmir           :          -          -          -          -          -          -          -          4          0          4          4          0          -
  > flowcover      :          -          -          -          -          -          -          -          0          0          0          0          0          -
  > knapsackcover  :          -          -          -          -          -          -          -          0          0          0          0          0          -
  cgmip            :       0.00       0.00          0          0          0          0          0          0          0          0          0          0          0
  clique           :       0.00       0.00         73         73          0          0          0          0          0          0          0          0          0
  closecuts        :       0.00       0.00          0          0          0          0          0          0          0          0          0          0          0
  convexproj       :       0.00       0.00          0          0          0          0          0          0          0          0          0          0          0
  disjunctive      :       0.00       0.00          0          0          0          0          0          0          0          0          0          0          0
  eccuts           :       0.00       0.00          0          0          0          0          0          0          0          0          0          0          0
  gauge            :       0.00       0.00          0          0          0          0          0          0          0          0          0          0          0
  gomory           :       0.00       0.00          0          0          0          0          0          0          0          0          0          0          0
  > gomorymi       :          -          -          -          -          -          -          -          0          0          0          0          0          -
  > strongcg       :          -          -          -          -          -          -          -          0          0          0          0          0          -
  impliedbounds    :       0.26       0.00       4587         73          0          0          0          0          0          0          0          0          0
  interlattice     :       0.00       0.00          0          0          0          0          0          0          0          0          0          0          0
  interminor       :       0.00       0.00          0          0          0          0          0          0          0          0          0          0          0
  intersub         :       0.69       0.00         40         40          0          0         40          0         40         40          0         40          0
  intobj           :       0.00       0.00          0          0          0          0          0          0          0          0          0          0          0
  mcf              :       0.00       0.00          1          1          0          0          0          0          0          0          0          0          0
  minor            :       0.00       0.00          0          0          0          0          0          0          0          0          0          0          0
  mixing           :       0.00       0.00       4587         73          0          0          0          0          0          0          0          0          0
  oddcycle         :       0.00       0.00          0          0          0          0          0          0          0          0          0          0          0
  rapidlearning    :       0.02       0.00          0          0          0          0          0          0          0          0          0          0          0
  rlt              :       0.00       0.00         10         10          0          0          0          0          0          0          0          0          0
  zerohalf         :      19.24       0.00       4107         20          0          0      23518     620138          0      94495      94495          0          0
Cutselectors       :   ExecTime  SetupTime      Calls  RootCalls   Selected     Forced   Filtered  RootSelec   RootForc   RootFilt 
  hybrid           :       0.55       0.00      13373         71      95202          0     525720        180          0         30
Pricers            :   ExecTime  SetupTime      Calls       Vars
  problem variables:       0.00          -          0          0
Branching Rules    :   ExecTime  SetupTime   BranchLP  BranchExt   BranchPS    Cutoffs    DomReds       Cuts      Conss   Children
  allfullstrong    :       0.00       0.00          0          0          0          0          0          0          0          0
  cloud            :       0.00       0.00          0          0          0          0          0          0          0          0
  distribution     :       0.00       0.00          0          0          0          0          0          0          0          0
  fullstrong       :       0.00       0.00          0          0          0          0          0          0          0          0
  inference        :       0.00       0.00          0          0          0          0          0          0          0          0
  leastinf         :       0.00       0.00          0          0          0          0          0          0          0          0
  lookahead        :       0.00       0.00          0          0          0          0          0          0          0          0
  mostinf          :       0.00       0.00          0          0          0          0          0          0          0          0
  multaggr         :       0.00       0.00          0          0          0          0          0          0          0          0
  nodereopt        :       0.00       0.00          0          0          0          0          0          0          0          0
  pscost           :       0.00       0.00          0          0          0          0          0          0          0          0
  random           :       0.00       0.00          0          0          0          0          0          0          0          0
  relpscost        :      92.84       0.00     482260          0          0          0         19          0          0     964484
  vanillafullstrong:       0.00       0.00          0          0          0          0          0          0          0          0
Primal Heuristics  :   ExecTime  SetupTime      Calls      Found       Best
  LP solutions     :       0.00          -          -          0          0
  relax solutions  :       0.00          -          -          0          0
  pseudo solutions :       0.00          -          -          0          0
  strong branching :       0.00          -          -          0          0
  actconsdiving    :       0.00       0.00          0          0          0
  adaptivediving   :       8.57       0.00        110          1          1
  alns             :       2.67       0.00         32          1          1
  bound            :       0.00       0.00          0          0          0
  clique           :       0.01       0.00          1          0          0
  coefdiving       :       0.00       0.00          0          0          0
  completesol      :       0.00       0.00          0          0          0
  conflictdiving   :     103.15       0.00       1065          0          0
  crossover        :       0.52       0.00          2          0          0
  dins             :       0.00       0.00          0          0          0
  distributiondivin:      69.09       0.00        470          0          0
  dps              :       0.00       0.00          0          0          0
  dualval          :       0.00       0.00          0          0          0
  farkasdiving     :       0.03       0.00          0          0          0
  feaspump         :      27.17       0.00        366          0          0
  fixandinfer      :       0.00       0.00          0          0          0
  fracdiving       :      34.29       0.00        339          0          0
  gins             :       0.52       0.00          0          0          0
  guideddiving     :      32.97       0.00        352          1          1
  indicator        :       0.38       0.00          0          0          0
  indicatordiving  :       0.00       0.00          0          0          0
  intdiving        :       0.00       0.00          0          0          0
  intshifting      :       0.67       0.00        133          0          0
  linesearchdiving :      30.02       0.00        492          0          0
  localbranching   :       0.00       0.00          0          0          0
  locks            :       0.00       0.00          1          0          0
  lpface           :       0.64       0.00          0          0          0
  mpec             :      59.91       0.00         11          0          0
  multistart       :       0.00       0.00          0          0          0
  mutation         :       0.00       0.00          0          0          0
  nlpdiving        :      12.35       0.00          1          0          0
  objpscostdiving  :      13.73       0.00         57          1          0
  octane           :       0.00       0.00          0          0          0
  ofins            :       0.48       0.00          0          0          0
  oneopt           :       0.33       0.00          7          0          0
  padm             :       0.00       0.00          0          0          0
  proximity        :       0.00       0.00          0          0          0
  pscostdiving     :      34.60       0.00        251          1          1
  randrounding     :       1.45       0.00      18376          0          0
  rens             :       0.00       0.00          0          0          0
  reoptsols        :       0.00       0.00          0          0          0
  repair           :       0.00       0.00          0          0          0
  rins             :       6.50       0.00         42          0          0
  rootsoldiving    :      12.49       0.00        120          0          0
  rounding         :       2.38       0.00       9846          0          0
  shiftandpropagate:       0.00       0.00          0          0          0
  shifting         :      35.68       0.00      13799          1          1
  simplerounding   :       0.52       0.00          0          0          0
  subnlp           :     426.20       0.00          0          0          0
  trivial          :       0.02       0.00          2          2          2
  trivialnegation  :       0.00       0.00          0          0          0
  trustregion      :       0.00       0.00          0          0          0
  trysol           :       0.74       0.00          0          0          0
  twoopt           :       0.00       0.00          0          0          0
  undercover       :       3.56       0.00          1          1          1
  vbounds          :       0.00       0.00          0          0          0
  veclendiving     :      31.80       0.00        665          0          0
  zeroobj          :       0.00       0.00          0          0          0
  zirounding       :       0.57       0.00       1000          0          0
  other solutions  :          -          -          -          0          -
Diving (single)    :      Calls      Nodes   LP Iters Backtracks  Conflicts   MinDepth   MaxDepth   AvgDepth  RoundSols  NLeafSols  MinSolDpt  MaxSolDpt  AvgSolDpt
  actconsdiving    :          0          -          -          -          -          -          -          -          -          -          -          -          -
  coefdiving       :          0          -          -          -          -          -          -          -          -          -          -          -          -
  conflictdiving   :       1065      43325     926962        986      16930         69         95       77.9          0          -          -          -          -
  distributiondivin:        470      19517     312932        569       7580         62         89       74.6          0          -          -          -          -
  farkasdiving     :          0          -          -          -          -          -          -          -          -          -          -          -          -
  fracdiving       :        339      30979     315522        200       1647         66        366      121.3          0          -          -          -          -
  guideddiving     :        352      27444     323587        115       1919         62        285      109.8          0          1        101        101      101.0
  indicatordiving  :          0          -          -          -          -          -          -          -          -          -          -          -          -
  linesearchdiving :        492      26432     312486         76      10364         64        102       86.2          0          -          -          -          -
  pscostdiving     :        251      11763     330606        238       3843         67         86       77.1          0          1         82         82       82.0
  veclendiving     :        665      31096     310877        541      22222         65         95       78.8          0          -          -          -          -
Diving (adaptive)  :      Calls      Nodes   LP Iters Backtracks  Conflicts   MinDepth   MaxDepth   AvgDepth  RoundSols  NLeafSols  MinSolDpt  MaxSolDpt  AvgSolDpt
  actconsdiving    :         15        786      10671         17        182         72         78       75.3          0          -          -          -          -
  coefdiving       :         38       1679      15257         21       1111         67         93       78.1          0          -          -          -          -
  conflictdiving   :          0          -          -          -          -          -          -          -          -          -          -          -          -
  distributiondivin:          0          -          -          -          -          -          -          -          -          -          -          -          -
  farkasdiving     :          0          -          -          -          -          -          -          -          -          -          -          -          -
  fracdiving       :          2        129        902          1          7         85        141      113.0          0          -          -          -          -
  guideddiving     :          3        235       3771          0         15         92        113       99.3          0          1         93         93       93.0
  indicatordiving  :          0          -          -          -          -          -          -          -          -          -          -          -          -
  linesearchdiving :         31       1881      19284          7        809         67         97       87.4          0          -          -          -          -
  pscostdiving     :          7        401      12402          7        112         70         82       76.9          0          -          -          -          -
  veclendiving     :         14        594       6058         11        450         71         91       78.4          0          -          -          -          -
Neighborhoods      :      Calls  SetupTime  SolveTime SolveNodes       Sols       Best       Exp3  EpsGreedy        UCB TgtFixRate  Opt  Inf Node Stal  Sol  Usr Othr Actv
  rens             :          2       0.03       0.07         60          0          0    0.00000   -1.00000    0.47662      0.850    0    1    0    1    0    0    0    1
  rins             :         14       0.37       0.47        797          1          1    0.00000   -1.00000    0.48181      0.836    1    6    0    7    0    0    0    1
  mutation         :          4       0.15       0.21        200          0          0    0.00000   -1.00000    0.46372      0.822    0    2    0    2    0    0    0    1
  localbranching   :          2       0.02       0.15        109          0          0    0.00000   -1.00000    0.46239      0.850    0    1    0    1    0    0    0    1
  crossover        :          4       0.07       0.50         85          0          0    0.00000   -1.00000    0.45826      0.522    0    3    0    1    0    0    0    1
  proximity        :          2       0.03       0.15         90          0          0    0.00000   -1.00000    0.46989      0.850    0    1    0    1    0    0    0    1
  zeroobjective    :          2       0.02       0.05         80          0          0    0.00000   -1.00000    0.47025      0.850    0    1    0    1    0    0    0    1
  dins             :          2       0.03       0.10         84          0          0    0.00000   -1.00000    0.47032      0.850    0    1    0    1    0    0    0    1
  trustregion      :          0       0.00       0.00          0          0          0    0.00000   -1.00000    1.00000      0.900    0    0    0    0    0    0    0    0
Expressions        :   #IntEval  IntEvalTi   #RevProp  RevPropTi    DomReds    Cutoffs  #Estimate  EstimTime  Branching  #Simplify SimplifyTi Simplified
  pow              :          0       0.00          0       0.00          0          0          0       0.00          0          0       0.00          0
  prod             :      17820       0.01          0       0.00          0          0          0       0.00          0      10079       0.00          0
  sum              :          8       0.00          2       0.00          0          0          0       0.00          0          3       0.04          2
  var              :       4763       0.00          0       0.00          0          0          0       0.00          0      21678       0.01          0
  varidx           :          0       0.00          0       0.00          0          0          0       0.00          0          0       0.00          0
LP                 :       Time      Calls Iterations  Iter/call   Iter/sec  Time-0-It Calls-0-It    ItLimit
  primal LP        :     119.53      24376          0       0.00       0.00     119.42      24376
  dual LP          :    1377.71     790843    6105740       8.78    4431.80      31.93      95542
  lex dual LP      :       0.00          0          0       0.00          -
  barrier LP       :       0.00          0          0       0.00          -       0.00          0
  resolve instable :       0.00          0          0       0.00          -
  diving/probing LP:     301.74      23494    3169527     134.91   10504.17
  strong branching :      10.17       1044      83933      80.40    8253.00          -          -        849
    (at root node) :          -         20       4693     234.65          -
  conflict analysis:       7.33       6869      60562       8.82    8262.21
NLP relaxation     :
  solve time       :      12.01 (10 calls)
  convexity        :  nonconvex (145 linear rows, 0 convex ineq., 0 nonconvex ineq., 1169 nonlinear eq. or two-sided ineq.)
NLP Solvers        :  #Problems  ProblemTi    #Solves  SolveTime      #Iter  Time/Iter      #Okay #TimeLimit #IterLimit #LObjLimit #Interrupt  #NumError #EvalError  #OutOfMem #LicenseEr #OtherTerm   #GlobOpt    #LocOpt  #Feasible #LocInfeas #GlobInfea #Unbounded   #Unknown
  ipopt            :         12      16.79         43      71.98       1731       0.04         40          0          3          0          0          0          0          0          0          0          0         22          1         18          0          0          2
B&B Tree           :
  number of runs   :          1
  nodes            :     681959 (482242 internal, 199717 leaves)
  feasible leaves  :          0
  infeas. leaves   :         32
  objective leaves :     199685
  nodes (total)    :     681959 (482242 internal, 199717 leaves)
  nodes left       :     282526
  max depth        :         82
  max depth (total):         82
  backtracks       :     118374 (17.4%)
  early backtracks :          0 (0.0%)
  nodes exc. ref.  :          0 (0.0%)
  delayed cutoffs  :          0
  repropagations   :         90 (1 domain reductions, 0 cutoffs)
  avg switch length:       6.25
  switching time   :     244.09
Estim. Tree Size   :    1363918
Estimation Tree    : 964485 nodes (681959 visited, 482242 internal, 199717 leaves, 282526 open), weight: 0.0000 completed 0.0272
Estimations        :      estim      value      trend resolution     smooth
  wbe              :         in          -          -          -          -
  tree-profile     :         -1          -          -          -          -
  gap              :   39048851    0.59702    0.00001        256   39077979
  tree-weight      :    1363918    0.00000    0.00000        256    1362923
  leaf-frequency   :    1363918    0.29286   -0.00000        256    2040319
  ssg              :   63706131    0.95707   -0.00001        256   60864772
  open-nodes       :    1363918 282526.00000  209.98805        256    1362923
Root Node          :
  First LP value   : -5.52794612794613e+00
  First LP Iters   :       2274 (12633.33 Iter/sec)
  First LP Time    :       0.18
  Final Dual Bound : -5.39773587971100e+00
  Final Root Iters :       4821
  Root LP Estimate : -2.58136696740266e+00
Solution           :
  Solutions found  :          9 (8 improvements)
  First Solution   : +1.00000000000000e+05   (in run 1, after 0 nodes, 0.03 seconds, depth 0, found by <trivial>)
  Gap First Sol.   :   infinite
  Gap Last Sol.    :      80.65 %
  Primal Bound     : -2.97822671156005e+00   (in run 1, after 152 nodes, 31.33 seconds, depth 93, found by <adaptivediving>)
  Dual Bound       : -4.98847062012742e+00
  Gap              :      67.50 %
Integrals          :      Total       Avg%
  primal-dual      :  149670.59      41.58
  primal-ref       :          -          - (not evaluated)
  dual-ref         :          -          - (not evaluated)
