SCIP Status        : solving was interrupted [time limit reached]
Total Time         :    3600.02
  solving          :    3600.00
  presolving       :       0.45 (included in solving)
  reading          :       0.02
  copying          :       1.43 (78 #copies) (minimal 0.00, maximal 0.06, average 0.02)
Original Problem   :
  Problem name     : bbbenchmark/pw09_100.3.cut
  Variables        : 101 (100 binary, 0 integer, 0 implicit integer, 1 continuous)
  Constraints      : 1 initial, 1 maximal
  Objective        : minimize, 1 non-zeros (abs.min = 1, abs.max = 1)
Presolved Problem  :
  Problem name     : t_bbbenchmark/pw09_100.3.cut
  Variables        : 1315 (100 binary, 0 integer, 1166 implicit integer, 49 continuous)
  Constraints      : 1311 initial, 7705 maximal
  Objective        : minimize, 1 non-zeros (abs.min = 1, abs.max = 1)
  Nonzeros         : 11631 constraint, 202 clique table
Presolvers         :   ExecTime  SetupTime  Calls  FixedVars   AggrVars   ChgTypes  ChgBounds   AddHoles    DelCons    AddCons   ChgSides   ChgCoefs
  boundshift       :       0.00       0.00      0          0          0          0          0          0          0          0          0          0
  convertinttobin  :       0.00       0.00      0          0          0          0          0          0          0          0          0          0
  domcol           :       0.00       0.00      1          0          0          0          0          0          0          0          0          0
  dualagg          :       0.00       0.00      0          0          0          0          0          0          0          0          0          0
  dualcomp         :       0.00       0.00      1          0          0          0          0          0          0          0          0          0
  dualinfer        :       0.00       0.00      0          0          0          0          0          0          0          0          0          0
  dualsparsify     :       0.00       0.00      1          0          0          0          0          0          0          0          0          0
  gateextraction   :       0.00       0.00      0          0          0          0          0          0          0          0          0          0
  implics          :       0.00       0.00      2          0          0          0          0          0          0          0          0          0
  inttobinary      :       0.00       0.00      0          0          0          0          0          0          0          0          0          0
  qpkktref         :       0.00       0.00      0          0          0          0          0          0          0          0          0          0
  redvub           :       0.00       0.00      0          0          0          0          0          0          0          0          0          0
  sparsify         :       0.00       0.00      1          0          0          0          0          0          0          0          0          0
  stuffing         :       0.00       0.00      0          0          0          0          0          0          0          0          0          0
  trivial          :       0.00       0.00      4          0          0          0          0          0          0          0          0          0
  tworowbnd        :       0.00       0.00      0          0          0          0          0          0          0          0          0          0
  dualfix          :       0.00       0.00      4          0          0          0          0          0          0          0          0          0
  genvbounds       :       0.00       0.00      0          0          0          0          0          0          0          0          0          0
  probing          :       0.21       0.00      1          0          0          0          0          0          0          0          0          0
  pseudoobj        :       0.00       0.00      1          0          0          0          1          0          0          0          0          0
  symmetry         :       0.00       0.00      0          0          0          0          0          0          0          0          0          0
  vbounds          :       0.00       0.00      1          0          0          0          0          0          0          0          0          0
  varbound         :       0.00       0.00      2          0          0          0          0          0          0          0          0          0
  and              :       0.01       0.00      2          0          0          0          0          0          0          0          0          0
  linear           :       0.00       0.00      2          0          0          0          0          0          0          0          0          0
  logicor          :       0.00       0.00      0          0          0          0          0          0          0          0          0          0
  bounddisjunction :       0.00       0.00      0          0          0          0          0          0          0          0          0          0
  nonlinear        :       0.17       0.01      5          0          0          0          1          0          0       1310          0          0
  benders          :       0.00       0.00      0          0          0          0          0          0          0          0          0          0
  components       :       0.01       0.00      1          0          0          0          0          0          0          0          0          0
  root node        :          -          -      -          0          -          -          8          -          -          -          -          -
Constraints        :     Number  MaxNumber  #Separate #Propagate    #EnfoLP    #EnfoRelax  #EnfoPS    #Check   #ResProp    Cutoffs    DomReds       Cuts    Applied      Conss   Children
  benderslp        :          0          0          0          0     419422          0          0      43193          0          0          0          0          0          0          0
  integral         :          0          0          0          0     419422          0          0      43193          0          0         26          0          0          2     838798
  varbound         :         48         48         67    1902295          0          0          0        603          0          0     216962          0          0          0          0
  and              :       1166       1166     475739    1913493          1          0          0        603     161964          0    1447075        323        268          0          0
  linear           :         97+       123         67    1913724          1          0          0        601      26562        623    9552381          0          0          0          0
  logicor          :          0+      3276          0     127318          0          0          0          0          5        361          1          0          0          0          0
  bounddisjunction :          0+      3115          0     172469          0          0          0          0          0         35          0          0          0          0          0
  benders          :          0          0          0          0          1          0          0         69          0          0          0          0          0          0          0
  countsols        :          0          0          0          0          1          0          0         69          0          0          0          0          0          0          0
  components       :          0          0          0          0          0          0          0          0          0          0          0          0          0          0          0
Constraint Timings :  TotalTime  SetupTime   Separate  Propagate     EnfoLP     EnfoPS     EnfoRelax   Check    ResProp    SB-Prop
  benderslp        :       0.43       0.00       0.00       0.00       0.37       0.00       0.00       0.06       0.00       0.00
  integral         :      82.85       0.00       0.00       0.00      82.79       0.00       0.00       0.06       0.00       0.00
  varbound         :       3.17       0.00       0.00       3.14       0.00       0.00       0.00       0.02       0.00       0.01
  and              :     153.62       0.00     122.38      30.59       0.00       0.00       0.00       0.18       0.16       0.31
  linear           :      48.17       0.00       0.04      48.03       0.00       0.00       0.00       0.00       0.04       0.06
  logicor          :       8.43       0.00       0.00       8.43       0.00       0.00       0.00       0.00       0.00       0.00
  bounddisjunction :      10.59       0.00       0.00      10.59       0.00       0.00       0.00       0.00       0.00       0.00
  benders          :       0.00       0.00       0.00       0.00       0.00       0.00       0.00       0.00       0.00       0.00
  countsols        :       0.00       0.00       0.00       0.00       0.00       0.00       0.00       0.00       0.00       0.00
  components       :       0.50       0.00       0.00       0.50       0.00       0.00       0.00       0.00       0.00       0.00
Propagators        : #Propagate   #ResProp    Cutoffs    DomReds
  dualfix          :          3          0          0          0
  genvbounds       :          0          0          0          0
  nlobbt           :          0          0          0          0
  obbt             :          0          0          0          0
  probing          :          0          0          0          0
  pseudoobj        :    1885987         21          0       1087
  redcost          :     930135          0          0     353560
  rootredcost      :          8          0          0          0
  symmetry         :          0          0          0          0
  vbounds          :     327882          0          0          0
Propagator Timings :  TotalTime  SetupTime   Presolve  Propagate    ResProp    SB-Prop
  dualfix          :       0.00       0.00       0.00       0.00       0.00       0.00
  genvbounds       :       1.38       0.00       0.00       1.38       0.00       0.00
  nlobbt           :       0.00       0.00       0.00       0.00       0.00       0.00
  obbt             :       0.00       0.00       0.00       0.00       0.00       0.00
  probing          :       0.21       0.00       0.21       0.00       0.00       0.00
  pseudoobj        :       2.28       0.00       0.00       2.28       0.00       0.00
  redcost          :      34.07       0.00       0.00      34.07       0.00       0.00
  rootredcost      :       1.79       0.00       0.00       1.79       0.00       0.00
  symmetry         :       0.94       0.00       0.00       0.94       0.00       0.00
  vbounds          :       1.64       0.00       0.00       1.62       0.00       0.02
Conflict Analysis  :       Time      Calls    Success    DomReds  Conflicts   Literals    Reconvs ReconvLits   Dualrays   Nonzeros   LP Iters   (pool size: [10000,10000])
  propagation      :       0.00        398        282          -        327       75.1          0        0.0          -          -          -
  infeasible LP    :       1.06       1062       1062          -      29957      126.8          0        0.0       1413      135.3          0
  bound exceed. LP :      11.25       3724       3605          -      43011       95.2          0        0.0          0        0.0      50784
  strong branching :       0.00          0          0          -          0        0.0          0        0.0          -          -          0
  pseudo solution  :       0.00          0          0          -          0        0.0          0        0.0          -          -          -
  applied globally :       0.21          -          -          0      14245       91.7          -          -       1413          -          -
  applied locally  :          -          -          -          0          0        0.0          -          -          0          -          -
Separators         :   ExecTime  SetupTime      Calls  RootCalls    Cutoffs    DomReds  FoundCuts ViaPoolAdd  DirectAdd    Applied ViaPoolApp  DirectApp      Conss
  cut pool         :       3.30          -      52786         93          -          -      26036     914158          -          -          -          -          -    (maximal pool size:       1936)
  aggregation      :     118.46       0.00       4413         67          0          0          0          0          0          0          0          0          0
  > cmir           :          -          -          -          -          -          -          -          0          0          0          0          0          -
  > flowcover      :          -          -          -          -          -          -          -          0          0          0          0          0          -
  > knapsackcover  :          -          -          -          -          -          -          -          0          0          0          0          0          -
  cgmip            :       0.00       0.00          0          0          0          0          0          0          0          0          0          0          0
  clique           :       0.00       0.00         67         67          0          0          0          0          0          0          0          0          0
  closecuts        :       0.00       0.00          0          0          0          0          0          0          0          0          0          0          0
  convexproj       :       0.00       0.00          0          0          0          0          0          0          0          0          0          0          0
  disjunctive      :       0.00       0.00          0          0          0          0          0          0          0          0          0          0          0
  eccuts           :       0.00       0.00          0          0          0          0          0          0          0          0          0          0          0
  gauge            :       0.00       0.00          0          0          0          0          0          0          0          0          0          0          0
  gomory           :       0.00       0.00          0          0          0          0          0          0          0          0          0          0          0
  > gomorymi       :          -          -          -          -          -          -          -          0          0          0          0          0          -
  > strongcg       :          -          -          -          -          -          -          -          0          0          0          0          0          -
  impliedbounds    :       0.17       0.00       4413         67          0          0          6          0          0          0          0          0          0
  interlattice     :       0.00       0.00          0          0          0          0          0          0          0          0          0          0          0
  interminor       :       0.00       0.00          0          0          0          0          0          0          0          0          0          0          0
  intersub         :       1.22       0.00         40         40          0          0         40          0         40         40          0         40          0
  intobj           :       0.00       0.00          0          0          0          0          0          0          0          0          0          0          0
  mcf              :       0.00       0.00          1          1          0          0          0          0          0          0          0          0          0
  minor            :       0.00       0.00          0          0          0          0          0          0          0          0          0          0          0
  mixing           :       0.02       0.00       4413         67          0          0          0          0          0          0          0          0          0
  oddcycle         :       0.00       0.00          0          0          0          0          0          0          0          0          0          0          0
  rapidlearning    :       0.00       0.00          0          0          0          0          0          0          0          0          0          0          0
  rlt              :       0.00       0.00         10         10          0          0          0          0          0          0          0          0          0
  zerohalf         :      14.12       0.00       3949         20          0          0      26030     914158          0     246703     246703          0          0
Cutselectors       :   ExecTime  SetupTime      Calls  RootCalls   Selected     Forced   Filtered  RootSelec   RootForc   RootFilt 
  hybrid           :       0.86       0.00      37215         65     247011          0     667510        167          0          5
Pricers            :   ExecTime  SetupTime      Calls       Vars
  problem variables:       0.00          -          0          0
Branching Rules    :   ExecTime  SetupTime   BranchLP  BranchExt   BranchPS    Cutoffs    DomReds       Cuts      Conss   Children
  allfullstrong    :       0.00       0.00          0          0          0          0          0          0          0          0
  cloud            :       0.00       0.00          0          0          0          0          0          0          0          0
  distribution     :       0.00       0.00          0          0          0          0          0          0          0          0
  fullstrong       :       0.00       0.00          0          0          0          0          0          0          0          0
  inference        :       0.00       0.00          0          0          0          0          0          0          0          0
  leastinf         :       0.00       0.00          0          0          0          0          0          0          0          0
  lookahead        :       0.00       0.00          0          0          0          0          0          0          0          0
  mostinf          :       0.00       0.00          0          0          0          0          0          0          0          0
  multaggr         :       0.00       0.00          0          0          0          0          0          0          0          0
  nodereopt        :       0.00       0.00          0          0          0          0          0          0          0          0
  pscost           :       0.00       0.00          0          0          0          0          0          0          0          0
  random           :       0.00       0.00          0          0          0          0          0          0          0          0
  relpscost        :      81.72       0.00     419421          0          0          0         26          0          2     838798
  vanillafullstrong:       0.00       0.00          0          0          0          0          0          0          0          0
Primal Heuristics  :   ExecTime  SetupTime      Calls      Found       Best
  LP solutions     :       0.01          -          -          1          1
  relax solutions  :       0.00          -          -          0          0
  pseudo solutions :       0.00          -          -          0          0
  strong branching :       0.01          -          -          0          0
  actconsdiving    :       0.00       0.00          0          0          0
  adaptivediving   :       2.86       0.00         31          0          0
  alns             :       2.03       0.00         31          1          1
  bound            :       0.00       0.00          0          0          0
  clique           :       0.00       0.00          1          0          0
  coefdiving       :       0.00       0.00          0          0          0
  completesol      :       0.00       0.00          0          0          0
  conflictdiving   :     120.89       0.00        824          0          0
  crossover        :      10.25       0.00          4          0          0
  dins             :       0.00       0.00          0          0          0
  distributiondivin:      65.33       0.00        416          0          0
  dps              :       0.00       0.00          0          0          0
  dualval          :       0.00       0.00          0          0          0
  farkasdiving     :       0.02       0.00          0          0          0
  feaspump         :       0.30       0.00          6          4          0
  fixandinfer      :       0.00       0.00          0          0          0
  fracdiving       :      40.62       0.00        363          0          0
  gins             :       0.43       0.00          0          0          0
  guideddiving     :      39.19       0.00        371          0          0
  indicator        :       0.40       0.00          0          0          0
  indicatordiving  :       0.00       0.00          0          0          0
  intdiving        :       0.00       0.00          0          0          0
  intshifting      :       0.46       0.00         87          0          0
  linesearchdiving :      38.35       0.00        514          5          5
  localbranching   :       0.00       0.00          0          0          0
  locks            :       0.02       0.00          1          0          0
  lpface           :       0.42       0.00          0          0          0
  mpec             :      52.76       0.00         11          0          0
  multistart       :       0.00       0.00          0          0          0
  mutation         :       0.00       0.00          0          0          0
  nlpdiving        :      11.86       0.00          1          0          0
  objpscostdiving  :      36.81       0.00        138         19          1
  octane           :       0.00       0.00          0          0          0
  ofins            :       0.21       0.00          0          0          0
  oneopt           :       0.45       0.00         11          0          0
  padm             :       0.00       0.00          0          0          0
  proximity        :       0.00       0.00          0          0          0
  pscostdiving     :      39.41       0.00        244          0          0
  randrounding     :       1.97       0.00      43152          0          0
  rens             :       0.00       0.00          0          0          0
  reoptsols        :       0.00       0.00          0          0          0
  repair           :       0.00       0.00          0          0          0
  rins             :       5.92       0.00         43          0          0
  rootsoldiving    :      26.50       0.00        334         33          0
  rounding         :       2.12       0.00       9385          0          0
  shiftandpropagate:       0.00       0.00          0          0          0
  shifting         :      25.60       0.00       9571          1          1
  simplerounding   :       0.41       0.00          0          0          0
  subnlp           :     356.59       0.00          0          0          0
  trivial          :       0.05       0.00          2          2          2
  trivialnegation  :       0.00       0.00          0          0          0
  trustregion      :       0.00       0.00          0          0          0
  trysol           :       0.67       0.00          0          0          0
  twoopt           :       0.00       0.00          0          0          0
  undercover       :       6.40       0.00          1          1          1
  vbounds          :       0.00       0.00          0          0          0
  veclendiving     :      37.94       0.00        670          0          0
  zeroobj          :       0.00       0.00          0          0          0
  zirounding       :       0.55       0.00       1000          0          0
  other solutions  :          -          -          -          0          -
Diving (single)    :      Calls      Nodes   LP Iters Backtracks  Conflicts   MinDepth   MaxDepth   AvgDepth  RoundSols  NLeafSols  MinSolDpt  MaxSolDpt  AvgSolDpt
  actconsdiving    :          0          -          -          -          -          -          -          -          -          -          -          -          -
  coefdiving       :          0          -          -          -          -          -          -          -          -          -          -          -          -
  conflictdiving   :        824      38137    1196925        862      13983         62         89       75.6          0          -          -          -          -
  distributiondivin:        416      19690     405475        527       7649         62         94       74.8          0          -          -          -          -
  farkasdiving     :          0          -          -          -          -          -          -          -          -          -          -          -          -
  fracdiving       :        363      53010     406919         88        961         67        495      172.0          0          -          -          -          -
  guideddiving     :        371      41445     406779         47       2541         75        307      140.0          0          -          -          -          -
  indicatordiving  :          0          -          -          -          -          -          -          -          -          -          -          -          -
  linesearchdiving :        514      32130     440884         50      11285         68        109       90.8          0          5         82         92       87.6
  pscostdiving     :        244      13538     412290        255       4435         69         92       81.2          0          -          -          -          -
  veclendiving     :        670      33693     401098        564      29042         66         97       76.1          0          -          -          -          -
Diving (adaptive)  :      Calls      Nodes   LP Iters Backtracks  Conflicts   MinDepth   MaxDepth   AvgDepth  RoundSols  NLeafSols  MinSolDpt  MaxSolDpt  AvgSolDpt
  actconsdiving    :          4        195       2726          4         51         71         83       75.5          0          -          -          -          -
  coefdiving       :          4        223       2376          5        112         66         94       76.8          0          -          -          -          -
  conflictdiving   :          0          -          -          -          -          -          -          -          -          -          -          -          -
  distributiondivin:          0          -          -          -          -          -          -          -          -          -          -          -          -
  farkasdiving     :          0          -          -          -          -          -          -          -          -          -          -          -          -
  fracdiving       :          3        349       2637          1          3         86        199      156.0          0          -          -          -          -
  guideddiving     :          5        314       3279          0         54         81         99       91.2          0          -          -          -          -
  indicatordiving  :          0          -          -          -          -          -          -          -          -          -          -          -          -
  linesearchdiving :         10        697       9225          0        205         79        102       92.9          0          -          -          -          -
  pscostdiving     :          2        108       4444          2         41         74         75       74.5          0          -          -          -          -
  veclendiving     :          3        174       2221          2        119         74         82       77.3          0          -          -          -          -
Neighborhoods      :      Calls  SetupTime  SolveTime SolveNodes       Sols       Best       Exp3  EpsGreedy        UCB TgtFixRate  Opt  Inf Node Stal  Sol  Usr Othr Actv
  rens             :          2       0.02       0.01          1          0          0    0.00000   -1.00000    0.30216      0.700    0    1    0    0    0    0    1    1
  rins             :          2       0.04       0.12         97          0          0    0.00000   -1.00000    0.46816      0.850    0    1    0    1    0    0    0    1
  mutation         :         14       0.45       0.46        845          1          1    0.00000   -1.00000    0.48220      0.835    1    6    0    7    0    0    0    1
  localbranching   :          2       0.03       0.08         65          0          0    0.00000   -1.00000    0.47616      0.850    0    1    0    1    0    0    0    1
  crossover        :          5       0.17       0.17        263          0          0    0.00000   -1.00000    0.46933      0.879    0    2    0    3    0    0    0    1
  proximity        :          2       0.02       0.10         69          0          0    0.00000   -1.00000    0.47616      0.850    0    1    0    1    0    0    0    1
  zeroobjective    :          2       0.03       0.04         89          0          0    0.00000   -1.00000    0.47016      0.850    0    1    0    1    0    0    0    1
  dins             :          2       0.01       0.06         57          0          0    0.00000   -1.00000    0.47716      0.850    0    1    0    1    0    0    0    1
  trustregion      :          0       0.00       0.00          0          0          0    0.00000   -1.00000    1.00000      0.900    0    0    0    0    0    0    0    0
Expressions        :   #IntEval  IntEvalTi   #RevProp  RevPropTi    DomReds    Cutoffs  #Estimate  EstimTime  Branching  #Simplify SimplifyTi Simplified
  pow              :          0       0.00          0       0.00          0          0          0       0.00          0          0       0.00          0
  prod             :      17820       0.00          0       0.00          0          0          0       0.00          0      10076       0.02          0
  sum              :          8       0.00          2       0.00          0          0          0       0.00          0          3       0.03          2
  var              :       4754       0.00          0       0.00          0          0          0       0.00          0      21669       0.02          0
  varidx           :          0       0.00          0       0.00          0          0          0       0.00          0          0       0.00          0
LP                 :       Time      Calls Iterations  Iter/call   Iter/sec  Time-0-It Calls-0-It    ItLimit
  primal LP        :     170.10      26505          0       0.00       0.00     169.98      26505
  dual LP          :    1503.13     709863    7876323      12.02    5239.95      16.37      54470
  lex dual LP      :       0.00          0          0       0.00          -
  barrier LP       :       0.00          0          0       0.00          -       0.00          0
  resolve instable :       0.00          0          0       0.00          -
  diving/probing LP:     365.09      26951    4125843     153.09   11300.89
  strong branching :      12.63       1049      88465      84.33    7004.35          -          -        898
    (at root node) :          -         19       4638     244.11          -
  conflict analysis:       5.91       5529      50784       9.19    8592.89
NLP relaxation     :
  solve time       :      11.34 (9 calls)
  convexity        :  nonconvex (145 linear rows, 0 convex ineq., 0 nonconvex ineq., 1166 nonlinear eq. or two-sided ineq.)
NLP Solvers        :  #Problems  ProblemTi    #Solves  SolveTime      #Iter  Time/Iter      #Okay #TimeLimit #IterLimit #LObjLimit #Interrupt  #NumError #EvalError  #OutOfMem #LicenseEr #OtherTerm   #GlobOpt    #LocOpt  #Feasible #LocInfeas #GlobInfea #Unbounded   #Unknown
  ipopt            :         12      17.57         39      64.17       1746       0.04         37          0          2          0          0          0          0          0          0          0          0         18          0         19          0          0          2
B&B Tree           :
  number of runs   :          1
  nodes            :     618581 (419399 internal, 199182 leaves)
  feasible leaves  :          1
  infeas. leaves   :        406
  objective leaves :     198774
  nodes (total)    :     618581 (419399 internal, 199182 leaves)
  nodes left       :     219977
  max depth        :         83
  max depth (total):         83
  backtracks       :     122666 (19.8%)
  early backtracks :          0 (0.0%)
  nodes exc. ref.  :          0 (0.0%)
  delayed cutoffs  :          0
  repropagations   :       4506 (7575 domain reductions, 0 cutoffs)
  avg switch length:       7.71
  switching time   :     307.75
Estim. Tree Size   :    1237644
Estimation Tree    : 838799 nodes (618822 visited, 419399 internal, 199423 leaves, 219977 open), weight: 0.0000 completed 0.0164
Estimations        :      estim      value      trend resolution     smooth
  wbe              :         in          -          -          -          -
  tree-profile     :         -1          -          -          -          -
  gap              :   26613029    0.60618    0.00001        256   26230932
  tree-weight      :    1237644    0.00000    0.00000        256    1235448
  leaf-frequency   :   82179018    0.32226    0.00000        256   62136188
  ssg              :   71169632    0.97407   -0.00001        256   70478640
  open-nodes       :    1237644 219977.00000  162.89568        256    1235448
Root Node          :
  First LP value   : -5.54478114478114e+00
  First LP Iters   :       2252 (11852.63 Iter/sec)
  First LP Time    :       0.19
  Final Dual Bound : -5.41295325367295e+00
  Final Root Iters :       4475
  Root LP Estimate : -2.69435289910551e+00
Solution           :
  Solutions found  :         67 (12 improvements)
  First Solution   : +1.00000000000000e+05   (in run 1, after 0 nodes, 0.02 seconds, depth 0, found by <trivial>)
  Gap First Sol.   :   infinite
  Gap Last Sol.    :      67.09 %
  Primal Bound     : -2.96835016835023e+00   (in run 1, after 287759 nodes, 1638.29 seconds, depth 84, found by <linesearchdiving>)
  Dual Bound       : -4.89677256802174e+00
  Gap              :      64.97 %
Integrals          :      Total       Avg%
  primal-dual      :  146417.83      40.67
  primal-ref       :          -          - (not evaluated)
  dual-ref         :          -          - (not evaluated)
