SCIP Status        : solving was interrupted [time limit reached]
Total Time         :    3600.01
  solving          :    3600.01
  presolving       :       0.41 (included in solving)
  reading          :       0.00
  copying          :       0.47 (30 #copies) (minimal 0.00, maximal 0.03, average 0.02)
Original Problem   :
  Problem name     : bbbenchmark/g05_100.0.cut
  Variables        : 101 (100 binary, 0 integer, 0 implicit integer, 1 continuous)
  Constraints      : 1 initial, 1 maximal
  Objective        : minimize, 1 non-zeros (abs.min = 1, abs.max = 1)
Presolved Problem  :
  Problem name     : t_bbbenchmark/g05_100.0.cut
  Variables        : 1806 (100 binary, 0 integer, 1690 implicit integer, 16 continuous)
  Constraints      : 1736 initial, 3588 maximal
  Objective        : minimize, 1 non-zeros (abs.min = 1, abs.max = 1)
  Nonzeros         : 8521 constraint, 202 clique table
Presolvers         :   ExecTime  SetupTime  Calls  FixedVars   AggrVars   ChgTypes  ChgBounds   AddHoles    DelCons    AddCons   ChgSides   ChgCoefs
  boundshift       :       0.00       0.00      0          0          0          0          0          0          0          0          0          0
  convertinttobin  :       0.00       0.00      0          0          0          0          0          0          0          0          0          0
  domcol           :       0.00       0.00      1          0          0          0          0          0          0          0          0          0
  dualagg          :       0.00       0.00      0          0          0          0          0          0          0          0          0          0
  dualcomp         :       0.00       0.00      1          0          0          0          0          0          0          0          0          0
  dualinfer        :       0.00       0.00      0          0          0          0          0          0          0          0          0          0
  dualsparsify     :       0.00       0.00      1          0          0          0          0          0          0          0          0          0
  gateextraction   :       0.00       0.00      0          0          0          0          0          0          0          0          0          0
  implics          :       0.00       0.00      2          0          0          0          0          0          0          0          0          0
  inttobinary      :       0.00       0.00      0          0          0          0          0          0          0          0          0          0
  qpkktref         :       0.00       0.00      0          0          0          0          0          0          0          0          0          0
  redvub           :       0.00       0.00      0          0          0          0          0          0          0          0          0          0
  sparsify         :       0.00       0.00      1          0          0          0          0          0          0          0          0          0
  stuffing         :       0.00       0.00      0          0          0          0          0          0          0          0          0          0
  trivial          :       0.00       0.00      4          0          0          0          0          0          0          0          0          0
  tworowbnd        :       0.00       0.00      0          0          0          0          0          0          0          0          0          0
  dualfix          :       0.00       0.00      4          0          0          0          0          0          0          0          0          0
  genvbounds       :       0.00       0.00      0          0          0          0          0          0          0          0          0          0
  probing          :       0.30       0.00      1          0          0          0          0          0          0          0          0          0
  pseudoobj        :       0.00       0.00      1          0          0          0          1          0          0          0          0          0
  symmetry         :       0.00       0.00      0          0          0          0          0          0          0          0          0          0
  vbounds          :       0.00       0.00      1          0          0          0          0          0          0          0          0          0
  varbound         :       0.00       0.00      2          0          0          0          0          0          0          0          0          0
  and              :       0.01       0.01      2          0          0          0          0          0          0          0          0          0
  linear           :       0.00       0.00      2          0          0          0          0          0          0          0          0          0
  logicor          :       0.00       0.00      0          0          0          0          0          0          0          0          0          0
  bounddisjunction :       0.00       0.00      0          0          0          0          0          0          0          0          0          0
  nonlinear        :       0.09       0.00      5          0          0          0          1          0          0       1735          0          0
  benders          :       0.00       0.00      0          0          0          0          0          0          0          0          0          0
  components       :       0.00       0.00      1          0          0          0          0          0          0          0          0          0
  root node        :          -          -      -          0          -          -         11          -          -          -          -          -
Constraints        :     Number  MaxNumber  #Separate #Propagate    #EnfoLP    #EnfoRelax  #EnfoPS    #Check   #ResProp    Cutoffs    DomReds       Cuts    Applied      Conss   Children
  benderslp        :          0          0          0          0      31059          0          0       1173          0          0          0          0          0          0          0
  integral         :          0          0          0          0      31059          0          0       1173          0          0        395          0          0        184      61940
  varbound         :         15         15        295     232711          0          0          0         89          0          0       9341          0          0          0          0
  and              :       1690       1690      36889     290884          2          0          0         89      93458          0     729505       1261       1227          0          0
  linear           :         31+        64        295     290974          2          0          0         87       3799         35     131278          0          0          0          0
  logicor          :          0+      1041          0      37272          0          0          0          0        102         97          9          0          0          0          0
  bounddisjunction :          0+       825          0      35584          0          0          0          0          2         50          0          0          0          0          0
  benders          :          0          0          0          0          2          0          0         28          0          0          0          0          0          0          0
  countsols        :          0          0          0          0          2          0          0         28          0          0          0          0          0          0          0
  components       :          0          0          0          0          0          0          0          0          0          0          0          0          0          0          0
Constraint Timings :  TotalTime  SetupTime   Separate  Propagate     EnfoLP     EnfoPS     EnfoRelax   Check    ResProp    SB-Prop
  benderslp        :       0.07       0.00       0.00       0.00       0.07       0.00       0.00       0.00       0.00       0.00
  integral         :      92.90       0.00       0.00       0.00      92.88       0.00       0.00       0.02       0.00       0.00
  varbound         :       0.22       0.00       0.00       0.22       0.00       0.00       0.00       0.00       0.00       0.00
  and              :      38.62       0.01      24.36      14.02       0.00       0.00       0.00       0.02       0.03       0.18
  linear           :       2.24       0.00       0.15       2.03       0.00       0.00       0.00       0.00       0.02       0.04
  logicor          :       1.01       0.00       0.00       1.01       0.00       0.00       0.00       0.00       0.00       0.00
  bounddisjunction :       0.74       0.00       0.00       0.74       0.00       0.00       0.00       0.00       0.00       0.00
  benders          :       0.00       0.00       0.00       0.00       0.00       0.00       0.00       0.00       0.00       0.00
  countsols        :       0.00       0.00       0.00       0.00       0.00       0.00       0.00       0.00       0.00       0.00
  components       :       0.06       0.00       0.00       0.06       0.00       0.00       0.00       0.00       0.00       0.00
Propagators        : #Propagate   #ResProp    Cutoffs    DomReds
  dualfix          :          4          0          0          0
  genvbounds       :          0          0          0          0
  nlobbt           :          0          0          0          0
  obbt             :          0          0          0          0
  probing          :          0          0          0          0
  pseudoobj        :     140833          0          0         11
  redcost          :      74861          0          0      45626
  rootredcost      :         12          0          0          0
  symmetry         :          0          0          0          0
  vbounds          :      40498          0          0          0
Propagator Timings :  TotalTime  SetupTime   Presolve  Propagate    ResProp    SB-Prop
  dualfix          :       0.00       0.00       0.00       0.00       0.00       0.00
  genvbounds       :       0.18       0.00       0.00       0.18       0.00       0.00
  nlobbt           :       0.00       0.00       0.00       0.00       0.00       0.00
  obbt             :       0.00       0.00       0.00       0.00       0.00       0.00
  probing          :       0.30       0.00       0.30       0.00       0.00       0.00
  pseudoobj        :       0.29       0.00       0.00       0.29       0.00       0.00
  redcost          :       5.03       0.00       0.00       5.03       0.00       0.00
  rootredcost      :       0.25       0.00       0.00       0.24       0.00       0.01
  symmetry         :       0.13       0.00       0.00       0.12       0.00       0.01
  vbounds          :       0.29       0.00       0.00       0.28       0.00       0.01
Conflict Analysis  :       Time      Calls    Success    DomReds  Conflicts   Literals    Reconvs ReconvLits   Dualrays   Nonzeros   LP Iters   (pool size: [10000,10000])
  propagation      :       0.01        148        126          -        201       67.8          0        0.0          -          -          -
  infeasible LP    :       0.36        175        175          -       7610      151.7          0        0.0        301      172.5          0
  bound exceed. LP :       7.48       1825       1460          -      23151       97.8          0        0.0          0        0.0      15538
  strong branching :       0.00          0          0          -          0        0.0          0        0.0          -          -          0
  pseudo solution  :       0.00          0          0          -          0        0.0          0        0.0          -          -          -
  applied globally :       0.16          -          -          0       7049      103.9          -          -        301          -          -
  applied locally  :          -          -          -          0          0        0.0          -          -          0          -          -
Separators         :   ExecTime  SetupTime      Calls  RootCalls    Cutoffs    DomReds  FoundCuts ViaPoolAdd  DirectAdd    Applied ViaPoolApp  DirectApp      Conss
  cut pool         :       4.73          -      13141        326          -          -      28510    1242577          -          -          -          -          -    (maximal pool size:       2721)
  aggregation      :     357.48       0.00       3746        295          0          0          5          5          0          4          4          0          0
  > cmir           :          -          -          -          -          -          -          -          5          0          4          4          0          -
  > flowcover      :          -          -          -          -          -          -          -          0          0          0          0          0          -
  > knapsackcover  :          -          -          -          -          -          -          -          0          0          0          0          0          -
  cgmip            :       0.00       0.00          0          0          0          0          0          0          0          0          0          0          0
  clique           :       0.00       0.00        295        295          0          0          0          0          0          0          0          0          0
  closecuts        :       0.00       0.00          0          0          0          0          0          0          0          0          0          0          0
  convexproj       :       0.00       0.00          0          0          0          0          0          0          0          0          0          0          0
  disjunctive      :       0.00       0.00          0          0          0          0          0          0          0          0          0          0          0
  eccuts           :       0.00       0.00          0          0          0          0          0          0          0          0          0          0          0
  gauge            :       0.00       0.00          0          0          0          0          0          0          0          0          0          0          0
  gomory           :       0.00       0.00          0          0          0          0          0          0          0          0          0          0          0
  > gomorymi       :          -          -          -          -          -          -          -          0          0          0          0          0          -
  > strongcg       :          -          -          -          -          -          -          -          0          0          0          0          0          -
  impliedbounds    :       0.35       0.00       3746        295          0          0          0          0          0          0          0          0          0
  interlattice     :       0.00       0.00          0          0          0          0          0          0          0          0          0          0          0
  interminor       :       0.00       0.00          0          0          0          0          0          0          0          0          0          0          0
  intersub         :       6.42       0.00        231        231          0          0        231          0        231        231          0        231          0
  intobj           :       0.00       0.00          0          0          0          0          0          0          0          0          0          0          0
  mcf              :       0.01       0.00          1          1          0          0          0          0          0          0          0          0          0
  minor            :       0.01       0.00          0          0          0          0          0          0          0          0          0          0          0
  mixing           :       0.00       0.00       3746        295          0          0          0          0          0          0          0          0          0
  oddcycle         :       0.00       0.00          0          0          0          0          0          0          0          0          0          0          0
  rapidlearning    :       0.00       0.00          0          0          0          0          0          0          0          0          0          0          0
  rlt              :       0.00       0.00         10         10          0          0          0          0          0          0          0          0          0
  zerohalf         :      31.72       0.00       3279         20          0          0      28505    1242572          0     101972     101972          0          0
Cutselectors       :   ExecTime  SetupTime      Calls  RootCalls   Selected     Forced   Filtered  RootSelec   RootForc   RootFilt 
  hybrid           :       1.19       0.00       8358        296     103434          0    1140635        474          0         16
Pricers            :   ExecTime  SetupTime      Calls       Vars
  problem variables:       0.00          -          0          0
Branching Rules    :   ExecTime  SetupTime   BranchLP  BranchExt   BranchPS    Cutoffs    DomReds       Cuts      Conss   Children
  allfullstrong    :       0.00       0.00          0          0          0          0          0          0          0          0
  cloud            :       0.00       0.00          0          0          0          0          0          0          0          0
  distribution     :       0.00       0.00          0          0          0          0          0          0          0          0
  fullstrong       :       0.00       0.00          0          0          0          0          0          0          0          0
  inference        :       0.00       0.00          0          0          0          0          0          0          0          0
  leastinf         :       0.00       0.00          0          0          0          0          0          0          0          0
  lookahead        :       0.00       0.00          0          0          0          0          0          0          0          0
  mostinf          :       0.00       0.00          0          0          0          0          0          0          0          0
  multaggr         :       0.00       0.00          0          0          0          0          0          0          0          0
  nodereopt        :       0.00       0.00          0          0          0          0          0          0          0          0
  pscost           :       0.00       0.00          0          0          0          0          0          0          0          0
  random           :       0.00       0.00          0          0          0          0          0          0          0          0
  relpscost        :      92.73       0.00      31057          0          0          0        395          0        186      61940
  vanillafullstrong:       0.00       0.00          0          0          0          0          0          0          0          0
Primal Heuristics  :   ExecTime  SetupTime      Calls      Found       Best
  LP solutions     :       0.00          -          -          2          2
  relax solutions  :       0.00          -          -          0          0
  pseudo solutions :       0.00          -          -          0          0
  strong branching :       0.02          -          -          0          0
  actconsdiving    :       0.00       0.00          0          0          0
  adaptivediving   :       4.46       0.00         29          0          0
  alns             :       1.80       0.00         16          6          6
  bound            :       0.00       0.00          0          0          0
  clique           :       0.01       0.00          1          0          0
  coefdiving       :       0.00       0.00          0          0          0
  completesol      :       0.00       0.00          0          0          0
  conflictdiving   :      37.19       0.00        164          0          0
  crossover        :       0.05       0.00          0          0          0
  dins             :       0.00       0.00          0          0          0
  distributiondivin:      40.68       0.00        165          0          0
  dps              :       0.00       0.00          0          0          0
  dualval          :       0.00       0.00          0          0          0
  farkasdiving     :       0.00       0.00          0          0          0
  feaspump         :       2.45       0.00          1          1          1
  fixandinfer      :       0.00       0.00          0          0          0
  fracdiving       :      40.98       0.00        165          0          0
  gins             :       0.06       0.00          0          0          0
  guideddiving     :      39.49       0.00        164          2          2
  indicator        :       0.01       0.00          0          0          0
  indicatordiving  :       0.00       0.00          0          0          0
  intdiving        :       0.00       0.00          0          0          0
  intshifting      :       0.65       0.00         15          0          0
  linesearchdiving :      23.35       0.00        165          0          0
  localbranching   :       0.00       0.00          0          0          0
  locks            :       0.02       0.00          1          0          0
  lpface           :       0.08       0.00          0          0          0
  mpec             :     376.44       0.00         11          0          0
  multistart       :       0.00       0.00          0          0          0
  mutation         :       0.00       0.00          0          0          0
  nlpdiving        :       9.83       0.00         10          0          0
  objpscostdiving  :      93.00       0.00         66         10          1
  octane           :       0.00       0.00          0          0          0
  ofins            :       0.04       0.00          0          0          0
  oneopt           :       0.09       0.00         16          0          0
  padm             :       0.00       0.00          0          0          0
  proximity        :       0.00       0.00          0          0          0
  pscostdiving     :      53.94       0.00        165          1          1
  randrounding     :       2.23       0.00       1143          0          0
  rens             :       0.00       0.00          0          0          0
  reoptsols        :       0.00       0.00          0          0          0
  repair           :       0.00       0.00          0          0          0
  rins             :       5.82       0.00         13          0          0
  rootsoldiving    :      29.56       0.00         39          0          0
  rounding         :       1.09       0.00       2666          0          0
  shiftandpropagate:       0.00       0.00          0          0          0
  shifting         :      32.88       0.00       5916          2          2
  simplerounding   :       0.03       0.00          0          0          0
  subnlp           :      61.44       0.00          0          0          0
  trivial          :       0.01       0.00          2          2          2
  trivialnegation  :       0.00       0.00          0          0          0
  trustregion      :       0.00       0.00          0          0          0
  trysol           :       0.13       0.00          0          0          0
  twoopt           :       0.00       0.00          0          0          0
  undercover       :       1.58       0.00          1          1          1
  vbounds          :       0.00       0.00          0          0          0
  veclendiving     :      18.45       0.00        165          0          0
  zeroobj          :       0.00       0.00          0          0          0
  zirounding       :       0.54       0.00       1000          0          0
  other solutions  :          -          -          -          0          -
Diving (single)    :      Calls      Nodes   LP Iters Backtracks  Conflicts   MinDepth   MaxDepth   AvgDepth  RoundSols  NLeafSols  MinSolDpt  MaxSolDpt  AvgSolDpt
  actconsdiving    :          0          -          -          -          -          -          -          -          -          -          -          -          -
  coefdiving       :          0          -          -          -          -          -          -          -          -          -          -          -          -
  conflictdiving   :        164       8921     234199        179       6173         53         92       71.8          0          -          -          -          -
  distributiondivin:        165       7285     198725        179       4823         56         72       63.3          0          -          -          -          -
  farkasdiving     :          0          -          -          -          -          -          -          -          -          -          -          -          -
  fracdiving       :        165      16143     243270        122       1673         64        276      116.3          0          -          -          -          -
  guideddiving     :        164      17138     243673         17       1476         62        325      123.4          0          2         85        114       99.5
  indicatordiving  :          0          -          -          -          -          -          -          -          -          -          -          -          -
  linesearchdiving :        165       8681     157845         16       5679         62         92       71.8          0          -          -          -          -
  pscostdiving     :        165       8893     331327        166       2894         56         86       72.0          0          1         79         79       79.0
  veclendiving     :        165       8796     125694         17       6882         61         81       73.2          0          -          -          -          -
Diving (adaptive)  :      Calls      Nodes   LP Iters Backtracks  Conflicts   MinDepth   MaxDepth   AvgDepth  RoundSols  NLeafSols  MinSolDpt  MaxSolDpt  AvgSolDpt
  actconsdiving    :          1         50       1259          1         20         64         64       64.0          0          -          -          -          -
  coefdiving       :         14        790      12001          0        620         69         77       72.7          0          -          -          -          -
  conflictdiving   :          0          -          -          -          -          -          -          -          -          -          -          -          -
  distributiondivin:          0          -          -          -          -          -          -          -          -          -          -          -          -
  farkasdiving     :          0          -          -          -          -          -          -          -          -          -          -          -          -
  fracdiving       :          0          -          -          -          -          -          -          -          -          -          -          -          -
  guideddiving     :          2        200       3075          0          0        105        125      115.0          0          -          -          -          -
  indicatordiving  :          0          -          -          -          -          -          -          -          -          -          -          -          -
  linesearchdiving :          1         23         25          1          9         77         77       77.0          0          -          -          -          -
  pscostdiving     :          0          -          -          -          -          -          -          -          -          -          -          -          -
  veclendiving     :         11        629       9638          0        528         66         77       72.9          0          -          -          -          -
Neighborhoods      :      Calls  SetupTime  SolveTime SolveNodes       Sols       Best       Exp3  EpsGreedy        UCB TgtFixRate  Opt  Inf Node Stal  Sol  Usr Othr Actv
  rens             :          1       0.01       0.01          0          0          0    0.00000   -1.00000    0.56733      0.700    0    1    0    0    0    0    0    1
  rins             :          1       0.02       0.01          1          0          0    0.00000   -1.00000    0.56633      0.700    0    1    0    0    0    0    0    1
  mutation         :          4       0.11       0.29        345          2          2    0.00000   -1.00000    0.58856      0.728    1    1    0    2    0    0    0    1
  localbranching   :          1       0.02       0.01          1          0          0    0.00000   -1.00000    0.56633      0.700    0    1    0    0    0    0    0    1
  crossover        :          1       0.01       0.01          1          0          0    0.00000   -1.00000    0.56633      0.700    0    1    0    0    0    0    0    1
  proximity        :          2       0.06       0.49        299          1          1    0.00000   -1.00000    0.49791      0.850    1    0    0    1    0    0    0    1
  zeroobjective    :          1       0.02       0.01          1          0          0    0.00000   -1.00000    0.56633      0.700    0    1    0    0    0    0    0    1
  dins             :          5       0.16       0.47        373          3          3    0.00000   -1.00000    0.59085      0.791    1    1    0    3    0    0    0    1
  trustregion      :          0       0.00       0.00          0          0          0    0.00000   -1.00000    1.00000      0.900    0    0    0    0    0    0    0    0
Expressions        :   #IntEval  IntEvalTi   #RevProp  RevPropTi    DomReds    Cutoffs  #Estimate  EstimTime  Branching  #Simplify SimplifyTi Simplified
  pow              :          0       0.00          0       0.00          0          0          0       0.00          0          0       0.00          0
  prod             :       9900       0.00          0       0.00          0          0          0       0.00          0       6640       0.01          0
  sum              :          8       0.00          2       0.00          0          0          0       0.00          0          3       0.01          2
  var              :       6227       0.00          0       0.00          0          0          0       0.00          0      15288       0.03          0
  varidx           :          0       0.00          0       0.00          0          0          0       0.00          0          0       0.00          0
LP                 :       Time      Calls Iterations  Iter/call   Iter/sec  Time-0-It Calls-0-It    ItLimit
  primal LP        :     143.77       5190          0       0.00       0.00     143.75       5190
  dual LP          :    1964.05      64524    7165783     119.14    3648.47       3.21       4379
  lex dual LP      :       0.00          0          0       0.00          -
  barrier LP       :       0.00          0          0       0.00          -       0.00          0
  resolve instable :       0.00          0          0       0.00          -
  diving/probing LP:     343.35      10049    1965943     195.64    5725.77
  strong branching :      80.07        763     255698     335.12    3193.43          -          -        287
    (at root node) :          -         19      19000    1000.00          -
  conflict analysis:       4.23       1669      15538       9.31    3673.29
NLP relaxation     :
  solve time       :       9.82 (10 calls)
  convexity        :  nonconvex (46 linear rows, 0 convex ineq., 0 nonconvex ineq., 1690 nonlinear eq. or two-sided ineq.)
NLP Solvers        :  #Problems  ProblemTi    #Solves  SolveTime      #Iter  Time/Iter      #Okay #TimeLimit #IterLimit #LObjLimit #Interrupt  #NumError #EvalError  #OutOfMem #LicenseEr #OtherTerm   #GlobOpt    #LocOpt  #Feasible #LocInfeas #GlobInfea #Unbounded   #Unknown
  ipopt            :         12       2.20         30     388.87       2098       0.19         30          0          0          0          0          0          0          0          0          0          0          0          0         20          0          0         10
B&B Tree           :
  number of runs   :          1
  nodes            :      51701 (30970 internal, 20731 leaves)
  feasible leaves  :          2
  infeas. leaves   :          3
  objective leaves :      20725
  nodes (total)    :      51701 (30970 internal, 20731 leaves)
  nodes left       :      10231
  max depth        :         69
  max depth (total):         69
  backtracks       :      10707 (20.7%)
  early backtracks :          0 (0.0%)
  nodes exc. ref.  :          0 (0.0%)
  delayed cutoffs  :          0
  repropagations   :          9 (8 domain reductions, 0 cutoffs)
  avg switch length:       5.20
  switching time   :     153.42
Estim. Tree Size   :     103420
Estimation Tree    : 61941 nodes (51710 visited, 30970 internal, 20740 leaves, 10231 open), weight: 0.0000 completed 0.0457
Estimations        :      estim      value      trend resolution     smooth
  wbe              : 1666326501701755          -          -          -          -
  tree-profile     :         -1          -          -          -          -
  gap              :    1411290    0.63860    0.00002         32    1363106
  tree-weight      :     103420    0.00000    0.00000         32     103332
  leaf-frequency   :     542845    0.40107    0.00001         32     593462
  ssg              :    2072366    0.92788   -0.00003         32    2050562
  open-nodes       :     103420 10231.00000    6.80642         32     103332
Root Node          :
  First LP value   : -1.00000000000000e+00
  First LP Iters   :       1630 (12538.46 Iter/sec)
  First LP Time    :       0.13
  Final Dual Bound : -9.27812213589346e-01
  Final Root Iters :      37475
  Root LP Estimate : +1.21716545876567e+00
Solution           :
  Solutions found  :         27 (18 improvements)
  First Solution   : +1.00000000000000e+05   (in run 1, after 0 nodes, 0.01 seconds, depth 0, found by <trivial>)
  Gap First Sol.   :   infinite
  Gap Last Sol.    :      60.56 %
  Primal Bound     : -5.58383838383837e-01   (in run 1, after 13018 nodes, 1131.15 seconds, depth 40, found by <alns>)
  Dual Bound       : -8.74386145397506e-01
  Gap              :      56.59 %
Integrals          :      Total       Avg%
  primal-dual      :  139332.76      38.70
  primal-ref       :          -          - (not evaluated)
  dual-ref         :          -          - (not evaluated)
