SCIP Status        : solving was interrupted [time limit reached]
Total Time         :    3600.01
  solving          :    3600.00
  presolving       :       0.35 (included in solving)
  reading          :       0.01
  copying          :       0.92 (36 #copies) (minimal 0.00, maximal 0.08, average 0.03)
Original Problem   :
  Problem name     : bbbenchmark/g05_80.9.cut
  Variables        : 81 (80 binary, 0 integer, 0 implicit integer, 1 continuous)
  Constraints      : 1 initial, 1 maximal
  Objective        : minimize, 1 non-zeros (abs.min = 1, abs.max = 1)
Presolved Problem  :
  Problem name     : t_bbbenchmark/g05_80.9.cut
  Variables        : 1612 (80 binary, 0 integer, 1530 implicit integer, 2 continuous)
  Constraints      : 1534 initial, 8058 maximal
  Objective        : minimize, 1 non-zeros (abs.min = 1, abs.max = 1)
  Nonzeros         : 6307 constraint, 162 clique table
Presolvers         :   ExecTime  SetupTime  Calls  FixedVars   AggrVars   ChgTypes  ChgBounds   AddHoles    DelCons    AddCons   ChgSides   ChgCoefs
  boundshift       :       0.00       0.00      0          0          0          0          0          0          0          0          0          0
  convertinttobin  :       0.00       0.00      0          0          0          0          0          0          0          0          0          0
  domcol           :       0.00       0.00      1          0          0          0          0          0          0          0          0          0
  dualagg          :       0.00       0.00      0          0          0          0          0          0          0          0          0          0
  dualcomp         :       0.00       0.00      1          0          0          0          0          0          0          0          0          0
  dualinfer        :       0.00       0.00      0          0          0          0          0          0          0          0          0          0
  dualsparsify     :       0.00       0.00      1          0          0          0          0          0          0          0          0          0
  gateextraction   :       0.00       0.00      0          0          0          0          0          0          0          0          0          0
  implics          :       0.00       0.00      2          0          0          0          0          0          0          0          0          0
  inttobinary      :       0.00       0.00      0          0          0          0          0          0          0          0          0          0
  qpkktref         :       0.00       0.00      0          0          0          0          0          0          0          0          0          0
  redvub           :       0.00       0.00      0          0          0          0          0          0          0          0          0          0
  sparsify         :       0.00       0.00      1          0          0          0          0          0          0          0          0          0
  stuffing         :       0.00       0.00      0          0          0          0          0          0          0          0          0          0
  trivial          :       0.00       0.00      4          0          0          0          0          0          0          0          0          0
  tworowbnd        :       0.00       0.00      0          0          0          0          0          0          0          0          0          0
  dualfix          :       0.00       0.00      4          0          0          0          0          0          0          0          0          0
  genvbounds       :       0.00       0.00      0          0          0          0          0          0          0          0          0          0
  probing          :       0.22       0.00      1          0          0          0          0          0          0          0          0          0
  pseudoobj        :       0.00       0.00      1          0          0          0          1          0          0          0          0          0
  symmetry         :       0.00       0.00      0          0          0          0          0          0          0          0          0          0
  vbounds          :       0.00       0.00      1          0          0          0          0          0          0          0          0          0
  varbound         :       0.00       0.00      2          0          0          0          0          0          0          0          0          0
  and              :       0.00       0.01      2          0          0          0          0          0          0          0          0          0
  linear           :       0.00       0.00      2          0          0          0          0          0          0          0          0          0
  logicor          :       0.00       0.00      0          0          0          0          0          0          0          0          0          0
  bounddisjunction :       0.00       0.00      0          0          0          0          0          0          0          0          0          0
  nonlinear        :       0.12       0.00      5          0          0          0          1          0          0       1533          0          0
  benders          :       0.00       0.00      0          0          0          0          0          0          0          0          0          0
  components       :       0.00       0.00      1          0          0          0          0          0          0          0          0          0
  root node        :          -          -      -          0          -          -         26          -          -          -          -          -
Constraints        :     Number  MaxNumber  #Separate #Propagate    #EnfoLP    #EnfoRelax  #EnfoPS    #Check   #ResProp    Cutoffs    DomReds       Cuts    Applied      Conss   Children
  benderslp        :          0          0          0          0      70826          0          0       1348          0          0          0          0          0          0          0
  integral         :          0          0          0          0      70826          0          0       1348          0          0       5986          0          0       2585     137598
  varbound         :          1          1         88      14231          0          0          0         24          0          0        449          0          0          0          0
  and              :       1530       1530      78631     523031          3          0          0         24     241356         10    2486336        815        783          0          0
  linear           :          3+         4         88     523024          3          0          0         22          2          1      31441          0          0          0          0
  logicor          :          0+      6524          0     141872          0          0          0          0        413        525         69          0          0          0          0
  bounddisjunction :          0+         2          0        826          0          0          0          0          0          0          0          0          0          0          0
  benders          :          0          0          0          0          3          0          0         23          0          0          0          0          0          0          0
  countsols        :          0          0          0          0          3          0          0         23          0          0          0          0          0          0          0
  components       :          0          0          0          0          0          0          0          0          0          0          0          0          0          0          0
Constraint Timings :  TotalTime  SetupTime   Separate  Propagate     EnfoLP     EnfoPS     EnfoRelax   Check    ResProp    SB-Prop
  benderslp        :       0.02       0.00       0.00       0.00       0.02       0.00       0.00       0.00       0.00       0.00
  integral         :      55.70       0.00       0.00       0.00      55.70       0.00       0.00       0.00       0.00       0.00
  varbound         :       0.01       0.00       0.00       0.01       0.00       0.00       0.00       0.00       0.00       0.00
  and              :      59.87       0.01      37.90      21.30       0.00       0.00       0.00       0.01       0.21       0.44
  linear           :       0.66       0.00       0.02       0.64       0.00       0.00       0.00       0.00       0.00       0.00
  logicor          :       7.74       0.00       0.00       7.72       0.00       0.00       0.00       0.00       0.00       0.02
  bounddisjunction :       0.00       0.00       0.00       0.00       0.00       0.00       0.00       0.00       0.00       0.00
  benders          :       0.00       0.00       0.00       0.00       0.00       0.00       0.00       0.00       0.00       0.00
  countsols        :       0.00       0.00       0.00       0.00       0.00       0.00       0.00       0.00       0.00       0.00
  components       :       0.14       0.00       0.00       0.14       0.00       0.00       0.00       0.00       0.00       0.00
Propagators        : #Propagate   #ResProp    Cutoffs    DomReds
  dualfix          :          2          0          0          0
  genvbounds       :          0          0          0          0
  nlobbt           :          0          0          0          0
  obbt             :          0          0          0          0
  probing          :          0          0          0          0
  pseudoobj        :     327617          0          0         26
  redcost          :     164228          0          0      89909
  rootredcost      :         11          0          0          0
  symmetry         :          0          0          0          0
  vbounds          :      87475          0          0          0
Propagator Timings :  TotalTime  SetupTime   Presolve  Propagate    ResProp    SB-Prop
  dualfix          :       0.00       0.00       0.00       0.00       0.00       0.00
  genvbounds       :       0.39       0.00       0.00       0.38       0.00       0.01
  nlobbt           :       0.00       0.00       0.00       0.00       0.00       0.00
  obbt             :       0.00       0.00       0.00       0.00       0.00       0.00
  probing          :       0.22       0.00       0.22       0.00       0.00       0.00
  pseudoobj        :       0.52       0.00       0.00       0.52       0.00       0.00
  redcost          :       7.66       0.00       0.00       7.65       0.00       0.01
  rootredcost      :       0.34       0.00       0.00       0.34       0.00       0.00
  symmetry         :       0.15       0.00       0.00       0.15       0.00       0.00
  vbounds          :       0.48       0.00       0.00       0.46       0.00       0.02
Conflict Analysis  :       Time      Calls    Success    DomReds  Conflicts   Literals    Reconvs ReconvLits   Dualrays   Nonzeros   LP Iters   (pool size: [10000,10000])
  propagation      :       0.00        535        434          -        496       43.7          0        0.0          -          -          -
  infeasible LP    :       0.00          0          0          -          0        0.0          0        0.0          2       68.0          0
  bound exceed. LP :      14.38       8900       7589          -      85969       61.4          2       42.0          0        0.0      39893
  strong branching :       0.00          0          0          -          0        0.0          0        0.0          -          -          0
  pseudo solution  :       0.00          0          0          -          0        0.0          0        0.0          -          -          -
  applied globally :       0.27          -          -          0      26113       65.5          -          -          2          -          -
  applied locally  :          -          -          -          0          0        0.0          -          -          0          -          -
Separators         :   ExecTime  SetupTime      Calls  RootCalls    Cutoffs    DomReds  FoundCuts ViaPoolAdd  DirectAdd    Applied ViaPoolApp  DirectApp      Conss
  cut pool         :       3.62          -      22047        111          -          -      33415    1395359          -          -          -          -          -    (maximal pool size:       2831)
  aggregation      :       7.46       0.00       4678         88          0          0         44        457          0         16         16          0          0
  > cmir           :          -          -          -          -          -          -          -        457          0         16         16          0          -
  > flowcover      :          -          -          -          -          -          -          -          0          0          0          0          0          -
  > knapsackcover  :          -          -          -          -          -          -          -          0          0          0          0          0          -
  cgmip            :       0.00       0.00          0          0          0          0          0          0          0          0          0          0          0
  clique           :       0.00       0.00         88         88          0          0          0          0          0          0          0          0          0
  closecuts        :       0.00       0.00          0          0          0          0          0          0          0          0          0          0          0
  convexproj       :       0.00       0.00          0          0          0          0          0          0          0          0          0          0          0
  disjunctive      :       0.00       0.00          0          0          0          0          0          0          0          0          0          0          0
  eccuts           :       0.00       0.00          0          0          0          0          0          0          0          0          0          0          0
  gauge            :       0.00       0.00          0          0          0          0          0          0          0          0          0          0          0
  gomory           :       0.00       0.00          0          0          0          0          0          0          0          0          0          0          0
  > gomorymi       :          -          -          -          -          -          -          -          0          0          0          0          0          -
  > strongcg       :          -          -          -          -          -          -          -          0          0          0          0          0          -
  impliedbounds    :       0.16       0.00       4678         88          0          0          0          0          0          0          0          0          0
  interlattice     :       0.32       0.00         67         67          0          0         67          0         67         65          0         65          0
  interminor       :       0.00       0.00          0          0          0          0          0          0          0          0          0          0          0
  intersub         :       0.00       0.00          0          0          0          0          0          0          0          0          0          0          0
  intobj           :       0.00       0.00          0          0          0          0          0          0          0          0          0          0          0
  mcf              :       0.00       0.00          1          1          0          0          0          0          0          0          0          0          0
  minor            :       0.00       0.00          0          0          0          0          0          0          0          0          0          0          0
  mixing           :       0.02       0.00       4678         88          0          0          0          0          0          0          0          0          0
  oddcycle         :       0.00       0.00          0          0          0          0          0          0          0          0          0          0          0
  rapidlearning    :       0.00       0.00          0          0          0          0          0          0          0          0          0          0          0
  rlt              :       0.00       0.00         10         10          0          0          0          0          0          0          0          0          0
  zerohalf         :      24.05       0.00       4114         20          0          0      33371    1394902          0     130249     130249          0          0
Cutselectors       :   ExecTime  SetupTime      Calls  RootCalls   Selected     Forced   Filtered  RootSelec   RootForc   RootFilt 
  hybrid           :       0.81       0.00      11352         88     131113          0    1265128        248          0          4
Pricers            :   ExecTime  SetupTime      Calls       Vars
  problem variables:       0.00          -          0          0
Branching Rules    :   ExecTime  SetupTime   BranchLP  BranchExt   BranchPS    Cutoffs    DomReds       Cuts      Conss   Children
  allfullstrong    :       0.00       0.00          0          0          0          0          0          0          0          0
  cloud            :       0.00       0.00          0          0          0          0          0          0          0          0
  distribution     :       0.00       0.00          0          0          0          0          0          0          0          0
  fullstrong       :       0.00       0.00          0          0          0          0          0          0          0          0
  inference        :       0.00       0.00          0          0          0          0          0          0          0          0
  leastinf         :       0.00       0.00          0          0          0          0          0          0          0          0
  lookahead        :       0.00       0.00          0          0          0          0          0          0          0          0
  mostinf          :       0.00       0.00          0          0          0          0          0          0          0          0
  multaggr         :       0.00       0.00          0          0          0          0          0          0          0          0
  nodereopt        :       0.00       0.00          0          0          0          0          0          0          0          0
  pscost           :       0.00       0.00          0          0          0          0          0          0          0          0
  random           :       0.00       0.00          0          0          0          0          0          0          0          0
  relpscost        :      55.41       0.00      70823          0          0          0       5986          0       2588     137598
  vanillafullstrong:       0.00       0.00          0          0          0          0          0          0          0          0
Primal Heuristics  :   ExecTime  SetupTime      Calls      Found       Best
  LP solutions     :       0.00          -          -          3          3
  relax solutions  :       0.00          -          -          0          0
  pseudo solutions :       0.00          -          -          0          0
  strong branching :       0.04          -          -          0          0
  actconsdiving    :       0.00       0.00          0          0          0
  adaptivediving   :       2.64       0.00         44          0          0
  alns             :       3.21       0.00         22          4          4
  bound            :       0.00       0.00          0          0          0
  clique           :       0.01       0.00          1          0          0
  coefdiving       :       0.00       0.00          0          0          0
  completesol      :       0.00       0.00          0          0          0
  conflictdiving   :      30.87       0.00        436          0          0
  crossover        :       0.56       0.00          8          1          1
  dins             :       0.00       0.00          0          0          0
  distributiondivin:      54.81       0.00        436          0          0
  dps              :       0.00       0.00          0          0          0
  dualval          :       0.00       0.00          0          0          0
  farkasdiving     :       0.00       0.00          0          0          0
  feaspump         :       0.00       0.00          0          0          0
  fixandinfer      :       0.00       0.00          0          0          0
  fracdiving       :      36.37       0.00        436          0          0
  gins             :       0.08       0.00          0          0          0
  guideddiving     :      28.71       0.00        436          0          0
  indicator        :       0.04       0.00          0          0          0
  indicatordiving  :       0.00       0.00          0          0          0
  intdiving        :       0.00       0.00          0          0          0
  intshifting      :       0.17       0.00         40          0          0
  linesearchdiving :      29.97       0.00        436          0          0
  localbranching   :       0.00       0.00          0          0          0
  locks            :       0.01       0.00          1          0          0
  lpface           :       0.09       0.00          0          0          0
  mpec             :     205.53       0.00         11          0          0
  multistart       :       0.00       0.00          0          0          0
  mutation         :       0.00       0.00          0          0          0
  nlpdiving        :      17.71       0.00          9          0          0
  objpscostdiving  :      21.80       0.00         42          0          0
  octane           :       0.00       0.00          0          0          0
  ofins            :       0.11       0.00          0          0          0
  oneopt           :       0.13       0.00         21          0          0
  padm             :       0.00       0.00          0          0          0
  proximity        :       0.00       0.00          0          0          0
  pscostdiving     :      35.38       0.00        436          1          1
  randrounding     :       0.37       0.00       1321          0          0
  rens             :       0.00       0.00          0          0          0
  reoptsols        :       0.00       0.00          0          0          0
  repair           :       0.00       0.00          0          0          0
  rins             :       2.55       0.00          5          1          1
  rootsoldiving    :      27.77       0.00         48          0          0
  rounding         :       0.80       0.00       3864          0          0
  shiftandpropagate:       0.00       0.00          0          0          0
  shifting         :      36.88       0.00      14084         10          9
  simplerounding   :       0.11       0.00          0          0          0
  subnlp           :      98.89       0.00          0          0          0
  trivial          :       0.01       0.00          2          2          2
  trivialnegation  :       0.00       0.00          0          0          0
  trustregion      :       0.00       0.00          0          0          0
  trysol           :       0.09       0.00          0          0          0
  twoopt           :       0.00       0.00          0          0          0
  undercover       :       1.59       0.00          1          1          1
  vbounds          :       0.00       0.00          0          0          0
  veclendiving     :      26.60       0.00        436          0          0
  zeroobj          :       0.00       0.00          0          0          0
  zirounding       :       0.30       0.00       1000          0          0
  other solutions  :          -          -          -          0          -
Diving (single)    :      Calls      Nodes   LP Iters Backtracks  Conflicts   MinDepth   MaxDepth   AvgDepth  RoundSols  NLeafSols  MinSolDpt  MaxSolDpt  AvgSolDpt
  actconsdiving    :          0          -          -          -          -          -          -          -          -          -          -          -          -
  coefdiving       :          0          -          -          -          -          -          -          -          -          -          -          -          -
  conflictdiving   :        436      13945     347537        473      12818         36         62       49.8          0          -          -          -          -
  distributiondivin:        436       9750     464978        516       6689         34         51       39.8          0          -          -          -          -
  farkasdiving     :          0          -          -          -          -          -          -          -          -          -          -          -          -
  fracdiving       :        436      52084     415984        455       3982         45        413      137.1          0          -          -          -          -
  guideddiving     :        436      41794     342886        251       3946         46        333      113.9          0          -          -          -          -
  indicatordiving  :          0          -          -          -          -          -          -          -          -          -          -          -          -
  linesearchdiving :        436      12570     371520        516      17032         33         73       46.2          0          -          -          -          -
  pscostdiving     :        436      13595     440140        446      10962         38         59       48.6          0          1         58         58       58.0
  veclendiving     :        436      11690     325286        462      20495         37         59       44.3          0          -          -          -          -
Diving (adaptive)  :      Calls      Nodes   LP Iters Backtracks  Conflicts   MinDepth   MaxDepth   AvgDepth  RoundSols  NLeafSols  MinSolDpt  MaxSolDpt  AvgSolDpt
  actconsdiving    :         10        217       7892          8        138         37         54       43.4          0          -          -          -          -
  coefdiving       :         16        421      11544         16        657         34         59       43.5          0          -          -          -          -
  conflictdiving   :          0          -          -          -          -          -          -          -          -          -          -          -          -
  distributiondivin:          0          -          -          -          -          -          -          -          -          -          -          -          -
  farkasdiving     :          0          -          -          -          -          -          -          -          -          -          -          -          -
  fracdiving       :          2        257       1714          2         18         98        191      144.5          0          -          -          -          -
  guideddiving     :          5        452       4508          4         94         60        172      107.6          0          -          -          -          -
  indicatordiving  :          0          -          -          -          -          -          -          -          -          -          -          -          -
  linesearchdiving :          1         42       1173          1         35         56         56       56.0          0          -          -          -          -
  pscostdiving     :          4        123       3440          4         82         45         55       50.2          0          -          -          -          -
  veclendiving     :          6        148       3515          7        192         39         56       47.3          0          -          -          -          -
Neighborhoods      :      Calls  SetupTime  SolveTime SolveNodes       Sols       Best       Exp3  EpsGreedy        UCB TgtFixRate  Opt  Inf Node Stal  Sol  Usr Othr Actv
  rens             :          3       0.25       0.10          3          0          0    0.00000   -1.00000    0.53748      0.437    0    3    0    0    0    0    0    1
  rins             :          2       0.06       0.07         67          0          0    0.00000   -1.00000    0.46491      0.850    0    1    0    1    0    0    0    1
  mutation         :          2       0.13       0.03          3          0          0    0.00000   -1.00000    0.54661      0.550    0    2    0    0    0    0    0    1
  localbranching   :          2       0.14       0.03         27          0          0    0.00000   -1.00000    0.51742      0.550    0    2    0    0    0    0    0    1
  crossover        :          2       0.07       0.02          1          0          0    0.00000   -1.00000    0.54881      0.550    0    2    0    0    0    0    0    1
  proximity        :          2       0.15       0.12         95          0          0    0.00000   -1.00000    0.43587      0.850    0    1    0    1    0    0    0    1
  zeroobjective    :          7       0.23       1.54        742          4          4    0.00000   -1.00000    0.53571      0.573    4    0    0    3    0    0    0    1
  dins             :          2       0.07       0.03         25          0          0    0.00000   -1.00000    0.51830      0.550    0    2    0    0    0    0    0    1
  trustregion      :          0       0.00       0.00          0          0          0    0.00000   -1.00000    1.00000      0.900    0    0    0    0    0    0    0    0
Expressions        :   #IntEval  IntEvalTi   #RevProp  RevPropTi    DomReds    Cutoffs  #Estimate  EstimTime  Branching  #Simplify SimplifyTi Simplified
  pow              :          0       0.00          0       0.00          0          0          0       0.00          0          0       0.00          0
  prod             :       6320       0.01          0       0.00          0          0          0       0.00          0       4690       0.01          0
  sum              :          8       0.00          2       0.00          0          0          0       0.00          0          3       0.02          2
  var              :       5485       0.00          0       0.00          0          0          0       0.00          0      11154       0.01          0
  varidx           :          0       0.00          0       0.00          0          0          0       0.00          0          0       0.00          0
LP                 :       Time      Calls Iterations  Iter/call   Iter/sec  Time-0-It Calls-0-It    ItLimit
  primal LP        :     129.30      11909          0       0.00       0.00     129.22      11909
  dual LP          :    2525.96     142915   14523964     110.30    5749.88       4.55      11242
  lex dual LP      :       0.00          0          0       0.00          -
  barrier LP       :       0.00          0          0       0.00          -       0.00          0
  resolve instable :       0.00          0          0       0.00          -
  diving/probing LP:     245.92      11784    3100310     263.09   12606.99
  strong branching :      28.41       3767     333650      88.57   11744.10          -          -         54
    (at root node) :          -         19       4206     221.37          -
  conflict analysis:       5.78       4019      39893       9.93    6901.90
NLP relaxation     :
  solve time       :      17.71 (9 calls)
  convexity        :  nonconvex (4 linear rows, 0 convex ineq., 0 nonconvex ineq., 1530 nonlinear eq. or two-sided ineq.)
NLP Solvers        :  #Problems  ProblemTi    #Solves  SolveTime      #Iter  Time/Iter      #Okay #TimeLimit #IterLimit #LObjLimit #Interrupt  #NumError #EvalError  #OutOfMem #LicenseEr #OtherTerm   #GlobOpt    #LocOpt  #Feasible #LocInfeas #GlobInfea #Unbounded   #Unknown
  ipopt            :         12       4.78         41     223.63       2184       0.10         41          0          0          0          0          0          0          0          0          0          0          0          0         32          0          0          9
B&B Tree           :
  number of runs   :          1
  nodes            :     118320 (68799 internal, 49521 leaves)
  feasible leaves  :          3
  infeas. leaves   :         22
  objective leaves :      49495
  nodes (total)    :     118320 (68799 internal, 49521 leaves)
  nodes left       :      19243
  max depth        :         57
  max depth (total):         57
  backtracks       :      26270 (22.2%)
  early backtracks :          0 (0.0%)
  nodes exc. ref.  :          0 (0.0%)
  delayed cutoffs  :          0
  repropagations   :         46 (222 domain reductions, 0 cutoffs)
  avg switch length:       4.75
  switching time   :     152.61
Estim. Tree Size   :     236712
Estimation Tree    : 137599 nodes (118356 visited, 68799 internal, 49557 leaves, 19243 open), weight: 0.0000 completed 0.1869
Estimations        :      estim      value      trend resolution     smooth
  wbe              : 13869998647          -          -          -          -
  tree-profile     :         -1          -          -          -          -
  gap              :    1141578    0.78078    0.00003         64    1150852
  tree-weight      :     236712    0.00001    0.00000         64     236512
  leaf-frequency   :     968027    0.41871    0.00001         64     882081
  ssg              :    2938441    0.70483   -0.00003         64    2998113
  open-nodes       :     236712 19243.00000    7.25370         64     236512
Root Node          :
  First LP value   : -1.00000000000000e+00
  First LP Iters   :       1031 (14728.57 Iter/sec)
  First LP Time    :       0.07
  Final Dual Bound : -9.24525316455699e-01
  Final Root Iters :       2371
  Root LP Estimate : -4.57217422329302e-01
Solution           :
  Solutions found  :         23 (22 improvements)
  First Solution   : +1.00000000000000e+05   (in run 1, after 0 nodes, 0.04 seconds, depth 0, found by <trivial>)
  Gap First Sol.   :   infinite
  Gap Last Sol.    :      35.94 %
  Primal Bound     : -5.75698698022151e-01   (in run 1, after 35667 nodes, 1021.97 seconds, depth 20, found by <alns>)
  Dual Bound       : -7.37341772151900e-01
  Gap              :      28.08 %
Integrals          :      Total       Avg%
  primal-dual      :   92233.41      25.62
  primal-ref       :          -          - (not evaluated)
  dual-ref         :          -          - (not evaluated)
