SCIP Status        : solving was interrupted [time limit reached]
Total Time         :    3600.00
  solving          :    3600.00
  presolving       :       0.39 (included in solving)
  reading          :       0.00
  copying          :       1.51 (39 #copies) (minimal 0.00, maximal 0.07, average 0.04)
Original Problem   :
  Problem name     : bbbenchmark/g05_80.1.cut
  Variables        : 81 (80 binary, 0 integer, 0 implicit integer, 1 continuous)
  Constraints      : 1 initial, 1 maximal
  Objective        : minimize, 1 non-zeros (abs.min = 1, abs.max = 1)
Presolved Problem  :
  Problem name     : t_bbbenchmark/g05_80.1.cut
  Variables        : 1611 (80 binary, 0 integer, 1529 implicit integer, 2 continuous)
  Constraints      : 1533 initial, 7288 maximal
  Objective        : minimize, 1 non-zeros (abs.min = 1, abs.max = 1)
  Nonzeros         : 6305 constraint, 162 clique table
Presolvers         :   ExecTime  SetupTime  Calls  FixedVars   AggrVars   ChgTypes  ChgBounds   AddHoles    DelCons    AddCons   ChgSides   ChgCoefs
  boundshift       :       0.00       0.00      0          0          0          0          0          0          0          0          0          0
  convertinttobin  :       0.00       0.00      0          0          0          0          0          0          0          0          0          0
  domcol           :       0.00       0.00      1          0          0          0          0          0          0          0          0          0
  dualagg          :       0.00       0.00      0          0          0          0          0          0          0          0          0          0
  dualcomp         :       0.00       0.00      1          0          0          0          0          0          0          0          0          0
  dualinfer        :       0.00       0.00      0          0          0          0          0          0          0          0          0          0
  dualsparsify     :       0.00       0.00      1          0          0          0          0          0          0          0          0          0
  gateextraction   :       0.00       0.00      0          0          0          0          0          0          0          0          0          0
  implics          :       0.00       0.00      2          0          0          0          0          0          0          0          0          0
  inttobinary      :       0.00       0.00      0          0          0          0          0          0          0          0          0          0
  qpkktref         :       0.00       0.00      0          0          0          0          0          0          0          0          0          0
  redvub           :       0.00       0.00      0          0          0          0          0          0          0          0          0          0
  sparsify         :       0.00       0.00      1          0          0          0          0          0          0          0          0          0
  stuffing         :       0.00       0.00      0          0          0          0          0          0          0          0          0          0
  trivial          :       0.00       0.00      4          0          0          0          0          0          0          0          0          0
  tworowbnd        :       0.00       0.00      0          0          0          0          0          0          0          0          0          0
  dualfix          :       0.00       0.00      4          0          0          0          0          0          0          0          0          0
  genvbounds       :       0.00       0.00      0          0          0          0          0          0          0          0          0          0
  probing          :       0.24       0.00      1          0          0          0          0          0          0          0          0          0
  pseudoobj        :       0.00       0.00      1          0          0          0          1          0          0          0          0          0
  symmetry         :       0.00       0.00      0          0          0          0          0          0          0          0          0          0
  vbounds          :       0.00       0.00      1          0          0          0          0          0          0          0          0          0
  varbound         :       0.00       0.00      2          0          0          0          0          0          0          0          0          0
  and              :       0.01       0.01      2          0          0          0          0          0          0          0          0          0
  linear           :       0.00       0.00      2          0          0          0          0          0          0          0          0          0
  logicor          :       0.00       0.00      0          0          0          0          0          0          0          0          0          0
  bounddisjunction :       0.00       0.00      0          0          0          0          0          0          0          0          0          0
  nonlinear        :       0.13       0.00      5          0          0          0          1          0          0       1532          0          0
  benders          :       0.00       0.00      0          0          0          0          0          0          0          0          0          0
  components       :       0.00       0.00      1          0          0          0          0          0          0          0          0          0
  root node        :          -          -      -          0          -          -         29          -          -          -          -          -
Constraints        :     Number  MaxNumber  #Separate #Propagate    #EnfoLP    #EnfoRelax  #EnfoPS    #Check   #ResProp    Cutoffs    DomReds       Cuts    Applied      Conss   Children
  benderslp        :          0          0          0          0      85298          0          0       2909          0          0          0          0          0          0          0
  integral         :          0          0          0          0      85298          0          0       2909          0          0       3709          0          0       2023     167294
  varbound         :          1          1         88     196786          0          0          0         36          0          0        731          0          0          0          0
  and              :       1529       1529      93771     644874          6          0          0         36     219672          2    2869590        640        594          0          0
  linear           :          3+         4         88     644875          6          0          0         34        495          2      25786          0          0          0          0
  logicor          :          0+      5488          0     164174          0          0          0          0        231        567         84          0          0          0          0
  bounddisjunction :          0+       424          0      55863          0          0          0          0          0         38          0          0          0          0          0
  benders          :          0          0          0          0          6          0          0         32          0          0          0          0          0          0          0
  countsols        :          0          0          0          0          6          0          0         32          0          0          0          0          0          0          0
  components       :          0          0          0          0          0          0          0          0          0          0          0          0          0          0          0
Constraint Timings :  TotalTime  SetupTime   Separate  Propagate     EnfoLP     EnfoPS     EnfoRelax   Check    ResProp    SB-Prop
  benderslp        :       0.11       0.00       0.00       0.00       0.11       0.00       0.00       0.00       0.00       0.00
  integral         :      49.49       0.00       0.00       0.00      49.49       0.00       0.00       0.00       0.00       0.00
  varbound         :       0.14       0.00       0.00       0.13       0.00       0.00       0.00       0.00       0.00       0.01
  and              :      72.52       0.01      45.09      26.80       0.00       0.00       0.00       0.00       0.20       0.42
  linear           :       0.74       0.00       0.03       0.70       0.00       0.00       0.00       0.00       0.00       0.01
  logicor          :      10.07       0.00       0.00      10.06       0.00       0.00       0.00       0.00       0.00       0.01
  bounddisjunction :       0.87       0.00       0.00       0.87       0.00       0.00       0.00       0.00       0.00       0.00
  benders          :       0.00       0.00       0.00       0.00       0.00       0.00       0.00       0.00       0.00       0.00
  countsols        :       0.00       0.00       0.00       0.00       0.00       0.00       0.00       0.00       0.00       0.00
  components       :       0.20       0.00       0.00       0.20       0.00       0.00       0.00       0.00       0.00       0.00
Propagators        : #Propagate   #ResProp    Cutoffs    DomReds
  dualfix          :          4          0          0          0
  genvbounds       :          0          0          0          0
  nlobbt           :          0          0          0          0
  obbt             :          0          0          0          0
  probing          :          0          0          0          0
  pseudoobj        :     403434          0          0         29
  redcost          :     198462          0          0     165520
  rootredcost      :         14          0          0          0
  symmetry         :          0          0          0          0
  vbounds          :      48114          0          0          0
Propagator Timings :  TotalTime  SetupTime   Presolve  Propagate    ResProp    SB-Prop
  dualfix          :       0.00       0.00       0.00       0.00       0.00       0.00
  genvbounds       :       0.39       0.00       0.00       0.37       0.00       0.02
  nlobbt           :       0.00       0.00       0.00       0.00       0.00       0.00
  obbt             :       0.00       0.00       0.00       0.00       0.00       0.00
  probing          :       0.24       0.00       0.24       0.00       0.00       0.00
  pseudoobj        :       0.73       0.00       0.00       0.73       0.00       0.00
  redcost          :      10.00       0.00       0.00      10.00       0.00       0.00
  rootredcost      :       0.48       0.00       0.00       0.48       0.00       0.00
  symmetry         :       0.24       0.00       0.00       0.24       0.00       0.00
  vbounds          :       0.41       0.00       0.00       0.41       0.00       0.00
Conflict Analysis  :       Time      Calls    Success    DomReds  Conflicts   Literals    Reconvs ReconvLits   Dualrays   Nonzeros   LP Iters   (pool size: [10000,10000])
  propagation      :       0.00        607        509          -        614       44.0          0        0.0          -          -          -
  infeasible LP    :       0.00          0          0          -          0        0.0          0        0.0          8       71.1          0
  bound exceed. LP :      14.49      10465       6776          -      74608       66.6          1       34.0          0        0.0      36275
  strong branching :       0.00          0          0          -          0        0.0          0        0.0          -          -          0
  pseudo solution  :       0.00          0          0          -          0        0.0          0        0.0          -          -          -
  applied globally :       0.25          -          -          0      23783       70.6          -          -          8          -          -
  applied locally  :          -          -          -          0          0        0.0          -          -          0          -          -
Separators         :   ExecTime  SetupTime      Calls  RootCalls    Cutoffs    DomReds  FoundCuts ViaPoolAdd  DirectAdd    Applied ViaPoolApp  DirectApp      Conss
  cut pool         :       2.36          -      23500        112          -          -      33847     455009          -          -          -          -          -    (maximal pool size:       2329)
  aggregation      :       7.74       0.00       3990         88          0          0         39        263          0        116        116          0          0
  > cmir           :          -          -          -          -          -          -          -        263          0        116        116          0          -
  > flowcover      :          -          -          -          -          -          -          -          0          0          0          0          0          -
  > knapsackcover  :          -          -          -          -          -          -          -          0          0          0          0          0          -
  cgmip            :       0.00       0.00          0          0          0          0          0          0          0          0          0          0          0
  clique           :       0.00       0.00         88         88          0          0          0          0          0          0          0          0          0
  closecuts        :       0.00       0.00          0          0          0          0          0          0          0          0          0          0          0
  convexproj       :       0.00       0.00          0          0          0          0          0          0          0          0          0          0          0
  disjunctive      :       0.00       0.00          0          0          0          0          0          0          0          0          0          0          0
  eccuts           :       0.00       0.00          0          0          0          0          0          0          0          0          0          0          0
  gauge            :       0.00       0.00          0          0          0          0          0          0          0          0          0          0          0
  gomory           :       0.00       0.00          0          0          0          0          0          0          0          0          0          0          0
  > gomorymi       :          -          -          -          -          -          -          -          0          0          0          0          0          -
  > strongcg       :          -          -          -          -          -          -          -          0          0          0          0          0          -
  impliedbounds    :       0.10       0.00       3990         88          0          0          1          0          0          0          0          0          0
  interlattice     :       0.30       0.00         60         60          0          0         60          0         60         60          0         60          0
  interminor       :       0.00       0.00          0          0          0          0          0          0          0          0          0          0          0
  intersub         :       0.00       0.00          0          0          0          0          0          0          0          0          0          0          0
  intobj           :       0.00       0.00          0          0          0          0          0          0          0          0          0          0          0
  mcf              :       0.00       0.00          1          1          0          0          0          0          0          0          0          0          0
  minor            :       0.02       0.00          0          0          0          0          0          0          0          0          0          0          0
  mixing           :       0.00       0.00       3996         88          0          0          0          0          0          0          0          0          0
  oddcycle         :       0.00       0.00          0          0          0          0          0          0          0          0          0          0          0
  rapidlearning    :       0.00       0.00          0          0          0          0          0          0          0          0          0          0          0
  rlt              :       0.00       0.00         10         10          0          0          0          0          0          0          0          0          0
  zerohalf         :      19.95       0.00       3647         20          0          0      33807     454746          0      95664      95664          0          0
Cutselectors       :   ExecTime  SetupTime      Calls  RootCalls   Selected     Forced   Filtered  RootSelec   RootForc   RootFilt 
  hybrid           :       0.34       0.00      10613         86      96434          0     359275        255          0          3
Pricers            :   ExecTime  SetupTime      Calls       Vars
  problem variables:       0.00          -          0          0
Branching Rules    :   ExecTime  SetupTime   BranchLP  BranchExt   BranchPS    Cutoffs    DomReds       Cuts      Conss   Children
  allfullstrong    :       0.00       0.00          0          0          0          0          0          0          0          0
  cloud            :       0.00       0.00          0          0          0          0          0          0          0          0
  distribution     :       0.00       0.00          0          0          0          0          0          0          0          0
  fullstrong       :       0.00       0.00          0          0          0          0          0          0          0          0
  inference        :       0.00       0.00          0          0          0          0          0          0          0          0
  leastinf         :       0.00       0.00          0          0          0          0          0          0          0          0
  lookahead        :       0.00       0.00          0          0          0          0          0          0          0          0
  mostinf          :       0.00       0.00          0          0          0          0          0          0          0          0
  multaggr         :       0.00       0.00          0          0          0          0          0          0          0          0
  nodereopt        :       0.00       0.00          0          0          0          0          0          0          0          0
  pscost           :       0.00       0.00          0          0          0          0          0          0          0          0
  random           :       0.00       0.00          0          0          0          0          0          0          0          0
  relpscost        :      49.16       0.00      85292          0          0          0       3709          0       2026     167294
  vanillafullstrong:       0.00       0.00          0          0          0          0          0          0          0          0
Primal Heuristics  :   ExecTime  SetupTime      Calls      Found       Best
  LP solutions     :       0.00          -          -          6          6
  relax solutions  :       0.00          -          -          0          0
  pseudo solutions :       0.00          -          -          0          0
  strong branching :       0.01          -          -          0          0
  actconsdiving    :       0.00       0.00          0          0          0
  adaptivediving   :       9.47       0.00        147          1          1
  alns             :       6.22       0.00         37         14         12
  bound            :       0.00       0.00          0          0          0
  clique           :       0.01       0.00          1          0          0
  coefdiving       :       0.00       0.00          0          0          0
  completesol      :       0.00       0.00          0          0          0
  conflictdiving   :      38.87       0.00        572          0          0
  crossover        :       0.20       0.00          1          0          0
  dins             :       0.00       0.00          0          0          0
  distributiondivin:      63.86       0.00        572          0          0
  dps              :       0.00       0.00          0          0          0
  dualval          :       0.00       0.00          0          0          0
  farkasdiving     :       0.00       0.00          0          0          0
  feaspump         :       0.21       0.00          1          1          1
  fixandinfer      :       0.00       0.00          0          0          0
  fracdiving       :      40.33       0.00        572          0          0
  gins             :       0.09       0.00          0          0          0
  guideddiving     :      38.79       0.00        572          0          0
  indicator        :       0.06       0.00          0          0          0
  indicatordiving  :       0.00       0.00          0          0          0
  intdiving        :       0.00       0.00          0          0          0
  intshifting      :       0.19       0.00         48          0          0
  linesearchdiving :      39.92       0.00        572          0          0
  localbranching   :       0.00       0.00          0          0          0
  locks            :       0.01       0.00          1          0          0
  lpface           :       0.04       0.00          0          0          0
  mpec             :       5.48       0.00          1          0          0
  multistart       :       0.00       0.00          0          0          0
  mutation         :       0.00       0.00          0          0          0
  nlpdiving        :      11.32       0.00          4          0          0
  objpscostdiving  :      31.04       0.00         57          2          0
  octane           :       0.00       0.00          0          0          0
  ofins            :       0.07       0.00          0          0          0
  oneopt           :       0.21       0.00         23          0          0
  padm             :       0.00       0.00          0          0          0
  proximity        :       0.00       0.00          0          0          0
  pscostdiving     :      45.29       0.00        572          0          0
  randrounding     :       0.38       0.00       2873          0          0
  rens             :       0.00       0.00          0          0          0
  reoptsols        :       0.00       0.00          0          0          0
  repair           :       0.00       0.00          0          0          0
  rins             :       3.06       0.00          1          0          0
  rootsoldiving    :      38.40       0.00         62          1          0
  rounding         :       0.90       0.00       4258          0          0
  shiftandpropagate:       0.00       0.00          0          0          0
  shifting         :      46.16       0.00      14720          8          8
  simplerounding   :       0.12       0.00          0          0          0
  subnlp           :     126.71       0.00          0          0          0
  trivial          :       0.01       0.00          2          2          2
  trivialnegation  :       0.00       0.00          0          0          0
  trustregion      :       0.00       0.00          0          0          0
  trysol           :       0.19       0.00          0          0          0
  twoopt           :       0.00       0.00          0          0          0
  undercover       :       1.32       0.00          1          0          0
  vbounds          :       0.00       0.00          0          0          0
  veclendiving     :      39.26       0.00        572          0          0
  zeroobj          :       0.00       0.00          0          0          0
  zirounding       :       0.28       0.00       1000          0          0
  other solutions  :          -          -          -          0          -
Diving (single)    :      Calls      Nodes   LP Iters Backtracks  Conflicts   MinDepth   MaxDepth   AvgDepth  RoundSols  NLeafSols  MinSolDpt  MaxSolDpt  AvgSolDpt
  actconsdiving    :          0          -          -          -          -          -          -          -          -          -          -          -          -
  coefdiving       :          0          -          -          -          -          -          -          -          -          -          -          -          -
  conflictdiving   :        572      17770     464222        621      13542         34         66       47.7          0          -          -          -          -
  distributiondivin:        572      13553     556731        607       5525         32         54       40.6          0          -          -          -          -
  farkasdiving     :          0          -          -          -          -          -          -          -          -          -          -          -          -
  fracdiving       :        572      50145     463011        566       6384         41        353      104.6          0          -          -          -          -
  guideddiving     :        572      46513     448496        427       5282         41        271       98.8          0          -          -          -          -
  indicatordiving  :          0          -          -          -          -          -          -          -          -          -          -          -          -
  linesearchdiving :        572      16400     518200        650      12006         31         73       45.3          0          -          -          -          -
  pscostdiving     :        572      15988     553991        592       7700         36         57       45.0          0          -          -          -          -
  veclendiving     :        572      17203     511814        662      15657         37         65       46.8          0          -          -          -          -
Diving (adaptive)  :      Calls      Nodes   LP Iters Backtracks  Conflicts   MinDepth   MaxDepth   AvgDepth  RoundSols  NLeafSols  MinSolDpt  MaxSolDpt  AvgSolDpt
  actconsdiving    :         24        598      21517         19        229         35         48       41.3          0          1         48         48       48.0
  coefdiving       :         42       1237      31266         42       1212         36         65       45.9          0          -          -          -          -
  conflictdiving   :          0          -          -          -          -          -          -          -          -          -          -          -          -
  distributiondivin:          0          -          -          -          -          -          -          -          -          -          -          -          -
  farkasdiving     :          0          -          -          -          -          -          -          -          -          -          -          -          -
  fracdiving       :         11       1128       8965         15         98         48        261      118.9          0          -          -          -          -
  guideddiving     :         14       1223      10660          6         94         56        270      104.6          0          -          -          -          -
  indicatordiving  :          0          -          -          -          -          -          -          -          -          -          -          -          -
  linesearchdiving :         11        320      10519         12        371         38         57       45.3          0          -          -          -          -
  pscostdiving     :         12        363      13215         12        194         44         50       45.1          0          -          -          -          -
  veclendiving     :         33       1044      29940         36       1139         35         65       47.6          0          -          -          -          -
Neighborhoods      :      Calls  SetupTime  SolveTime SolveNodes       Sols       Best       Exp3  EpsGreedy        UCB TgtFixRate  Opt  Inf Node Stal  Sol  Usr Othr Actv
  rens             :          4       0.20       0.36         86          0          0    0.00000   -1.00000    0.46067      0.522    0    3    0    1    0    0    0    1
  rins             :          9       0.65       1.17        814          7          7    0.00000   -1.00000    0.49990      0.607    1    3    0    3    2    0    0    1
  mutation         :          3       0.10       0.13         73          0          0    0.00000   -1.00000    0.46150      0.662    0    2    0    1    0    0    0    1
  localbranching   :          3       0.15       0.43        199          0          0    0.00000   -1.00000    0.36720      0.662    0    2    0    1    0    0    0    1
  crossover        :          3       0.17       0.53         76          0          0    0.00000   -1.00000    0.45400      0.662    0    2    0    1    0    0    0    1
  proximity        :          5       0.36       0.45        309          3          1    0.00000   -1.00000    0.47134      0.716    0    2    0    2    1    0    0    1
  zeroobjective    :          5       0.30       0.49        235          1          1    0.00000   -1.00000    0.47347      0.641    1    2    0    2    0    0    0    1
  dins             :          5       0.21       0.27        178          3          3    0.00000   -1.00000    0.50214      0.726    2    0    0    2    0    0    1    1
  trustregion      :          0       0.00       0.00          0          0          0    0.00000   -1.00000    1.00000      0.900    0    0    0    0    0    0    0    0
Expressions        :   #IntEval  IntEvalTi   #RevProp  RevPropTi    DomReds    Cutoffs  #Estimate  EstimTime  Branching  #Simplify SimplifyTi Simplified
  pow              :          0       0.00          0       0.00          0          0          0       0.00          0          0       0.00          0
  prod             :       6320       0.00          0       0.00          0          0          0       0.00          0       4689       0.00          0
  sum              :          8       0.00          2       0.00          0          0          0       0.00          0          3       0.05          2
  var              :       5482       0.00          0       0.00          0          0          0       0.00          0      11151       0.00          0
  varidx           :          0       0.00          0       0.00          0          0          0       0.00          0          0       0.00          0
LP                 :       Time      Calls Iterations  Iter/call   Iter/sec  Time-0-It Calls-0-It    ItLimit
  primal LP        :     119.21      12506          0       0.00       0.00     119.13      12506
  dual LP          :    2580.24     175039   15274201      96.81    5919.68       6.98      17270
  lex dual LP      :       0.00          0          0       0.00          -
  barrier LP       :       0.00          0          0       0.00          -       0.00          0
  resolve instable :       0.00          0          0       0.00          -
  diving/probing LP:     324.75      15387    4092899     266.00   12603.23
  strong branching :      21.34       2886     252665      87.55   11839.97          -          -         22
    (at root node) :          -         19       3745     197.11          -
  conflict analysis:       4.94       3728      36275       9.73    7343.12
NLP relaxation     :
  solve time       :      10.60 (8 calls)
  convexity        :  nonconvex (4 linear rows, 0 convex ineq., 0 nonconvex ineq., 1529 nonlinear eq. or two-sided ineq.)
NLP Solvers        :  #Problems  ProblemTi    #Solves  SolveTime      #Iter  Time/Iter      #Okay #TimeLimit #IterLimit #LObjLimit #Interrupt  #NumError #EvalError  #OutOfMem #LicenseEr #OtherTerm   #GlobOpt    #LocOpt  #Feasible #LocInfeas #GlobInfea #Unbounded   #Unknown
  ipopt            :          2       5.86         10      16.41        368       0.04          8          0          2          0          0          0          0          0          0          0          0          2          1          2          0          0          5
B&B Tree           :
  number of runs   :          1
  nodes            :     145518 (83647 internal, 61871 leaves)
  feasible leaves  :          6
  infeas. leaves   :          7
  objective leaves :      61857
  nodes (total)    :     145518 (83647 internal, 61871 leaves)
  nodes left       :      21732
  max depth        :         47
  max depth (total):         47
  backtracks       :      30692 (21.1%)
  early backtracks :          0 (0.0%)
  nodes exc. ref.  :          0 (0.0%)
  delayed cutoffs  :          0
  repropagations   :         62 (199 domain reductions, 0 cutoffs)
  avg switch length:       4.50
  switching time   :     148.37
Estim. Tree Size   :     291126
Estimation Tree    : 167295 nodes (145563 visited, 83647 internal, 61916 leaves, 21732 open), weight: 0.0000 completed 0.1697
Estimations        :      estim      value      trend resolution     smooth
  wbe              : 6315004202          -          -          -          -
  tree-profile     :         -1          -          -          -          -
  gap              :     962764    0.80278    0.00003         64     988046
  tree-weight      :     291126    0.00002    0.00000         64     290888
  leaf-frequency   :     291126    0.42535   -0.00001         64     290925
  ssg              :    4631944    0.73209   -0.00002         64    4621783
  open-nodes       :     291126 21732.00000   16.95861         64     290888
Root Node          :
  First LP value   : -1.00000000000000e+00
  First LP Iters   :       1054 (13175.00 Iter/sec)
  First LP Time    :       0.08
  Final Dual Bound : -9.24765295358652e-01
  Final Root Iters :       2579
  Root LP Estimate : -5.09844461410730e-01
Solution           :
  Solutions found  :         35 (30 improvements)
  First Solution   : +1.00000000000000e+05   (in run 1, after 0 nodes, 0.03 seconds, depth 0, found by <trivial>)
  Gap First Sol.   :   infinite
  Gap Last Sol.    :      25.21 %
  Primal Bound     : -5.84177215189873e-01   (in run 1, after 126149 nodes, 3042.41 seconds, depth 20, found by <alns>)
  Dual Bound       : -7.27689873417722e-01
  Gap              :      24.57 %
Integrals          :      Total       Avg%
  primal-dual      :   82158.60      22.82
  primal-ref       :          -          - (not evaluated)
  dual-ref         :          -          - (not evaluated)
