SCIP Status        : solving was interrupted [time limit reached]
Total Time         :    3600.00
  solving          :    3600.00
  presolving       :       0.37 (included in solving)
  reading          :       0.00
  copying          :       0.98 (31 #copies) (minimal 0.00, maximal 0.07, average 0.03)
Original Problem   :
  Problem name     : bbbenchmark/g05_80.2.cut
  Variables        : 81 (80 binary, 0 integer, 0 implicit integer, 1 continuous)
  Constraints      : 1 initial, 1 maximal
  Objective        : minimize, 1 non-zeros (abs.min = 1, abs.max = 1)
Presolved Problem  :
  Problem name     : t_bbbenchmark/g05_80.2.cut
  Variables        : 1612 (80 binary, 0 integer, 1530 implicit integer, 2 continuous)
  Constraints      : 1534 initial, 7244 maximal
  Objective        : minimize, 1 non-zeros (abs.min = 1, abs.max = 1)
  Nonzeros         : 6307 constraint, 162 clique table
Presolvers         :   ExecTime  SetupTime  Calls  FixedVars   AggrVars   ChgTypes  ChgBounds   AddHoles    DelCons    AddCons   ChgSides   ChgCoefs
  boundshift       :       0.00       0.00      0          0          0          0          0          0          0          0          0          0
  convertinttobin  :       0.00       0.00      0          0          0          0          0          0          0          0          0          0
  domcol           :       0.00       0.00      1          0          0          0          0          0          0          0          0          0
  dualagg          :       0.00       0.00      0          0          0          0          0          0          0          0          0          0
  dualcomp         :       0.00       0.00      1          0          0          0          0          0          0          0          0          0
  dualinfer        :       0.00       0.00      0          0          0          0          0          0          0          0          0          0
  dualsparsify     :       0.00       0.00      1          0          0          0          0          0          0          0          0          0
  gateextraction   :       0.00       0.00      0          0          0          0          0          0          0          0          0          0
  implics          :       0.00       0.00      2          0          0          0          0          0          0          0          0          0
  inttobinary      :       0.00       0.00      0          0          0          0          0          0          0          0          0          0
  qpkktref         :       0.00       0.00      0          0          0          0          0          0          0          0          0          0
  redvub           :       0.00       0.00      0          0          0          0          0          0          0          0          0          0
  sparsify         :       0.00       0.00      1          0          0          0          0          0          0          0          0          0
  stuffing         :       0.00       0.00      0          0          0          0          0          0          0          0          0          0
  trivial          :       0.00       0.00      4          0          0          0          0          0          0          0          0          0
  tworowbnd        :       0.00       0.00      0          0          0          0          0          0          0          0          0          0
  dualfix          :       0.00       0.00      4          0          0          0          0          0          0          0          0          0
  genvbounds       :       0.00       0.00      0          0          0          0          0          0          0          0          0          0
  probing          :       0.23       0.00      1          0          0          0          0          0          0          0          0          0
  pseudoobj        :       0.00       0.00      1          0          0          0          1          0          0          0          0          0
  symmetry         :       0.00       0.00      0          0          0          0          0          0          0          0          0          0
  vbounds          :       0.00       0.00      1          0          0          0          0          0          0          0          0          0
  varbound         :       0.00       0.00      2          0          0          0          0          0          0          0          0          0
  and              :       0.01       0.00      2          0          0          0          0          0          0          0          0          0
  linear           :       0.00       0.00      2          0          0          0          0          0          0          0          0          0
  logicor          :       0.00       0.00      0          0          0          0          0          0          0          0          0          0
  bounddisjunction :       0.00       0.00      0          0          0          0          0          0          0          0          0          0
  nonlinear        :       0.13       0.01      5          0          0          0          1          0          0       1533          0          0
  benders          :       0.00       0.00      0          0          0          0          0          0          0          0          0          0
  components       :       0.00       0.00      1          0          0          0          0          0          0          0          0          0
  root node        :          -          -      -          0          -          -         25          -          -          -          -          -
Constraints        :     Number  MaxNumber  #Separate #Propagate    #EnfoLP    #EnfoRelax  #EnfoPS    #Check   #ResProp    Cutoffs    DomReds       Cuts    Applied      Conss   Children
  benderslp        :          0          0          0          0      69482          0          0       2004          0          0          0          0          0          0          0
  integral         :          0          0          0          0      69482          0          0       2004          0          1       5784          0          0       3262     134194
  varbound         :          1          1         92      56477          0          0          0         34          0          0       1427          0          0          0          0
  and              :       1530       1530      75704     490016          6          0          0         34     217885          4    2210098        417        359          0          0
  linear           :          3+         5         92     490015          6          0          0         32         10          1      41304          0          0          0          0
  logicor          :          0+      5708          0     126310          0          0          0          0        482        423         84          0          0          0          0
  bounddisjunction :          0+         9          0       5486          0          0          0          0          0          1          0          0          0          0          0
  benders          :          0          0          0          0          6          0          0         23          0          0          0          0          0          0          0
  countsols        :          0          0          0          0          6          0          0         23          0          0          0          0          0          0          0
  components       :          0          0          0          0          0          0          0          0          0          0          0          0          0          0          0
Constraint Timings :  TotalTime  SetupTime   Separate  Propagate     EnfoLP     EnfoPS     EnfoRelax   Check    ResProp    SB-Prop
  benderslp        :       0.05       0.00       0.00       0.00       0.05       0.00       0.00       0.00       0.00       0.00
  integral         :      60.77       0.00       0.00       0.00      60.77       0.00       0.00       0.00       0.00       0.00
  varbound         :       0.03       0.00       0.00       0.03       0.00       0.00       0.00       0.00       0.00       0.00
  and              :      65.35       0.00      39.87      24.68       0.01       0.00       0.00       0.00       0.20       0.59
  linear           :       0.74       0.00       0.02       0.71       0.00       0.00       0.00       0.00       0.00       0.01
  logicor          :       7.04       0.00       0.00       7.01       0.00       0.00       0.00       0.00       0.00       0.03
  bounddisjunction :       0.03       0.00       0.00       0.03       0.00       0.00       0.00       0.00       0.00       0.00
  benders          :       0.00       0.00       0.00       0.00       0.00       0.00       0.00       0.00       0.00       0.00
  countsols        :       0.00       0.00       0.00       0.00       0.00       0.00       0.00       0.00       0.00       0.00
  components       :       0.14       0.00       0.00       0.14       0.00       0.00       0.00       0.00       0.00       0.00
Propagators        : #Propagate   #ResProp    Cutoffs    DomReds
  dualfix          :          4          0          0          0
  genvbounds       :          0          0          0          0
  nlobbt           :          0          0          0          0
  obbt             :          0          0          0          0
  probing          :          0          0          0          0
  pseudoobj        :     324646          0          0         25
  redcost          :     160178          0          0      89702
  rootredcost      :         17          0          0          0
  symmetry         :          0          0          0          0
  vbounds          :      34584          0          0          0
Propagator Timings :  TotalTime  SetupTime   Presolve  Propagate    ResProp    SB-Prop
  dualfix          :       0.00       0.00       0.00       0.00       0.00       0.00
  genvbounds       :       0.41       0.00       0.00       0.40       0.00       0.01
  nlobbt           :       0.00       0.00       0.00       0.00       0.00       0.00
  obbt             :       0.00       0.00       0.00       0.00       0.00       0.00
  probing          :       0.23       0.00       0.23       0.00       0.00       0.00
  pseudoobj        :       0.61       0.00       0.00       0.61       0.00       0.00
  redcost          :       9.13       0.00       0.00       9.13       0.00       0.00
  rootredcost      :       0.55       0.00       0.00       0.54       0.00       0.01
  symmetry         :       0.25       0.00       0.00       0.24       0.00       0.01
  vbounds          :       0.41       0.00       0.00       0.41       0.00       0.00
Conflict Analysis  :       Time      Calls    Success    DomReds  Conflicts   Literals    Reconvs ReconvLits   Dualrays   Nonzeros   LP Iters   (pool size: [10000,10000])
  propagation      :       0.03        428        338          -        392       44.5          0        0.0          -          -          -
  infeasible LP    :       0.00          0          0          -          0        0.0          0        0.0          2       91.0          0
  bound exceed. LP :      15.67       9427       6922          -      75552       61.7          1       35.0          0        0.0      31095
  strong branching :       0.00          0          0          -          0        0.0          0        0.0          -          -          0
  pseudo solution  :       0.00          0          0          -          0        0.0          0        0.0          -          -          -
  applied globally :       0.25          -          -          0      22046       67.2          -          -          2          -          -
  applied locally  :          -          -          -          0          0        0.0          -          -          0          -          -
Separators         :   ExecTime  SetupTime      Calls  RootCalls    Cutoffs    DomReds  FoundCuts ViaPoolAdd  DirectAdd    Applied ViaPoolApp  DirectApp      Conss
  cut pool         :       3.46          -      17599        117          -          -      32306     574976          -          -          -          -          -    (maximal pool size:       2070)
  aggregation      :      10.45       0.00       4067         92          0          0         73        251          0         34         34          0          0
  > cmir           :          -          -          -          -          -          -          -        251          0         34         34          0          -
  > flowcover      :          -          -          -          -          -          -          -          0          0          0          0          0          -
  > knapsackcover  :          -          -          -          -          -          -          -          0          0          0          0          0          -
  cgmip            :       0.00       0.00          0          0          0          0          0          0          0          0          0          0          0
  clique           :       0.00       0.00         92         92          0          0          0          0          0          0          0          0          0
  closecuts        :       0.00       0.00          0          0          0          0          0          0          0          0          0          0          0
  convexproj       :       0.00       0.00          0          0          0          0          0          0          0          0          0          0          0
  disjunctive      :       0.00       0.00          0          0          0          0          0          0          0          0          0          0          0
  eccuts           :       0.00       0.00          0          0          0          0          0          0          0          0          0          0          0
  gauge            :       0.00       0.00          0          0          0          0          0          0          0          0          0          0          0
  gomory           :       0.00       0.00          0          0          0          0          0          0          0          0          0          0          0
  > gomorymi       :          -          -          -          -          -          -          -          0          0          0          0          0          -
  > strongcg       :          -          -          -          -          -          -          -          0          0          0          0          0          -
  impliedbounds    :       0.23       0.00       4067         92          0          0          1          0          0          0          0          0          0
  interlattice     :       0.33       0.00         60         60          0          0         60          0         60         60          0         60          0
  interminor       :       0.00       0.00          0          0          0          0          0          0          0          0          0          0          0
  intersub         :       0.00       0.00          0          0          0          0          0          0          0          0          0          0          0
  intobj           :       0.00       0.00          0          0          0          0          0          0          0          0          0          0          0
  mcf              :       0.00       0.00          1          1          0          0          0          0          0          0          0          0          0
  minor            :       0.02       0.00          0          0          0          0          0          0          0          0          0          0          0
  mixing           :       0.00       0.00       4067         92          0          0          0          0          0          0          0          0          0
  oddcycle         :       0.00       0.00          0          0          0          0          0          0          0          0          0          0          0
  rapidlearning    :       0.00       0.00          0          0          0          0          0          0          0          0          0          0          0
  rlt              :       0.00       0.00         10         10          0          0          0          0          0          0          0          0          0
  zerohalf         :      32.65       0.00       3805         20          0          0      32232     574725          0      90111      90111          0          0
Cutselectors       :   ExecTime  SetupTime      Calls  RootCalls   Selected     Forced   Filtered  RootSelec   RootForc   RootFilt 
  hybrid           :       0.44       0.00       8494         90      90564          0     484889        259          0         13
Pricers            :   ExecTime  SetupTime      Calls       Vars
  problem variables:       0.00          -          0          0
Branching Rules    :   ExecTime  SetupTime   BranchLP  BranchExt   BranchPS    Cutoffs    DomReds       Cuts      Conss   Children
  allfullstrong    :       0.00       0.00          0          0          0          0          0          0          0          0
  cloud            :       0.00       0.00          0          0          0          0          0          0          0          0
  distribution     :       0.00       0.00          0          0          0          0          0          0          0          0
  fullstrong       :       0.00       0.00          0          0          0          0          0          0          0          0
  inference        :       0.00       0.00          0          0          0          0          0          0          0          0
  leastinf         :       0.00       0.00          0          0          0          0          0          0          0          0
  lookahead        :       0.00       0.00          0          0          0          0          0          0          0          0
  mostinf          :       0.00       0.00          0          0          0          0          0          0          0          0
  multaggr         :       0.00       0.00          0          0          0          0          0          0          0          0
  nodereopt        :       0.00       0.00          0          0          0          0          0          0          0          0
  pscost           :       0.00       0.00          0          0          0          0          0          0          0          0
  random           :       0.00       0.00          0          0          0          0          0          0          0          0
  relpscost        :      60.56       0.00      69476          0          0          1       5784          0       3265     134194
  vanillafullstrong:       0.00       0.00          0          0          0          0          0          0          0          0
Primal Heuristics  :   ExecTime  SetupTime      Calls      Found       Best
  LP solutions     :       0.00          -          -          6          6
  relax solutions  :       0.00          -          -          0          0
  pseudo solutions :       0.00          -          -          0          0
  strong branching :       0.04          -          -          1          1
  actconsdiving    :       0.00       0.00          0          0          0
  adaptivediving   :       3.33       0.00         40          0          0
  alns             :       3.41       0.00         22          4          4
  bound            :       0.00       0.00          0          0          0
  clique           :       0.01       0.00          1          0          0
  coefdiving       :       0.00       0.00          0          0          0
  completesol      :       0.00       0.00          0          0          0
  conflictdiving   :      33.27       0.00        393          0          0
  crossover        :       0.46       0.00          3          1          1
  dins             :       0.00       0.00          0          0          0
  distributiondivin:      52.95       0.00        393          0          0
  dps              :       0.00       0.00          0          0          0
  dualval          :       0.00       0.00          0          0          0
  farkasdiving     :       0.01       0.00          0          0          0
  feaspump         :       0.15       0.00          1          1          1
  fixandinfer      :       0.00       0.00          0          0          0
  fracdiving       :      38.01       0.00        393          0          0
  gins             :       0.04       0.00          0          0          0
  guideddiving     :      33.40       0.00        392          1          1
  indicator        :       0.08       0.00          0          0          0
  indicatordiving  :       0.00       0.00          0          0          0
  intdiving        :       0.00       0.00          0          0          0
  intshifting      :       0.27       0.00         43          0          0
  linesearchdiving :      30.75       0.00        393          0          0
  localbranching   :       0.00       0.00          0          0          0
  locks            :       0.01       0.00          1          0          0
  lpface           :       0.11       0.00          0          0          0
  mpec             :     118.81       0.00         11          0          0
  multistart       :       0.00       0.00          0          0          0
  mutation         :       0.00       0.00          0          0          0
  nlpdiving        :       7.39       0.00          9          0          0
  objpscostdiving  :      67.86       0.00         94          3          2
  octane           :       0.00       0.00          0          0          0
  ofins            :       0.12       0.00          0          0          0
  oneopt           :       0.09       0.00         24          0          0
  padm             :       0.00       0.00          0          0          0
  proximity        :       0.00       0.00          0          0          0
  pscostdiving     :      40.94       0.00        393          1          1
  randrounding     :       0.42       0.00       1977          0          0
  rens             :       0.00       0.00          0          0          0
  reoptsols        :       0.00       0.00          0          0          0
  repair           :       0.00       0.00          0          0          0
  rins             :       2.96       0.00          5          0          0
  rootsoldiving    :      33.44       0.00         38          0          0
  rounding         :       0.97       0.00       3845          0          0
  shiftandpropagate:       0.00       0.00          0          0          0
  shifting         :      43.40       0.00      10312          6          6
  simplerounding   :       0.11       0.00          0          0          0
  subnlp           :     121.17       0.00          0          0          0
  trivial          :       0.00       0.00          2          2          2
  trivialnegation  :       0.00       0.00          0          0          0
  trustregion      :       0.00       0.00          0          0          0
  trysol           :       0.11       0.00          0          0          0
  twoopt           :       0.00       0.00          0          0          0
  undercover       :       0.25       0.00          1          0          0
  vbounds          :       0.00       0.00          0          0          0
  veclendiving     :      31.42       0.00        393          0          0
  zeroobj          :       0.00       0.00          0          0          0
  zirounding       :       0.50       0.00       1000          0          0
  other solutions  :          -          -          -          0          -
Diving (single)    :      Calls      Nodes   LP Iters Backtracks  Conflicts   MinDepth   MaxDepth   AvgDepth  RoundSols  NLeafSols  MinSolDpt  MaxSolDpt  AvgSolDpt
  actconsdiving    :          0          -          -          -          -          -          -          -          -          -          -          -          -
  coefdiving       :          0          -          -          -          -          -          -          -          -          -          -          -          -
  conflictdiving   :        393      12083     335780        432      11484         35         65       47.4          0          -          -          -          -
  distributiondivin:        393       9203     411275        445       4986         34         55       39.8          0          -          -          -          -
  farkasdiving     :          0          -          -          -          -          -          -          -          -          -          -          -          -
  fracdiving       :        393      41430     366894        383       3982         47        462      122.1          0          -          -          -          -
  guideddiving     :        392      32699     331079        243       3565         45        243      100.3          0          1         86         86       86.0
  indicatordiving  :          0          -          -          -          -          -          -          -          -          -          -          -          -
  linesearchdiving :        393      11389     324592        433      13198         31         73       45.4          0          -          -          -          -
  pscostdiving     :        393      11463     418985        411       8898         36         56       45.9          0          1         56         56       56.0
  veclendiving     :        393      11006     333717        405      14941         37         64       44.6          0          -          -          -          -
Diving (adaptive)  :      Calls      Nodes   LP Iters Backtracks  Conflicts   MinDepth   MaxDepth   AvgDepth  RoundSols  NLeafSols  MinSolDpt  MaxSolDpt  AvgSolDpt
  actconsdiving    :          9        220       8571         10        107         36         44       41.1          0          -          -          -          -
  coefdiving       :         15        424      11248         15        500         39         60       43.9          0          -          -          -          -
  conflictdiving   :          0          -          -          -          -          -          -          -          -          -          -          -          -
  distributiondivin:          0          -          -          -          -          -          -          -          -          -          -          -          -
  farkasdiving     :          0          -          -          -          -          -          -          -          -          -          -          -          -
  fracdiving       :          2        297       1876          0          0        159        169      164.0          0          -          -          -          -
  guideddiving     :          4        407       3252          0          0         85        180      116.8          0          -          -          -          -
  indicatordiving  :          0          -          -          -          -          -          -          -          -          -          -          -          -
  linesearchdiving :          3         84       2028          3         72         40         50       45.3          0          -          -          -          -
  pscostdiving     :          1         36        939          1          0         51         51       51.0          0          -          -          -          -
  veclendiving     :          6        169       4324          6        210         40         55       46.0          0          -          -          -          -
Neighborhoods      :      Calls  SetupTime  SolveTime SolveNodes       Sols       Best       Exp3  EpsGreedy        UCB TgtFixRate  Opt  Inf Node Stal  Sol  Usr Othr Actv
  rens             :          2       0.11       0.02          0          0          0    0.00000   -1.00000    0.55008      0.550    0    2    0    0    0    0    0    1
  rins             :          3       0.21       0.90        383          1          1    0.00000   -1.00000    0.50124      0.662    1    1    0    1    0    0    0    1
  mutation         :          6       0.34       0.46        200          2          2    0.00000   -1.00000    0.54074      0.689    2    1    0    3    0    0    0    1
  localbranching   :          2       0.10       0.04         27          0          0    0.00000   -1.00000    0.51742      0.550    0    2    0    0    0    0    0    1
  crossover        :          2       0.14       0.06         53          0          0    0.00000   -1.00000    0.48597      0.550    0    2    0    0    0    0    0    1
  proximity        :          3       0.21       0.39        263          1          1    0.00000   -1.00000    0.51111      0.812    0    1    0    2    0    0    0    1
  zeroobjective    :          2       0.11       0.04         15          0          0    0.00000   -1.00000    0.53194      0.550    0    2    0    0    0    0    0    1
  dins             :          2       0.10       0.05         41          0          0    0.00000   -1.00000    0.50049      0.550    0    2    0    0    0    0    0    1
  trustregion      :          0       0.00       0.00          0          0          0    0.00000   -1.00000    1.00000      0.900    0    0    0    0    0    0    0    0
Expressions        :   #IntEval  IntEvalTi   #RevProp  RevPropTi    DomReds    Cutoffs  #Estimate  EstimTime  Branching  #Simplify SimplifyTi Simplified
  pow              :          0       0.00          0       0.00          0          0          0       0.00          0          0       0.00          0
  prod             :       6320       0.03          0       0.00          0          0          0       0.00          0       4690       0.00          0
  sum              :          8       0.00          2       0.00          0          0          0       0.00          0          3       0.01          2
  var              :       5485       0.00          0       0.00          0          0          0       0.00          0      11154       0.01          0
  varidx           :          0       0.00          0       0.00          0          0          0       0.00          0          0       0.00          0
LP                 :       Time      Calls Iterations  Iter/call   Iter/sec  Time-0-It Calls-0-It    ItLimit
  primal LP        :     120.51      10193          0       0.00       0.00     120.46      10193
  dual LP          :    2499.32     140106   11927786      93.65    4772.41       6.07      12736
  lex dual LP      :       0.00          0          0       0.00          -
  barrier LP       :       0.00          0          0       0.00          -       0.00          0
  resolve instable :       0.00          0          0       0.00          -
  diving/probing LP:     315.66      12774    3139103     245.74    9944.57
  strong branching :      29.67       4043     268061      66.30    9034.75          -          -         55
    (at root node) :          -         19       4006     210.84          -
  conflict analysis:       5.24       3136      31095       9.92    5934.16
NLP relaxation     :
  solve time       :       7.37 (9 calls)
  convexity        :  nonconvex (4 linear rows, 0 convex ineq., 0 nonconvex ineq., 1530 nonlinear eq. or two-sided ineq.)
NLP Solvers        :  #Problems  ProblemTi    #Solves  SolveTime      #Iter  Time/Iter      #Okay #TimeLimit #IterLimit #LObjLimit #Interrupt  #NumError #EvalError  #OutOfMem #LicenseEr #OtherTerm   #GlobOpt    #LocOpt  #Feasible #LocInfeas #GlobInfea #Unbounded   #Unknown
  ipopt            :         12       5.01         35     126.92       2581       0.05         35          0          0          0          0          0          0          0          0          0          0          0          0         26          0          0          9
B&B Tree           :
  number of runs   :          1
  nodes            :     116521 (67097 internal, 49424 leaves)
  feasible leaves  :          6
  infeas. leaves   :         23
  objective leaves :      49394
  nodes (total)    :     116521 (67097 internal, 49424 leaves)
  nodes left       :      17663
  max depth        :         53
  max depth (total):         53
  backtracks       :      24351 (20.9%)
  early backtracks :          0 (0.0%)
  nodes exc. ref.  :          0 (0.0%)
  delayed cutoffs  :          0
  repropagations   :         28 (16 domain reductions, 0 cutoffs)
  avg switch length:       4.34
  switching time   :     144.33
Estim. Tree Size   :     233064
Estimation Tree    : 134195 nodes (116532 visited, 67097 internal, 49435 leaves, 17663 open), weight: 0.0000 completed 0.0854
Estimations        :      estim      value      trend resolution     smooth
  wbe              : 18937533557          -          -          -          -
  tree-profile     :         -1          -          -          -          -
  gap              :     756780    0.78219    0.00004         64     746567
  tree-weight      :     233064    0.00001    0.00000         64     232801
  leaf-frequency   :     233064    0.42421   -0.00003         64     250351
  ssg              :    4802512    0.86519   -0.00002         64    4828994
  open-nodes       :     233064 17663.00000   21.50588         64     232801
Root Node          :
  First LP value   : -1.00000000000000e+00
  First LP Iters   :       1038 (12975.00 Iter/sec)
  First LP Time    :       0.08
  Final Dual Bound : -9.23786919831226e-01
  Final Root Iters :       2630
  Root LP Estimate : -4.66858412325040e-01
Solution           :
  Solutions found  :         26 (25 improvements)
  First Solution   : +1.00000000000000e+05   (in run 1, after 0 nodes, 0.03 seconds, depth 0, found by <trivial>)
  Gap First Sol.   :   infinite
  Gap Last Sol.    :      27.99 %
  Primal Bound     : -5.79113924050632e-01   (in run 1, after 113525 nodes, 3500.55 seconds, depth 20, found by <alns>)
  Dual Bound       : -7.40374472573841e-01
  Gap              :      27.85 %
Integrals          :      Total       Avg%
  primal-dual      :   92057.97      25.57
  primal-ref       :          -          - (not evaluated)
  dual-ref         :          -          - (not evaluated)
