SCIP Status        : solving was interrupted [time limit reached]
Total Time         :    3600.01
  solving          :    3600.01
  presolving       :       0.27 (included in solving)
  reading          :       0.00
  copying          :       0.51 (39 #copies) (minimal 0.00, maximal 0.02, average 0.01)
Original Problem   :
  Problem name     : bbbenchmark/g05_60.3.cut
  Variables        : 61 (60 binary, 0 integer, 0 implicit integer, 1 continuous)
  Constraints      : 1 initial, 1 maximal
  Objective        : minimize, 1 non-zeros (abs.min = 1, abs.max = 1)
Presolved Problem  :
  Problem name     : t_bbbenchmark/g05_60.3.cut
  Variables        : 946 (60 binary, 0 integer, 885 implicit integer, 1 continuous)
  Constraints      : 886 initial, 5090 maximal
  Objective        : minimize, 1 non-zeros (abs.min = 1, abs.max = 1)
  Nonzeros         : 3601 constraint, 122 clique table
Presolvers         :   ExecTime  SetupTime  Calls  FixedVars   AggrVars   ChgTypes  ChgBounds   AddHoles    DelCons    AddCons   ChgSides   ChgCoefs
  boundshift       :       0.00       0.00      0          0          0          0          0          0          0          0          0          0
  convertinttobin  :       0.00       0.00      0          0          0          0          0          0          0          0          0          0
  domcol           :       0.00       0.00      1          0          0          0          0          0          0          0          0          0
  dualagg          :       0.00       0.00      0          0          0          0          0          0          0          0          0          0
  dualcomp         :       0.00       0.00      1          0          0          0          0          0          0          0          0          0
  dualinfer        :       0.00       0.00      0          0          0          0          0          0          0          0          0          0
  dualsparsify     :       0.00       0.00      1          0          0          0          0          0          0          0          0          0
  gateextraction   :       0.00       0.00      0          0          0          0          0          0          0          0          0          0
  implics          :       0.00       0.00      2          0          0          0          0          0          0          0          0          0
  inttobinary      :       0.00       0.00      0          0          0          0          0          0          0          0          0          0
  qpkktref         :       0.00       0.00      0          0          0          0          0          0          0          0          0          0
  redvub           :       0.00       0.00      0          0          0          0          0          0          0          0          0          0
  sparsify         :       0.00       0.00      1          0          0          0          0          0          0          0          0          0
  stuffing         :       0.00       0.00      0          0          0          0          0          0          0          0          0          0
  trivial          :       0.00       0.00      4          0          0          0          0          0          0          0          0          0
  tworowbnd        :       0.00       0.00      0          0          0          0          0          0          0          0          0          0
  dualfix          :       0.00       0.00      4          0          0          0          0          0          0          0          0          0
  genvbounds       :       0.00       0.00      0          0          0          0          0          0          0          0          0          0
  probing          :       0.12       0.00      1          0          0          0          0          0          0          0          0          0
  pseudoobj        :       0.00       0.00      1          0          0          0          1          0          0          0          0          0
  symmetry         :       0.00       0.00      0          0          0          0          0          0          0          0          0          0
  vbounds          :       0.00       0.00      1          0          0          0          0          0          0          0          0          0
  and              :       0.01       0.00      2          0          0          0          0          0          0          0          0          0
  linear           :       0.00       0.00      2          0          0          0          0          0          0          0          0          0
  logicor          :       0.00       0.00      0          0          0          0          0          0          0          0          0          0
  nonlinear        :       0.13       0.00      5          0          0          0          1          0          0        885          0          0
  benders          :       0.00       0.00      0          0          0          0          0          0          0          0          0          0
  components       :       0.01       0.00      1          0          0          0          0          0          0          0          0          0
  root node        :          -          -      -          0          -          -         49          -          -          -          -          -
Constraints        :     Number  MaxNumber  #Separate #Propagate    #EnfoLP    #EnfoRelax  #EnfoPS    #Check   #ResProp    Cutoffs    DomReds       Cuts    Applied      Conss   Children
  benderslp        :          0          0          0          0      82165          0          0       3223          0          0          0          0          0          0          0
  integral         :          0          0          0          0      82165          0          0       3223          0          0      12680          0          0       7874     157894
  and              :        885        885      92703     530524         18          0          0         32      89897        201    3283555       6432       6230          0          0
  linear           :          1+         6        113     530323         18          0          0         30          0          0          0          0          0          0          0
  logicor          :          0+      4201          0     137868          0          0          0          0       4165       1494        316          0          0          0          0
  benders          :          0          0          0          0         18          0          0         33          0          0          0          0          0          0          0
  countsols        :          0          0          0          0         18          0          0         33          0          0          0          0          0          0          0
  components       :          0          0          0          0          0          0          0          0          0          0          0          0          0          0          0
Constraint Timings :  TotalTime  SetupTime   Separate  Propagate     EnfoLP     EnfoPS     EnfoRelax   Check    ResProp    SB-Prop
  benderslp        :       0.05       0.00       0.00       0.00       0.05       0.00       0.00       0.00       0.00       0.00
  integral         :      65.05       0.00       0.00       0.00      65.05       0.00       0.00       0.00       0.00       0.00
  and              :      54.68       0.00      32.60      20.80       0.00       0.00       0.00       0.00       0.15       1.13
  linear           :       0.55       0.00       0.02       0.50       0.00       0.00       0.00       0.02       0.00       0.01
  logicor          :       7.33       0.00       0.00       7.22       0.00       0.00       0.00       0.00       0.02       0.09
  benders          :       0.00       0.00       0.00       0.00       0.00       0.00       0.00       0.00       0.00       0.00
  countsols        :       0.00       0.00       0.00       0.00       0.00       0.00       0.00       0.00       0.00       0.00
  components       :       0.13       0.00       0.00       0.13       0.00       0.00       0.00       0.00       0.00       0.00
Propagators        : #Propagate   #ResProp    Cutoffs    DomReds
  dualfix          :          4          0          0          0
  genvbounds       :          0          0          0          0
  nlobbt           :          0          0          0          0
  obbt             :          0          0          0          0
  probing          :          0          0          0          0
  pseudoobj        :     438985          0          0         50
  redcost          :     201193          0          0     567796
  rootredcost      :         28          0          0          0
  symmetry         :          0          0          0          0
  vbounds          :      42809          0          0          0
Propagator Timings :  TotalTime  SetupTime   Presolve  Propagate    ResProp    SB-Prop
  dualfix          :       0.00       0.00       0.00       0.00       0.00       0.00
  genvbounds       :       0.36       0.00       0.00       0.36       0.00       0.00
  nlobbt           :       0.00       0.00       0.00       0.00       0.00       0.00
  obbt             :       0.00       0.00       0.00       0.00       0.00       0.00
  probing          :       0.12       0.00       0.12       0.00       0.00       0.00
  pseudoobj        :       0.51       0.00       0.00       0.49       0.00       0.02
  redcost          :       7.54       0.00       0.00       7.52       0.00       0.02
  rootredcost      :       0.49       0.00       0.00       0.47       0.00       0.02
  symmetry         :       0.31       0.00       0.00       0.31       0.00       0.00
  vbounds          :       0.37       0.00       0.00       0.36       0.00       0.01
Conflict Analysis  :       Time      Calls    Success    DomReds  Conflicts   Literals    Reconvs ReconvLits   Dualrays   Nonzeros   LP Iters   (pool size: [10000,10000])
  propagation      :       0.03       1695        821          -        969       22.7          0        0.0          -          -          -
  infeasible LP    :       0.00          0          0          -          0        0.0          0        0.0          5       40.6          0
  bound exceed. LP :      16.24      13098      10344          -      44127       30.4         48       21.0          0        0.0      61416
  strong branching :       0.00          0          0          -          0        0.0          0        0.0          -          -          0
  pseudo solution  :       0.00          0          0          -          0        0.0          0        0.0          -          -          -
  applied globally :       0.17          -          -          0      21986       29.2          -          -          5          -          -
  applied locally  :          -          -          -          0          0        0.0          -          -          0          -          -
Separators         :   ExecTime  SetupTime      Calls  RootCalls    Cutoffs    DomReds  FoundCuts ViaPoolAdd  DirectAdd    Applied ViaPoolApp  DirectApp      Conss
  cut pool         :       1.83          -      11472        141          -          -      20187     340608          -          -          -          -          -    (maximal pool size:       1424)
  aggregation      :     153.59       0.00       4051        113          0          0          7          7          0          5          5          0          0
  > cmir           :          -          -          -          -          -          -          -          7          0          5          5          0          -
  > flowcover      :          -          -          -          -          -          -          -          0          0          0          0          0          -
  > knapsackcover  :          -          -          -          -          -          -          -          0          0          0          0          0          -
  cgmip            :       0.00       0.00          0          0          0          0          0          0          0          0          0          0          0
  clique           :       0.00       0.00        113        113          0          0          0          0          0          0          0          0          0
  closecuts        :       0.00       0.00          0          0          0          0          0          0          0          0          0          0          0
  convexproj       :       0.00       0.00          0          0          0          0          0          0          0          0          0          0          0
  disjunctive      :       0.00       0.00          0          0          0          0          0          0          0          0          0          0          0
  eccuts           :       0.00       0.00          0          0          0          0          0          0          0          0          0          0          0
  gauge            :       0.00       0.00          0          0          0          0          0          0          0          0          0          0          0
  gomory           :       0.00       0.00          0          0          0          0          0          0          0          0          0          0          0
  > gomorymi       :          -          -          -          -          -          -          -          0          0          0          0          0          -
  > strongcg       :          -          -          -          -          -          -          -          0          0          0          0          0          -
  impliedbounds    :       0.10       0.00       4051        113          0          0          6          2          0          2          2          0          0
  interlattice     :       0.00       0.00          0          0          0          0          0          0          0          0          0          0          0
  interminor       :       0.00       0.00          0          0          0          0          0          0          0          0          0          0          0
  intersub         :       0.33       0.00         60         60          0          0         60          0         60         60          0         60          0
  intobj           :       0.00       0.00          0          0          0          0          0          0          0          0          0          0          0
  mcf              :       0.00       0.00          1          1          0          0          0          0          0          0          0          0          0
  minor            :       0.02       0.00          0          0          0          0          0          0          0          0          0          0          0
  mixing           :       0.03       0.00       4051        113          0          0          0          0          0          0          0          0          0
  oddcycle         :       0.00       0.00          0          0          0          0          0          0          0          0          0          0          0
  rapidlearning    :       0.00       0.00          0          0          0          0          0          0          0          0          0          0          0
  rlt              :       0.00       0.00         10         10          0          0          0          0          0          0          0          0          0
  zerohalf         :      18.94       0.00       3374         20          0          0      20174     340599          0      53900      53900          0          0
Cutselectors       :   ExecTime  SetupTime      Calls  RootCalls   Selected     Forced   Filtered  RootSelec   RootForc   RootFilt 
  hybrid           :       0.25       0.00      11799        111      60197          0     286903        268          0         12
Pricers            :   ExecTime  SetupTime      Calls       Vars
  problem variables:       0.00          -          0          0
Branching Rules    :   ExecTime  SetupTime   BranchLP  BranchExt   BranchPS    Cutoffs    DomReds       Cuts      Conss   Children
  allfullstrong    :       0.00       0.00          0          0          0          0          0          0          0          0
  cloud            :       0.00       0.00          0          0          0          0          0          0          0          0
  distribution     :       0.00       0.00          0          0          0          0          0          0          0          0
  fullstrong       :       0.00       0.00          0          0          0          0          0          0          0          0
  inference        :       0.00       0.00          0          0          0          0          0          0          0          0
  leastinf         :       0.00       0.00          0          0          0          0          0          0          0          0
  lookahead        :       0.00       0.00          0          0          0          0          0          0          0          0
  mostinf          :       0.00       0.00          0          0          0          0          0          0          0          0
  multaggr         :       0.00       0.00          0          0          0          0          0          0          0          0
  nodereopt        :       0.00       0.00          0          0          0          0          0          0          0          0
  pscost           :       0.00       0.00          0          0          0          0          0          0          0          0
  random           :       0.00       0.00          0          0          0          0          0          0          0          0
  relpscost        :      64.84       0.00      82147          0          0          0      12680          0       7954     157894
  vanillafullstrong:       0.00       0.00          0          0          0          0          0          0          0          0
Primal Heuristics  :   ExecTime  SetupTime      Calls      Found       Best
  LP solutions     :       0.02          -          -         18         18
  relax solutions  :       0.00          -          -          0          0
  pseudo solutions :       0.00          -          -          0          0
  strong branching :       0.04          -          -          0          0
  actconsdiving    :       0.00       0.00          0          0          0
  adaptivediving   :      12.31       0.00        538          2          2
  alns             :       2.19       0.00         29          5          5
  bound            :       0.00       0.00          0          0          0
  clique           :       0.01       0.00          1          0          0
  coefdiving       :       0.00       0.00          0          0          0
  completesol      :       0.00       0.00          0          0          0
  conflictdiving   :       4.76       0.00        289          0          0
  crossover        :       0.10       0.00          2          0          0
  dins             :       0.00       0.00          0          0          0
  distributiondivin:      16.18       0.00        289          0          0
  dps              :       0.00       0.00          0          0          0
  dualval          :       0.00       0.00          0          0          0
  farkasdiving     :       0.00       0.00          0          0          0
  feaspump         :       0.23       0.00          1          1          1
  fixandinfer      :       0.00       0.00          0          0          0
  fracdiving       :       8.89       0.00        290          0          0
  gins             :       0.01       0.00          0          0          0
  guideddiving     :       8.75       0.00        290          1          1
  indicator        :       0.10       0.00          0          0          0
  indicatordiving  :       0.00       0.00          0          0          0
  intdiving        :       0.00       0.00          0          0          0
  intshifting      :       0.15       0.00         29          0          0
  linesearchdiving :       7.36       0.00        290          0          0
  localbranching   :       0.00       0.00          0          0          0
  locks            :       0.01       0.00          1          0          0
  lpface           :       0.10       0.00          0          0          0
  mpec             :       1.48       0.00          1          0          0
  multistart       :       0.00       0.00          0          0          0
  mutation         :       0.00       0.00          0          0          0
  nlpdiving        :       4.39       0.00          8          0          0
  objpscostdiving  :      10.34       0.00         38          6          2
  octane           :       0.00       0.00          0          0          0
  ofins            :       0.15       0.00          0          0          0
  oneopt           :       0.15       0.00         36          0          0
  padm             :       0.00       0.00          0          0          0
  proximity        :       0.00       0.00          0          0          0
  pscostdiving     :       8.47       0.00        290          1          1
  randrounding     :       0.47       0.00       3186          0          0
  rens             :       0.00       0.00          0          0          0
  reoptsols        :       0.00       0.00          0          0          0
  repair           :       0.00       0.00          0          0          0
  rins             :       2.62       0.00         10          3          1
  rootsoldiving    :       4.77       0.00         15          2          0
  rounding         :       0.85       0.00       4211          0          0
  shiftandpropagate:       0.00       0.00          0          0          0
  shifting         :      15.94       0.00       8081          7          7
  simplerounding   :       0.10       0.00          0          0          0
  subnlp           :      80.21       0.00          0          0          0
  trivial          :       0.00       0.00          2          2          2
  trivialnegation  :       0.00       0.00          0          0          0
  trustregion      :       0.00       0.00          0          0          0
  trysol           :       0.16       0.00          0          0          0
  twoopt           :       0.00       0.00          0          0          0
  undercover       :       0.73       0.00          1          0          0
  vbounds          :       0.00       0.00          0          0          0
  veclendiving     :       4.48       0.00        290          0          0
  zeroobj          :       0.00       0.00          0          0          0
  zirounding       :       0.39       0.00       1000          0          0
  other solutions  :          -          -          -          0          -
Diving (single)    :      Calls      Nodes   LP Iters Backtracks  Conflicts   MinDepth   MaxDepth   AvgDepth  RoundSols  NLeafSols  MinSolDpt  MaxSolDpt  AvgSolDpt
  actconsdiving    :          0          -          -          -          -          -          -          -          -          -          -          -          -
  coefdiving       :          0          -          -          -          -          -          -          -          -          -          -          -          -
  conflictdiving   :        289       5395      35719        301       4040         20         45       32.2          0          -          -          -          -
  distributiondivin:        289       3541      98173        453       2561         20         36       25.5          0          -          -          -          -
  farkasdiving     :          0          -          -          -          -          -          -          -          -          -          -          -          -
  fracdiving       :        290      28236      86577        273       1465         26        212      111.3          0          -          -          -          -
  guideddiving     :        290      28004      88820        215       1209         32        250      110.3          0          1         67         67       67.0
  indicatordiving  :          0          -          -          -          -          -          -          -          -          -          -          -          -
  linesearchdiving :        290       7018      70116        371       4669         27         53       37.7          0          -          -          -          -
  pscostdiving     :        290       4779      91438        303       3828         22         45       30.2          0          1         45         45       45.0
  veclendiving     :        290       5500      37060        295       4162         18         47       32.8          0          -          -          -          -
Diving (adaptive)  :      Calls      Nodes   LP Iters Backtracks  Conflicts   MinDepth   MaxDepth   AvgDepth  RoundSols  NLeafSols  MinSolDpt  MaxSolDpt  AvgSolDpt
  actconsdiving    :         58        669      20828        109        593         20         34       24.6          0          1         34         34       34.0
  coefdiving       :        117       2101       8741        121       1369         19         41       31.9          0          1         41         41       41.0
  conflictdiving   :          0          -          -          -          -          -          -          -          -          -          -          -          -
  distributiondivin:          0          -          -          -          -          -          -          -          -          -          -          -          -
  farkasdiving     :          0          -          -          -          -          -          -          -          -          -          -          -          -
  fracdiving       :         40       4453       8132         27        140         26        160      126.0          0          -          -          -          -
  guideddiving     :         47       5257      12880         37        154         37        192      125.9          0          -          -          -          -
  indicatordiving  :          0          -          -          -          -          -          -          -          -          -          -          -          -
  linesearchdiving :         91       2250      19441        113       1253         27         50       38.7          0          -          -          -          -
  pscostdiving     :         86       1277      22018         88        990         23         41       29.1          0          -          -          -          -
  veclendiving     :         99       1807       7057         99       1082         19         42       32.5          0          -          -          -          -
Neighborhoods      :      Calls  SetupTime  SolveTime SolveNodes       Sols       Best       Exp3  EpsGreedy        UCB TgtFixRate  Opt  Inf Node Stal  Sol  Usr Othr Actv
  rens             :          3       0.04       0.02          1          0          0    0.00000   -1.00000    0.37498      0.550    0    2    0    0    0    0    1    1
  rins             :          2       0.02       0.01          0          0          0    0.00000   -1.00000    0.30216      0.700    0    1    0    0    0    0    1    1
  mutation         :          9       0.20       1.00        477          5          5    0.00000   -1.00000    0.48649      0.528    1    3    0    5    0    0    0    1
  localbranching   :          3       0.07       0.12         60          0          0    0.00000   -1.00000    0.45970      0.662    0    2    0    1    0    0    0    1
  crossover        :          4       0.08       0.05         15          0          0    0.00000   -1.00000    0.52205      0.353    0    4    0    0    0    0    0    1
  proximity        :          3       0.08       0.20         46          0          0    0.00000   -1.00000    0.48233      0.437    0    3    0    0    0    0    0    1
  zeroobjective    :          3       0.07       0.06         30          0          0    0.00000   -1.00000    0.50342      0.437    0    3    0    0    0    0    0    1
  dins             :          2       0.02       0.00          0          0          0    0.00000   -1.00000    0.30216      0.700    0    1    0    0    0    0    1    1
  trustregion      :          0       0.00       0.00          0          0          0    0.00000   -1.00000    1.00000      0.900    0    0    0    0    0    0    0    0
Expressions        :   #IntEval  IntEvalTi   #RevProp  RevPropTi    DomReds    Cutoffs  #Estimate  EstimTime  Branching  #Simplify SimplifyTi Simplified
  pow              :          0       0.00          0       0.00          0          0          0       0.00          0          0       0.00          0
  prod             :       3540       0.03          0       0.00          0          0          0       0.00          0       2655       0.00          0
  sum              :          8       0.00          2       0.00          0          0          0       0.00          0          3       0.00          2
  var              :       3327       0.00          0       0.00          0          0          0       0.00          0       6378       0.00          0
  varidx           :          0       0.00          0       0.00          0          0          0       0.00          0          0       0.00          0
LP                 :       Time      Calls Iterations  Iter/call   Iter/sec  Time-0-It Calls-0-It    ItLimit
  primal LP        :     159.36      15744          0       0.00       0.00     159.24      15744
  dual LP          :    2808.44     193457   22839112     135.66    8132.31       7.73      25096
  lex dual LP      :       0.00          0          0       0.00          -
  barrier LP       :       0.00          0          0       0.00          -       0.00          0
  resolve instable :       0.00          0          0       0.00          -
  diving/probing LP:      61.40       7308     734728     100.54   11966.25
  strong branching :      38.13       7881     441782      56.06   11586.21          -          -         58
    (at root node) :          -         19       7240     381.05          -
  conflict analysis:       8.40       6211      61416       9.89    7311.43
NLP relaxation     :
  solve time       :       4.39 (8 calls)
  convexity        :  nonconvex (1 linear rows, 0 convex ineq., 0 nonconvex ineq., 885 nonlinear eq. or two-sided ineq.)
NLP Solvers        :  #Problems  ProblemTi    #Solves  SolveTime      #Iter  Time/Iter      #Okay #TimeLimit #IterLimit #LObjLimit #Interrupt  #NumError #EvalError  #OutOfMem #LicenseEr #OtherTerm   #GlobOpt    #LocOpt  #Feasible #LocInfeas #GlobInfea #Unbounded   #Unknown
  ipopt            :          2       5.33         11       5.90        317       0.02         11          0          0          0          0          0          0          0          0          0          0          0          0          3          0          0          8
B&B Tree           :
  number of runs   :          1
  nodes            :     153975 (78947 internal, 75028 leaves)
  feasible leaves  :         18
  infeas. leaves   :        613
  objective leaves :      74396
  nodes (total)    :     153975 (78947 internal, 75028 leaves)
  nodes left       :       3872
  max depth        :         39
  max depth (total):         39
  backtracks       :      41595 (27.0%)
  early backtracks :          0 (0.0%)
  nodes exc. ref.  :          0 (0.0%)
  delayed cutoffs  :         12
  repropagations   :       2343 (1462 domain reductions, 2 cutoffs)
  avg switch length:       4.53
  switching time   :     186.56
Estim. Tree Size   :     268437
Estimation Tree    : 157895 nodes (154023 visited, 78947 internal, 75076 leaves, 3872 open), weight: 0.5389 completed 0.6826
Estimations        :      estim      value      trend resolution     smooth
  wbe              :     278619          -          -          -          -
  tree-profile     :         -1          -          -          -          -
  gap              :     492860    0.93080    0.00005        128     491297
  tree-weight      :     268437    0.53891    0.00100        128     267681
  leaf-frequency   :     351108    0.48743    0.00002        128     342118
  ssg              :     253772    0.23416   -0.00058        128     253663
  open-nodes       :     293750 3872.00000   -6.89623        128     289635
Root Node          :
  First LP value   : -1.00000000000000e+00
  First LP Iters   :        599 (29950.00 Iter/sec)
  First LP Time    :       0.02
  Final Dual Bound : -8.78341839915257e-01
  Final Root Iters :       5504
  Root LP Estimate : -5.18077163981785e-01
Solution           :
  Solutions found  :         48 (40 improvements)
  First Solution   : +1.00000000000000e+05   (in run 1, after 0 nodes, 0.00 seconds, depth 0, found by <trivial>)
  Gap First Sol.   :   infinite
  Gap Last Sol.    :      12.73 %
  Primal Bound     : -6.07909604519774e-01   (in run 1, after 73313 nodes, 1660.56 seconds, depth 20, found by <alns>)
  Dual Bound       : -6.53107344632769e-01
  Gap              :       7.43 %
Integrals          :      Total       Avg%
  primal-dual      :   44726.82      12.42
  primal-ref       :          -          - (not evaluated)
  dual-ref         :          -          - (not evaluated)
