SCIP Status        : solving was interrupted [time limit reached]
Total Time         :    3600.00
  solving          :    3600.00
  presolving       :       0.22 (included in solving)
  reading          :       0.00
  copying          :       0.60 (33 #copies) (minimal 0.00, maximal 0.04, average 0.02)
Original Problem   :
  Problem name     : bbbenchmark/g05_60.0.cut
  Variables        : 61 (60 binary, 0 integer, 0 implicit integer, 1 continuous)
  Constraints      : 1 initial, 1 maximal
  Objective        : minimize, 1 non-zeros (abs.min = 1, abs.max = 1)
Presolved Problem  :
  Problem name     : t_bbbenchmark/g05_60.0.cut
  Variables        : 946 (60 binary, 0 integer, 885 implicit integer, 1 continuous)
  Constraints      : 886 initial, 6421 maximal
  Objective        : minimize, 1 non-zeros (abs.min = 1, abs.max = 1)
  Nonzeros         : 3601 constraint, 122 clique table
Presolvers         :   ExecTime  SetupTime  Calls  FixedVars   AggrVars   ChgTypes  ChgBounds   AddHoles    DelCons    AddCons   ChgSides   ChgCoefs
  boundshift       :       0.00       0.00      0          0          0          0          0          0          0          0          0          0
  convertinttobin  :       0.00       0.00      0          0          0          0          0          0          0          0          0          0
  domcol           :       0.00       0.00      1          0          0          0          0          0          0          0          0          0
  dualagg          :       0.00       0.00      0          0          0          0          0          0          0          0          0          0
  dualcomp         :       0.00       0.00      1          0          0          0          0          0          0          0          0          0
  dualinfer        :       0.00       0.00      0          0          0          0          0          0          0          0          0          0
  dualsparsify     :       0.00       0.00      1          0          0          0          0          0          0          0          0          0
  gateextraction   :       0.00       0.00      0          0          0          0          0          0          0          0          0          0
  implics          :       0.00       0.00      2          0          0          0          0          0          0          0          0          0
  inttobinary      :       0.00       0.00      0          0          0          0          0          0          0          0          0          0
  qpkktref         :       0.00       0.00      0          0          0          0          0          0          0          0          0          0
  redvub           :       0.00       0.00      0          0          0          0          0          0          0          0          0          0
  sparsify         :       0.00       0.00      1          0          0          0          0          0          0          0          0          0
  stuffing         :       0.00       0.00      0          0          0          0          0          0          0          0          0          0
  trivial          :       0.00       0.00      4          0          0          0          0          0          0          0          0          0
  tworowbnd        :       0.00       0.00      0          0          0          0          0          0          0          0          0          0
  dualfix          :       0.00       0.00      4          0          0          0          0          0          0          0          0          0
  genvbounds       :       0.00       0.00      0          0          0          0          0          0          0          0          0          0
  probing          :       0.12       0.00      1          0          0          0          0          0          0          0          0          0
  pseudoobj        :       0.00       0.00      1          0          0          0          1          0          0          0          0          0
  symmetry         :       0.00       0.00      0          0          0          0          0          0          0          0          0          0
  vbounds          :       0.00       0.00      1          0          0          0          0          0          0          0          0          0
  and              :       0.01       0.01      2          0          0          0          0          0          0          0          0          0
  linear           :       0.00       0.00      2          0          0          0          0          0          0          0          0          0
  logicor          :       0.00       0.00      0          0          0          0          0          0          0          0          0          0
  nonlinear        :       0.09       0.00      5          0          0          0          1          0          0        885          0          0
  benders          :       0.00       0.00      0          0          0          0          0          0          0          0          0          0
  components       :       0.00       0.00      1          0          0          0          0          0          0          0          0          0
  root node        :          -          -      -          0          -          -         52          -          -          -          -          -
Constraints        :     Number  MaxNumber  #Separate #Propagate    #EnfoLP    #EnfoRelax  #EnfoPS    #Check   #ResProp    Cutoffs    DomReds       Cuts    Applied      Conss   Children
  benderslp        :          0          0          0          0      72425          0          0       3807          0          0          0          0          0          0          0
  integral         :          0          0          0          0      72425          0          0       3807          0          0      12869          0          0       5274     138712
  and              :        885        885      81888     462094          8          0          0         25      84152         50    2718906       5515       5240          0          0
  linear           :          1+         3         91     462044          8          0          0         23          0          0          0          0          0          0          0
  logicor          :          0+      5533          0     121831          0          0          0          0       1665        624        222          0          0          0          0
  benders          :          0          0          0          0          8          0          0         26          0          0          0          0          0          0          0
  countsols        :          0          0          0          0          8          0          0         26          0          0          0          0          0          0          0
  components       :          0          0          0          0          0          0          0          0          0          0          0          0          0          0          0
Constraint Timings :  TotalTime  SetupTime   Separate  Propagate     EnfoLP     EnfoPS     EnfoRelax   Check    ResProp    SB-Prop
  benderslp        :       0.07       0.00       0.00       0.00       0.07       0.00       0.00       0.00       0.00       0.00
  integral         :      62.35       0.00       0.00       0.00      62.35       0.00       0.00       0.00       0.00       0.00
  and              :      47.65       0.01      28.20      18.65       0.00       0.00       0.00       0.00       0.10       0.69
  linear           :       0.38       0.00       0.01       0.37       0.00       0.00       0.00       0.00       0.00       0.00
  logicor          :      11.97       0.00       0.00      11.85       0.00       0.00       0.00       0.00       0.01       0.11
  benders          :       0.00       0.00       0.00       0.00       0.00       0.00       0.00       0.00       0.00       0.00
  countsols        :       0.00       0.00       0.00       0.00       0.00       0.00       0.00       0.00       0.00       0.00
  components       :       0.18       0.00       0.00       0.18       0.00       0.00       0.00       0.00       0.00       0.00
Propagators        : #Propagate   #ResProp    Cutoffs    DomReds
  dualfix          :          4          0          0          0
  genvbounds       :          0          0          0          0
  nlobbt           :          0          0          0          0
  obbt             :          0          0          0          0
  probing          :          0          0          0          0
  pseudoobj        :     383627          0          0         52
  redcost          :     177391          0          0     471605
  rootredcost      :         14          0          0          0
  symmetry         :          0          0          0          0
  vbounds          :      28942          0          0          0
Propagator Timings :  TotalTime  SetupTime   Presolve  Propagate    ResProp    SB-Prop
  dualfix          :       0.00       0.00       0.00       0.00       0.00       0.00
  genvbounds       :       0.35       0.00       0.00       0.35       0.00       0.00
  nlobbt           :       0.00       0.00       0.00       0.00       0.00       0.00
  obbt             :       0.00       0.00       0.00       0.00       0.00       0.00
  probing          :       0.12       0.00       0.12       0.00       0.00       0.00
  pseudoobj        :       0.58       0.00       0.00       0.58       0.00       0.00
  redcost          :       6.32       0.00       0.00       6.31       0.00       0.01
  rootredcost      :       0.46       0.00       0.00       0.45       0.00       0.01
  symmetry         :       0.23       0.00       0.00       0.22       0.00       0.01
  vbounds          :       0.38       0.00       0.00       0.36       0.00       0.02
Conflict Analysis  :       Time      Calls    Success    DomReds  Conflicts   Literals    Reconvs ReconvLits   Dualrays   Nonzeros   LP Iters   (pool size: [10000,10000])
  propagation      :       0.00        674        422          -        489       24.8          0        0.0          -          -          -
  infeasible LP    :       0.00          1          1          -          0        0.0          0        0.0          3       22.0          0
  bound exceed. LP :      13.89      10421       7872          -      40654       30.2         11       21.5          0        0.0      49235
  strong branching :       0.00          0          0          -          0        0.0          0        0.0          -          -          0
  pseudo solution  :       0.00          0          0          -          0        0.0          0        0.0          -          -          -
  applied globally :       0.22          -          -          0      17372       30.0          -          -          3          -          -
  applied locally  :          -          -          -          0          0        0.0          -          -          0          -          -
Separators         :   ExecTime  SetupTime      Calls  RootCalls    Cutoffs    DomReds  FoundCuts ViaPoolAdd  DirectAdd    Applied ViaPoolApp  DirectApp      Conss
  cut pool         :       2.20          -      12671        121          -          -      19866     376787          -          -          -          -          -    (maximal pool size:       1319)
  aggregation      :      20.85       0.00       4741         91          0          0        265        509          0        171        171          0          0
  > cmir           :          -          -          -          -          -          -          -        505          0        171        171          0          -
  > flowcover      :          -          -          -          -          -          -          -          4          0          0          0          0          -
  > knapsackcover  :          -          -          -          -          -          -          -          0          0          0          0          0          -
  cgmip            :       0.00       0.00          0          0          0          0          0          0          0          0          0          0          0
  clique           :       0.00       0.00         91         91          0          0          0          0          0          0          0          0          0
  closecuts        :       0.00       0.00          0          0          0          0          0          0          0          0          0          0          0
  convexproj       :       0.00       0.00          0          0          0          0          0          0          0          0          0          0          0
  disjunctive      :       0.00       0.00          0          0          0          0          0          0          0          0          0          0          0
  eccuts           :       0.00       0.00          0          0          0          0          0          0          0          0          0          0          0
  gauge            :       0.00       0.00          0          0          0          0          0          0          0          0          0          0          0
  gomory           :       0.00       0.00          0          0          0          0          0          0          0          0          0          0          0
  > gomorymi       :          -          -          -          -          -          -          -          0          0          0          0          0          -
  > strongcg       :          -          -          -          -          -          -          -          0          0          0          0          0          -
  impliedbounds    :       0.17       0.00       4741         91          0          0         19          0          0          0          0          0          0
  interlattice     :       0.11       0.00         60         60          0          0         60          0         60         58          0         58          0
  interminor       :       0.00       0.00          0          0          0          0          0          0          0          0          0          0          0
  intersub         :       0.00       0.00          0          0          0          0          0          0          0          0          0          0          0
  intobj           :       0.00       0.00          0          0          0          0          0          0          0          0          0          0          0
  mcf              :       0.00       0.00          1          1          0          0          0          0          0          0          0          0          0
  minor            :       0.00       0.00          0          0          0          0          0          0          0          0          0          0          0
  mixing           :       0.00       0.00       4741         91          0          0          0          0          0          0          0          0          0
  oddcycle         :       0.00       0.00          0          0          0          0          0          0          0          0          0          0          0
  rapidlearning    :       0.00       0.00          0          0          0          0          0          0          0          0          0          0          0
  rlt              :       0.00       0.00         10         10          0          0          0          0          0          0          0          0          0
  zerohalf         :      28.01       0.00       3722         20          0          0      19582     376278          0      55309      55309          0          0
Cutselectors       :   ExecTime  SetupTime      Calls  RootCalls   Selected     Forced   Filtered  RootSelec   RootForc   RootFilt 
  hybrid           :       0.39       0.00      11112         89      60778          0     321584        236          0         27
Pricers            :   ExecTime  SetupTime      Calls       Vars
  problem variables:       0.00          -          0          0
Branching Rules    :   ExecTime  SetupTime   BranchLP  BranchExt   BranchPS    Cutoffs    DomReds       Cuts      Conss   Children
  allfullstrong    :       0.00       0.00          0          0          0          0          0          0          0          0
  cloud            :       0.00       0.00          0          0          0          0          0          0          0          0
  distribution     :       0.00       0.00          0          0          0          0          0          0          0          0
  fullstrong       :       0.00       0.00          0          0          0          0          0          0          0          0
  inference        :       0.00       0.00          0          0          0          0          0          0          0          0
  leastinf         :       0.00       0.00          0          0          0          0          0          0          0          0
  lookahead        :       0.00       0.00          0          0          0          0          0          0          0          0
  mostinf          :       0.00       0.00          0          0          0          0          0          0          0          0
  multaggr         :       0.00       0.00          0          0          0          0          0          0          0          0
  nodereopt        :       0.00       0.00          0          0          0          0          0          0          0          0
  pscost           :       0.00       0.00          0          0          0          0          0          0          0          0
  random           :       0.00       0.00          0          0          0          0          0          0          0          0
  relpscost        :      62.07       0.00      72417          0          0          0      12869          0       5287     138712
  vanillafullstrong:       0.00       0.00          0          0          0          0          0          0          0          0
Primal Heuristics  :   ExecTime  SetupTime      Calls      Found       Best
  LP solutions     :       0.00          -          -          8          8
  relax solutions  :       0.00          -          -          0          0
  pseudo solutions :       0.00          -          -          0          0
  strong branching :       0.00          -          -          0          0
  actconsdiving    :       0.00       0.00          0          0          0
  adaptivediving   :       2.92       0.00        103          0          0
  alns             :       2.98       0.00         29          5          5
  bound            :       0.00       0.00          0          0          0
  clique           :       0.00       0.00          1          0          0
  coefdiving       :       0.00       0.00          0          0          0
  completesol      :       0.00       0.00          0          0          0
  conflictdiving   :       5.90       0.00        291          0          0
  crossover        :       0.00       0.00          0          0          0
  dins             :       0.00       0.00          0          0          0
  distributiondivin:      18.63       0.00        292          0          0
  dps              :       0.00       0.00          0          0          0
  dualval          :       0.00       0.00          0          0          0
  farkasdiving     :       0.00       0.00          0          0          0
  feaspump         :       0.00       0.00          0          0          0
  fixandinfer      :       0.00       0.00          0          0          0
  fracdiving       :       9.00       0.00        292          0          0
  gins             :       0.06       0.00          0          0          0
  guideddiving     :       8.94       0.00        293          0          0
  indicator        :       0.07       0.00          0          0          0
  indicatordiving  :       0.00       0.00          0          0          0
  intdiving        :       0.00       0.00          0          0          0
  intshifting      :       0.03       0.00         14          0          0
  linesearchdiving :       9.40       0.00        292          0          0
  localbranching   :       0.00       0.00          0          0          0
  locks            :       0.01       0.00          1          0          0
  lpface           :       0.14       0.00          0          0          0
  mpec             :       1.22       0.00          1          0          0
  multistart       :       0.00       0.00          0          0          0
  mutation         :       0.00       0.00          0          0          0
  nlpdiving        :       3.08       0.00          9          0          0
  objpscostdiving  :       5.18       0.00         22          3          1
  octane           :       0.00       0.00          0          0          0
  ofins            :       0.12       0.00          0          0          0
  oneopt           :       0.10       0.00         26          0          0
  padm             :       0.00       0.00          0          0          0
  proximity        :       0.00       0.00          0          0          0
  pscostdiving     :      10.54       0.00        292          0          0
  randrounding     :       0.39       0.00       3777          0          0
  rens             :       0.00       0.00          0          0          0
  reoptsols        :       0.00       0.00          0          0          0
  repair           :       0.00       0.00          0          0          0
  rins             :       2.31       0.00          6          2          2
  rootsoldiving    :       2.01       0.00          7          0          0
  rounding         :       0.80       0.00       3896          0          0
  shiftandpropagate:       0.00       0.00          0          0          0
  shifting         :      20.91       0.00       9605         10         10
  simplerounding   :       0.09       0.00          0          0          0
  subnlp           :      72.72       0.00          0          0          0
  trivial          :       0.00       0.00          2          2          2
  trivialnegation  :       0.00       0.00          0          0          0
  trustregion      :       0.00       0.00          0          0          0
  trysol           :       0.15       0.00          0          0          0
  twoopt           :       0.00       0.00          0          0          0
  undercover       :       1.09       0.00          1          1          1
  vbounds          :       0.00       0.00          0          0          0
  veclendiving     :       4.69       0.00        292          0          0
  zeroobj          :       0.00       0.00          0          0          0
  zirounding       :       0.21       0.00       1000          0          0
  other solutions  :          -          -          -          0          -
Diving (single)    :      Calls      Nodes   LP Iters Backtracks  Conflicts   MinDepth   MaxDepth   AvgDepth  RoundSols  NLeafSols  MinSolDpt  MaxSolDpt  AvgSolDpt
  actconsdiving    :          0          -          -          -          -          -          -          -          -          -          -          -          -
  coefdiving       :          0          -          -          -          -          -          -          -          -          -          -          -          -
  conflictdiving   :        291       5047      44134        304       3716         18         45       31.1          0          -          -          -          -
  distributiondivin:        292       3503     120718        520       4143         19         37       24.8          0          -          -          -          -
  farkasdiving     :          0          -          -          -          -          -          -          -          -          -          -          -          -
  fracdiving       :        292      34045      80603        189       1003         29        254      130.6          0          -          -          -          -
  guideddiving     :        293      30912      81114        165       1146         33        199      119.7          0          -          -          -          -
  indicatordiving  :          0          -          -          -          -          -          -          -          -          -          -          -          -
  linesearchdiving :        292       7602      89357        361       5158         23         58       39.4          0          -          -          -          -
  pscostdiving     :        292       4904     107658        300       4981         22         41       30.2          0          -          -          -          -
  veclendiving     :        292       5353      31536        296       4565         18         45       32.2          0          -          -          -          -
Diving (adaptive)  :      Calls      Nodes   LP Iters Backtracks  Conflicts   MinDepth   MaxDepth   AvgDepth  RoundSols  NLeafSols  MinSolDpt  MaxSolDpt  AvgSolDpt
  actconsdiving    :         20        219       8146         47        318         20         31       23.2          0          -          -          -          -
  coefdiving       :         32        604       4351         33        590         29         41       32.9          0          -          -          -          -
  conflictdiving   :          0          -          -          -          -          -          -          -          -          -          -          -          -
  distributiondivin:          0          -          -          -          -          -          -          -          -          -          -          -          -
  farkasdiving     :          0          -          -          -          -          -          -          -          -          -          -          -          -
  fracdiving       :          5        624       1494          2          6        122        156      139.6          0          -          -          -          -
  guideddiving     :          7        762       1948          2         13         54        157      122.3          0          -          -          -          -
  indicatordiving  :          0          -          -          -          -          -          -          -          -          -          -          -          -
  linesearchdiving :         13        364       2821         16        236         33         54       41.8          0          -          -          -          -
  pscostdiving     :         14        221       5134         14        210         23         35       29.4          0          -          -          -          -
  veclendiving     :         12        208       1069         12        165         24         34       30.5          0          -          -          -          -
Neighborhoods      :      Calls  SetupTime  SolveTime SolveNodes       Sols       Best       Exp3  EpsGreedy        UCB TgtFixRate  Opt  Inf Node Stal  Sol  Usr Othr Actv
  rens             :          3       0.05       0.01          1          0          0    0.00000   -1.00000    0.37498      0.550    0    2    0    0    0    0    1    1
  rins             :          3       0.08       0.02          3          0          0    0.00000   -1.00000    0.37309      0.550    0    2    0    0    0    0    1    1
  mutation         :          4       0.12       0.25         86          2          2    0.00000   -1.00000    0.53260      0.522    1    2    0    1    0    0    0    1
  localbranching   :          3       0.12       0.09         48          0          0    0.00000   -1.00000    0.47637      0.437    0    3    0    0    0    0    0    1
  crossover        :          5       0.14       0.29         84          0          0    0.00000   -1.00000    0.43662      0.416    0    4    0    1    0    0    0    1
  proximity        :          5       0.21       1.13        107          1          1    0.00000   -1.00000    0.48744      0.416    1    3    0    1    0    0    0    1
  zeroobjective    :          3       0.10       0.09         22          0          0    0.00000   -1.00000    0.51248      0.437    0    3    0    0    0    0    0    1
  dins             :          3       0.04       0.01          2          2          2    0.00000   -1.00000    0.50965      0.550    1    1    0    0    0    0    1    1
  trustregion      :          0       0.00       0.00          0          0          0    0.00000   -1.00000    1.00000      0.900    0    0    0    0    0    0    0    0
Expressions        :   #IntEval  IntEvalTi   #RevProp  RevPropTi    DomReds    Cutoffs  #Estimate  EstimTime  Branching  #Simplify SimplifyTi Simplified
  pow              :          0       0.00          0       0.00          0          0          0       0.00          0          0       0.00          0
  prod             :       3540       0.02          0       0.00          0          0          0       0.00          0       2655       0.00          0
  sum              :          8       0.00          2       0.00          0          0          0       0.00          0          3       0.01          2
  var              :       3327       0.00          0       0.00          0          0          0       0.00          0       6378       0.01          0
  varidx           :          0       0.00          0       0.00          0          0          0       0.00          0          0       0.00          0
LP                 :       Time      Calls Iterations  Iter/call   Iter/sec  Time-0-It Calls-0-It    ItLimit
  primal LP        :     155.59      14346          0       0.00       0.00     155.51      14346
  dual LP          :    2962.16     171646   24378319     162.33    8229.91       6.23      21469
  lex dual LP      :       0.00          0          0       0.00          -
  barrier LP       :       0.00          0          0       0.00          -       0.00          0
  resolve instable :       0.00          0          0       0.00          -
  diving/probing LP:      54.93       5475     649911     118.71   11831.62
  strong branching :      38.40       5755     495896      86.17   12913.96          -          -         87
    (at root node) :          -         19       4029     212.05          -
  conflict analysis:       6.85       4984      49235       9.88    7187.59
NLP relaxation     :
  solve time       :       3.06 (9 calls)
  convexity        :  nonconvex (1 linear rows, 0 convex ineq., 0 nonconvex ineq., 885 nonlinear eq. or two-sided ineq.)
NLP Solvers        :  #Problems  ProblemTi    #Solves  SolveTime      #Iter  Time/Iter      #Okay #TimeLimit #IterLimit #LObjLimit #Interrupt  #NumError #EvalError  #OutOfMem #LicenseEr #OtherTerm   #GlobOpt    #LocOpt  #Feasible #LocInfeas #GlobInfea #Unbounded   #Unknown
  ipopt            :          2       4.34         12       4.37        356       0.01         12          0          0          0          0          0          0          0          0          0          0          0          0          3          0          0          9
B&B Tree           :
  number of runs   :          1
  nodes            :     136173 (69356 internal, 66817 leaves)
  feasible leaves  :          8
  infeas. leaves   :        170
  objective leaves :      66638
  nodes (total)    :     136173 (69356 internal, 66817 leaves)
  nodes left       :       2500
  max depth        :         36
  max depth (total):         36
  backtracks       :      36752 (27.0%)
  early backtracks :          0 (0.0%)
  nodes exc. ref.  :          0 (0.0%)
  delayed cutoffs  :          6
  repropagations   :         87 (376 domain reductions, 1 cutoffs)
  avg switch length:       4.51
  switching time   :     181.48
Estim. Tree Size   :     218060
Estimation Tree    : 138713 nodes (136213 visited, 69356 internal, 66857 leaves, 2500 open), weight: 0.5347 completed 0.7349
Estimations        :      estim      value      trend resolution     smooth
  wbe              :     250088          -          -          -          -
  tree-profile     :         -1          -          -          -          -
  gap              :     399917    0.94023    0.00006        128     398990
  tree-weight      :     218061    0.53466    0.00141        128     219080
  leaf-frequency   :     239690    0.49082    0.00002        128     244185
  ssg              :     200510    0.14919   -0.00057        128     201909
  open-nodes       :     211114 2500.00000   -8.25991        128     212960
Root Node          :
  First LP value   : -1.00000000000000e+00
  First LP Iters   :        577 (19233.33 Iter/sec)
  First LP Time    :       0.03
  Final Dual Bound : -8.87076271186441e-01
  Final Root Iters :       1990
  Root LP Estimate : -5.35413343280899e-01
Solution           :
  Solutions found  :         31 (29 improvements)
  First Solution   : +1.00000000000000e+05   (in run 1, after 0 nodes, 0.02 seconds, depth 0, found by <trivial>)
  Gap First Sol.   :   infinite
  Gap Last Sol.    :      12.36 %
  Primal Bound     : -6.05649717514125e-01   (in run 1, after 61617 nodes, 1584.27 seconds, depth 23, found by <relaxation>)
  Dual Bound       : -6.44152805885825e-01
  Gap              :       6.36 %
Integrals          :      Total       Avg%
  primal-dual      :   41628.03      11.56
  primal-ref       :          -          - (not evaluated)
  dual-ref         :          -          - (not evaluated)
