SCIP Status        : solving was interrupted [time limit reached]
Total Time         :    3600.00
  solving          :    3600.00
  presolving       :       0.23 (included in solving)
  reading          :       0.00
  copying          :       1.68 (62 #copies) (minimal 0.00, maximal 0.06, average 0.03)
Original Problem   :
  Problem name     : bbbenchmark/g05_60.4.cut
  Variables        : 61 (60 binary, 0 integer, 0 implicit integer, 1 continuous)
  Constraints      : 1 initial, 1 maximal
  Objective        : minimize, 1 non-zeros (abs.min = 1, abs.max = 1)
Presolved Problem  :
  Problem name     : t_bbbenchmark/g05_60.4.cut
  Variables        : 946 (60 binary, 0 integer, 885 implicit integer, 1 continuous)
  Constraints      : 886 initial, 10387 maximal
  Objective        : minimize, 1 non-zeros (abs.min = 1, abs.max = 1)
  Nonzeros         : 3601 constraint, 122 clique table
Presolvers         :   ExecTime  SetupTime  Calls  FixedVars   AggrVars   ChgTypes  ChgBounds   AddHoles    DelCons    AddCons   ChgSides   ChgCoefs
  boundshift       :       0.00       0.00      0          0          0          0          0          0          0          0          0          0
  convertinttobin  :       0.00       0.00      0          0          0          0          0          0          0          0          0          0
  domcol           :       0.00       0.00      1          0          0          0          0          0          0          0          0          0
  dualagg          :       0.00       0.00      0          0          0          0          0          0          0          0          0          0
  dualcomp         :       0.00       0.00      1          0          0          0          0          0          0          0          0          0
  dualinfer        :       0.00       0.00      0          0          0          0          0          0          0          0          0          0
  dualsparsify     :       0.00       0.00      1          0          0          0          0          0          0          0          0          0
  gateextraction   :       0.00       0.00      0          0          0          0          0          0          0          0          0          0
  implics          :       0.00       0.00      2          0          0          0          0          0          0          0          0          0
  inttobinary      :       0.00       0.00      0          0          0          0          0          0          0          0          0          0
  qpkktref         :       0.00       0.00      0          0          0          0          0          0          0          0          0          0
  redvub           :       0.00       0.00      0          0          0          0          0          0          0          0          0          0
  sparsify         :       0.00       0.00      1          0          0          0          0          0          0          0          0          0
  stuffing         :       0.00       0.00      0          0          0          0          0          0          0          0          0          0
  trivial          :       0.00       0.00      4          0          0          0          0          0          0          0          0          0
  tworowbnd        :       0.00       0.00      0          0          0          0          0          0          0          0          0          0
  dualfix          :       0.00       0.00      4          0          0          0          0          0          0          0          0          0
  genvbounds       :       0.00       0.00      0          0          0          0          0          0          0          0          0          0
  probing          :       0.13       0.00      1          0          0          0          0          0          0          0          0          0
  pseudoobj        :       0.00       0.00      1          0          0          0          1          0          0          0          0          0
  symmetry         :       0.00       0.00      0          0          0          0          0          0          0          0          0          0
  vbounds          :       0.00       0.00      1          0          0          0          0          0          0          0          0          0
  and              :       0.00       0.00      2          0          0          0          0          0          0          0          0          0
  linear           :       0.00       0.00      2          0          0          0          0          0          0          0          0          0
  logicor          :       0.00       0.00      0          0          0          0          0          0          0          0          0          0
  nonlinear        :       0.10       0.00      5          0          0          0          1          0          0        885          0          0
  benders          :       0.00       0.00      0          0          0          0          0          0          0          0          0          0
  components       :       0.00       0.00      1          0          0          0          0          0          0          0          0          0
  root node        :          -          -      -          0          -          -         43          -          -          -          -          -
Constraints        :     Number  MaxNumber  #Separate #Propagate    #EnfoLP    #EnfoRelax  #EnfoPS    #Check   #ResProp    Cutoffs    DomReds       Cuts    Applied      Conss   Children
  benderslp        :          0          0          0          0     100333          0          0      27363          0          0          0          0          0          0          0
  integral         :          0          0          0          0     100333          0          0      27363          0          0       8587          0          0       4383     194866
  and              :        885        885     119083     660564         14          0          0         33     141833         38    3457556       2902       2751          0          0
  linear           :          1+         6         94     660526         14          0          0         31          0          0          0          0          0          0          0
  logicor          :          0+      9499          0     187832          0          0          0          0       1121        765        143          0          0          0          0
  benders          :          0          0          0          0         14          0          0         34          0          0          0          0          0          0          0
  countsols        :          0          0          0          0         14          0          0         34          0          0          0          0          0          0          0
  components       :          0          0          0          0          0          0          0          0          0          0          0          0          0          0          0
Constraint Timings :  TotalTime  SetupTime   Separate  Propagate     EnfoLP     EnfoPS     EnfoRelax   Check    ResProp    SB-Prop
  benderslp        :       0.07       0.00       0.00       0.00       0.07       0.00       0.00       0.00       0.00       0.00
  integral         :      51.65       0.00       0.00       0.00      51.61       0.00       0.00       0.04       0.00       0.00
  and              :      60.98       0.00      35.56      24.74       0.00       0.00       0.00       0.00       0.11       0.57
  linear           :       0.67       0.00       0.02       0.64       0.00       0.00       0.00       0.00       0.00       0.01
  logicor          :      21.32       0.00       0.00      21.27       0.00       0.00       0.00       0.00       0.00       0.05
  benders          :       0.00       0.00       0.00       0.00       0.00       0.00       0.00       0.00       0.00       0.00
  countsols        :       0.00       0.00       0.00       0.00       0.00       0.00       0.00       0.00       0.00       0.00
  components       :       0.18       0.00       0.00       0.18       0.00       0.00       0.00       0.00       0.00       0.00
Propagators        : #Propagate   #ResProp    Cutoffs    DomReds
  dualfix          :          4          0          0          0
  genvbounds       :          0          0          0          0
  nlobbt           :          0          0          0          0
  obbt             :          0          0          0          0
  probing          :          0          0          0          0
  pseudoobj        :     519155          0          0         45
  redcost          :     257590          0          0     504809
  rootredcost      :         26          0          0          0
  symmetry         :          0          0          0          0
  vbounds          :      48721          0          0          0
Propagator Timings :  TotalTime  SetupTime   Presolve  Propagate    ResProp    SB-Prop
  dualfix          :       0.00       0.00       0.00       0.00       0.00       0.00
  genvbounds       :       0.44       0.00       0.00       0.43       0.00       0.01
  nlobbt           :       0.00       0.00       0.00       0.00       0.00       0.00
  obbt             :       0.00       0.00       0.00       0.00       0.00       0.00
  probing          :       0.13       0.00       0.13       0.00       0.00       0.00
  pseudoobj        :       0.78       0.00       0.00       0.77       0.00       0.01
  redcost          :       9.33       0.00       0.00       9.33       0.00       0.00
  rootredcost      :       0.55       0.00       0.00       0.55       0.00       0.00
  symmetry         :       0.35       0.00       0.00       0.35       0.00       0.00
  vbounds          :       0.52       0.00       0.00       0.52       0.00       0.00
Conflict Analysis  :       Time      Calls    Success    DomReds  Conflicts   Literals    Reconvs ReconvLits   Dualrays   Nonzeros   LP Iters   (pool size: [10000,10000])
  propagation      :       0.00        803        521          -        597       29.3          0        0.0          -          -          -
  infeasible LP    :       0.00          0          0          -          0        0.0          0        0.0          5       29.6          0
  bound exceed. LP :      17.23      14995      11139          -      66345       35.2          8       25.8          0        0.0      65613
  strong branching :       0.00          0          0          -          0        0.0          0        0.0          -          -          0
  pseudo solution  :       0.00          0          0          -          0        0.0          0        0.0          -          -          -
  applied globally :       0.24          -          -          0      31251       34.9          -          -          5          -          -
  applied locally  :          -          -          -          0          0        0.0          -          -          0          -          -
Separators         :   ExecTime  SetupTime      Calls  RootCalls    Cutoffs    DomReds  FoundCuts ViaPoolAdd  DirectAdd    Applied ViaPoolApp  DirectApp      Conss
  cut pool         :       2.78          -      34544        124          -          -      22029     509374          -          -          -          -          -    (maximal pool size:       1642)
  aggregation      :       9.53       0.00       4349         94          0          0         42         25          0         13         13          0          0
  > cmir           :          -          -          -          -          -          -          -         25          0         13         13          0          -
  > flowcover      :          -          -          -          -          -          -          -          0          0          0          0          0          -
  > knapsackcover  :          -          -          -          -          -          -          -          0          0          0          0          0          -
  cgmip            :       0.00       0.00          0          0          0          0          0          0          0          0          0          0          0
  clique           :       0.00       0.00         94         94          0          0          0          0          0          0          0          0          0
  closecuts        :       0.00       0.00          0          0          0          0          0          0          0          0          0          0          0
  convexproj       :       0.00       0.00          0          0          0          0          0          0          0          0          0          0          0
  disjunctive      :       0.00       0.00          0          0          0          0          0          0          0          0          0          0          0
  eccuts           :       0.00       0.00          0          0          0          0          0          0          0          0          0          0          0
  gauge            :       0.00       0.00          0          0          0          0          0          0          0          0          0          0          0
  gomory           :       0.00       0.00          0          0          0          0          0          0          0          0          0          0          0
  > gomorymi       :          -          -          -          -          -          -          -          0          0          0          0          0          -
  > strongcg       :          -          -          -          -          -          -          -          0          0          0          0          0          -
  impliedbounds    :       0.15       0.00       4349         94          0          0          1          1          0          1          1          0          0
  interlattice     :       0.11       0.00         60         60          0          0         60          0         60         59          0         59          0
  interminor       :       0.00       0.00          0          0          0          0          0          0          0          0          0          0          0
  intersub         :       0.00       0.00          0          0          0          0          0          0          0          0          0          0          0
  intobj           :       0.00       0.00          0          0          0          0          0          0          0          0          0          0          0
  mcf              :       0.00       0.00          1          1          0          0          0          0          0          0          0          0          0
  minor            :       0.00       0.00          0          0          0          0          0          0          0          0          0          0          0
  mixing           :       0.01       0.00       4349         94          0          0          0          0          0          0          0          0          0
  oddcycle         :       0.00       0.00          0          0          0          0          0          0          0          0          0          0          0
  rapidlearning    :       0.04       0.00          0          0          0          0          0          0          0          0          0          0          0
  rlt              :       0.00       0.00         10         10          0          0          0          0          0          0          0          0          0
  zerohalf         :      15.84       0.00       3731         20          0          0      21986     509348          0      92910      92910          0          0
Cutselectors       :   ExecTime  SetupTime      Calls  RootCalls   Selected     Forced   Filtered  RootSelec   RootForc   RootFilt 
  hybrid           :       0.39       0.00      22609         92      95734          0     416602        215          0         11
Pricers            :   ExecTime  SetupTime      Calls       Vars
  problem variables:       0.00          -          0          0
Branching Rules    :   ExecTime  SetupTime   BranchLP  BranchExt   BranchPS    Cutoffs    DomReds       Cuts      Conss   Children
  allfullstrong    :       0.00       0.00          0          0          0          0          0          0          0          0
  cloud            :       0.00       0.00          0          0          0          0          0          0          0          0
  distribution     :       0.00       0.00          0          0          0          0          0          0          0          0
  fullstrong       :       0.00       0.00          0          0          0          0          0          0          0          0
  inference        :       0.00       0.00          0          0          0          0          0          0          0          0
  leastinf         :       0.00       0.00          0          0          0          0          0          0          0          0
  lookahead        :       0.00       0.00          0          0          0          0          0          0          0          0
  mostinf          :       0.00       0.00          0          0          0          0          0          0          0          0
  multaggr         :       0.00       0.00          0          0          0          0          0          0          0          0
  nodereopt        :       0.00       0.00          0          0          0          0          0          0          0          0
  pscost           :       0.00       0.00          0          0          0          0          0          0          0          0
  random           :       0.00       0.00          0          0          0          0          0          0          0          0
  relpscost        :      51.30       0.00     100319          0          0          0       8587          0       4396     194866
  vanillafullstrong:       0.00       0.00          0          0          0          0          0          0          0          0
Primal Heuristics  :   ExecTime  SetupTime      Calls      Found       Best
  LP solutions     :       0.00          -          -         14         14
  relax solutions  :       0.00          -          -          0          0
  pseudo solutions :       0.00          -          -          0          0
  strong branching :       0.02          -          -          2          2
  actconsdiving    :       0.00       0.00          0          0          0
  adaptivediving   :       2.48       0.00         97          0          0
  alns             :       3.91       0.00         31          5          5
  bound            :       0.00       0.00          0          0          0
  clique           :       0.00       0.00          1          0          0
  coefdiving       :       0.00       0.00          0          0          0
  completesol      :       0.00       0.00          0          0          0
  conflictdiving   :      13.25       0.00        580          0          0
  crossover        :       0.36       0.00          6          1          1
  dins             :       0.00       0.00          0          0          0
  distributiondivin:      31.54       0.00        580          0          0
  dps              :       0.00       0.00          0          0          0
  dualval          :       0.00       0.00          0          0          0
  farkasdiving     :       0.02       0.00          0          0          0
  feaspump         :       0.01       0.00          0          0          0
  fixandinfer      :       0.00       0.00          0          0          0
  fracdiving       :      18.87       0.00        580          0          0
  gins             :       0.13       0.00          0          0          0
  guideddiving     :      17.64       0.00        579          3          3
  indicator        :       0.16       0.00          0          0          0
  indicatordiving  :       0.00       0.00          0          0          0
  intdiving        :       0.00       0.00          0          0          0
  intshifting      :       0.08       0.00         30          0          0
  linesearchdiving :      15.40       0.00        579          0          0
  localbranching   :       0.00       0.00          0          0          0
  locks            :       0.00       0.00          1          0          0
  lpface           :       0.18       0.00          0          0          0
  mpec             :       0.87       0.00          1          0          0
  multistart       :       0.00       0.00          0          0          0
  mutation         :       0.00       0.00          0          0          0
  nlpdiving        :       5.46       0.00          9          0          0
  objpscostdiving  :      30.08       0.00        114          2          0
  octane           :       0.00       0.00          0          0          0
  ofins            :       0.18       0.00          0          0          0
  oneopt           :       0.16       0.00         38          0          0
  padm             :       0.00       0.00          0          0          0
  proximity        :       0.00       0.00          0          0          0
  pscostdiving     :      17.73       0.00        579          0          0
  randrounding     :       1.08       0.00      27325          0          0
  rens             :       0.00       0.00          0          0          0
  reoptsols        :       0.00       0.00          0          0          0
  repair           :       0.00       0.00          0          0          0
  rins             :       9.29       0.00         25          2          2
  rootsoldiving    :      17.58       0.00         68          0          0
  rounding         :       0.66       0.00       4855          0          0
  shiftandpropagate:       0.00       0.00          0          0          0
  shifting         :      45.50       0.00      22614         13         11
  simplerounding   :       0.17       0.00          0          0          0
  subnlp           :     101.36       0.00          0          0          0
  trivial          :       0.00       0.00          2          2          2
  trivialnegation  :       0.00       0.00          0          0          0
  trustregion      :       0.00       0.00          0          0          0
  trysol           :       0.18       0.00          0          0          0
  twoopt           :       0.00       0.00          0          0          0
  undercover       :       1.14       0.00          1          1          1
  vbounds          :       0.00       0.00          0          0          0
  veclendiving     :       9.14       0.00        580          0          0
  zeroobj          :       0.00       0.00          0          0          0
  zirounding       :       0.31       0.00       1000          0          0
  other solutions  :          -          -          -          0          -
Diving (single)    :      Calls      Nodes   LP Iters Backtracks  Conflicts   MinDepth   MaxDepth   AvgDepth  RoundSols  NLeafSols  MinSolDpt  MaxSolDpt  AvgSolDpt
  actconsdiving    :          0          -          -          -          -          -          -          -          -          -          -          -          -
  coefdiving       :          0          -          -          -          -          -          -          -          -          -          -          -          -
  conflictdiving   :        580      10222     149379        668       9920         22         48       32.3          0          -          -          -          -
  distributiondivin:        580       7567     235866        829       5768         21         38       27.5          0          -          -          -          -
  farkasdiving     :          0          -          -          -          -          -          -          -          -          -          -          -          -
  fracdiving       :        580      47196     190832        628       4310         27        232       96.0          0          -          -          -          -
  guideddiving     :        579      42091     187114        476       4134         28        219       87.6          0          3         62         66       64.3
  indicatordiving  :          0          -          -          -          -          -          -          -          -          -          -          -          -
  linesearchdiving :        579      13422     167965        670      11452         26         56       37.8          0          -          -          -          -
  pscostdiving     :        579      10268     210939        599       8797         23         46       32.4          0          -          -          -          -
  veclendiving     :        580      10544      70961        586      11088         24         47       33.0          0          -          -          -          -
Diving (adaptive)  :      Calls      Nodes   LP Iters Backtracks  Conflicts   MinDepth   MaxDepth   AvgDepth  RoundSols  NLeafSols  MinSolDpt  MaxSolDpt  AvgSolDpt
  actconsdiving    :         17        228       8651         34        183         24         38       28.6          0          -          -          -          -
  coefdiving       :         26        466       2882         26        478         29         47       33.3          0          -          -          -          -
  conflictdiving   :          0          -          -          -          -          -          -          -          -          -          -          -          -
  distributiondivin:          0          -          -          -          -          -          -          -          -          -          -          -          -
  farkasdiving     :          0          -          -          -          -          -          -          -          -          -          -          -          -
  fracdiving       :          6        472       1754          7         58         30        140       93.8          0          -          -          -          -
  guideddiving     :          9        442       3110          8         94         35        114       64.2          0          -          -          -          -
  indicatordiving  :          0          -          -          -          -          -          -          -          -          -          -          -          -
  linesearchdiving :         15        312       3091         18        291         28         46       38.1          0          -          -          -          -
  pscostdiving     :         10        178       3163         11        144         27         43       34.0          0          -          -          -          -
  veclendiving     :         14        254       1315         14        283         30         46       34.9          0          -          -          -          -
Neighborhoods      :      Calls  SetupTime  SolveTime SolveNodes       Sols       Best       Exp3  EpsGreedy        UCB TgtFixRate  Opt  Inf Node Stal  Sol  Usr Othr Actv
  rens             :          3       0.08       0.01          1          0          0    0.00000   -1.00000    0.37548      0.550    0    2    0    0    0    0    1    1
  rins             :          3       0.14       0.18         73          0          0    0.00000   -1.00000    0.45928      0.662    0    2    0    1    0    0    0    1
  mutation         :          6       0.30       0.32        150          2          2    0.00000   -1.00000    0.50036      0.562    1    3    0    2    0    0    0    1
  localbranching   :          2       0.13       0.03         19          0          0    0.00000   -1.00000    0.52850      0.550    0    2    0    0    0    0    0    1
  crossover        :          4       0.17       0.16         72          0          0    0.00000   -1.00000    0.46478      0.522    0    3    0    1    0    0    0    1
  proximity        :          8       0.47       0.96        291          2          2    0.00000   -1.00000    0.51585      0.627    2    3    0    3    0    0    0    1
  zeroobjective    :          2       0.08       0.03         27          0          0    0.00000   -1.00000    0.51833      0.550    0    2    0    0    0    0    0    1
  dins             :          3       0.19       0.21        192          1          1    0.00000   -1.00000    0.50069      0.437    1    2    0    0    0    0    0    1
  trustregion      :          0       0.00       0.00          0          0          0    0.00000   -1.00000    1.00000      0.900    0    0    0    0    0    0    0    0
Expressions        :   #IntEval  IntEvalTi   #RevProp  RevPropTi    DomReds    Cutoffs  #Estimate  EstimTime  Branching  #Simplify SimplifyTi Simplified
  pow              :          0       0.00          0       0.00          0          0          0       0.00          0          0       0.00          0
  prod             :       3540       0.00          0       0.00          0          0          0       0.00          0       2655       0.00          0
  sum              :          8       0.00          2       0.00          0          0          0       0.00          0          3       0.01          2
  var              :       3327       0.00          0       0.00          0          0          0       0.00          0       6378       0.00          0
  varidx           :          0       0.00          0       0.00          0          0          0       0.00          0          0       0.00          0
LP                 :       Time      Calls Iterations  Iter/call   Iter/sec  Time-0-It Calls-0-It    ItLimit
  primal LP        :     154.37      19785          0       0.00       0.00     154.32      19785
  dual LP          :    2768.51     241196   21887953     105.81    7906.04      10.66      34329
  lex dual LP      :       0.00          0          0       0.00          -
  barrier LP       :       0.00          0          0       0.00          -       0.00          0
  resolve instable :       0.00          0          0       0.00          -
  diving/probing LP:     131.31      14182    1642755     115.83   12510.51
  strong branching :      26.97       5363     352249      65.68   13060.77          -          -        130
    (at root node) :          -         19       3493     183.84          -
  conflict analysis:       7.89       6707      65613       9.78    8315.97
NLP relaxation     :
  solve time       :       5.45 (9 calls)
  convexity        :  nonconvex (1 linear rows, 0 convex ineq., 0 nonconvex ineq., 885 nonlinear eq. or two-sided ineq.)
NLP Solvers        :  #Problems  ProblemTi    #Solves  SolveTime      #Iter  Time/Iter      #Okay #TimeLimit #IterLimit #LObjLimit #Interrupt  #NumError #EvalError  #OutOfMem #LicenseEr #OtherTerm   #GlobOpt    #LocOpt  #Feasible #LocInfeas #GlobInfea #Unbounded   #Unknown
  ipopt            :          2       6.62         12       6.40        340       0.02         11          0          1          0          0          0          0          0          0          0          0          0          0          3          0          0          9
B&B Tree           :
  number of runs   :          1
  nodes            :     181507 (97433 internal, 84074 leaves)
  feasible leaves  :         14
  infeas. leaves   :        135
  objective leaves :      83925
  nodes (total)    :     181507 (97433 internal, 84074 leaves)
  nodes left       :      13267
  max depth        :         38
  max depth (total):         38
  backtracks       :      45778 (25.2%)
  early backtracks :          0 (0.0%)
  nodes exc. ref.  :          0 (0.0%)
  delayed cutoffs  :          0
  repropagations   :       4938 (166 domain reductions, 0 cutoffs)
  avg switch length:       4.30
  switching time   :     193.15
Estim. Tree Size   :    2723106
Estimation Tree    : 194867 nodes (181599 visited, 97433 internal, 84166 leaves, 13268 open), weight: 0.0772 completed 0.3600
Estimations        :      estim      value      trend resolution     smooth
  wbe              :    2181519          -          -          -          -
  tree-profile     :         -1          -          -          -          -
  gap              :    1050828    0.89838    0.00003        128    1011231
  tree-weight      :    2723106    0.07716    0.00009        128    2658091
  leaf-frequency   :    2036993    0.46347    0.00001        128    1835145
  ssg              :    1211875    0.47615   -0.00012        128    1225832
  open-nodes       :     363198 13268.00000    6.53465        128     362743
Root Node          :
  First LP value   : -1.00000000000000e+00
  First LP Iters   :        663 (22100.00 Iter/sec)
  First LP Time    :       0.03
  Final Dual Bound : -9.01129943502825e-01
  Final Root Iters :       1938
  Root LP Estimate : -5.24717636190554e-01
Solution           :
  Solutions found  :         45 (41 improvements)
  First Solution   : +1.00000000000000e+05   (in run 1, after 0 nodes, 0.01 seconds, depth 0, found by <trivial>)
  Gap First Sol.   :   infinite
  Gap Last Sol.    :      17.30 %
  Primal Bound     : -5.94350282485876e-01   (in run 1, after 70777 nodes, 1237.01 seconds, depth 20, found by <alns>)
  Dual Bound       : -6.61581920903955e-01
  Gap              :      11.31 %
Integrals          :      Total       Avg%
  primal-dual      :   52069.82      14.46
  primal-ref       :          -          - (not evaluated)
  dual-ref         :          -          - (not evaluated)
