SCIP Status        : solving was interrupted [time limit reached]
Total Time         :    3600.02
  solving          :    3600.01
  presolving       :       0.55 (included in solving)
  reading          :       0.01
  copying          :       2.62 (40 #copies) (minimal 0.00, maximal 0.12, average 0.07)
Original Problem   :
  Problem name     : bbbenchmark/pw05_100.7.cut
  Variables        : 101 (100 binary, 0 integer, 0 implicit integer, 1 continuous)
  Constraints      : 1 initial, 1 maximal
  Objective        : minimize, 1 non-zeros (abs.min = 1, abs.max = 1)
Presolved Problem  :
  Problem name     : t_bbbenchmark/pw05_100.7.cut
  Variables        : 1860 (100 binary, 0 integer, 1745 implicit integer, 15 continuous)
  Constraints      : 1788 initial, 9197 maximal
  Objective        : minimize, 1 non-zeros (abs.min = 1, abs.max = 1)
  Nonzeros         : 8625 constraint, 202 clique table
Presolvers         :   ExecTime  SetupTime  Calls  FixedVars   AggrVars   ChgTypes  ChgBounds   AddHoles    DelCons    AddCons   ChgSides   ChgCoefs
  boundshift       :       0.00       0.00      0          0          0          0          0          0          0          0          0          0
  convertinttobin  :       0.00       0.00      0          0          0          0          0          0          0          0          0          0
  domcol           :       0.00       0.00      1          0          0          0          0          0          0          0          0          0
  dualagg          :       0.00       0.00      0          0          0          0          0          0          0          0          0          0
  dualcomp         :       0.00       0.00      1          0          0          0          0          0          0          0          0          0
  dualinfer        :       0.00       0.00      0          0          0          0          0          0          0          0          0          0
  dualsparsify     :       0.00       0.00      1          0          0          0          0          0          0          0          0          0
  gateextraction   :       0.00       0.00      0          0          0          0          0          0          0          0          0          0
  implics          :       0.00       0.00      2          0          0          0          0          0          0          0          0          0
  inttobinary      :       0.00       0.00      0          0          0          0          0          0          0          0          0          0
  qpkktref         :       0.00       0.00      0          0          0          0          0          0          0          0          0          0
  redvub           :       0.00       0.00      0          0          0          0          0          0          0          0          0          0
  sparsify         :       0.00       0.00      1          0          0          0          0          0          0          0          0          0
  stuffing         :       0.00       0.00      0          0          0          0          0          0          0          0          0          0
  trivial          :       0.00       0.00      4          0          0          0          0          0          0          0          0          0
  tworowbnd        :       0.00       0.00      0          0          0          0          0          0          0          0          0          0
  dualfix          :       0.00       0.00      4          0          0          0          0          0          0          0          0          0
  genvbounds       :       0.00       0.00      0          0          0          0          0          0          0          0          0          0
  probing          :       0.31       0.00      1          0          0          0          0          0          0          0          0          0
  pseudoobj        :       0.00       0.00      1          0          0          0          1          0          0          0          0          0
  symmetry         :       0.00       0.00      0          0          0          0          0          0          0          0          0          0
  vbounds          :       0.00       0.00      1          0          0          0          0          0          0          0          0          0
  varbound         :       0.00       0.00      2          0          0          0          0          0          0          0          0          0
  and              :       0.01       0.00      2          0          0          0          0          0          0          0          0          0
  linear           :       0.00       0.00      2          0          0          0          0          0          0          0          0          0
  logicor          :       0.00       0.00      0          0          0          0          0          0          0          0          0          0
  bounddisjunction :       0.00       0.00      0          0          0          0          0          0          0          0          0          0
  nonlinear        :       0.19       0.00      5          0          0          0          1          0          0       1787          0          0
  benders          :       0.00       0.00      0          0          0          0          0          0          0          0          0          0
  components       :       0.01       0.00      1          0          0          0          0          0          0          0          0          0
  root node        :          -          -      -          0          -          -         12          -          -          -          -          -
Constraints        :     Number  MaxNumber  #Separate #Propagate    #EnfoLP    #EnfoRelax  #EnfoPS    #Check   #ResProp    Cutoffs    DomReds       Cuts    Applied      Conss   Children
  benderslp        :          0          0          0          0      42331          0          0       4410          0          0          0          0          0          0          0
  integral         :          0          0          0          0      42331          0          0       4410          0          0         25          0          0         14      84622
  varbound         :         14         14         95     309685          0          0          0         40          0          0      34122          0          0          0          0
  and              :       1745       1745      53850     347086          2          0          0         39     255448          0     178861       3852       3412          0          0
  linear           :         29+        32         95     347134          2          0          0         37        369          1     141443          0          0          0          0
  logicor          :          0+      7272          0      67823          0          0          0          0         10        103          5          0          0          0          0
  bounddisjunction :          0+       376          0      29427          0          0          0          0          0          4          0          0          0          0          0
  benders          :          0          0          0          0          2          0          0         28          0          0          0          0          0          0          0
  countsols        :          0          0          0          0          2          0          0         28          0          0          0          0          0          0          0
  components       :          0          0          0          0          0          0          0          0          0          0          0          0          0          0          0
Constraint Timings :  TotalTime  SetupTime   Separate  Propagate     EnfoLP     EnfoPS     EnfoRelax   Check    ResProp    SB-Prop
  benderslp        :       0.13       0.00       0.00       0.00       0.12       0.00       0.00       0.01       0.00       0.00
  integral         :      67.44       0.00       0.00       0.00      67.43       0.00       0.00       0.01       0.00       0.00
  varbound         :       0.47       0.00       0.00       0.45       0.00       0.00       0.00       0.00       0.00       0.02
  and              :      51.11       0.00      34.56      15.77       0.00       0.00       0.00       0.03       0.21       0.54
  linear           :       2.15       0.00       0.10       2.03       0.00       0.00       0.00       0.00       0.00       0.02
  logicor          :       6.94       0.00       0.00       6.93       0.00       0.00       0.00       0.00       0.00       0.01
  bounddisjunction :       0.65       0.00       0.00       0.65       0.00       0.00       0.00       0.00       0.00       0.00
  benders          :       0.00       0.00       0.00       0.00       0.00       0.00       0.00       0.00       0.00       0.00
  countsols        :       0.00       0.00       0.00       0.00       0.00       0.00       0.00       0.00       0.00       0.00
  components       :       0.11       0.00       0.00       0.11       0.00       0.00       0.00       0.00       0.00       0.00
Propagators        : #Propagate   #ResProp    Cutoffs    DomReds
  dualfix          :          4          0          0          0
  genvbounds       :          0          0          0          0
  nlobbt           :          0          0          0          0
  obbt             :          0          0          0          0
  probing          :          0          0          0          0
  pseudoobj        :     192573          0          0         96
  redcost          :     103162          0          0      34437
  rootredcost      :         13          0          0          0
  symmetry         :          0          0          0          0
  vbounds          :      57305          0          0          0
Propagator Timings :  TotalTime  SetupTime   Presolve  Propagate    ResProp    SB-Prop
  dualfix          :       0.00       0.00       0.00       0.00       0.00       0.00
  genvbounds       :       0.21       0.00       0.00       0.21       0.00       0.00
  nlobbt           :       0.00       0.00       0.00       0.00       0.00       0.00
  obbt             :       0.01       0.00       0.00       0.01       0.00       0.00
  probing          :       0.31       0.00       0.31       0.00       0.00       0.00
  pseudoobj        :       0.29       0.00       0.00       0.28       0.00       0.01
  redcost          :       7.21       0.00       0.00       7.21       0.00       0.00
  rootredcost      :       0.26       0.00       0.00       0.26       0.00       0.00
  symmetry         :       0.21       0.00       0.00       0.21       0.00       0.00
  vbounds          :       0.28       0.00       0.00       0.28       0.00       0.00
Conflict Analysis  :       Time      Calls    Success    DomReds  Conflicts   Literals    Reconvs ReconvLits   Dualrays   Nonzeros   LP Iters   (pool size: [10000,10000])
  propagation      :       0.00        107         70          -         80       59.6          0        0.0          -          -          -
  infeasible LP    :       0.03         17         17          -        701      134.4          0        0.0         24      180.9          0
  bound exceed. LP :      12.29       2534       2438          -      69317      111.2          0        0.0          0        0.0      27775
  strong branching :       0.00          0          0          -          0        0.0          0        0.0          -          -          0
  pseudo solution  :       0.00          0          0          -          0        0.0          0        0.0          -          -          -
  applied globally :       0.44          -          -          0      16328      125.8          -          -         24          -          -
  applied locally  :          -          -          -          0          0        0.0          -          -          0          -          -
Separators         :   ExecTime  SetupTime      Calls  RootCalls    Cutoffs    DomReds  FoundCuts ViaPoolAdd  DirectAdd    Applied ViaPoolApp  DirectApp      Conss
  cut pool         :      11.09          -      22396        119          -          -      42889    2962816          -          -          -          -          -    (maximal pool size:       4514)
  aggregation      :     557.89       0.00       8431         95          0          0        389        221          0         88         88          0          0
  > cmir           :          -          -          -          -          -          -          -        216          0         85         85          0          -
  > flowcover      :          -          -          -          -          -          -          -          5          0          3          3          0          -
  > knapsackcover  :          -          -          -          -          -          -          -          0          0          0          0          0          -
  cgmip            :       0.00       0.00          0          0          0          0          0          0          0          0          0          0          0
  clique           :       0.01       0.00         95         95          0          0          0          0          0          0          0          0          0
  closecuts        :       0.00       0.00          0          0          0          0          0          0          0          0          0          0          0
  convexproj       :       0.00       0.00          0          0          0          0          0          0          0          0          0          0          0
  disjunctive      :       0.00       0.00          0          0          0          0          0          0          0          0          0          0          0
  eccuts           :       0.00       0.00          0          0          0          0          0          0          0          0          0          0          0
  gauge            :       0.00       0.00          0          0          0          0          0          0          0          0          0          0          0
  gomory           :       0.00       0.00          0          0          0          0          0          0          0          0          0          0          0
  > gomorymi       :          -          -          -          -          -          -          -          0          0          0          0          0          -
  > strongcg       :          -          -          -          -          -          -          -          0          0          0          0          0          -
  impliedbounds    :       0.94       0.00       8431         95          0          0         35         14          0          7          7          0          0
  interlattice     :       0.00       0.00          0          0          0          0          0          0          0          0          0          0          0
  interminor       :       0.00       0.00          0          0          0          0          0          0          0          0          0          0          0
  intersub         :       1.44       0.00         60         60          0          0         60          0         60         60          0         60          0
  intobj           :       0.00       0.00          0          0          0          0          0          0          0          0          0          0          0
  mcf              :       0.00       0.00          1          1          0          0          0          0          0          0          0          0          0
  minor            :       0.02       0.00          0          0          0          0          0          0          0          0          0          0          0
  mixing           :       0.06       0.00       8431         95          0          0          0          0          0          0          0          0          0
  oddcycle         :       0.00       0.00          0          0          0          0          0          0          0          0          0          0          0
  rapidlearning    :       0.00       0.00          0          0          0          0          0          0          0          0          0          0          0
  rlt              :       0.00       0.00         10         10          0          0          0          0          0          0          0          0          0
  zerohalf         :      76.84       0.00       7487         20          0          0      42465    2962581          0     173121     173121          0          0
Cutselectors       :   ExecTime  SetupTime      Calls  RootCalls   Selected     Forced   Filtered  RootSelec   RootForc   RootFilt 
  hybrid           :       3.78       0.00      13079         93     176688          0    2790040        262          0          2
Pricers            :   ExecTime  SetupTime      Calls       Vars
  problem variables:       0.00          -          0          0
Branching Rules    :   ExecTime  SetupTime   BranchLP  BranchExt   BranchPS    Cutoffs    DomReds       Cuts      Conss   Children
  allfullstrong    :       0.00       0.00          0          0          0          0          0          0          0          0
  cloud            :       0.00       0.00          0          0          0          0          0          0          0          0
  distribution     :       0.00       0.00          0          0          0          0          0          0          0          0
  fullstrong       :       0.00       0.00          0          0          0          0          0          0          0          0
  inference        :       0.00       0.00          0          0          0          0          0          0          0          0
  leastinf         :       0.00       0.00          0          0          0          0          0          0          0          0
  lookahead        :       0.00       0.00          0          0          0          0          0          0          0          0
  mostinf          :       0.00       0.00          0          0          0          0          0          0          0          0
  multaggr         :       0.00       0.00          0          0          0          0          0          0          0          0
  nodereopt        :       0.00       0.00          0          0          0          0          0          0          0          0
  pscost           :       0.00       0.00          0          0          0          0          0          0          0          0
  random           :       0.00       0.00          0          0          0          0          0          0          0          0
  relpscost        :      67.27       0.00      42329          0          0          0         25          0         14      84622
  vanillafullstrong:       0.00       0.00          0          0          0          0          0          0          0          0
Primal Heuristics  :   ExecTime  SetupTime      Calls      Found       Best
  LP solutions     :       0.00          -          -          2          2
  relax solutions  :       0.00          -          -          0          0
  pseudo solutions :       0.00          -          -          0          0
  strong branching :       0.02          -          -          0          0
  actconsdiving    :       0.00       0.00          0          0          0
  adaptivediving   :       5.04       0.00         21          0          0
  alns             :       4.11       0.00         16          5          5
  bound            :       0.00       0.00          0          0          0
  clique           :       0.01       0.00          1          0          0
  coefdiving       :       0.00       0.00          0          0          0
  completesol      :       0.00       0.00          0          0          0
  conflictdiving   :      78.60       0.00        408          0          0
  crossover        :       6.91       0.00          8          1          1
  dins             :       0.00       0.00          0          0          0
  distributiondivin:      56.61       0.00        195          0          0
  dps              :       0.00       0.00          0          0          0
  dualval          :       0.00       0.00          0          0          0
  farkasdiving     :       0.00       0.00          0          0          0
  feaspump         :       0.65       0.00          1          1          1
  fixandinfer      :       0.00       0.00          0          0          0
  fracdiving       :      43.37       0.00        199          0          0
  gins             :       0.07       0.00          0          0          0
  guideddiving     :      41.70       0.00        199          0          0
  indicator        :       0.06       0.00          0          0          0
  indicatordiving  :       0.00       0.00          0          0          0
  intdiving        :       0.00       0.00          0          0          0
  intshifting      :       0.50       0.00         29          0          0
  linesearchdiving :      38.71       0.00        199          0          0
  localbranching   :       0.00       0.00          0          0          0
  locks            :       0.01       0.00          1          0          0
  lpface           :       0.08       0.00          0          0          0
  mpec             :     481.60       0.00         11          3          3
  multistart       :       0.00       0.00          0          0          0
  mutation         :       0.00       0.00          0          0          0
  nlpdiving        :      53.82       0.00          2          0          0
  objpscostdiving  :      71.37       0.00         36          5          1
  octane           :       0.00       0.00          0          0          0
  ofins            :       0.06       0.00          0          0          0
  oneopt           :       0.08       0.00         16          0          0
  padm             :       0.00       0.00          0          0          0
  proximity        :       0.00       0.00          0          0          0
  pscostdiving     :      44.11       0.00        200          3          3
  randrounding     :       0.85       0.00       4378          0          0
  rens             :       0.00       0.00          0          0          0
  reoptsols        :       0.00       0.00          0          0          0
  repair           :       0.00       0.00          0          0          0
  rins             :       2.06       0.00         15          0          0
  rootsoldiving    :      37.44       0.00         25          3          0
  rounding         :       0.95       0.00       3136          0          0
  shiftandpropagate:       0.00       0.00          0          0          0
  shifting         :      26.68       0.00       4898          1          1
  simplerounding   :       0.04       0.00          0          0          0
  subnlp           :      86.73       0.00          0          0          0
  trivial          :       0.00       0.00          2          2          2
  trivialnegation  :       0.00       0.00          0          0          0
  trustregion      :       0.00       0.00          0          0          0
  trysol           :       0.06       0.00          0          0          0
  twoopt           :       0.00       0.00          0          0          0
  undercover       :       2.04       0.00          1          1          1
  vbounds          :       0.00       0.00          0          0          0
  veclendiving     :      35.25       0.00        200          0          0
  zeroobj          :       0.00       0.00          0          0          0
  zirounding       :       0.47       0.00       1000          0          0
  other solutions  :          -          -          -          0          -
Diving (single)    :      Calls      Nodes   LP Iters Backtracks  Conflicts   MinDepth   MaxDepth   AvgDepth  RoundSols  NLeafSols  MinSolDpt  MaxSolDpt  AvgSolDpt
  actconsdiving    :          0          -          -          -          -          -          -          -          -          -          -          -          -
  coefdiving       :          0          -          -          -          -          -          -          -          -          -          -          -          -
  conflictdiving   :        408      17372     469975        414      29325         52         77       60.0          0          -          -          -          -
  distributiondivin:        195       7151     309268        220       5156         46         76       53.8          0          -          -          -          -
  farkasdiving     :          0          -          -          -          -          -          -          -          -          -          -          -          -
  fracdiving       :        199      31442     265683         64       1199         57        349      176.2          0          -          -          -          -
  guideddiving     :        199      26812     263218         12        387         57        306      152.7          0          -          -          -          -
  indicatordiving  :          0          -          -          -          -          -          -          -          -          -          -          -          -
  linesearchdiving :        199       8878     260745        214      10896         47         88       62.0          0          -          -          -          -
  pscostdiving     :        200       9355     300445        206       7858         55         78       63.2          0          3         64         78       69.3
  veclendiving     :        200       8486     218567        184      14754         54         86       59.6          0          -          -          -          -
Diving (adaptive)  :      Calls      Nodes   LP Iters Backtracks  Conflicts   MinDepth   MaxDepth   AvgDepth  RoundSols  NLeafSols  MinSolDpt  MaxSolDpt  AvgSolDpt
  actconsdiving    :          3        114       4503          3         76         50         56       52.7          0          -          -          -          -
  coefdiving       :          3        139       1968          3        175         57         88       69.0          0          -          -          -          -
  conflictdiving   :          0          -          -          -          -          -          -          -          -          -          -          -          -
  distributiondivin:          0          -          -          -          -          -          -          -          -          -          -          -          -
  farkasdiving     :          0          -          -          -          -          -          -          -          -          -          -          -          -
  fracdiving       :          3        710       5223          0          0        160        323      249.7          0          -          -          -          -
  guideddiving     :          8       1390      11888          0          0        102        259      190.2          0          -          -          -          -
  indicatordiving  :          0          -          -          -          -          -          -          -          -          -          -          -          -
  linesearchdiving :          3        146       3734          5        155         58         76       67.0          0          -          -          -          -
  pscostdiving     :          0          -          -          -          -          -          -          -          -          -          -          -          -
  veclendiving     :          1         39       1010          1         31         56         56       56.0          0          -          -          -          -
Neighborhoods      :      Calls  SetupTime  SolveTime SolveNodes       Sols       Best       Exp3  EpsGreedy        UCB TgtFixRate  Opt  Inf Node Stal  Sol  Usr Othr Actv
  rens             :          2       0.30       0.04         16          0          0    0.00000   -1.00000    0.52588      0.550    0    2    0    0    0    0    0    1
  rins             :          1       0.08       0.02         35          0          0    0.00000   -1.00000    0.53233      0.700    0    1    0    0    0    0    0    1
  mutation         :          5       0.82       1.38       1063          4          4    0.00000   -1.00000    0.50921      0.651    0    2    0    3    0    0    0    1
  localbranching   :          2       0.29       0.07         70          0          0    0.00000   -1.00000    0.46711      0.850    0    1    0    1    0    0    0    1
  crossover        :          1       0.11       0.02         33          0          0    0.00000   -1.00000    0.53433      0.700    0    1    0    0    0    0    0    1
  proximity        :          1       0.01       0.02         20          0          0    0.00000   -1.00000    0.54733      0.700    0    1    0    0    0    0    0    1
  zeroobjective    :          2       0.14       0.19        264          1          1    0.00000   -1.00000    0.49791      0.850    1    0    0    1    0    0    0    1
  dins             :          2       0.33       0.07         67          0          0    0.00000   -1.00000    0.46711      0.850    0    1    0    1    0    0    0    1
  trustregion      :          0       0.00       0.00          0          0          0    0.00000   -1.00000    1.00000      0.900    0    0    0    0    0    0    0    0
Expressions        :   #IntEval  IntEvalTi   #RevProp  RevPropTi    DomReds    Cutoffs  #Estimate  EstimTime  Branching  #Simplify SimplifyTi Simplified
  pow              :          0       0.00          0       0.00          0          0          0       0.00          0          0       0.00          0
  prod             :       9900       0.02          0       0.00          0          0          0       0.00          0       6695       0.01          0
  sum              :          8       0.00          2       0.00          0          0          0       0.00          0          3       0.06          2
  var              :       6389       0.00          0       0.00          0          0          0       0.00          0      15452       0.00          0
  varidx           :          0       0.00          0       0.00          0          0          0       0.00          0          0       0.00          0
LP                 :       Time      Calls Iterations  Iter/call   Iter/sec  Time-0-It Calls-0-It    ItLimit
  primal LP        :     133.01       7339          0       0.00       0.00     133.00       7339
  dual LP          :    1465.77      88798    5882368      70.56    4013.16       2.88       5426
  lex dual LP      :       0.00          0          0       0.00          -
  barrier LP       :       0.00          0          0       0.00          -       0.00          0
  resolve instable :       0.00          0          0       0.00          -
  diving/probing LP:     400.20       8731    2582140     295.74    6452.12
  strong branching :      51.49       1184     244857     206.80    4755.43          -          -        451
    (at root node) :          -         19       6515     342.89          -
  conflict analysis:       5.50       2791      27775       9.95    5050.00
NLP relaxation     :
  solve time       :      53.31 (6 calls)
  convexity        :  nonconvex (43 linear rows, 0 convex ineq., 0 nonconvex ineq., 1745 nonlinear eq. or two-sided ineq.)
NLP Solvers        :  #Problems  ProblemTi    #Solves  SolveTime      #Iter  Time/Iter      #Okay #TimeLimit #IterLimit #LObjLimit #Interrupt  #NumError #EvalError  #OutOfMem #LicenseEr #OtherTerm   #GlobOpt    #LocOpt  #Feasible #LocInfeas #GlobInfea #Unbounded   #Unknown
  ipopt            :         12       3.64         35     540.67       1721       0.31         33          0          2          0          0          0          0          0          0          0          0         21          1         10          0          0          3
B&B Tree           :
  number of runs   :          1
  nodes            :      70291 (42311 internal, 27980 leaves)
  feasible leaves  :          2
  infeas. leaves   :          3
  objective leaves :      27974
  nodes (total)    :      70291 (42311 internal, 27980 leaves)
  nodes left       :      14119
  max depth        :         60
  max depth (total):         60
  backtracks       :      17611 (25.1%)
  early backtracks :          0 (0.0%)
  nodes exc. ref.  :          0 (0.0%)
  delayed cutoffs  :          1
  repropagations   :         16 (12 domain reductions, 0 cutoffs)
  avg switch length:       6.33
  switching time   :     151.03
Estim. Tree Size   :     141008
Estimation Tree    : 84623 nodes (70504 visited, 42311 internal, 28193 leaves, 14119 open), weight: 0.0000 completed 0.1116
Estimations        :      estim      value      trend resolution     smooth
  wbe              : 47783375091997          -          -          -          -
  tree-profile     :         -1          -          -          -          -
  gap              :    3112153    0.69534    0.00001         32    3000320
  tree-weight      :     141008    0.00000    0.00000         32     140956
  leaf-frequency   :    1306606    0.39987    0.00001         32    1487992
  ssg              :    4057666    0.82382   -0.00001         32    3932330
  open-nodes       :     141008 14119.00000    7.76190         32     140956
Root Node          :
  First LP value   : -5.58545454545456e+00
  First LP Iters   :       1614 (9494.12 Iter/sec)
  First LP Time    :       0.17
  Final Dual Bound : -5.31095343775869e+00
  Final Root Iters :       5239
  Root LP Estimate : -1.58666902861360e+00
Solution           :
  Solutions found  :         27 (20 improvements)
  First Solution   : +1.00000000000000e+05   (in run 1, after 0 nodes, 0.01 seconds, depth 0, found by <trivial>)
  Gap First Sol.   :   infinite
  Gap Last Sol.    :      44.85 %
  Primal Bound     : -3.27030303030303e+00   (in run 1, after 52481 nodes, 2498.62 seconds, depth 20, found by <alns>)
  Dual Bound       : -4.70319846339757e+00
  Gap              :      43.82 %
Integrals          :      Total       Avg%
  primal-dual      :  124401.20      34.56
  primal-ref       :          -          - (not evaluated)
  dual-ref         :          -          - (not evaluated)
