SCIP Status        : solving was interrupted [time limit reached]
Total Time         :    3600.02
  solving          :    3600.01
  presolving       :       0.43 (included in solving)
  reading          :       0.01
  copying          :       1.17 (101 #copies) (minimal 0.00, maximal 0.02, average 0.01)
Original Problem   :
  Problem name     : bbbenchmark/pw09_100.5.cut
  Variables        : 101 (100 binary, 0 integer, 0 implicit integer, 1 continuous)
  Constraints      : 1 initial, 1 maximal
  Objective        : minimize, 1 non-zeros (abs.min = 1, abs.max = 1)
Presolved Problem  :
  Problem name     : t_bbbenchmark/pw09_100.5.cut
  Variables        : 1318 (100 binary, 0 integer, 1169 implicit integer, 49 continuous)
  Constraints      : 1314 initial, 3171 maximal
  Objective        : minimize, 1 non-zeros (abs.min = 1, abs.max = 1)
  Nonzeros         : 11637 constraint, 202 clique table
Presolvers         :   ExecTime  SetupTime  Calls  FixedVars   AggrVars   ChgTypes  ChgBounds   AddHoles    DelCons    AddCons   ChgSides   ChgCoefs
  boundshift       :       0.00       0.00      0          0          0          0          0          0          0          0          0          0
  convertinttobin  :       0.00       0.00      0          0          0          0          0          0          0          0          0          0
  domcol           :       0.00       0.00      1          0          0          0          0          0          0          0          0          0
  dualagg          :       0.00       0.00      0          0          0          0          0          0          0          0          0          0
  dualcomp         :       0.00       0.00      1          0          0          0          0          0          0          0          0          0
  dualinfer        :       0.00       0.00      0          0          0          0          0          0          0          0          0          0
  dualsparsify     :       0.00       0.00      1          0          0          0          0          0          0          0          0          0
  gateextraction   :       0.00       0.00      0          0          0          0          0          0          0          0          0          0
  implics          :       0.00       0.00      2          0          0          0          0          0          0          0          0          0
  inttobinary      :       0.00       0.00      0          0          0          0          0          0          0          0          0          0
  qpkktref         :       0.00       0.00      0          0          0          0          0          0          0          0          0          0
  redvub           :       0.00       0.00      0          0          0          0          0          0          0          0          0          0
  sparsify         :       0.00       0.00      1          0          0          0          0          0          0          0          0          0
  stuffing         :       0.00       0.00      0          0          0          0          0          0          0          0          0          0
  trivial          :       0.00       0.00      4          0          0          0          0          0          0          0          0          0
  tworowbnd        :       0.00       0.00      0          0          0          0          0          0          0          0          0          0
  dualfix          :       0.00       0.00      4          0          0          0          0          0          0          0          0          0
  genvbounds       :       0.00       0.00      0          0          0          0          0          0          0          0          0          0
  probing          :       0.21       0.00      1          0          0          0          0          0          0          0          0          0
  pseudoobj        :       0.00       0.00      1          0          0          0          1          0          0          0          0          0
  symmetry         :       0.00       0.00      0          0          0          0          0          0          0          0          0          0
  vbounds          :       0.00       0.00      1          0          0          0          0          0          0          0          0          0
  varbound         :       0.00       0.00      2          0          0          0          0          0          0          0          0          0
  and              :       0.00       0.00      2          0          0          0          0          0          0          0          0          0
  linear           :       0.01       0.00      2          0          0          0          0          0          0          0          0          0
  logicor          :       0.00       0.00      0          0          0          0          0          0          0          0          0          0
  bounddisjunction :       0.00       0.00      0          0          0          0          0          0          0          0          0          0
  nonlinear        :       0.20       0.01      5          0          0          0          1          0          0       1313          0          0
  benders          :       0.00       0.00      0          0          0          0          0          0          0          0          0          0
  components       :       0.00       0.00      1          0          0          0          0          0          0          0          0          0
  root node        :          -          -      -          0          -          -          8          -          -          -          -          -
Constraints        :     Number  MaxNumber  #Separate #Propagate    #EnfoLP    #EnfoRelax  #EnfoPS    #Check   #ResProp    Cutoffs    DomReds       Cuts    Applied      Conss   Children
  benderslp        :          0          0          0          0     462164          0          0      13242          0          0          0          0          0          0          0
  integral         :          0          0          0          0     462164          0          0      13242          0          0         79          0          0         17     924278
  varbound         :         48         48         35    2002608          0          0          0       2715        186          0     255511          0          0          0          0
  and              :       1169       1169     511668    2026000          0          0          0       1596     317043          2    1773011       4650       4275          0          0
  linear           :         97+       121         35    2026498          0          0          0       1594      34787        420    8457892          0          0          0          0
  logicor          :          0+       878          0     174067          0          0          0          0         38        878         11          0          0          0          0
  bounddisjunction :          0+      1228          0     200422          0          0          0          0          8        101          0          0          0          0          0
  benders          :          0          0          0          0          0          0          0        163          0          0          0          0          0          0          0
  countsols        :          0          0          0          0          0          0          0        163          0          0          0          0          0          0          0
  components       :          0          0          0          0          0          0          0          0          0          0          0          0          0          0          0
Constraint Timings :  TotalTime  SetupTime   Separate  Propagate     EnfoLP     EnfoPS     EnfoRelax   Check    ResProp    SB-Prop
  benderslp        :       0.52       0.00       0.00       0.00       0.50       0.00       0.00       0.02       0.00       0.00
  integral         :      93.66       0.00       0.00       0.00      93.50       0.00       0.00       0.16       0.00       0.00
  varbound         :       4.46       0.00       0.00       4.42       0.00       0.00       0.00       0.04       0.00       0.00
  and              :     190.51       0.00     144.48      45.18       0.00       0.00       0.00       0.50       0.23       0.12
  linear           :      50.97       0.00       0.03      50.78       0.00       0.00       0.00       0.03       0.13       0.00
  logicor          :       3.76       0.00       0.00       3.76       0.00       0.00       0.00       0.00       0.00       0.00
  bounddisjunction :       5.69       0.00       0.00       5.69       0.00       0.00       0.00       0.00       0.00       0.00
  benders          :       0.01       0.00       0.00       0.00       0.00       0.00       0.00       0.01       0.00       0.00
  countsols        :       0.00       0.00       0.00       0.00       0.00       0.00       0.00       0.00       0.00       0.00
  components       :       0.52       0.00       0.00       0.52       0.00       0.00       0.00       0.00       0.00       0.00
Propagators        : #Propagate   #ResProp    Cutoffs    DomReds
  dualfix          :          3          0          0          0
  genvbounds       :          0          0          0          0
  nlobbt           :          0          0          0          0
  obbt             :          0          0          0          0
  probing          :          0          0          0          0
  pseudoobj        :    1936844          2          0       5154
  redcost          :    1014701          0          0     405185
  rootredcost      :         11          0          0          0
  symmetry         :          0          0          0          0
  vbounds          :     402204          0          0          0
Propagator Timings :  TotalTime  SetupTime   Presolve  Propagate    ResProp    SB-Prop
  dualfix          :       0.00       0.00       0.00       0.00       0.00       0.00
  genvbounds       :       1.91       0.00       0.00       1.91       0.00       0.00
  nlobbt           :       0.00       0.00       0.00       0.00       0.00       0.00
  obbt             :       0.00       0.00       0.00       0.00       0.00       0.00
  probing          :       0.21       0.00       0.21       0.00       0.00       0.00
  pseudoobj        :       2.84       0.00       0.00       2.84       0.00       0.00
  redcost          :      47.32       0.00       0.00      47.32       0.00       0.00
  rootredcost      :       2.06       0.00       0.00       2.05       0.00       0.01
  symmetry         :       0.93       0.00       0.00       0.93       0.00       0.00
  vbounds          :       1.86       0.00       0.00       1.86       0.00       0.00
Conflict Analysis  :       Time      Calls    Success    DomReds  Conflicts   Literals    Reconvs ReconvLits   Dualrays   Nonzeros   LP Iters   (pool size: [10000,10000])
  propagation      :       0.03        983        523          -        740      103.7          0        0.0          -          -          -
  infeasible LP    :       0.21        110        110          -       3469      140.8          0        0.0        861      125.4          0
  bound exceed. LP :      31.71       9349       9060          -     124497      110.2          1       80.0          0        0.0     136079
  strong branching :       0.00          0          0          -          0        0.0          0        0.0          -          -          0
  pseudo solution  :       0.00          0          0          -          0        0.0          0        0.0          -          -          -
  applied globally :       0.57          -          -          0      27370      101.9          -          -        861          -          -
  applied locally  :          -          -          -          0          0        0.0          -          -          0          -          -
Separators         :   ExecTime  SetupTime      Calls  RootCalls    Cutoffs    DomReds  FoundCuts ViaPoolAdd  DirectAdd    Applied ViaPoolApp  DirectApp      Conss
  cut pool         :       2.29          -      79998         57          -          -      27018     192629          -          -          -          -          -    (maximal pool size:       1424)
  aggregation      :      40.79       0.00       3875         35          0          0       1727       3425          0        760        760          0          0
  > cmir           :          -          -          -          -          -          -          -       3227          0        684        684          0          -
  > flowcover      :          -          -          -          -          -          -          -        198          0         76         76          0          -
  > knapsackcover  :          -          -          -          -          -          -          -          0          0          0          0          0          -
  cgmip            :       0.00       0.00          0          0          0          0          0          0          0          0          0          0          0
  clique           :       0.00       0.00         35         35          0          0          0          0          0          0          0          0          0
  closecuts        :       0.00       0.00          0          0          0          0          0          0          0          0          0          0          0
  convexproj       :       0.00       0.00          0          0          0          0          0          0          0          0          0          0          0
  disjunctive      :       0.00       0.00          0          0          0          0          0          0          0          0          0          0          0
  eccuts           :       0.00       0.00          0          0          0          0          0          0          0          0          0          0          0
  gauge            :       0.00       0.00          0          0          0          0          0          0          0          0          0          0          0
  gomory           :       0.00       0.00          0          0          0          0          0          0          0          0          0          0          0
  > gomorymi       :          -          -          -          -          -          -          -          0          0          0          0          0          -
  > strongcg       :          -          -          -          -          -          -          -          0          0          0          0          0          -
  impliedbounds    :       0.30       0.00       3875         35          0          0          3          0          0          0          0          0          0
  interlattice     :       0.07       0.00         14         14          0          0         14          0         14         14          0         14          0
  interminor       :       0.00       0.00          0          0          0          0          0          0          0          0          0          0          0
  intersub         :       0.00       0.00          0          0          0          0          0          0          0          0          0          0          0
  intobj           :       0.00       0.00          0          0          0          0          0          0          0          0          0          0          0
  mcf              :       0.00       0.00          1          1          0          0          0          0          0          0          0          0          0
  minor            :       0.00       0.00          0          0          0          0          0          0          0          0          0          0          0
  mixing           :       0.03       0.00       3875         35          0          0          0          0          0          0          0          0          0
  oddcycle         :       0.00       0.00          0          0          0          0          0          0          0          0          0          0          0
  rapidlearning    :       0.01       0.00          0          0          0          0          0          0          0          0          0          0          0
  rlt              :       0.00       0.00         10         10          0          0          0          0          0          0          0          0          0
  zerohalf         :      20.00       0.00       3721         20          0          0      25288     189204          0      83090      83090          0          0
Cutselectors       :   ExecTime  SetupTime      Calls  RootCalls   Selected     Forced   Filtered  RootSelec   RootForc   RootFilt 
  hybrid           :       0.26       0.00      12398         35      88139          0     109154        154          0          1
Pricers            :   ExecTime  SetupTime      Calls       Vars
  problem variables:       0.00          -          0          0
Branching Rules    :   ExecTime  SetupTime   BranchLP  BranchExt   BranchPS    Cutoffs    DomReds       Cuts      Conss   Children
  allfullstrong    :       0.00       0.00          0          0          0          0          0          0          0          0
  cloud            :       0.00       0.00          0          0          0          0          0          0          0          0
  distribution     :       0.00       0.00          0          0          0          0          0          0          0          0
  fullstrong       :       0.00       0.00          0          0          0          0          0          0          0          0
  inference        :       0.00       0.00          0          0          0          0          0          0          0          0
  leastinf         :       0.00       0.00          0          0          0          0          0          0          0          0
  lookahead        :       0.00       0.00          0          0          0          0          0          0          0          0
  mostinf          :       0.00       0.00          0          0          0          0          0          0          0          0
  multaggr         :       0.00       0.00          0          0          0          0          0          0          0          0
  nodereopt        :       0.00       0.00          0          0          0          0          0          0          0          0
  pscost           :       0.00       0.00          0          0          0          0          0          0          0          0
  random           :       0.00       0.00          0          0          0          0          0          0          0          0
  relpscost        :      91.99       0.00     462164          0          0          0         79          0         17     924278
  vanillafullstrong:       0.00       0.00          0          0          0          0          0          0          0          0
Primal Heuristics  :   ExecTime  SetupTime      Calls      Found       Best
  LP solutions     :       0.00          -          -          0          0
  relax solutions  :       0.00          -          -          0          0
  pseudo solutions :       0.00          -          -          0          0
  strong branching :       0.01          -          -          0          0
  actconsdiving    :       0.00       0.00          0          0          0
  adaptivediving   :       2.71       0.00         41          0          0
  alns             :       2.49       0.00         37          2          2
  bound            :       0.00       0.00          0          0          0
  clique           :       0.01       0.00          1          0          0
  coefdiving       :       0.00       0.00          0          0          0
  completesol      :       0.00       0.00          0          0          0
  conflictdiving   :     142.71       0.00       1876          0          0
  crossover        :       9.47       0.00          9          0          0
  dins             :       0.00       0.00          0          0          0
  distributiondivin:      81.70       0.00        701          0          0
  dps              :       0.00       0.00          0          0          0
  dualval          :       0.00       0.00          0          0          0
  farkasdiving     :       0.04       0.00          0          0          0
  feaspump         :       0.15       0.00          2          0          0
  fixandinfer      :       0.00       0.00          0          0          0
  fracdiving       :      48.56       0.00        641          0          0
  gins             :       0.54       0.00          0          0          0
  guideddiving     :      51.33       0.00        691          5          5
  indicator        :       0.56       0.00          0          0          0
  indicatordiving  :       0.00       0.00          0          0          0
  intdiving        :       0.00       0.00          0          0          0
  intshifting      :       1.19       0.00        202          0          0
  linesearchdiving :      45.74       0.00        820          2          2
  localbranching   :       0.00       0.00          0          0          0
  locks            :       0.01       0.00          1          0          0
  lpface           :       0.52       0.00          0          0          0
  mpec             :      54.75       0.00         11          0          0
  multistart       :       0.00       0.00          0          0          0
  mutation         :       0.00       0.00          0          0          0
  nlpdiving        :      11.57       0.00          3          0          0
  objpscostdiving  :      48.17       0.00        312         70          1
  octane           :       0.00       0.00          0          0          0
  ofins            :       0.43       0.00          0          0          0
  oneopt           :       0.34       0.00         14          0          0
  padm             :       0.00       0.00          0          0          0
  proximity        :       0.00       0.00          0          0          0
  pscostdiving     :      46.68       0.00        489          1          1
  randrounding     :       1.23       0.00      13089          0          0
  rens             :       0.00       0.00          0          0          0
  reoptsols        :       0.00       0.00          0          0          0
  repair           :       0.00       0.00          0          0          0
  rins             :       9.98       0.00         54          1          1
  rootsoldiving    :      36.13       0.00        548         75          0
  rounding         :       2.48       0.00       9706          0          0
  shiftandpropagate:       0.00       0.00          0          0          0
  shifting         :      36.53       0.00      12838          1          1
  simplerounding   :       0.33       0.00          0          0          0
  subnlp           :     441.50       0.00          0          0          0
  trivial          :       0.01       0.00          2          2          2
  trivialnegation  :       0.00       0.00          0          0          0
  trustregion      :       0.00       0.00          0          0          0
  trysol           :       0.54       0.00          0          0          0
  twoopt           :       0.00       0.00          0          0          0
  undercover       :       4.57       0.00          1          1          1
  vbounds          :       0.00       0.00          0          0          0
  veclendiving     :      47.87       0.00        940          0          0
  zeroobj          :       0.00       0.00          0          0          0
  zirounding       :       0.60       0.00       1000          0          0
  other solutions  :          -          -          -          0          -
Diving (single)    :      Calls      Nodes   LP Iters Backtracks  Conflicts   MinDepth   MaxDepth   AvgDepth  RoundSols  NLeafSols  MinSolDpt  MaxSolDpt  AvgSolDpt
  actconsdiving    :          0          -          -          -          -          -          -          -          -          -          -          -          -
  coefdiving       :          0          -          -          -          -          -          -          -          -          -          -          -          -
  conflictdiving   :       1876      61885    1358520       1674      33597         65         96       81.0          0          -          -          -          -
  distributiondivin:        701      22923     458421        809      13016         61         93       76.3          0          -          -          -          -
  farkasdiving     :          0          -          -          -          -          -          -          -          -          -          -          -          -
  fracdiving       :        641      41928     459098        475       5543         68        333      107.5          0          -          -          -          -
  guideddiving     :        691      41095     490808        321       8109         72        280      104.4          0          5        102        136      119.6
  indicatordiving  :          0          -          -          -          -          -          -          -          -          -          -          -          -
  linesearchdiving :        820      37662     468702        273      18765         68        111       89.7          0          2         92         95       93.5
  pscostdiving     :        489      19300     470463        498       8526         66         96       80.4          0          1         84         84       84.0
  veclendiving     :        940      39302     456090        729      40734         71         97       84.2          0          -          -          -          -
Diving (adaptive)  :      Calls      Nodes   LP Iters Backtracks  Conflicts   MinDepth   MaxDepth   AvgDepth  RoundSols  NLeafSols  MinSolDpt  MaxSolDpt  AvgSolDpt
  actconsdiving    :          3        108       1139          3         40         74         75       74.3          0          -          -          -          -
  coefdiving       :         15        767       7633         11        736         78         96       86.1          0          -          -          -          -
  conflictdiving   :          0          -          -          -          -          -          -          -          -          -          -          -          -
  distributiondivin:          0          -          -          -          -          -          -          -          -          -          -          -          -
  farkasdiving     :          0          -          -          -          -          -          -          -          -          -          -          -          -
  fracdiving       :          3        157       1095          2         13         82        130      100.3          0          -          -          -          -
  guideddiving     :          5        395       5162          1         68         79        160      109.6          0          -          -          -          -
  indicatordiving  :          0          -          -          -          -          -          -          -          -          -          -          -          -
  linesearchdiving :         10        561       6149          0        198         72        102       91.1          0          -          -          -          -
  pscostdiving     :          1         71       1601          1         23         91         91       91.0          0          -          -          -          -
  veclendiving     :          4        115        956          1        101         77         92       81.8          0          -          -          -          -
Neighborhoods      :      Calls  SetupTime  SolveTime SolveNodes       Sols       Best       Exp3  EpsGreedy        UCB TgtFixRate  Opt  Inf Node Stal  Sol  Usr Othr Actv
  rens             :          3       0.04       0.17         73          0          0    0.00000   -1.00000    0.46702      0.662    0    2    0    1    0    0    0    1
  rins             :         21       0.40       0.67        953          2          2    0.00000   -1.00000    0.48708      0.824    1   11    0    9    0    0    0    1
  mutation         :          2       0.04       0.09         73          0          0    0.00000   -1.00000    0.47830      0.850    0    1    0    1    0    0    0    1
  localbranching   :          2       0.03       0.18        139          0          0    0.00000   -1.00000    0.44962      0.850    0    1    0    1    0    0    0    1
  crossover        :          3       0.04       0.23        168          0          0    0.00000   -1.00000    0.46705      0.900    0    1    0    2    0    0    0    1
  proximity        :          2       0.03       0.12         65          0          0    0.00000   -1.00000    0.47603      0.850    0    1    0    1    0    0    0    1
  zeroobjective    :          2       0.04       0.05         59          0          0    0.00000   -1.00000    0.47577      0.850    0    1    0    1    0    0    0    1
  dins             :          2       0.02       0.15        142          0          0    0.00000   -1.00000    0.45145      0.850    0    1    0    1    0    0    0    1
  trustregion      :          0       0.00       0.00          0          0          0    0.00000   -1.00000    1.00000      0.900    0    0    0    0    0    0    0    0
Expressions        :   #IntEval  IntEvalTi   #RevProp  RevPropTi    DomReds    Cutoffs  #Estimate  EstimTime  Branching  #Simplify SimplifyTi Simplified
  pow              :          0       0.00          0       0.00          0          0          0       0.00          0          0       0.00          0
  prod             :      17820       0.00          0       0.00          0          0          0       0.00          0      10079       0.00          0
  sum              :          8       0.00          2       0.00          0          0          0       0.00          0          3       0.05          2
  var              :       4763       0.00          0       0.00          0          0          0       0.00          0      21678       0.00          0
  varidx           :          0       0.00          0       0.00          0          0          0       0.00          0          0       0.00          0
LP                 :       Time      Calls Iterations  Iter/call   Iter/sec  Time-0-It Calls-0-It    ItLimit
  primal LP        :     103.85      29032          0       0.00       0.00     103.67      29032
  dual LP          :    1327.06     706586    9001343      14.32    6782.92      26.55      77998
  lex dual LP      :       0.00          0          0       0.00          -
  barrier LP       :       0.00          0          0       0.00          -       0.00          0
  resolve instable :       0.00          0          0       0.00          -
  diving/probing LP:     414.16      41259    4771884     115.66   11521.84
  strong branching :       4.77        549      43426      79.10    9103.98          -          -         14
    (at root node) :          -         21       2789     132.81          -
  conflict analysis:      15.79      14615     136079       9.31    8618.05
NLP relaxation     :
  solve time       :      11.37 (18 calls)
  convexity        :  nonconvex (145 linear rows, 0 convex ineq., 0 nonconvex ineq., 1169 nonlinear eq. or two-sided ineq.)
NLP Solvers        :  #Problems  ProblemTi    #Solves  SolveTime      #Iter  Time/Iter      #Okay #TimeLimit #IterLimit #LObjLimit #Interrupt  #NumError #EvalError  #OutOfMem #LicenseEr #OtherTerm   #GlobOpt    #LocOpt  #Feasible #LocInfeas #GlobInfea #Unbounded   #Unknown
  ipopt            :         12      17.44         57      66.01       1592       0.04         53          0          4          0          0          0          0          0          0          0          0         31          2         20          0          0          4
B&B Tree           :
  number of runs   :          1
  nodes            :     616195 (462139 internal, 154056 leaves)
  feasible leaves  :          0
  infeas. leaves   :         16
  objective leaves :     154040
  nodes (total)    :     616195 (462139 internal, 154056 leaves)
  nodes left       :     299195
  max depth        :         76
  max depth (total):         76
  backtracks       :     104632 (17.0%)
  early backtracks :          0 (0.0%)
  nodes exc. ref.  :          0 (0.0%)
  delayed cutoffs  :          1
  repropagations   :         32 (138 domain reductions, 0 cutoffs)
  avg switch length:       6.52
  switching time   :     229.72
Estim. Tree Size   :    1250168
Estimation Tree    : 924279 nodes (625084 visited, 462139 internal, 162945 leaves, 299195 open), weight: 0.0000 completed 0.1289
Estimations        :      estim      value      trend resolution     smooth
  wbe              :         in          -          -          -          -
  tree-profile     :         -1          -          -          -          -
  gap              :   20827149    0.60917    0.00001        256   20878717
  tree-weight      :    1250168    0.00000    0.00000        256    1242027
  leaf-frequency   :    1250168    0.26068   -0.00005        256    1371002
  ssg              :   48743327    0.79651   -0.00001        256   49975115
  open-nodes       :    1250168 299195.00000  403.54876        256    1242027
Root Node          :
  First LP value   : -5.52794612794613e+00
  First LP Iters   :       2274 (13376.47 Iter/sec)
  First LP Time    :       0.17
  Final Dual Bound : -5.29177634074148e+00
  Final Root Iters :       3431
  Root LP Estimate : -1.43776029625949e+00
Solution           :
  Solutions found  :        160 (16 improvements)
  First Solution   : +1.00000000000000e+05   (in run 1, after 0 nodes, 0.04 seconds, depth 0, found by <trivial>)
  Gap First Sol.   :   infinite
  Gap Last Sol.    :      64.79 %
  Primal Bound     : -2.95578002244670e+00   (in run 1, after 481698 nodes, 2808.68 seconds, depth 128, found by <guideddiving>)
  Dual Bound       : -4.85211847515458e+00
  Gap              :      64.16 %
Integrals          :      Total       Avg%
  primal-dual      :  145692.60      40.47
  primal-ref       :          -          - (not evaluated)
  dual-ref         :          -          - (not evaluated)
