SCIP Status        : solving was interrupted [time limit reached]
Total Time         :    3600.00
  solving          :    3600.00
  presolving       :       0.36 (included in solving)
  reading          :       0.00
  copying          :       1.06 (38 #copies) (minimal 0.00, maximal 0.04, average 0.03)
Original Problem   :
  Problem name     : bbbenchmark/g05_80.4.cut
  Variables        : 81 (80 binary, 0 integer, 0 implicit integer, 1 continuous)
  Constraints      : 1 initial, 1 maximal
  Objective        : minimize, 1 non-zeros (abs.min = 1, abs.max = 1)
Presolved Problem  :
  Problem name     : t_bbbenchmark/g05_80.4.cut
  Variables        : 1610 (80 binary, 0 integer, 1528 implicit integer, 2 continuous)
  Constraints      : 1532 initial, 6484 maximal
  Objective        : minimize, 1 non-zeros (abs.min = 1, abs.max = 1)
  Nonzeros         : 6303 constraint, 162 clique table
Presolvers         :   ExecTime  SetupTime  Calls  FixedVars   AggrVars   ChgTypes  ChgBounds   AddHoles    DelCons    AddCons   ChgSides   ChgCoefs
  boundshift       :       0.00       0.00      0          0          0          0          0          0          0          0          0          0
  convertinttobin  :       0.00       0.00      0          0          0          0          0          0          0          0          0          0
  domcol           :       0.00       0.00      1          0          0          0          0          0          0          0          0          0
  dualagg          :       0.00       0.00      0          0          0          0          0          0          0          0          0          0
  dualcomp         :       0.00       0.00      1          0          0          0          0          0          0          0          0          0
  dualinfer        :       0.00       0.00      0          0          0          0          0          0          0          0          0          0
  dualsparsify     :       0.00       0.00      1          0          0          0          0          0          0          0          0          0
  gateextraction   :       0.00       0.00      0          0          0          0          0          0          0          0          0          0
  implics          :       0.00       0.00      2          0          0          0          0          0          0          0          0          0
  inttobinary      :       0.00       0.00      0          0          0          0          0          0          0          0          0          0
  qpkktref         :       0.00       0.00      0          0          0          0          0          0          0          0          0          0
  redvub           :       0.00       0.00      0          0          0          0          0          0          0          0          0          0
  sparsify         :       0.00       0.00      1          0          0          0          0          0          0          0          0          0
  stuffing         :       0.00       0.00      0          0          0          0          0          0          0          0          0          0
  trivial          :       0.00       0.00      4          0          0          0          0          0          0          0          0          0
  tworowbnd        :       0.00       0.00      0          0          0          0          0          0          0          0          0          0
  dualfix          :       0.00       0.00      4          0          0          0          0          0          0          0          0          0
  genvbounds       :       0.00       0.00      0          0          0          0          0          0          0          0          0          0
  probing          :       0.24       0.00      1          0          0          0          0          0          0          0          0          0
  pseudoobj        :       0.00       0.00      1          0          0          0          1          0          0          0          0          0
  symmetry         :       0.00       0.00      0          0          0          0          0          0          0          0          0          0
  vbounds          :       0.00       0.00      1          0          0          0          0          0          0          0          0          0
  varbound         :       0.00       0.00      2          0          0          0          0          0          0          0          0          0
  and              :       0.01       0.01      2          0          0          0          0          0          0          0          0          0
  linear           :       0.00       0.00      2          0          0          0          0          0          0          0          0          0
  logicor          :       0.00       0.00      0          0          0          0          0          0          0          0          0          0
  bounddisjunction :       0.00       0.00      0          0          0          0          0          0          0          0          0          0
  nonlinear        :       0.10       0.01      5          0          0          0          1          0          0       1531          0          0
  benders          :       0.00       0.00      0          0          0          0          0          0          0          0          0          0
  components       :       0.00       0.00      1          0          0          0          0          0          0          0          0          0
  root node        :          -          -      -          0          -          -         24          -          -          -          -          -
Constraints        :     Number  MaxNumber  #Separate #Propagate    #EnfoLP    #EnfoRelax  #EnfoPS    #Check   #ResProp    Cutoffs    DomReds       Cuts    Applied      Conss   Children
  benderslp        :          0          0          0          0      78123          0          0       2702          0          0          0          0          0          0          0
  integral         :          0          0          0          0      78123          0          0       2702          0          0       6599          0          0       4033     151810
  varbound         :          1          1         43      65644          0          0          0         28          0          0       1277          0          0          0          0
  and              :       1528       1528      87530     573148          2          0          0         28     220028          8    2683957       1502       1465          0          0
  linear           :          3+         4         43     573142          2          0          0         26         66          0      26668          0          0          0          0
  logicor          :          0+      4914          0     139522          0          0          0          0       1469        497        109          0          0          0          0
  bounddisjunction :          0+        88          0      23180          0          0          0          0          2          0          0          0          0          0          0
  benders          :          0          0          0          0          2          0          0         29          0          0          0          0          0          0          0
  countsols        :          0          0          0          0          2          0          0         29          0          0          0          0          0          0          0
  components       :          0          0          0          0          0          0          0          0          0          0          0          0          0          0          0
Constraint Timings :  TotalTime  SetupTime   Separate  Propagate     EnfoLP     EnfoPS     EnfoRelax   Check    ResProp    SB-Prop
  benderslp        :       0.06       0.00       0.00       0.00       0.06       0.00       0.00       0.00       0.00       0.00
  integral         :      55.42       0.00       0.00       0.00      55.42       0.00       0.00       0.00       0.00       0.00
  varbound         :       0.04       0.00       0.00       0.04       0.00       0.00       0.00       0.00       0.00       0.00
  and              :      56.04       0.01      37.62      17.71       0.00       0.00       0.00       0.00       0.19       0.51
  linear           :       0.74       0.00       0.03       0.70       0.00       0.00       0.00       0.00       0.00       0.01
  logicor          :       6.90       0.00       0.00       6.90       0.00       0.00       0.00       0.00       0.00       0.00
  bounddisjunction :       0.05       0.00       0.00       0.05       0.00       0.00       0.00       0.00       0.00       0.00
  benders          :       0.00       0.00       0.00       0.00       0.00       0.00       0.00       0.00       0.00       0.00
  countsols        :       0.00       0.00       0.00       0.00       0.00       0.00       0.00       0.00       0.00       0.00
  components       :       0.09       0.00       0.00       0.09       0.00       0.00       0.00       0.00       0.00       0.00
Propagators        : #Propagate   #ResProp    Cutoffs    DomReds
  dualfix          :          4          0          0          0
  genvbounds       :          0          0          0          0
  nlobbt           :          0          0          0          0
  obbt             :          0          0          0          0
  probing          :          0          0          0          0
  pseudoobj        :     354224          0          0         24
  redcost          :     180902          0          0     163920
  rootredcost      :         15          0          0          0
  symmetry         :          0          0          0          0
  vbounds          :      55239          0          0          0
Propagator Timings :  TotalTime  SetupTime   Presolve  Propagate    ResProp    SB-Prop
  dualfix          :       0.00       0.00       0.00       0.00       0.00       0.00
  genvbounds       :       0.41       0.00       0.00       0.41       0.00       0.00
  nlobbt           :       0.00       0.00       0.00       0.00       0.00       0.00
  obbt             :       0.01       0.00       0.00       0.01       0.00       0.00
  probing          :       0.24       0.00       0.24       0.00       0.00       0.00
  pseudoobj        :       0.59       0.00       0.00       0.57       0.00       0.02
  redcost          :       7.14       0.00       0.00       7.14       0.00       0.00
  rootredcost      :       0.30       0.00       0.00       0.30       0.00       0.00
  symmetry         :       0.21       0.00       0.00       0.18       0.00       0.03
  vbounds          :       0.21       0.00       0.00       0.21       0.00       0.00
Conflict Analysis  :       Time      Calls    Success    DomReds  Conflicts   Literals    Reconvs ReconvLits   Dualrays   Nonzeros   LP Iters   (pool size: [10000,10000])
  propagation      :       0.00        505        366          -        415       42.7          0        0.0          -          -          -
  infeasible LP    :       0.00          0          0          -          0        0.0          0        0.0          1       65.0          0
  bound exceed. LP :      15.18      11640       8631          -      83836       59.5          8       32.5          0        0.0      41419
  strong branching :       0.00          0          0          -          0        0.0          0        0.0          -          -          0
  pseudo solution  :       0.00          0          0          -          0        0.0          0        0.0          -          -          -
  applied globally :       0.31          -          -          0      26354       63.3          -          -          1          -          -
  applied locally  :          -          -          -          0          0        0.0          -          -          0          -          -
Separators         :   ExecTime  SetupTime      Calls  RootCalls    Cutoffs    DomReds  FoundCuts ViaPoolAdd  DirectAdd    Applied ViaPoolApp  DirectApp      Conss
  cut pool         :       2.83          -      23335         65          -          -      33338     689335          -          -          -          -          -    (maximal pool size:       1803)
  aggregation      :     161.17       0.00       4155         43          0          0          4         17          0          2          2          0          0
  > cmir           :          -          -          -          -          -          -          -         17          0          2          2          0          -
  > flowcover      :          -          -          -          -          -          -          -          0          0          0          0          0          -
  > knapsackcover  :          -          -          -          -          -          -          -          0          0          0          0          0          -
  cgmip            :       0.00       0.00          0          0          0          0          0          0          0          0          0          0          0
  clique           :       0.00       0.00         43         43          0          0          0          0          0          0          0          0          0
  closecuts        :       0.00       0.00          0          0          0          0          0          0          0          0          0          0          0
  convexproj       :       0.00       0.00          0          0          0          0          0          0          0          0          0          0          0
  disjunctive      :       0.00       0.00          0          0          0          0          0          0          0          0          0          0          0
  eccuts           :       0.00       0.00          0          0          0          0          0          0          0          0          0          0          0
  gauge            :       0.00       0.00          0          0          0          0          0          0          0          0          0          0          0
  gomory           :       0.00       0.00          0          0          0          0          0          0          0          0          0          0          0
  > gomorymi       :          -          -          -          -          -          -          -          0          0          0          0          0          -
  > strongcg       :          -          -          -          -          -          -          -          0          0          0          0          0          -
  impliedbounds    :       0.28       0.00       4155         43          0          0          0          0          0          0          0          0          0
  interlattice     :       0.00       0.00          0          0          0          0          0          0          0          0          0          0          0
  interminor       :       0.00       0.00          0          0          0          0          0          0          0          0          0          0          0
  intersub         :       0.32       0.00         22         22          0          0         20          0         20         20          0         20          0
  intobj           :       0.00       0.00          0          0          0          0          0          0          0          0          0          0          0
  mcf              :       0.01       0.00          1          1          0          0          0          0          0          0          0          0          0
  minor            :       0.02       0.00          0          0          0          0          0          0          0          0          0          0          0
  mixing           :       0.01       0.00       4155         43          0          0          0          0          0          0          0          0          0
  oddcycle         :       0.00       0.00          0          0          0          0          0          0          0          0          0          0          0
  rapidlearning    :       0.00       0.00          0          0          0          0          0          0          0          0          0          0          0
  rlt              :       0.00       0.00         10         10          0          0          0          0          0          0          0          0          0
  zerohalf         :      22.54       0.00       3621         20          0          0      33334     689318          0     111611     111611          0          0
Cutselectors       :   ExecTime  SetupTime      Calls  RootCalls   Selected     Forced   Filtered  RootSelec   RootForc   RootFilt 
  hybrid           :       0.44       0.00      12580         41     113098          0     577759        216          0          1
Pricers            :   ExecTime  SetupTime      Calls       Vars
  problem variables:       0.00          -          0          0
Branching Rules    :   ExecTime  SetupTime   BranchLP  BranchExt   BranchPS    Cutoffs    DomReds       Cuts      Conss   Children
  allfullstrong    :       0.00       0.00          0          0          0          0          0          0          0          0
  cloud            :       0.00       0.00          0          0          0          0          0          0          0          0
  distribution     :       0.00       0.00          0          0          0          0          0          0          0          0
  fullstrong       :       0.00       0.00          0          0          0          0          0          0          0          0
  inference        :       0.00       0.00          0          0          0          0          0          0          0          0
  leastinf         :       0.00       0.00          0          0          0          0          0          0          0          0
  lookahead        :       0.00       0.00          0          0          0          0          0          0          0          0
  mostinf          :       0.00       0.00          0          0          0          0          0          0          0          0
  multaggr         :       0.00       0.00          0          0          0          0          0          0          0          0
  nodereopt        :       0.00       0.00          0          0          0          0          0          0          0          0
  pscost           :       0.00       0.00          0          0          0          0          0          0          0          0
  random           :       0.00       0.00          0          0          0          0          0          0          0          0
  relpscost        :      55.17       0.00      78121          0          0          0       6599          0       4039     151810
  vanillafullstrong:       0.00       0.00          0          0          0          0          0          0          0          0
Primal Heuristics  :   ExecTime  SetupTime      Calls      Found       Best
  LP solutions     :       0.01          -          -          2          2
  relax solutions  :       0.00          -          -          0          0
  pseudo solutions :       0.00          -          -          0          0
  strong branching :       0.01          -          -          4          4
  actconsdiving    :       0.00       0.00          0          0          0
  adaptivediving   :       2.82       0.00         50          0          0
  alns             :       2.77       0.00         26          5          5
  bound            :       0.00       0.00          0          0          0
  clique           :       0.01       0.00          1          0          0
  coefdiving       :       0.00       0.00          0          0          0
  completesol      :       0.00       0.00          0          0          0
  conflictdiving   :      25.59       0.00        506          0          0
  crossover        :       0.39       0.00          3          1          1
  dins             :       0.00       0.00          0          0          0
  distributiondivin:      50.74       0.00        506          0          0
  dps              :       0.00       0.00          0          0          0
  dualval          :       0.00       0.00          0          0          0
  farkasdiving     :       0.01       0.00          0          0          0
  feaspump         :       0.18       0.00          1          1          1
  fixandinfer      :       0.00       0.00          0          0          0
  fracdiving       :      32.90       0.00        506          0          0
  gins             :       0.10       0.00          0          0          0
  guideddiving     :      28.71       0.00        506          1          1
  indicator        :       0.08       0.00          0          0          0
  indicatordiving  :       0.00       0.00          0          0          0
  intdiving        :       0.00       0.00          0          0          0
  intshifting      :       0.29       0.00         44          0          0
  linesearchdiving :      28.16       0.00        506          0          0
  localbranching   :       0.00       0.00          0          0          0
  locks            :       0.01       0.00          1          0          0
  lpface           :       0.11       0.00          0          0          0
  mpec             :     261.34       0.00         11          0          0
  multistart       :       0.00       0.00          0          0          0
  mutation         :       0.00       0.00          0          0          0
  nlpdiving        :      12.72       0.00         10          0          0
  objpscostdiving  :      70.40       0.00        133          7          3
  octane           :       0.00       0.00          0          0          0
  ofins            :       0.07       0.00          0          0          0
  oneopt           :       0.10       0.00         19          0          0
  padm             :       0.00       0.00          0          0          0
  proximity        :       0.00       0.00          0          0          0
  pscostdiving     :      36.09       0.00        507          1          1
  randrounding     :       0.26       0.00       2669          0          0
  rens             :       0.00       0.00          0          0          0
  reoptsols        :       0.00       0.00          0          0          0
  repair           :       0.00       0.00          0          0          0
  rins             :       7.29       0.00          9          0          0
  rootsoldiving    :      31.61       0.00         55          1          0
  rounding         :       0.69       0.00       4177          0          0
  shiftandpropagate:       0.00       0.00          0          0          0
  shifting         :      27.27       0.00      10141          3          3
  simplerounding   :       0.04       0.00          0          0          0
  subnlp           :      83.35       0.00          0          0          0
  trivial          :       0.01       0.00          2          2          2
  trivialnegation  :       0.00       0.00          0          0          0
  trustregion      :       0.00       0.00          0          0          0
  trysol           :       0.13       0.00          0          0          0
  twoopt           :       0.00       0.00          0          0          0
  undercover       :       1.37       0.00          1          0          0
  vbounds          :       0.00       0.00          0          0          0
  veclendiving     :      24.52       0.00        506          0          0
  zeroobj          :       0.00       0.00          0          0          0
  zirounding       :       0.51       0.00       1000          0          0
  other solutions  :          -          -          -          0          -
Diving (single)    :      Calls      Nodes   LP Iters Backtracks  Conflicts   MinDepth   MaxDepth   AvgDepth  RoundSols  NLeafSols  MinSolDpt  MaxSolDpt  AvgSolDpt
  actconsdiving    :          0          -          -          -          -          -          -          -          -          -          -          -          -
  coefdiving       :          0          -          -          -          -          -          -          -          -          -          -          -          -
  conflictdiving   :        506      14454     332771        563      14033         31         65       47.1          0          -          -          -          -
  distributiondivin:        506      10891     525560        635       7482         32         53       38.4          0          -          -          -          -
  farkasdiving     :          0          -          -          -          -          -          -          -          -          -          -          -          -
  fracdiving       :        506      58190     439516        462       4187         37        521      132.2          0          -          -          -          -
  guideddiving     :        506      48851     396972        326       4736         39        372      114.5          0          1         88         88       88.0
  indicatordiving  :          0          -          -          -          -          -          -          -          -          -          -          -          -
  linesearchdiving :        506      14963     401958        590      13241         34         72       46.5          0          -          -          -          -
  pscostdiving     :        507      14953     512577        525      10106         36         60       46.7          0          1         60         60       60.0
  veclendiving     :        506      13838     335625        519      16102         38         64       44.9          0          -          -          -          -
Diving (adaptive)  :      Calls      Nodes   LP Iters Backtracks  Conflicts   MinDepth   MaxDepth   AvgDepth  RoundSols  NLeafSols  MinSolDpt  MaxSolDpt  AvgSolDpt
  actconsdiving    :         10        231       8995         12        138         35         45       40.9          0          -          -          -          -
  coefdiving       :         19        520       9022         20        787         38         62       46.4          0          -          -          -          -
  conflictdiving   :          0          -          -          -          -          -          -          -          -          -          -          -          -
  distributiondivin:          0          -          -          -          -          -          -          -          -          -          -          -          -
  farkasdiving     :          0          -          -          -          -          -          -          -          -          -          -          -          -
  fracdiving       :          3        320       2539          1         12         85        186      124.0          0          -          -          -          -
  guideddiving     :          5        354       3155          2         10         49        183       87.8          0          -          -          -          -
  indicatordiving  :          0          -          -          -          -          -          -          -          -          -          -          -          -
  linesearchdiving :          1         23        908          1         19         39         39       39.0          0          -          -          -          -
  pscostdiving     :          5        154       5330          6        112         41         60       47.8          0          -          -          -          -
  veclendiving     :          7        209       4510          7        235         40         55       46.4          0          -          -          -          -
Neighborhoods      :      Calls  SetupTime  SolveTime SolveNodes       Sols       Best       Exp3  EpsGreedy        UCB TgtFixRate  Opt  Inf Node Stal  Sol  Usr Othr Actv
  rens             :          4       0.21       0.32         73          0          0    0.00000   -1.00000    0.45872      0.522    0    3    0    1    0    0    0    1
  rins             :          3       0.11       0.34        330          2          2    0.00000   -1.00000    0.50195      0.437    1    2    0    0    0    0    0    1
  mutation         :          3       0.11       0.16         65          0          0    0.00000   -1.00000    0.45536      0.662    0    2    0    1    0    0    0    1
  localbranching   :          3       0.14       0.16         88          0          0    0.00000   -1.00000    0.44815      0.662    0    2    0    1    0    0    0    1
  crossover        :          3       0.11       0.12         60          0          0    0.00000   -1.00000    0.46395      0.662    0    2    0    1    0    0    0    1
  proximity        :          2       0.09       0.08         57          0          0    0.00000   -1.00000    0.47069      0.850    0    1    0    1    0    0    0    1
  zeroobjective    :          3       0.11       0.22         74          0          0    0.00000   -1.00000    0.45329      0.662    0    2    0    1    0    0    0    1
  dins             :          5       0.16       0.19        147          3          3    0.00000   -1.00000    0.51021      0.672    1    1    0    2    0    0    1    1
  trustregion      :          0       0.00       0.00          0          0          0    0.00000   -1.00000    1.00000      0.900    0    0    0    0    0    0    0    0
Expressions        :   #IntEval  IntEvalTi   #RevProp  RevPropTi    DomReds    Cutoffs  #Estimate  EstimTime  Branching  #Simplify SimplifyTi Simplified
  pow              :          0       0.00          0       0.00          0          0          0       0.00          0          0       0.00          0
  prod             :       6320       0.00          0       0.00          0          0          0       0.00          0       4688       0.00          0
  sum              :          8       0.00          2       0.00          0          0          0       0.00          0          3       0.01          2
  var              :       5479       0.00          0       0.00          0          0          0       0.00          0      11148       0.00          0
  varidx           :          0       0.00          0       0.00          0          0          0       0.00          0          0       0.00          0
LP                 :       Time      Calls Iterations  Iter/call   Iter/sec  Time-0-It Calls-0-It    ItLimit
  primal LP        :     111.13      11995          0       0.00       0.00     111.09      11995
  dual LP          :    2342.20     153918   16529393     116.55    7057.21       3.97      12093
  lex dual LP      :       0.00          0          0       0.00          -
  barrier LP       :       0.00          0          0       0.00          -       0.00          0
  resolve instable :       0.00          0          0       0.00          -
  diving/probing LP:     286.29      16741    3853685     230.19   13460.77
  strong branching :      31.27       4838     394967      81.64   12630.86          -          -         80
    (at root node) :          -         19       4435     233.42          -
  conflict analysis:       5.30       4242      41419       9.76    7814.91
NLP relaxation     :
  solve time       :      12.72 (10 calls)
  convexity        :  nonconvex (4 linear rows, 0 convex ineq., 0 nonconvex ineq., 1528 nonlinear eq. or two-sided ineq.)
NLP Solvers        :  #Problems  ProblemTi    #Solves  SolveTime      #Iter  Time/Iter      #Okay #TimeLimit #IterLimit #LObjLimit #Interrupt  #NumError #EvalError  #OutOfMem #LicenseEr #OtherTerm   #GlobOpt    #LocOpt  #Feasible #LocInfeas #GlobInfea #Unbounded   #Unknown
  ipopt            :         12       4.30         38     274.12       1944       0.14         38          0          0          0          0          0          0          0          0          0          0          0          0         28          0          0         10
B&B Tree           :
  number of runs   :          1
  nodes            :     127099 (75905 internal, 51194 leaves)
  feasible leaves  :          2
  infeas. leaves   :         71
  objective leaves :      51121
  nodes (total)    :     127099 (75905 internal, 51194 leaves)
  nodes left       :      24641
  max depth        :         55
  max depth (total):         55
  backtracks       :      26963 (21.2%)
  early backtracks :          0 (0.0%)
  nodes exc. ref.  :          0 (0.0%)
  delayed cutoffs  :          0
  repropagations   :         31 (46 domain reductions, 0 cutoffs)
  avg switch length:       4.47
  switching time   :     131.01
Estim. Tree Size   :     254338
Estimation Tree    : 151811 nodes (127169 visited, 75905 internal, 51264 leaves, 24642 open), weight: 0.0000 completed 0.1239
Estimations        :      estim      value      trend resolution     smooth
  wbe              : 2856705751          -          -          -          -
  tree-profile     :         -1          -          -          -          -
  gap              :    1271946    0.79608    0.00002         64    1279137
  tree-weight      :     254338    0.00004    0.00000         64     254228
  leaf-frequency   :     254338    0.40311   -0.00001         64     319955
  ssg              :    4195127    0.80438   -0.00003         64    4249343
  open-nodes       :     254338 24642.00000   19.32634         64     254228
Root Node          :
  First LP value   : -1.00000000000000e+00
  First LP Iters   :       1212 (12120.00 Iter/sec)
  First LP Time    :       0.10
  Final Dual Bound : -9.29522441315021e-01
  Final Root Iters :       2741
  Root LP Estimate : -5.03681318891820e-01
Solution           :
  Solutions found  :         28 (23 improvements)
  First Solution   : +1.00000000000000e+05   (in run 1, after 0 nodes, 0.03 seconds, depth 0, found by <trivial>)
  Gap First Sol.   :   infinite
  Gap Last Sol.    :      29.31 %
  Primal Bound     : -5.84177215189873e-01   (in run 1, after 61937 nodes, 2065.44 seconds, depth 35, found by <relaxation>)
  Dual Bound       : -7.33815551537071e-01
  Gap              :      25.62 %
Integrals          :      Total       Avg%
  primal-dual      :   91468.82      25.41
  primal-ref       :          -          - (not evaluated)
  dual-ref         :          -          - (not evaluated)
