SCIP Status        : solving was interrupted [time limit reached]
Total Time         :    3600.01
  solving          :    3600.00
  presolving       :       0.31 (included in solving)
  reading          :       0.01
  copying          :       1.32 (37 #copies) (minimal 0.00, maximal 0.09, average 0.04)
Original Problem   :
  Problem name     : bbbenchmark/g05_80.2.cut
  Variables        : 81 (80 binary, 0 integer, 0 implicit integer, 1 continuous)
  Constraints      : 1 initial, 1 maximal
  Objective        : minimize, 1 non-zeros (abs.min = 1, abs.max = 1)
Presolved Problem  :
  Problem name     : t_bbbenchmark/g05_80.2.cut
  Variables        : 1612 (80 binary, 0 integer, 1530 implicit integer, 2 continuous)
  Constraints      : 1534 initial, 8486 maximal
  Objective        : minimize, 1 non-zeros (abs.min = 1, abs.max = 1)
  Nonzeros         : 6307 constraint, 162 clique table
Presolvers         :   ExecTime  SetupTime  Calls  FixedVars   AggrVars   ChgTypes  ChgBounds   AddHoles    DelCons    AddCons   ChgSides   ChgCoefs
  boundshift       :       0.00       0.00      0          0          0          0          0          0          0          0          0          0
  convertinttobin  :       0.00       0.00      0          0          0          0          0          0          0          0          0          0
  domcol           :       0.00       0.00      1          0          0          0          0          0          0          0          0          0
  dualagg          :       0.00       0.00      0          0          0          0          0          0          0          0          0          0
  dualcomp         :       0.00       0.00      1          0          0          0          0          0          0          0          0          0
  dualinfer        :       0.00       0.00      0          0          0          0          0          0          0          0          0          0
  dualsparsify     :       0.00       0.00      1          0          0          0          0          0          0          0          0          0
  gateextraction   :       0.00       0.00      0          0          0          0          0          0          0          0          0          0
  implics          :       0.00       0.00      2          0          0          0          0          0          0          0          0          0
  inttobinary      :       0.00       0.00      0          0          0          0          0          0          0          0          0          0
  qpkktref         :       0.00       0.00      0          0          0          0          0          0          0          0          0          0
  redvub           :       0.00       0.00      0          0          0          0          0          0          0          0          0          0
  sparsify         :       0.00       0.00      1          0          0          0          0          0          0          0          0          0
  stuffing         :       0.00       0.00      0          0          0          0          0          0          0          0          0          0
  trivial          :       0.00       0.00      4          0          0          0          0          0          0          0          0          0
  tworowbnd        :       0.00       0.00      0          0          0          0          0          0          0          0          0          0
  dualfix          :       0.00       0.00      4          0          0          0          0          0          0          0          0          0
  genvbounds       :       0.00       0.00      0          0          0          0          0          0          0          0          0          0
  probing          :       0.23       0.00      1          0          0          0          0          0          0          0          0          0
  pseudoobj        :       0.00       0.00      1          0          0          0          1          0          0          0          0          0
  symmetry         :       0.00       0.00      0          0          0          0          0          0          0          0          0          0
  vbounds          :       0.00       0.00      1          0          0          0          0          0          0          0          0          0
  varbound         :       0.00       0.00      2          0          0          0          0          0          0          0          0          0
  and              :       0.01       0.01      2          0          0          0          0          0          0          0          0          0
  linear           :       0.00       0.00      2          0          0          0          0          0          0          0          0          0
  logicor          :       0.00       0.00      0          0          0          0          0          0          0          0          0          0
  bounddisjunction :       0.00       0.00      0          0          0          0          0          0          0          0          0          0
  nonlinear        :       0.06       0.00      5          0          0          0          1          0          0       1533          0          0
  benders          :       0.00       0.00      0          0          0          0          0          0          0          0          0          0
  components       :       0.00       0.00      1          0          0          0          0          0          0          0          0          0
  root node        :          -          -      -          0          -          -         27          -          -          -          -          -
Constraints        :     Number  MaxNumber  #Separate #Propagate    #EnfoLP    #EnfoRelax  #EnfoPS    #Check   #ResProp    Cutoffs    DomReds       Cuts    Applied      Conss   Children
  benderslp        :          0          0          0          0      64765          0          0       1265          0          0          0          0          0          0          0
  integral         :          0          0          0          0      64765          0          0       1265          0          0       2988          0          0       1703     126762
  varbound         :          1          1        194     123925          0          0          0         34          0          0        389          0          0          0          0
  and              :       1530       1530      71683     513244          3          0          0         34     242611          1    2049269        321        294          0          0
  linear           :          3+         6        194     513246          3          0          0         32        125          0      26612          0          0          0          0
  logicor          :          0+      6898          0     129215          0          0          0          0        170        521         59          0          0          0          0
  bounddisjunction :          0+       117          0      27217          0          0          0          0          0          5          0          0          0          0          0
  benders          :          0          0          0          0          3          0          0         35          0          0          0          0          0          0          0
  countsols        :          0          0          0          0          3          0          0         35          0          0          0          0          0          0          0
  components       :          0          0          0          0          0          0          0          0          0          0          0          0          0          0          0
Constraint Timings :  TotalTime  SetupTime   Separate  Propagate     EnfoLP     EnfoPS     EnfoRelax   Check    ResProp    SB-Prop
  benderslp        :       0.10       0.00       0.00       0.00       0.10       0.00       0.00       0.00       0.00       0.00
  integral         :      48.99       0.00       0.00       0.00      48.99       0.00       0.00       0.00       0.00       0.00
  varbound         :       0.08       0.00       0.00       0.08       0.00       0.00       0.00       0.00       0.00       0.00
  and              :      60.63       0.01      36.58      23.36       0.00       0.00       0.00       0.00       0.18       0.50
  linear           :       0.87       0.00       0.08       0.79       0.00       0.00       0.00       0.00       0.00       0.00
  logicor          :       8.35       0.00       0.00       8.35       0.00       0.00       0.00       0.00       0.00       0.00
  bounddisjunction :       0.17       0.00       0.00       0.17       0.00       0.00       0.00       0.00       0.00       0.00
  benders          :       0.00       0.00       0.00       0.00       0.00       0.00       0.00       0.00       0.00       0.00
  countsols        :       0.00       0.00       0.00       0.00       0.00       0.00       0.00       0.00       0.00       0.00
  components       :       0.19       0.00       0.00       0.19       0.00       0.00       0.00       0.00       0.00       0.00
Propagators        : #Propagate   #ResProp    Cutoffs    DomReds
  dualfix          :          4          0          0          0
  genvbounds       :          0          0          0          0
  nlobbt           :          0          0          0          0
  obbt             :          0          0          0          0
  probing          :          0          0          0          0
  pseudoobj        :     305886          0          0         27
  redcost          :     151392          0          0     100928
  rootredcost      :         17          0          0          0
  symmetry         :          0          0          0          0
  vbounds          :      41084          0          0          0
Propagator Timings :  TotalTime  SetupTime   Presolve  Propagate    ResProp    SB-Prop
  dualfix          :       0.00       0.00       0.00       0.00       0.00       0.00
  genvbounds       :       0.29       0.00       0.00       0.28       0.00       0.01
  nlobbt           :       0.00       0.00       0.00       0.00       0.00       0.00
  obbt             :       0.00       0.00       0.00       0.00       0.00       0.00
  probing          :       0.23       0.00       0.23       0.00       0.00       0.00
  pseudoobj        :       0.59       0.00       0.00       0.58       0.00       0.01
  redcost          :       8.20       0.00       0.00       8.20       0.00       0.00
  rootredcost      :       0.38       0.00       0.00       0.38       0.00       0.00
  symmetry         :       0.28       0.00       0.00       0.27       0.00       0.01
  vbounds          :       0.44       0.00       0.00       0.43       0.00       0.01
Conflict Analysis  :       Time      Calls    Success    DomReds  Conflicts   Literals    Reconvs ReconvLits   Dualrays   Nonzeros   LP Iters   (pool size: [10000,10000])
  propagation      :       0.00        527        444          -        504       41.9          0        0.0          -          -          -
  infeasible LP    :       0.00          0          0          -          0        0.0          0        0.0          3       52.0          0
  bound exceed. LP :      13.59       7571       6302          -      79539       64.1          1       35.0          0        0.0      32580
  strong branching :       0.00          0          0          -          0        0.0          0        0.0          -          -          0
  pseudo solution  :       0.00          0          0          -          0        0.0          0        0.0          -          -          -
  applied globally :       0.32          -          -          0      23877       69.4          -          -          3          -          -
  applied locally  :          -          -          -          0          0        0.0          -          -          0          -          -
Separators         :   ExecTime  SetupTime      Calls  RootCalls    Cutoffs    DomReds  FoundCuts ViaPoolAdd  DirectAdd    Applied ViaPoolApp  DirectApp      Conss
  cut pool         :       2.86          -      21642        221          -          -      36387     564183          -          -          -          -          -    (maximal pool size:       2191)
  aggregation      :      41.29       0.00       4635        194          0          0         32         40          0          9          9          0          0
  > cmir           :          -          -          -          -          -          -          -         40          0          9          9          0          -
  > flowcover      :          -          -          -          -          -          -          -          0          0          0          0          0          -
  > knapsackcover  :          -          -          -          -          -          -          -          0          0          0          0          0          -
  cgmip            :       0.00       0.00          0          0          0          0          0          0          0          0          0          0          0
  clique           :       0.00       0.00        194        194          0          0          0          0          0          0          0          0          0
  closecuts        :       0.00       0.00          0          0          0          0          0          0          0          0          0          0          0
  convexproj       :       0.00       0.00          0          0          0          0          0          0          0          0          0          0          0
  disjunctive      :       0.00       0.00          0          0          0          0          0          0          0          0          0          0          0
  eccuts           :       0.00       0.00          0          0          0          0          0          0          0          0          0          0          0
  gauge            :       0.00       0.00          0          0          0          0          0          0          0          0          0          0          0
  gomory           :       0.00       0.00          0          0          0          0          0          0          0          0          0          0          0
  > gomorymi       :          -          -          -          -          -          -          -          0          0          0          0          0          -
  > strongcg       :          -          -          -          -          -          -          -          0          0          0          0          0          -
  impliedbounds    :       0.17       0.00       4635        194          0          0          2          0          0          0          0          0          0
  interlattice     :       0.68       0.00        150        150          0          0        150          0        150        150          0        150          0
  interminor       :       0.00       0.00          0          0          0          0          0          0          0          0          0          0          0
  intersub         :       0.15       0.00          5          5          0          0          3          0          3          3          0          3          0
  intobj           :       0.00       0.00          0          0          0          0          0          0          0          0          0          0          0
  mcf              :       0.01       0.00          1          1          0          0          0          0          0          0          0          0          0
  minor            :       0.03       0.00          0          0          0          0          0          0          0          0          0          0          0
  mixing           :       0.02       0.00       4638        194          0          0          0          0          0          0          0          0          0
  oddcycle         :       0.00       0.00          0          0          0          0          0          0          0          0          0          0          0
  rapidlearning    :       0.00       0.00          0          0          0          0          0          0          0          0          0          0          0
  rlt              :       0.00       0.00         10         10          0          0          0          0          0          0          0          0          0
  zerohalf         :      29.42       0.00       3946         20          0          0      36353     564143          0      94020      94020          0          0
Cutselectors       :   ExecTime  SetupTime      Calls  RootCalls   Selected     Forced   Filtered  RootSelec   RootForc   RootFilt 
  hybrid           :       0.46       0.00       9359        192      94476          0     470181        361          0         15
Pricers            :   ExecTime  SetupTime      Calls       Vars
  problem variables:       0.00          -          0          0
Branching Rules    :   ExecTime  SetupTime   BranchLP  BranchExt   BranchPS    Cutoffs    DomReds       Cuts      Conss   Children
  allfullstrong    :       0.00       0.00          0          0          0          0          0          0          0          0
  cloud            :       0.00       0.00          0          0          0          0          0          0          0          0
  distribution     :       0.00       0.00          0          0          0          0          0          0          0          0
  fullstrong       :       0.00       0.00          0          0          0          0          0          0          0          0
  inference        :       0.00       0.00          0          0          0          0          0          0          0          0
  leastinf         :       0.00       0.00          0          0          0          0          0          0          0          0
  lookahead        :       0.00       0.00          0          0          0          0          0          0          0          0
  mostinf          :       0.00       0.00          0          0          0          0          0          0          0          0
  multaggr         :       0.00       0.00          0          0          0          0          0          0          0          0
  nodereopt        :       0.00       0.00          0          0          0          0          0          0          0          0
  pscost           :       0.00       0.00          0          0          0          0          0          0          0          0
  random           :       0.00       0.00          0          0          0          0          0          0          0          0
  relpscost        :      48.83       0.00      64762          0          0          0       2988          0       1705     126762
  vanillafullstrong:       0.00       0.00          0          0          0          0          0          0          0          0
Primal Heuristics  :   ExecTime  SetupTime      Calls      Found       Best
  LP solutions     :       0.00          -          -          3          3
  relax solutions  :       0.00          -          -          0          0
  pseudo solutions :       0.00          -          -          0          0
  strong branching :       0.00          -          -          0          0
  actconsdiving    :       0.00       0.00          0          0          0
  adaptivediving   :       3.18       0.00         37          0          0
  alns             :       4.65       0.00         27          8          8
  bound            :       0.00       0.00          0          0          0
  clique           :       0.01       0.00          1          0          0
  coefdiving       :       0.00       0.00          0          0          0
  completesol      :       0.00       0.00          0          0          0
  conflictdiving   :      38.31       0.00        432          0          0
  crossover        :       0.51       0.00          7          2          2
  dins             :       0.00       0.00          0          0          0
  distributiondivin:      61.51       0.00        433          0          0
  dps              :       0.00       0.00          0          0          0
  dualval          :       0.00       0.00          0          0          0
  farkasdiving     :       0.02       0.00          0          0          0
  feaspump         :       0.32       0.00          1          1          1
  fixandinfer      :       0.00       0.00          0          0          0
  fracdiving       :      42.41       0.00        433          0          0
  gins             :       0.11       0.00          0          0          0
  guideddiving     :      37.20       0.00        432          4          4
  indicator        :       0.08       0.00          0          0          0
  indicatordiving  :       0.00       0.00          0          0          0
  intdiving        :       0.00       0.00          0          0          0
  intshifting      :       0.16       0.00         25          0          0
  linesearchdiving :      37.27       0.00        433          0          0
  localbranching   :       0.00       0.00          0          0          0
  locks            :       0.01       0.00          1          0          0
  lpface           :       0.06       0.00          0          0          0
  mpec             :       1.87       0.00          1          0          0
  multistart       :       0.00       0.00          0          0          0
  mutation         :       0.00       0.00          0          0          0
  nlpdiving        :       4.45       0.00         10          0          0
  objpscostdiving  :      53.80       0.00         79          5          1
  octane           :       0.00       0.00          0          0          0
  ofins            :       0.04       0.00          0          0          0
  oneopt           :       0.07       0.00         24          0          0
  padm             :       0.00       0.00          0          0          0
  proximity        :       0.00       0.00          0          0          0
  pscostdiving     :      46.45       0.00        432          0          0
  randrounding     :       0.84       0.00       1226          0          0
  rens             :       0.00       0.00          0          0          0
  reoptsols        :       0.00       0.00          0          0          0
  repair           :       0.00       0.00          0          0          0
  rins             :       2.26       0.00          2          0          0
  rootsoldiving    :      39.62       0.00         55          2          0
  rounding         :       1.11       0.00       3739          0          0
  shiftandpropagate:       0.00       0.00          0          0          0
  shifting         :      45.78       0.00      12268          8          6
  simplerounding   :       0.03       0.00          0          0          0
  subnlp           :     105.53       0.00          0          0          0
  trivial          :       0.01       0.00          2          2          2
  trivialnegation  :       0.00       0.00          0          0          0
  trustregion      :       0.00       0.00          0          0          0
  trysol           :       0.07       0.00          0          0          0
  twoopt           :       0.00       0.00          0          0          0
  undercover       :       0.27       0.00          1          0          0
  vbounds          :       0.00       0.00          0          0          0
  veclendiving     :      35.98       0.00        433          0          0
  zeroobj          :       0.00       0.00          0          0          0
  zirounding       :       0.40       0.00       1000          0          0
  other solutions  :          -          -          -          0          -
Diving (single)    :      Calls      Nodes   LP Iters Backtracks  Conflicts   MinDepth   MaxDepth   AvgDepth  RoundSols  NLeafSols  MinSolDpt  MaxSolDpt  AvgSolDpt
  actconsdiving    :          0          -          -          -          -          -          -          -          -          -          -          -          -
  coefdiving       :          0          -          -          -          -          -          -          -          -          -          -          -          -
  conflictdiving   :        432      13021     392507        463      12934         33         65       46.4          0          -          -          -          -
  distributiondivin:        433      10030     478389        489       6295         32         55       39.3          0          -          -          -          -
  farkasdiving     :          0          -          -          -          -          -          -          -          -          -          -          -          -
  fracdiving       :        433      51235     406608        372       4252         48        586      134.7          0          -          -          -          -
  guideddiving     :        432      43662     366621        198       3487         47        425      118.1          0          4         56         83       70.0
  indicatordiving  :          0          -          -          -          -          -          -          -          -          -          -          -          -
  linesearchdiving :        433      13450     383394        509      16126         31         77       47.2          0          -          -          -          -
  pscostdiving     :        432      12483     484598        450      10417         35         58       44.7          0          -          -          -          -
  veclendiving     :        433      12002     367676        447      19212         36         63       43.5          0          -          -          -          -
Diving (adaptive)  :      Calls      Nodes   LP Iters Backtracks  Conflicts   MinDepth   MaxDepth   AvgDepth  RoundSols  NLeafSols  MinSolDpt  MaxSolDpt  AvgSolDpt
  actconsdiving    :         10        271      10747          9        115         39         44       41.5          0          -          -          -          -
  coefdiving       :         15        426      13457         15        604         34         56       43.5          0          -          -          -          -
  conflictdiving   :          0          -          -          -          -          -          -          -          -          -          -          -          -
  distributiondivin:          0          -          -          -          -          -          -          -          -          -          -          -          -
  farkasdiving     :          0          -          -          -          -          -          -          -          -          -          -          -          -
  fracdiving       :          2        313       1714          4         47         84        264      174.0          0          -          -          -          -
  guideddiving     :          4        275       2874          3         68         65        120       85.5          0          -          -          -          -
  indicatordiving  :          0          -          -          -          -          -          -          -          -          -          -          -          -
  linesearchdiving :          1         37       1537          2         40         51         51       51.0          0          -          -          -          -
  pscostdiving     :          0          -          -          -          -          -          -          -          -          -          -          -          -
  veclendiving     :          5        138       4531          5        216         37         54       43.0          0          -          -          -          -
Neighborhoods      :      Calls  SetupTime  SolveTime SolveNodes       Sols       Best       Exp3  EpsGreedy        UCB TgtFixRate  Opt  Inf Node Stal  Sol  Usr Othr Actv
  rens             :          3       0.25       0.02          1          0          0    0.00000   -1.00000    0.54114      0.437    0    3    0    0    0    0    0    1
  rins             :          3       0.11       0.68        330          2          2    0.00000   -1.00000    0.50635      0.662    1    1    0    1    0    0    0    1
  mutation         :          4       0.36       0.62        315          1          1    0.00000   -1.00000    0.51758      0.634    0    2    0    2    0    0    0    1
  localbranching   :          2       0.14       0.03         35          0          0    0.00000   -1.00000    0.51770      0.550    0    2    0    0    0    0    0    1
  crossover        :          2       0.13       0.03          5          0          0    0.00000   -1.00000    0.54627      0.550    0    2    0    0    0    0    0    1
  proximity        :          2       0.15       0.07         75          0          0    0.00000   -1.00000    0.47185      0.850    0    1    0    1    0    0    0    1
  zeroobjective    :          8       0.40       1.10        414          4          4    0.00000   -1.00000    0.52676      0.568    4    0    0    4    0    0    0    1
  dins             :          3       0.13       0.23        115          1          1    0.00000   -1.00000    0.52845      0.662    1    1    0    1    0    0    0    1
  trustregion      :          0       0.00       0.00          0          0          0    0.00000   -1.00000    1.00000      0.900    0    0    0    0    0    0    0    0
Expressions        :   #IntEval  IntEvalTi   #RevProp  RevPropTi    DomReds    Cutoffs  #Estimate  EstimTime  Branching  #Simplify SimplifyTi Simplified
  pow              :          0       0.00          0       0.00          0          0          0       0.00          0          0       0.00          0
  prod             :       6320       0.01          0       0.00          0          0          0       0.00          0       4690       0.00          0
  sum              :          8       0.00          2       0.00          0          0          0       0.00          0          3       0.00          2
  var              :       5485       0.00          0       0.00          0          0          0       0.00          0      11154       0.00          0
  varidx           :          0       0.00          0       0.00          0          0          0       0.00          0          0       0.00          0
LP                 :       Time      Calls Iterations  Iter/call   Iter/sec  Time-0-It Calls-0-It    ItLimit
  primal LP        :     130.14      10023          0       0.00       0.00     130.04      10023
  dual LP          :    2590.53     134233   12397297     101.86    4785.62       4.94      12523
  lex dual LP      :       0.00          0          0       0.00          -
  barrier LP       :       0.00          0          0       0.00          -       0.00          0
  resolve instable :       0.00          0          0       0.00          -
  diving/probing LP:     341.48      13102    3489596     266.34   10219.03
  strong branching :      24.58       2533     252486      99.68   10272.01          -          -         48
    (at root node) :          -         19       5151     271.11          -
  conflict analysis:       5.42       3282      32580       9.93    6011.07
NLP relaxation     :
  solve time       :       4.44 (10 calls)
  convexity        :  nonconvex (4 linear rows, 0 convex ineq., 0 nonconvex ineq., 1530 nonlinear eq. or two-sided ineq.)
NLP Solvers        :  #Problems  ProblemTi    #Solves  SolveTime      #Iter  Time/Iter      #Okay #TimeLimit #IterLimit #LObjLimit #Interrupt  #NumError #EvalError  #OutOfMem #LicenseEr #OtherTerm   #GlobOpt    #LocOpt  #Feasible #LocInfeas #GlobInfea #Unbounded   #Unknown
  ipopt            :          2       4.68         12       6.35        291       0.02         12          0          0          0          0          0          0          0          0          0          0          0          0          2          0          0         10
B&B Tree           :
  number of runs   :          1
  nodes            :     110984 (63381 internal, 47603 leaves)
  feasible leaves  :          3
  infeas. leaves   :         12
  objective leaves :      47587
  nodes (total)    :     110984 (63381 internal, 47603 leaves)
  nodes left       :      15750
  max depth        :         45
  max depth (total):         45
  backtracks       :      24098 (21.7%)
  early backtracks :          0 (0.0%)
  nodes exc. ref.  :          0 (0.0%)
  delayed cutoffs  :          2
  repropagations   :         47 (68 domain reductions, 1 cutoffs)
  avg switch length:       4.43
  switching time   :     152.31
Estim. Tree Size   :     222026
Estimation Tree    : 126763 nodes (111013 visited, 63381 internal, 47632 leaves, 15750 open), weight: 0.0000 completed 0.1082
Estimations        :      estim      value      trend resolution     smooth
  wbe              : 8462329863          -          -          -          -
  tree-profile     :         -1          -          -          -          -
  gap              :     643258    0.80037    0.00005         64     656941
  tree-weight      :     222026    0.00001    0.00000         64     221864
  leaf-frequency   :     222026    0.42906   -0.00000         64     221870
  ssg              :    3826228    0.82917   -0.00003         64    3759854
  open-nodes       :     222026 15750.00000   25.09004         64     221864
Root Node          :
  First LP value   : -1.00000000000000e+00
  First LP Iters   :       1038 (12975.00 Iter/sec)
  First LP Time    :       0.08
  Final Dual Bound : -9.09066794678377e-01
  Final Root Iters :       4820
  Root LP Estimate : -4.72104698583330e-01
Solution           :
  Solutions found  :         35 (27 improvements)
  First Solution   : +1.00000000000000e+05   (in run 1, after 0 nodes, 0.02 seconds, depth 0, found by <trivial>)
  Gap First Sol.   :   infinite
  Gap Last Sol.    :      25.45 %
  Primal Bound     : -5.84177215189872e-01   (in run 1, after 100657 nodes, 3213.95 seconds, depth 20, found by <alns>)
  Dual Bound       : -7.29885284810128e-01
  Gap              :      24.94 %
Integrals          :      Total       Avg%
  primal-dual      :   84094.04      23.36
  primal-ref       :          -          - (not evaluated)
  dual-ref         :          -          - (not evaluated)
