SCIP Status        : solving was interrupted [time limit reached]
Total Time         :    3600.00
  solving          :    3600.00
  presolving       :       0.19 (included in solving)
  reading          :       0.00
  copying          :       1.04 (43 #copies) (minimal 0.00, maximal 0.05, average 0.02)
Original Problem   :
  Problem name     : bbbenchmark/g05_60.8.cut
  Variables        : 61 (60 binary, 0 integer, 0 implicit integer, 1 continuous)
  Constraints      : 1 initial, 1 maximal
  Objective        : minimize, 1 non-zeros (abs.min = 1, abs.max = 1)
Presolved Problem  :
  Problem name     : t_bbbenchmark/g05_60.8.cut
  Variables        : 946 (60 binary, 0 integer, 885 implicit integer, 1 continuous)
  Constraints      : 886 initial, 8423 maximal
  Objective        : minimize, 1 non-zeros (abs.min = 1, abs.max = 1)
  Nonzeros         : 3601 constraint, 122 clique table
Presolvers         :   ExecTime  SetupTime  Calls  FixedVars   AggrVars   ChgTypes  ChgBounds   AddHoles    DelCons    AddCons   ChgSides   ChgCoefs
  boundshift       :       0.00       0.00      0          0          0          0          0          0          0          0          0          0
  convertinttobin  :       0.00       0.00      0          0          0          0          0          0          0          0          0          0
  domcol           :       0.00       0.00      1          0          0          0          0          0          0          0          0          0
  dualagg          :       0.00       0.00      0          0          0          0          0          0          0          0          0          0
  dualcomp         :       0.00       0.00      1          0          0          0          0          0          0          0          0          0
  dualinfer        :       0.00       0.00      0          0          0          0          0          0          0          0          0          0
  dualsparsify     :       0.00       0.00      1          0          0          0          0          0          0          0          0          0
  gateextraction   :       0.00       0.00      0          0          0          0          0          0          0          0          0          0
  implics          :       0.00       0.00      2          0          0          0          0          0          0          0          0          0
  inttobinary      :       0.00       0.00      0          0          0          0          0          0          0          0          0          0
  qpkktref         :       0.00       0.00      0          0          0          0          0          0          0          0          0          0
  redvub           :       0.00       0.00      0          0          0          0          0          0          0          0          0          0
  sparsify         :       0.00       0.00      1          0          0          0          0          0          0          0          0          0
  stuffing         :       0.00       0.00      0          0          0          0          0          0          0          0          0          0
  trivial          :       0.00       0.00      4          0          0          0          0          0          0          0          0          0
  tworowbnd        :       0.00       0.00      0          0          0          0          0          0          0          0          0          0
  dualfix          :       0.00       0.00      4          0          0          0          0          0          0          0          0          0
  genvbounds       :       0.00       0.00      0          0          0          0          0          0          0          0          0          0
  probing          :       0.13       0.00      1          0          0          0          0          0          0          0          0          0
  pseudoobj        :       0.00       0.00      1          0          0          0          1          0          0          0          0          0
  symmetry         :       0.00       0.00      0          0          0          0          0          0          0          0          0          0
  vbounds          :       0.00       0.00      1          0          0          0          0          0          0          0          0          0
  and              :       0.00       0.01      2          0          0          0          0          0          0          0          0          0
  linear           :       0.01       0.00      2          0          0          0          0          0          0          0          0          0
  logicor          :       0.00       0.00      0          0          0          0          0          0          0          0          0          0
  nonlinear        :       0.05       0.00      5          0          0          0          1          0          0        885          0          0
  benders          :       0.00       0.00      0          0          0          0          0          0          0          0          0          0
  components       :       0.00       0.00      1          0          0          0          0          0          0          0          0          0
  root node        :          -          -      -          0          -          -         44          -          -          -          -          -
Constraints        :     Number  MaxNumber  #Separate #Propagate    #EnfoLP    #EnfoRelax  #EnfoPS    #Check   #ResProp    Cutoffs    DomReds       Cuts    Applied      Conss   Children
  benderslp        :          0          0          0          0      78782          0          0      15030          0          0          0          0          0          0          0
  integral         :          0          0          0          0      78782          0          0      15030          0          0       6529          0          0       2356     154166
  and              :        885        885      92403     543311          9          0          0         36     123967         10    2653564       2164       1978          0          0
  linear           :          1+         5        206     543301          9          0          0         34          0          0          0          0          0          0          0
  logicor          :          0+      7534          0     149623          0          0          0          0        466        505         82          0          0          0          0
  benders          :          0          0          0          0          9          0          0         37          0          0          0          0          0          0          0
  countsols        :          0          0          0          0          9          0          0         37          0          0          0          0          0          0          0
  components       :          0          0          0          0          0          0          0          0          0          0          0          0          0          0          0
Constraint Timings :  TotalTime  SetupTime   Separate  Propagate     EnfoLP     EnfoPS     EnfoRelax   Check    ResProp    SB-Prop
  benderslp        :       0.07       0.00       0.00       0.00       0.07       0.00       0.00       0.00       0.00       0.00
  integral         :      45.04       0.00       0.00       0.00      45.03       0.00       0.00       0.01       0.00       0.00
  and              :      50.05       0.01      29.76      19.74       0.00       0.00       0.00       0.00       0.13       0.41
  linear           :       0.46       0.00       0.00       0.45       0.00       0.00       0.00       0.00       0.00       0.01
  logicor          :      16.82       0.00       0.00      16.75       0.00       0.00       0.00       0.00       0.01       0.06
  benders          :       0.00       0.00       0.00       0.00       0.00       0.00       0.00       0.00       0.00       0.00
  countsols        :       0.00       0.00       0.00       0.00       0.00       0.00       0.00       0.00       0.00       0.00
  components       :       0.13       0.00       0.00       0.12       0.00       0.00       0.00       0.00       0.00       0.01
Propagators        : #Propagate   #ResProp    Cutoffs    DomReds
  dualfix          :          4          0          0          0
  genvbounds       :          0          0          0          0
  nlobbt           :          0          0          0          0
  obbt             :          0          0          0          0
  probing          :          0          0          0          0
  pseudoobj        :     401334          0          0         45
  redcost          :     198405          0          0     401485
  rootredcost      :         21          0          0          0
  symmetry         :          0          0          0          0
  vbounds          :      45320          0          0          0
Propagator Timings :  TotalTime  SetupTime   Presolve  Propagate    ResProp    SB-Prop
  dualfix          :       0.00       0.00       0.00       0.00       0.00       0.00
  genvbounds       :       0.39       0.00       0.00       0.38       0.00       0.01
  nlobbt           :       0.00       0.00       0.00       0.00       0.00       0.00
  obbt             :       0.00       0.00       0.00       0.00       0.00       0.00
  probing          :       0.13       0.00       0.13       0.00       0.00       0.00
  pseudoobj        :       0.55       0.00       0.00       0.55       0.00       0.00
  redcost          :       7.35       0.00       0.00       7.35       0.00       0.00
  rootredcost      :       0.49       0.00       0.00       0.48       0.00       0.01
  symmetry         :       0.29       0.00       0.00       0.29       0.00       0.00
  vbounds          :       0.52       0.00       0.00       0.52       0.00       0.00
Conflict Analysis  :       Time      Calls    Success    DomReds  Conflicts   Literals    Reconvs ReconvLits   Dualrays   Nonzeros   LP Iters   (pool size: [10000,10000])
  propagation      :       0.00        515        387          -        460       29.0          0        0.0          -          -          -
  infeasible LP    :       0.00          0          0          -          0        0.0          0        0.0         10       43.0          0
  bound exceed. LP :      14.15      10499       7643          -      54704       36.3          3       21.3          0        0.0      54095
  strong branching :       0.00          0          0          -          0        0.0          0        0.0          -          -          0
  pseudo solution  :       0.00          0          0          -          0        0.0          0        0.0          -          -          -
  applied globally :       0.17          -          -          0      22980       36.4          -          -         10          -          -
  applied locally  :          -          -          -          0          0        0.0          -          -          0          -          -
Separators         :   ExecTime  SetupTime      Calls  RootCalls    Cutoffs    DomReds  FoundCuts ViaPoolAdd  DirectAdd    Applied ViaPoolApp  DirectApp      Conss
  cut pool         :       2.56          -      24006        240          -          -      23267     478786          -          -          -          -          -    (maximal pool size:       1449)
  aggregation      :      36.12       0.00       4704        206          0          0         19         13          0          5          5          0          0
  > cmir           :          -          -          -          -          -          -          -         13          0          5          5          0          -
  > flowcover      :          -          -          -          -          -          -          -          0          0          0          0          0          -
  > knapsackcover  :          -          -          -          -          -          -          -          0          0          0          0          0          -
  cgmip            :       0.00       0.00          0          0          0          0          0          0          0          0          0          0          0
  clique           :       0.01       0.00        206        206          0          0          0          0          0          0          0          0          0
  closecuts        :       0.00       0.00          0          0          0          0          0          0          0          0          0          0          0
  convexproj       :       0.00       0.00          0          0          0          0          0          0          0          0          0          0          0
  disjunctive      :       0.00       0.00          0          0          0          0          0          0          0          0          0          0          0
  eccuts           :       0.00       0.00          0          0          0          0          0          0          0          0          0          0          0
  gauge            :       0.00       0.00          0          0          0          0          0          0          0          0          0          0          0
  gomory           :       0.00       0.00          0          0          0          0          0          0          0          0          0          0          0
  > gomorymi       :          -          -          -          -          -          -          -          0          0          0          0          0          -
  > strongcg       :          -          -          -          -          -          -          -          0          0          0          0          0          -
  impliedbounds    :       0.05       0.00       4704        206          0          0         28          1          0          1          1          0          0
  interlattice     :       0.34       0.00        150        150          0          0        150          0        150        150          0        150          0
  interminor       :       0.00       0.00          0          0          0          0          0          0          0          0          0          0          0
  intersub         :       0.02       0.00          2          2          0          0          0          0          0          0          0          0          0
  intobj           :       0.00       0.00          0          0          0          0          0          0          0          0          0          0          0
  mcf              :       0.00       0.00          1          1          0          0          0          0          0          0          0          0          0
  minor            :       0.00       0.00          0          0          0          0          0          0          0          0          0          0          0
  mixing           :       0.01       0.00       4704        206          0          0          0          0          0          0          0          0          0
  oddcycle         :       0.00       0.00          0          0          0          0          0          0          0          0          0          0          0
  rapidlearning    :       0.01       0.00          0          0          0          0          0          0          0          0          0          0          0
  rlt              :       0.00       0.00         10         10          0          0          0          0          0          0          0          0          0
  zerohalf         :      23.15       0.00       3763         20          0          0      23220     478772          0      87345      87345          0          0
Cutselectors       :   ExecTime  SetupTime      Calls  RootCalls   Selected     Forced   Filtered  RootSelec   RootForc   RootFilt 
  hybrid           :       0.42       0.00      15908        204      89479          0     391621        333          0         28
Pricers            :   ExecTime  SetupTime      Calls       Vars
  problem variables:       0.00          -          0          0
Branching Rules    :   ExecTime  SetupTime   BranchLP  BranchExt   BranchPS    Cutoffs    DomReds       Cuts      Conss   Children
  allfullstrong    :       0.00       0.00          0          0          0          0          0          0          0          0
  cloud            :       0.00       0.00          0          0          0          0          0          0          0          0
  distribution     :       0.00       0.00          0          0          0          0          0          0          0          0
  fullstrong       :       0.00       0.00          0          0          0          0          0          0          0          0
  inference        :       0.00       0.00          0          0          0          0          0          0          0          0
  leastinf         :       0.00       0.00          0          0          0          0          0          0          0          0
  lookahead        :       0.00       0.00          0          0          0          0          0          0          0          0
  mostinf          :       0.00       0.00          0          0          0          0          0          0          0          0
  multaggr         :       0.00       0.00          0          0          0          0          0          0          0          0
  nodereopt        :       0.00       0.00          0          0          0          0          0          0          0          0
  pscost           :       0.00       0.00          0          0          0          0          0          0          0          0
  random           :       0.00       0.00          0          0          0          0          0          0          0          0
  relpscost        :      44.82       0.00      78773          0          0          0       6529          0       2369     154166
  vanillafullstrong:       0.00       0.00          0          0          0          0          0          0          0          0
Primal Heuristics  :   ExecTime  SetupTime      Calls      Found       Best
  LP solutions     :       0.01          -          -          9          9
  relax solutions  :       0.00          -          -          0          0
  pseudo solutions :       0.00          -          -          0          0
  strong branching :       0.03          -          -          0          0
  actconsdiving    :       0.00       0.00          0          0          0
  adaptivediving   :       2.79       0.00         86          0          0
  alns             :       4.02       0.00         32          9          7
  bound            :       0.00       0.00          0          0          0
  clique           :       0.00       0.00          1          0          0
  coefdiving       :       0.00       0.00          0          0          0
  completesol      :       0.00       0.00          0          0          0
  conflictdiving   :      11.84       0.00        455          0          0
  crossover        :       0.08       0.00          1          0          0
  dins             :       0.00       0.00          0          0          0
  distributiondivin:      27.59       0.00        455          1          1
  dps              :       0.00       0.00          0          0          0
  dualval          :       0.00       0.00          0          0          0
  farkasdiving     :       0.02       0.00          0          0          0
  feaspump         :       0.04       0.00          0          0          0
  fixandinfer      :       0.00       0.00          0          0          0
  fracdiving       :      16.44       0.00        455          0          0
  gins             :       0.01       0.00          0          0          0
  guideddiving     :      15.53       0.00        455          2          2
  indicator        :       0.11       0.00          0          0          0
  indicatordiving  :       0.00       0.00          0          0          0
  intdiving        :       0.00       0.00          0          0          0
  intshifting      :       0.11       0.00         24          0          0
  linesearchdiving :      15.68       0.00        455          1          1
  localbranching   :       0.00       0.00          0          0          0
  locks            :       0.01       0.00          1          0          0
  lpface           :       0.14       0.00          0          0          0
  mpec             :       2.06       0.00          1          0          0
  multistart       :       0.00       0.00          0          0          0
  mutation         :       0.00       0.00          0          0          0
  nlpdiving        :       4.34       0.00         10          0          0
  objpscostdiving  :      36.58       0.00         98          5          1
  octane           :       0.00       0.00          0          0          0
  ofins            :       0.05       0.00          0          0          0
  oneopt           :       0.10       0.00         32          0          0
  padm             :       0.00       0.00          0          0          0
  proximity        :       0.00       0.00          0          0          0
  pscostdiving     :      16.51       0.00        455          1          1
  randrounding     :       0.98       0.00      14989          0          0
  rens             :       0.00       0.00          0          0          0
  reoptsols        :       0.00       0.00          0          0          0
  repair           :       0.00       0.00          0          0          0
  rins             :       4.38       0.00         11          1          1
  rootsoldiving    :      20.31       0.00         62          1          0
  rounding         :       0.70       0.00       4276          0          0
  shiftandpropagate:       0.00       0.00          0          0          0
  shifting         :      32.53       0.00      16083         11         10
  simplerounding   :       0.12       0.00          0          0          0
  subnlp           :      78.19       0.00          0          0          0
  trivial          :       0.00       0.00          2          2          2
  trivialnegation  :       0.00       0.00          0          0          0
  trustregion      :       0.00       0.00          0          0          0
  trysol           :       0.06       0.00          0          0          0
  twoopt           :       0.00       0.00          0          0          0
  undercover       :       0.14       0.00          1          0          0
  vbounds          :       0.00       0.00          0          0          0
  veclendiving     :       9.69       0.00        455          0          0
  zeroobj          :       0.00       0.00          0          0          0
  zirounding       :       0.31       0.00       1000          0          0
  other solutions  :          -          -          -          0          -
Diving (single)    :      Calls      Nodes   LP Iters Backtracks  Conflicts   MinDepth   MaxDepth   AvgDepth  RoundSols  NLeafSols  MinSolDpt  MaxSolDpt  AvgSolDpt
  actconsdiving    :          0          -          -          -          -          -          -          -          -          -          -          -          -
  coefdiving       :          0          -          -          -          -          -          -          -          -          -          -          -          -
  conflictdiving   :        455       7863     112159        491       8751         25         54       31.7          0          -          -          -          -
  distributiondivin:        455       5928     192155        704       5985         21         38       27.1          0          1         37         37       37.0
  farkasdiving     :          0          -          -          -          -          -          -          -          -          -          -          -          -
  fracdiving       :        455      50608     150260        372       2569         26        267      125.8          0          -          -          -          -
  guideddiving     :        455      47878     148516        284       2250         28        253      120.1          0          2         49         62       55.5
  indicatordiving  :          0          -          -          -          -          -          -          -          -          -          -          -          -
  linesearchdiving :        455      10974     156895        594       9309         24         63       38.2          0          1         48         48       48.0
  pscostdiving     :        455       8253     173995        475       7447         23         45       32.5          0          1         45         45       45.0
  veclendiving     :        455       8483      77758        463       9606         22         48       33.2          0          -          -          -          -
Diving (adaptive)  :      Calls      Nodes   LP Iters Backtracks  Conflicts   MinDepth   MaxDepth   AvgDepth  RoundSols  NLeafSols  MinSolDpt  MaxSolDpt  AvgSolDpt
  actconsdiving    :         15        212       6793         27        174         23         31       27.3          0          -          -          -          -
  coefdiving       :         30        588       5969         32        790         29         43       33.3          0          -          -          -          -
  conflictdiving   :          0          -          -          -          -          -          -          -          -          -          -          -          -
  distributiondivin:          0          -          -          -          -          -          -          -          -          -          -          -          -
  farkasdiving     :          0          -          -          -          -          -          -          -          -          -          -          -          -
  fracdiving       :          5        566       1694          4         12        113        149      126.8          0          -          -          -          -
  guideddiving     :          5        601       2212          7         35         64        180      133.2          0          -          -          -          -
  indicatordiving  :          0          -          -          -          -          -          -          -          -          -          -          -          -
  linesearchdiving :         13        325       3402         15        282         28         50       39.8          0          -          -          -          -
  pscostdiving     :          8        153       3215          8        142         31         36       33.2          0          -          -          -          -
  veclendiving     :         10        179       1748         10        227         31         34       32.4          0          -          -          -          -
Neighborhoods      :      Calls  SetupTime  SolveTime SolveNodes       Sols       Best       Exp3  EpsGreedy        UCB TgtFixRate  Opt  Inf Node Stal  Sol  Usr Othr Actv
  rens             :          2       0.01       0.00          0          0          0    0.00000   -1.00000    0.30289      0.700    0    1    0    0    0    0    1    1
  rins             :          3       0.19       0.12         42          0          0    0.00000   -1.00000    0.49406      0.437    0    3    0    0    0    0    0    1
  mutation         :          8       0.37       0.65        356          5          5    0.00000   -1.00000    0.50821      0.530    3    2    0    3    0    0    0    1
  localbranching   :          3       0.17       0.16         73          0          0    0.00000   -1.00000    0.46299      0.662    0    2    0    1    0    0    0    1
  crossover        :          3       0.19       0.28         67          0          0    0.00000   -1.00000    0.44793      0.662    0    2    0    1    0    0    0    1
  proximity        :          5       0.23       0.66        138          3          1    0.00000   -1.00000    0.51048      0.641    1    2    0    2    0    0    0    1
  zeroobjective    :          5       0.22       0.37        125          1          1    0.00000   -1.00000    0.52061      0.515    1    3    0    1    0    0    0    1
  dins             :          3       0.08       0.02          3          0          0    0.00000   -1.00000    0.37410      0.550    0    2    0    0    0    0    1    1
  trustregion      :          0       0.00       0.00          0          0          0    0.00000   -1.00000    1.00000      0.900    0    0    0    0    0    0    0    0
Expressions        :   #IntEval  IntEvalTi   #RevProp  RevPropTi    DomReds    Cutoffs  #Estimate  EstimTime  Branching  #Simplify SimplifyTi Simplified
  pow              :          0       0.00          0       0.00          0          0          0       0.00          0          0       0.00          0
  prod             :       3540       0.00          0       0.00          0          0          0       0.00          0       2655       0.01          0
  sum              :          8       0.00          2       0.00          0          0          0       0.00          0          3       0.00          2
  var              :       3327       0.00          0       0.00          0          0          0       0.00          0       6378       0.01          0
  varidx           :          0       0.00          0       0.00          0          0          0       0.00          0          0       0.00          0
LP                 :       Time      Calls Iterations  Iter/call   Iter/sec  Time-0-It Calls-0-It    ItLimit
  primal LP        :     159.33      15263          0       0.00       0.00     159.28      15263
  dual LP          :    2829.49     185851   20061937     124.68    7090.30       7.89      24948
  lex dual LP      :       0.00          0          0       0.00          -
  barrier LP       :       0.00          0          0       0.00          -       0.00          0
  resolve instable :       0.00          0          0       0.00          -
  diving/probing LP:     136.79      11604    1490146     128.42   10893.68
  strong branching :      26.35       3351     326230      97.35   12380.65          -          -        206
    (at root node) :          -         19       8340     438.95          -
  conflict analysis:       7.50       5547      54095       9.75    7212.67
NLP relaxation     :
  solve time       :       4.34 (10 calls)
  convexity        :  nonconvex (1 linear rows, 0 convex ineq., 0 nonconvex ineq., 885 nonlinear eq. or two-sided ineq.)
NLP Solvers        :  #Problems  ProblemTi    #Solves  SolveTime      #Iter  Time/Iter      #Okay #TimeLimit #IterLimit #LObjLimit #Interrupt  #NumError #EvalError  #OutOfMem #LicenseEr #OtherTerm   #GlobOpt    #LocOpt  #Feasible #LocInfeas #GlobInfea #Unbounded   #Unknown
  ipopt            :          2       5.28         11       6.49        410       0.02         11          0          0          0          0          0          0          0          0          0          0          0          0          1          0          0         10
B&B Tree           :
  number of runs   :          1
  nodes            :     143335 (77083 internal, 66252 leaves)
  feasible leaves  :          9
  infeas. leaves   :         30
  objective leaves :      66212
  nodes (total)    :     143335 (77083 internal, 66252 leaves)
  nodes left       :      10807
  max depth        :         39
  max depth (total):         39
  backtracks       :      37507 (26.2%)
  early backtracks :          0 (0.0%)
  nodes exc. ref.  :          0 (0.0%)
  delayed cutoffs  :          2
  repropagations   :        243 (181 domain reductions, 1 cutoffs)
  avg switch length:       4.26
  switching time   :     188.96
Estim. Tree Size   :    1135799
Estimation Tree    : 154167 nodes (143360 visited, 77083 internal, 66277 leaves, 10807 open), weight: 0.0901 completed 0.3391
Estimations        :      estim      value      trend resolution     smooth
  wbe              :    1470622          -          -          -          -
  tree-profile     :         -1          -          -          -          -
  gap              :     451786    0.90444    0.00008        128     447785
  tree-weight      :    1135799    0.09013    0.00023        128    1113966
  leaf-frequency   :     972886    0.46231    0.00001        128     995865
  ssg              :     594174    0.51676   -0.00029        128     588513
  open-nodes       :     286720 10807.00000    7.20905        128     286109
Root Node          :
  First LP value   : -1.00000000000000e+00
  First LP Iters   :        708 (23600.00 Iter/sec)
  First LP Time    :       0.03
  Final Dual Bound : -8.77756852898096e-01
  Final Root Iters :       5414
  Root LP Estimate : -5.14273421781553e-01
Solution           :
  Solutions found  :         43 (35 improvements)
  First Solution   : +1.00000000000000e+05   (in run 1, after 0 nodes, 0.00 seconds, depth 0, found by <trivial>)
  Gap First Sol.   :   infinite
  Gap Last Sol.    :      23.25 %
  Primal Bound     : -5.98870056497175e-01   (in run 1, after 33654 nodes, 647.96 seconds, depth 20, found by <alns>)
  Dual Bound       : -6.62146892655368e-01
  Gap              :      10.57 %
Integrals          :      Total       Avg%
  primal-dual      :   53322.12      14.81
  primal-ref       :          -          - (not evaluated)
  dual-ref         :          -          - (not evaluated)
