SCIP Status        : solving was interrupted [time limit reached]
Total Time         :    3600.00
  solving          :    3600.00
  presolving       :       0.21 (included in solving)
  reading          :       0.00
  copying          :       1.84 (62 #copies) (minimal 0.00, maximal 0.06, average 0.03)
Original Problem   :
  Problem name     : bbbenchmark/g05_60.4.cut
  Variables        : 61 (60 binary, 0 integer, 0 implicit integer, 1 continuous)
  Constraints      : 1 initial, 1 maximal
  Objective        : minimize, 1 non-zeros (abs.min = 1, abs.max = 1)
Presolved Problem  :
  Problem name     : t_bbbenchmark/g05_60.4.cut
  Variables        : 946 (60 binary, 0 integer, 885 implicit integer, 1 continuous)
  Constraints      : 886 initial, 10865 maximal
  Objective        : minimize, 1 non-zeros (abs.min = 1, abs.max = 1)
  Nonzeros         : 3601 constraint, 122 clique table
Presolvers         :   ExecTime  SetupTime  Calls  FixedVars   AggrVars   ChgTypes  ChgBounds   AddHoles    DelCons    AddCons   ChgSides   ChgCoefs
  boundshift       :       0.00       0.00      0          0          0          0          0          0          0          0          0          0
  convertinttobin  :       0.00       0.00      0          0          0          0          0          0          0          0          0          0
  domcol           :       0.00       0.00      1          0          0          0          0          0          0          0          0          0
  dualagg          :       0.00       0.00      0          0          0          0          0          0          0          0          0          0
  dualcomp         :       0.00       0.00      1          0          0          0          0          0          0          0          0          0
  dualinfer        :       0.00       0.00      0          0          0          0          0          0          0          0          0          0
  dualsparsify     :       0.00       0.00      1          0          0          0          0          0          0          0          0          0
  gateextraction   :       0.00       0.00      0          0          0          0          0          0          0          0          0          0
  implics          :       0.00       0.00      2          0          0          0          0          0          0          0          0          0
  inttobinary      :       0.00       0.00      0          0          0          0          0          0          0          0          0          0
  qpkktref         :       0.00       0.00      0          0          0          0          0          0          0          0          0          0
  redvub           :       0.00       0.00      0          0          0          0          0          0          0          0          0          0
  sparsify         :       0.00       0.00      1          0          0          0          0          0          0          0          0          0
  stuffing         :       0.00       0.00      0          0          0          0          0          0          0          0          0          0
  trivial          :       0.00       0.00      4          0          0          0          0          0          0          0          0          0
  tworowbnd        :       0.00       0.00      0          0          0          0          0          0          0          0          0          0
  dualfix          :       0.00       0.00      4          0          0          0          0          0          0          0          0          0
  genvbounds       :       0.00       0.00      0          0          0          0          0          0          0          0          0          0
  probing          :       0.12       0.00      1          0          0          0          0          0          0          0          0          0
  pseudoobj        :       0.00       0.00      1          0          0          0          1          0          0          0          0          0
  symmetry         :       0.00       0.00      0          0          0          0          0          0          0          0          0          0
  vbounds          :       0.00       0.00      1          0          0          0          0          0          0          0          0          0
  and              :       0.00       0.00      2          0          0          0          0          0          0          0          0          0
  linear           :       0.00       0.00      2          0          0          0          0          0          0          0          0          0
  logicor          :       0.00       0.00      0          0          0          0          0          0          0          0          0          0
  nonlinear        :       0.09       0.00      5          0          0          0          1          0          0        885          0          0
  benders          :       0.00       0.00      0          0          0          0          0          0          0          0          0          0
  components       :       0.00       0.00      1          0          0          0          0          0          0          0          0          0
  root node        :          -          -      -          0          -          -         42          -          -          -          -          -
Constraints        :     Number  MaxNumber  #Separate #Propagate    #EnfoLP    #EnfoRelax  #EnfoPS    #Check   #ResProp    Cutoffs    DomReds       Cuts    Applied      Conss   Children
  benderslp        :          0          0          0          0      93519          0          0      25672          0          0          0          0          0          0          0
  integral         :          0          0          0          0      93519          0          0      25672          0          0       6514          0          0       3031     182902
  and              :        885        885     111663     622393         19          0          0         45     126222         23    3053917       3636       3466          0          0
  linear           :          1+         6        197     622370         19          0          0         43          0          1          0          0          0          0          0
  logicor          :          0+      9974          0     165060          0          0          0          0        767        601        139          0          0          0          0
  benders          :          0          0          0          0         19          0          0         46          0          0          0          0          0          0          0
  countsols        :          0          0          0          0         19          0          0         46          0          0          0          0          0          0          0
  components       :          0          0          0          0          0          0          0          0          0          0          0          0          0          0          0
Constraint Timings :  TotalTime  SetupTime   Separate  Propagate     EnfoLP     EnfoPS     EnfoRelax   Check    ResProp    SB-Prop
  benderslp        :       0.09       0.00       0.00       0.00       0.07       0.00       0.00       0.02       0.00       0.00
  integral         :      45.33       0.00       0.00       0.00      45.31       0.00       0.00       0.02       0.00       0.00
  and              :      55.23       0.00      32.66      22.03       0.00       0.00       0.00       0.00       0.08       0.46
  linear           :       0.45       0.00       0.02       0.41       0.00       0.00       0.00       0.01       0.00       0.01
  logicor          :      19.88       0.00       0.00      19.82       0.00       0.00       0.00       0.00       0.01       0.05
  benders          :       0.00       0.00       0.00       0.00       0.00       0.00       0.00       0.00       0.00       0.00
  countsols        :       0.00       0.00       0.00       0.00       0.00       0.00       0.00       0.00       0.00       0.00
  components       :       0.11       0.00       0.00       0.11       0.00       0.00       0.00       0.00       0.00       0.00
Propagators        : #Propagate   #ResProp    Cutoffs    DomReds
  dualfix          :          4          0          0          0
  genvbounds       :          0          0          0          0
  nlobbt           :          0          0          0          0
  obbt             :          0          0          0          0
  probing          :          0          0          0          0
  pseudoobj        :     481228          0          0         43
  redcost          :     237669          0          0     363945
  rootredcost      :         28          0          0          0
  symmetry         :          0          0          0          0
  vbounds          :      37513          0          0          0
Propagator Timings :  TotalTime  SetupTime   Presolve  Propagate    ResProp    SB-Prop
  dualfix          :       0.00       0.00       0.00       0.00       0.00       0.00
  genvbounds       :       0.47       0.00       0.00       0.46       0.00       0.01
  nlobbt           :       0.00       0.00       0.00       0.00       0.00       0.00
  obbt             :       0.00       0.00       0.00       0.00       0.00       0.00
  probing          :       0.12       0.00       0.12       0.00       0.00       0.00
  pseudoobj        :       0.68       0.00       0.00       0.67       0.00       0.01
  redcost          :       8.07       0.00       0.00       8.07       0.00       0.00
  rootredcost      :       0.58       0.00       0.00       0.56       0.00       0.02
  symmetry         :       0.27       0.00       0.00       0.27       0.00       0.00
  vbounds          :       0.57       0.00       0.00       0.57       0.00       0.00
Conflict Analysis  :       Time      Calls    Success    DomReds  Conflicts   Literals    Reconvs ReconvLits   Dualrays   Nonzeros   LP Iters   (pool size: [10000,10000])
  propagation      :       0.01        624        413          -        473       29.5          0        0.0          -          -          -
  infeasible LP    :       0.00          0          0          -          0        0.0          0        0.0          6       34.3          0
  bound exceed. LP :      15.11      11506       8528          -      56946       36.2          9       23.2          0        0.0      61052
  strong branching :       0.00          0          0          -          0        0.0          0        0.0          -          -          0
  pseudo solution  :       0.00          0          0          -          0        0.0          0        0.0          -          -          -
  applied globally :       0.26          -          -          0      25759       36.5          -          -          6          -          -
  applied locally  :          -          -          -          0          0        0.0          -          -          0          -          -
Separators         :   ExecTime  SetupTime      Calls  RootCalls    Cutoffs    DomReds  FoundCuts ViaPoolAdd  DirectAdd    Applied ViaPoolApp  DirectApp      Conss
  cut pool         :       2.25          -      33175        236          -          -      24691     319476          -          -          -          -          -    (maximal pool size:       1348)
  aggregation      :      32.26       0.00       4886        197          0          0         19         21          0         21         21          0          0
  > cmir           :          -          -          -          -          -          -          -         21          0         21         21          0          -
  > flowcover      :          -          -          -          -          -          -          -          0          0          0          0          0          -
  > knapsackcover  :          -          -          -          -          -          -          -          0          0          0          0          0          -
  cgmip            :       0.00       0.00          0          0          0          0          0          0          0          0          0          0          0
  clique           :       0.01       0.00        197        197          0          0          0          0          0          0          0          0          0
  closecuts        :       0.00       0.00          0          0          0          0          0          0          0          0          0          0          0
  convexproj       :       0.00       0.00          0          0          0          0          0          0          0          0          0          0          0
  disjunctive      :       0.00       0.00          0          0          0          0          0          0          0          0          0          0          0
  eccuts           :       0.00       0.00          0          0          0          0          0          0          0          0          0          0          0
  gauge            :       0.00       0.00          0          0          0          0          0          0          0          0          0          0          0
  gomory           :       0.00       0.00          0          0          0          0          0          0          0          0          0          0          0
  > gomorymi       :          -          -          -          -          -          -          -          0          0          0          0          0          -
  > strongcg       :          -          -          -          -          -          -          -          0          0          0          0          0          -
  impliedbounds    :       0.12       0.00       4886        197          0          0          9          0          0          0          0          0          0
  interlattice     :       0.21       0.00        150        150          0          0        150          0        150        148          0        148          0
  interminor       :       0.00       0.00          0          0          0          0          0          0          0          0          0          0          0
  intersub         :       0.04       0.00          3          3          0          0          1          0          1          1          0          1          0
  intobj           :       0.00       0.00          0          0          0          0          0          0          0          0          0          0          0
  mcf              :       0.00       0.00          1          1          0          0          0          0          0          0          0          0          0
  minor            :       0.00       0.00          0          0          0          0          0          0          0          0          0          0          0
  mixing           :       0.00       0.00       4886        197          0          0          0          0          0          0          0          0          0
  oddcycle         :       0.00       0.00          0          0          0          0          0          0          0          0          0          0          0
  rapidlearning    :       0.04       0.00          0          0          0          0          0          0          0          0          0          0          0
  rlt              :       0.00       0.00         10         10          0          0          0          0          0          0          0          0          0
  zerohalf         :      17.09       0.00       3850         20          0          0      24663     319455          0      79187      79187          0          0
Cutselectors       :   ExecTime  SetupTime      Calls  RootCalls   Selected     Forced   Filtered  RootSelec   RootForc   RootFilt 
  hybrid           :       0.26       0.00      21097        195      82823          0     240440        319          0         14
Pricers            :   ExecTime  SetupTime      Calls       Vars
  problem variables:       0.00          -          0          0
Branching Rules    :   ExecTime  SetupTime   BranchLP  BranchExt   BranchPS    Cutoffs    DomReds       Cuts      Conss   Children
  allfullstrong    :       0.00       0.00          0          0          0          0          0          0          0          0
  cloud            :       0.00       0.00          0          0          0          0          0          0          0          0
  distribution     :       0.00       0.00          0          0          0          0          0          0          0          0
  fullstrong       :       0.00       0.00          0          0          0          0          0          0          0          0
  inference        :       0.00       0.00          0          0          0          0          0          0          0          0
  leastinf         :       0.00       0.00          0          0          0          0          0          0          0          0
  lookahead        :       0.00       0.00          0          0          0          0          0          0          0          0
  mostinf          :       0.00       0.00          0          0          0          0          0          0          0          0
  multaggr         :       0.00       0.00          0          0          0          0          0          0          0          0
  nodereopt        :       0.00       0.00          0          0          0          0          0          0          0          0
  pscost           :       0.00       0.00          0          0          0          0          0          0          0          0
  random           :       0.00       0.00          0          0          0          0          0          0          0          0
  relpscost        :      45.01       0.00      93500          0          0          0       6514          0       3042     182902
  vanillafullstrong:       0.00       0.00          0          0          0          0          0          0          0          0
Primal Heuristics  :   ExecTime  SetupTime      Calls      Found       Best
  LP solutions     :       0.01          -          -         19         19
  relax solutions  :       0.00          -          -          0          0
  pseudo solutions :       0.00          -          -          0          0
  strong branching :       0.02          -          -          0          0
  actconsdiving    :       0.00       0.00          0          0          0
  adaptivediving   :       2.51       0.00         85          0          0
  alns             :       3.83       0.00         33          8          6
  bound            :       0.00       0.00          0          0          0
  clique           :       0.01       0.00          1          0          0
  coefdiving       :       0.00       0.00          0          0          0
  completesol      :       0.00       0.00          0          0          0
  conflictdiving   :       9.66       0.00        500          0          0
  crossover        :       0.03       0.00          1          0          0
  dins             :       0.00       0.00          0          0          0
  distributiondivin:      28.57       0.00        499          0          0
  dps              :       0.00       0.00          0          0          0
  dualval          :       0.00       0.00          0          0          0
  farkasdiving     :       0.05       0.00          0          0          0
  feaspump         :       0.01       0.00          0          0          0
  fixandinfer      :       0.00       0.00          0          0          0
  fracdiving       :      18.92       0.00        500          1          1
  gins             :       0.04       0.00          0          0          0
  guideddiving     :      17.27       0.00        499          1          1
  indicator        :       0.10       0.00          0          0          0
  indicatordiving  :       0.00       0.00          0          0          0
  intdiving        :       0.00       0.00          0          0          0
  intshifting      :       0.06       0.00         19          0          0
  linesearchdiving :      14.75       0.00        499          0          0
  localbranching   :       0.00       0.00          0          0          0
  locks            :       0.01       0.00          1          0          0
  lpface           :       0.19       0.00          0          0          0
  mpec             :       1.72       0.00          1          0          0
  multistart       :       0.00       0.00          0          0          0
  mutation         :       0.00       0.00          0          0          0
  nlpdiving        :       3.61       0.00         10          0          0
  objpscostdiving  :      46.38       0.00        154         10          1
  octane           :       0.00       0.00          0          0          0
  ofins            :       0.11       0.00          0          0          0
  oneopt           :       0.22       0.00         41          0          0
  padm             :       0.00       0.00          0          0          0
  proximity        :       0.00       0.00          0          0          0
  pscostdiving     :      17.40       0.00        499          1          1
  randrounding     :       1.25       0.00      25622          0          0
  rens             :       0.00       0.00          0          0          0
  reoptsols        :       0.00       0.00          0          0          0
  repair           :       0.00       0.00          0          0          0
  rins             :       7.59       0.00         28          1          1
  rootsoldiving    :      25.90       0.00         91          4          0
  rounding         :       0.72       0.00       4656          0          0
  shiftandpropagate:       0.00       0.00          0          0          0
  shifting         :      44.13       0.00      21553         13         11
  simplerounding   :       0.13       0.00          0          0          0
  subnlp           :      93.01       0.00          0          0          0
  trivial          :       0.00       0.00          2          2          2
  trivialnegation  :       0.00       0.00          0          0          0
  trustregion      :       0.00       0.00          0          0          0
  trysol           :       0.19       0.00          0          0          0
  twoopt           :       0.00       0.00          0          0          0
  undercover       :       1.12       0.00          1          1          1
  vbounds          :       0.00       0.00          0          0          0
  veclendiving     :       9.16       0.00        499          0          0
  zeroobj          :       0.00       0.00          0          0          0
  zirounding       :       0.28       0.00       1000          0          0
  other solutions  :          -          -          -          0          -
Diving (single)    :      Calls      Nodes   LP Iters Backtracks  Conflicts   MinDepth   MaxDepth   AvgDepth  RoundSols  NLeafSols  MinSolDpt  MaxSolDpt  AvgSolDpt
  actconsdiving    :          0          -          -          -          -          -          -          -          -          -          -          -          -
  coefdiving       :          0          -          -          -          -          -          -          -          -          -          -          -          -
  conflictdiving   :        500       8661      83010        536       9220         25         45       31.5          0          -          -          -          -
  distributiondivin:        499       6418     206130        676       4804         22         36       26.8          0          -          -          -          -
  farkasdiving     :          0          -          -          -          -          -          -          -          -          -          -          -          -
  fracdiving       :        500      50408     170625        549       3402         26        257      115.0          0          1         57         57       57.0
  guideddiving     :        499      46895     167895        344       2660         25        222      108.5          0          1         66         66       66.0
  indicatordiving  :          0          -          -          -          -          -          -          -          -          -          -          -          -
  linesearchdiving :        499      13347     148673        558       9426         26         70       40.9          0          -          -          -          -
  pscostdiving     :        499       8833     190412        529       7984         23         45       31.9          0          1         45         45       45.0
  veclendiving     :        499       9343      75889        502      10377         28         44       33.0          0          -          -          -          -
Diving (adaptive)  :      Calls      Nodes   LP Iters Backtracks  Conflicts   MinDepth   MaxDepth   AvgDepth  RoundSols  NLeafSols  MinSolDpt  MaxSolDpt  AvgSolDpt
  actconsdiving    :         14        211       6133         21        121         24         33       28.3          0          -          -          -          -
  coefdiving       :         26        494       4123         26        566         28         40       32.4          0          -          -          -          -
  conflictdiving   :          0          -          -          -          -          -          -          -          -          -          -          -          -
  distributiondivin:          0          -          -          -          -          -          -          -          -          -          -          -          -
  farkasdiving     :          0          -          -          -          -          -          -          -          -          -          -          -          -
  fracdiving       :          5        394       2166          3         15         54        144       90.6          0          -          -          -          -
  guideddiving     :          7        796       2219          2         23         82        154      128.1          0          -          -          -          -
  indicatordiving  :          0          -          -          -          -          -          -          -          -          -          -          -          -
  linesearchdiving :         12        313       3422         13        248         30         58       40.4          0          -          -          -          -
  pscostdiving     :         10        198       4240         11        165         30         41       33.5          0          -          -          -          -
  veclendiving     :         11        201       1978         11        263         29         34       31.7          0          -          -          -          -
Neighborhoods      :      Calls  SetupTime  SolveTime SolveNodes       Sols       Best       Exp3  EpsGreedy        UCB TgtFixRate  Opt  Inf Node Stal  Sol  Usr Othr Actv
  rens             :          3       0.16       0.06         12          0          0    0.00000   -1.00000    0.53006      0.437    0    3    0    0    0    0    0    1
  rins             :          3       0.21       0.15         86          0          0    0.00000   -1.00000    0.45567      0.662    0    2    0    1    0    0    0    1
  mutation         :          6       0.27       0.25        152          2          2    0.00000   -1.00000    0.50383      0.562    1    3    0    2    0    0    0    1
  localbranching   :          7       0.37       0.37        297          3          3    0.00000   -1.00000    0.50412      0.630    2    2    0    3    0    0    0    1
  crossover        :          3       0.19       0.11         30          0          0    0.00000   -1.00000    0.51733      0.437    0    3    0    0    0    0    0    1
  proximity        :          5       0.22       0.58        145          3          1    0.00000   -1.00000    0.50886      0.641    1    2    0    2    0    0    0    1
  zeroobjective    :          3       0.20       0.19         73          0          0    0.00000   -1.00000    0.46317      0.662    0    2    0    1    0    0    0    1
  dins             :          3       0.08       0.02          3          0          0    0.00000   -1.00000    0.37428      0.550    0    2    0    0    0    0    1    1
  trustregion      :          0       0.00       0.00          0          0          0    0.00000   -1.00000    1.00000      0.900    0    0    0    0    0    0    0    0
Expressions        :   #IntEval  IntEvalTi   #RevProp  RevPropTi    DomReds    Cutoffs  #Estimate  EstimTime  Branching  #Simplify SimplifyTi Simplified
  pow              :          0       0.00          0       0.00          0          0          0       0.00          0          0       0.00          0
  prod             :       3540       0.00          0       0.00          0          0          0       0.00          0       2655       0.00          0
  sum              :          8       0.00          2       0.00          0          0          0       0.00          0          3       0.02          2
  var              :       3327       0.00          0       0.00          0          0          0       0.00          0       6378       0.01          0
  varidx           :          0       0.00          0       0.00          0          0          0       0.00          0          0       0.00          0
LP                 :       Time      Calls Iterations  Iter/call   Iter/sec  Time-0-It Calls-0-It    ItLimit
  primal LP        :     144.23      16665          0       0.00       0.00     144.18      16665
  dual LP          :    2780.61     222640   19583647     101.43    7042.93       9.43      29558
  lex dual LP      :       0.00          0          0       0.00          -
  barrier LP       :       0.00          0          0       0.00          -       0.00          0
  resolve instable :       0.00          0          0       0.00          -
  diving/probing LP:     149.71      14279    1648816     115.47   11013.40
  strong branching :      24.98       3930     313717      79.83   12558.73          -          -        230
    (at root node) :          -         19       8476     446.11          -
  conflict analysis:       7.49       6184      61052       9.87    8151.13
NLP relaxation     :
  solve time       :       3.61 (10 calls)
  convexity        :  nonconvex (1 linear rows, 0 convex ineq., 0 nonconvex ineq., 885 nonlinear eq. or two-sided ineq.)
NLP Solvers        :  #Problems  ProblemTi    #Solves  SolveTime      #Iter  Time/Iter      #Okay #TimeLimit #IterLimit #LObjLimit #Interrupt  #NumError #EvalError  #OutOfMem #LicenseEr #OtherTerm   #GlobOpt    #LocOpt  #Feasible #LocInfeas #GlobInfea #Unbounded   #Unknown
  ipopt            :          2       5.58         13       5.44        380       0.01         13          0          0          0          0          0          0          0          0          0          0          0          0          3          0          0         10
B&B Tree           :
  number of runs   :          1
  nodes            :     170032 (91451 internal, 78581 leaves)
  feasible leaves  :         19
  infeas. leaves   :         96
  objective leaves :      78465
  nodes (total)    :     170032 (91451 internal, 78581 leaves)
  nodes left       :      12853
  max depth        :         35
  max depth (total):         35
  backtracks       :      40988 (24.1%)
  early backtracks :          0 (0.0%)
  nodes exc. ref.  :          0 (0.0%)
  delayed cutoffs  :          1
  repropagations   :       3504 (253 domain reductions, 0 cutoffs)
  avg switch length:       3.85
  switching time   :     176.69
Estim. Tree Size   :    2348965
Estimation Tree    : 182903 nodes (170050 visited, 91451 internal, 78599 leaves, 12853 open), weight: 0.0616 completed 0.2780
Estimations        :      estim      value      trend resolution     smooth
  wbe              :    2553391          -          -          -          -
  tree-profile     :         -1          -          -          -          -
  gap              :     854539    0.89740    0.00004        128     837303
  tree-weight      :    2348965    0.06156    0.00011        128    2362239
  leaf-frequency   :    5892720    0.46221    0.00000        128    5267159
  ssg              :    1284653    0.59664   -0.00014        128    1311151
  open-nodes       :     340100 12853.00000    8.97541        128     339891
Root Node          :
  First LP value   : -1.00000000000000e+00
  First LP Iters   :        663 (22100.00 Iter/sec)
  First LP Time    :       0.03
  Final Dual Bound : -8.84564164648911e-01
  Final Root Iters :       5227
  Root LP Estimate : -5.25776336200288e-01
Solution           :
  Solutions found  :         61 (44 improvements)
  First Solution   : +1.00000000000000e+05   (in run 1, after 0 nodes, 0.06 seconds, depth 0, found by <trivial>)
  Gap First Sol.   :   infinite
  Gap Last Sol.    :      13.52 %
  Primal Bound     : -5.95480225988701e-01   (in run 1, after 114756 nodes, 2277.47 seconds, depth 23, found by <relaxation>)
  Dual Bound       : -6.63559322033899e-01
  Gap              :      11.43 %
Integrals          :      Total       Avg%
  primal-dual      :   51508.61      14.31
  primal-ref       :          -          - (not evaluated)
  dual-ref         :          -          - (not evaluated)
