SCIP Status        : solving was interrupted [time limit reached]
Total Time         :    3600.01
  solving          :    3600.00
  presolving       :       0.41 (included in solving)
  reading          :       0.01
  copying          :       3.56 (65 #copies) (minimal 0.00, maximal 0.16, average 0.05)
Original Problem   :
  Problem name     : bbbenchmark/pw05_100.1.cut
  Variables        : 101 (100 binary, 0 integer, 0 implicit integer, 1 continuous)
  Constraints      : 1 initial, 1 maximal
  Objective        : minimize, 1 non-zeros (abs.min = 1, abs.max = 1)
Presolved Problem  :
  Problem name     : t_bbbenchmark/pw05_100.1.cut
  Variables        : 1757 (100 binary, 0 integer, 1640 implicit integer, 17 continuous)
  Constraints      : 1689 initial, 11691 maximal
  Objective        : minimize, 1 non-zeros (abs.min = 1, abs.max = 1)
  Nonzeros         : 8427 constraint, 202 clique table
Presolvers         :   ExecTime  SetupTime  Calls  FixedVars   AggrVars   ChgTypes  ChgBounds   AddHoles    DelCons    AddCons   ChgSides   ChgCoefs
  boundshift       :       0.00       0.00      0          0          0          0          0          0          0          0          0          0
  convertinttobin  :       0.00       0.00      0          0          0          0          0          0          0          0          0          0
  domcol           :       0.00       0.00      1          0          0          0          0          0          0          0          0          0
  dualagg          :       0.00       0.00      0          0          0          0          0          0          0          0          0          0
  dualcomp         :       0.00       0.00      1          0          0          0          0          0          0          0          0          0
  dualinfer        :       0.00       0.00      0          0          0          0          0          0          0          0          0          0
  dualsparsify     :       0.00       0.00      1          0          0          0          0          0          0          0          0          0
  gateextraction   :       0.00       0.00      0          0          0          0          0          0          0          0          0          0
  implics          :       0.00       0.00      2          0          0          0          0          0          0          0          0          0
  inttobinary      :       0.00       0.00      0          0          0          0          0          0          0          0          0          0
  qpkktref         :       0.00       0.00      0          0          0          0          0          0          0          0          0          0
  redvub           :       0.00       0.00      0          0          0          0          0          0          0          0          0          0
  sparsify         :       0.00       0.00      1          0          0          0          0          0          0          0          0          0
  stuffing         :       0.00       0.00      0          0          0          0          0          0          0          0          0          0
  trivial          :       0.00       0.00      4          0          0          0          0          0          0          0          0          0
  tworowbnd        :       0.00       0.00      0          0          0          0          0          0          0          0          0          0
  dualfix          :       0.00       0.00      4          0          0          0          0          0          0          0          0          0
  genvbounds       :       0.00       0.00      0          0          0          0          0          0          0          0          0          0
  probing          :       0.28       0.00      1          0          0          0          0          0          0          0          0          0
  pseudoobj        :       0.00       0.00      1          0          0          0          1          0          0          0          0          0
  symmetry         :       0.00       0.00      0          0          0          0          0          0          0          0          0          0
  vbounds          :       0.00       0.00      1          0          0          0          0          0          0          0          0          0
  varbound         :       0.00       0.00      2          0          0          0          0          0          0          0          0          0
  and              :       0.01       0.01      2          0          0          0          0          0          0          0          0          0
  linear           :       0.00       0.00      2          0          0          0          0          0          0          0          0          0
  logicor          :       0.00       0.00      0          0          0          0          0          0          0          0          0          0
  bounddisjunction :       0.00       0.00      0          0          0          0          0          0          0          0          0          0
  nonlinear        :       0.11       0.01      5          0          0          0          1          0          0       1688          0          0
  benders          :       0.00       0.00      0          0          0          0          0          0          0          0          0          0
  components       :       0.00       0.00      1          0          0          0          0          0          0          0          0          0
  root node        :          -          -      -          0          -          -         15          -          -          -          -          -
Constraints        :     Number  MaxNumber  #Separate #Propagate    #EnfoLP    #EnfoRelax  #EnfoPS    #Check   #ResProp    Cutoffs    DomReds       Cuts    Applied      Conss   Children
  benderslp        :          0          0          0          0     116333          0          0       6103          0          0          0          0          0          0          0
  integral         :          0          0          0          0     116333          0          0       6103          0          0        360          0          0        293     232102
  varbound         :         16         16         86     716676          0          0          0         53          0          0      90242          0          0          0          0
  and              :       1640       1640     139999     766283          0          0          0         53     479797          3     656910       8408       7697          0          0
  linear           :         33+        42         86     766331          0          0          0         51        768         16     417438          0          0          0          0
  logicor          :          0+      9835          0     128852          0          0          0          0         35        223         42          0          0          0          0
  bounddisjunction :          0+       319          0      67728          0          0          0          0          7         27         12          0          0          0          0
  benders          :          0          0          0          0          0          0          0         30          0          0          0          0          0          0          0
  countsols        :          0          0          0          0          0          0          0         30          0          0          0          0          0          0          0
  components       :          0          0          0          0          0          0          0          0          0          0          0          0          0          0          0
Constraint Timings :  TotalTime  SetupTime   Separate  Propagate     EnfoLP     EnfoPS     EnfoRelax   Check    ResProp    SB-Prop
  benderslp        :       0.09       0.00       0.00       0.00       0.08       0.00       0.00       0.01       0.00       0.00
  integral         :      54.87       0.00       0.00       0.00      54.86       0.00       0.00       0.01       0.00       0.00
  varbound         :       1.32       0.00       0.00       1.32       0.00       0.00       0.00       0.00       0.00       0.00
  and              :      95.46       0.01      67.23      27.22       0.00       0.00       0.00       0.01       0.27       0.72
  linear           :       4.74       0.00       0.07       4.62       0.00       0.00       0.00       0.00       0.00       0.05
  logicor          :      14.23       0.00       0.00      14.21       0.00       0.00       0.00       0.00       0.00       0.02
  bounddisjunction :       0.91       0.00       0.00       0.91       0.00       0.00       0.00       0.00       0.00       0.00
  benders          :       0.00       0.00       0.00       0.00       0.00       0.00       0.00       0.00       0.00       0.00
  countsols        :       0.00       0.00       0.00       0.00       0.00       0.00       0.00       0.00       0.00       0.00
  components       :       0.15       0.00       0.00       0.15       0.00       0.00       0.00       0.00       0.00       0.00
Propagators        : #Propagate   #ResProp    Cutoffs    DomReds
  dualfix          :          4          0          0          0
  genvbounds       :          0          0          0          0
  nlobbt           :          0          0          0          0
  obbt             :          0          0          0          0
  probing          :          0          0          0          0
  pseudoobj        :     534310          0          0         23
  redcost          :     270182          0          0     104521
  rootredcost      :          9          0          0          0
  symmetry         :          0          0          0          0
  vbounds          :     138570          0          0          0
Propagator Timings :  TotalTime  SetupTime   Presolve  Propagate    ResProp    SB-Prop
  dualfix          :       0.00       0.00       0.00       0.00       0.00       0.00
  genvbounds       :       0.45       0.00       0.00       0.45       0.00       0.00
  nlobbt           :       0.00       0.00       0.00       0.00       0.00       0.00
  obbt             :       0.00       0.00       0.00       0.00       0.00       0.00
  probing          :       0.28       0.00       0.28       0.00       0.00       0.00
  pseudoobj        :       0.81       0.00       0.00       0.81       0.00       0.00
  redcost          :      15.36       0.00       0.00      15.35       0.00       0.01
  rootredcost      :       0.69       0.00       0.00       0.69       0.00       0.00
  symmetry         :       0.35       0.00       0.00       0.35       0.00       0.00
  vbounds          :       0.58       0.00       0.00       0.58       0.00       0.00
Conflict Analysis  :       Time      Calls    Success    DomReds  Conflicts   Literals    Reconvs ReconvLits   Dualrays   Nonzeros   LP Iters   (pool size: [10000,10000])
  propagation      :       0.02        253        184          -        265       62.4          1       52.0          -          -          -
  infeasible LP    :       0.07         29         29          -       1184      132.5          0        0.0        106      125.6          0
  bound exceed. LP :      19.48       5364       5123          -     137493      106.7          1       54.0          0        0.0      56830
  strong branching :       0.00          0          0          -          0        0.0          0        0.0          -          -          0
  pseudo solution  :       0.00          0          0          -          0        0.0          0        0.0          -          -          -
  applied globally :       0.52          -          -          0      29374      118.6          -          -        106          -          -
  applied locally  :          -          -          -          0          0        0.0          -          -          0          -          -
Separators         :   ExecTime  SetupTime      Calls  RootCalls    Cutoffs    DomReds  FoundCuts ViaPoolAdd  DirectAdd    Applied ViaPoolApp  DirectApp      Conss
  cut pool         :       4.45          -      27952        112          -          -      45092    1165754          -          -          -          -          -    (maximal pool size:       3380)
  aggregation      :      80.63       0.00       8280         86          0          0        701       1855          0        472        472          0          0
  > cmir           :          -          -          -          -          -          -          -       1849          0        466        466          0          -
  > flowcover      :          -          -          -          -          -          -          -          6          0          6          6          0          -
  > knapsackcover  :          -          -          -          -          -          -          -          0          0          0          0          0          -
  cgmip            :       0.00       0.00          0          0          0          0          0          0          0          0          0          0          0
  clique           :       0.00       0.00         86         86          0          0          0          0          0          0          0          0          0
  closecuts        :       0.00       0.00          0          0          0          0          0          0          0          0          0          0          0
  convexproj       :       0.00       0.00          0          0          0          0          0          0          0          0          0          0          0
  disjunctive      :       0.00       0.00          0          0          0          0          0          0          0          0          0          0          0
  eccuts           :       0.00       0.00          0          0          0          0          0          0          0          0          0          0          0
  gauge            :       0.00       0.00          0          0          0          0          0          0          0          0          0          0          0
  gomory           :       0.00       0.00          0          0          0          0          0          0          0          0          0          0          0
  > gomorymi       :          -          -          -          -          -          -          -          0          0          0          0          0          -
  > strongcg       :          -          -          -          -          -          -          -          0          0          0          0          0          -
  impliedbounds    :       0.52       0.00       8280         86          0          0         33         17          0         11         11          0          0
  interlattice     :       0.38       0.00         58         58          0          0         58          0         58         56          0         56          0
  interminor       :       0.00       0.00          0          0          0          0          0          0          0          0          0          0          0
  intersub         :       0.16       0.00          4          4          0          0          3          0          3          2          0          2          0
  intobj           :       0.00       0.00          0          0          0          0          0          0          0          0          0          0          0
  mcf              :       0.00       0.00          1          1          0          0          0          0          0          0          0          0          0
  minor            :       0.02       0.00          0          0          0          0          0          0          0          0          0          0          0
  mixing           :       0.06       0.00       8280         86          0          0          0          0          0          0          0          0          0
  oddcycle         :       0.00       0.00          0          0          0          0          0          0          0          0          0          0          0
  rapidlearning    :       0.01       0.00          0          0          0          0          0          0          0          0          0          0          0
  rlt              :       0.00       0.00         10         10          0          0          0          0          0          0          0          0          0
  zerohalf         :      48.35       0.00       7331         20          0          0      44358    1163882          0     160297     160297          0          0
Cutselectors       :   ExecTime  SetupTime      Calls  RootCalls   Selected     Forced   Filtered  RootSelec   RootForc   RootFilt 
  hybrid           :       1.37       0.00      17012         87     168535          0    1005688        242          0          3
Pricers            :   ExecTime  SetupTime      Calls       Vars
  problem variables:       0.00          -          0          0
Branching Rules    :   ExecTime  SetupTime   BranchLP  BranchExt   BranchPS    Cutoffs    DomReds       Cuts      Conss   Children
  allfullstrong    :       0.00       0.00          0          0          0          0          0          0          0          0
  cloud            :       0.00       0.00          0          0          0          0          0          0          0          0
  distribution     :       0.00       0.00          0          0          0          0          0          0          0          0
  fullstrong       :       0.00       0.00          0          0          0          0          0          0          0          0
  inference        :       0.00       0.00          0          0          0          0          0          0          0          0
  leastinf         :       0.00       0.00          0          0          0          0          0          0          0          0
  lookahead        :       0.00       0.00          0          0          0          0          0          0          0          0
  mostinf          :       0.00       0.00          0          0          0          0          0          0          0          0
  multaggr         :       0.00       0.00          0          0          0          0          0          0          0          0
  nodereopt        :       0.00       0.00          0          0          0          0          0          0          0          0
  pscost           :       0.00       0.00          0          0          0          0          0          0          0          0
  random           :       0.00       0.00          0          0          0          0          0          0          0          0
  relpscost        :      54.44       0.00     116333          0          0          0        360          0        305     232102
  vanillafullstrong:       0.00       0.00          0          0          0          0          0          0          0          0
Primal Heuristics  :   ExecTime  SetupTime      Calls      Found       Best
  LP solutions     :       0.00          -          -          0          0
  relax solutions  :       0.00          -          -          0          0
  pseudo solutions :       0.00          -          -          0          0
  strong branching :       0.07          -          -          0          0
  actconsdiving    :       0.00       0.00          0          0          0
  adaptivediving   :       3.84       0.00         30          0          0
  alns             :      14.93       0.00         26         14         13
  bound            :       0.00       0.00          0          0          0
  clique           :       0.01       0.00          1          0          0
  coefdiving       :       0.00       0.00          0          0          0
  completesol      :       0.00       0.00          0          0          0
  conflictdiving   :      81.66       0.00        699          0          0
  crossover        :       1.94       0.00          4          1          1
  dins             :       0.00       0.00          0          0          0
  distributiondivin:      70.80       0.00        354          0          0
  dps              :       0.00       0.00          0          0          0
  dualval          :       0.00       0.00          0          0          0
  farkasdiving     :       0.01       0.00          0          0          0
  feaspump         :       0.15       0.00          1          1          1
  fixandinfer      :       0.00       0.00          0          0          0
  fracdiving       :      53.50       0.00        445          0          0
  gins             :       0.16       0.00          0          0          0
  guideddiving     :      50.54       0.00        446          0          0
  indicator        :       0.18       0.00          0          0          0
  indicatordiving  :       0.00       0.00          0          0          0
  intdiving        :       0.00       0.00          0          0          0
  intshifting      :       0.37       0.00         47          0          0
  linesearchdiving :      50.47       0.00        445          0          0
  localbranching   :       0.00       0.00          0          0          0
  locks            :       0.01       0.00          1          0          0
  lpface           :       0.14       0.00          0          0          0
  mpec             :     478.58       0.00         11          0          0
  multistart       :       0.00       0.00          0          0          0
  mutation         :       0.00       0.00          0          0          0
  nlpdiving        :      46.17       0.00          2          0          0
  objpscostdiving  :      25.56       0.00         38          1          0
  octane           :       0.00       0.00          0          0          0
  ofins            :       0.19       0.00          0          0          0
  oneopt           :       0.18       0.00         14          0          0
  padm             :       0.00       0.00          0          0          0
  proximity        :       0.00       0.00          0          0          0
  pscostdiving     :      54.08       0.00        407          1          1
  randrounding     :       0.72       0.00       6070          0          0
  rens             :       0.00       0.00          0          0          0
  reoptsols        :       0.00       0.00          0          0          0
  repair           :       0.00       0.00          0          0          0
  rins             :       5.11       0.00         34          1          1
  rootsoldiving    :      27.17       0.00         30          0          0
  rounding         :       1.36       0.00       4971          0          0
  shiftandpropagate:       0.00       0.00          0          0          0
  shifting         :      39.85       0.00       9848          5          3
  simplerounding   :       0.19       0.00          0          0          0
  subnlp           :     173.38       0.00          0          0          0
  trivial          :       0.01       0.00          2          2          2
  trivialnegation  :       0.00       0.00          0          0          0
  trustregion      :       0.00       0.00          0          0          0
  trysol           :       0.22       0.00          0          0          0
  twoopt           :       0.00       0.00          0          0          0
  undercover       :       0.55       0.00          1          1          1
  vbounds          :       0.00       0.00          0          0          0
  veclendiving     :      51.21       0.00        445          0          0
  zeroobj          :       0.00       0.00          0          0          0
  zirounding       :       0.42       0.00       1000          0          0
  other solutions  :          -          -          -          0          -
Diving (single)    :      Calls      Nodes   LP Iters Backtracks  Conflicts   MinDepth   MaxDepth   AvgDepth  RoundSols  NLeafSols  MinSolDpt  MaxSolDpt  AvgSolDpt
  actconsdiving    :          0          -          -          -          -          -          -          -          -          -          -          -          -
  coefdiving       :          0          -          -          -          -          -          -          -          -          -          -          -          -
  conflictdiving   :        699      27418     724139        725      46291         52         82       60.0          0          -          -          -          -
  distributiondivin:        354      12839     512175        383      10131         46         75       54.8          0          -          -          -          -
  farkasdiving     :          0          -          -          -          -          -          -          -          -          -          -          -          -
  fracdiving       :        445      55512     477166        128       2143         65        581      144.9          0          -          -          -          -
  guideddiving     :        446      45805     462924         65       2574         57        307      124.1          0          -          -          -          -
  indicatordiving  :          0          -          -          -          -          -          -          -          -          -          -          -          -
  linesearchdiving :        445      16648     487914        434      25959         44         86       57.7          0          -          -          -          -
  pscostdiving     :        407      17815     522572        421      15418         50         74       63.4          0          1         74         74       74.0
  veclendiving     :        445      18022     477305        425      31534         54         81       60.2          0          -          -          -          -
Diving (adaptive)  :      Calls      Nodes   LP Iters Backtracks  Conflicts   MinDepth   MaxDepth   AvgDepth  RoundSols  NLeafSols  MinSolDpt  MaxSolDpt  AvgSolDpt
  actconsdiving    :          4        167       6194          5         92         53         59       56.2          0          -          -          -          -
  coefdiving       :          8        306       7572          7        479         52         71       59.6          0          -          -          -          -
  conflictdiving   :          0          -          -          -          -          -          -          -          -          -          -          -          -
  distributiondivin:          0          -          -          -          -          -          -          -          -          -          -          -          -
  farkasdiving     :          0          -          -          -          -          -          -          -          -          -          -          -          -
  fracdiving       :          1        152        809          0          0        171        171      171.0          0          -          -          -          -
  guideddiving     :          3        373       3685          0          0        116        155      140.3          0          -          -          -          -
  indicatordiving  :          0          -          -          -          -          -          -          -          -          -          -          -          -
  linesearchdiving :          5        205       5936          6        327         49         73       59.0          0          -          -          -          -
  pscostdiving     :          4        178       5451          4        133         61         68       62.8          0          -          -          -          -
  veclendiving     :          5        218       5667          5        388         56         73       60.8          0          -          -          -          -
Neighborhoods      :      Calls  SetupTime  SolveTime SolveNodes       Sols       Best       Exp3  EpsGreedy        UCB TgtFixRate  Opt  Inf Node Stal  Sol  Usr Othr Actv
  rens             :          4       0.54       0.32        111          0          0    0.00000   -1.00000    0.45904      0.522    0    3    0    1    0    0    0    1
  rins             :          6       0.93       1.01        788          3          3    0.00000   -1.00000    0.49597      0.698    0    2    0    4    0    0    0    1
  mutation         :          2       0.11       0.11        103          0          0    0.00000   -1.00000    0.42556      0.850    0    1    0    1    0    0    0    1
  localbranching   :          2       0.24       0.08        117          0          0    0.00000   -1.00000    0.44869      0.850    0    1    0    1    0    0    0    1
  crossover        :          3       0.37       0.23         86          0          0    0.00000   -1.00000    0.44617      0.662    0    2    0    1    0    0    0    1
  proximity        :          2       0.07       2.96       4520          2          1    0.00000   -1.00000    0.50006      0.850    1    0    0    1    0    0    0    1
  zeroobjective    :          2       0.17       0.07        101          0          0    0.00000   -1.00000    0.43556      0.850    0    1    0    1    0    0    0    1
  dins             :          5       0.27       7.18       2249          9          9    0.00000   -1.00000    0.50982      0.585    0    0    0    2    3    0    0    1
  trustregion      :          0       0.00       0.00          0          0          0    0.00000   -1.00000    1.00000      0.900    0    0    0    0    0    0    0    0
Expressions        :   #IntEval  IntEvalTi   #RevProp  RevPropTi    DomReds    Cutoffs  #Estimate  EstimTime  Branching  #Simplify SimplifyTi Simplified
  pow              :          0       0.00          0       0.00          0          0          0       0.00          0          0       0.00          0
  prod             :       9900       0.01          0       0.00          0          0          0       0.00          0       6590       0.01          0
  sum              :          8       0.00          2       0.00          0          0          0       0.00          0          3       0.02          2
  var              :       6080       0.00          0       0.00          0          0          0       0.00          0      15139       0.01          0
  varidx           :          0       0.00          0       0.00          0          0          0       0.00          0          0       0.00          0
LP                 :       Time      Calls Iterations  Iter/call   Iter/sec  Time-0-It Calls-0-It    ItLimit
  primal LP        :     122.06      18036          0       0.00       0.00     121.98      18036
  dual LP          :    1723.37     230964    9942796      47.25    5769.39       8.27      20522
  lex dual LP      :       0.00          0          0       0.00          -
  barrier LP       :       0.00          0          0       0.00          -       0.00          0
  resolve instable :       0.00          0          0       0.00          -
  diving/probing LP:     389.03      13621    4004756     294.01   10294.21
  strong branching :      22.68       1932     206607     106.94    9109.66          -          -        837
    (at root node) :          -         19       3804     200.21          -
  conflict analysis:       8.53       5778      56830       9.84    6662.37
NLP relaxation     :
  solve time       :      46.09 (8 calls)
  convexity        :  nonconvex (49 linear rows, 0 convex ineq., 0 nonconvex ineq., 1640 nonlinear eq. or two-sided ineq.)
NLP Solvers        :  #Problems  ProblemTi    #Solves  SolveTime      #Iter  Time/Iter      #Okay #TimeLimit #IterLimit #LObjLimit #Interrupt  #NumError #EvalError  #OutOfMem #LicenseEr #OtherTerm   #GlobOpt    #LocOpt  #Feasible #LocInfeas #GlobInfea #Unbounded   #Unknown
  ipopt            :         12       8.30         30     531.31       1853       0.29         29          0          1          0          0          0          0          0          0          0          0         11          0         17          0          0          2
B&B Tree           :
  number of runs   :          1
  nodes            :     193191 (116051 internal, 77140 leaves)
  feasible leaves  :          0
  infeas. leaves   :          5
  objective leaves :      77134
  nodes (total)    :     193191 (116051 internal, 77140 leaves)
  nodes left       :      38508
  max depth        :         64
  max depth (total):         64
  backtracks       :      46738 (24.2%)
  early backtracks :          0 (0.0%)
  nodes exc. ref.  :          0 (0.0%)
  delayed cutoffs  :          1
  repropagations   :         88 (362 domain reductions, 0 cutoffs)
  avg switch length:       6.33
  switching time   :     171.14
Estim. Tree Size   :     387190
Estimation Tree    : 232103 nodes (193595 visited, 116051 internal, 77544 leaves, 38508 open), weight: 0.0000 completed 0.1167
Estimations        :      estim      value      trend resolution     smooth
  wbe              : 168170369307928          -          -          -          -
  tree-profile     :         -1          -          -          -          -
  gap              :    6251548    0.70153    0.00001        128    6424821
  tree-weight      :     387190    0.00000    0.00000        128     386492
  leaf-frequency   :    4061543    0.40054    0.00001        128    3986922
  ssg              :    9717931    0.81578   -0.00002        128    9548615
  open-nodes       :     387190 38508.00000   32.29067        128     386492
Root Node          :
  First LP value   : -5.47070707070708e+00
  First LP Iters   :       1636 (10225.00 Iter/sec)
  First LP Time    :       0.16
  Final Dual Bound : -5.25213768281747e+00
  Final Root Iters :       2774
  Root LP Estimate : -1.74290504793279e+00
Solution           :
  Solutions found  :         27 (23 improvements)
  First Solution   : +1.00000000000000e+05   (in run 1, after 0 nodes, 0.03 seconds, depth 0, found by <trivial>)
  Gap First Sol.   :   infinite
  Gap Last Sol.    :      43.84 %
  Primal Bound     : -3.18303030303030e+00   (in run 1, after 137355 nodes, 2050.08 seconds, depth 20, found by <alns>)
  Dual Bound       : -4.53727161013016e+00
  Gap              :      42.55 %
Integrals          :      Total       Avg%
  primal-dual      :  120208.46      33.39
  primal-ref       :          -          - (not evaluated)
  dual-ref         :          -          - (not evaluated)
