SCIP Status        : solving was interrupted [time limit reached]
Total Time         :    3600.01
  solving          :    3600.00
  presolving       :       0.46 (included in solving)
  reading          :       0.01
  copying          :       0.78 (27 #copies) (minimal 0.00, maximal 0.08, average 0.03)
Original Problem   :
  Problem name     : bbbenchmark/pw05_100.0.cut
  Variables        : 101 (100 binary, 0 integer, 0 implicit integer, 1 continuous)
  Constraints      : 1 initial, 1 maximal
  Objective        : minimize, 1 non-zeros (abs.min = 1, abs.max = 1)
Presolved Problem  :
  Problem name     : t_bbbenchmark/pw05_100.0.cut
  Variables        : 1973 (100 binary, 0 integer, 1860 implicit integer, 13 continuous)
  Constraints      : 1897 initial, 7607 maximal
  Objective        : minimize, 1 non-zeros (abs.min = 1, abs.max = 1)
  Nonzeros         : 8843 constraint, 202 clique table
Presolvers         :   ExecTime  SetupTime  Calls  FixedVars   AggrVars   ChgTypes  ChgBounds   AddHoles    DelCons    AddCons   ChgSides   ChgCoefs
  boundshift       :       0.00       0.00      0          0          0          0          0          0          0          0          0          0
  convertinttobin  :       0.00       0.00      0          0          0          0          0          0          0          0          0          0
  domcol           :       0.00       0.00      1          0          0          0          0          0          0          0          0          0
  dualagg          :       0.00       0.00      0          0          0          0          0          0          0          0          0          0
  dualcomp         :       0.00       0.00      1          0          0          0          0          0          0          0          0          0
  dualinfer        :       0.00       0.00      0          0          0          0          0          0          0          0          0          0
  dualsparsify     :       0.00       0.00      1          0          0          0          0          0          0          0          0          0
  gateextraction   :       0.00       0.00      0          0          0          0          0          0          0          0          0          0
  implics          :       0.00       0.00      2          0          0          0          0          0          0          0          0          0
  inttobinary      :       0.00       0.00      0          0          0          0          0          0          0          0          0          0
  qpkktref         :       0.00       0.00      0          0          0          0          0          0          0          0          0          0
  redvub           :       0.00       0.00      0          0          0          0          0          0          0          0          0          0
  sparsify         :       0.00       0.00      1          0          0          0          0          0          0          0          0          0
  stuffing         :       0.00       0.00      0          0          0          0          0          0          0          0          0          0
  trivial          :       0.00       0.00      4          0          0          0          0          0          0          0          0          0
  tworowbnd        :       0.00       0.00      0          0          0          0          0          0          0          0          0          0
  dualfix          :       0.00       0.00      4          0          0          0          0          0          0          0          0          0
  genvbounds       :       0.00       0.00      0          0          0          0          0          0          0          0          0          0
  probing          :       0.31       0.00      1          0          0          0          0          0          0          0          0          0
  pseudoobj        :       0.00       0.00      1          0          0          0          1          0          0          0          0          0
  symmetry         :       0.00       0.00      0          0          0          0          0          0          0          0          0          0
  vbounds          :       0.00       0.00      1          0          0          0          0          0          0          0          0          0
  varbound         :       0.00       0.00      2          0          0          0          0          0          0          0          0          0
  and              :       0.01       0.00      2          0          0          0          0          0          0          0          0          0
  linear           :       0.00       0.00      2          0          0          0          0          0          0          0          0          0
  logicor          :       0.00       0.00      0          0          0          0          0          0          0          0          0          0
  bounddisjunction :       0.00       0.00      0          0          0          0          0          0          0          0          0          0
  nonlinear        :       0.12       0.00      5          0          0          0          1          0          0       1896          0          0
  benders          :       0.00       0.00      0          0          0          0          0          0          0          0          0          0
  components       :       0.00       0.00      1          0          0          0          0          0          0          0          0          0
  root node        :          -          -      -          0          -          -         13          -          -          -          -          -
Constraints        :     Number  MaxNumber  #Separate #Propagate    #EnfoLP    #EnfoRelax  #EnfoPS    #Check   #ResProp    Cutoffs    DomReds       Cuts    Applied      Conss   Children
  benderslp        :          0          0          0          0      26923          0          0       4713          0          0          0          0          0          0          0
  integral         :          0          0          0          0      26923          0          0       4713          0          0       1181          0          0        756      52932
  varbound         :         12         12         86     251010          0          0          0         21          0          0      15420          0          0          0          0
  and              :       1860       1860      38730     287738          1          0          0         21     240504         11     358675       8255       7595          0          0
  linear           :         25+        26         86     287764          1          0          0         19        114          1      63588          0          0          0          0
  logicor          :          0+      5621          0      47508          0          0          0          0        351        175         22          0          0          0          0
  bounddisjunction :          0+       102          0      15015          0          0          0          0          0          5          0          0          0          0          0
  benders          :          0          0          0          0          1          0          0         19          0          0          0          0          0          0          0
  countsols        :          0          0          0          0          1          0          0         19          0          0          0          0          0          0          0
  components       :          0          0          0          0          0          0          0          0          0          0          0          0          0          0          0
Constraint Timings :  TotalTime  SetupTime   Separate  Propagate     EnfoLP     EnfoPS     EnfoRelax   Check    ResProp    SB-Prop
  benderslp        :       0.07       0.00       0.00       0.00       0.07       0.00       0.00       0.00       0.00       0.00
  integral         :      52.50       0.00       0.00       0.00      52.50       0.00       0.00       0.00       0.00       0.00
  varbound         :       0.26       0.00       0.00       0.26       0.00       0.00       0.00       0.00       0.00       0.00
  and              :      36.17       0.00      24.12      11.44       0.00       0.00       0.00       0.00       0.17       0.44
  linear           :       1.02       0.00       0.07       0.90       0.00       0.00       0.00       0.00       0.00       0.05
  logicor          :       2.90       0.00       0.00       2.90       0.00       0.00       0.00       0.00       0.00       0.00
  bounddisjunction :       0.13       0.00       0.00       0.13       0.00       0.00       0.00       0.00       0.00       0.00
  benders          :       0.00       0.00       0.00       0.00       0.00       0.00       0.00       0.00       0.00       0.00
  countsols        :       0.00       0.00       0.00       0.00       0.00       0.00       0.00       0.00       0.00       0.00
  components       :       0.05       0.00       0.00       0.05       0.00       0.00       0.00       0.00       0.00       0.00
Propagators        : #Propagate   #ResProp    Cutoffs    DomReds
  dualfix          :          4          0          0          0
  genvbounds       :          0          0          0          0
  nlobbt           :          0          0          0          0
  obbt             :          0          0          0          0
  probing          :          0          0          0          0
  pseudoobj        :     121146          0          0         13
  redcost          :      73414          0          0      30218
  rootredcost      :         11          0          0          0
  symmetry         :          0          0          0          0
  vbounds          :      33144          0          0          0
Propagator Timings :  TotalTime  SetupTime   Presolve  Propagate    ResProp    SB-Prop
  dualfix          :       0.00       0.00       0.00       0.00       0.00       0.00
  genvbounds       :       0.16       0.00       0.00       0.15       0.00       0.01
  nlobbt           :       0.00       0.00       0.00       0.00       0.00       0.00
  obbt             :       0.00       0.00       0.00       0.00       0.00       0.00
  probing          :       0.31       0.00       0.31       0.00       0.00       0.00
  pseudoobj        :       0.24       0.00       0.00       0.24       0.00       0.00
  redcost          :       4.14       0.00       0.00       4.14       0.00       0.00
  rootredcost      :       0.09       0.00       0.00       0.09       0.00       0.00
  symmetry         :       0.15       0.00       0.00       0.15       0.00       0.00
  vbounds          :       0.18       0.00       0.00       0.17       0.00       0.01
Conflict Analysis  :       Time      Calls    Success    DomReds  Conflicts   Literals    Reconvs ReconvLits   Dualrays   Nonzeros   LP Iters   (pool size: [10000,10000])
  propagation      :       0.01        191        118          -        167       63.6          0        0.0          -          -          -
  infeasible LP    :       0.00          4          4          -        174      141.2          0        0.0          5      208.4          0
  bound exceed. LP :      10.95       2907       2578          -      66463      105.2          0        0.0          0        0.0      30006
  strong branching :       0.00          0          0          -          0        0.0          0        0.0          -          -          0
  pseudo solution  :       0.00          0          0          -          0        0.0          0        0.0          -          -          -
  applied globally :       0.16          -          -          0      13484      124.7          -          -          5          -          -
  applied locally  :          -          -          -          0          0        0.0          -          -          0          -          -
Separators         :   ExecTime  SetupTime      Calls  RootCalls    Cutoffs    DomReds  FoundCuts ViaPoolAdd  DirectAdd    Applied ViaPoolApp  DirectApp      Conss
  cut pool         :       8.89          -      20722        113          -          -      44391    3557981          -          -          -          -          -    (maximal pool size:       3908)
  aggregation      :     479.15       0.00       8244         86          0          0        286        687          0        202        202          0          0
  > cmir           :          -          -          -          -          -          -          -        686          0        201        201          0          -
  > flowcover      :          -          -          -          -          -          -          -          1          0          1          1          0          -
  > knapsackcover  :          -          -          -          -          -          -          -          0          0          0          0          0          -
  cgmip            :       0.00       0.00          0          0          0          0          0          0          0          0          0          0          0
  clique           :       0.00       0.00         86         86          0          0          0          0          0          0          0          0          0
  closecuts        :       0.00       0.00          0          0          0          0          0          0          0          0          0          0          0
  convexproj       :       0.00       0.00          0          0          0          0          0          0          0          0          0          0          0
  disjunctive      :       0.00       0.00          0          0          0          0          0          0          0          0          0          0          0
  eccuts           :       0.00       0.00          0          0          0          0          0          0          0          0          0          0          0
  gauge            :       0.00       0.00          0          0          0          0          0          0          0          0          0          0          0
  gomory           :       0.00       0.00          0          0          0          0          0          0          0          0          0          0          0
  > gomorymi       :          -          -          -          -          -          -          -          0          0          0          0          0          -
  > strongcg       :          -          -          -          -          -          -          -          0          0          0          0          0          -
  impliedbounds    :       0.53       0.00       8244         86          0          0         84          2          0          2          2          0          0
  interlattice     :       0.00       0.00          0          0          0          0          0          0          0          0          0          0          0
  interminor       :       0.00       0.00          0          0          0          0          0          0          0          0          0          0          0
  intersub         :       1.08       0.00         46         46          0          0         44          0         44         44          0         44          0
  intobj           :       0.00       0.00          0          0          0          0          0          0          0          0          0          0          0
  mcf              :       0.00       0.00          1          1          0          0          0          0          0          0          0          0          0
  minor            :       0.01       0.00          0          0          0          0          0          0          0          0          0          0          0
  mixing           :       0.02       0.00       8244         86          0          0          0          0          0          0          0          0          0
  oddcycle         :       0.00       0.00          0          0          0          0          0          0          0          0          0          0          0
  rapidlearning    :       0.01       0.00          0          0          0          0          0          0          0          0          0          0          0
  rlt              :       0.00       0.00         10         10          0          0          0          0          0          0          0          0          0
  zerohalf         :      76.42       0.00       7249         20          0          0      44021    3557292          0     186509     186509          0          0
Cutselectors       :   ExecTime  SetupTime      Calls  RootCalls   Selected     Forced   Filtered  RootSelec   RootForc   RootFilt 
  hybrid           :       2.66       0.00      15270         84     194352          0    3371928        250          0         32
Pricers            :   ExecTime  SetupTime      Calls       Vars
  problem variables:       0.00          -          0          0
Branching Rules    :   ExecTime  SetupTime   BranchLP  BranchExt   BranchPS    Cutoffs    DomReds       Cuts      Conss   Children
  allfullstrong    :       0.00       0.00          0          0          0          0          0          0          0          0
  cloud            :       0.00       0.00          0          0          0          0          0          0          0          0
  distribution     :       0.00       0.00          0          0          0          0          0          0          0          0
  fullstrong       :       0.00       0.00          0          0          0          0          0          0          0          0
  inference        :       0.00       0.00          0          0          0          0          0          0          0          0
  leastinf         :       0.00       0.00          0          0          0          0          0          0          0          0
  lookahead        :       0.00       0.00          0          0          0          0          0          0          0          0
  mostinf          :       0.00       0.00          0          0          0          0          0          0          0          0
  multaggr         :       0.00       0.00          0          0          0          0          0          0          0          0
  nodereopt        :       0.00       0.00          0          0          0          0          0          0          0          0
  pscost           :       0.00       0.00          0          0          0          0          0          0          0          0
  random           :       0.00       0.00          0          0          0          0          0          0          0          0
  relpscost        :      52.39       0.00      26922          0          0          0       1181          0        756      52932
  vanillafullstrong:       0.00       0.00          0          0          0          0          0          0          0          0
Primal Heuristics  :   ExecTime  SetupTime      Calls      Found       Best
  LP solutions     :       0.00          -          -          1          1
  relax solutions  :       0.00          -          -          0          0
  pseudo solutions :       0.00          -          -          0          0
  strong branching :       0.01          -          -          0          0
  actconsdiving    :       0.00       0.00          0          0          0
  adaptivediving   :       4.86       0.00         24          0          0
  alns             :       0.96       0.00         11          1          1
  bound            :       0.00       0.00          0          0          0
  clique           :       0.01       0.00          1          0          0
  coefdiving       :       0.00       0.00          0          0          0
  completesol      :       0.00       0.00          0          0          0
  conflictdiving   :      27.97       0.00        188          0          0
  crossover        :       1.38       0.00          3          0          0
  dins             :       0.00       0.00          0          0          0
  distributiondivin:      55.77       0.00        188          0          0
  dps              :       0.00       0.00          0          0          0
  dualval          :       0.00       0.00          0          0          0
  farkasdiving     :       0.00       0.00          0          0          0
  feaspump         :       0.61       0.00          1          1          1
  fixandinfer      :       0.00       0.00          0          0          0
  fracdiving       :      36.88       0.00        188          0          0
  gins             :       0.05       0.00          0          0          0
  guideddiving     :      35.99       0.00        188          1          1
  indicator        :       0.02       0.00          0          0          0
  indicatordiving  :       0.00       0.00          0          0          0
  intdiving        :       0.00       0.00          0          0          0
  intshifting      :       0.52       0.00         29          0          0
  linesearchdiving :      32.44       0.00        188          0          0
  localbranching   :       0.00       0.00          0          0          0
  locks            :       0.01       0.00          1          0          0
  lpface           :       0.01       0.00          0          0          0
  mpec             :     575.15       0.00         11          5          5
  multistart       :       0.00       0.00          0          0          0
  mutation         :       0.00       0.00          0          0          0
  nlpdiving        :      41.69       0.00          6          0          0
  objpscostdiving  :      76.81       0.00         34          2          1
  octane           :       0.00       0.00          0          0          0
  ofins            :       0.04       0.00          0          0          0
  oneopt           :       0.05       0.00         15          0          0
  padm             :       0.00       0.00          0          0          0
  proximity        :       0.00       0.00          0          0          0
  pscostdiving     :      43.33       0.00        188          1          1
  randrounding     :       0.78       0.00       4690          0          0
  rens             :       0.00       0.00          0          0          0
  reoptsols        :       0.00       0.00          0          0          0
  repair           :       0.00       0.00          0          0          0
  rins             :       1.35       0.00         12          0          0
  rootsoldiving    :      27.90       0.00         16          0          0
  rounding         :       0.77       0.00       2730          0          0
  shiftandpropagate:       0.00       0.00          0          0          0
  shifting         :      33.31       0.00       7348          2          2
  simplerounding   :       0.04       0.00          0          0          0
  subnlp           :      53.76       0.00          0          0          0
  trivial          :       0.02       0.00          2          2          2
  trivialnegation  :       0.00       0.00          0          0          0
  trustregion      :       0.00       0.00          0          0          0
  trysol           :       0.05       0.00          0          0          0
  twoopt           :       0.00       0.00          0          0          0
  undercover       :       2.50       0.00          1          1          1
  vbounds          :       0.00       0.00          0          0          0
  veclendiving     :      29.27       0.00        188          0          0
  zeroobj          :       0.00       0.00          0          0          0
  zirounding       :       0.34       0.00       1000          0          0
  other solutions  :          -          -          -          0          -
Diving (single)    :      Calls      Nodes   LP Iters Backtracks  Conflicts   MinDepth   MaxDepth   AvgDepth  RoundSols  NLeafSols  MinSolDpt  MaxSolDpt  AvgSolDpt
  actconsdiving    :          0          -          -          -          -          -          -          -          -          -          -          -          -
  coefdiving       :          0          -          -          -          -          -          -          -          -          -          -          -          -
  conflictdiving   :        188       8357     216124        193      13824         52         79       59.7          0          -          -          -          -
  distributiondivin:        188       7133     362778        225       7828         45         77       53.4          0          -          -          -          -
  farkasdiving     :          0          -          -          -          -          -          -          -          -          -          -          -          -
  fracdiving       :        188      42552     261306         41        727         55        751      244.0          0          -          -          -          -
  guideddiving     :        188      35472     252642         14        477         67        485      206.2          0          1        164        164      164.0
  indicatordiving  :          0          -          -          -          -          -          -          -          -          -          -          -          -
  linesearchdiving :        188       9258     255352        210      11151         45         88       65.6          0          -          -          -          -
  pscostdiving     :        188       8043     336245        201       9035         50         68       58.4          0          1         67         67       67.0
  veclendiving     :        188       8110     222215        187      14203         51         77       59.8          0          -          -          -          -
Diving (adaptive)  :      Calls      Nodes   LP Iters Backtracks  Conflicts   MinDepth   MaxDepth   AvgDepth  RoundSols  NLeafSols  MinSolDpt  MaxSolDpt  AvgSolDpt
  actconsdiving    :          4        174       6494          4        179         56         59       57.0          0          -          -          -          -
  coefdiving       :          5        214       6585          5        367         56         62       58.2          0          -          -          -          -
  conflictdiving   :          0          -          -          -          -          -          -          -          -          -          -          -          -
  distributiondivin:          0          -          -          -          -          -          -          -          -          -          -          -          -
  farkasdiving     :          0          -          -          -          -          -          -          -          -          -          -          -          -
  fracdiving       :          1        457       2168          0          0        473        473      473.0          0          -          -          -          -
  guideddiving     :          9       1324      11864          0          0        106        203      163.3          0          -          -          -          -
  indicatordiving  :          0          -          -          -          -          -          -          -          -          -          -          -          -
  linesearchdiving :          1         35        790          1         55         60         60       60.0          0          -          -          -          -
  pscostdiving     :          1         42       2274          1         38         57         57       57.0          0          -          -          -          -
  veclendiving     :          3        129       3639          3        249         57         59       57.7          0          -          -          -          -
Neighborhoods      :      Calls  SetupTime  SolveTime SolveNodes       Sols       Best       Exp3  EpsGreedy        UCB TgtFixRate  Opt  Inf Node Stal  Sol  Usr Othr Actv
  rens             :          1       0.03       0.01          1          0          0    0.00000   -1.00000    0.56205      0.700    0    1    0    0    0    0    0    1
  rins             :          4       0.33       0.15        191          1          1    0.00000   -1.00000    0.55222      0.822    1    1    0    2    0    0    0    1
  mutation         :          1       0.04       0.01          1          0          0    0.00000   -1.00000    0.56215      0.700    0    1    0    0    0    0    0    1
  localbranching   :          1       0.04       0.03         52          0          0    0.00000   -1.00000    0.51105      0.700    0    1    0    0    0    0    0    1
  crossover        :          1       0.01       0.01          1          0          0    0.00000   -1.00000    0.56205      0.700    0    1    0    0    0    0    0    1
  proximity        :          1       0.01       0.01          1          0          0    0.00000   -1.00000    0.56205      0.700    0    1    0    0    0    0    0    1
  zeroobjective    :          1       0.08       0.02         29          0          0    0.00000   -1.00000    0.53405      0.700    0    1    0    0    0    0    0    1
  dins             :          1       0.07       0.01          9          0          0    0.00000   -1.00000    0.55405      0.700    0    1    0    0    0    0    0    1
  trustregion      :          0       0.00       0.00          0          0          0    0.00000   -1.00000    1.00000      0.900    0    0    0    0    0    0    0    0
Expressions        :   #IntEval  IntEvalTi   #RevProp  RevPropTi    DomReds    Cutoffs  #Estimate  EstimTime  Branching  #Simplify SimplifyTi Simplified
  pow              :          0       0.00          0       0.00          0          0          0       0.00          0          0       0.00          0
  prod             :       9900       0.00          0       0.00          0          0          0       0.00          0       6810       0.01          0
  sum              :          8       0.00          2       0.00          0          0          0       0.00          0          3       0.01          2
  var              :       6728       0.01          0       0.00          0          0          0       0.00          0      15795       0.02          0
  varidx           :          0       0.00          0       0.00          0          0          0       0.00          0          0       0.00          0
LP                 :       Time      Calls Iterations  Iter/call   Iter/sec  Time-0-It Calls-0-It    ItLimit
  primal LP        :     107.25       5255          0       0.00       0.00     107.22       5255
  dual LP          :    1685.01      63810    7481251     125.75    4439.89       2.07       4319
  lex dual LP      :       0.00          0          0       0.00          -
  barrier LP       :       0.00          0          0       0.00          -       0.00          0
  resolve instable :       0.00          0          0       0.00          -
  diving/probing LP:     331.74       7654    2422896     316.55    7303.60
  strong branching :      39.40       1805     252886     140.10    6418.43          -          -        254
    (at root node) :          -         19       6186     325.58          -
  conflict analysis:       5.46       3014      30006       9.96    5495.60
NLP relaxation     :
  solve time       :      41.17 (9 calls)
  convexity        :  nonconvex (37 linear rows, 0 convex ineq., 0 nonconvex ineq., 1860 nonlinear eq. or two-sided ineq.)
NLP Solvers        :  #Problems  ProblemTi    #Solves  SolveTime      #Iter  Time/Iter      #Okay #TimeLimit #IterLimit #LObjLimit #Interrupt  #NumError #EvalError  #OutOfMem #LicenseEr #OtherTerm   #GlobOpt    #LocOpt  #Feasible #LocInfeas #GlobInfea #Unbounded   #Unknown
  ipopt            :         12       2.18         40     623.75       1764       0.35         40          0          0          0          0          0          0          0          0          0          0         23          0         12          0          0          5
B&B Tree           :
  number of runs   :          1
  nodes            :      43811 (26466 internal, 17345 leaves)
  feasible leaves  :          1
  infeas. leaves   :         23
  objective leaves :      17320
  nodes (total)    :      43811 (26466 internal, 17345 leaves)
  nodes left       :       8940
  max depth        :         54
  max depth (total):         54
  backtracks       :      10289 (23.5%)
  early backtracks :          0 (0.0%)
  nodes exc. ref.  :          0 (0.0%)
  delayed cutoffs  :          0
  repropagations   :         24 (44 domain reductions, 0 cutoffs)
  avg switch length:       5.28
  switching time   :     111.24
Estim. Tree Size   :      87986
Estimation Tree    : 52933 nodes (43993 visited, 26466 internal, 17527 leaves, 8940 open), weight: 0.0000 completed 0.1109
Estimations        :      estim      value      trend resolution     smooth
  wbe              : 4417854879188          -          -          -          -
  tree-profile     :         -1          -          -          -          -
  gap              :     388861    0.67596    0.00006         32     394355
  tree-weight      :      87986    0.00000    0.00000         32      87807
  leaf-frequency   :     333422    0.39839    0.00002         32     367586
  ssg              :     681506    0.82494   -0.00008         32     685518
  open-nodes       :      87986 8940.00000    6.25746         32      87807
Root Node          :
  First LP value   : -5.57616161616163e+00
  First LP Iters   :       1612 (10746.67 Iter/sec)
  First LP Time    :       0.15
  Final Dual Bound : -5.34019791209576e+00
  Final Root Iters :       4154
  Root LP Estimate : -1.96636954151985e+00
Solution           :
  Solutions found  :         17 (16 improvements)
  First Solution   : +1.00000000000000e+05   (in run 1, after 0 nodes, 0.04 seconds, depth 0, found by <trivial>)
  Gap First Sol.   :   infinite
  Gap Last Sol.    :      56.72 %
  Primal Bound     : -3.22383838383837e+00   (in run 1, after 3657 nodes, 731.45 seconds, depth 40, found by <alns>)
  Dual Bound       : -4.76924702754067e+00
  Gap              :      47.94 %
Integrals          :      Total       Avg%
  primal-dual      :  127019.60      35.28
  primal-ref       :          -          - (not evaluated)
  dual-ref         :          -          - (not evaluated)
