SCIP Status        : solving was interrupted [time limit reached]
Total Time         :    3600.00
  solving          :    3600.00
  presolving       :       0.46 (included in solving)
  reading          :       0.00
  copying          :       1.22 (33 #copies) (minimal 0.01, maximal 0.12, average 0.04)
Original Problem   :
  Problem name     : bbbenchmark/pw05_100.7.cut
  Variables        : 101 (100 binary, 0 integer, 0 implicit integer, 1 continuous)
  Constraints      : 1 initial, 1 maximal
  Objective        : minimize, 1 non-zeros (abs.min = 1, abs.max = 1)
Presolved Problem  :
  Problem name     : t_bbbenchmark/pw05_100.7.cut
  Variables        : 1860 (100 binary, 0 integer, 1745 implicit integer, 15 continuous)
  Constraints      : 1788 initial, 11790 maximal
  Objective        : minimize, 1 non-zeros (abs.min = 1, abs.max = 1)
  Nonzeros         : 8625 constraint, 202 clique table
Presolvers         :   ExecTime  SetupTime  Calls  FixedVars   AggrVars   ChgTypes  ChgBounds   AddHoles    DelCons    AddCons   ChgSides   ChgCoefs
  boundshift       :       0.00       0.00      0          0          0          0          0          0          0          0          0          0
  convertinttobin  :       0.00       0.00      0          0          0          0          0          0          0          0          0          0
  domcol           :       0.00       0.00      1          0          0          0          0          0          0          0          0          0
  dualagg          :       0.00       0.00      0          0          0          0          0          0          0          0          0          0
  dualcomp         :       0.00       0.00      1          0          0          0          0          0          0          0          0          0
  dualinfer        :       0.00       0.00      0          0          0          0          0          0          0          0          0          0
  dualsparsify     :       0.00       0.00      1          0          0          0          0          0          0          0          0          0
  gateextraction   :       0.00       0.00      0          0          0          0          0          0          0          0          0          0
  implics          :       0.00       0.00      2          0          0          0          0          0          0          0          0          0
  inttobinary      :       0.00       0.00      0          0          0          0          0          0          0          0          0          0
  qpkktref         :       0.00       0.00      0          0          0          0          0          0          0          0          0          0
  redvub           :       0.00       0.00      0          0          0          0          0          0          0          0          0          0
  sparsify         :       0.00       0.00      1          0          0          0          0          0          0          0          0          0
  stuffing         :       0.00       0.00      0          0          0          0          0          0          0          0          0          0
  trivial          :       0.00       0.00      4          0          0          0          0          0          0          0          0          0
  tworowbnd        :       0.00       0.00      0          0          0          0          0          0          0          0          0          0
  dualfix          :       0.00       0.00      4          0          0          0          0          0          0          0          0          0
  genvbounds       :       0.00       0.00      0          0          0          0          0          0          0          0          0          0
  probing          :       0.28       0.00      1          0          0          0          0          0          0          0          0          0
  pseudoobj        :       0.00       0.00      1          0          0          0          1          0          0          0          0          0
  symmetry         :       0.00       0.00      0          0          0          0          0          0          0          0          0          0
  vbounds          :       0.00       0.00      1          0          0          0          0          0          0          0          0          0
  varbound         :       0.00       0.00      2          0          0          0          0          0          0          0          0          0
  and              :       0.00       0.00      2          0          0          0          0          0          0          0          0          0
  linear           :       0.00       0.00      2          0          0          0          0          0          0          0          0          0
  logicor          :       0.00       0.00      0          0          0          0          0          0          0          0          0          0
  bounddisjunction :       0.00       0.00      0          0          0          0          0          0          0          0          0          0
  nonlinear        :       0.16       0.01      5          0          0          0          1          0          0       1787          0          0
  benders          :       0.00       0.00      0          0          0          0          0          0          0          0          0          0
  components       :       0.01       0.00      1          0          0          0          0          0          0          0          0          0
  root node        :          -          -      -          0          -          -         14          -          -          -          -          -
Constraints        :     Number  MaxNumber  #Separate #Propagate    #EnfoLP    #EnfoRelax  #EnfoPS    #Check   #ResProp    Cutoffs    DomReds       Cuts    Applied      Conss   Children
  benderslp        :          0          0          0          0      56628          0          0       6892          0          0          0          0          0          0          0
  integral         :          0          0          0          0      56628          0          0       6892          0          0       1744          0          0        617     112460
  varbound         :         14         14         80     473982          0          0          0        133          0          0      40252          0          0          0          0
  and              :       1745       1745      74279     514141          1          0          0        105     378819          6     519211       9799       8708          0          0
  linear           :         29+        53         80     514182          1          0          0        103        516          9     186341          0          0          0          0
  logicor          :          0+      9578          0      76282          0          0          0          0        135        167         86          0          0          0          0
  bounddisjunction :          0+       621          0      36775          0          0          0          0          1          4          0          0          0          0          0
  benders          :          0          0          0          0          1          0          0         23          0          0          0          0          0          0          0
  countsols        :          0          0          0          0          1          0          0         23          0          0          0          0          0          0          0
  components       :          0          0          0          0          0          0          0          0          0          0          0          0          0          0          0
Constraint Timings :  TotalTime  SetupTime   Separate  Propagate     EnfoLP     EnfoPS     EnfoRelax   Check    ResProp    SB-Prop
  benderslp        :       0.08       0.00       0.00       0.00       0.07       0.00       0.00       0.01       0.00       0.00
  integral         :      50.11       0.00       0.00       0.00      50.09       0.00       0.00       0.02       0.00       0.00
  varbound         :       0.58       0.00       0.00       0.57       0.00       0.00       0.00       0.00       0.00       0.01
  and              :      71.04       0.00      46.80      23.50       0.00       0.00       0.00       0.00       0.21       0.53
  linear           :       2.54       0.00       0.02       2.51       0.00       0.00       0.00       0.00       0.00       0.01
  logicor          :       8.72       0.00       0.00       8.68       0.00       0.00       0.00       0.00       0.00       0.04
  bounddisjunction :       0.63       0.00       0.00       0.63       0.00       0.00       0.00       0.00       0.00       0.00
  benders          :       0.01       0.00       0.00       0.00       0.00       0.00       0.00       0.01       0.00       0.00
  countsols        :       0.00       0.00       0.00       0.00       0.00       0.00       0.00       0.00       0.00       0.00
  components       :       0.14       0.00       0.00       0.14       0.00       0.00       0.00       0.00       0.00       0.00
Propagators        : #Propagate   #ResProp    Cutoffs    DomReds
  dualfix          :          2          0          0          0
  genvbounds       :          0          0          0          0
  nlobbt           :          0          0          0          0
  obbt             :          0          0          0          0
  probing          :          0          0          0          0
  pseudoobj        :     259389          0          0         14
  redcost          :     141466          0          0      72533
  rootredcost      :          9          0          0          0
  symmetry         :          0          0          0          0
  vbounds          :      73768          0          0          0
Propagator Timings :  TotalTime  SetupTime   Presolve  Propagate    ResProp    SB-Prop
  dualfix          :       0.00       0.00       0.00       0.00       0.00       0.00
  genvbounds       :       0.17       0.00       0.00       0.16       0.00       0.01
  nlobbt           :       0.00       0.00       0.00       0.00       0.00       0.00
  obbt             :       0.00       0.00       0.00       0.00       0.00       0.00
  probing          :       0.28       0.00       0.28       0.00       0.00       0.00
  pseudoobj        :       0.59       0.00       0.00       0.58       0.00       0.01
  redcost          :      10.13       0.00       0.00      10.11       0.00       0.02
  rootredcost      :       0.43       0.00       0.00       0.43       0.00       0.00
  symmetry         :       0.20       0.00       0.00       0.19       0.00       0.01
  vbounds          :       0.40       0.00       0.00       0.40       0.00       0.00
Conflict Analysis  :       Time      Calls    Success    DomReds  Conflicts   Literals    Reconvs ReconvLits   Dualrays   Nonzeros   LP Iters   (pool size: [10000,10000])
  propagation      :       0.00        177        121          -        132       58.2          0        0.0          -          -          -
  infeasible LP    :       0.03         19         19          -        704      131.9          0        0.0        128      104.2          0
  bound exceed. LP :      17.28       4205       3931          -     106267      108.7          1       53.0          0        0.0      43093
  strong branching :       0.00          0          0          -          0        0.0          0        0.0          -          -          0
  pseudo solution  :       0.00          0          0          -          0        0.0          0        0.0          -          -          -
  applied globally :       0.52          -          -          0      21388      123.6          -          -        128          -          -
  applied locally  :          -          -          -          0          0        0.0          -          -          0          -          -
Separators         :   ExecTime  SetupTime      Calls  RootCalls    Cutoffs    DomReds  FoundCuts ViaPoolAdd  DirectAdd    Applied ViaPoolApp  DirectApp      Conss
  cut pool         :       7.99          -      26104        104          -          -      45855    1987838          -          -          -          -          -    (maximal pool size:       3411)
  aggregation      :     136.63       0.00       9107         80          0          0       1913       1937          0        635        635          0          0
  > cmir           :          -          -          -          -          -          -          -       1843          0        608        608          0          -
  > flowcover      :          -          -          -          -          -          -          -         94          0         27         27          0          -
  > knapsackcover  :          -          -          -          -          -          -          -          0          0          0          0          0          -
  cgmip            :       0.00       0.00          0          0          0          0          0          0          0          0          0          0          0
  clique           :       0.00       0.00         80         80          0          0          0          0          0          0          0          0          0
  closecuts        :       0.00       0.00          0          0          0          0          0          0          0          0          0          0          0
  convexproj       :       0.00       0.00          0          0          0          0          0          0          0          0          0          0          0
  disjunctive      :       0.00       0.00          0          0          0          0          0          0          0          0          0          0          0
  eccuts           :       0.00       0.00          0          0          0          0          0          0          0          0          0          0          0
  gauge            :       0.00       0.00          0          0          0          0          0          0          0          0          0          0          0
  gomory           :       0.00       0.00          0          0          0          0          0          0          0          0          0          0          0
  > gomorymi       :          -          -          -          -          -          -          -          0          0          0          0          0          -
  > strongcg       :          -          -          -          -          -          -          -          0          0          0          0          0          -
  impliedbounds    :       0.60       0.00       9107         80          0          0         51          5          0          3          3          0          0
  interlattice     :       0.48       0.00         54         54          0          0         54          0         54         52          0         52          0
  interminor       :       0.00       0.00          0          0          0          0          0          0          0          0          0          0          0
  intersub         :       0.17       0.00          3          3          0          0          2          0          2          2          0          2          0
  intobj           :       0.00       0.00          0          0          0          0          0          0          0          0          0          0          0
  mcf              :       0.01       0.00          1          1          0          0          0          0          0          0          0          0          0
  minor            :       0.02       0.00          0          0          0          0          0          0          0          0          0          0          0
  mixing           :       0.05       0.00       9107         80          0          0          0          0          0          0          0          0          0
  oddcycle         :       0.00       0.00          0          0          0          0          0          0          0          0          0          0          0
  rapidlearning    :       0.00       0.00          0          0          0          0          0          0          0          0          0          0          0
  rlt              :       0.00       0.00         10         10          0          0          0          0          0          0          0          0          0
  zerohalf         :      84.38       0.00       8026         20          0          0      43891    1985896          0     165135     165135          0          0
Cutselectors       :   ExecTime  SetupTime      Calls  RootCalls   Selected     Forced   Filtered  RootSelec   RootForc   RootFilt 
  hybrid           :       2.22       0.00      16685         80     174535          0    1823158        245          0          5
Pricers            :   ExecTime  SetupTime      Calls       Vars
  problem variables:       0.00          -          0          0
Branching Rules    :   ExecTime  SetupTime   BranchLP  BranchExt   BranchPS    Cutoffs    DomReds       Cuts      Conss   Children
  allfullstrong    :       0.00       0.00          0          0          0          0          0          0          0          0
  cloud            :       0.00       0.00          0          0          0          0          0          0          0          0
  distribution     :       0.00       0.00          0          0          0          0          0          0          0          0
  fullstrong       :       0.00       0.00          0          0          0          0          0          0          0          0
  inference        :       0.00       0.00          0          0          0          0          0          0          0          0
  leastinf         :       0.00       0.00          0          0          0          0          0          0          0          0
  lookahead        :       0.00       0.00          0          0          0          0          0          0          0          0
  mostinf          :       0.00       0.00          0          0          0          0          0          0          0          0
  multaggr         :       0.00       0.00          0          0          0          0          0          0          0          0
  nodereopt        :       0.00       0.00          0          0          0          0          0          0          0          0
  pscost           :       0.00       0.00          0          0          0          0          0          0          0          0
  random           :       0.00       0.00          0          0          0          0          0          0          0          0
  relpscost        :      49.85       0.00      56627          0          0          0       1744          0        618     112460
  vanillafullstrong:       0.00       0.00          0          0          0          0          0          0          0          0
Primal Heuristics  :   ExecTime  SetupTime      Calls      Found       Best
  LP solutions     :       0.01          -          -          1          1
  relax solutions  :       0.00          -          -          0          0
  pseudo solutions :       0.00          -          -          0          0
  strong branching :       0.02          -          -          0          0
  actconsdiving    :       0.00       0.00          0          0          0
  adaptivediving   :       4.81       0.00         28          0          0
  alns             :       1.56       0.00         14          2          1
  bound            :       0.00       0.00          0          0          0
  clique           :       0.01       0.00          1          0          0
  coefdiving       :       0.00       0.00          0          0          0
  completesol      :       0.00       0.00          0          0          0
  conflictdiving   :      55.43       0.00        403          0          0
  crossover        :       0.74       0.00          2          2          2
  dins             :       0.00       0.00          0          0          0
  distributiondivin:      75.15       0.00        294          0          0
  dps              :       0.00       0.00          0          0          0
  dualval          :       0.00       0.00          0          0          0
  farkasdiving     :       0.01       0.00          0          0          0
  feaspump         :       0.00       0.00          0          0          0
  fixandinfer      :       0.00       0.00          0          0          0
  fracdiving       :      66.29       0.00        338          0          0
  gins             :       0.08       0.00          0          0          0
  guideddiving     :      55.69       0.00        338          0          0
  indicator        :       0.08       0.00          0          0          0
  indicatordiving  :       0.00       0.00          0          0          0
  intdiving        :       0.00       0.00          0          0          0
  intshifting      :       0.42       0.00         43          0          0
  linesearchdiving :      51.08       0.00        339          0          0
  localbranching   :       0.00       0.00          0          0          0
  locks            :       0.01       0.00          1          0          0
  lpface           :       0.05       0.00          0          0          0
  mpec             :     467.48       0.00         11          3          3
  multistart       :       0.00       0.00          0          0          0
  mutation         :       0.00       0.00          0          0          0
  nlpdiving        :      55.23       0.00          2          0          0
  objpscostdiving  :      34.78       0.00         22          1          0
  octane           :       0.00       0.00          0          0          0
  ofins            :       0.08       0.00          0          0          0
  oneopt           :       0.08       0.00         17          0          0
  padm             :       0.00       0.00          0          0          0
  proximity        :       0.00       0.00          0          0          0
  pscostdiving     :      61.58       0.00        314          1          1
  randrounding     :       0.83       0.00       6865          0          0
  rens             :       0.00       0.00          0          0          0
  reoptsols        :       0.00       0.00          0          0          0
  repair           :       0.00       0.00          0          0          0
  rins             :       1.83       0.00         16          0          0
  rootsoldiving    :      36.03       0.00         20          0          0
  rounding         :       1.08       0.00       3741          0          0
  shiftandpropagate:       0.00       0.00          0          0          0
  shifting         :      53.97       0.00      11920          8          7
  simplerounding   :       0.08       0.00          0          0          0
  subnlp           :     115.79       0.00          0          0          0
  trivial          :       0.01       0.00          2          2          2
  trivialnegation  :       0.00       0.00          0          0          0
  trustregion      :       0.00       0.00          0          0          0
  trysol           :       0.16       0.00          0          0          0
  twoopt           :       0.00       0.00          0          0          0
  undercover       :       2.20       0.00          1          1          1
  vbounds          :       0.00       0.00          0          0          0
  veclendiving     :      47.46       0.00        338          0          0
  zeroobj          :       0.00       0.00          0          0          0
  zirounding       :       0.61       0.00       1000          0          0
  other solutions  :          -          -          -          0          -
Diving (single)    :      Calls      Nodes   LP Iters Backtracks  Conflicts   MinDepth   MaxDepth   AvgDepth  RoundSols  NLeafSols  MinSolDpt  MaxSolDpt  AvgSolDpt
  actconsdiving    :          0          -          -          -          -          -          -          -          -          -          -          -          -
  coefdiving       :          0          -          -          -          -          -          -          -          -          -          -          -          -
  conflictdiving   :        403      16999     486463        414      30235         47         78       59.0          0          -          -          -          -
  distributiondivin:        294      10753     477165        323       9441         47         64       54.5          0          -          -          -          -
  farkasdiving     :          0          -          -          -          -          -          -          -          -          -          -          -          -
  fracdiving       :        338      70559     467138         95       1299         48        667      228.0          0          -          -          -          -
  guideddiving     :        338      55309     412791         12        349         54        363      183.0          0          -          -          -          -
  indicatordiving  :          0          -          -          -          -          -          -          -          -          -          -          -          -
  linesearchdiving :        339      14288     430718        356      19877         42         92       60.9          0          -          -          -          -
  pscostdiving     :        314      13866     491298        321      12617         46         77       62.1          0          1         77         77       77.0
  veclendiving     :        338      14399     365977        319      25411         53         82       61.2          0          -          -          -          -
Diving (adaptive)  :      Calls      Nodes   LP Iters Backtracks  Conflicts   MinDepth   MaxDepth   AvgDepth  RoundSols  NLeafSols  MinSolDpt  MaxSolDpt  AvgSolDpt
  actconsdiving    :          3        120       4474          3         82         52         57       54.7          0          -          -          -          -
  coefdiving       :          7        300       8701          7        469         57         77       62.0          0          -          -          -          -
  conflictdiving   :          0          -          -          -          -          -          -          -          -          -          -          -          -
  distributiondivin:          0          -          -          -          -          -          -          -          -          -          -          -          -
  farkasdiving     :          0          -          -          -          -          -          -          -          -          -          -          -          -
  fracdiving       :          0          -          -          -          -          -          -          -          -          -          -          -          -
  guideddiving     :         11       1626      13439          0          0        123        216      164.0          0          -          -          -          -
  indicatordiving  :          0          -          -          -          -          -          -          -          -          -          -          -          -
  linesearchdiving :          3        157       4157          3        159         54         86       68.7          0          -          -          -          -
  pscostdiving     :          2         81       3392          2         89         56         63       59.5          0          -          -          -          -
  veclendiving     :          2         86       2129          2        161         60         66       63.0          0          -          -          -          -
Neighborhoods      :      Calls  SetupTime  SolveTime SolveNodes       Sols       Best       Exp3  EpsGreedy        UCB TgtFixRate  Opt  Inf Node Stal  Sol  Usr Othr Actv
  rens             :          2       0.22       0.03          2          0          0    0.00000   -1.00000    0.54477      0.550    0    2    0    0    0    0    0    1
  rins             :          1       0.02       0.01         21          0          0    0.00000   -1.00000    0.54482      0.700    0    1    0    0    0    0    0    1
  mutation         :          2       0.20       0.05         28          0          0    0.00000   -1.00000    0.51292      0.550    0    2    0    0    0    0    0    1
  localbranching   :          1       0.03       0.01         21          0          0    0.00000   -1.00000    0.54482      0.700    0    1    0    0    0    0    0    1
  crossover        :          1       0.03       0.02         25          0          0    0.00000   -1.00000    0.54082      0.700    0    1    0    0    0    0    0    1
  proximity        :          5       0.36       0.40        195          2          1    0.00000   -1.00000    0.53884      0.879    1    1    0    3    0    0    0    1
  zeroobjective    :          1       0.02       0.01          1          0          0    0.00000   -1.00000    0.56482      0.700    0    1    0    0    0    0    0    1
  dins             :          1       0.04       0.02         17          0          0    0.00000   -1.00000    0.54882      0.700    0    1    0    0    0    0    0    1
  trustregion      :          0       0.00       0.00          0          0          0    0.00000   -1.00000    1.00000      0.900    0    0    0    0    0    0    0    0
Expressions        :   #IntEval  IntEvalTi   #RevProp  RevPropTi    DomReds    Cutoffs  #Estimate  EstimTime  Branching  #Simplify SimplifyTi Simplified
  pow              :          0       0.00          0       0.00          0          0          0       0.00          0          0       0.00          0
  prod             :       9900       0.00          0       0.00          0          0          0       0.00          0       6695       0.00          0
  sum              :          8       0.00          2       0.00          0          0          0       0.00          0          3       0.04          2
  var              :       6389       0.01          0       0.00          0          0          0       0.00          0      15452       0.01          0
  varidx           :          0       0.00          0       0.00          0          0          0       0.00          0          0       0.00          0
LP                 :       Time      Calls Iterations  Iter/call   Iter/sec  Time-0-It Calls-0-It    ItLimit
  primal LP        :     111.76      10095          0       0.00       0.00     111.71      10095
  dual LP          :    1805.28     121035    9204742      84.04    5098.79       5.34      11512
  lex dual LP      :       0.00          0          0       0.00          -
  barrier LP       :       0.00          0          0       0.00          -       0.00          0
  resolve instable :       0.00          0          0       0.00          -
  diving/probing LP:     414.48      10274    3501767     340.84    8448.58
  strong branching :      27.17       1876     200960     107.12    7396.39          -          -        482
    (at root node) :          -         23       4679     203.43          -
  conflict analysis:       6.96       4366      43093       9.87    6191.52
NLP relaxation     :
  solve time       :      54.75 (5 calls)
  convexity        :  nonconvex (43 linear rows, 0 convex ineq., 0 nonconvex ineq., 1745 nonlinear eq. or two-sided ineq.)
NLP Solvers        :  #Problems  ProblemTi    #Solves  SolveTime      #Iter  Time/Iter      #Okay #TimeLimit #IterLimit #LObjLimit #Interrupt  #NumError #EvalError  #OutOfMem #LicenseEr #OtherTerm   #GlobOpt    #LocOpt  #Feasible #LocInfeas #GlobInfea #Unbounded   #Unknown
  ipopt            :         12       4.68         32     528.74       1858       0.28         32          0          0          0          0          0          0          0          0          0          0         18          0         13          0          0          1
B&B Tree           :
  number of runs   :          1
  nodes            :      92492 (56230 internal, 36262 leaves)
  feasible leaves  :          1
  infeas. leaves   :         20
  objective leaves :      36241
  nodes (total)    :      92492 (56230 internal, 36262 leaves)
  nodes left       :      19880
  max depth        :         60
  max depth (total):         60
  backtracks       :      21904 (23.7%)
  early backtracks :          0 (0.0%)
  nodes exc. ref.  :          0 (0.0%)
  delayed cutoffs  :          4
  repropagations   :        120 (524 domain reductions, 0 cutoffs)
  avg switch length:       5.97
  switching time   :     137.33
Estim. Tree Size   :     185162
Estimation Tree    : 112461 nodes (92581 visited, 56230 internal, 36351 leaves, 19880 open), weight: 0.0000 completed 0.1187
Estimations        :      estim      value      trend resolution     smooth
  wbe              : 20125781260546          -          -          -          -
  tree-profile     :         -1          -          -          -          -
  gap              :    1512859    0.68971    0.00003         64    1504031
  tree-weight      :     185162    0.00000    0.00000         64     184161
  leaf-frequency   :     185162    0.39263   -0.00015         64     184161
  ssg              :     760068    0.81258   -0.00015         64     744329
  open-nodes       :     185162 19880.00000   98.00871         64     184161
Root Node          :
  First LP value   : -5.58545454545456e+00
  First LP Iters   :       1614 (8494.74 Iter/sec)
  First LP Time    :       0.19
  Final Dual Bound : -5.34942967713517e+00
  Final Root Iters :       2748
  Root LP Estimate : -2.08612796474172e+00
Solution           :
  Solutions found  :         21 (18 improvements)
  First Solution   : +1.00000000000000e+05   (in run 1, after 0 nodes, 0.03 seconds, depth 0, found by <trivial>)
  Gap First Sol.   :   infinite
  Gap Last Sol.    :      46.02 %
  Primal Bound     : -3.22545454545454e+00   (in run 1, after 73112 nodes, 1947.05 seconds, depth 60, found by <crossover>)
  Dual Bound       : -4.67652139749151e+00
  Gap              :      44.99 %
Integrals          :      Total       Avg%
  primal-dual      :  122787.71      34.11
  primal-ref       :          -          - (not evaluated)
  dual-ref         :          -          - (not evaluated)
