SCIP Status        : solving was interrupted [time limit reached]
Total Time         :    3600.01
  solving          :    3600.00
  presolving       :       0.50 (included in solving)
  reading          :       0.01
  copying          :       1.70 (116 #copies) (minimal 0.00, maximal 0.03, average 0.01)
Original Problem   :
  Problem name     : bbbenchmark/pw09_100.7.cut
  Variables        : 101 (100 binary, 0 integer, 0 implicit integer, 1 continuous)
  Constraints      : 1 initial, 1 maximal
  Objective        : minimize, 1 non-zeros (abs.min = 1, abs.max = 1)
Presolved Problem  :
  Problem name     : t_bbbenchmark/pw09_100.7.cut
  Variables        : 1323 (100 binary, 0 integer, 1174 implicit integer, 49 continuous)
  Constraints      : 1319 initial, 4565 maximal
  Objective        : minimize, 1 non-zeros (abs.min = 1, abs.max = 1)
  Nonzeros         : 11647 constraint, 202 clique table
Presolvers         :   ExecTime  SetupTime  Calls  FixedVars   AggrVars   ChgTypes  ChgBounds   AddHoles    DelCons    AddCons   ChgSides   ChgCoefs
  boundshift       :       0.00       0.00      0          0          0          0          0          0          0          0          0          0
  convertinttobin  :       0.00       0.00      0          0          0          0          0          0          0          0          0          0
  domcol           :       0.00       0.00      1          0          0          0          0          0          0          0          0          0
  dualagg          :       0.00       0.00      0          0          0          0          0          0          0          0          0          0
  dualcomp         :       0.00       0.00      1          0          0          0          0          0          0          0          0          0
  dualinfer        :       0.00       0.00      0          0          0          0          0          0          0          0          0          0
  dualsparsify     :       0.00       0.00      1          0          0          0          0          0          0          0          0          0
  gateextraction   :       0.00       0.00      0          0          0          0          0          0          0          0          0          0
  implics          :       0.00       0.00      2          0          0          0          0          0          0          0          0          0
  inttobinary      :       0.00       0.00      0          0          0          0          0          0          0          0          0          0
  qpkktref         :       0.00       0.00      0          0          0          0          0          0          0          0          0          0
  redvub           :       0.00       0.00      0          0          0          0          0          0          0          0          0          0
  sparsify         :       0.00       0.00      1          0          0          0          0          0          0          0          0          0
  stuffing         :       0.00       0.00      0          0          0          0          0          0          0          0          0          0
  trivial          :       0.00       0.00      4          0          0          0          0          0          0          0          0          0
  tworowbnd        :       0.00       0.00      0          0          0          0          0          0          0          0          0          0
  dualfix          :       0.00       0.00      4          0          0          0          0          0          0          0          0          0
  genvbounds       :       0.00       0.00      0          0          0          0          0          0          0          0          0          0
  probing          :       0.26       0.00      1          0          0          0          0          0          0          0          0          0
  pseudoobj        :       0.00       0.00      1          0          0          0          1          0          0          0          0          0
  symmetry         :       0.00       0.00      0          0          0          0          0          0          0          0          0          0
  vbounds          :       0.00       0.00      1          0          0          0          0          0          0          0          0          0
  varbound         :       0.00       0.00      2          0          0          0          0          0          0          0          0          0
  and              :       0.00       0.00      2          0          0          0          0          0          0          0          0          0
  linear           :       0.02       0.00      2          0          0          0          0          0          0          0          0          0
  logicor          :       0.00       0.00      0          0          0          0          0          0          0          0          0          0
  bounddisjunction :       0.00       0.00      0          0          0          0          0          0          0          0          0          0
  nonlinear        :       0.21       0.01      5          0          0          0          1          0          0       1318          0          0
  benders          :       0.00       0.00      0          0          0          0          0          0          0          0          0          0
  components       :       0.00       0.00      1          0          0          0          0          0          0          0          0          0
  root node        :          -          -      -          0          -          -          8          -          -          -          -          -
Constraints        :     Number  MaxNumber  #Separate #Propagate    #EnfoLP    #EnfoRelax  #EnfoPS    #Check   #ResProp    Cutoffs    DomReds       Cuts    Applied      Conss   Children
  benderslp        :          0          0          0          0     434152          0          0      31545          0          0          0          0          0          0          0
  integral         :          0          0          0          0     434152          0          0      31545          0          0         12          0          0          0     868272
  varbound         :         48         48         38    1969418          0          0          0       8469        184          0     258897          0          0          0          0
  and              :       1174       1174     485495    1976735          4          0          0       6672     225294          2    1057143       6172       5719          0          0
  linear           :         97+       118         38    1976901          4          0          0       6670      29710        189   10067131          0          0          0          0
  logicor          :          0+      2073          0     145500          0          0          0          0         11        655         24          0          0          0          0
  bounddisjunction :          0+      1823          0     205992          0          0          0          0         14         74          4          0          0          0          0
  benders          :          0          0          0          0          4          0          0        143          0          0          0          0          0          0          0
  countsols        :          0          0          0          0          4          0          0        143          0          0          0          0          0          0          0
  components       :          0          0          0          0          0          0          0          0          0          0          0          0          0          0          0
Constraint Timings :  TotalTime  SetupTime   Separate  Propagate     EnfoLP     EnfoPS     EnfoRelax   Check    ResProp    SB-Prop
  benderslp        :       0.39       0.00       0.00       0.00       0.39       0.00       0.00       0.00       0.00       0.00
  integral         :      92.17       0.00       0.00       0.00      91.59       0.00       0.00       0.58       0.00       0.00
  varbound         :       4.17       0.00       0.00       3.95       0.00       0.00       0.00       0.22       0.00       0.00
  and              :     160.38       0.00     120.93      37.66       0.00       0.00       0.00       1.34       0.24       0.21
  linear           :      55.58       0.00       0.01      55.35       0.00       0.00       0.00       0.04       0.16       0.02
  logicor          :       5.23       0.00       0.00       5.23       0.00       0.00       0.00       0.00       0.00       0.00
  bounddisjunction :       7.80       0.00       0.00       7.80       0.00       0.00       0.00       0.00       0.00       0.00
  benders          :       0.00       0.00       0.00       0.00       0.00       0.00       0.00       0.00       0.00       0.00
  countsols        :       0.00       0.00       0.00       0.00       0.00       0.00       0.00       0.00       0.00       0.00
  components       :       0.64       0.00       0.00       0.64       0.00       0.00       0.00       0.00       0.00       0.00
Propagators        : #Propagate   #ResProp    Cutoffs    DomReds
  dualfix          :          3          0          0          0
  genvbounds       :          0          0          0          0
  nlobbt           :          0          0          0          0
  obbt             :          0          0          0          0
  probing          :          0          0          0          0
  pseudoobj        :    1943424          1          0       2254
  redcost          :     959774          0          0     362192
  rootredcost      :          9          0          0          0
  symmetry         :          0          0          0          0
  vbounds          :     371010          0          0          0
Propagator Timings :  TotalTime  SetupTime   Presolve  Propagate    ResProp    SB-Prop
  dualfix          :       0.00       0.00       0.00       0.00       0.00       0.00
  genvbounds       :       1.53       0.00       0.00       1.53       0.00       0.00
  nlobbt           :       0.00       0.00       0.00       0.00       0.00       0.00
  obbt             :       0.00       0.00       0.00       0.00       0.00       0.00
  probing          :       0.26       0.00       0.26       0.00       0.00       0.00
  pseudoobj        :       2.50       0.00       0.00       2.49       0.00       0.01
  redcost          :      43.29       0.00       0.00      43.29       0.00       0.00
  rootredcost      :       1.97       0.00       0.00       1.97       0.00       0.00
  symmetry         :       0.91       0.00       0.00       0.91       0.00       0.00
  vbounds          :       1.69       0.00       0.00       1.69       0.00       0.00
Conflict Analysis  :       Time      Calls    Success    DomReds  Conflicts   Literals    Reconvs ReconvLits   Dualrays   Nonzeros   LP Iters   (pool size: [10000,10000])
  propagation      :       0.02        731        451          -        607       88.0          0        0.0          -          -          -
  infeasible LP    :       0.14        105        105          -       3809      147.5          0        0.0        295      142.3          0
  bound exceed. LP :      24.68       7022       6863          -      84570      115.1          0        0.0          0        0.0     103178
  strong branching :       0.00          0          0          -          0        0.0          0        0.0          -          -          0
  pseudo solution  :       0.00          0          0          -          0        0.0          0        0.0          -          -          -
  applied globally :       0.35          -          -          0      17747       94.8          -          -        295          -          -
  applied locally  :          -          -          -          0          0        0.0          -          -          0          -          -
Separators         :   ExecTime  SetupTime      Calls  RootCalls    Cutoffs    DomReds  FoundCuts ViaPoolAdd  DirectAdd    Applied ViaPoolApp  DirectApp      Conss
  cut pool         :       2.52          -      55872         60          -          -      27840     292026          -          -          -          -          -    (maximal pool size:        880)
  aggregation      :      63.09       0.00       4244         38          0          0       2000      16774          0       3915       3915          0          0
  > cmir           :          -          -          -          -          -          -          -      15873          0       3823       3823          0          -
  > flowcover      :          -          -          -          -          -          -          -        901          0         92         92          0          -
  > knapsackcover  :          -          -          -          -          -          -          -          0          0          0          0          0          -
  cgmip            :       0.00       0.00          0          0          0          0          0          0          0          0          0          0          0
  clique           :       0.00       0.00         38         38          0          0          0          0          0          0          0          0          0
  closecuts        :       0.00       0.00          0          0          0          0          0          0          0          0          0          0          0
  convexproj       :       0.00       0.00          0          0          0          0          0          0          0          0          0          0          0
  disjunctive      :       0.00       0.00          0          0          0          0          0          0          0          0          0          0          0
  eccuts           :       0.00       0.00          0          0          0          0          0          0          0          0          0          0          0
  gauge            :       0.00       0.00          0          0          0          0          0          0          0          0          0          0          0
  gomory           :       0.00       0.00          0          0          0          0          0          0          0          0          0          0          0
  > gomorymi       :          -          -          -          -          -          -          -          0          0          0          0          0          -
  > strongcg       :          -          -          -          -          -          -          -          0          0          0          0          0          -
  impliedbounds    :       0.26       0.00       4244         38          0          0          3          3          0          1          1          0          0
  interlattice     :       0.17       0.00         14         14          0          0         14          0         14         14          0         14          0
  interminor       :       0.00       0.00          0          0          0          0          0          0          0          0          0          0          0
  intersub         :       0.12       0.00          2          2          0          0          0          0          0          0          0          0          0
  intobj           :       0.00       0.00          0          0          0          0          0          0          0          0          0          0          0
  mcf              :       0.00       0.00          1          1          0          0          0          0          0          0          0          0          0
  minor            :       0.04       0.00          0          0          0          0          0          0          0          0          0          0          0
  mixing           :       0.02       0.00       4244         38          0          0          0          0          0          0          0          0          0
  oddcycle         :       0.00       0.00          0          0          0          0          0          0          0          0          0          0          0
  rapidlearning    :       0.06       0.00          0          0          0          0          0          0          0          0          0          0          0
  rlt              :       0.00       0.00         10         10          0          0          0          0          0          0          0          0          0
  zerohalf         :      20.30       0.00       3900         20          0          0      25837     275249          0     118795     118795          0          0
Cutselectors       :   ExecTime  SetupTime      Calls  RootCalls   Selected     Forced   Filtered  RootSelec   RootForc   RootFilt 
  hybrid           :       0.32       0.00      19998         38     128444          0     169768        124          0         10
Pricers            :   ExecTime  SetupTime      Calls       Vars
  problem variables:       0.00          -          0          0
Branching Rules    :   ExecTime  SetupTime   BranchLP  BranchExt   BranchPS    Cutoffs    DomReds       Cuts      Conss   Children
  allfullstrong    :       0.00       0.00          0          0          0          0          0          0          0          0
  cloud            :       0.00       0.00          0          0          0          0          0          0          0          0
  distribution     :       0.00       0.00          0          0          0          0          0          0          0          0
  fullstrong       :       0.00       0.00          0          0          0          0          0          0          0          0
  inference        :       0.00       0.00          0          0          0          0          0          0          0          0
  leastinf         :       0.00       0.00          0          0          0          0          0          0          0          0
  lookahead        :       0.00       0.00          0          0          0          0          0          0          0          0
  mostinf          :       0.00       0.00          0          0          0          0          0          0          0          0
  multaggr         :       0.00       0.00          0          0          0          0          0          0          0          0
  nodereopt        :       0.00       0.00          0          0          0          0          0          0          0          0
  pscost           :       0.00       0.00          0          0          0          0          0          0          0          0
  random           :       0.00       0.00          0          0          0          0          0          0          0          0
  relpscost        :      90.17       0.00     434148          0          0          0         12          0          0     868272
  vanillafullstrong:       0.00       0.00          0          0          0          0          0          0          0          0
Primal Heuristics  :   ExecTime  SetupTime      Calls      Found       Best
  LP solutions     :       0.05          -          -          4          4
  relax solutions  :       0.00          -          -          0          0
  pseudo solutions :       0.00          -          -          0          0
  strong branching :       0.01          -          -          0          0
  actconsdiving    :       0.00       0.00          0          0          0
  adaptivediving   :       2.65       0.00         35          0          0
  alns             :       3.12       0.00         37          2          2
  bound            :       0.00       0.00          0          0          0
  clique           :       0.01       0.00          1          0          0
  coefdiving       :       0.00       0.00          0          0          0
  completesol      :       0.00       0.00          0          0          0
  conflictdiving   :     130.86       0.00       1207          0          0
  crossover        :      14.89       0.00         18          1          1
  dins             :       0.00       0.00          0          0          0
  distributiondivin:      77.17       0.00        583          0          0
  dps              :       0.00       0.00          0          0          0
  dualval          :       0.00       0.00          0          0          0
  farkasdiving     :       0.05       0.00          0          0          0
  feaspump         :       0.12       0.00          1          0          0
  fixandinfer      :       0.00       0.00          0          0          0
  fracdiving       :      45.23       0.00        592          0          0
  gins             :       0.38       0.00          0          0          0
  guideddiving     :      43.26       0.00        583          0          0
  indicator        :       0.47       0.00          0          0          0
  indicatordiving  :       0.00       0.00          0          0          0
  intdiving        :       0.00       0.00          0          0          0
  intshifting      :       0.60       0.00        121          0          0
  linesearchdiving :      39.38       0.00        614          0          0
  localbranching   :       0.00       0.00          0          0          0
  locks            :       0.02       0.00          1          0          0
  lpface           :       0.46       0.00          0          0          0
  mpec             :      56.83       0.00         11          0          0
  multistart       :       0.00       0.00          0          0          0
  mutation         :       0.00       0.00          0          0          0
  nlpdiving        :      11.83       0.00          1          0          0
  objpscostdiving  :      50.25       0.00        294         74          1
  octane           :       0.00       0.00          0          0          0
  ofins            :       0.27       0.00          0          0          0
  oneopt           :       0.50       0.00         12          0          0
  padm             :       0.00       0.00          0          0          0
  proximity        :       0.00       0.00          0          0          0
  pscostdiving     :      44.14       0.00        472          1          1
  randrounding     :       3.29       0.00      31421          0          0
  rens             :       0.00       0.00          0          0          0
  reoptsols        :       0.00       0.00          0          0          0
  repair           :       0.00       0.00          0          0          0
  rins             :       4.17       0.00         60          1          1
  rootsoldiving    :      30.08       0.00        545         57          0
  rounding         :       2.49       0.00       9385          0          0
  shiftandpropagate:       0.00       0.00          0          0          0
  shifting         :      29.93       0.00       9850          1          1
  simplerounding   :       0.39       0.00          0          0          0
  subnlp           :     455.48       0.00          0          0          0
  trivial          :       0.01       0.00          2          2          2
  trivialnegation  :       0.00       0.00          0          0          0
  trustregion      :       0.00       0.00          0          0          0
  trysol           :       0.69       0.00          0          0          0
  twoopt           :       0.00       0.00          0          0          0
  undercover       :       4.75       0.00          1          1          1
  vbounds          :       0.00       0.00          0          0          0
  veclendiving     :      43.34       0.00        743          0          0
  zeroobj          :       0.00       0.00          0          0          0
  zirounding       :       0.60       0.00       1000          0          0
  other solutions  :          -          -          -          0          -
Diving (single)    :      Calls      Nodes   LP Iters Backtracks  Conflicts   MinDepth   MaxDepth   AvgDepth  RoundSols  NLeafSols  MinSolDpt  MaxSolDpt  AvgSolDpt
  actconsdiving    :          0          -          -          -          -          -          -          -          -          -          -          -          -
  coefdiving       :          0          -          -          -          -          -          -          -          -          -          -          -          -
  conflictdiving   :       1207      45587    1212890       1069      17921         67         90       79.6          0          -          -          -          -
  distributiondivin:        583      20096     408772        698       8425         56         96       76.6          0          -          -          -          -
  farkasdiving     :          0          -          -          -          -          -          -          -          -          -          -          -          -
  fracdiving       :        592      44906     408319        295       2780         70        364      117.2          0          -          -          -          -
  guideddiving     :        583      41788     408256        179       2490         78        345      114.4          0          -          -          -          -
  indicatordiving  :          0          -          -          -          -          -          -          -          -          -          -          -          -
  linesearchdiving :        614      29567     408301        248      14040         77        111       89.5          0          -          -          -          -
  pscostdiving     :        472      19024     419717        515       7304         71         94       82.7          0          1         84         84       84.0
  veclendiving     :        743      32656     407548        592      35503         70         99       83.7          0          -          -          -          -
Diving (adaptive)  :      Calls      Nodes   LP Iters Backtracks  Conflicts   MinDepth   MaxDepth   AvgDepth  RoundSols  NLeafSols  MinSolDpt  MaxSolDpt  AvgSolDpt
  actconsdiving    :          5        159       1431          6         69         70         85       76.2          0          -          -          -          -
  coefdiving       :          8        513       6478          5        259         77         94       84.2          0          -          -          -          -
  conflictdiving   :          0          -          -          -          -          -          -          -          -          -          -          -          -
  distributiondivin:          0          -          -          -          -          -          -          -          -          -          -          -          -
  farkasdiving     :          0          -          -          -          -          -          -          -          -          -          -          -          -
  fracdiving       :          4        535       3593          2         27         91        287      158.2          0          -          -          -          -
  guideddiving     :          4        173       1515          1         30         77        101       88.0          0          -          -          -          -
  indicatordiving  :          0          -          -          -          -          -          -          -          -          -          -          -          -
  linesearchdiving :          8        416       5982          1        174         78         91       85.8          0          -          -          -          -
  pscostdiving     :          2        105       2086          2         27         80         84       82.0          0          -          -          -          -
  veclendiving     :          4        195       2836          4        226         71         86       80.5          0          -          -          -          -
Neighborhoods      :      Calls  SetupTime  SolveTime SolveNodes       Sols       Best       Exp3  EpsGreedy        UCB TgtFixRate  Opt  Inf Node Stal  Sol  Usr Othr Actv
  rens             :          5       0.14       0.40        244          0          0    0.00000   -1.00000    0.45405      0.716    0    3    0    2    0    0    0    1
  rins             :          2       0.01       0.13         91          0          0    0.00000   -1.00000    0.46745      0.850    0    1    0    1    0    0    0    1
  mutation         :          2       0.03       0.14         99          0          0    0.00000   -1.00000    0.47380      0.850    0    1    0    1    0    0    0    1
  localbranching   :          4       0.11       0.16        217          0          0    0.00000   -1.00000    0.46364      0.822    0    2    0    2    0    0    0    1
  crossover        :         14       0.34       0.66        692          2          2    0.00000   -1.00000    0.47650      0.774    1    5    0    8    0    0    0    1
  proximity        :          2       0.02       0.13         83          0          0    0.00000   -1.00000    0.47445      0.850    0    1    0    1    0    0    0    1
  zeroobjective    :          4       0.11       0.11        242          0          0    0.00000   -1.00000    0.46069      0.822    0    2    0    2    0    0    0    1
  dins             :          4       0.11       0.16        200          0          0    0.00000   -1.00000    0.46399      0.822    0    2    0    2    0    0    0    1
  trustregion      :          0       0.00       0.00          0          0          0    0.00000   -1.00000    1.00000      0.900    0    0    0    0    0    0    0    0
Expressions        :   #IntEval  IntEvalTi   #RevProp  RevPropTi    DomReds    Cutoffs  #Estimate  EstimTime  Branching  #Simplify SimplifyTi Simplified
  pow              :          0       0.00          0       0.00          0          0          0       0.00          0          0       0.00          0
  prod             :      17820       0.00          0       0.00          0          0          0       0.00          0      10084       0.01          0
  sum              :          8       0.00          2       0.00          0          0          0       0.00          0          3       0.05          2
  var              :       4778       0.00          0       0.00          0          0          0       0.00          0      21693       0.00          0
  varidx           :          0       0.00          0       0.00          0          0          0       0.00          0          0       0.00          0
LP                 :       Time      Calls Iterations  Iter/call   Iter/sec  Time-0-It Calls-0-It    ItLimit
  primal LP        :      96.90      25483          0       0.00       0.00      96.75      25483
  dual LP          :    1356.43     715736    8007685      12.43    5903.50      24.74      71490
  lex dual LP      :       0.00          0          0       0.00          -
  barrier LP       :       0.00          0          0       0.00          -       0.00          0
  resolve instable :       0.00          0          0       0.00          -
  diving/probing LP:     383.76      39642    4199864     105.94   10943.99
  strong branching :       5.94        756      58543      77.44    9855.72          -          -        505
    (at root node) :          -         19       2845     149.74          -
  conflict analysis:      12.26      11803     103178       8.74    8415.82
NLP relaxation     :
  solve time       :      11.74 (9 calls)
  convexity        :  nonconvex (145 linear rows, 0 convex ineq., 0 nonconvex ineq., 1174 nonlinear eq. or two-sided ineq.)
NLP Solvers        :  #Problems  ProblemTi    #Solves  SolveTime      #Iter  Time/Iter      #Okay #TimeLimit #IterLimit #LObjLimit #Interrupt  #NumError #EvalError  #OutOfMem #LicenseEr #OtherTerm   #GlobOpt    #LocOpt  #Feasible #LocInfeas #GlobInfea #Unbounded   #Unknown
  ipopt            :         12      20.98         44      68.41       1658       0.04         41          0          3          0          0          0          0          0          0          0          0         26          1         15          0          0          2
B&B Tree           :
  number of runs   :          1
  nodes            :     624252 (434136 internal, 190116 leaves)
  feasible leaves  :          4
  infeas. leaves   :          4
  objective leaves :     190107
  nodes (total)    :     624252 (434136 internal, 190116 leaves)
  nodes left       :     240482
  max depth        :         84
  max depth (total):         84
  backtracks       :     117474 (18.8%)
  early backtracks :          0 (0.0%)
  nodes exc. ref.  :          0 (0.0%)
  delayed cutoffs  :          0
  repropagations   :         44 (401 domain reductions, 0 cutoffs)
  avg switch length:       6.90
  switching time   :     244.68
Estim. Tree Size   :    1255582
Estimation Tree    : 868273 nodes (627791 visited, 434136 internal, 193655 leaves, 240482 open), weight: 0.0000 completed 0.0388
Estimations        :      estim      value      trend resolution     smooth
  wbe              :         in          -          -          -          -
  tree-profile     :         -1          -          -          -          -
  gap              :   27333517    0.61548    0.00001        256   27649481
  tree-weight      :    1255582    0.00000    0.00000        256    1254278
  leaf-frequency   :   17258928    0.30847    0.00001        256   15443705
  ssg              :   47014164    0.93871   -0.00001        256   46841669
  open-nodes       :    1255582 240482.00000  169.70072        256    1254278
Root Node          :
  First LP value   : -5.50303030303030e+00
  First LP Iters   :       2255 (10738.10 Iter/sec)
  First LP Time    :       0.21
  Final Dual Bound : -5.32254474972212e+00
  Final Root Iters :       3052
  Root LP Estimate : -2.19817495983649e+00
Solution           :
  Solutions found  :        144 (14 improvements)
  First Solution   : +1.00000000000000e+05   (in run 1, after 0 nodes, 0.06 seconds, depth 0, found by <trivial>)
  Gap First Sol.   :   infinite
  Gap Last Sol.    :      65.85 %
  Primal Bound     : -2.98428731762065e+00   (in run 1, after 144630 nodes, 1023.83 seconds, depth 78, found by <crossover>)
  Dual Bound       : -4.84870211889018e+00
  Gap              :      62.47 %
Integrals          :      Total       Avg%
  primal-dual      :  143332.00      39.81
  primal-ref       :          -          - (not evaluated)
  dual-ref         :          -          - (not evaluated)
