SCIP Status        : solving was interrupted [time limit reached]
Total Time         :    3600.01
  solving          :    3600.01
  presolving       :       0.42 (included in solving)
  reading          :       0.00
  copying          :       0.83 (115 #copies) (minimal 0.00, maximal 0.02, average 0.01)
Original Problem   :
  Problem name     : bbbenchmark/pw09_100.9.cut
  Variables        : 101 (100 binary, 0 integer, 0 implicit integer, 1 continuous)
  Constraints      : 1 initial, 1 maximal
  Objective        : minimize, 1 non-zeros (abs.min = 1, abs.max = 1)
Presolved Problem  :
  Problem name     : t_bbbenchmark/pw09_100.9.cut
  Variables        : 1323 (100 binary, 0 integer, 1174 implicit integer, 49 continuous)
  Constraints      : 1319 initial, 4463 maximal
  Objective        : minimize, 1 non-zeros (abs.min = 1, abs.max = 1)
  Nonzeros         : 11647 constraint, 202 clique table
Presolvers         :   ExecTime  SetupTime  Calls  FixedVars   AggrVars   ChgTypes  ChgBounds   AddHoles    DelCons    AddCons   ChgSides   ChgCoefs
  boundshift       :       0.00       0.00      0          0          0          0          0          0          0          0          0          0
  convertinttobin  :       0.00       0.00      0          0          0          0          0          0          0          0          0          0
  domcol           :       0.00       0.00      1          0          0          0          0          0          0          0          0          0
  dualagg          :       0.00       0.00      0          0          0          0          0          0          0          0          0          0
  dualcomp         :       0.00       0.00      1          0          0          0          0          0          0          0          0          0
  dualinfer        :       0.00       0.00      0          0          0          0          0          0          0          0          0          0
  dualsparsify     :       0.00       0.00      1          0          0          0          0          0          0          0          0          0
  gateextraction   :       0.00       0.00      0          0          0          0          0          0          0          0          0          0
  implics          :       0.00       0.00      2          0          0          0          0          0          0          0          0          0
  inttobinary      :       0.00       0.00      0          0          0          0          0          0          0          0          0          0
  qpkktref         :       0.00       0.00      0          0          0          0          0          0          0          0          0          0
  redvub           :       0.00       0.00      0          0          0          0          0          0          0          0          0          0
  sparsify         :       0.00       0.00      1          0          0          0          0          0          0          0          0          0
  stuffing         :       0.00       0.00      0          0          0          0          0          0          0          0          0          0
  trivial          :       0.00       0.00      4          0          0          0          0          0          0          0          0          0
  tworowbnd        :       0.00       0.00      0          0          0          0          0          0          0          0          0          0
  dualfix          :       0.00       0.00      4          0          0          0          0          0          0          0          0          0
  genvbounds       :       0.00       0.00      0          0          0          0          0          0          0          0          0          0
  probing          :       0.20       0.00      1          0          0          0          0          0          0          0          0          0
  pseudoobj        :       0.00       0.00      1          0          0          0          1          0          0          0          0          0
  symmetry         :       0.00       0.00      0          0          0          0          0          0          0          0          0          0
  vbounds          :       0.00       0.00      1          0          0          0          0          0          0          0          0          0
  varbound         :       0.00       0.00      2          0          0          0          0          0          0          0          0          0
  and              :       0.01       0.00      2          0          0          0          0          0          0          0          0          0
  linear           :       0.00       0.00      2          0          0          0          0          0          0          0          0          0
  logicor          :       0.00       0.00      0          0          0          0          0          0          0          0          0          0
  bounddisjunction :       0.00       0.00      0          0          0          0          0          0          0          0          0          0
  nonlinear        :       0.19       0.01      5          0          0          0          1          0          0       1318          0          0
  benders          :       0.00       0.00      0          0          0          0          0          0          0          0          0          0
  components       :       0.00       0.00      1          0          0          0          0          0          0          0          0          0
  root node        :          -          -      -          0          -          -          9          -          -          -          -          -
Constraints        :     Number  MaxNumber  #Separate #Propagate    #EnfoLP    #EnfoRelax  #EnfoPS    #Check   #ResProp    Cutoffs    DomReds       Cuts    Applied      Conss   Children
  benderslp        :          0          0          0          0    1097985          0          0      85087          0          0          0          0          0          0          0
  integral         :          0          0          0          0    1097985          0          0      85087          0          0         23          0          0          0    2195936
  varbound         :         48         48         27    4420500          0          0          0      48968        289          0     497697          0          0          0          0
  and              :       1174       1174    1193352    4435565          0          0          0      38216     358984          1    1412577        583        572          0          0
  linear           :         97+       100         27    4435737          0          0          0      38214      44143        369   15655746          0          0          0          0
  logicor          :          0+      1510          0     352095          0          0          0          0         44       1423         22          0          0          0          0
  bounddisjunction :          0+      1714          0     385956          0          0          0          0         23        219          5          0          0          0          0
  benders          :          0          0          0          0          0          0          0        202          0          0          0          0          0          0          0
  countsols        :          0          0          0          0          0          0          0        202          0          0          0          0          0          0          0
  components       :          0          0          0          0          0          0          0          0          0          0          0          0          0          0          0
Constraint Timings :  TotalTime  SetupTime   Separate  Propagate     EnfoLP     EnfoPS     EnfoRelax   Check    ResProp    SB-Prop
  benderslp        :       0.60       0.00       0.00       0.00       0.56       0.00       0.00       0.04       0.00       0.00
  integral         :      79.07       0.00       0.00       0.00      77.78       0.00       0.00       1.29       0.00       0.00
  varbound         :       4.72       0.00       0.00       4.41       0.00       0.00       0.00       0.31       0.00       0.00
  and              :     103.98       0.00      77.82      22.83       0.00       0.00       0.00       3.17       0.10       0.06
  linear           :      44.75       0.00       0.01      44.26       0.00       0.00       0.00       0.41       0.06       0.01
  logicor          :       4.25       0.00       0.00       4.25       0.00       0.00       0.00       0.00       0.00       0.00
  bounddisjunction :       7.50       0.00       0.00       7.50       0.00       0.00       0.00       0.00       0.00       0.00
  benders          :       0.00       0.00       0.00       0.00       0.00       0.00       0.00       0.00       0.00       0.00
  countsols        :       0.00       0.00       0.00       0.00       0.00       0.00       0.00       0.00       0.00       0.00
  components       :       0.64       0.00       0.00       0.64       0.00       0.00       0.00       0.00       0.00       0.00
Propagators        : #Propagate   #ResProp    Cutoffs    DomReds
  dualfix          :          3          0          0          0
  genvbounds       :          0          0          0          0
  nlobbt           :          0          0          0          0
  obbt             :          0          0          0          0
  probing          :          0          0          0          0
  pseudoobj        :    4763767          0          0       1468
  redcost          :    2379780          0          0     421296
  rootredcost      :          5          0          0          0
  symmetry         :          0          0          0          0
  vbounds          :     664418          0          0          0
Propagator Timings :  TotalTime  SetupTime   Presolve  Propagate    ResProp    SB-Prop
  dualfix          :       0.00       0.00       0.00       0.00       0.00       0.00
  genvbounds       :       1.99       0.00       0.00       1.97       0.00       0.02
  nlobbt           :       0.00       0.00       0.00       0.00       0.00       0.00
  obbt             :       0.00       0.00       0.00       0.00       0.00       0.00
  probing          :       0.20       0.00       0.20       0.00       0.00       0.00
  pseudoobj        :       3.56       0.00       0.00       3.56       0.00       0.00
  redcost          :      32.57       0.00       0.00      32.57       0.00       0.00
  rootredcost      :       2.20       0.00       0.00       2.19       0.00       0.01
  symmetry         :       1.66       0.00       0.00       1.66       0.00       0.00
  vbounds          :       2.01       0.00       0.00       2.01       0.00       0.00
Conflict Analysis  :       Time      Calls    Success    DomReds  Conflicts   Literals    Reconvs ReconvLits   Dualrays   Nonzeros   LP Iters   (pool size: [10000,10000])
  propagation      :       0.03       1643        840          -       1074       75.2          0        0.0          -          -          -
  infeasible LP    :       0.19        341        341          -      12087      140.5          0        0.0        343      180.5          0
  bound exceed. LP :      23.05      12920      12616          -     142433      101.4          0        0.0          1        1.0     196879
  strong branching :       0.00          0          0          -          0        0.0          0        0.0          -          -          0
  pseudo solution  :       0.00          0          0          -          0        0.0          0        0.0          -          -          -
  applied globally :       0.19          -          -          1      32623       90.8          -          -        344          -          -
  applied locally  :          -          -          -          0          0        0.0          -          -          0          -          -
Separators         :   ExecTime  SetupTime      Calls  RootCalls    Cutoffs    DomReds  FoundCuts ViaPoolAdd  DirectAdd    Applied ViaPoolApp  DirectApp      Conss
  cut pool         :       2.20          -      99190         47          -          -      32011     732835          -          -          -          -          -    (maximal pool size:       2307)
  aggregation      :      52.55       0.00       5433         27          0          0       3014      12509          0       6588       6588          0          0
  > cmir           :          -          -          -          -          -          -          -      12503          0       6585       6585          0          -
  > flowcover      :          -          -          -          -          -          -          -          6          0          3          3          0          -
  > knapsackcover  :          -          -          -          -          -          -          -          0          0          0          0          0          -
  cgmip            :       0.00       0.00          0          0          0          0          0          0          0          0          0          0          0
  clique           :       0.00       0.00         27         27          0          0          0          0          0          0          0          0          0
  closecuts        :       0.00       0.00          0          0          0          0          0          0          0          0          0          0          0
  convexproj       :       0.00       0.00          0          0          0          0          0          0          0          0          0          0          0
  disjunctive      :       0.00       0.00          0          0          0          0          0          0          0          0          0          0          0
  eccuts           :       0.00       0.00          0          0          0          0          0          0          0          0          0          0          0
  gauge            :       0.00       0.00          0          0          0          0          0          0          0          0          0          0          0
  gomory           :       0.00       0.00          0          0          0          0          0          0          0          0          0          0          0
  > gomorymi       :          -          -          -          -          -          -          -          0          0          0          0          0          -
  > strongcg       :          -          -          -          -          -          -          -          0          0          0          0          0          -
  impliedbounds    :       0.16       0.00       5433         27          0          0          0          0          0          0          0          0          0
  interlattice     :       0.00       0.00          0          0          0          0          0          0          0          0          0          0          0
  interminor       :       0.00       0.00          0          0          0          0          0          0          0          0          0          0          0
  intersub         :       0.20       0.00          7          7          0          0          5          0          5          5          0          5          0
  intobj           :       0.00       0.00          0          0          0          0          0          0          0          0          0          0          0
  mcf              :       0.00       0.00          1          1          0          0          0          0          0          0          0          0          0
  minor            :       0.00       0.00          0          0          0          0          0          0          0          0          0          0          0
  mixing           :       0.00       0.00       5433         27          0          0          0          0          0          0          0          0          0
  oddcycle         :       0.00       0.00          0          0          0          0          0          0          0          0          0          0          0
  rapidlearning    :       0.03       0.00          0          0          0          0          0          0          0          0          0          0          0
  rlt              :       0.00       0.00         10         10          0          0          0          0          0          0          0          0          0
  zerohalf         :      11.82       0.00       4745         20          0          0      28997     720326          0     108150     108150          0          0
Cutselectors       :   ExecTime  SetupTime      Calls  RootCalls   Selected     Forced   Filtered  RootSelec   RootForc   RootFilt 
  hybrid           :       0.38       0.00      15496         25     115315          0     618108        124          0         21
Pricers            :   ExecTime  SetupTime      Calls       Vars
  problem variables:       0.00          -          0          0
Branching Rules    :   ExecTime  SetupTime   BranchLP  BranchExt   BranchPS    Cutoffs    DomReds       Cuts      Conss   Children
  allfullstrong    :       0.00       0.00          0          0          0          0          0          0          0          0
  cloud            :       0.00       0.00          0          0          0          0          0          0          0          0
  distribution     :       0.00       0.00          0          0          0          0          0          0          0          0
  fullstrong       :       0.00       0.00          0          0          0          0          0          0          0          0
  inference        :       0.00       0.00          0          0          0          0          0          0          0          0
  leastinf         :       0.00       0.00          0          0          0          0          0          0          0          0
  lookahead        :       0.00       0.00          0          0          0          0          0          0          0          0
  mostinf          :       0.00       0.00          0          0          0          0          0          0          0          0
  multaggr         :       0.00       0.00          0          0          0          0          0          0          0          0
  nodereopt        :       0.00       0.00          0          0          0          0          0          0          0          0
  pscost           :       0.00       0.00          0          0          0          0          0          0          0          0
  random           :       0.00       0.00          0          0          0          0          0          0          0          0
  relpscost        :      76.35       0.00    1097985          0          0          0         23          0          0    2195936
  vanillafullstrong:       0.00       0.00          0          0          0          0          0          0          0          0
Primal Heuristics  :   ExecTime  SetupTime      Calls      Found       Best
  LP solutions     :       0.00          -          -          0          0
  relax solutions  :       0.00          -          -          0          0
  pseudo solutions :       0.00          -          -          0          0
  strong branching :       0.00          -          -          0          0
  actconsdiving    :       0.00       0.00          0          0          0
  adaptivediving   :       1.96       0.00         49          0          0
  alns             :       1.99       0.00         34          0          0
  bound            :       0.00       0.00          0          0          0
  clique           :       0.01       0.00          1          0          0
  coefdiving       :       0.00       0.00          0          0          0
  completesol      :       0.00       0.00          0          0          0
  conflictdiving   :     118.76       0.00       2437          0          0
  crossover        :       1.22       0.00          2          0          0
  dins             :       0.00       0.00          0          0          0
  distributiondivin:      73.93       0.00       1089          0          0
  dps              :       0.00       0.00          0          0          0
  dualval          :       0.00       0.00          0          0          0
  farkasdiving     :       0.07       0.00          0          0          0
  feaspump         :       4.30       0.00        213          1          1
  fixandinfer      :       0.00       0.00          0          0          0
  fracdiving       :      43.04       0.00       1183          0          0
  gins             :       0.61       0.00          0          0          0
  guideddiving     :      40.38       0.00        989          1          1
  indicator        :       0.50       0.00          0          0          0
  indicatordiving  :       0.00       0.00          0          0          0
  intdiving        :       0.00       0.00          0          0          0
  intshifting      :       0.92       0.00        256          0          0
  linesearchdiving :      37.39       0.00       1060          0          0
  localbranching   :       0.00       0.00          0          0          0
  locks            :       0.01       0.00          1          0          0
  lpface           :       0.62       0.00          0          0          0
  mpec             :      45.56       0.00         11          0          0
  multistart       :       0.00       0.00          0          0          0
  mutation         :       0.00       0.00          0          0          0
  nlpdiving        :      11.29       0.00          1          0          0
  objpscostdiving  :      57.49       0.00        525        191          1
  octane           :       0.00       0.00          0          0          0
  ofins            :       0.53       0.00          0          0          0
  oneopt           :       0.47       0.00          8          0          0
  padm             :       0.00       0.00          0          0          0
  proximity        :       0.00       0.00          0          0          0
  pscostdiving     :      41.57       0.00        742          1          1
  randrounding     :       6.40       0.00      84894          0          0
  rens             :       0.00       0.00          0          0          0
  reoptsols        :       0.00       0.00          0          0          0
  repair           :       0.00       0.00          0          0          0
  rins             :       9.59       0.00         78          1          1
  rootsoldiving    :      12.95       0.00        214          0          0
  rounding         :       1.94       0.00      14842          0          0
  shiftandpropagate:       0.00       0.00          0          0          0
  shifting         :      22.09       0.00      14301          1          1
  simplerounding   :       0.59       0.00          0          0          0
  subnlp           :     218.35       0.00          0          0          0
  trivial          :       0.02       0.00          2          2          2
  trivialnegation  :       0.00       0.00          0          0          0
  trustregion      :       0.00       0.00          0          0          0
  trysol           :       0.81       0.00          0          0          0
  twoopt           :       0.00       0.00          0          0          0
  undercover       :       4.51       0.00          1          1          1
  vbounds          :       0.00       0.00          0          0          0
  veclendiving     :      42.12       0.00       1547          0          0
  zeroobj          :       0.00       0.00          0          0          0
  zirounding       :       0.75       0.00       1000          0          0
  other solutions  :          -          -          -          0          -
Diving (single)    :      Calls      Nodes   LP Iters Backtracks  Conflicts   MinDepth   MaxDepth   AvgDepth  RoundSols  NLeafSols  MinSolDpt  MaxSolDpt  AvgSolDpt
  actconsdiving    :          0          -          -          -          -          -          -          -          -          -          -          -          -
  coefdiving       :          0          -          -          -          -          -          -          -          -          -          -          -          -
  conflictdiving   :       2437      87195    1947553       2212      33013         62         91       78.7          0          -          -          -          -
  distributiondivin:       1089      31788     653153       1283      16918         60         92       73.9          0          -          -          -          -
  farkasdiving     :          0          -          -          -          -          -          -          -          -          -          -          -          -
  fracdiving       :       1183      76114     653581        706       7523         70        271      109.4          0          -          -          -          -
  guideddiving     :        989      64920     660656        391       6725         71        320      106.8          0          1         88         88       88.0
  indicatordiving  :          0          -          -          -          -          -          -          -          -          -          -          -          -
  linesearchdiving :       1060      45764     653343        206      20148         67        108       85.1          0          -          -          -          -
  pscostdiving     :        742      25901     665924        787      11177         57         91       77.4          0          1         86         86       86.0
  veclendiving     :       1547      56916     651482       1151      59429         68         97       79.9          0          -          -          -          -
Diving (adaptive)  :      Calls      Nodes   LP Iters Backtracks  Conflicts   MinDepth   MaxDepth   AvgDepth  RoundSols  NLeafSols  MinSolDpt  MaxSolDpt  AvgSolDpt
  actconsdiving    :          3         76        118          5         41         71         75       73.0          0          -          -          -          -
  coefdiving       :         15        762       6941          6        346         72         97       82.0          0          -          -          -          -
  conflictdiving   :          0          -          -          -          -          -          -          -          -          -          -          -          -
  distributiondivin:          0          -          -          -          -          -          -          -          -          -          -          -          -
  farkasdiving     :          0          -          -          -          -          -          -          -          -          -          -          -          -
  fracdiving       :          7        278       1415          4         90         73        133       87.0          0          -          -          -          -
  guideddiving     :          4         86        603          6         69         75         79       77.0          0          -          -          -          -
  indicatordiving  :          0          -          -          -          -          -          -          -          -          -          -          -          -
  linesearchdiving :         14        875      13640          1        309         80         96       87.1          0          -          -          -          -
  pscostdiving     :          3        164       3847          3         29         79         84       81.0          0          -          -          -          -
  veclendiving     :          3        141       1849          3        120         71         81       76.3          0          -          -          -          -
Neighborhoods      :      Calls  SetupTime  SolveTime SolveNodes       Sols       Best       Exp3  EpsGreedy        UCB TgtFixRate  Opt  Inf Node Stal  Sol  Usr Othr Actv
  rens             :          8       0.08       0.36        327          0          0    0.00000   -1.00000    0.45044      0.660    0    5    0    3    0    0    0    1
  rins             :          3       0.04       0.09        203          0          0    0.00000   -1.00000    0.46021      0.900    0    1    0    2    0    0    0    1
  mutation         :          4       0.04       0.18        226          0          0    0.00000   -1.00000    0.45280      0.822    0    2    0    2    0    0    0    1
  localbranching   :          5       0.08       0.15        260          0          0    0.00000   -1.00000    0.45757      0.885    0    2    0    3    0    0    0    1
  crossover        :          4       0.04       0.28         77          0          0    0.00000   -1.00000    0.46456      0.522    0    3    0    1    0    0    0    1
  proximity        :          3       0.03       0.14        193          0          0    0.00000   -1.00000    0.46021      0.900    0    1    0    2    0    0    0    1
  zeroobjective    :          4       0.02       0.07        203          0          0    0.00000   -1.00000    0.45236      0.822    0    2    0    2    0    0    0    1
  dins             :          3       0.03       0.08        152          0          0    0.00000   -1.00000    0.46421      0.900    0    1    0    2    0    0    0    1
  trustregion      :          0       0.00       0.00          0          0          0    0.00000   -1.00000    1.00000      0.900    0    0    0    0    0    0    0    0
Expressions        :   #IntEval  IntEvalTi   #RevProp  RevPropTi    DomReds    Cutoffs  #Estimate  EstimTime  Branching  #Simplify SimplifyTi Simplified
  pow              :          0       0.00          0       0.00          0          0          0       0.00          0          0       0.00          0
  prod             :      17820       0.00          0       0.00          0          0          0       0.00          0      10084       0.00          0
  sum              :          8       0.00          2       0.00          0          0          0       0.00          0          3       0.06          2
  var              :       4778       0.01          0       0.00          0          0          0       0.00          0      21693       0.01          0
  varidx           :          0       0.00          0       0.00          0          0          0       0.00          0          0       0.00          0
LP                 :       Time      Calls Iterations  Iter/call   Iter/sec  Time-0-It Calls-0-It    ItLimit
  primal LP        :     152.45      69272          0       0.00       0.00     152.33      69272
  dual LP          :    1695.08    1703967   12924915       8.42    7624.96      34.24     168325
  lex dual LP      :       0.00          0          0       0.00          -
  barrier LP       :       0.00          0          0       0.00          -       0.00          0
  resolve instable :       0.00          0          0       0.00          -
  diving/probing LP:     367.62      58891    6770198     114.96   18416.29
  strong branching :       5.10        723      43158      59.69    8462.35          -          -        228
    (at root node) :          -         22       3337     151.68          -
  conflict analysis:      13.99      21366     196879       9.21   14072.84
NLP relaxation     :
  solve time       :      10.85 (9 calls)
  convexity        :  nonconvex (145 linear rows, 0 convex ineq., 0 nonconvex ineq., 1174 nonlinear eq. or two-sided ineq.)
NLP Solvers        :  #Problems  ProblemTi    #Solves  SolveTime      #Iter  Time/Iter      #Okay #TimeLimit #IterLimit #LObjLimit #Interrupt  #NumError #EvalError  #OutOfMem #LicenseEr #OtherTerm   #GlobOpt    #LocOpt  #Feasible #LocInfeas #GlobInfea #Unbounded   #Unknown
  ipopt            :         12      25.43         40      56.31       1772       0.03         38          0          2          0          0          0          0          0          0          0          0         19          0         19          0          0          2
B&B Tree           :
  number of runs   :          1
  nodes            :    1520148 (1097968 internal, 422180 leaves)
  feasible leaves  :          0
  infeas. leaves   :          2
  objective leaves :     422178
  nodes (total)    :    1520148 (1097968 internal, 422180 leaves)
  nodes left       :     675786
  max depth        :         74
  max depth (total):         74
  backtracks       :     273123 (18.0%)
  early backtracks :          0 (0.0%)
  nodes exc. ref.  :          0 (0.0%)
  delayed cutoffs  :          3
  repropagations   :         95 (208 domain reductions, 0 cutoffs)
  avg switch length:       8.57
  switching time   :     296.43
Estim. Tree Size   :    3040302
Estimation Tree    : 2195937 nodes (1520151 visited, 1097968 internal, 422183 leaves, 675786 open), weight: 0.0000 completed 0.0895
Estimations        :      estim      value      trend resolution     smooth
  wbe              :         in          -          -          -          -
  tree-profile     :         -1          -          -          -          -
  gap              :   21257123    0.61250    0.00002        512   23164451
  tree-weight      :    3040302    0.00000    0.00000        512    3021968
  leaf-frequency   :    3040302    0.27772   -0.00070        512    3021968
  ssg              :   40115509    0.85861   -0.00002        512   45866018
  open-nodes       :    3040302 675786.00000 4097.54951        512    3021968
Root Node          :
  First LP value   : -5.54410774410774e+00
  First LP Iters   :       2235 (13147.06 Iter/sec)
  First LP Time    :       0.17
  Final Dual Bound : -5.45080484466391e+00
  Final Root Iters :       2790
  Root LP Estimate : -2.58545682504678e+00
Solution           :
  Solutions found  :        199 (9 improvements)
  First Solution   : +1.00000000000000e+05   (in run 1, after 0 nodes, 0.06 seconds, depth 0, found by <trivial>)
  Gap First Sol.   :   infinite
  Gap Last Sol.    :      81.39 %
  Primal Bound     : -2.98451178451178e+00   (in run 1, after 339 nodes, 38.81 seconds, depth 38, found by <rins>)
  Dual Bound       : -4.87265987085166e+00
  Gap              :      63.26 %
Integrals          :      Total       Avg%
  primal-dual      :  143625.31      39.90
  primal-ref       :          -          - (not evaluated)
  dual-ref         :          -          - (not evaluated)
