SCIP Status        : solving was interrupted [time limit reached]
Total Time         :    3600.04
  solving          :    3600.00
  presolving       :       0.36 (included in solving)
  reading          :       0.04
  copying          :       3.66 (75 #copies) (minimal 0.00, maximal 0.16, average 0.05)
Original Problem   :
  Problem name     : bbbenchmark/g05_100.4.cut
  Variables        : 101 (100 binary, 0 integer, 0 implicit integer, 1 continuous)
  Constraints      : 1 initial, 1 maximal
  Objective        : minimize, 1 non-zeros (abs.min = 1, abs.max = 1)
Presolved Problem  :
  Problem name     : t_bbbenchmark/g05_100.4.cut
  Variables        : 1765 (100 binary, 0 integer, 1648 implicit integer, 17 continuous)
  Constraints      : 1697 initial, 10923 maximal
  Objective        : minimize, 1 non-zeros (abs.min = 1, abs.max = 1)
  Nonzeros         : 8443 constraint, 202 clique table
Presolvers         :   ExecTime  SetupTime  Calls  FixedVars   AggrVars   ChgTypes  ChgBounds   AddHoles    DelCons    AddCons   ChgSides   ChgCoefs
  boundshift       :       0.00       0.00      0          0          0          0          0          0          0          0          0          0
  convertinttobin  :       0.00       0.00      0          0          0          0          0          0          0          0          0          0
  domcol           :       0.00       0.00      1          0          0          0          0          0          0          0          0          0
  dualagg          :       0.00       0.00      0          0          0          0          0          0          0          0          0          0
  dualcomp         :       0.00       0.00      1          0          0          0          0          0          0          0          0          0
  dualinfer        :       0.00       0.00      0          0          0          0          0          0          0          0          0          0
  dualsparsify     :       0.00       0.00      1          0          0          0          0          0          0          0          0          0
  gateextraction   :       0.00       0.00      0          0          0          0          0          0          0          0          0          0
  implics          :       0.00       0.00      2          0          0          0          0          0          0          0          0          0
  inttobinary      :       0.00       0.00      0          0          0          0          0          0          0          0          0          0
  qpkktref         :       0.00       0.00      0          0          0          0          0          0          0          0          0          0
  redvub           :       0.00       0.00      0          0          0          0          0          0          0          0          0          0
  sparsify         :       0.00       0.00      1          0          0          0          0          0          0          0          0          0
  stuffing         :       0.00       0.00      0          0          0          0          0          0          0          0          0          0
  trivial          :       0.00       0.00      4          0          0          0          0          0          0          0          0          0
  tworowbnd        :       0.00       0.00      0          0          0          0          0          0          0          0          0          0
  dualfix          :       0.00       0.00      4          0          0          0          0          0          0          0          0          0
  genvbounds       :       0.00       0.00      0          0          0          0          0          0          0          0          0          0
  probing          :       0.30       0.00      1          0          0          0          0          0          0          0          0          0
  pseudoobj        :       0.00       0.00      1          0          0          0          1          0          0          0          0          0
  symmetry         :       0.00       0.00      0          0          0          0          0          0          0          0          0          0
  vbounds          :       0.00       0.00      1          0          0          0          0          0          0          0          0          0
  varbound         :       0.00       0.00      2          0          0          0          0          0          0          0          0          0
  and              :       0.00       0.00      2          0          0          0          0          0          0          0          0          0
  linear           :       0.00       0.00      2          0          0          0          0          0          0          0          0          0
  logicor          :       0.00       0.00      0          0          0          0          0          0          0          0          0          0
  bounddisjunction :       0.00       0.00      0          0          0          0          0          0          0          0          0          0
  nonlinear        :       0.06       0.01      5          0          0          0          1          0          0       1696          0          0
  benders          :       0.00       0.00      0          0          0          0          0          0          0          0          0          0
  components       :       0.00       0.00      1          0          0          0          0          0          0          0          0          0
  root node        :          -          -      -          0          -          -         13          -          -          -          -          -
Constraints        :     Number  MaxNumber  #Separate #Propagate    #EnfoLP    #EnfoRelax  #EnfoPS    #Check   #ResProp    Cutoffs    DomReds       Cuts    Applied      Conss   Children
  benderslp        :          0          0          0          0     179183          0          0      10377          0          0          0          0          0          0          0
  integral         :          0          0          0          0     179183          0          0      10377          0          0       2831          0          0       2472     354264
  varbound         :         16         16         27     968341          0          0          0         85          0          0     110629          0          0          0          0
  and              :       1648       1648     206162    1031915          1          0          0         85     600356          6    1782385       1317       1286          0          0
  linear           :         33+        47         27    1031946          1          0          0         83       1661         13     815586          0          0          0          0
  logicor          :          0+      7742          0     154159          0          0          0          0        343        463        296          0          0          0          0
  bounddisjunction :          0+      1712          0     100765          0          0          0          0          1         38          1          0          0          0          0
  benders          :          0          0          0          0          1          0          0         20          0          0          0          0          0          0          0
  countsols        :          0          0          0          0          1          0          0         20          0          0          0          0          0          0          0
  components       :          0          0          0          0          0          0          0          0          0          0          0          0          0          0          0
Constraint Timings :  TotalTime  SetupTime   Separate  Propagate     EnfoLP     EnfoPS     EnfoRelax   Check    ResProp    SB-Prop
  benderslp        :       0.14       0.00       0.00       0.00       0.14       0.00       0.00       0.00       0.00       0.00
  integral         :      85.97       0.00       0.00       0.00      85.94       0.00       0.00       0.03       0.00       0.00
  varbound         :       1.71       0.00       0.00       1.71       0.00       0.00       0.00       0.00       0.00       0.00
  and              :     167.55       0.00     119.89      46.49       0.00       0.00       0.00       0.01       0.38       0.78
  linear           :       7.79       0.00       0.01       7.67       0.00       0.00       0.00       0.00       0.02       0.09
  logicor          :      17.71       0.00       0.00      17.69       0.00       0.00       0.00       0.00       0.00       0.02
  bounddisjunction :       5.48       0.00       0.00       5.47       0.00       0.00       0.00       0.00       0.00       0.01
  benders          :       0.00       0.00       0.00       0.00       0.00       0.00       0.00       0.00       0.00       0.00
  countsols        :       0.00       0.00       0.00       0.00       0.00       0.00       0.00       0.00       0.00       0.00
  components       :       0.25       0.00       0.00       0.23       0.00       0.00       0.00       0.00       0.00       0.02
Propagators        : #Propagate   #ResProp    Cutoffs    DomReds
  dualfix          :          4          0          0          0
  genvbounds       :          0          0          0          0
  nlobbt           :          0          0          0          0
  obbt             :          0          0          0          0
  probing          :          0          0          0          0
  pseudoobj        :     778222          0          0         25
  redcost          :     407305          0          0     193993
  rootredcost      :         12          0          0          0
  symmetry         :          0          0          0          0
  vbounds          :     185487          0          0          0
Propagator Timings :  TotalTime  SetupTime   Presolve  Propagate    ResProp    SB-Prop
  dualfix          :       0.00       0.00       0.00       0.00       0.00       0.00
  genvbounds       :       0.70       0.00       0.00       0.70       0.00       0.00
  nlobbt           :       0.00       0.00       0.00       0.00       0.00       0.00
  obbt             :       0.00       0.00       0.00       0.00       0.00       0.00
  probing          :       0.30       0.00       0.30       0.00       0.00       0.00
  pseudoobj        :       1.47       0.00       0.00       1.47       0.00       0.00
  redcost          :      25.05       0.00       0.00      25.04       0.00       0.01
  rootredcost      :       0.93       0.00       0.00       0.92       0.00       0.01
  symmetry         :       0.53       0.00       0.00       0.53       0.00       0.00
  vbounds          :       0.88       0.00       0.00       0.88       0.00       0.00
Conflict Analysis  :       Time      Calls    Success    DomReds  Conflicts   Literals    Reconvs ReconvLits   Dualrays   Nonzeros   LP Iters   (pool size: [10000,10000])
  propagation      :       0.00        508        370          -        438       67.7          0        0.0          -          -          -
  infeasible LP    :       0.12         80         80          -       3300      150.7          0        0.0        113      189.3          0
  bound exceed. LP :      30.03       9833       9026          -     182072      106.5          1       54.0          0        0.0      82795
  strong branching :       0.00          0          0          -          0        0.0          0        0.0          -          -          0
  pseudo solution  :       0.00          0          0          -          0        0.0          0        0.0          -          -          -
  applied globally :       0.83          -          -          0      41356      113.7          -          -        113          -          -
  applied locally  :          -          -          -          0          0        0.0          -          -          0          -          -
Separators         :   ExecTime  SetupTime      Calls  RootCalls    Cutoffs    DomReds  FoundCuts ViaPoolAdd  DirectAdd    Applied ViaPoolApp  DirectApp      Conss
  cut pool         :       4.24          -      40160         50          -          -      40391    1214885          -          -          -          -          -    (maximal pool size:       4145)
  aggregation      :      52.71       0.00       5420         27          0          0         37       7648          0       2201       2201          0          0
  > cmir           :          -          -          -          -          -          -          -       7648          0       2201       2201          0          -
  > flowcover      :          -          -          -          -          -          -          -          0          0          0          0          0          -
  > knapsackcover  :          -          -          -          -          -          -          -          0          0          0          0          0          -
  cgmip            :       0.00       0.00          0          0          0          0          0          0          0          0          0          0          0
  clique           :       0.00       0.00         27         27          0          0          0          0          0          0          0          0          0
  closecuts        :       0.00       0.00          0          0          0          0          0          0          0          0          0          0          0
  convexproj       :       0.00       0.00          0          0          0          0          0          0          0          0          0          0          0
  disjunctive      :       0.00       0.00          0          0          0          0          0          0          0          0          0          0          0
  eccuts           :       0.00       0.00          0          0          0          0          0          0          0          0          0          0          0
  gauge            :       0.00       0.00          0          0          0          0          0          0          0          0          0          0          0
  gomory           :       0.00       0.00          0          0          0          0          0          0          0          0          0          0          0
  > gomorymi       :          -          -          -          -          -          -          -          0          0          0          0          0          -
  > strongcg       :          -          -          -          -          -          -          -          0          0          0          0          0          -
  impliedbounds    :       0.28       0.00       5420         27          0          0          0          0          0          0          0          0          0
  interlattice     :       0.00       0.00          0          0          0          0          0          0          0          0          0          0          0
  interminor       :       0.00       0.00          0          0          0          0          0          0          0          0          0          0          0
  intersub         :       0.09       0.00          4          4          0          0          2          0          2          2          0          2          0
  intobj           :       0.00       0.00          0          0          0          0          0          0          0          0          0          0          0
  mcf              :       0.01       0.00          1          1          0          0          0          0          0          0          0          0          0
  minor            :       0.00       0.00          0          0          0          0          0          0          0          0          0          0          0
  mixing           :       0.05       0.00       5420         27          0          0          0          0          0          0          0          0          0
  oddcycle         :       0.00       0.00          0          0          0          0          0          0          0          0          0          0          0
  rapidlearning    :       0.03       0.00          0          0          0          0          0          0          0          0          0          0          0
  rlt              :       0.00       0.00         10         10          0          0          0          0          0          0          0          0          0
  zerohalf         :      36.49       0.00       4584         20          0          0      40354    1207237          0     159108     159108          0          0
Cutselectors       :   ExecTime  SetupTime      Calls  RootCalls   Selected     Forced   Filtered  RootSelec   RootForc   RootFilt 
  hybrid           :       1.14       0.00      18335         26     162597          0    1053607        194          0          2
Pricers            :   ExecTime  SetupTime      Calls       Vars
  problem variables:       0.00          -          0          0
Branching Rules    :   ExecTime  SetupTime   BranchLP  BranchExt   BranchPS    Cutoffs    DomReds       Cuts      Conss   Children
  allfullstrong    :       0.00       0.00          0          0          0          0          0          0          0          0
  cloud            :       0.00       0.00          0          0          0          0          0          0          0          0
  distribution     :       0.00       0.00          0          0          0          0          0          0          0          0
  fullstrong       :       0.00       0.00          0          0          0          0          0          0          0          0
  inference        :       0.00       0.00          0          0          0          0          0          0          0          0
  leastinf         :       0.00       0.00          0          0          0          0          0          0          0          0
  lookahead        :       0.00       0.00          0          0          0          0          0          0          0          0
  mostinf          :       0.00       0.00          0          0          0          0          0          0          0          0
  multaggr         :       0.00       0.00          0          0          0          0          0          0          0          0
  nodereopt        :       0.00       0.00          0          0          0          0          0          0          0          0
  pscost           :       0.00       0.00          0          0          0          0          0          0          0          0
  random           :       0.00       0.00          0          0          0          0          0          0          0          0
  relpscost        :      85.32       0.00     179182          0          0          0       2831          0       2472     354264
  vanillafullstrong:       0.00       0.00          0          0          0          0          0          0          0          0
Primal Heuristics  :   ExecTime  SetupTime      Calls      Found       Best
  LP solutions     :       0.00          -          -          1          1
  relax solutions  :       0.00          -          -          0          0
  pseudo solutions :       0.00          -          -          0          0
  strong branching :       0.06          -          -          0          0
  actconsdiving    :       0.00       0.00          0          0          0
  adaptivediving   :       3.41       0.00         32          0          0
  alns             :       3.80       0.00         23          2          2
  bound            :       0.00       0.00          0          0          0
  clique           :       0.01       0.00          1          0          0
  coefdiving       :       0.00       0.00          0          0          0
  completesol      :       0.00       0.00          0          0          0
  conflictdiving   :     156.98       0.00       1399          0          0
  crossover        :       2.28       0.00          3          1          1
  dins             :       0.00       0.00          0          0          0
  distributiondivin:      76.96       0.00        385          0          0
  dps              :       0.00       0.00          0          0          0
  dualval          :       0.00       0.00          0          0          0
  farkasdiving     :       0.02       0.00          0          0          0
  feaspump         :       0.14       0.00          1          1          1
  fixandinfer      :       0.00       0.00          0          0          0
  fracdiving       :      54.08       0.00        556          0          0
  gins             :       0.18       0.00          0          0          0
  guideddiving     :      55.54       0.00        507          1          1
  indicator        :       0.20       0.00          0          0          0
  indicatordiving  :       0.00       0.00          0          0          0
  intdiving        :       0.00       0.00          0          0          0
  intshifting      :       0.52       0.00         89          0          0
  linesearchdiving :      51.30       0.00        494          0          0
  localbranching   :       0.00       0.00          0          0          0
  locks            :       0.01       0.00          1          0          0
  lpface           :       0.29       0.00          0          0          0
  mpec             :     178.39       0.00         11          3          3
  multistart       :       0.00       0.00          0          0          0
  mutation         :       0.00       0.00          0          0          0
  nlpdiving        :      23.53       0.00          3          0          0
  objpscostdiving  :      48.33       0.00         69          2          1
  octane           :       0.00       0.00          0          0          0
  ofins            :       0.19       0.00          0          0          0
  oneopt           :       0.23       0.00         15          0          0
  padm             :       0.00       0.00          0          0          0
  proximity        :       0.00       0.00          0          0          0
  pscostdiving     :      52.50       0.00        443          1          1
  randrounding     :       0.58       0.00      10353          0          0
  rens             :       0.00       0.00          0          0          0
  reoptsols        :       0.00       0.00          0          0          0
  repair           :       0.00       0.00          0          0          0
  rins             :       6.93       0.00         48          2          2
  rootsoldiving    :      29.20       0.00         35          0          0
  rounding         :       1.85       0.00       6127          0          0
  shiftandpropagate:       0.00       0.00          0          0          0
  shifting         :      35.19       0.00       8593          1          1
  simplerounding   :       0.23       0.00          0          0          0
  subnlp           :     294.60       0.00          0          0          0
  trivial          :       0.00       0.00          2          2          2
  trivialnegation  :       0.00       0.00          0          0          0
  trustregion      :       0.00       0.00          0          0          0
  trysol           :       0.30       0.00          0          0          0
  twoopt           :       0.00       0.00          0          0          0
  undercover       :       1.79       0.00          1          1          1
  vbounds          :       0.00       0.00          0          0          0
  veclendiving     :      52.75       0.00        491          0          0
  zeroobj          :       0.00       0.00          0          0          0
  zirounding       :       0.37       0.00       1000          0          0
  other solutions  :          -          -          -          0          -
Diving (single)    :      Calls      Nodes   LP Iters Backtracks  Conflicts   MinDepth   MaxDepth   AvgDepth  RoundSols  NLeafSols  MinSolDpt  MaxSolDpt  AvgSolDpt
  actconsdiving    :          0          -          -          -          -          -          -          -          -          -          -          -          -
  coefdiving       :          0          -          -          -          -          -          -          -          -          -          -          -          -
  conflictdiving   :       1399      61002    1670652       1195      85443         53         91       65.2          0          -          -          -          -
  distributiondivin:        385      14638     567705        442       6616         52         70       59.6          0          -          -          -          -
  farkasdiving     :          0          -          -          -          -          -          -          -          -          -          -          -          -
  fracdiving       :        556      42896     563408        262       4897         59        350       99.6          0          -          -          -          -
  guideddiving     :        507      40641     575774        235       5945         62        174      102.2          0          1        124        124      124.0
  indicatordiving  :          0          -          -          -          -          -          -          -          -          -          -          -          -
  linesearchdiving :        494      19588     565566        415      28023         49         88       61.3          0          -          -          -          -
  pscostdiving     :        443      19125     578369        457      12365         56         79       64.8          0          1         79         79       79.0
  veclendiving     :        491      20471     564965        466      32637         52         87       63.3          0          -          -          -          -
Diving (adaptive)  :      Calls      Nodes   LP Iters Backtracks  Conflicts   MinDepth   MaxDepth   AvgDepth  RoundSols  NLeafSols  MinSolDpt  MaxSolDpt  AvgSolDpt
  actconsdiving    :          3        119       4197          3         33         56         59       57.7          0          -          -          -          -
  coefdiving       :         13        584      13995          9        766         54         82       64.6          0          -          -          -          -
  conflictdiving   :          0          -          -          -          -          -          -          -          -          -          -          -          -
  distributiondivin:          0          -          -          -          -          -          -          -          -          -          -          -          -
  farkasdiving     :          0          -          -          -          -          -          -          -          -          -          -          -          -
  fracdiving       :          0          -          -          -          -          -          -          -          -          -          -          -          -
  guideddiving     :          0          -          -          -          -          -          -          -          -          -          -          -          -
  indicatordiving  :          0          -          -          -          -          -          -          -          -          -          -          -          -
  linesearchdiving :          6        272       6105          3        234         56         72       66.2          0          -          -          -          -
  pscostdiving     :          3        129       4146          3        107         63         65       64.0          0          -          -          -          -
  veclendiving     :          7        359       7906          4        455         57         78       68.4          0          -          -          -          -
Neighborhoods      :      Calls  SetupTime  SolveTime SolveNodes       Sols       Best       Exp3  EpsGreedy        UCB TgtFixRate  Opt  Inf Node Stal  Sol  Usr Othr Actv
  rens             :          4       0.38       0.67         85          0          0    0.00000   -1.00000    0.46415      0.522    0    3    0    1    0    0    0    1
  rins             :          2       0.08       0.06         61          0          0    0.00000   -1.00000    0.47395      0.850    0    1    0    1    0    0    0    1
  mutation         :          2       0.06       0.06         63          0          0    0.00000   -1.00000    0.47747      0.850    0    1    0    1    0    0    0    1
  localbranching   :          2       0.11       0.12         95          0          0    0.00000   -1.00000    0.46646      0.850    0    1    0    1    0    0    0    1
  crossover        :          2       0.13       0.09         74          0          0    0.00000   -1.00000    0.46824      0.850    0    1    0    1    0    0    0    1
  proximity        :          2       0.11       0.21         88          0          0    0.00000   -1.00000    0.46791      0.850    0    1    0    1    0    0    0    1
  zeroobjective    :          7       0.69       0.17        303          1          1    0.00000   -1.00000    0.51234      0.873    1    2    0    4    0    0    0    1
  dins             :          2       0.05       0.65        986          1          1    0.00000   -1.00000    0.50088      0.850    1    0    0    1    0    0    0    1
  trustregion      :          0       0.00       0.00          0          0          0    0.00000   -1.00000    1.00000      0.900    0    0    0    0    0    0    0    0
Expressions        :   #IntEval  IntEvalTi   #RevProp  RevPropTi    DomReds    Cutoffs  #Estimate  EstimTime  Branching  #Simplify SimplifyTi Simplified
  pow              :          0       0.00          0       0.00          0          0          0       0.00          0          0       0.00          0
  prod             :       9900       0.00          0       0.00          0          0          0       0.00          0       6598       0.00          0
  sum              :          8       0.00          2       0.00          0          0          0       0.00          0          3       0.00          2
  var              :       6104       0.00          0       0.00          0          0          0       0.00          0      15163       0.00          0
  varidx           :          0       0.00          0       0.00          0          0          0       0.00          0          0       0.00          0
LP                 :       Time      Calls Iterations  Iter/call   Iter/sec  Time-0-It Calls-0-It    ItLimit
  primal LP        :     131.34      24545          0       0.00       0.00     131.28      24545
  dual LP          :    1624.94     326816   11047854      37.29    6798.93      12.92      30570
  lex dual LP      :       0.00          0          0       0.00          -
  barrier LP       :       0.00          0          0       0.00          -       0.00          0
  resolve instable :       0.00          0          0       0.00          -
  diving/probing LP:     480.27      21265    5610992     263.86   11682.99
  strong branching :      21.61       4031     198158      49.16    9169.74          -          -        629
    (at root node) :          -         19       3055     160.79          -
  conflict analysis:      12.20       8540      82795       9.69    6786.48
NLP relaxation     :
  solve time       :      23.26 (11 calls)
  convexity        :  nonconvex (49 linear rows, 0 convex ineq., 0 nonconvex ineq., 1648 nonlinear eq. or two-sided ineq.)
NLP Solvers        :  #Problems  ProblemTi    #Solves  SolveTime      #Iter  Time/Iter      #Okay #TimeLimit #IterLimit #LObjLimit #Interrupt  #NumError #EvalError  #OutOfMem #LicenseEr #OtherTerm   #GlobOpt    #LocOpt  #Feasible #LocInfeas #GlobInfea #Unbounded   #Unknown
  ipopt            :         12      11.17         44     203.45       1715       0.12         43          0          1          0          0          0          0          0          0          0          0         25          0         17          0          0          2
B&B Tree           :
  number of runs   :          1
  nodes            :     275912 (177132 internal, 98780 leaves)
  feasible leaves  :          1
  infeas. leaves   :         45
  objective leaves :      98734
  nodes (total)    :     275912 (177132 internal, 98780 leaves)
  nodes left       :      78255
  max depth        :         73
  max depth (total):         73
  backtracks       :      57115 (20.7%)
  early backtracks :          0 (0.0%)
  nodes exc. ref.  :          0 (0.0%)
  delayed cutoffs  :          2
  repropagations   :        690 (2504 domain reductions, 0 cutoffs)
  avg switch length:       6.41
  switching time   :     206.34
Estim. Tree Size   :     552020
Estimation Tree    : 354265 nodes (276010 visited, 177132 internal, 98878 leaves, 78255 open), weight: 0.0000 completed 0.0755
Estimations        :      estim      value      trend resolution     smooth
  wbe              : 7064817446085831          -          -          -          -
  tree-profile     :         -1          -          -          -          -
  gap              :    6942354    0.68084    0.00001        128    7072576
  tree-weight      :     552020    0.00000    0.00000        128     550751
  leaf-frequency   :     552020    0.35824   -0.00010        128     550751
  ssg              :    9620822    0.88076   -0.00002        128    9497364
  open-nodes       :     552020 78255.00000  187.50259        128     550751
Root Node          :
  First LP value   : -1.00000000000000e+00
  First LP Iters   :       1623 (11592.86 Iter/sec)
  First LP Time    :       0.14
  Final Dual Bound : -9.58089637097537e-01
  Final Root Iters :       2506
  Root LP Estimate : -4.17081023382849e-01
Solution           :
  Solutions found  :         18 (17 improvements)
  First Solution   : +1.00000000000000e+05   (in run 1, after 0 nodes, 0.00 seconds, depth 0, found by <trivial>)
  Gap First Sol.   :   infinite
  Gap Last Sol.    :      57.42 %
  Primal Bound     : -5.68080808080806e-01   (in run 1, after 14417 nodes, 360.81 seconds, depth 56, found by <crossover>)
  Dual Bound       : -8.34378980042028e-01
  Gap              :      46.88 %
Integrals          :      Total       Avg%
  primal-dual      :  120948.75      33.60
  primal-ref       :          -          - (not evaluated)
  dual-ref         :          -          - (not evaluated)
