SCIP Status        : solving was interrupted [time limit reached]
Total Time         :    3600.01
  solving          :    3600.00
  presolving       :       0.35 (included in solving)
  reading          :       0.01
  copying          :       1.47 (31 #copies) (minimal 0.00, maximal 0.11, average 0.05)
Original Problem   :
  Problem name     : bbbenchmark/g05_80.1.cut
  Variables        : 81 (80 binary, 0 integer, 0 implicit integer, 1 continuous)
  Constraints      : 1 initial, 1 maximal
  Objective        : minimize, 1 non-zeros (abs.min = 1, abs.max = 1)
Presolved Problem  :
  Problem name     : t_bbbenchmark/g05_80.1.cut
  Variables        : 1611 (80 binary, 0 integer, 1529 implicit integer, 2 continuous)
  Constraints      : 1533 initial, 9502 maximal
  Objective        : minimize, 1 non-zeros (abs.min = 1, abs.max = 1)
  Nonzeros         : 6305 constraint, 162 clique table
Presolvers         :   ExecTime  SetupTime  Calls  FixedVars   AggrVars   ChgTypes  ChgBounds   AddHoles    DelCons    AddCons   ChgSides   ChgCoefs
  boundshift       :       0.00       0.00      0          0          0          0          0          0          0          0          0          0
  convertinttobin  :       0.00       0.00      0          0          0          0          0          0          0          0          0          0
  domcol           :       0.00       0.00      1          0          0          0          0          0          0          0          0          0
  dualagg          :       0.00       0.00      0          0          0          0          0          0          0          0          0          0
  dualcomp         :       0.00       0.00      1          0          0          0          0          0          0          0          0          0
  dualinfer        :       0.00       0.00      0          0          0          0          0          0          0          0          0          0
  dualsparsify     :       0.00       0.00      1          0          0          0          0          0          0          0          0          0
  gateextraction   :       0.00       0.00      0          0          0          0          0          0          0          0          0          0
  implics          :       0.00       0.00      2          0          0          0          0          0          0          0          0          0
  inttobinary      :       0.00       0.00      0          0          0          0          0          0          0          0          0          0
  qpkktref         :       0.00       0.00      0          0          0          0          0          0          0          0          0          0
  redvub           :       0.00       0.00      0          0          0          0          0          0          0          0          0          0
  sparsify         :       0.00       0.00      1          0          0          0          0          0          0          0          0          0
  stuffing         :       0.00       0.00      0          0          0          0          0          0          0          0          0          0
  trivial          :       0.00       0.00      4          0          0          0          0          0          0          0          0          0
  tworowbnd        :       0.00       0.00      0          0          0          0          0          0          0          0          0          0
  dualfix          :       0.00       0.00      4          0          0          0          0          0          0          0          0          0
  genvbounds       :       0.00       0.00      0          0          0          0          0          0          0          0          0          0
  probing          :       0.23       0.00      1          0          0          0          0          0          0          0          0          0
  pseudoobj        :       0.00       0.00      1          0          0          0          1          0          0          0          0          0
  symmetry         :       0.00       0.00      0          0          0          0          0          0          0          0          0          0
  vbounds          :       0.00       0.00      1          0          0          0          0          0          0          0          0          0
  varbound         :       0.00       0.00      2          0          0          0          0          0          0          0          0          0
  and              :       0.00       0.00      2          0          0          0          0          0          0          0          0          0
  linear           :       0.00       0.00      2          0          0          0          0          0          0          0          0          0
  logicor          :       0.00       0.00      0          0          0          0          0          0          0          0          0          0
  bounddisjunction :       0.00       0.00      0          0          0          0          0          0          0          0          0          0
  nonlinear        :       0.11       0.01      5          0          0          0          1          0          0       1532          0          0
  benders          :       0.00       0.00      0          0          0          0          0          0          0          0          0          0
  components       :       0.00       0.00      1          0          0          0          0          0          0          0          0          0
  root node        :          -          -      -          0          -          -         26          -          -          -          -          -
Constraints        :     Number  MaxNumber  #Separate #Propagate    #EnfoLP    #EnfoRelax  #EnfoPS    #Check   #ResProp    Cutoffs    DomReds       Cuts    Applied      Conss   Children
  benderslp        :          0          0          0          0      77030          0          0       1998          0          0          0          0          0          0          0
  integral         :          0          0          0          0      77030          0          0       1998          0          0       3146          0          0       2233     150562
  varbound         :          1          1         29     241540          0          0          0         33          0          0        136          0          0          0          0
  and              :       1529       1529      86677     575022          3          0          0         33     227256          1    2499364       4305       4244          0          0
  linear           :          3+         6         29     575023          3          0          0         31        184          0      14657          0          0          0          0
  logicor          :          0+      7800          0     150472          0          0          0          0        223        608         43          0          0          0          0
  bounddisjunction :          0+       170          0      32043          0          0          0          0          1          6          0          0          0          0          0
  benders          :          0          0          0          0          3          0          0         30          0          0          0          0          0          0          0
  countsols        :          0          0          0          0          3          0          0         30          0          0          0          0          0          0          0
  components       :          0          0          0          0          0          0          0          0          0          0          0          0          0          0          0
Constraint Timings :  TotalTime  SetupTime   Separate  Propagate     EnfoLP     EnfoPS     EnfoRelax   Check    ResProp    SB-Prop
  benderslp        :       0.04       0.00       0.00       0.00       0.04       0.00       0.00       0.00       0.00       0.00
  integral         :      52.69       0.00       0.00       0.00      52.66       0.00       0.00       0.03       0.00       0.00
  varbound         :       0.10       0.00       0.00       0.10       0.00       0.00       0.00       0.00       0.00       0.00
  and              :      75.22       0.00      46.51      27.70       0.00       0.00       0.00       0.01       0.27       0.73
  linear           :       0.68       0.00       0.01       0.66       0.00       0.00       0.00       0.00       0.00       0.01
  logicor          :      11.23       0.00       0.00      11.19       0.00       0.00       0.00       0.00       0.00       0.04
  bounddisjunction :       0.37       0.00       0.00       0.37       0.00       0.00       0.00       0.00       0.00       0.00
  benders          :       0.00       0.00       0.00       0.00       0.00       0.00       0.00       0.00       0.00       0.00
  countsols        :       0.00       0.00       0.00       0.00       0.00       0.00       0.00       0.00       0.00       0.00
  components       :       0.17       0.00       0.00       0.17       0.00       0.00       0.00       0.00       0.00       0.00
Propagators        : #Propagate   #ResProp    Cutoffs    DomReds
  dualfix          :          2          0          0          0
  genvbounds       :          0          0          0          0
  nlobbt           :          0          0          0          0
  obbt             :          0          0          0          0
  probing          :          0          0          0          0
  pseudoobj        :     359715          0          0         27
  redcost          :     179668          0          0     100743
  rootredcost      :         12          0          0          0
  symmetry         :          0          0          0          0
  vbounds          :      45863          0          0          0
Propagator Timings :  TotalTime  SetupTime   Presolve  Propagate    ResProp    SB-Prop
  dualfix          :       0.00       0.00       0.00       0.00       0.00       0.00
  genvbounds       :       0.39       0.00       0.00       0.38       0.00       0.01
  nlobbt           :       0.00       0.00       0.00       0.00       0.00       0.00
  obbt             :       0.01       0.00       0.00       0.01       0.00       0.00
  probing          :       0.23       0.00       0.23       0.00       0.00       0.00
  pseudoobj        :       0.65       0.00       0.00       0.64       0.00       0.01
  redcost          :      10.26       0.00       0.00      10.26       0.00       0.00
  rootredcost      :       0.35       0.00       0.00       0.34       0.00       0.01
  symmetry         :       0.35       0.00       0.00       0.34       0.00       0.01
  vbounds          :       0.43       0.00       0.00       0.42       0.00       0.01
Conflict Analysis  :       Time      Calls    Success    DomReds  Conflicts   Literals    Reconvs ReconvLits   Dualrays   Nonzeros   LP Iters   (pool size: [10000,10000])
  propagation      :       0.01        615        502          -        586       45.9          0        0.0          -          -          -
  infeasible LP    :       0.00          0          0          -          0        0.0          0        0.0         13       69.3          0
  bound exceed. LP :      17.24       9343       6315          -      77455       70.2          1       42.0          0        0.0      41844
  strong branching :       0.00          0          0          -          0        0.0          0        0.0          -          -          0
  pseudo solution  :       0.00          0          0          -          0        0.0          0        0.0          -          -          -
  applied globally :       0.49          -          -          0      24277       75.9          -          -         13          -          -
  applied locally  :          -          -          -          0          0        0.0          -          -          0          -          -
Separators         :   ExecTime  SetupTime      Calls  RootCalls    Cutoffs    DomReds  FoundCuts ViaPoolAdd  DirectAdd    Applied ViaPoolApp  DirectApp      Conss
  cut pool         :       3.33          -      19086         52          -          -      34450     550921          -          -          -          -          -    (maximal pool size:       2135)
  aggregation      :      59.35       0.00       4114         29          0          0        174       2546          0        677        677          0          0
  > cmir           :          -          -          -          -          -          -          -       2546          0        677        677          0          -
  > flowcover      :          -          -          -          -          -          -          -          0          0          0          0          0          -
  > knapsackcover  :          -          -          -          -          -          -          -          0          0          0          0          0          -
  cgmip            :       0.00       0.00          0          0          0          0          0          0          0          0          0          0          0
  clique           :       0.00       0.00         29         29          0          0          0          0          0          0          0          0          0
  closecuts        :       0.00       0.00          0          0          0          0          0          0          0          0          0          0          0
  convexproj       :       0.00       0.00          0          0          0          0          0          0          0          0          0          0          0
  disjunctive      :       0.00       0.00          0          0          0          0          0          0          0          0          0          0          0
  eccuts           :       0.00       0.00          0          0          0          0          0          0          0          0          0          0          0
  gauge            :       0.00       0.00          0          0          0          0          0          0          0          0          0          0          0
  gomory           :       0.00       0.00          0          0          0          0          0          0          0          0          0          0          0
  > gomorymi       :          -          -          -          -          -          -          -          0          0          0          0          0          -
  > strongcg       :          -          -          -          -          -          -          -          0          0          0          0          0          -
  impliedbounds    :       0.21       0.00       4114         29          0          0          0          0          0          0          0          0          0
  interlattice     :       0.00       0.00          0          0          0          0          0          0          0          0          0          0          0
  interminor       :       0.00       0.00          0          0          0          0          0          0          0          0          0          0          0
  intersub         :       0.09       0.00          7          7          0          0          6          0          6          6          0          6          0
  intobj           :       0.00       0.00          0          0          0          0          0          0          0          0          0          0          0
  mcf              :       0.00       0.00          1          1          0          0          0          0          0          0          0          0          0
  minor            :       0.03       0.00          0          0          0          0          0          0          0          0          0          0          0
  mixing           :       0.02       0.00       4114         29          0          0          0          0          0          0          0          0          0
  oddcycle         :       0.00       0.00          0          0          0          0          0          0          0          0          0          0          0
  rapidlearning    :       0.00       0.00          0          0          0          0          0          0          0          0          0          0          0
  rlt              :       0.00       0.00         10         10          0          0          0          0          0          0          0          0          0
  zerohalf         :      32.68       0.00       3915         20          0          0      34276     548375          0      92469      92469          0          0
Cutselectors       :   ExecTime  SetupTime      Calls  RootCalls   Selected     Forced   Filtered  RootSelec   RootForc   RootFilt 
  hybrid           :       0.56       0.00      12203         28      97396          0     457836        197          0          1
Pricers            :   ExecTime  SetupTime      Calls       Vars
  problem variables:       0.00          -          0          0
Branching Rules    :   ExecTime  SetupTime   BranchLP  BranchExt   BranchPS    Cutoffs    DomReds       Cuts      Conss   Children
  allfullstrong    :       0.00       0.00          0          0          0          0          0          0          0          0
  cloud            :       0.00       0.00          0          0          0          0          0          0          0          0
  distribution     :       0.00       0.00          0          0          0          0          0          0          0          0
  fullstrong       :       0.00       0.00          0          0          0          0          0          0          0          0
  inference        :       0.00       0.00          0          0          0          0          0          0          0          0
  leastinf         :       0.00       0.00          0          0          0          0          0          0          0          0
  lookahead        :       0.00       0.00          0          0          0          0          0          0          0          0
  mostinf          :       0.00       0.00          0          0          0          0          0          0          0          0
  multaggr         :       0.00       0.00          0          0          0          0          0          0          0          0
  nodereopt        :       0.00       0.00          0          0          0          0          0          0          0          0
  pscost           :       0.00       0.00          0          0          0          0          0          0          0          0
  random           :       0.00       0.00          0          0          0          0          0          0          0          0
  relpscost        :      52.41       0.00      77027          0          0          0       3146          0       2234     150562
  vanillafullstrong:       0.00       0.00          0          0          0          0          0          0          0          0
Primal Heuristics  :   ExecTime  SetupTime      Calls      Found       Best
  LP solutions     :       0.00          -          -          3          3
  relax solutions  :       0.00          -          -          0          0
  pseudo solutions :       0.00          -          -          0          0
  strong branching :       0.02          -          -          0          0
  actconsdiving    :       0.00       0.00          0          0          0
  adaptivediving   :      14.50       0.00        179          2          2
  alns             :       3.49       0.00         21          5          3
  bound            :       0.00       0.00          0          0          0
  clique           :       0.01       0.00          1          0          0
  coefdiving       :       0.00       0.00          0          0          0
  completesol      :       0.00       0.00          0          0          0
  conflictdiving   :      33.48       0.00        495          0          0
  crossover        :       1.19       0.00          4          1          1
  dins             :       0.00       0.00          0          0          0
  distributiondivin:      65.64       0.00        495          0          0
  dps              :       0.00       0.00          0          0          0
  dualval          :       0.00       0.00          0          0          0
  farkasdiving     :       0.00       0.00          0          0          0
  feaspump         :       0.00       0.00          0          0          0
  fixandinfer      :       0.00       0.00          0          0          0
  fracdiving       :      42.55       0.00        495          0          0
  gins             :       0.09       0.00          0          0          0
  guideddiving     :      37.70       0.00        495          2          2
  indicator        :       0.08       0.00          0          0          0
  indicatordiving  :       0.00       0.00          0          0          0
  intdiving        :       0.00       0.00          0          0          0
  intshifting      :       0.27       0.00         47          0          0
  linesearchdiving :      38.51       0.00        495          0          0
  localbranching   :       0.00       0.00          0          0          0
  locks            :       0.00       0.00          1          0          0
  lpface           :       0.13       0.00          0          0          0
  mpec             :       3.35       0.00          1          0          0
  multistart       :       0.00       0.00          0          0          0
  mutation         :       0.00       0.00          0          0          0
  nlpdiving        :       9.84       0.00         10          0          0
  objpscostdiving  :      34.65       0.00         62          4          0
  octane           :       0.00       0.00          0          0          0
  ofins            :       0.09       0.00          0          0          0
  oneopt           :       0.11       0.00         20          0          0
  padm             :       0.00       0.00          0          0          0
  proximity        :       0.00       0.00          0          0          0
  pscostdiving     :      49.76       0.00        495          1          1
  randrounding     :       0.21       0.00       1964          0          0
  rens             :       0.00       0.00          0          0          0
  reoptsols        :       0.00       0.00          0          0          0
  repair           :       0.00       0.00          0          0          0
  rins             :       6.10       0.00          6          0          0
  rootsoldiving    :      38.03       0.00         54          1          0
  rounding         :       1.17       0.00       4127          0          0
  shiftandpropagate:       0.00       0.00          0          0          0
  shifting         :      52.51       0.00      12695          9          8
  simplerounding   :       0.09       0.00          0          0          0
  subnlp           :     133.73       0.00          0          0          0
  trivial          :       0.00       0.00          2          2          2
  trivialnegation  :       0.00       0.00          0          0          0
  trustregion      :       0.00       0.00          0          0          0
  trysol           :       0.10       0.00          0          0          0
  twoopt           :       0.00       0.00          0          0          0
  undercover       :       1.33       0.00          1          0          0
  vbounds          :       0.00       0.00          0          0          0
  veclendiving     :      33.84       0.00        495          0          0
  zeroobj          :       0.00       0.00          0          0          0
  zirounding       :       0.60       0.00       1000          0          0
  other solutions  :          -          -          -          0          -
Diving (single)    :      Calls      Nodes   LP Iters Backtracks  Conflicts   MinDepth   MaxDepth   AvgDepth  RoundSols  NLeafSols  MinSolDpt  MaxSolDpt  AvgSolDpt
  actconsdiving    :          0          -          -          -          -          -          -          -          -          -          -          -          -
  coefdiving       :          0          -          -          -          -          -          -          -          -          -          -          -          -
  conflictdiving   :        495      17395     348089        542      11711         40         64       52.5          0          -          -          -          -
  distributiondivin:        495      12523     511466        529       4844         32         57       41.9          0          -          -          -          -
  farkasdiving     :          0          -          -          -          -          -          -          -          -          -          -          -          -
  fracdiving       :        495      36864     446780        523       6692         40        315       90.9          0          -          -          -          -
  guideddiving     :        495      36118     399857        322       5924         46        273       90.5          0          2         86         97       91.5
  indicatordiving  :          0          -          -          -          -          -          -          -          -          -          -          -          -
  linesearchdiving :        495      14419     446568        571      10259         32         70       45.9          0          -          -          -          -
  pscostdiving     :        495      15697     537453        502       8713         38         61       48.6          0          1         60         60       60.0
  veclendiving     :        495      16852     366160        554      17577         40         68       51.3          0          -          -          -          -
Diving (adaptive)  :      Calls      Nodes   LP Iters Backtracks  Conflicts   MinDepth   MaxDepth   AvgDepth  RoundSols  NLeafSols  MinSolDpt  MaxSolDpt  AvgSolDpt
  actconsdiving    :         25        660      21805         21        254         39         46       43.3          0          1         44         44       44.0
  coefdiving       :         47       1365      45325         51       1426         37         67       44.6          0          -          -          -          -
  conflictdiving   :          0          -          -          -          -          -          -          -          -          -          -          -          -
  distributiondivin:          0          -          -          -          -          -          -          -          -          -          -          -          -
  farkasdiving     :          0          -          -          -          -          -          -          -          -          -          -          -          -
  fracdiving       :         16        975      12369         10        129         46        166       79.1          0          -          -          -          -
  guideddiving     :         22       1439      17300         13        300         53        240       83.2          0          -          -          -          -
  indicatordiving  :          0          -          -          -          -          -          -          -          -          -          -          -          -
  linesearchdiving :         13        364      13250         15        312         36         54       43.7          0          -          -          -          -
  pscostdiving     :         17        569      18608         16        223         44         64       49.6          0          1         64         64       64.0
  veclendiving     :         39       1464      29317         41       1668         42         61       52.2          0          -          -          -          -
Neighborhoods      :      Calls  SetupTime  SolveTime SolveNodes       Sols       Best       Exp3  EpsGreedy        UCB TgtFixRate  Opt  Inf Node Stal  Sol  Usr Othr Actv
  rens             :          3       0.26       0.04          1          0          0    0.00000   -1.00000    0.53926      0.437    0    3    0    0    0    0    0    1
  rins             :          1       0.00       0.00          0          0          0    0.00000   -1.00000    0.07033      0.900    0    0    0    0    0    0    1    1
  mutation         :          3       0.23       0.93        710          2          2    0.00000   -1.00000    0.50382      0.437    1    2    0    0    0    0    0    1
  localbranching   :          3       0.35       0.22         64          0          0    0.00000   -1.00000    0.45694      0.662    0    2    0    1    0    0    0    1
  crossover        :          2       0.17       0.04          9          0          0    0.00000   -1.00000    0.53767      0.550    0    2    0    0    0    0    0    1
  proximity        :          5       0.41       0.28        138          3          1    0.00000   -1.00000    0.53685      0.759    1    2    0    2    0    0    0    1
  zeroobjective    :          2       0.11       0.04         17          0          0    0.00000   -1.00000    0.52696      0.550    0    2    0    0    0    0    0    1
  dins             :          2       0.21       0.04         10          0          0    0.00000   -1.00000    0.53885      0.550    0    2    0    0    0    0    0    1
  trustregion      :          0       0.00       0.00          0          0          0    0.00000   -1.00000    1.00000      0.900    0    0    0    0    0    0    0    0
Expressions        :   #IntEval  IntEvalTi   #RevProp  RevPropTi    DomReds    Cutoffs  #Estimate  EstimTime  Branching  #Simplify SimplifyTi Simplified
  pow              :          0       0.00          0       0.00          0          0          0       0.00          0          0       0.00          0
  prod             :       6320       0.00          0       0.00          0          0          0       0.00          0       4689       0.01          0
  sum              :          8       0.01          2       0.00          0          0          0       0.00          0          3       0.01          2
  var              :       5482       0.00          0       0.00          0          0          0       0.00          0      11151       0.00          0
  varidx           :          0       0.00          0       0.00          0          0          0       0.00          0          0       0.00          0
LP                 :       Time      Calls Iterations  Iter/call   Iter/sec  Time-0-It Calls-0-It    ItLimit
  primal LP        :     118.88      11265          0       0.00       0.00     118.85      11265
  dual LP          :    2496.18     157721   12239724      84.82    4903.38       5.55      13424
  lex dual LP      :       0.00          0          0       0.00          -
  barrier LP       :       0.00          0          0       0.00          -       0.00          0
  resolve instable :       0.00          0          0       0.00          -
  diving/probing LP:     325.16      14922    3613560     242.16   11113.18
  strong branching :      23.46       3113     226920      72.89    9672.63          -          -         43
    (at root node) :          -         19       3413     179.63          -
  conflict analysis:       6.41       4301      41844       9.73    6527.93
NLP relaxation     :
  solve time       :       9.83 (10 calls)
  convexity        :  nonconvex (4 linear rows, 0 convex ineq., 0 nonconvex ineq., 1529 nonlinear eq. or two-sided ineq.)
NLP Solvers        :  #Problems  ProblemTi    #Solves  SolveTime      #Iter  Time/Iter      #Okay #TimeLimit #IterLimit #LObjLimit #Interrupt  #NumError #EvalError  #OutOfMem #LicenseEr #OtherTerm   #GlobOpt    #LocOpt  #Feasible #LocInfeas #GlobInfea #Unbounded   #Unknown
  ipopt            :          2       5.78         13      13.27        324       0.04         13          0          0          0          0          0          0          0          0          0          0          0          0          3          0          0         10
B&B Tree           :
  number of runs   :          1
  nodes            :     130361 (75281 internal, 55080 leaves)
  feasible leaves  :          3
  infeas. leaves   :         13
  objective leaves :      55064
  nodes (total)    :     130361 (75281 internal, 55080 leaves)
  nodes left       :      20193
  max depth        :         46
  max depth (total):         46
  backtracks       :      28006 (21.5%)
  early backtracks :          0 (0.0%)
  nodes exc. ref.  :          0 (0.0%)
  delayed cutoffs  :          0
  repropagations   :        927 (44 domain reductions, 0 cutoffs)
  avg switch length:       4.57
  switching time   :     148.16
Estim. Tree Size   :     260738
Estimation Tree    : 150563 nodes (130369 visited, 75281 internal, 55088 leaves, 20194 open), weight: 0.0000 completed 0.1276
Estimations        :      estim      value      trend resolution     smooth
  wbe              : 13736738717          -          -          -          -
  tree-profile     :         -1          -          -          -          -
  gap              :    1414546    0.77760    0.00002         64    1379890
  tree-weight      :     260738    0.00001    0.00000         64     260265
  leaf-frequency   :    3545921    0.42255    0.00000         64    2938235
  ssg              :    4594049    0.79848   -0.00002         64    4562065
  open-nodes       :     260738 20194.00000   12.58178         64     260265
Root Node          :
  First LP value   : -1.00000000000000e+00
  First LP Iters   :       1054 (13175.00 Iter/sec)
  First LP Time    :       0.08
  Final Dual Bound : -9.32891839902418e-01
  Final Root Iters :       1937
  Root LP Estimate : -4.96207703757976e-01
Solution           :
  Solutions found  :         30 (22 improvements)
  First Solution   : +1.00000000000000e+05   (in run 1, after 0 nodes, 0.03 seconds, depth 0, found by <trivial>)
  Gap First Sol.   :   infinite
  Gap Last Sol.    :      32.75 %
  Primal Bound     : -5.77848101265822e-01   (in run 1, after 61068 nodes, 1682.53 seconds, depth 20, found by <alns>)
  Dual Bound       : -7.43117088607596e-01
  Gap              :      28.60 %
Integrals          :      Total       Avg%
  primal-dual      :   91238.11      25.34
  primal-ref       :          -          - (not evaluated)
  dual-ref         :          -          - (not evaluated)
