SCIP Status        : solving was interrupted [time limit reached]
Total Time         :    3600.00
  solving          :    3600.00
  presolving       :       0.34 (included in solving)
  reading          :       0.00
  copying          :       0.66 (29 #copies) (minimal 0.00, maximal 0.05, average 0.02)
Original Problem   :
  Problem name     : bbbenchmark/g05_80.9.cut
  Variables        : 81 (80 binary, 0 integer, 0 implicit integer, 1 continuous)
  Constraints      : 1 initial, 1 maximal
  Objective        : minimize, 1 non-zeros (abs.min = 1, abs.max = 1)
Presolved Problem  :
  Problem name     : t_bbbenchmark/g05_80.9.cut
  Variables        : 1612 (80 binary, 0 integer, 1530 implicit integer, 2 continuous)
  Constraints      : 1534 initial, 6351 maximal
  Objective        : minimize, 1 non-zeros (abs.min = 1, abs.max = 1)
  Nonzeros         : 6307 constraint, 162 clique table
Presolvers         :   ExecTime  SetupTime  Calls  FixedVars   AggrVars   ChgTypes  ChgBounds   AddHoles    DelCons    AddCons   ChgSides   ChgCoefs
  boundshift       :       0.00       0.00      0          0          0          0          0          0          0          0          0          0
  convertinttobin  :       0.00       0.00      0          0          0          0          0          0          0          0          0          0
  domcol           :       0.00       0.00      1          0          0          0          0          0          0          0          0          0
  dualagg          :       0.00       0.00      0          0          0          0          0          0          0          0          0          0
  dualcomp         :       0.00       0.00      1          0          0          0          0          0          0          0          0          0
  dualinfer        :       0.00       0.00      0          0          0          0          0          0          0          0          0          0
  dualsparsify     :       0.00       0.00      1          0          0          0          0          0          0          0          0          0
  gateextraction   :       0.00       0.00      0          0          0          0          0          0          0          0          0          0
  implics          :       0.00       0.00      2          0          0          0          0          0          0          0          0          0
  inttobinary      :       0.00       0.00      0          0          0          0          0          0          0          0          0          0
  qpkktref         :       0.00       0.00      0          0          0          0          0          0          0          0          0          0
  redvub           :       0.00       0.00      0          0          0          0          0          0          0          0          0          0
  sparsify         :       0.00       0.00      1          0          0          0          0          0          0          0          0          0
  stuffing         :       0.00       0.00      0          0          0          0          0          0          0          0          0          0
  trivial          :       0.00       0.00      4          0          0          0          0          0          0          0          0          0
  tworowbnd        :       0.00       0.00      0          0          0          0          0          0          0          0          0          0
  dualfix          :       0.00       0.00      4          0          0          0          0          0          0          0          0          0
  genvbounds       :       0.00       0.00      0          0          0          0          0          0          0          0          0          0
  probing          :       0.23       0.00      1          0          0          0          0          0          0          0          0          0
  pseudoobj        :       0.00       0.00      1          0          0          0          1          0          0          0          0          0
  symmetry         :       0.00       0.00      0          0          0          0          0          0          0          0          0          0
  vbounds          :       0.00       0.00      1          0          0          0          0          0          0          0          0          0
  varbound         :       0.00       0.00      2          0          0          0          0          0          0          0          0          0
  and              :       0.01       0.01      2          0          0          0          0          0          0          0          0          0
  linear           :       0.00       0.00      2          0          0          0          0          0          0          0          0          0
  logicor          :       0.00       0.00      0          0          0          0          0          0          0          0          0          0
  bounddisjunction :       0.00       0.00      0          0          0          0          0          0          0          0          0          0
  nonlinear        :       0.09       0.01      5          0          0          0          1          0          0       1533          0          0
  benders          :       0.00       0.00      0          0          0          0          0          0          0          0          0          0
  components       :       0.00       0.00      1          0          0          0          0          0          0          0          0          0
  root node        :          -          -      -          0          -          -         28          -          -          -          -          -
Constraints        :     Number  MaxNumber  #Separate #Propagate    #EnfoLP    #EnfoRelax  #EnfoPS    #Check   #ResProp    Cutoffs    DomReds       Cuts    Applied      Conss   Children
  benderslp        :          0          0          0          0      72005          0          0       1507          0          0          0          0          0          0          0
  integral         :          0          0          0          0      72005          0          0       1507          0          0       4371          0          0       1945     141060
  varbound         :          1          1         30      14712          0          0          0         39          0          0        768          0          0          0          0
  and              :       1530       1530      81172     493068          3          0          0         39     171743          0    2579319       2511       2452          0          0
  linear           :          3+         6         30     493071          3          0          0         37          2          0      13963          0          0          0          0
  logicor          :          0+      4816          0     129074          0          0          0          0        363        460         45          0          0          0          0
  bounddisjunction :          0+         4          0        133          0          0          0          0          0          0          0          0          0          0          0
  benders          :          0          0          0          0          3          0          0         33          0          0          0          0          0          0          0
  countsols        :          0          0          0          0          3          0          0         33          0          0          0          0          0          0          0
  components       :          0          0          0          0          0          0          0          0          0          0          0          0          0          0          0
Constraint Timings :  TotalTime  SetupTime   Separate  Propagate     EnfoLP     EnfoPS     EnfoRelax   Check    ResProp    SB-Prop
  benderslp        :       0.05       0.00       0.00       0.00       0.05       0.00       0.00       0.00       0.00       0.00
  integral         :      52.89       0.00       0.00       0.00      52.88       0.00       0.00       0.01       0.00       0.00
  varbound         :       0.03       0.00       0.00       0.03       0.00       0.00       0.00       0.00       0.00       0.00
  and              :      66.18       0.01      40.27      25.17       0.00       0.00       0.00       0.00       0.10       0.63
  linear           :       0.65       0.00       0.00       0.65       0.00       0.00       0.00       0.00       0.00       0.00
  logicor          :       5.36       0.00       0.00       5.33       0.00       0.00       0.00       0.00       0.02       0.01
  bounddisjunction :       0.00       0.00       0.00       0.00       0.00       0.00       0.00       0.00       0.00       0.00
  benders          :       0.00       0.00       0.00       0.00       0.00       0.00       0.00       0.00       0.00       0.00
  countsols        :       0.00       0.00       0.00       0.00       0.00       0.00       0.00       0.00       0.00       0.00
  components       :       0.17       0.00       0.00       0.17       0.00       0.00       0.00       0.00       0.00       0.00
Propagators        : #Propagate   #ResProp    Cutoffs    DomReds
  dualfix          :          2          0          0          0
  genvbounds       :          0          0          0          0
  nlobbt           :          0          0          0          0
  obbt             :          0          0          0          0
  probing          :          0          0          0          0
  pseudoobj        :     338637          0          0         29
  redcost          :     169095          0          0     128330
  rootredcost      :         14          0          0          0
  symmetry         :          0          0          0          0
  vbounds          :      76707          0          0          0
Propagator Timings :  TotalTime  SetupTime   Presolve  Propagate    ResProp    SB-Prop
  dualfix          :       0.00       0.00       0.00       0.00       0.00       0.00
  genvbounds       :       0.30       0.00       0.00       0.30       0.00       0.00
  nlobbt           :       0.00       0.00       0.00       0.00       0.00       0.00
  obbt             :       0.00       0.00       0.00       0.00       0.00       0.00
  probing          :       0.23       0.00       0.23       0.00       0.00       0.00
  pseudoobj        :       0.79       0.00       0.00       0.78       0.00       0.01
  redcost          :       9.10       0.00       0.00       9.10       0.00       0.00
  rootredcost      :       0.40       0.00       0.00       0.40       0.00       0.00
  symmetry         :       0.24       0.00       0.00       0.23       0.00       0.01
  vbounds          :       0.42       0.00       0.00       0.41       0.00       0.01
Conflict Analysis  :       Time      Calls    Success    DomReds  Conflicts   Literals    Reconvs ReconvLits   Dualrays   Nonzeros   LP Iters   (pool size: [10000,10000])
  propagation      :       0.00        460        359          -        416       44.2          0        0.0          -          -          -
  infeasible LP    :       0.00          0          0          -          0        0.0          0        0.0          3       65.7          0
  bound exceed. LP :      12.38       8195       5575          -      61378       61.6          2       36.0          0        0.0      27216
  strong branching :       0.00          0          0          -          0        0.0          0        0.0          -          -          0
  pseudo solution  :       0.00          0          0          -          0        0.0          0        0.0          -          -          -
  applied globally :       0.26          -          -          0      17996       65.7          -          -          3          -          -
  applied locally  :          -          -          -          0          0        0.0          -          -          0          -          -
Separators         :   ExecTime  SetupTime      Calls  RootCalls    Cutoffs    DomReds  FoundCuts ViaPoolAdd  DirectAdd    Applied ViaPoolApp  DirectApp      Conss
  cut pool         :       3.92          -      19219         53          -          -      30632     845615          -          -          -          -          -    (maximal pool size:       2592)
  aggregation      :      62.44       0.00       4331         30          0          0        194       1763          0        466        466          0          0
  > cmir           :          -          -          -          -          -          -          -       1763          0        466        466          0          -
  > flowcover      :          -          -          -          -          -          -          -          0          0          0          0          0          -
  > knapsackcover  :          -          -          -          -          -          -          -          0          0          0          0          0          -
  cgmip            :       0.00       0.00          0          0          0          0          0          0          0          0          0          0          0
  clique           :       0.00       0.00         30         30          0          0          0          0          0          0          0          0          0
  closecuts        :       0.00       0.00          0          0          0          0          0          0          0          0          0          0          0
  convexproj       :       0.00       0.00          0          0          0          0          0          0          0          0          0          0          0
  disjunctive      :       0.00       0.00          0          0          0          0          0          0          0          0          0          0          0
  eccuts           :       0.00       0.00          0          0          0          0          0          0          0          0          0          0          0
  gauge            :       0.00       0.00          0          0          0          0          0          0          0          0          0          0          0
  gomory           :       0.00       0.00          0          0          0          0          0          0          0          0          0          0          0
  > gomorymi       :          -          -          -          -          -          -          -          0          0          0          0          0          -
  > strongcg       :          -          -          -          -          -          -          -          0          0          0          0          0          -
  impliedbounds    :       0.35       0.00       4331         30          0          0          0          0          0          0          0          0          0
  interlattice     :       0.00       0.00          0          0          0          0          0          0          0          0          0          0          0
  interminor       :       0.00       0.00          0          0          0          0          0          0          0          0          0          0          0
  intersub         :       0.09       0.00          8          8          0          0          7          0          7          7          0          7          0
  intobj           :       0.00       0.00          0          0          0          0          0          0          0          0          0          0          0
  mcf              :       0.00       0.00          1          1          0          0          0          0          0          0          0          0          0
  minor            :       0.00       0.00          0          0          0          0          0          0          0          0          0          0          0
  mixing           :       0.00       0.00       4331         30          0          0          0          0          0          0          0          0          0
  oddcycle         :       0.00       0.00          0          0          0          0          0          0          0          0          0          0          0
  rapidlearning    :       0.00       0.00          0          0          0          0          0          0          0          0          0          0          0
  rlt              :       0.00       0.00         10         10          0          0          0          0          0          0          0          0          0
  zerohalf         :      35.75       0.00       4002         20          0          0      30438     843852          0      95205      95205          0          0
Cutselectors       :   ExecTime  SetupTime      Calls  RootCalls   Selected     Forced   Filtered  RootSelec   RootForc   RootFilt 
  hybrid           :       0.71       0.00      11492         29      98130          0     750003        190          0         22
Pricers            :   ExecTime  SetupTime      Calls       Vars
  problem variables:       0.00          -          0          0
Branching Rules    :   ExecTime  SetupTime   BranchLP  BranchExt   BranchPS    Cutoffs    DomReds       Cuts      Conss   Children
  allfullstrong    :       0.00       0.00          0          0          0          0          0          0          0          0
  cloud            :       0.00       0.00          0          0          0          0          0          0          0          0
  distribution     :       0.00       0.00          0          0          0          0          0          0          0          0
  fullstrong       :       0.00       0.00          0          0          0          0          0          0          0          0
  inference        :       0.00       0.00          0          0          0          0          0          0          0          0
  leastinf         :       0.00       0.00          0          0          0          0          0          0          0          0
  lookahead        :       0.00       0.00          0          0          0          0          0          0          0          0
  mostinf          :       0.00       0.00          0          0          0          0          0          0          0          0
  multaggr         :       0.00       0.00          0          0          0          0          0          0          0          0
  nodereopt        :       0.00       0.00          0          0          0          0          0          0          0          0
  pscost           :       0.00       0.00          0          0          0          0          0          0          0          0
  random           :       0.00       0.00          0          0          0          0          0          0          0          0
  relpscost        :      52.65       0.00      72002          0          0          0       4371          0       1947     141060
  vanillafullstrong:       0.00       0.00          0          0          0          0          0          0          0          0
Primal Heuristics  :   ExecTime  SetupTime      Calls      Found       Best
  LP solutions     :       0.00          -          -          3          3
  relax solutions  :       0.00          -          -          0          0
  pseudo solutions :       0.00          -          -          0          0
  strong branching :       0.04          -          -          0          0
  actconsdiving    :       0.00       0.00          0          0          0
  adaptivediving   :      17.25       0.00        232          3          3
  alns             :       5.26       0.00         18          6          6
  bound            :       0.00       0.00          0          0          0
  clique           :       0.01       0.00          1          0          0
  coefdiving       :       0.00       0.00          0          0          0
  completesol      :       0.00       0.00          0          0          0
  conflictdiving   :      23.73       0.00        395          0          0
  crossover        :       0.70       0.00          3          1          1
  dins             :       0.00       0.00          0          0          0
  distributiondivin:      48.09       0.00        394          0          0
  dps              :       0.00       0.00          0          0          0
  dualval          :       0.00       0.00          0          0          0
  farkasdiving     :       0.00       0.00          0          0          0
  feaspump         :       0.01       0.00          0          0          0
  fixandinfer      :       0.00       0.00          0          0          0
  fracdiving       :      31.50       0.00        394          0          0
  gins             :       0.11       0.00          0          0          0
  guideddiving     :      28.83       0.00        394          0          0
  indicator        :       0.14       0.00          0          0          0
  indicatordiving  :       0.00       0.00          0          0          0
  intdiving        :       0.00       0.00          0          0          0
  intshifting      :       0.17       0.00         36          0          0
  linesearchdiving :      28.61       0.00        394          0          0
  localbranching   :       0.00       0.00          0          0          0
  locks            :       0.01       0.00          1          0          0
  lpface           :       0.11       0.00          0          0          0
  mpec             :     218.17       0.00         11          0          0
  multistart       :       0.00       0.00          0          0          0
  mutation         :       0.00       0.00          0          0          0
  nlpdiving        :      13.50       0.00          9          0          0
  objpscostdiving  :      52.60       0.00         91          7          1
  octane           :       0.00       0.00          0          0          0
  ofins            :       0.08       0.00          0          0          0
  oneopt           :       0.08       0.00         24          0          0
  padm             :       0.00       0.00          0          0          0
  proximity        :       0.00       0.00          0          0          0
  pscostdiving     :      33.44       0.00        394          1          1
  randrounding     :       0.31       0.00       1470          0          0
  rens             :       0.00       0.00          0          0          0
  reoptsols        :       0.00       0.00          0          0          0
  repair           :       0.00       0.00          0          0          0
  rins             :       2.14       0.00          7          0          0
  rootsoldiving    :      30.63       0.00         41          0          0
  rounding         :       1.05       0.00       3930          0          0
  shiftandpropagate:       0.00       0.00          0          0          0
  shifting         :      50.39       0.00      13040          9          9
  simplerounding   :       0.10       0.00          0          0          0
  subnlp           :     116.23       0.00          0          0          0
  trivial          :       0.00       0.00          2          2          2
  trivialnegation  :       0.00       0.00          0          0          0
  trustregion      :       0.00       0.00          0          0          0
  trysol           :       0.12       0.00          0          0          0
  twoopt           :       0.00       0.00          0          0          0
  undercover       :       1.76       0.00          1          1          1
  vbounds          :       0.00       0.00          0          0          0
  veclendiving     :      29.25       0.00        395          0          0
  zeroobj          :       0.00       0.00          0          0          0
  zirounding       :       0.24       0.00       1000          0          0
  other solutions  :          -          -          -          0          -
Diving (single)    :      Calls      Nodes   LP Iters Backtracks  Conflicts   MinDepth   MaxDepth   AvgDepth  RoundSols  NLeafSols  MinSolDpt  MaxSolDpt  AvgSolDpt
  actconsdiving    :          0          -          -          -          -          -          -          -          -          -          -          -          -
  coefdiving       :          0          -          -          -          -          -          -          -          -          -          -          -          -
  conflictdiving   :        395      12130     276625        427       8894         33         65       48.4          0          -          -          -          -
  distributiondivin:        394       9344     397252        449       4848         32         57       40.2          0          -          -          -          -
  farkasdiving     :          0          -          -          -          -          -          -          -          -          -          -          -          -
  fracdiving       :        394      30012     342999        399       4053         44        379       92.8          0          -          -          -          -
  guideddiving     :        394      29445     314619        289       3669         41        432       92.1          0          -          -          -          -
  indicatordiving  :          0          -          -          -          -          -          -          -          -          -          -          -          -
  linesearchdiving :        394      10143     336218        452      10007         31         73       42.7          0          -          -          -          -
  pscostdiving     :        394      12148     383474        403       5817         35         60       47.7          0          1         60         60       60.0
  veclendiving     :        395      11000     351688        442      12737         37         64       44.7          0          -          -          -          -
Diving (adaptive)  :      Calls      Nodes   LP Iters Backtracks  Conflicts   MinDepth   MaxDepth   AvgDepth  RoundSols  NLeafSols  MinSolDpt  MaxSolDpt  AvgSolDpt
  actconsdiving    :         44       1106      37391         40        439         37         54       42.6          0          2         47         48       47.5
  coefdiving       :         51       1273      35404         52       1269         34         60       42.7          0          -          -          -          -
  conflictdiving   :          0          -          -          -          -          -          -          -          -          -          -          -          -
  distributiondivin:          0          -          -          -          -          -          -          -          -          -          -          -          -
  farkasdiving     :          0          -          -          -          -          -          -          -          -          -          -          -          -
  fracdiving       :         20       1848      15894         20        182         51        265      110.3          0          -          -          -          -
  guideddiving     :         21       1491      17169         12        195         38        148       87.2          0          -          -          -          -
  indicatordiving  :          0          -          -          -          -          -          -          -          -          -          -          -          -
  linesearchdiving :         29        847      23997         37        702         33         62       45.4          0          -          -          -          -
  pscostdiving     :         24        712      21934         23        396         38         54       47.2          0          1         54         54       54.0
  veclendiving     :         43       1278      40646         52       1321         38         59       46.3          0          -          -          -          -
Neighborhoods      :      Calls  SetupTime  SolveTime SolveNodes       Sols       Best       Exp3  EpsGreedy        UCB TgtFixRate  Opt  Inf Node Stal  Sol  Usr Othr Actv
  rens             :          2       0.08       0.01          0          0          0    0.00000   -1.00000    0.54853      0.550    0    2    0    0    0    0    0    1
  rins             :          4       0.14       1.48       1782          3          3    0.00000   -1.00000    0.54847      0.634    1    1    0    2    0    0    0    1
  mutation         :          3       0.14       1.61       1096          2          2    0.00000   -1.00000    0.50591      0.662    1    1    0    1    0    0    0    1
  localbranching   :          1       0.01       0.00          0          0          0    0.00000   -1.00000    0.56864      0.700    0    1    0    0    0    0    0    1
  crossover        :          2       0.09       0.04         19          0          0    0.00000   -1.00000    0.52597      0.550    0    2    0    0    0    0    0    1
  proximity        :          1       0.04       0.01          1          0          0    0.00000   -1.00000    0.56764      0.700    0    1    0    0    0    0    0    1
  zeroobjective    :          3       0.16       1.22        468          1          1    0.00000   -1.00000    0.50198      0.662    1    1    0    1    0    0    0    1
  dins             :          2       0.07       0.05         25          0          0    0.00000   -1.00000    0.51103      0.550    0    2    0    0    0    0    0    1
  trustregion      :          0       0.00       0.00          0          0          0    0.00000   -1.00000    1.00000      0.900    0    0    0    0    0    0    0    0
Expressions        :   #IntEval  IntEvalTi   #RevProp  RevPropTi    DomReds    Cutoffs  #Estimate  EstimTime  Branching  #Simplify SimplifyTi Simplified
  pow              :          0       0.00          0       0.00          0          0          0       0.00          0          0       0.00          0
  prod             :       6320       0.01          0       0.00          0          0          0       0.00          0       4690       0.01          0
  sum              :          8       0.00          2       0.00          0          0          0       0.00          0          3       0.01          2
  var              :       5485       0.01          0       0.00          0          0          0       0.00          0      11154       0.01          0
  varidx           :          0       0.00          0       0.00          0          0          0       0.00          0          0       0.00          0
LP                 :       Time      Calls Iterations  Iter/call   Iter/sec  Time-0-It Calls-0-It    ItLimit
  primal LP        :      95.51       9278          0       0.00       0.00      95.45       9278
  dual LP          :    2413.88     147668   13034884      97.23    5399.97       5.95      13599
  lex dual LP      :       0.00          0          0       0.00          -
  barrier LP       :       0.00          0          0       0.00          -       0.00          0
  resolve instable :       0.00          0          0       0.00          -
  diving/probing LP:     276.78      14040    3156158     224.80   11403.13
  strong branching :      24.90       3025     248832      82.26    9993.25          -          -         43
    (at root node) :          -         19       3177     167.21          -
  conflict analysis:       4.09       2771      27216       9.82    6654.28
NLP relaxation     :
  solve time       :      13.50 (9 calls)
  convexity        :  nonconvex (4 linear rows, 0 convex ineq., 0 nonconvex ineq., 1530 nonlinear eq. or two-sided ineq.)
NLP Solvers        :  #Problems  ProblemTi    #Solves  SolveTime      #Iter  Time/Iter      #Okay #TimeLimit #IterLimit #LObjLimit #Interrupt  #NumError #EvalError  #OutOfMem #LicenseEr #OtherTerm   #GlobOpt    #LocOpt  #Feasible #LocInfeas #GlobInfea #Unbounded   #Unknown
  ipopt            :         12       4.87         38     233.56       2071       0.11         37          0          1          0          0          0          0          0          0          0          0          0          0         29          0          0          9
B&B Tree           :
  number of runs   :          1
  nodes            :     121117 (70530 internal, 50587 leaves)
  feasible leaves  :          3
  infeas. leaves   :         12
  objective leaves :      50572
  nodes (total)    :     121117 (70530 internal, 50587 leaves)
  nodes left       :      19893
  max depth        :         56
  max depth (total):         56
  backtracks       :      25419 (21.0%)
  early backtracks :          0 (0.0%)
  nodes exc. ref.  :          0 (0.0%)
  delayed cutoffs  :          0
  repropagations   :       1820 (43 domain reductions, 0 cutoffs)
  avg switch length:       4.17
  switching time   :     117.44
Estim. Tree Size   :     242334
Estimation Tree    : 141061 nodes (121167 visited, 70530 internal, 50637 leaves, 19894 open), weight: 0.0000 completed 0.1780
Estimations        :      estim      value      trend resolution     smooth
  wbe              : 10095504490          -          -          -          -
  tree-profile     :         -1          -          -          -          -
  gap              :    1921489    0.77853    0.00002         64    1830171
  tree-weight      :     242334    0.00001    0.00000         64     242164
  leaf-frequency   :     732929    0.41791    0.00002         64    1067940
  ssg              :    6045626    0.71886   -0.00002         64    5944335
  open-nodes       :     242334 19894.00000    8.64978         64     242164
Root Node          :
  First LP value   : -1.00000000000000e+00
  First LP Iters   :       1031 (12887.50 Iter/sec)
  First LP Time    :       0.08
  Final Dual Bound : -9.35891429153949e-01
  Final Root Iters :       2085
  Root LP Estimate : -4.73362858970448e-01
Solution           :
  Solutions found  :         33 (27 improvements)
  First Solution   : +1.00000000000000e+05   (in run 1, after 0 nodes, 0.06 seconds, depth 0, found by <trivial>)
  Gap First Sol.   :   infinite
  Gap Last Sol.    :      29.59 %
  Primal Bound     : -5.82911392405062e-01   (in run 1, after 96402 nodes, 3063.17 seconds, depth 20, found by <alns>)
  Dual Bound       : -7.48734177215191e-01
  Gap              :      28.45 %
Integrals          :      Total       Avg%
  primal-dual      :   96790.94      26.89
  primal-ref       :          -          - (not evaluated)
  dual-ref         :          -          - (not evaluated)
