SCIP Status        : solving was interrupted [time limit reached]
Total Time         :    3600.00
  solving          :    3600.00
  presolving       :       0.49 (included in solving)
  reading          :       0.00
  copying          :       3.46 (48 #copies) (minimal 0.00, maximal 0.21, average 0.07)
Original Problem   :
  Problem name     : bbbenchmark/pw05_100.8.cut
  Variables        : 101 (100 binary, 0 integer, 0 implicit integer, 1 continuous)
  Constraints      : 1 initial, 1 maximal
  Objective        : minimize, 1 non-zeros (abs.min = 1, abs.max = 1)
Presolved Problem  :
  Problem name     : t_bbbenchmark/pw05_100.8.cut
  Variables        : 1858 (100 binary, 0 integer, 1743 implicit integer, 15 continuous)
  Constraints      : 1786 initial, 11793 maximal
  Objective        : minimize, 1 non-zeros (abs.min = 1, abs.max = 1)
  Nonzeros         : 8621 constraint, 202 clique table
Presolvers         :   ExecTime  SetupTime  Calls  FixedVars   AggrVars   ChgTypes  ChgBounds   AddHoles    DelCons    AddCons   ChgSides   ChgCoefs
  boundshift       :       0.00       0.00      0          0          0          0          0          0          0          0          0          0
  convertinttobin  :       0.00       0.00      0          0          0          0          0          0          0          0          0          0
  domcol           :       0.00       0.00      1          0          0          0          0          0          0          0          0          0
  dualagg          :       0.00       0.00      0          0          0          0          0          0          0          0          0          0
  dualcomp         :       0.00       0.00      1          0          0          0          0          0          0          0          0          0
  dualinfer        :       0.00       0.00      0          0          0          0          0          0          0          0          0          0
  dualsparsify     :       0.00       0.00      1          0          0          0          0          0          0          0          0          0
  gateextraction   :       0.00       0.00      0          0          0          0          0          0          0          0          0          0
  implics          :       0.00       0.00      2          0          0          0          0          0          0          0          0          0
  inttobinary      :       0.01       0.00      0          0          0          0          0          0          0          0          0          0
  qpkktref         :       0.00       0.00      0          0          0          0          0          0          0          0          0          0
  redvub           :       0.00       0.00      0          0          0          0          0          0          0          0          0          0
  sparsify         :       0.00       0.00      1          0          0          0          0          0          0          0          0          0
  stuffing         :       0.00       0.00      0          0          0          0          0          0          0          0          0          0
  trivial          :       0.00       0.00      4          0          0          0          0          0          0          0          0          0
  tworowbnd        :       0.00       0.00      0          0          0          0          0          0          0          0          0          0
  dualfix          :       0.00       0.00      4          0          0          0          0          0          0          0          0          0
  genvbounds       :       0.00       0.00      0          0          0          0          0          0          0          0          0          0
  probing          :       0.32       0.00      1          0          0          0          0          0          0          0          0          0
  pseudoobj        :       0.00       0.00      1          0          0          0          1          0          0          0          0          0
  symmetry         :       0.00       0.00      0          0          0          0          0          0          0          0          0          0
  vbounds          :       0.00       0.00      1          0          0          0          0          0          0          0          0          0
  varbound         :       0.00       0.00      2          0          0          0          0          0          0          0          0          0
  and              :       0.00       0.01      2          0          0          0          0          0          0          0          0          0
  linear           :       0.00       0.00      2          0          0          0          0          0          0          0          0          0
  logicor          :       0.00       0.00      0          0          0          0          0          0          0          0          0          0
  bounddisjunction :       0.00       0.00      0          0          0          0          0          0          0          0          0          0
  nonlinear        :       0.14       0.01      5          0          0          0          1          0          0       1785          0          0
  benders          :       0.00       0.00      0          0          0          0          0          0          0          0          0          0
  components       :       0.00       0.00      1          0          0          0          0          0          0          0          0          0
  root node        :          -          -      -          0          -          -         13          -          -          -          -          -
Constraints        :     Number  MaxNumber  #Separate #Propagate    #EnfoLP    #EnfoRelax  #EnfoPS    #Check   #ResProp    Cutoffs    DomReds       Cuts    Applied      Conss   Children
  benderslp        :          0          0          0          0      57899          0          0       7714          0          0          0          0          0          0          0
  integral         :          0          0          0          0      57899          0          0       7714          0          0        755          0          0        225     115102
  varbound         :         14         14         26     536576          0          0          0         28          0          0      32999          0          0          0          0
  and              :       1743       1743      74555     580726          0          0          0         28     530831          1     812359       7582       7108          0          0
  linear           :         29+        46         26     580756          0          0          0         26        548         13     153852          0          0          0          0
  logicor          :          0+      9807          0      87434          0          0          0          0         38        331         41          0          0          0          0
  bounddisjunction :          0+       321          0      31609          0          0          0          0          1          5          0          0          0          0          0
  benders          :          0          0          0          0          0          0          0         18          0          0          0          0          0          0          0
  countsols        :          0          0          0          0          0          0          0         18          0          0          0          0          0          0          0
  components       :          0          0          0          0          0          0          0          0          0          0          0          0          0          0          0
Constraint Timings :  TotalTime  SetupTime   Separate  Propagate     EnfoLP     EnfoPS     EnfoRelax   Check    ResProp    SB-Prop
  benderslp        :       0.07       0.00       0.00       0.00       0.07       0.00       0.00       0.00       0.00       0.00
  integral         :      45.55       0.00       0.00       0.00      45.55       0.00       0.00       0.00       0.00       0.00
  varbound         :       0.68       0.00       0.00       0.66       0.00       0.00       0.00       0.00       0.00       0.02
  and              :      74.69       0.01      47.16      26.75       0.00       0.00       0.00       0.00       0.40       0.37
  linear           :       2.81       0.00       0.01       2.72       0.00       0.00       0.00       0.00       0.01       0.07
  logicor          :      10.42       0.00       0.00      10.40       0.00       0.00       0.00       0.00       0.00       0.02
  bounddisjunction :       0.42       0.00       0.00       0.42       0.00       0.00       0.00       0.00       0.00       0.00
  benders          :       0.00       0.00       0.00       0.00       0.00       0.00       0.00       0.00       0.00       0.00
  countsols        :       0.00       0.00       0.00       0.00       0.00       0.00       0.00       0.00       0.00       0.00
  components       :       0.15       0.00       0.00       0.15       0.00       0.00       0.00       0.00       0.00       0.00
Propagators        : #Propagate   #ResProp    Cutoffs    DomReds
  dualfix          :          4          0          0          0
  genvbounds       :          0          0          0          0
  nlobbt           :          0          0          0          0
  obbt             :          0          0          0          0
  probing          :          0          0          0          0
  pseudoobj        :     256985          0          0         14
  redcost          :     143935          0          0      72091
  rootredcost      :          7          0          0          0
  symmetry         :          0          0          0          0
  vbounds          :      77124          0          0          0
Propagator Timings :  TotalTime  SetupTime   Presolve  Propagate    ResProp    SB-Prop
  dualfix          :       0.00       0.00       0.00       0.00       0.00       0.00
  genvbounds       :       0.37       0.00       0.00       0.37       0.00       0.00
  nlobbt           :       0.00       0.00       0.00       0.00       0.00       0.00
  obbt             :       0.00       0.00       0.00       0.00       0.00       0.00
  probing          :       0.32       0.00       0.32       0.00       0.00       0.00
  pseudoobj        :       0.70       0.00       0.00       0.69       0.00       0.01
  redcost          :       9.36       0.00       0.00       9.36       0.00       0.00
  rootredcost      :       0.42       0.00       0.00       0.42       0.00       0.00
  symmetry         :       0.28       0.00       0.00       0.28       0.00       0.00
  vbounds          :       0.37       0.00       0.00       0.36       0.00       0.01
Conflict Analysis  :       Time      Calls    Success    DomReds  Conflicts   Literals    Reconvs ReconvLits   Dualrays   Nonzeros   LP Iters   (pool size: [10000,10000])
  propagation      :       0.02        338        272          -        392       69.7          0        0.0          -          -          -
  infeasible LP    :       0.06         35         35          -       1281      130.9          0        0.0        102      133.5          0
  bound exceed. LP :      25.77       5432       5140          -     146842      110.9          0        0.0          0        0.0      61552
  strong branching :       0.00          0          0          -          0        0.0          0        0.0          -          -          0
  pseudo solution  :       0.00          0          0          -          0        0.0          0        0.0          -          -          -
  applied globally :       0.74          -          -          0      32259      127.2          -          -        102          -          -
  applied locally  :          -          -          -          0          0        0.0          -          -          0          -          -
Separators         :   ExecTime  SetupTime      Calls  RootCalls    Cutoffs    DomReds  FoundCuts ViaPoolAdd  DirectAdd    Applied ViaPoolApp  DirectApp      Conss
  cut pool         :       6.39          -      24125         49          -          -      43283    2235025          -          -          -          -          -    (maximal pool size:       3766)
  aggregation      :     125.77       0.00       7907         26          0          0        544       3120          0        291        291          0          0
  > cmir           :          -          -          -          -          -          -          -       3120          0        291        291          0          -
  > flowcover      :          -          -          -          -          -          -          -          0          0          0          0          0          -
  > knapsackcover  :          -          -          -          -          -          -          -          0          0          0          0          0          -
  cgmip            :       0.00       0.00          0          0          0          0          0          0          0          0          0          0          0
  clique           :       0.00       0.00         26         26          0          0          0          0          0          0          0          0          0
  closecuts        :       0.00       0.00          0          0          0          0          0          0          0          0          0          0          0
  convexproj       :       0.00       0.00          0          0          0          0          0          0          0          0          0          0          0
  disjunctive      :       0.00       0.00          0          0          0          0          0          0          0          0          0          0          0
  eccuts           :       0.00       0.00          0          0          0          0          0          0          0          0          0          0          0
  gauge            :       0.00       0.00          0          0          0          0          0          0          0          0          0          0          0
  gomory           :       0.00       0.00          0          0          0          0          0          0          0          0          0          0          0
  > gomorymi       :          -          -          -          -          -          -          -          0          0          0          0          0          -
  > strongcg       :          -          -          -          -          -          -          -          0          0          0          0          0          -
  impliedbounds    :       0.57       0.00       7907         26          0          0         28          4          0          4          4          0          0
  interlattice     :       0.00       0.00          0          0          0          0          0          0          0          0          0          0          0
  interminor       :       0.00       0.00          0          0          0          0          0          0          0          0          0          0          0
  intersub         :       0.16       0.00          6          6          0          0          4          0          4          4          0          4          0
  intobj           :       0.00       0.00          0          0          0          0          0          0          0          0          0          0          0
  mcf              :       0.01       0.00          1          1          0          0          0          0          0          0          0          0          0
  minor            :       0.03       0.00          0          0          0          0          0          0          0          0          0          0          0
  mixing           :       0.01       0.00       7907         26          0          0          0          0          0          0          0          0          0
  oddcycle         :       0.00       0.00          0          0          0          0          0          0          0          0          0          0          0
  rapidlearning    :       0.00       0.00          0          0          0          0          0          0          0          0          0          0          0
  rlt              :       0.00       0.00         10         10          0          0          0          0          0          0          0          0          0
  zerohalf         :      63.74       0.00       6951         20          0          0      42711    2231901          0     166858     166858          0          0
Cutselectors       :   ExecTime  SetupTime      Calls  RootCalls   Selected     Forced   Filtered  RootSelec   RootForc   RootFilt 
  hybrid           :       1.72       0.00      18120         24     174265          0    2068346        196          0          0
Pricers            :   ExecTime  SetupTime      Calls       Vars
  problem variables:       0.00          -          0          0
Branching Rules    :   ExecTime  SetupTime   BranchLP  BranchExt   BranchPS    Cutoffs    DomReds       Cuts      Conss   Children
  allfullstrong    :       0.00       0.00          0          0          0          0          0          0          0          0
  cloud            :       0.00       0.00          0          0          0          0          0          0          0          0
  distribution     :       0.00       0.00          0          0          0          0          0          0          0          0
  fullstrong       :       0.00       0.00          0          0          0          0          0          0          0          0
  inference        :       0.00       0.00          0          0          0          0          0          0          0          0
  leastinf         :       0.00       0.00          0          0          0          0          0          0          0          0
  lookahead        :       0.00       0.00          0          0          0          0          0          0          0          0
  mostinf          :       0.00       0.00          0          0          0          0          0          0          0          0
  multaggr         :       0.00       0.00          0          0          0          0          0          0          0          0
  nodereopt        :       0.00       0.00          0          0          0          0          0          0          0          0
  pscost           :       0.00       0.00          0          0          0          0          0          0          0          0
  random           :       0.00       0.00          0          0          0          0          0          0          0          0
  relpscost        :      45.40       0.00      57899          0          0          0        755          0        392     115102
  vanillafullstrong:       0.00       0.00          0          0          0          0          0          0          0          0
Primal Heuristics  :   ExecTime  SetupTime      Calls      Found       Best
  LP solutions     :       0.00          -          -          0          0
  relax solutions  :       0.00          -          -          0          0
  pseudo solutions :       0.00          -          -          0          0
  strong branching :       0.03          -          -          0          0
  actconsdiving    :       0.00       0.00          0          0          0
  adaptivediving   :       3.77       0.00         30          0          0
  alns             :       3.30       0.00         20          5          5
  bound            :       0.00       0.00          0          0          0
  clique           :       0.01       0.00          1          0          0
  coefdiving       :       0.00       0.00          0          0          0
  completesol      :       0.00       0.00          0          0          0
  conflictdiving   :      99.01       0.00        796          0          0
  crossover        :       0.00       0.00          0          0          0
  dins             :       0.00       0.00          0          0          0
  distributiondivin:      75.39       0.00        330          0          0
  dps              :       0.00       0.00          0          0          0
  dualval          :       0.00       0.00          0          0          0
  farkasdiving     :       0.01       0.00          0          0          0
  feaspump         :       0.19       0.00          1          1          1
  fixandinfer      :       0.00       0.00          0          0          0
  fracdiving       :      68.70       0.00        414          0          0
  gins             :       0.08       0.00          0          0          0
  guideddiving     :      64.62       0.00        443          0          0
  indicator        :       0.08       0.00          0          0          0
  indicatordiving  :       0.00       0.00          0          0          0
  intdiving        :       0.00       0.00          0          0          0
  intshifting      :       0.62       0.00         72          0          0
  linesearchdiving :      58.41       0.00        430          0          0
  localbranching   :       0.00       0.00          0          0          0
  locks            :       0.01       0.00          1          0          0
  lpface           :       0.02       0.00          0          0          0
  mpec             :     289.13       0.00         11          1          1
  multistart       :       0.00       0.00          0          0          0
  mutation         :       0.00       0.00          0          0          0
  nlpdiving        :       5.90       0.00         10          0          0
  objpscostdiving  :      58.36       0.00         52          1          1
  octane           :       0.00       0.00          0          0          0
  ofins            :       0.09       0.00          0          0          0
  oneopt           :       0.15       0.00         10          0          0
  padm             :       0.00       0.00          0          0          0
  proximity        :       0.00       0.00          0          0          0
  pscostdiving     :      63.04       0.00        352          1          1
  randrounding     :       0.48       0.00       7692          0          0
  rens             :       0.00       0.00          0          0          0
  reoptsols        :       0.00       0.00          0          0          0
  repair           :       0.00       0.00          0          0          0
  rins             :       7.47       0.00         27          2          2
  rootsoldiving    :      32.25       0.00         23          0          0
  rounding         :       1.14       0.00       3728          0          0
  shiftandpropagate:       0.00       0.00          0          0          0
  shifting         :      18.89       0.00       5469          1          1
  simplerounding   :       0.03       0.00          0          0          0
  subnlp           :     103.68       0.00          0          0          0
  trivial          :       0.02       0.00          2          2          2
  trivialnegation  :       0.00       0.00          0          0          0
  trustregion      :       0.00       0.00          0          0          0
  trysol           :       0.10       0.00          0          0          0
  twoopt           :       0.00       0.00          0          0          0
  undercover       :       1.61       0.00          1          1          1
  vbounds          :       0.00       0.00          0          0          0
  veclendiving     :      56.32       0.00        443          0          0
  zeroobj          :       0.00       0.00          0          0          0
  zirounding       :       0.38       0.00       1000          0          0
  other solutions  :          -          -          -          0          -
Diving (single)    :      Calls      Nodes   LP Iters Backtracks  Conflicts   MinDepth   MaxDepth   AvgDepth  RoundSols  NLeafSols  MinSolDpt  MaxSolDpt  AvgSolDpt
  actconsdiving    :          0          -          -          -          -          -          -          -          -          -          -          -          -
  coefdiving       :          0          -          -          -          -          -          -          -          -          -          -          -          -
  conflictdiving   :        796      33169     797909        827      53547         50         81       62.3          0          -          -          -          -
  distributiondivin:        330      12323     515591        374      11220         48         69       56.0          0          -          -          -          -
  farkasdiving     :          0          -          -          -          -          -          -          -          -          -          -          -          -
  fracdiving       :        414      69402     511278        149       1732         52        716      187.5          0          -          -          -          -
  guideddiving     :        443      63378     501595         75       3829         52        466      163.6          0          -          -          -          -
  indicatordiving  :          0          -          -          -          -          -          -          -          -          -          -          -          -
  linesearchdiving :        430      18427     511295        453      26287         48         88       62.1          0          -          -          -          -
  pscostdiving     :        352      15986     528722        367      14664         50         76       63.9          0          1         76         76       76.0
  veclendiving     :        443      18632     468956        424      32182         53         81       61.9          0          -          -          -          -
Diving (adaptive)  :      Calls      Nodes   LP Iters Backtracks  Conflicts   MinDepth   MaxDepth   AvgDepth  RoundSols  NLeafSols  MinSolDpt  MaxSolDpt  AvgSolDpt
  actconsdiving    :          5        178       5845          5         97         53         59       56.2          0          -          -          -          -
  coefdiving       :          8        361       9125          7        545         56         78       62.2          0          -          -          -          -
  conflictdiving   :          0          -          -          -          -          -          -          -          -          -          -          -          -
  distributiondivin:          0          -          -          -          -          -          -          -          -          -          -          -          -
  farkasdiving     :          0          -          -          -          -          -          -          -          -          -          -          -          -
  fracdiving       :          2        139       1155          1          6         73        130      101.5          0          -          -          -          -
  guideddiving     :          3        383       3124          0          0        129        154      145.0          0          -          -          -          -
  indicatordiving  :          0          -          -          -          -          -          -          -          -          -          -          -          -
  linesearchdiving :          4        168       4951          4        257         51         70       58.8          0          -          -          -          -
  pscostdiving     :          4        185       5803          4        139         58         69       63.2          0          -          -          -          -
  veclendiving     :          4        169       4906          4        300         57         59       58.0          0          -          -          -          -
Neighborhoods      :      Calls  SetupTime  SolveTime SolveNodes       Sols       Best       Exp3  EpsGreedy        UCB TgtFixRate  Opt  Inf Node Stal  Sol  Usr Othr Actv
  rens             :          4       0.39       0.60         61          0          0    0.00000   -1.00000    0.46276      0.522    0    3    0    1    0    0    0    1
  rins             :          1       0.02       0.01         51          0          0    0.00000   -1.00000    0.51879      0.700    0    1    0    0    0    0    0    1
  mutation         :          2       0.04       0.17        425          2          2    0.00000   -1.00000    0.50034      0.850    1    0    0    1    0    0    0    1
  localbranching   :          5       0.62       0.17        335          3          3    0.00000   -1.00000    0.50108      0.879    0    1    0    3    1    0    0    1
  crossover        :          4       0.43       0.24         78          0          0    0.00000   -1.00000    0.45808      0.522    0    3    0    1    0    0    0    1
  proximity        :          1       0.02       0.02         49          0          0    0.00000   -1.00000    0.52079      0.700    0    1    0    0    0    0    0    1
  zeroobjective    :          2       0.31       0.07        111          0          0    0.00000   -1.00000    0.44931      0.850    0    1    0    1    0    0    0    1
  dins             :          1       0.02       0.02         53          0          0    0.00000   -1.00000    0.51679      0.700    0    1    0    0    0    0    0    1
  trustregion      :          0       0.00       0.00          0          0          0    0.00000   -1.00000    1.00000      0.900    0    0    0    0    0    0    0    0
Expressions        :   #IntEval  IntEvalTi   #RevProp  RevPropTi    DomReds    Cutoffs  #Estimate  EstimTime  Branching  #Simplify SimplifyTi Simplified
  pow              :          0       0.00          0       0.00          0          0          0       0.00          0          0       0.00          0
  prod             :       9900       0.00          0       0.00          0          0          0       0.00          0       6693       0.00          0
  sum              :          8       0.01          2       0.00          0          0          0       0.00          0          3       0.05          2
  var              :       6383       0.00          0       0.00          0          0          0       0.00          0      15446       0.00          0
  varidx           :          0       0.00          0       0.00          0          0          0       0.00          0          0       0.00          0
LP                 :       Time      Calls Iterations  Iter/call   Iter/sec  Time-0-It Calls-0-It    ItLimit
  primal LP        :     114.25      10121          0       0.00       0.00     114.19      10121
  dual LP          :    2023.33     119852    9967262      90.78    4926.17       4.64      10053
  lex dual LP      :       0.00          0          0       0.00          -
  barrier LP       :       0.00          0          0       0.00          -       0.00          0
  resolve instable :       0.00          0          0       0.00          -
  diving/probing LP:     487.89      15098    4375563     289.81    8968.34
  strong branching :      24.63       1661     197326     118.80    8011.61          -          -        243
    (at root node) :          -         23       3884     168.87          -
  conflict analysis:      10.36       6194      61552       9.94    5941.31
NLP relaxation     :
  solve time       :       5.89 (10 calls)
  convexity        :  nonconvex (43 linear rows, 0 convex ineq., 0 nonconvex ineq., 1743 nonlinear eq. or two-sided ineq.)
NLP Solvers        :  #Problems  ProblemTi    #Solves  SolveTime      #Iter  Time/Iter      #Okay #TimeLimit #IterLimit #LObjLimit #Interrupt  #NumError #EvalError  #OutOfMem #LicenseEr #OtherTerm   #GlobOpt    #LocOpt  #Feasible #LocInfeas #GlobInfea #Unbounded   #Unknown
  ipopt            :         12       5.36         36     297.61       1434       0.21         36          0          0          0          0          0          0          0          0          0          0         13          0         13          0          0         10
B&B Tree           :
  number of runs   :          1
  nodes            :      91375 (57551 internal, 33824 leaves)
  feasible leaves  :          0
  infeas. leaves   :          6
  objective leaves :      33817
  nodes (total)    :      91375 (57551 internal, 33824 leaves)
  nodes left       :      23664
  max depth        :         55
  max depth (total):         55
  backtracks       :      20968 (22.9%)
  early backtracks :          0 (0.0%)
  nodes exc. ref.  :          0 (0.0%)
  delayed cutoffs  :          4
  repropagations   :         31 (59 domain reductions, 0 cutoffs)
  avg switch length:       5.69
  switching time   :     137.93
Estim. Tree Size   :     182878
Estimation Tree    : 115103 nodes (91439 visited, 57551 internal, 33888 leaves, 23664 open), weight: 0.0000 completed 0.1001
Estimations        :      estim      value      trend resolution     smooth
  wbe              : 67814783556955          -          -          -          -
  tree-profile     :         -1          -          -          -          -
  gap              :    1895731    0.68789    0.00002         64    2018858
  tree-weight      :     182878    0.00000    0.00000         64     182626
  leaf-frequency   :     651178    0.37060    0.00003         64     630724
  ssg              :    6179584    0.84190   -0.00002         64    6337840
  open-nodes       :     182878 23664.00000   16.08708         64     182626
Root Node          :
  First LP value   : -5.55030303030304e+00
  First LP Iters   :       1682 (9344.44 Iter/sec)
  First LP Time    :       0.18
  Final Dual Bound : -5.33114300409102e+00
  Final Root Iters :       2445
  Root LP Estimate : -2.15319819975138e+00
Solution           :
  Solutions found  :         15 (15 improvements)
  First Solution   : +1.00000000000000e+05   (in run 1, after 0 nodes, 0.01 seconds, depth 0, found by <trivial>)
  Gap First Sol.   :   infinite
  Gap Last Sol.    :      46.37 %
  Primal Bound     : -3.19757575757575e+00   (in run 1, after 70563 nodes, 2345.76 seconds, depth 50, found by <rins>)
  Dual Bound       : -4.64840705232912e+00
  Gap              :      45.37 %
Integrals          :      Total       Avg%
  primal-dual      :  120607.18      33.50
  primal-ref       :          -          - (not evaluated)
  dual-ref         :          -          - (not evaluated)
