SCIP Status        : solving was interrupted [time limit reached]
Total Time         :    3600.00
  solving          :    3600.00
  presolving       :       0.43 (included in solving)
  reading          :       0.00
  copying          :       1.33 (48 #copies) (minimal 0.00, maximal 0.09, average 0.03)
Original Problem   :
  Problem name     : bbbenchmark/pw09_100.3.cut
  Variables        : 101 (100 binary, 0 integer, 0 implicit integer, 1 continuous)
  Constraints      : 1 initial, 1 maximal
  Objective        : minimize, 1 non-zeros (abs.min = 1, abs.max = 1)
Presolved Problem  :
  Problem name     : t_bbbenchmark/pw09_100.3.cut
  Variables        : 1315 (100 binary, 0 integer, 1166 implicit integer, 49 continuous)
  Constraints      : 1311 initial, 8183 maximal
  Objective        : minimize, 1 non-zeros (abs.min = 1, abs.max = 1)
  Nonzeros         : 11631 constraint, 202 clique table
Presolvers         :   ExecTime  SetupTime  Calls  FixedVars   AggrVars   ChgTypes  ChgBounds   AddHoles    DelCons    AddCons   ChgSides   ChgCoefs
  boundshift       :       0.00       0.00      0          0          0          0          0          0          0          0          0          0
  convertinttobin  :       0.00       0.00      0          0          0          0          0          0          0          0          0          0
  domcol           :       0.00       0.00      1          0          0          0          0          0          0          0          0          0
  dualagg          :       0.00       0.00      0          0          0          0          0          0          0          0          0          0
  dualcomp         :       0.00       0.00      1          0          0          0          0          0          0          0          0          0
  dualinfer        :       0.00       0.00      0          0          0          0          0          0          0          0          0          0
  dualsparsify     :       0.00       0.00      1          0          0          0          0          0          0          0          0          0
  gateextraction   :       0.00       0.00      0          0          0          0          0          0          0          0          0          0
  implics          :       0.00       0.00      2          0          0          0          0          0          0          0          0          0
  inttobinary      :       0.00       0.00      0          0          0          0          0          0          0          0          0          0
  qpkktref         :       0.00       0.00      0          0          0          0          0          0          0          0          0          0
  redvub           :       0.00       0.00      0          0          0          0          0          0          0          0          0          0
  sparsify         :       0.00       0.00      1          0          0          0          0          0          0          0          0          0
  stuffing         :       0.00       0.00      0          0          0          0          0          0          0          0          0          0
  trivial          :       0.00       0.00      4          0          0          0          0          0          0          0          0          0
  tworowbnd        :       0.00       0.00      0          0          0          0          0          0          0          0          0          0
  dualfix          :       0.00       0.00      4          0          0          0          0          0          0          0          0          0
  genvbounds       :       0.00       0.00      0          0          0          0          0          0          0          0          0          0
  probing          :       0.21       0.00      1          0          0          0          0          0          0          0          0          0
  pseudoobj        :       0.00       0.00      1          0          0          0          1          0          0          0          0          0
  symmetry         :       0.00       0.00      0          0          0          0          0          0          0          0          0          0
  vbounds          :       0.00       0.00      1          0          0          0          0          0          0          0          0          0
  varbound         :       0.00       0.00      2          0          0          0          0          0          0          0          0          0
  and              :       0.02       0.00      2          0          0          0          0          0          0          0          0          0
  linear           :       0.00       0.00      2          0          0          0          0          0          0          0          0          0
  logicor          :       0.00       0.00      0          0          0          0          0          0          0          0          0          0
  bounddisjunction :       0.00       0.00      0          0          0          0          0          0          0          0          0          0
  nonlinear        :       0.17       0.00      5          0          0          0          1          0          0       1310          0          0
  benders          :       0.00       0.00      0          0          0          0          0          0          0          0          0          0
  components       :       0.01       0.00      1          0          0          0          0          0          0          0          0          0
  root node        :          -          -      -          0          -          -          7          -          -          -          -          -
Constraints        :     Number  MaxNumber  #Separate #Propagate    #EnfoLP    #EnfoRelax  #EnfoPS    #Check   #ResProp    Cutoffs    DomReds       Cuts    Applied      Conss   Children
  benderslp        :          0          0          0          0     154356          0          0      16143          0          0          0          0          0          0          0
  integral         :          0          0          0          0     154356          0          0      16143          0          0         71          0          0          7     308650
  varbound         :         48         48         27    1141948          0          0          0       1708        159          0      69925          0          0          0          0
  and              :       1166       1166     177878    1160219          0          0          0        493     373217          0     244637       6450       5961          0          0
  linear           :         97+       197         27    1160399          0          0          0        491      20416        255    1823800          0          0          0          0
  logicor          :          0+      4058          0      95527          0          0          0          0         23        618         10          0          0          0          0
  bounddisjunction :          0+      3174          0      77832          0          0          0          0          6         27          2          0          0          0          0
  benders          :          0          0          0          0          0          0          0         33          0          0          0          0          0          0          0
  countsols        :          0          0          0          0          0          0          0         33          0          0          0          0          0          0          0
  components       :          0          0          0          0          0          0          0          0          0          0          0          0          0          0          0
Constraint Timings :  TotalTime  SetupTime   Separate  Propagate     EnfoLP     EnfoPS     EnfoRelax   Check    ResProp    SB-Prop
  benderslp        :       0.21       0.00       0.00       0.00       0.17       0.00       0.00       0.04       0.00       0.00
  integral         :      53.15       0.00       0.00       0.00      53.10       0.00       0.00       0.05       0.00       0.00
  varbound         :       1.92       0.00       0.00       1.90       0.00       0.00       0.00       0.02       0.00       0.00
  and              :      93.28       0.00      64.97      27.54       0.00       0.00       0.00       0.08       0.36       0.33
  linear           :      21.61       0.00       0.01      21.45       0.00       0.00       0.00       0.01       0.06       0.08
  logicor          :       4.70       0.00       0.00       4.69       0.00       0.00       0.00       0.00       0.00       0.01
  bounddisjunction :       4.95       0.00       0.00       4.95       0.00       0.00       0.00       0.00       0.00       0.00
  benders          :       0.00       0.00       0.00       0.00       0.00       0.00       0.00       0.00       0.00       0.00
  countsols        :       0.00       0.00       0.00       0.00       0.00       0.00       0.00       0.00       0.00       0.00
  components       :       0.31       0.00       0.00       0.31       0.00       0.00       0.00       0.00       0.00       0.00
Propagators        : #Propagate   #ResProp    Cutoffs    DomReds
  dualfix          :          2          0          0          0
  genvbounds       :          0          0          0          0
  nlobbt           :          0          0          0          0
  obbt             :          0          0          0          0
  probing          :          0          0          0          0
  pseudoobj        :     573582          0          0        543
  redcost          :     342965          0          0      36210
  rootredcost      :          8          0          0          0
  symmetry         :          0          0          0          0
  vbounds          :     165883          0          0          0
Propagator Timings :  TotalTime  SetupTime   Presolve  Propagate    ResProp    SB-Prop
  dualfix          :       0.00       0.00       0.00       0.00       0.00       0.00
  genvbounds       :       0.77       0.00       0.00       0.77       0.00       0.00
  nlobbt           :       0.00       0.00       0.00       0.00       0.00       0.00
  obbt             :       0.00       0.00       0.00       0.00       0.00       0.00
  probing          :       0.21       0.00       0.21       0.00       0.00       0.00
  pseudoobj        :       1.22       0.00       0.00       1.21       0.00       0.01
  redcost          :      15.53       0.00       0.00      15.53       0.00       0.00
  rootredcost      :       0.91       0.00       0.00       0.91       0.00       0.00
  symmetry         :       0.59       0.00       0.00       0.58       0.00       0.01
  vbounds          :       0.75       0.00       0.00       0.72       0.00       0.03
Conflict Analysis  :       Time      Calls    Success    DomReds  Conflicts   Literals    Reconvs ReconvLits   Dualrays   Nonzeros   LP Iters   (pool size: [10000,10000])
  propagation      :       0.00        651        434          -        550       77.1          0        0.0          -          -          -
  infeasible LP    :       0.40        247        247          -       8147      142.4          0        0.0        785      132.0          0
  bound exceed. LP :      45.49      11744      11549          -     160469       96.7          0        0.0          0        0.0     167110
  strong branching :       0.00          0          0          -          0        0.0          0        0.0          -          -          0
  pseudo solution  :       0.00          0          0          -          0        0.0          0        0.0          -          -          -
  applied globally :       1.13          -          -          0      42687       95.1          -          -        785          -          -
  applied locally  :          -          -          -          0          0        0.0          -          -          0          -          -
Separators         :   ExecTime  SetupTime      Calls  RootCalls    Cutoffs    DomReds  FoundCuts ViaPoolAdd  DirectAdd    Applied ViaPoolApp  DirectApp      Conss
  cut pool         :       2.99          -      32935         49          -          -      33346     694558          -          -          -          -          -    (maximal pool size:       2115)
  aggregation      :      93.67       0.00       6594         27          0          0       1292       5094          0       3434       3434          0          0
  > cmir           :          -          -          -          -          -          -          -       5082          0       3433       3433          0          -
  > flowcover      :          -          -          -          -          -          -          -         12          0          1          1          0          -
  > knapsackcover  :          -          -          -          -          -          -          -          0          0          0          0          0          -
  cgmip            :       0.00       0.00          0          0          0          0          0          0          0          0          0          0          0
  clique           :       0.00       0.00         27         27          0          0          0          0          0          0          0          0          0
  closecuts        :       0.00       0.00          0          0          0          0          0          0          0          0          0          0          0
  convexproj       :       0.00       0.00          0          0          0          0          0          0          0          0          0          0          0
  disjunctive      :       0.00       0.00          0          0          0          0          0          0          0          0          0          0          0
  eccuts           :       0.00       0.00          0          0          0          0          0          0          0          0          0          0          0
  gauge            :       0.00       0.00          0          0          0          0          0          0          0          0          0          0          0
  gomory           :       0.00       0.00          0          0          0          0          0          0          0          0          0          0          0
  > gomorymi       :          -          -          -          -          -          -          -          0          0          0          0          0          -
  > strongcg       :          -          -          -          -          -          -          -          0          0          0          0          0          -
  impliedbounds    :       0.37       0.00       6594         27          0          0         10          3          0          3          3          0          0
  interlattice     :       0.00       0.00          0          0          0          0          0          0          0          0          0          0          0
  interminor       :       0.00       0.00          0          0          0          0          0          0          0          0          0          0          0
  intersub         :       0.15       0.00          8          8          0          0          7          0          7          7          0          7          0
  intobj           :       0.00       0.00          0          0          0          0          0          0          0          0          0          0          0
  mcf              :       0.00       0.00          1          1          0          0          0          0          0          0          0          0          0
  minor            :       0.00       0.00          0          0          0          0          0          0          0          0          0          0          0
  mixing           :       0.03       0.00       6594         27          0          0          0          0          0          0          0          0          0
  oddcycle         :       0.00       0.00          0          0          0          0          0          0          0          0          0          0          0
  rapidlearning    :       0.00       0.00          0          0          0          0          0          0          0          0          0          0          0
  rlt              :       0.00       0.00         10         10          0          0          0          0          0          0          0          0          0
  zerohalf         :      25.51       0.00       5542         20          0          0      32044     689461          0     120798     120798          0          0
Cutselectors       :   ExecTime  SetupTime      Calls  RootCalls   Selected     Forced   Filtered  RootSelec   RootForc   RootFilt 
  hybrid           :       0.44       0.00      19841         26     130203          0     570812        127          0          5
Pricers            :   ExecTime  SetupTime      Calls       Vars
  problem variables:       0.00          -          0          0
Branching Rules    :   ExecTime  SetupTime   BranchLP  BranchExt   BranchPS    Cutoffs    DomReds       Cuts      Conss   Children
  allfullstrong    :       0.00       0.00          0          0          0          0          0          0          0          0
  cloud            :       0.00       0.00          0          0          0          0          0          0          0          0
  distribution     :       0.00       0.00          0          0          0          0          0          0          0          0
  fullstrong       :       0.00       0.00          0          0          0          0          0          0          0          0
  inference        :       0.00       0.00          0          0          0          0          0          0          0          0
  leastinf         :       0.00       0.00          0          0          0          0          0          0          0          0
  lookahead        :       0.00       0.00          0          0          0          0          0          0          0          0
  mostinf          :       0.00       0.00          0          0          0          0          0          0          0          0
  multaggr         :       0.00       0.00          0          0          0          0          0          0          0          0
  nodereopt        :       0.00       0.00          0          0          0          0          0          0          0          0
  pscost           :       0.00       0.00          0          0          0          0          0          0          0          0
  random           :       0.00       0.00          0          0          0          0          0          0          0          0
  relpscost        :      52.65       0.00     154356          0          0          0         71          0          7     308650
  vanillafullstrong:       0.00       0.00          0          0          0          0          0          0          0          0
Primal Heuristics  :   ExecTime  SetupTime      Calls      Found       Best
  LP solutions     :       0.00          -          -          0          0
  relax solutions  :       0.00          -          -          0          0
  pseudo solutions :       0.00          -          -          0          0
  strong branching :       0.02          -          -          0          0
  actconsdiving    :       0.00       0.00          0          0          0
  adaptivediving   :       3.46       0.00         69          0          0
  alns             :       1.04       0.00         14          0          0
  bound            :       0.00       0.00          0          0          0
  clique           :       0.01       0.00          1          0          0
  coefdiving       :       0.00       0.00          0          0          0
  completesol      :       0.00       0.00          0          0          0
  conflictdiving   :     135.14       0.00       1377          0          0
  crossover        :       6.78       0.00          9          1          1
  dins             :       0.00       0.00          0          0          0
  distributiondivin:     129.29       0.00       1377          0          0
  dps              :       0.00       0.00          0          0          0
  dualval          :       0.00       0.00          0          0          0
  farkasdiving     :       0.01       0.00          0          0          0
  feaspump         :       0.19       0.00          5          0          0
  fixandinfer      :       0.00       0.00          0          0          0
  fracdiving       :      54.89       0.00       1377          0          0
  gins             :       0.15       0.00          0          0          0
  guideddiving     :      58.58       0.00       1377          3          3
  indicator        :       0.22       0.00          0          0          0
  indicatordiving  :       0.00       0.00          0          0          0
  intdiving        :       0.00       0.00          0          0          0
  intshifting      :       0.93       0.00        142          0          0
  linesearchdiving :      67.87       0.00       1377          0          0
  localbranching   :       0.00       0.00          0          0          0
  locks            :       0.01       0.00          1          0          0
  lpface           :       0.15       0.00          0          0          0
  mpec             :      63.61       0.00         11          0          0
  multistart       :       0.00       0.00          0          0          0
  mutation         :       0.00       0.00          0          0          0
  nlpdiving        :      17.26       0.00          3          1          0
  objpscostdiving  :      57.70       0.00        187          8          1
  octane           :       0.00       0.00          0          0          0
  ofins            :       0.10       0.00          0          0          0
  oneopt           :       0.19       0.00         10          0          0
  padm             :       0.00       0.00          0          0          0
  proximity        :       0.00       0.00          0          0          0
  pscostdiving     :     106.58       0.00       1377          2          2
  randrounding     :       0.66       0.00      16118          0          0
  rens             :       0.00       0.00          0          0          0
  reoptsols        :       0.00       0.00          0          0          0
  repair           :       0.00       0.00          0          0          0
  rins             :       4.12       0.00         24          0          0
  rootsoldiving    :      53.76       0.00        566         11          0
  rounding         :       1.16       0.00       5836          0          0
  shiftandpropagate:       0.00       0.00          0          0          0
  shifting         :      20.05       0.00       7227          1          1
  simplerounding   :       0.12       0.00          0          0          0
  subnlp           :     139.67       0.00          0          0          0
  trivial          :       0.02       0.00          2          2          2
  trivialnegation  :       0.00       0.00          0          0          0
  trustregion      :       0.00       0.00          0          0          0
  trysol           :       0.27       0.00          0          0          0
  twoopt           :       0.00       0.00          0          0          0
  undercover       :       6.49       0.00          1          1          1
  vbounds          :       0.00       0.00          0          0          0
  veclendiving     :      70.27       0.00       1376          0          0
  zeroobj          :       0.00       0.00          0          0          0
  zirounding       :       0.40       0.00       1000          0          0
  other solutions  :          -          -          -          0          -
Diving (single)    :      Calls      Nodes   LP Iters Backtracks  Conflicts   MinDepth   MaxDepth   AvgDepth  RoundSols  NLeafSols  MinSolDpt  MaxSolDpt  AvgSolDpt
  actconsdiving    :          0          -          -          -          -          -          -          -          -          -          -          -          -
  coefdiving       :          0          -          -          -          -          -          -          -          -          -          -          -          -
  conflictdiving   :       1377      34071    1243090       1275      27250         65         87       76.9          0          -          -          -          -
  distributiondivin:       1377      30692     772899       1588      31458         55         92       75.7          0          -          -          -          -
  farkasdiving     :          0          -          -          -          -          -          -          -          -          -          -          -          -
  fracdiving       :       1377     121490     418818        171       2559         72        407      143.2          0          -          -          -          -
  guideddiving     :       1377      94678     468827        115       3613         71        345      123.0          0          3         96        136      113.0
  indicatordiving  :          0          -          -          -          -          -          -          -          -          -          -          -          -
  linesearchdiving :       1377      49329     532414        196      25788         68        110       89.8          0          -          -          -          -
  pscostdiving     :       1377      38976     847717       1376      30158         62         99       82.4          0          2         85         90       87.5
  veclendiving     :       1376      44582     562749        679      47672         68         97       85.6          0          -          -          -          -
Diving (adaptive)  :      Calls      Nodes   LP Iters Backtracks  Conflicts   MinDepth   MaxDepth   AvgDepth  RoundSols  NLeafSols  MinSolDpt  MaxSolDpt  AvgSolDpt
  actconsdiving    :          5        219       4217          6         98         71         81       74.4          0          -          -          -          -
  coefdiving       :         16        594       5992          4        334         74         94       84.4          0          -          -          -          -
  conflictdiving   :          0          -          -          -          -          -          -          -          -          -          -          -          -
  distributiondivin:          0          -          -          -          -          -          -          -          -          -          -          -          -
  farkasdiving     :          0          -          -          -          -          -          -          -          -          -          -          -          -
  fracdiving       :          2        137        116          0          0        106        151      128.5          0          -          -          -          -
  guideddiving     :          5        304       1937          1         47         91        139      113.6          0          -          -          -          -
  indicatordiving  :          0          -          -          -          -          -          -          -          -          -          -          -          -
  linesearchdiving :         24        870       8896          5        496         82        111       91.5          0          -          -          -          -
  pscostdiving     :          5        116       1993          5        111         76         92       82.4          0          -          -          -          -
  veclendiving     :         12        399       4292          6        326         76         92       85.1          0          -          -          -          -
Neighborhoods      :      Calls  SetupTime  SolveTime SolveNodes       Sols       Best       Exp3  EpsGreedy        UCB TgtFixRate  Opt  Inf Node Stal  Sol  Usr Othr Actv
  rens             :          2       0.12       0.04          2          0          0    0.00000   -1.00000    0.54484      0.550    0    2    0    0    0    0    0    1
  rins             :          1       0.01       0.03         84          0          0    0.00000   -1.00000    0.48182      0.900    0    0    0    1    0    0    0    1
  mutation         :          1       0.01       0.01         47          0          0    0.00000   -1.00000    0.52352      0.700    0    1    0    0    0    0    0    1
  localbranching   :          2       0.12       0.08         63          0          0    0.00000   -1.00000    0.47105      0.850    0    1    0    1    0    0    0    1
  crossover        :          2       0.10       0.06         60          0          0    0.00000   -1.00000    0.47105      0.850    0    1    0    1    0    0    0    1
  proximity        :          2       0.06       0.10         57          0          0    0.00000   -1.00000    0.47105      0.850    0    1    0    1    0    0    0    1
  zeroobjective    :          2       0.02       0.03         51          0          0    0.00000   -1.00000    0.47105      0.850    0    1    0    1    0    0    0    1
  dins             :          2       0.02       0.07         54          0          0    0.00000   -1.00000    0.47105      0.850    0    1    0    1    0    0    0    1
  trustregion      :          0       0.00       0.00          0          0          0    0.00000   -1.00000    1.00000      0.900    0    0    0    0    0    0    0    0
Expressions        :   #IntEval  IntEvalTi   #RevProp  RevPropTi    DomReds    Cutoffs  #Estimate  EstimTime  Branching  #Simplify SimplifyTi Simplified
  pow              :          0       0.00          0       0.00          0          0          0       0.00          0          0       0.00          0
  prod             :      17820       0.00          0       0.00          0          0          0       0.00          0      10076       0.00          0
  sum              :          8       0.00          2       0.00          0          0          0       0.00          0          3       0.05          2
  var              :       4754       0.00          0       0.00          0          0          0       0.00          0      21669       0.01          0
  varidx           :          0       0.00          0       0.00          0          0          0       0.00          0          0       0.00          0
LP                 :       Time      Calls Iterations  Iter/call   Iter/sec  Time-0-It Calls-0-It    ItLimit
  primal LP        :      73.62      12733          0       0.00       0.00      73.56      12733
  dual LP          :    2036.86     217198   17752759      87.56    8715.75       4.42      14444
  lex dual LP      :       0.00          0          0       0.00          -
  barrier LP       :       0.00          0          0       0.00          -       0.00          0
  resolve instable :       0.00          0          0       0.00          -
  diving/probing LP:     548.05      49005    5480705     111.84   10000.37
  strong branching :      19.34       1313     153426     116.85    7933.09          -          -        680
    (at root node) :          -         20       3051     152.55          -
  conflict analysis:      22.58      17464     167110       9.57    7400.80
NLP relaxation     :
  solve time       :      16.87 (23 calls)
  convexity        :  nonconvex (145 linear rows, 0 convex ineq., 0 nonconvex ineq., 1166 nonlinear eq. or two-sided ineq.)
NLP Solvers        :  #Problems  ProblemTi    #Solves  SolveTime      #Iter  Time/Iter      #Okay #TimeLimit #IterLimit #LObjLimit #Interrupt  #NumError #EvalError  #OutOfMem #LicenseEr #OtherTerm   #GlobOpt    #LocOpt  #Feasible #LocInfeas #GlobInfea #Unbounded   #Unknown
  ipopt            :         12       7.01         61      80.45       1703       0.05         59          0          2          0          0          0          0          0          0          0          0         43          0         15          0          0          3
B&B Tree           :
  number of runs   :          1
  nodes            :     182909 (154325 internal, 28584 leaves)
  feasible leaves  :          0
  infeas. leaves   :          1
  objective leaves :      28583
  nodes (total)    :     182909 (154325 internal, 28584 leaves)
  nodes left       :     125375
  max depth        :         80
  max depth (total):         80
  backtracks       :      26797 (14.7%)
  early backtracks :          0 (0.0%)
  nodes exc. ref.  :          0 (0.0%)
  delayed cutoffs  :          2
  repropagations   :       3547 (133 domain reductions, 0 cutoffs)
  avg switch length:       6.14
  switching time   :     107.78
Estim. Tree Size   :     366552
Estimation Tree    : 308651 nodes (183276 visited, 154325 internal, 28951 leaves, 125375 open), weight: 0.0000 completed 0.1017
Estimations        :      estim      value      trend resolution     smooth
  wbe              :         in          -          -          -          -
  tree-profile     :         -1          -          -          -          -
  gap              :     519370    0.59399    0.00006         32     519099
  tree-weight      :     366552    0.00000    0.00000         32     360014
  leaf-frequency   :     366552    0.15796   -0.00058         32     360014
  ssg              :    2894426    0.83942   -0.00002         32    2914752
  open-nodes       :     366552 125375.00000 1453.43142         32     360014
Root Node          :
  First LP value   : -5.54478114478114e+00
  First LP Iters   :       2252 (12511.11 Iter/sec)
  First LP Time    :       0.18
  Final Dual Bound : -5.44842217078532e+00
  Final Root Iters :       2828
  Root LP Estimate : -2.91958854828403e+00
Solution           :
  Solutions found  :         30 (11 improvements)
  First Solution   : +1.00000000000000e+05   (in run 1, after 0 nodes, 0.04 seconds, depth 0, found by <trivial>)
  Gap First Sol.   :   infinite
  Gap Last Sol.    :      69.23 %
  Primal Bound     : -2.97710437710439e+00   (in run 1, after 110849 nodes, 1555.71 seconds, depth 107, found by <guideddiving>)
  Dual Bound       : -5.01202683148107e+00
  Gap              :      68.35 %
Integrals          :      Total       Avg%
  primal-dual      :  148504.72      41.25
  primal-ref       :          -          - (not evaluated)
  dual-ref         :          -          - (not evaluated)
