SCIP Status        : solving was interrupted [time limit reached]
Total Time         :    3600.00
  solving          :    3600.00
  presolving       :       0.40 (included in solving)
  reading          :       0.00
  copying          :       1.00 (80 #copies) (minimal 0.00, maximal 0.03, average 0.01)
Original Problem   :
  Problem name     : bbbenchmark/pw09_100.1.cut
  Variables        : 101 (100 binary, 0 integer, 0 implicit integer, 1 continuous)
  Constraints      : 1 initial, 1 maximal
  Objective        : minimize, 1 non-zeros (abs.min = 1, abs.max = 1)
Presolved Problem  :
  Problem name     : t_bbbenchmark/pw09_100.1.cut
  Variables        : 1290 (100 binary, 0 integer, 1140 implicit integer, 50 continuous)
  Constraints      : 1288 initial, 3823 maximal
  Objective        : minimize, 1 non-zeros (abs.min = 1, abs.max = 1)
  Nonzeros         : 11585 constraint, 202 clique table
Presolvers         :   ExecTime  SetupTime  Calls  FixedVars   AggrVars   ChgTypes  ChgBounds   AddHoles    DelCons    AddCons   ChgSides   ChgCoefs
  boundshift       :       0.00       0.00      0          0          0          0          0          0          0          0          0          0
  convertinttobin  :       0.00       0.00      0          0          0          0          0          0          0          0          0          0
  domcol           :       0.00       0.00      1          0          0          0          0          0          0          0          0          0
  dualagg          :       0.00       0.00      0          0          0          0          0          0          0          0          0          0
  dualcomp         :       0.00       0.00      1          0          0          0          0          0          0          0          0          0
  dualinfer        :       0.00       0.00      0          0          0          0          0          0          0          0          0          0
  dualsparsify     :       0.00       0.00      1          0          0          0          0          0          0          0          0          0
  gateextraction   :       0.00       0.00      0          0          0          0          0          0          0          0          0          0
  implics          :       0.00       0.00      2          0          0          0          0          0          0          0          0          0
  inttobinary      :       0.00       0.00      0          0          0          0          0          0          0          0          0          0
  qpkktref         :       0.00       0.00      0          0          0          0          0          0          0          0          0          0
  redvub           :       0.00       0.00      0          0          0          0          0          0          0          0          0          0
  sparsify         :       0.00       0.00      1          0          0          0          0          0          0          0          0          0
  stuffing         :       0.00       0.00      0          0          0          0          0          0          0          0          0          0
  trivial          :       0.00       0.00      4          0          0          0          0          0          0          0          0          0
  tworowbnd        :       0.00       0.00      0          0          0          0          0          0          0          0          0          0
  dualfix          :       0.00       0.00      4          0          0          0          0          0          0          0          0          0
  genvbounds       :       0.00       0.00      0          0          0          0          0          0          0          0          0          0
  probing          :       0.20       0.00      1          0          0          0          0          0          0          0          0          0
  pseudoobj        :       0.00       0.00      1          0          0          0          1          0          0          0          0          0
  symmetry         :       0.00       0.00      0          0          0          0          0          0          0          0          0          0
  vbounds          :       0.00       0.00      1          0          0          0          0          0          0          0          0          0
  varbound         :       0.00       0.00      2          0          0          0          0          0          0          0          0          0
  and              :       0.01       0.00      2          0          0          0          0          0          0          0          0          0
  linear           :       0.00       0.00      2          0          0          0          0          0          0          0          0          0
  logicor          :       0.00       0.00      0          0          0          0          0          0          0          0          0          0
  bounddisjunction :       0.00       0.00      0          0          0          0          0          0          0          0          0          0
  nonlinear        :       0.18       0.01      5          0          0          0          1          0          0       1287          0          0
  benders          :       0.00       0.00      0          0          0          0          0          0          0          0          0          0
  components       :       0.00       0.00      1          0          0          0          0          0          0          0          0          0
  root node        :          -          -      -          0          -          -          8          -          -          -          -          -
Constraints        :     Number  MaxNumber  #Separate #Propagate    #EnfoLP    #EnfoRelax  #EnfoPS    #Check   #ResProp    Cutoffs    DomReds       Cuts    Applied      Conss   Children
  benderslp        :          0          0          0          0     532056          0          0      28779          0          0          0          0          0          0          0
  integral         :          0          0          0          0     532056          0          0      28779          0          0         62          0          0         33    1063996
  varbound         :         49         49         35    2377657          0          0          0       8765         43          0     222240          0          0          0          0
  and              :       1140       1140     564607    2397551          0          0          0       7905     275947          1     517764       1419       1293          0          0
  linear           :         99+       135         35    2397689          0          0          0       7903      46320        392   10492228          0          0          0          0
  logicor          :          0+      1001          0     193615          0          0          0          0         29        913         10          0          0          0          0
  bounddisjunction :          0+      1560          0     235754          0          0          0          0         10        341          3          0          0          0          0
  benders          :          0          0          0          0          0          0          0        124          0          0          0          0          0          0          0
  countsols        :          0          0          0          0          0          0          0        124          0          0          0          0          0          0          0
  components       :          0          0          0          0          0          0          0          0          0          0          0          0          0          0          0
Constraint Timings :  TotalTime  SetupTime   Separate  Propagate     EnfoLP     EnfoPS     EnfoRelax   Check    ResProp    SB-Prop
  benderslp        :       0.73       0.00       0.00       0.00       0.71       0.00       0.00       0.02       0.00       0.00
  integral         :      92.29       0.00       0.00       0.00      91.66       0.00       0.00       0.63       0.00       0.00
  varbound         :       4.81       0.00       0.00       4.66       0.00       0.00       0.00       0.15       0.00       0.00
  and              :     142.35       0.00     107.02      33.01       0.00       0.00       0.00       1.86       0.17       0.29
  linear           :      59.09       0.00       0.03      58.75       0.00       0.00       0.00       0.10       0.16       0.05
  logicor          :       3.91       0.00       0.00       3.91       0.00       0.00       0.00       0.00       0.00       0.00
  bounddisjunction :       7.48       0.00       0.00       7.47       0.00       0.00       0.00       0.00       0.00       0.01
  benders          :       0.00       0.00       0.00       0.00       0.00       0.00       0.00       0.00       0.00       0.00
  countsols        :       0.00       0.00       0.00       0.00       0.00       0.00       0.00       0.00       0.00       0.00
  components       :       0.57       0.00       0.00       0.57       0.00       0.00       0.00       0.00       0.00       0.00
Propagators        : #Propagate   #ResProp    Cutoffs    DomReds
  dualfix          :          2          0          0          0
  genvbounds       :          0          0          0          0
  nlobbt           :          0          0          0          0
  obbt             :          0          0          0          0
  probing          :          0          0          0          0
  pseudoobj        :    2250814          5          0       2765
  redcost          :    1124830          0          0     350888
  rootredcost      :          5          0          0          0
  symmetry         :          0          0          0          0
  vbounds          :     384670          0          0          0
Propagator Timings :  TotalTime  SetupTime   Presolve  Propagate    ResProp    SB-Prop
  dualfix          :       0.00       0.00       0.00       0.00       0.00       0.00
  genvbounds       :       1.94       0.00       0.00       1.94       0.00       0.00
  nlobbt           :       0.00       0.00       0.00       0.00       0.00       0.00
  obbt             :       0.01       0.00       0.00       0.01       0.00       0.00
  probing          :       0.20       0.00       0.20       0.00       0.00       0.00
  pseudoobj        :       3.10       0.00       0.00       3.09       0.00       0.01
  redcost          :      40.23       0.00       0.00      40.22       0.00       0.01
  rootredcost      :       1.97       0.00       0.00       1.97       0.00       0.00
  symmetry         :       1.19       0.00       0.00       1.19       0.00       0.00
  vbounds          :       2.05       0.00       0.00       2.04       0.00       0.01
Conflict Analysis  :       Time      Calls    Success    DomReds  Conflicts   Literals    Reconvs ReconvLits   Dualrays   Nonzeros   LP Iters   (pool size: [10000,10000])
  propagation      :       0.03       1256        723          -        919       79.7          0        0.0          -          -          -
  infeasible LP    :       0.30        266        266          -       8314      132.9          0        0.0        739      126.3          0
  bound exceed. LP :      36.46      11507      11182          -     113201      106.4          4       69.8          0        0.0     174710
  strong branching :       0.00          0          0          -          0        0.0          0        0.0          -          -          0
  pseudo solution  :       0.00          0          0          -          0        0.0          0        0.0          -          -          -
  applied globally :       0.46          -          -          0      27020       93.0          -          -        739          -          -
  applied locally  :          -          -          -          0          0        0.0          -          -          0          -          -
Separators         :   ExecTime  SetupTime      Calls  RootCalls    Cutoffs    DomReds  FoundCuts ViaPoolAdd  DirectAdd    Applied ViaPoolApp  DirectApp      Conss
  cut pool         :       3.33          -      63794         57          -          -      32661     405908          -          -          -          -          -    (maximal pool size:       1102)
  aggregation      :      41.58       0.00       5174         35          0          0       2911      15356          0       9950       9950          0          0
  > cmir           :          -          -          -          -          -          -          -      14464          0       9396       9396          0          -
  > flowcover      :          -          -          -          -          -          -          -        892          0        554        554          0          -
  > knapsackcover  :          -          -          -          -          -          -          -          0          0          0          0          0          -
  cgmip            :       0.00       0.00          0          0          0          0          0          0          0          0          0          0          0
  clique           :       0.00       0.00         35         35          0          0          0          0          0          0          0          0          0
  closecuts        :       0.00       0.00          0          0          0          0          0          0          0          0          0          0          0
  convexproj       :       0.00       0.00          0          0          0          0          0          0          0          0          0          0          0
  disjunctive      :       0.00       0.00          0          0          0          0          0          0          0          0          0          0          0
  eccuts           :       0.00       0.00          0          0          0          0          0          0          0          0          0          0          0
  gauge            :       0.00       0.00          0          0          0          0          0          0          0          0          0          0          0
  gomory           :       0.00       0.00          0          0          0          0          0          0          0          0          0          0          0
  > gomorymi       :          -          -          -          -          -          -          -          0          0          0          0          0          -
  > strongcg       :          -          -          -          -          -          -          -          0          0          0          0          0          -
  impliedbounds    :       0.42       0.00       5174         35          0          0          8          0          0          0          0          0          0
  interlattice     :       0.16       0.00         13         13          0          0         13          0         13         12          0         12          0
  interminor       :       0.00       0.00          0          0          0          0          0          0          0          0          0          0          0
  intersub         :       0.04       0.00          1          1          0          0          0          0          0          0          0          0          0
  intobj           :       0.00       0.00          0          0          0          0          0          0          0          0          0          0          0
  mcf              :       0.00       0.00          1          1          0          0          0          0          0          0          0          0          0
  minor            :       0.01       0.00          0          0          0          0          0          0          0          0          0          0          0
  mixing           :       0.02       0.00       5174         35          0          0          0          0          0          0          0          0          0
  oddcycle         :       0.00       0.00          0          0          0          0          0          0          0          0          0          0          0
  rapidlearning    :       0.04       0.00          0          0          0          0          0          0          0          0          0          0          0
  rlt              :       0.00       0.00         10         10          0          0          0          0          0          0          0          0          0
  zerohalf         :      23.47       0.00       4440         20          0          0      29743     390552          1      86657      86657          0          0
Cutselectors       :   ExecTime  SetupTime      Calls  RootCalls   Selected     Forced   Filtered  RootSelec   RootForc   RootFilt 
  hybrid           :       0.48       0.00      14348         35      97912          0     309429        139          0          4
Pricers            :   ExecTime  SetupTime      Calls       Vars
  problem variables:       0.00          -          0          0
Branching Rules    :   ExecTime  SetupTime   BranchLP  BranchExt   BranchPS    Cutoffs    DomReds       Cuts      Conss   Children
  allfullstrong    :       0.00       0.00          0          0          0          0          0          0          0          0
  cloud            :       0.00       0.00          0          0          0          0          0          0          0          0
  distribution     :       0.00       0.00          0          0          0          0          0          0          0          0
  fullstrong       :       0.00       0.00          0          0          0          0          0          0          0          0
  inference        :       0.00       0.00          0          0          0          0          0          0          0          0
  leastinf         :       0.00       0.00          0          0          0          0          0          0          0          0
  lookahead        :       0.00       0.00          0          0          0          0          0          0          0          0
  mostinf          :       0.00       0.00          0          0          0          0          0          0          0          0
  multaggr         :       0.00       0.00          0          0          0          0          0          0          0          0
  nodereopt        :       0.00       0.00          0          0          0          0          0          0          0          0
  pscost           :       0.00       0.00          0          0          0          0          0          0          0          0
  random           :       0.00       0.00          0          0          0          0          0          0          0          0
  relpscost        :      90.30       0.00     532056          0          0          0         62          0         33    1063996
  vanillafullstrong:       0.00       0.00          0          0          0          0          0          0          0          0
Primal Heuristics  :   ExecTime  SetupTime      Calls      Found       Best
  LP solutions     :       0.00          -          -          0          0
  relax solutions  :       0.00          -          -          0          0
  pseudo solutions :       0.00          -          -          0          0
  strong branching :       0.03          -          -          0          0
  actconsdiving    :       0.00       0.00          0          0          0
  adaptivediving   :       2.77       0.00         46          0          0
  alns             :       1.92       0.00         23          0          0
  bound            :       0.00       0.00          0          0          0
  clique           :       0.01       0.00          1          0          0
  coefdiving       :       0.00       0.00          0          0          0
  completesol      :       0.00       0.00          0          0          0
  conflictdiving   :     150.90       0.00       2404          0          0
  crossover        :       9.94       0.00         10          0          0
  dins             :       0.00       0.00          0          0          0
  distributiondivin:      93.50       0.00        851          0          0
  dps              :       0.00       0.00          0          0          0
  dualval          :       0.00       0.00          0          0          0
  farkasdiving     :       0.01       0.00          0          0          0
  feaspump         :       0.22       0.00          4          0          0
  fixandinfer      :       0.00       0.00          0          0          0
  fracdiving       :      53.27       0.00        870          0          0
  gins             :       0.58       0.00          0          0          0
  guideddiving     :      51.77       0.00        914          0          0
  indicator        :       0.53       0.00          0          0          0
  indicatordiving  :       0.00       0.00          0          0          0
  intdiving        :       0.00       0.00          0          0          0
  intshifting      :       0.74       0.00        187          0          0
  linesearchdiving :      48.47       0.00       1055          2          2
  localbranching   :       0.00       0.00          0          0          0
  locks            :       0.01       0.00          1          0          0
  lpface           :       0.57       0.00          0          0          0
  mpec             :      58.21       0.00         11          0          0
  multistart       :       0.00       0.00          0          0          0
  mutation         :       0.00       0.00          0          0          0
  nlpdiving        :      13.10       0.00          1          0          0
  objpscostdiving  :      57.47       0.00        358         92          1
  octane           :       0.00       0.00          0          0          0
  ofins            :       0.37       0.00          0          0          0
  oneopt           :       0.52       0.00          7          0          0
  padm             :       0.00       0.00          0          0          0
  proximity        :       0.00       0.00          0          0          0
  pscostdiving     :      50.75       0.00        656          1          1
  randrounding     :       3.66       0.00      28668          0          0
  rens             :       0.00       0.00          0          0          0
  reoptsols        :       0.00       0.00          0          0          0
  repair           :       0.00       0.00          0          0          0
  rins             :       5.97       0.00         46          0          0
  rootsoldiving    :      26.18       0.00        479         21          0
  rounding         :       2.48       0.00      10363          0          0
  shiftandpropagate:       0.00       0.00          0          0          0
  shifting         :      33.11       0.00      11390          2          1
  simplerounding   :       0.55       0.00          0          0          0
  subnlp           :     446.16       0.00          0          0          0
  trivial          :       0.00       0.00          2          2          2
  trivialnegation  :       0.00       0.00          0          0          0
  trustregion      :       0.00       0.00          0          0          0
  trysol           :       0.51       0.00          0          0          0
  twoopt           :       0.00       0.00          0          0          0
  undercover       :       4.83       0.00          1          1          1
  vbounds          :       0.00       0.00          0          0          0
  veclendiving     :      53.77       0.00       1261          0          0
  zeroobj          :       0.00       0.00          0          0          0
  zirounding       :       0.95       0.00       1000          0          0
  other solutions  :          -          -          -          0          -
Diving (single)    :      Calls      Nodes   LP Iters Backtracks  Conflicts   MinDepth   MaxDepth   AvgDepth  RoundSols  NLeafSols  MinSolDpt  MaxSolDpt  AvgSolDpt
  actconsdiving    :          0          -          -          -          -          -          -          -          -          -          -          -          -
  coefdiving       :          0          -          -          -          -          -          -          -          -          -          -          -          -
  conflictdiving   :       2404      76852    1533005       2159      23011         65         91       82.7          0          -          -          -          -
  distributiondivin:        851      29520     516287        974      12271         59         94       77.7          0          -          -          -          -
  farkasdiving     :          0          -          -          -          -          -          -          -          -          -          -          -          -
  fracdiving       :        870      65785     515648        413       3169         67        403      120.5          0          -          -          -          -
  guideddiving     :        914      52915     515781        322       6455         66        297      106.5          0          -          -          -          -
  indicatordiving  :          0          -          -          -          -          -          -          -          -          -          -          -          -
  linesearchdiving :       1055      42269     524285        286      17004         66        109       87.6          0          2         85         97       91.0
  pscostdiving     :        656      22348     524930        669       9062         71         94       81.7          0          1         86         86       86.0
  veclendiving     :       1261      47272     513522       1012      50703         69         97       82.7          0          -          -          -          -
Diving (adaptive)  :      Calls      Nodes   LP Iters Backtracks  Conflicts   MinDepth   MaxDepth   AvgDepth  RoundSols  NLeafSols  MinSolDpt  MaxSolDpt  AvgSolDpt
  actconsdiving    :          5        105        603          5         32         71         84       78.0          0          -          -          -          -
  coefdiving       :         13        534       5083         14        533         70         94       83.4          0          -          -          -          -
  conflictdiving   :          0          -          -          -          -          -          -          -          -          -          -          -          -
  distributiondivin:          0          -          -          -          -          -          -          -          -          -          -          -          -
  farkasdiving     :          0          -          -          -          -          -          -          -          -          -          -          -          -
  fracdiving       :          4        184       1054          3         12         80        173      106.5          0          -          -          -          -
  guideddiving     :          3        248       3424          1         45         95        104      100.0          0          -          -          -          -
  indicatordiving  :          0          -          -          -          -          -          -          -          -          -          -          -          -
  linesearchdiving :         11        587       8761          3        248         79         95       86.8          0          -          -          -          -
  pscostdiving     :          2         81       1355          2         14         83         90       86.5          0          -          -          -          -
  veclendiving     :          8        421       4563          7        469         75         82       78.2          0          -          -          -          -
Neighborhoods      :      Calls  SetupTime  SolveTime SolveNodes       Sols       Best       Exp3  EpsGreedy        UCB TgtFixRate  Opt  Inf Node Stal  Sol  Usr Othr Actv
  rens             :          6       0.17       0.38        231          0          0    0.00000   -1.00000    0.45080      0.764    0    3    0    3    0    0    0    1
  rins             :          2       0.02       0.09        111          0          0    0.00000   -1.00000    0.45292      0.850    0    1    0    1    0    0    0    1
  mutation         :          2       0.02       0.12         88          0          0    0.00000   -1.00000    0.46487      0.850    0    1    0    1    0    0    0    1
  localbranching   :          2       0.02       0.11        115          0          0    0.00000   -1.00000    0.45292      0.850    0    1    0    1    0    0    0    1
  crossover        :          4       0.07       0.15        203          0          0    0.00000   -1.00000    0.46549      0.900    0    1    0    3    0    0    0    1
  proximity        :          2       0.04       0.14         99          0          0    0.00000   -1.00000    0.45692      0.850    0    1    0    1    0    0    0    1
  zeroobjective    :          2       0.04       0.05         77          0          0    0.00000   -1.00000    0.46492      0.850    0    1    0    1    0    0    0    1
  dins             :          3       0.07       0.13        151          0          0    0.00000   -1.00000    0.46250      0.900    0    1    0    2    0    0    0    1
  trustregion      :          0       0.00       0.00          0          0          0    0.00000   -1.00000    1.00000      0.900    0    0    0    0    0    0    0    0
Expressions        :   #IntEval  IntEvalTi   #RevProp  RevPropTi    DomReds    Cutoffs  #Estimate  EstimTime  Branching  #Simplify SimplifyTi Simplified
  pow              :          0       0.00          0       0.00          0          0          0       0.00          0          0       0.00          0
  prod             :      17820       0.02          0       0.00          0          0          0       0.00          0      10050       0.01          0
  sum              :          8       0.00          2       0.00          0          0          0       0.00          0          3       0.05          2
  var              :       4679       0.00          0       0.00          0          0          0       0.00          0      21592       0.00          0
  varidx           :          0       0.00          0       0.00          0          0          0       0.00          0          0       0.00          0
LP                 :       Time      Calls Iterations  Iter/call   Iter/sec  Time-0-It Calls-0-It    ItLimit
  primal LP        :      80.99      26971          0       0.00       0.00      80.89      26971
  dual LP          :    1342.01     772402   10169026      14.01    7577.46      14.76      46402
  lex dual LP      :       0.00          0          0       0.00          -
  barrier LP       :       0.00          0          0       0.00          -       0.00          0
  resolve instable :       0.00          0          0       0.00          -
  diving/probing LP:     427.91      50740    5235012     103.17   12233.91
  strong branching :       6.96       1023      68606      67.06    9857.18          -          -        707
    (at root node) :          -         19       2652     139.58          -
  conflict analysis:      18.87      19068     174710       9.16    9258.61
NLP relaxation     :
  solve time       :      12.82 (10 calls)
  convexity        :  nonconvex (148 linear rows, 0 convex ineq., 0 nonconvex ineq., 1140 nonlinear eq. or two-sided ineq.)
NLP Solvers        :  #Problems  ProblemTi    #Solves  SolveTime      #Iter  Time/Iter      #Okay #TimeLimit #IterLimit #LObjLimit #Interrupt  #NumError #EvalError  #OutOfMem #LicenseEr #OtherTerm   #GlobOpt    #LocOpt  #Feasible #LocInfeas #GlobInfea #Unbounded   #Unknown
  ipopt            :         12      20.16         43      70.90       1646       0.04         40          0          3          0          0          0          0          0          0          0          0         24          1         16          0          0          2
B&B Tree           :
  number of runs   :          1
  nodes            :     711623 (531998 internal, 179625 leaves)
  feasible leaves  :          0
  infeas. leaves   :          6
  objective leaves :     179619
  nodes (total)    :     711623 (531998 internal, 179625 leaves)
  nodes left       :     351749
  max depth        :         86
  max depth (total):         86
  backtracks       :     117486 (16.5%)
  early backtracks :          0 (0.0%)
  nodes exc. ref.  :          0 (0.0%)
  delayed cutoffs  :          1
  repropagations   :      23817 (741 domain reductions, 0 cutoffs)
  avg switch length:       6.98
  switching time   :     220.16
Estim. Tree Size   :    1424494
Estimation Tree    : 1063997 nodes (712247 visited, 531998 internal, 180249 leaves, 351750 open), weight: 0.0000 completed 0.0372
Estimations        :      estim      value      trend resolution     smooth
  wbe              :         in          -          -          -          -
  tree-profile     :         -1          -          -          -          -
  gap              :   23455622    0.60475    0.00001        256   23790226
  tree-weight      :    1424494    0.00000    0.00000        256    1423638
  leaf-frequency   :    1424494    0.25307   -0.00000        256    1423765
  ssg              :  320833675    0.94120   -0.00000        256  324015995
  open-nodes       :    1424494 351750.00000  308.10443        256    1423638
Root Node          :
  First LP value   : -5.44713804713805e+00
  First LP Iters   :       2193 (12900.00 Iter/sec)
  First LP Time    :       0.17
  Final Dual Bound : -5.33591638386427e+00
  Final Root Iters :       2657
  Root LP Estimate : -2.33874101940155e+00
Solution           :
  Solutions found  :        121 (8 improvements)
  First Solution   : +1.00000000000000e+05   (in run 1, after 0 nodes, 0.10 seconds, depth 0, found by <trivial>)
  Gap First Sol.   :   infinite
  Gap Last Sol.    :      66.13 %
  Primal Bound     : -2.91200897867569e+00   (in run 1, after 517949 nodes, 2808.57 seconds, depth 85, found by <linesearchdiving>)
  Dual Bound       : -4.81525474185429e+00
  Gap              :      65.36 %
Integrals          :      Total       Avg%
  primal-dual      :  147159.73      40.88
  primal-ref       :          -          - (not evaluated)
  dual-ref         :          -          - (not evaluated)
