SCIP Status        : solving was interrupted [time limit reached]
Total Time         :    3600.01
  solving          :    3600.00
  presolving       :       0.37 (included in solving)
  reading          :       0.01
  copying          :       0.80 (33 #copies) (minimal 0.00, maximal 0.05, average 0.02)
Original Problem   :
  Problem name     : bbbenchmark/g05_80.5.cut
  Variables        : 81 (80 binary, 0 integer, 0 implicit integer, 1 continuous)
  Constraints      : 1 initial, 1 maximal
  Objective        : minimize, 1 non-zeros (abs.min = 1, abs.max = 1)
Presolved Problem  :
  Problem name     : t_bbbenchmark/g05_80.5.cut
  Variables        : 1612 (80 binary, 0 integer, 1530 implicit integer, 2 continuous)
  Constraints      : 1534 initial, 5916 maximal
  Objective        : minimize, 1 non-zeros (abs.min = 1, abs.max = 1)
  Nonzeros         : 6307 constraint, 162 clique table
Presolvers         :   ExecTime  SetupTime  Calls  FixedVars   AggrVars   ChgTypes  ChgBounds   AddHoles    DelCons    AddCons   ChgSides   ChgCoefs
  boundshift       :       0.00       0.00      0          0          0          0          0          0          0          0          0          0
  convertinttobin  :       0.00       0.00      0          0          0          0          0          0          0          0          0          0
  domcol           :       0.00       0.00      1          0          0          0          0          0          0          0          0          0
  dualagg          :       0.00       0.00      0          0          0          0          0          0          0          0          0          0
  dualcomp         :       0.00       0.00      1          0          0          0          0          0          0          0          0          0
  dualinfer        :       0.00       0.00      0          0          0          0          0          0          0          0          0          0
  dualsparsify     :       0.00       0.00      1          0          0          0          0          0          0          0          0          0
  gateextraction   :       0.00       0.00      0          0          0          0          0          0          0          0          0          0
  implics          :       0.00       0.00      2          0          0          0          0          0          0          0          0          0
  inttobinary      :       0.00       0.00      0          0          0          0          0          0          0          0          0          0
  qpkktref         :       0.00       0.00      0          0          0          0          0          0          0          0          0          0
  redvub           :       0.00       0.00      0          0          0          0          0          0          0          0          0          0
  sparsify         :       0.00       0.00      1          0          0          0          0          0          0          0          0          0
  stuffing         :       0.00       0.00      0          0          0          0          0          0          0          0          0          0
  trivial          :       0.00       0.00      4          0          0          0          0          0          0          0          0          0
  tworowbnd        :       0.00       0.00      0          0          0          0          0          0          0          0          0          0
  dualfix          :       0.00       0.00      4          0          0          0          0          0          0          0          0          0
  genvbounds       :       0.00       0.00      0          0          0          0          0          0          0          0          0          0
  probing          :       0.22       0.00      1          0          0          0          0          0          0          0          0          0
  pseudoobj        :       0.00       0.00      1          0          0          0          1          0          0          0          0          0
  symmetry         :       0.00       0.00      0          0          0          0          0          0          0          0          0          0
  vbounds          :       0.00       0.00      1          0          0          0          0          0          0          0          0          0
  varbound         :       0.00       0.00      2          0          0          0          0          0          0          0          0          0
  and              :       0.01       0.01      2          0          0          0          0          0          0          0          0          0
  linear           :       0.00       0.00      2          0          0          0          0          0          0          0          0          0
  logicor          :       0.00       0.00      0          0          0          0          0          0          0          0          0          0
  bounddisjunction :       0.00       0.00      0          0          0          0          0          0          0          0          0          0
  nonlinear        :       0.13       0.00      5          0          0          0          1          0          0       1533          0          0
  benders          :       0.00       0.00      0          0          0          0          0          0          0          0          0          0
  components       :       0.00       0.00      1          0          0          0          0          0          0          0          0          0
  root node        :          -          -      -          0          -          -         30          -          -          -          -          -
Constraints        :     Number  MaxNumber  #Separate #Propagate    #EnfoLP    #EnfoRelax  #EnfoPS    #Check   #ResProp    Cutoffs    DomReds       Cuts    Applied      Conss   Children
  benderslp        :          0          0          0          0      61238          0          0       3444          0          0          0          0          0          0          0
  integral         :          0          0          0          0      61238          0          0       3444          0          0       3039          0          0       1604     119950
  varbound         :          1          1         55      75167          0          0          0         69          0          0        982          0          0          0          0
  and              :       1530       1530      77430     477588         18          0          0         69     163158          5    2029562      10976      10545          0          0
  linear           :          3          3         55     477585         18          0          0         67         47          0      33719          0          0          0          0
  logicor          :          0+      4373          0     106910          0          0          0          0        154        349         43          0          0          0          0
  bounddisjunction :          0+        31          0      16162          0          0          0          0          0          1          0          0          0          0          0
  benders          :          0          0          0          0         18          0          0         58          0          0          0          0          0          0          0
  countsols        :          0          0          0          0         18          0          0         58          0          0          0          0          0          0          0
  components       :          0          0          0          0          0          0          0          0          0          0          0          0          0          0          0
Constraint Timings :  TotalTime  SetupTime   Separate  Propagate     EnfoLP     EnfoPS     EnfoRelax   Check    ResProp    SB-Prop
  benderslp        :       0.07       0.00       0.00       0.00       0.07       0.00       0.00       0.00       0.00       0.00
  integral         :      45.36       0.00       0.00       0.00      45.34       0.00       0.00       0.02       0.00       0.00
  varbound         :       0.10       0.00       0.00       0.10       0.00       0.00       0.00       0.00       0.00       0.00
  and              :      58.11       0.01      36.92      20.60       0.00       0.00       0.00       0.02       0.15       0.41
  linear           :       0.89       0.00       0.04       0.82       0.00       0.00       0.00       0.01       0.00       0.02
  logicor          :       5.17       0.00       0.00       5.15       0.00       0.00       0.00       0.00       0.00       0.02
  bounddisjunction :       0.05       0.00       0.00       0.05       0.00       0.00       0.00       0.00       0.00       0.00
  benders          :       0.00       0.00       0.00       0.00       0.00       0.00       0.00       0.00       0.00       0.00
  countsols        :       0.00       0.00       0.00       0.00       0.00       0.00       0.00       0.00       0.00       0.00
  components       :       0.12       0.00       0.00       0.12       0.00       0.00       0.00       0.00       0.00       0.00
Propagators        : #Propagate   #ResProp    Cutoffs    DomReds
  dualfix          :          2          0          0          0
  genvbounds       :          0          0          0          0
  nlobbt           :          0          0          0          0
  obbt             :          0          0          0          0
  probing          :          0          0          0          0
  pseudoobj        :     288660          0          0         30
  redcost          :     155724          0          0     121890
  rootredcost      :         31          0          0          0
  symmetry         :          0          0          0          0
  vbounds          :      36612          0          0          0
Propagator Timings :  TotalTime  SetupTime   Presolve  Propagate    ResProp    SB-Prop
  dualfix          :       0.00       0.00       0.00       0.00       0.00       0.00
  genvbounds       :       0.26       0.00       0.00       0.26       0.00       0.00
  nlobbt           :       0.00       0.00       0.00       0.00       0.00       0.00
  obbt             :       0.00       0.00       0.00       0.00       0.00       0.00
  probing          :       0.22       0.00       0.22       0.00       0.00       0.00
  pseudoobj        :       0.42       0.00       0.00       0.42       0.00       0.00
  redcost          :       8.74       0.00       0.00       8.74       0.00       0.00
  rootredcost      :       0.33       0.00       0.00       0.32       0.00       0.01
  symmetry         :       0.21       0.00       0.00       0.21       0.00       0.00
  vbounds          :       0.31       0.00       0.00       0.30       0.00       0.01
Conflict Analysis  :       Time      Calls    Success    DomReds  Conflicts   Literals    Reconvs ReconvLits   Dualrays   Nonzeros   LP Iters   (pool size: [10000,10000])
  propagation      :       0.01        355        282          -        321       44.9          0        0.0          -          -          -
  infeasible LP    :       0.00          0          0          -          0        0.0          0        0.0          0        0.0          0
  bound exceed. LP :      11.95       6442       4371          -      54501       65.2          2       40.0          0        0.0      29360
  strong branching :       0.00          0          0          -          0        0.0          0        0.0          -          -          0
  pseudo solution  :       0.00          0          0          -          0        0.0          0        0.0          -          -          -
  applied globally :       0.27          -          -          0      15760       72.8          -          -          0          -          -
  applied locally  :          -          -          -          0          0        0.0          -          -          0          -          -
Separators         :   ExecTime  SetupTime      Calls  RootCalls    Cutoffs    DomReds  FoundCuts ViaPoolAdd  DirectAdd    Applied ViaPoolApp  DirectApp      Conss
  cut pool         :       4.14          -      20394         78          -          -      41610     844377          -          -          -          -          -    (maximal pool size:       2071)
  aggregation      :      11.32       0.00       5929         55          0          0        787       1223          0        155        155          0          0
  > cmir           :          -          -          -          -          -          -          -       1220          0        154        154          0          -
  > flowcover      :          -          -          -          -          -          -          -          3          0          1          1          0          -
  > knapsackcover  :          -          -          -          -          -          -          -          0          0          0          0          0          -
  cgmip            :       0.00       0.00          0          0          0          0          0          0          0          0          0          0          0
  clique           :       0.00       0.00         55         55          0          0          0          0          0          0          0          0          0
  closecuts        :       0.00       0.00          0          0          0          0          0          0          0          0          0          0          0
  convexproj       :       0.00       0.00          0          0          0          0          0          0          0          0          0          0          0
  disjunctive      :       0.00       0.00          0          0          0          0          0          0          0          0          0          0          0
  eccuts           :       0.00       0.00          0          0          0          0          0          0          0          0          0          0          0
  gauge            :       0.00       0.00          0          0          0          0          0          0          0          0          0          0          0
  gomory           :       0.00       0.00          0          0          0          0          0          0          0          0          0          0          0
  > gomorymi       :          -          -          -          -          -          -          -          0          0          0          0          0          -
  > strongcg       :          -          -          -          -          -          -          -          0          0          0          0          0          -
  impliedbounds    :       0.27       0.00       5929         55          0          0          0          0          0          0          0          0          0
  interlattice     :       0.16       0.00         30         30          0          0         30          0         30         30          0         30          0
  interminor       :       0.00       0.00          0          0          0          0          0          0          0          0          0          0          0
  intersub         :       0.00       0.00          0          0          0          0          0          0          0          0          0          0          0
  intobj           :       0.00       0.00          0          0          0          0          0          0          0          0          0          0          0
  mcf              :       0.00       0.00          1          1          0          0          0          0          0          0          0          0          0
  minor            :       0.01       0.00          0          0          0          0          0          0          0          0          0          0          0
  mixing           :       0.03       0.00       5934         55          0          0          0          0          0          0          0          0          0
  oddcycle         :       0.00       0.00          0          0          0          0          0          0          0          0          0          0          0
  rapidlearning    :       0.01       0.00          0          0          0          0          0          0          0          0          0          0          0
  rlt              :       0.00       0.00         10         10          0          0          0          0          0          0          0          0          0
  zerohalf         :      38.88       0.00       5120         20          0          0      40823     843154          0     122354     122354          0          0
Cutselectors       :   ExecTime  SetupTime      Calls  RootCalls   Selected     Forced   Filtered  RootSelec   RootForc   RootFilt 
  hybrid           :       0.55       0.00      19141         54     133084          0     722299        202          0         34
Pricers            :   ExecTime  SetupTime      Calls       Vars
  problem variables:       0.00          -          0          0
Branching Rules    :   ExecTime  SetupTime   BranchLP  BranchExt   BranchPS    Cutoffs    DomReds       Cuts      Conss   Children
  allfullstrong    :       0.00       0.00          0          0          0          0          0          0          0          0
  cloud            :       0.00       0.00          0          0          0          0          0          0          0          0
  distribution     :       0.00       0.00          0          0          0          0          0          0          0          0
  fullstrong       :       0.00       0.00          0          0          0          0          0          0          0          0
  inference        :       0.00       0.00          0          0          0          0          0          0          0          0
  leastinf         :       0.00       0.00          0          0          0          0          0          0          0          0
  lookahead        :       0.00       0.00          0          0          0          0          0          0          0          0
  mostinf          :       0.00       0.00          0          0          0          0          0          0          0          0
  multaggr         :       0.00       0.00          0          0          0          0          0          0          0          0
  nodereopt        :       0.00       0.00          0          0          0          0          0          0          0          0
  pscost           :       0.00       0.00          0          0          0          0          0          0          0          0
  random           :       0.00       0.00          0          0          0          0          0          0          0          0
  relpscost        :      45.16       0.00      61220          0          0          0       3039          0       1604     119950
  vanillafullstrong:       0.00       0.00          0          0          0          0          0          0          0          0
Primal Heuristics  :   ExecTime  SetupTime      Calls      Found       Best
  LP solutions     :       0.05          -          -         18         18
  relax solutions  :       0.00          -          -          0          0
  pseudo solutions :       0.00          -          -          0          0
  strong branching :       0.02          -          -          5          5
  actconsdiving    :       0.00       0.00          0          0          0
  adaptivediving   :       3.61       0.00         38          0          0
  alns             :       2.43       0.00         22          5          5
  bound            :       0.00       0.00          0          0          0
  clique           :       0.01       0.00          1          0          0
  coefdiving       :       0.00       0.00          0          0          0
  completesol      :       0.00       0.00          0          0          0
  conflictdiving   :      30.65       0.00        354          0          0
  crossover        :       0.06       0.00          0          0          0
  dins             :       0.00       0.00          0          0          0
  distributiondivin:      58.28       0.00        355          0          0
  dps              :       0.00       0.00          0          0          0
  dualval          :       0.00       0.00          0          0          0
  farkasdiving     :       0.01       0.00          0          0          0
  feaspump         :       0.01       0.00          0          0          0
  fixandinfer      :       0.00       0.00          0          0          0
  fracdiving       :      40.96       0.00        355          0          0
  gins             :       0.10       0.00          0          0          0
  guideddiving     :      35.53       0.00        354          2          2
  indicator        :       0.06       0.00          0          0          0
  indicatordiving  :       0.00       0.00          0          0          0
  intdiving        :       0.00       0.00          0          0          0
  intshifting      :       0.33       0.00         52          0          0
  linesearchdiving :      30.28       0.00        354          0          0
  localbranching   :       0.00       0.00          0          0          0
  locks            :       0.00       0.00          1          0          0
  lpface           :       0.06       0.00          0          0          0
  mpec             :     127.36       0.00         11          0          0
  multistart       :       0.00       0.00          0          0          0
  mutation         :       0.00       0.00          0          0          0
  nlpdiving        :       8.49       0.00         10          0          0
  objpscostdiving  :      86.52       0.00        107         22          1
  octane           :       0.00       0.00          0          0          0
  ofins            :       0.11       0.00          0          0          0
  oneopt           :       0.11       0.00         45          0          0
  padm             :       0.00       0.00          0          0          0
  proximity        :       0.00       0.00          0          0          0
  pscostdiving     :      39.17       0.00        355          0          0
  randrounding     :       0.43       0.00       3382          0          0
  rens             :       0.00       0.00          0          0          0
  reoptsols        :       0.00       0.00          0          0          0
  repair           :       0.00       0.00          0          0          0
  rins             :      14.85       0.00         10          2          2
  rootsoldiving    :      43.00       0.00         52          2          0
  rounding         :       0.93       0.00       3886          0          0
  shiftandpropagate:       0.00       0.00          0          0          0
  shifting         :      58.39       0.00      16051         15         14
  simplerounding   :       0.09       0.00          0          0          0
  subnlp           :     105.65       0.00          0          0          0
  trivial          :       0.01       0.00          2          2          2
  trivialnegation  :       0.00       0.00          0          0          0
  trustregion      :       0.00       0.00          0          0          0
  trysol           :       0.19       0.00          0          0          0
  twoopt           :       0.00       0.00          0          0          0
  undercover       :       1.23       0.00          1          0          0
  vbounds          :       0.01       0.00          0          0          0
  veclendiving     :      29.14       0.00        355          0          0
  zeroobj          :       0.00       0.00          0          0          0
  zirounding       :       0.46       0.00       1000          0          0
  other solutions  :          -          -          -          0          -
Diving (single)    :      Calls      Nodes   LP Iters Backtracks  Conflicts   MinDepth   MaxDepth   AvgDepth  RoundSols  NLeafSols  MinSolDpt  MaxSolDpt  AvgSolDpt
  actconsdiving    :          0          -          -          -          -          -          -          -          -          -          -          -          -
  coefdiving       :          0          -          -          -          -          -          -          -          -          -          -          -          -
  conflictdiving   :        354      10745     293291        372       9819         35         68       47.7          0          -          -          -          -
  distributiondivin:        355       8575     435652        412       4932         33         55       40.8          0          -          -          -          -
  farkasdiving     :          0          -          -          -          -          -          -          -          -          -          -          -          -
  fracdiving       :        355      56456     384669        330       2678         43        510      175.8          0          -          -          -          -
  guideddiving     :        354      48603     334009        165       2101         49        452      154.6          0          2         61         86       73.5
  indicatordiving  :          0          -          -          -          -          -          -          -          -          -          -          -          -
  linesearchdiving :        354      12587     300030        403       9252         34         77       52.1          0          -          -          -          -
  pscostdiving     :        355      11146     405201        375       6024         38         61       48.0          0          -          -          -          -
  veclendiving     :        355      10234     296366        366      11304         38         62       45.4          0          -          -          -          -
Diving (adaptive)  :      Calls      Nodes   LP Iters Backtracks  Conflicts   MinDepth   MaxDepth   AvgDepth  RoundSols  NLeafSols  MinSolDpt  MaxSolDpt  AvgSolDpt
  actconsdiving    :         13        350      14429         10        157         37         48       42.1          0          -          -          -          -
  coefdiving       :         14        418      11974         14        464         39         60       45.6          0          -          -          -          -
  conflictdiving   :          0          -          -          -          -          -          -          -          -          -          -          -          -
  distributiondivin:          0          -          -          -          -          -          -          -          -          -          -          -          -
  farkasdiving     :          0          -          -          -          -          -          -          -          -          -          -          -          -
  fracdiving       :          1         59       1248          2         20         75         75       75.0          0          -          -          -          -
  guideddiving     :          3        227       3133          1         44         71        104       89.7          0          -          -          -          -
  indicatordiving  :          0          -          -          -          -          -          -          -          -          -          -          -          -
  linesearchdiving :          1         41        945          1         28         55         55       55.0          0          -          -          -          -
  pscostdiving     :          0          -          -          -          -          -          -          -          -          -          -          -          -
  veclendiving     :          6        165       4944          6        145         40         52       43.5          0          -          -          -          -
Neighborhoods      :      Calls  SetupTime  SolveTime SolveNodes       Sols       Best       Exp3  EpsGreedy        UCB TgtFixRate  Opt  Inf Node Stal  Sol  Usr Othr Actv
  rens             :          3       0.16       0.10          5          0          0    0.00000   -1.00000    0.53521      0.437    0    3    0    0    0    0    0    1
  rins             :          2       0.07       0.07         21          0          0    0.00000   -1.00000    0.52468      0.550    0    2    0    0    0    0    0    1
  mutation         :          6       0.19       0.46        270          3          3    0.00000   -1.00000    0.52188      0.594    2    2    0    2    0    0    0    1
  localbranching   :          2       0.07       0.11         63          0          0    0.00000   -1.00000    0.47000      0.850    0    1    0    1    0    0    0    1
  crossover        :          2       0.10       0.08         61          0          0    0.00000   -1.00000    0.47629      0.550    0    2    0    0    0    0    0    1
  proximity        :          3       0.18       0.31        254          1          1    0.00000   -1.00000    0.50292      0.812    0    1    0    2    0    0    0    1
  zeroobjective    :          2       0.04       0.19        197          1          1    0.00000   -1.00000    0.50038      0.550    1    1    0    0    0    0    0    1
  dins             :          2       0.06       0.10         88          0          0    0.00000   -1.00000    0.43223      0.850    0    1    0    1    0    0    0    1
  trustregion      :          0       0.00       0.00          0          0          0    0.00000   -1.00000    1.00000      0.900    0    0    0    0    0    0    0    0
Expressions        :   #IntEval  IntEvalTi   #RevProp  RevPropTi    DomReds    Cutoffs  #Estimate  EstimTime  Branching  #Simplify SimplifyTi Simplified
  pow              :          0       0.00          0       0.00          0          0          0       0.00          0          0       0.00          0
  prod             :       6320       0.00          0       0.00          0          0          0       0.00          0       4690       0.00          0
  sum              :          8       0.00          2       0.00          0          0          0       0.00          0          3       0.00          2
  var              :       5485       0.00          0       0.00          0          0          0       0.00          0      11154       0.01          0
  varidx           :          0       0.00          0       0.00          0          0          0       0.00          0          0       0.00          0
LP                 :       Time      Calls Iterations  Iter/call   Iter/sec  Time-0-It Calls-0-It    ItLimit
  primal LP        :     115.16       8549          0       0.00       0.00     115.08       8549
  dual LP          :    2479.97     137629   13121732     106.24    5291.08       5.60      14124
  lex dual LP      :       0.00          0          0       0.00          -
  barrier LP       :       0.00          0          0       0.00          -       0.00          0
  resolve instable :       0.00          0          0       0.00          -
  diving/probing LP:     346.84      13708    3241695     236.48    9346.37
  strong branching :      22.78       2482     254796     102.66   11185.07          -          -         87
    (at root node) :          -         19       3145     165.53          -
  conflict analysis:       4.92       2975      29360       9.87    5967.48
NLP relaxation     :
  solve time       :       8.47 (10 calls)
  convexity        :  nonconvex (4 linear rows, 0 convex ineq., 0 nonconvex ineq., 1530 nonlinear eq. or two-sided ineq.)
NLP Solvers        :  #Problems  ProblemTi    #Solves  SolveTime      #Iter  Time/Iter      #Okay #TimeLimit #IterLimit #LObjLimit #Interrupt  #NumError #EvalError  #OutOfMem #LicenseEr #OtherTerm   #GlobOpt    #LocOpt  #Feasible #LocInfeas #GlobInfea #Unbounded   #Unknown
  ipopt            :         12       4.37         37     138.94       2440       0.06         37          0          0          0          0          0          0          0          0          0          0          0          0         27          0          0         10
B&B Tree           :
  number of runs   :          1
  nodes            :     103137 (59975 internal, 43162 leaves)
  feasible leaves  :         18
  infeas. leaves   :         17
  objective leaves :      43126
  nodes (total)    :     103137 (59975 internal, 43162 leaves)
  nodes left       :      16787
  max depth        :         53
  max depth (total):         53
  backtracks       :      21966 (21.3%)
  early backtracks :          0 (0.0%)
  nodes exc. ref.  :          0 (0.0%)
  delayed cutoffs  :          0
  repropagations   :         28 (48 domain reductions, 0 cutoffs)
  avg switch length:       4.22
  switching time   :     132.51
Estim. Tree Size   :     206328
Estimation Tree    : 119951 nodes (103164 visited, 59975 internal, 43189 leaves, 16787 open), weight: 0.0000 completed 0.0973
Estimations        :      estim      value      trend resolution     smooth
  wbe              : 17751095524          -          -          -          -
  tree-profile     :         -1          -          -          -          -
  gap              :    1274340    0.79080    0.00002         64    1231394
  tree-weight      :     206328    0.00000    0.00000         64     205993
  leaf-frequency   :     690222    0.41864    0.00002         64     842398
  ssg              :    6083305    0.84630   -0.00002         64    5876384
  open-nodes       :     206328 16787.00000   10.94149         64     205993
Root Node          :
  First LP value   : -1.00000000000000e+00
  First LP Iters   :       1198 (17114.29 Iter/sec)
  First LP Time    :       0.07
  Final Dual Bound : -9.34810126582281e-01
  Final Root Iters :       2204
  Root LP Estimate : -5.31977111093956e-01
Solution           :
  Solutions found  :         73 (49 improvements)
  First Solution   : +1.00000000000000e+05   (in run 1, after 0 nodes, 0.00 seconds, depth 0, found by <trivial>)
  Gap First Sol.   :   infinite
  Gap Last Sol.    :      27.52 %
  Primal Bound     : -5.78481012658228e-01   (in run 1, after 84916 nodes, 2914.52 seconds, depth 39, found by <relaxation>)
  Dual Bound       : -7.31516110471807e-01
  Gap              :      26.45 %
Integrals          :      Total       Avg%
  primal-dual      :   92045.81      25.57
  primal-ref       :          -          - (not evaluated)
  dual-ref         :          -          - (not evaluated)
