SCIP Status        : solving was interrupted [time limit reached]
Total Time         :    3600.00
  solving          :    3600.00
  presolving       :       0.34 (included in solving)
  reading          :       0.00
  copying          :       1.44 (79 #copies) (minimal 0.00, maximal 0.04, average 0.02)
Original Problem   :
  Problem name     : bbbenchmark/g05_100.1.cut
  Variables        : 101 (100 binary, 0 integer, 0 implicit integer, 1 continuous)
  Constraints      : 1 initial, 1 maximal
  Objective        : minimize, 1 non-zeros (abs.min = 1, abs.max = 1)
Presolved Problem  :
  Problem name     : t_bbbenchmark/g05_100.1.cut
  Variables        : 1804 (100 binary, 0 integer, 1688 implicit integer, 16 continuous)
  Constraints      : 1734 initial, 6442 maximal
  Objective        : minimize, 1 non-zeros (abs.min = 1, abs.max = 1)
  Nonzeros         : 8517 constraint, 202 clique table
Presolvers         :   ExecTime  SetupTime  Calls  FixedVars   AggrVars   ChgTypes  ChgBounds   AddHoles    DelCons    AddCons   ChgSides   ChgCoefs
  boundshift       :       0.00       0.00      0          0          0          0          0          0          0          0          0          0
  convertinttobin  :       0.00       0.00      0          0          0          0          0          0          0          0          0          0
  domcol           :       0.00       0.00      1          0          0          0          0          0          0          0          0          0
  dualagg          :       0.00       0.00      0          0          0          0          0          0          0          0          0          0
  dualcomp         :       0.00       0.00      1          0          0          0          0          0          0          0          0          0
  dualinfer        :       0.00       0.00      0          0          0          0          0          0          0          0          0          0
  dualsparsify     :       0.00       0.00      1          0          0          0          0          0          0          0          0          0
  gateextraction   :       0.00       0.00      0          0          0          0          0          0          0          0          0          0
  implics          :       0.00       0.00      2          0          0          0          0          0          0          0          0          0
  inttobinary      :       0.00       0.00      0          0          0          0          0          0          0          0          0          0
  qpkktref         :       0.00       0.00      0          0          0          0          0          0          0          0          0          0
  redvub           :       0.00       0.00      0          0          0          0          0          0          0          0          0          0
  sparsify         :       0.00       0.00      1          0          0          0          0          0          0          0          0          0
  stuffing         :       0.00       0.00      0          0          0          0          0          0          0          0          0          0
  trivial          :       0.00       0.00      4          0          0          0          0          0          0          0          0          0
  tworowbnd        :       0.00       0.00      0          0          0          0          0          0          0          0          0          0
  dualfix          :       0.00       0.00      4          0          0          0          0          0          0          0          0          0
  genvbounds       :       0.00       0.00      0          0          0          0          0          0          0          0          0          0
  probing          :       0.29       0.00      1          0          0          0          0          0          0          0          0          0
  pseudoobj        :       0.00       0.00      1          0          0          0          1          0          0          0          0          0
  symmetry         :       0.00       0.00      0          0          0          0          0          0          0          0          0          0
  vbounds          :       0.00       0.00      1          0          0          0          0          0          0          0          0          0
  varbound         :       0.00       0.00      2          0          0          0          0          0          0          0          0          0
  and              :       0.01       0.01      2          0          0          0          0          0          0          0          0          0
  linear           :       0.00       0.00      2          0          0          0          0          0          0          0          0          0
  logicor          :       0.00       0.00      0          0          0          0          0          0          0          0          0          0
  bounddisjunction :       0.00       0.00      0          0          0          0          0          0          0          0          0          0
  nonlinear        :       0.04       0.00      5          0          0          0          1          0          0       1733          0          0
  benders          :       0.00       0.00      0          0          0          0          0          0          0          0          0          0
  components       :       0.00       0.00      1          0          0          0          0          0          0          0          0          0
  root node        :          -          -      -          0          -          -         14          -          -          -          -          -
Constraints        :     Number  MaxNumber  #Separate #Propagate    #EnfoLP    #EnfoRelax  #EnfoPS    #Check   #ResProp    Cutoffs    DomReds       Cuts    Applied      Conss   Children
  benderslp        :          0          0          0          0     241880          0          0      16902          0          0          0          0          0          0          0
  integral         :          0          0          0          0     241880          0          0      16902          0          0      18565          0          0      24913     450692
  varbound         :         15         15         36     968826          0          0          0        410          0          0     129789          0          0          0          0
  and              :       1688       1688     269724    1295753         10          0          0        410     439286          2    3605342       1255       1248          0          0
  linear           :         31+        39         36    1295782         10          0          0        408       8382        121    1085028          0          0          0          0
  logicor          :          0+      3888          0     211439          0          0          0          0       1097        973       2334          0          0          0          0
  bounddisjunction :          0+      1044          0     200326          0          0          0          0         28        189        246          0          0          0          0
  benders          :          0          0          0          0         10          0          0        136          0          0          0          0          0          0          0
  countsols        :          0          0          0          0         10          0          0        136          0          0          0          0          0          0          0
  components       :          0          0          0          0          0          0          0          0          0          0          0          0          0          0          0
Constraint Timings :  TotalTime  SetupTime   Separate  Propagate     EnfoLP     EnfoPS     EnfoRelax   Check    ResProp    SB-Prop
  benderslp        :       0.34       0.00       0.00       0.00       0.34       0.00       0.00       0.00       0.00       0.00
  integral         :     160.69       0.00       0.00       0.00     160.62       0.00       0.00       0.07       0.00       0.00
  varbound         :       1.71       0.00       0.00       1.57       0.00       0.00       0.00       0.01       0.00       0.13
  and              :     174.10       0.01     123.96      49.13       0.00       0.00       0.00       0.10       0.42       0.48
  linear           :       7.39       0.00       0.08       7.18       0.00       0.00       0.00       0.00       0.07       0.06
  logicor          :      10.63       0.00       0.00      10.57       0.00       0.00       0.00       0.00       0.00       0.06
  bounddisjunction :       6.57       0.00       0.00       6.53       0.00       0.00       0.00       0.00       0.00       0.04
  benders          :       0.00       0.00       0.00       0.00       0.00       0.00       0.00       0.00       0.00       0.00
  countsols        :       0.00       0.00       0.00       0.00       0.00       0.00       0.00       0.00       0.00       0.00
  components       :       0.33       0.00       0.00       0.32       0.00       0.00       0.00       0.00       0.00       0.01
Propagators        : #Propagate   #ResProp    Cutoffs    DomReds
  dualfix          :          4          0          0          0
  genvbounds       :          0          0          0          0
  nlobbt           :          0          0          0          0
  obbt             :          0          0          0          0
  probing          :          0          0          0          0
  pseudoobj        :    1112087          0          6        652
  redcost          :     541410          0          0     760448
  rootredcost      :         22          0          0          0
  symmetry         :          0          0          0          0
  vbounds          :     260406          0          0          0
Propagator Timings :  TotalTime  SetupTime   Presolve  Propagate    ResProp    SB-Prop
  dualfix          :       0.00       0.00       0.00       0.00       0.00       0.00
  genvbounds       :       0.91       0.00       0.00       0.90       0.00       0.01
  nlobbt           :       0.00       0.00       0.00       0.00       0.00       0.00
  obbt             :       0.00       0.00       0.00       0.00       0.00       0.00
  probing          :       0.29       0.00       0.29       0.00       0.00       0.00
  pseudoobj        :       1.46       0.00       0.00       1.46       0.00       0.00
  redcost          :      28.47       0.00       0.00      28.47       0.00       0.00
  rootredcost      :       1.00       0.00       0.00       0.98       0.00       0.02
  symmetry         :       0.57       0.00       0.00       0.56       0.00       0.01
  vbounds          :       1.18       0.00       0.00       1.17       0.00       0.01
Conflict Analysis  :       Time      Calls    Success    DomReds  Conflicts   Literals    Reconvs ReconvLits   Dualrays   Nonzeros   LP Iters   (pool size: [10000,10000])
  propagation      :       0.02       1170       1007          -       1672       61.4          0        0.0          -          -          -
  infeasible LP    :       0.14         83         83          -       3787      152.8          0        0.0        128      173.3          0
  bound exceed. LP :     110.73      39359      34304          -     171107       84.7          7       19.1          0        0.0     579486
  strong branching :       0.00          0          0          -          0        0.0          0        0.0          -          -          0
  pseudo solution  :       0.00          0          0          -          0        0.0          0        0.0          -          -          -
  applied globally :       1.03          -          -          0      64645       75.2          -          -        128          -          -
  applied locally  :          -          -          -          0          0        0.0          -          -          0          -          -
Separators         :   ExecTime  SetupTime      Calls  RootCalls    Cutoffs    DomReds  FoundCuts ViaPoolAdd  DirectAdd    Applied ViaPoolApp  DirectApp      Conss
  cut pool         :       7.08          -      31916         60          -          -      39187    1639832          -          -          -          -          -    (maximal pool size:       3792)
  aggregation      :     176.08       0.00       5506         36          0          0          8        272          0          1          1          0          0
  > cmir           :          -          -          -          -          -          -          -        272          0          1          1          0          -
  > flowcover      :          -          -          -          -          -          -          -          0          0          0          0          0          -
  > knapsackcover  :          -          -          -          -          -          -          -          0          0          0          0          0          -
  cgmip            :       0.00       0.00          0          0          0          0          0          0          0          0          0          0          0
  clique           :       0.00       0.00         36         36          0          0          0          0          0          0          0          0          0
  closecuts        :       0.00       0.00          0          0          0          0          0          0          0          0          0          0          0
  convexproj       :       0.00       0.00          0          0          0          0          0          0          0          0          0          0          0
  disjunctive      :       0.00       0.00          0          0          0          0          0          0          0          0          0          0          0
  eccuts           :       0.00       0.00          0          0          0          0          0          0          0          0          0          0          0
  gauge            :       0.00       0.00          0          0          0          0          0          0          0          0          0          0          0
  gomory           :       0.00       0.00          0          0          0          0          0          0          0          0          0          0          0
  > gomorymi       :          -          -          -          -          -          -          -          0          0          0          0          0          -
  > strongcg       :          -          -          -          -          -          -          -          0          0          0          0          0          -
  impliedbounds    :       0.45       0.00       5506         36          0          0          0          0          0          0          0          0          0
  interlattice     :       0.00       0.00          0          0          0          0          0          0          0          0          0          0          0
  interminor       :       0.00       0.00          0          0          0          0          0          0          0          0          0          0          0
  intersub         :       0.29       0.00         12         12          0          0         10          0         10          9          0          9          0
  intobj           :       0.00       0.00          0          0          0          0          0          0          0          0          0          0          0
  mcf              :       0.00       0.00          1          1          0          0          0          0          0          0          0          0          0
  minor            :       0.03       0.00          0          0          0          0          0          0          0          0          0          0          0
  mixing           :       0.01       0.00       5506         36          0          0          0          0          0          0          0          0          0
  oddcycle         :       0.00       0.00          0          0          0          0          0          0          0          0          0          0          0
  rapidlearning    :       0.03       0.00          0          0          0          0          0          0          0          0          0          0          0
  rlt              :       0.00       0.00         10         10          0          0          0          0          0          0          0          0          0
  zerohalf         :      43.32       0.00       4495         20          0          0      39179    1639560          0     181160     181160          0          0
Cutselectors       :   ExecTime  SetupTime      Calls  RootCalls   Selected     Forced   Filtered  RootSelec   RootForc   RootFilt 
  hybrid           :       1.76       0.00      16093         34     182418          0    1458679        213          0          3
Pricers            :   ExecTime  SetupTime      Calls       Vars
  problem variables:       0.00          -          0          0
Branching Rules    :   ExecTime  SetupTime   BranchLP  BranchExt   BranchPS    Cutoffs    DomReds       Cuts      Conss   Children
  allfullstrong    :       0.00       0.00          0          0          0          0          0          0          0          0
  cloud            :       0.00       0.00          0          0          0          0          0          0          0          0
  distribution     :       0.00       0.00          0          0          0          0          0          0          0          0
  fullstrong       :       0.00       0.00          0          0          0          0          0          0          0          0
  inference        :       0.00       0.00          0          0          0          0          0          0          0          0
  leastinf         :       0.00       0.00          0          0          0          0          0          0          0          0
  lookahead        :       0.00       0.00          0          0          0          0          0          0          0          0
  mostinf          :       0.00       0.00          0          0          0          0          0          0          0          0
  multaggr         :       0.00       0.00          0          0          0          0          0          0          0          0
  nodereopt        :       0.00       0.00          0          0          0          0          0          0          0          0
  pscost           :       0.00       0.00          0          0          0          0          0          0          0          0
  random           :       0.00       0.00          0          0          0          0          0          0          0          0
  relpscost        :     160.01       0.00     241870          0          0          0      18565          0      24913     450692
  vanillafullstrong:       0.00       0.00          0          0          0          0          0          0          0          0
Primal Heuristics  :   ExecTime  SetupTime      Calls      Found       Best
  LP solutions     :       0.28          -          -         10         10
  relax solutions  :       0.00          -          -          0          0
  pseudo solutions :       0.00          -          -          0          0
  strong branching :       0.01          -          -          0          0
  actconsdiving    :       0.00       0.00          0          0          0
  adaptivediving   :      11.81       0.00        100          1          1
  alns             :       4.33       0.00         42          7          7
  bound            :       0.00       0.00          0          0          0
  clique           :       0.01       0.00          1          0          0
  coefdiving       :       0.00       0.00          0          0          0
  completesol      :       0.00       0.00          0          0          0
  conflictdiving   :     144.84       0.00       1047          0          0
  crossover        :       3.97       0.00          3          1          1
  dins             :       0.00       0.00          0          0          0
  distributiondivin:      73.07       0.00        345          0          0
  dps              :       0.00       0.00          0          0          0
  dualval          :       0.00       0.00          0          0          0
  farkasdiving     :       0.00       0.00          0          0          0
  feaspump         :       0.20       0.00          1          1          1
  fixandinfer      :       0.00       0.00          0          0          0
  fracdiving       :      47.52       0.00        468          0          0
  gins             :       0.35       0.00          0          0          0
  guideddiving     :      48.54       0.00        471          1          1
  indicator        :       0.20       0.00          0          0          0
  indicatordiving  :       0.00       0.00          0          0          0
  intdiving        :       0.00       0.00          0          0          0
  intshifting      :       0.38       0.00         64          0          0
  linesearchdiving :      45.92       0.00        449          0          0
  localbranching   :       0.00       0.00          0          0          0
  locks            :       0.01       0.00          1          0          0
  lpface           :       0.21       0.00          0          0          0
  mpec             :      99.38       0.00         11          3          3
  multistart       :       0.00       0.00          0          0          0
  mutation         :       0.00       0.00          0          0          0
  nlpdiving        :      14.27       0.00          3          0          0
  objpscostdiving  :     102.62       0.00        185        105          1
  octane           :       0.00       0.00          0          0          0
  ofins            :       0.19       0.00          0          0          0
  oneopt           :       0.32       0.00         25          0          0
  padm             :       0.00       0.00          0          0          0
  proximity        :       0.00       0.00          0          0          0
  pscostdiving     :      44.76       0.00        384          1          1
  randrounding     :       0.83       0.00      16762          0          0
  rens             :       0.00       0.00          0          0          0
  reoptsols        :       0.00       0.00          0          0          0
  repair           :       0.00       0.00          0          0          0
  rins             :       6.47       0.00         34          0          0
  rootsoldiving    :      45.36       0.00         62          9          0
  rounding         :       1.95       0.00       7006          0          0
  shiftandpropagate:       0.00       0.00          0          0          0
  shifting         :      29.64       0.00       7203          1          1
  simplerounding   :       0.26       0.00          0          0          0
  subnlp           :     318.09       0.00          0          0          0
  trivial          :       0.00       0.00          2          2          2
  trivialnegation  :       0.00       0.00          0          0          0
  trustregion      :       0.00       0.00          0          0          0
  trysol           :       0.39       0.00          0          0          0
  twoopt           :       0.00       0.00          0          0          0
  undercover       :       1.82       0.00          1          1          1
  vbounds          :       0.00       0.00          0          0          0
  veclendiving     :      47.18       0.00        444          0          0
  zeroobj          :       0.00       0.00          0          0          0
  zirounding       :       0.63       0.00       1000          0          0
  other solutions  :          -          -          -          0          -
Diving (single)    :      Calls      Nodes   LP Iters Backtracks  Conflicts   MinDepth   MaxDepth   AvgDepth  RoundSols  NLeafSols  MinSolDpt  MaxSolDpt  AvgSolDpt
  actconsdiving    :          0          -          -          -          -          -          -          -          -          -          -          -          -
  coefdiving       :          0          -          -          -          -          -          -          -          -          -          -          -          -
  conflictdiving   :       1047      47550    1577302       1157      17679         49         89       66.4          0          -          -          -          -
  distributiondivin:        345      13180     537390        375       6328         48         71       58.9          0          -          -          -          -
  farkasdiving     :          0          -          -          -          -          -          -          -          -          -          -          -          -
  fracdiving       :        468      43546     532602        159       2547         61        265      114.5          0          -          -          -          -
  guideddiving     :        471      42177     543567        197       5039         60        211      111.0          0          1        119        119      119.0
  indicatordiving  :          0          -          -          -          -          -          -          -          -          -          -          -          -
  linesearchdiving :        449      19326     533264        373      23907         48         89       64.0          0          -          -          -          -
  pscostdiving     :        384      16530     549760        419       9361         55         80       63.8          0          1         80         80       80.0
  veclendiving     :        444      19673     533285        400      28982         54         83       65.1          0          -          -          -          -
Diving (adaptive)  :      Calls      Nodes   LP Iters Backtracks  Conflicts   MinDepth   MaxDepth   AvgDepth  RoundSols  NLeafSols  MinSolDpt  MaxSolDpt  AvgSolDpt
  actconsdiving    :         12        435      16280         10        110         54         63       57.4          0          -          -          -          -
  coefdiving       :         36       1657      43006         23       2052         55         81       65.8          0          -          -          -          -
  conflictdiving   :          0          -          -          -          -          -          -          -          -          -          -          -          -
  distributiondivin:          0          -          -          -          -          -          -          -          -          -          -          -          -
  farkasdiving     :          0          -          -          -          -          -          -          -          -          -          -          -          -
  fracdiving       :          2        118       2372          1         20         75         86       80.5          0          -          -          -          -
  guideddiving     :          3        255       3057          0          0         87        130      106.7          0          1        103        103      103.0
  indicatordiving  :          0          -          -          -          -          -          -          -          -          -          -          -          -
  linesearchdiving :         27       1417      36237         12       1329         55         87       69.6          0          -          -          -          -
  pscostdiving     :          3        156       4444          4         97         71         71       71.0          0          -          -          -          -
  veclendiving     :         17        781      21366         15       1163         58         78       65.6          0          -          -          -          -
Neighborhoods      :      Calls  SetupTime  SolveTime SolveNodes       Sols       Best       Exp3  EpsGreedy        UCB TgtFixRate  Opt  Inf Node Stal  Sol  Usr Othr Actv
  rens             :          3       0.06       0.15        101          0          0    0.00000   -1.00000    0.44725      0.662    0    2    0    1    0    0    0    1
  rins             :          4       0.08       0.13        176          0          0    0.00000   -1.00000    0.46529      0.822    0    2    0    2    0    0    0    1
  mutation         :         14       0.60       1.28       1450          2          2    0.00000   -1.00000    0.47090      0.689    1    7    0    6    0    0    0    1
  localbranching   :          8       0.17       0.78       1288          3          3    0.00000   -1.00000    0.46411      0.797    1    3    0    4    0    0    0    1
  crossover        :          2       0.05       0.08         69          0          0    0.00000   -1.00000    0.45390      0.850    0    1    0    1    0    0    0    1
  proximity        :          2       0.04       0.12         77          0          0    0.00000   -1.00000    0.45774      0.850    0    1    0    1    0    0    0    1
  zeroobjective    :          4       0.08       0.08        157          0          0    0.00000   -1.00000    0.46648      0.822    0    2    0    2    0    0    0    1
  dins             :          5       0.14       0.20        192          2          2    0.00000   -1.00000    0.45197      0.801    1    1    0    2    0    0    1    1
  trustregion      :          0       0.00       0.00          0          0          0    0.00000   -1.00000    1.00000      0.900    0    0    0    0    0    0    0    0
Expressions        :   #IntEval  IntEvalTi   #RevProp  RevPropTi    DomReds    Cutoffs  #Estimate  EstimTime  Branching  #Simplify SimplifyTi Simplified
  pow              :          0       0.00          0       0.00          0          0          0       0.00          0          0       0.00          0
  prod             :       9900       0.00          0       0.00          0          0          0       0.00          0       6638       0.01          0
  sum              :          8       0.00          2       0.00          0          0          0       0.00          0          3       0.00          2
  var              :       6221       0.00          0       0.00          0          0          0       0.00          0      15282       0.00          0
  varidx           :          0       0.00          0       0.00          0          0          0       0.00          0          0       0.00          0
LP                 :       Time      Calls Iterations  Iter/call   Iter/sec  Time-0-It Calls-0-It    ItLimit
  primal LP        :      97.27      19479          0       0.00       0.00      97.09      19479
  dual LP          :    1404.43     453587   10407982      25.26    7410.82      14.22      41587
  lex dual LP      :       0.00          0          0       0.00          -
  barrier LP       :       0.00          0          0       0.00          -       0.00          0
  resolve instable :       0.00          0          0       0.00          -
  diving/probing LP:     524.21      29307    5985041     204.22   11417.26
  strong branching :      26.75      19173     128485       6.70    4803.18          -          -        324
    (at root node) :          -         19       4041     212.68          -
  conflict analysis:      58.77      64408     579486       9.00    9860.23
NLP relaxation     :
  solve time       :      13.54 (10 calls)
  convexity        :  nonconvex (46 linear rows, 0 convex ineq., 0 nonconvex ineq., 1688 nonlinear eq. or two-sided ineq.)
NLP Solvers        :  #Problems  ProblemTi    #Solves  SolveTime      #Iter  Time/Iter      #Okay #TimeLimit #IterLimit #LObjLimit #Interrupt  #NumError #EvalError  #OutOfMem #LicenseEr #OtherTerm   #GlobOpt    #LocOpt  #Feasible #LocInfeas #GlobInfea #Unbounded   #Unknown
  ipopt            :         12      14.26         42     114.32       1775       0.06         40          0          2          0          0          0          0          0          0          0          0         23          0         15          0          0          4
B&B Tree           :
  number of runs   :          1
  nodes            :     379621 (225346 internal, 154275 leaves)
  feasible leaves  :         10
  infeas. leaves   :        203
  objective leaves :     154061
  nodes (total)    :     379621 (225346 internal, 154275 leaves)
  nodes left       :      70328
  max depth        :         75
  max depth (total):         75
  backtracks       :      81253 (21.4%)
  early backtracks :          0 (0.0%)
  nodes exc. ref.  :          0 (0.0%)
  delayed cutoffs  :        388
  repropagations   :       2255 (12801 domain reductions, 362 cutoffs)
  avg switch length:       5.92
  switching time   :     174.87
Estim. Tree Size   :     760730
Estimation Tree    : 450693 nodes (380365 visited, 225346 internal, 155019 leaves, 70328 open), weight: 0.0000 completed 0.0916
Estimations        :      estim      value      trend resolution     smooth
  wbe              : 155387413816392448          -          -          -          -
  tree-profile     :         -1          -          -          -          -
  gap              :   12547198    0.67898    0.00001        256   12453034
  tree-weight      :     760730    0.00000    0.00000        256     759654
  leaf-frequency   :     760730    0.40755   -0.00002        256     759654
  ssg              :   22509331    0.85531   -0.00002        256   22015281
  open-nodes       :     760730 70328.00000  101.55205        256     759654
Root Node          :
  First LP value   : -1.00000000000000e+00
  First LP Iters   :       1675 (10468.75 Iter/sec)
  First LP Time    :       0.16
  Final Dual Bound : -9.52433705650582e-01
  Final Root Iters :       3029
  Root LP Estimate : -3.80619648408705e-01
Solution           :
  Solutions found  :        143 (30 improvements)
  First Solution   : +1.00000000000000e+05   (in run 1, after 0 nodes, 0.00 seconds, depth 0, found by <trivial>)
  Gap First Sol.   :   infinite
  Gap Last Sol.    :      47.94 %
  Primal Bound     : -5.65656565656564e-01   (in run 1, after 291057 nodes, 2425.06 seconds, depth 20, found by <alns>)
  Dual Bound       : -8.33094101018956e-01
  Gap              :      47.28 %
Integrals          :      Total       Avg%
  primal-dual      :  126390.41      35.11
  primal-ref       :          -          - (not evaluated)
  dual-ref         :          -          - (not evaluated)
