SCIP Status        : solving was interrupted [time limit reached]
Total Time         :    3600.01
  solving          :    3600.00
  presolving       :       0.32 (included in solving)
  reading          :       0.01
  copying          :       1.26 (38 #copies) (minimal 0.00, maximal 0.06, average 0.03)
Original Problem   :
  Problem name     : bbbenchmark/g05_80.8.cut
  Variables        : 81 (80 binary, 0 integer, 0 implicit integer, 1 continuous)
  Constraints      : 1 initial, 1 maximal
  Objective        : minimize, 1 non-zeros (abs.min = 1, abs.max = 1)
Presolved Problem  :
  Problem name     : t_bbbenchmark/g05_80.8.cut
  Variables        : 1612 (80 binary, 0 integer, 1530 implicit integer, 2 continuous)
  Constraints      : 1534 initial, 6834 maximal
  Objective        : minimize, 1 non-zeros (abs.min = 1, abs.max = 1)
  Nonzeros         : 6307 constraint, 162 clique table
Presolvers         :   ExecTime  SetupTime  Calls  FixedVars   AggrVars   ChgTypes  ChgBounds   AddHoles    DelCons    AddCons   ChgSides   ChgCoefs
  boundshift       :       0.00       0.00      0          0          0          0          0          0          0          0          0          0
  convertinttobin  :       0.00       0.00      0          0          0          0          0          0          0          0          0          0
  domcol           :       0.00       0.00      1          0          0          0          0          0          0          0          0          0
  dualagg          :       0.00       0.00      0          0          0          0          0          0          0          0          0          0
  dualcomp         :       0.00       0.00      1          0          0          0          0          0          0          0          0          0
  dualinfer        :       0.00       0.00      0          0          0          0          0          0          0          0          0          0
  dualsparsify     :       0.00       0.00      1          0          0          0          0          0          0          0          0          0
  gateextraction   :       0.00       0.00      0          0          0          0          0          0          0          0          0          0
  implics          :       0.00       0.00      2          0          0          0          0          0          0          0          0          0
  inttobinary      :       0.00       0.00      0          0          0          0          0          0          0          0          0          0
  qpkktref         :       0.00       0.00      0          0          0          0          0          0          0          0          0          0
  redvub           :       0.00       0.00      0          0          0          0          0          0          0          0          0          0
  sparsify         :       0.00       0.00      1          0          0          0          0          0          0          0          0          0
  stuffing         :       0.00       0.00      0          0          0          0          0          0          0          0          0          0
  trivial          :       0.00       0.00      4          0          0          0          0          0          0          0          0          0
  tworowbnd        :       0.00       0.00      0          0          0          0          0          0          0          0          0          0
  dualfix          :       0.00       0.00      4          0          0          0          0          0          0          0          0          0
  genvbounds       :       0.00       0.00      0          0          0          0          0          0          0          0          0          0
  probing          :       0.21       0.00      1          0          0          0          0          0          0          0          0          0
  pseudoobj        :       0.00       0.00      1          0          0          0          1          0          0          0          0          0
  symmetry         :       0.00       0.00      0          0          0          0          0          0          0          0          0          0
  vbounds          :       0.00       0.00      1          0          0          0          0          0          0          0          0          0
  varbound         :       0.00       0.00      2          0          0          0          0          0          0          0          0          0
  and              :       0.00       0.01      2          0          0          0          0          0          0          0          0          0
  linear           :       0.01       0.00      2          0          0          0          0          0          0          0          0          0
  logicor          :       0.00       0.00      0          0          0          0          0          0          0          0          0          0
  bounddisjunction :       0.00       0.00      0          0          0          0          0          0          0          0          0          0
  nonlinear        :       0.10       0.00      5          0          0          0          1          0          0       1533          0          0
  benders          :       0.00       0.00      0          0          0          0          0          0          0          0          0          0
  components       :       0.00       0.00      1          0          0          0          0          0          0          0          0          0
  root node        :          -          -      -          0          -          -         24          -          -          -          -          -
Constraints        :     Number  MaxNumber  #Separate #Propagate    #EnfoLP    #EnfoRelax  #EnfoPS    #Check   #ResProp    Cutoffs    DomReds       Cuts    Applied      Conss   Children
  benderslp        :          0          0          0          0      60787          0          0       1781          0          0          0          0          0          0          0
  integral         :          0          0          0          0      60787          0          0       1781          0          0       3997          0          0       1531     119180
  varbound         :          1          1         24      80110          0          0          0         33          0          0       1004          0          0          0          0
  and              :       1530       1530      69333     446589          8          0          0         33     184933          6    1998640       1114       1058          0          0
  linear           :          3+         8         24     446586          8          0          0         31         98          1      14723          0          0          0          0
  logicor          :          0+      5245          0     120724          0          0          0          0        213        445         37          0          0          0          0
  bounddisjunction :          0+       253          0      18844          0          0          0          0          0         17          0          0          0          0          0
  benders          :          0          0          0          0          8          0          0         31          0          0          0          0          0          0          0
  countsols        :          0          0          0          0          8          0          0         31          0          0          0          0          0          0          0
  components       :          0          0          0          0          0          0          0          0          0          0          0          0          0          0          0
Constraint Timings :  TotalTime  SetupTime   Separate  Propagate     EnfoLP     EnfoPS     EnfoRelax   Check    ResProp    SB-Prop
  benderslp        :       0.09       0.00       0.00       0.00       0.09       0.00       0.00       0.00       0.00       0.00
  integral         :      48.15       0.00       0.00       0.00      48.15       0.00       0.00       0.00       0.00       0.00
  varbound         :       0.04       0.00       0.00       0.04       0.00       0.00       0.00       0.00       0.00       0.00
  and              :      63.82       0.01      38.60      24.57       0.00       0.00       0.00       0.00       0.20       0.44
  linear           :       0.76       0.00       0.00       0.76       0.00       0.00       0.00       0.00       0.00       0.00
  logicor          :       7.04       0.00       0.00       7.02       0.00       0.00       0.00       0.00       0.00       0.02
  bounddisjunction :       0.22       0.00       0.00       0.22       0.00       0.00       0.00       0.00       0.00       0.00
  benders          :       0.00       0.00       0.00       0.00       0.00       0.00       0.00       0.00       0.00       0.00
  countsols        :       0.00       0.00       0.00       0.00       0.00       0.00       0.00       0.00       0.00       0.00
  components       :       0.19       0.00       0.00       0.19       0.00       0.00       0.00       0.00       0.00       0.00
Propagators        : #Propagate   #ResProp    Cutoffs    DomReds
  dualfix          :          2          0          0          0
  genvbounds       :          0          0          0          0
  nlobbt           :          0          0          0          0
  obbt             :          0          0          0          0
  probing          :          0          0          0          0
  pseudoobj        :     277309          0          0         24
  redcost          :     143714          0          0      79658
  rootredcost      :         17          0          0          0
  symmetry         :          0          0          0          0
  vbounds          :      45142          0          0          0
Propagator Timings :  TotalTime  SetupTime   Presolve  Propagate    ResProp    SB-Prop
  dualfix          :       0.00       0.00       0.00       0.00       0.00       0.00
  genvbounds       :       0.33       0.00       0.00       0.33       0.00       0.00
  nlobbt           :       0.00       0.00       0.00       0.00       0.00       0.00
  obbt             :       0.00       0.00       0.00       0.00       0.00       0.00
  probing          :       0.21       0.00       0.21       0.00       0.00       0.00
  pseudoobj        :       0.65       0.00       0.00       0.65       0.00       0.00
  redcost          :       9.03       0.00       0.00       9.03       0.00       0.00
  rootredcost      :       0.26       0.00       0.00       0.26       0.00       0.00
  symmetry         :       0.21       0.00       0.00       0.21       0.00       0.00
  vbounds          :       0.37       0.00       0.00       0.37       0.00       0.00
Conflict Analysis  :       Time      Calls    Success    DomReds  Conflicts   Literals    Reconvs ReconvLits   Dualrays   Nonzeros   LP Iters   (pool size: [10000,10000])
  propagation      :       0.03        468        369          -        456       47.2          0        0.0          -          -          -
  infeasible LP    :       0.00          2          2          -         44       74.8          0        0.0          6       82.3          0
  bound exceed. LP :      13.11       7387       5650          -      65979       65.0          1       38.0          0        0.0      28106
  strong branching :       0.00          0          0          -          0        0.0          0        0.0          -          -          0
  pseudo solution  :       0.00          0          0          -          0        0.0          0        0.0          -          -          -
  applied globally :       0.32          -          -          0      21466       66.7          -          -          6          -          -
  applied locally  :          -          -          -          0          0        0.0          -          -          0          -          -
Separators         :   ExecTime  SetupTime      Calls  RootCalls    Cutoffs    DomReds  FoundCuts ViaPoolAdd  DirectAdd    Applied ViaPoolApp  DirectApp      Conss
  cut pool         :       4.85          -      21911         47          -          -      35564     847659          -          -          -          -          -    (maximal pool size:       2027)
  aggregation      :      38.99       0.00       4657         24          0          0        218       3511          0       1288       1288          0          0
  > cmir           :          -          -          -          -          -          -          -       3511          0       1288       1288          0          -
  > flowcover      :          -          -          -          -          -          -          -          0          0          0          0          0          -
  > knapsackcover  :          -          -          -          -          -          -          -          0          0          0          0          0          -
  cgmip            :       0.00       0.00          0          0          0          0          0          0          0          0          0          0          0
  clique           :       0.01       0.00         24         24          0          0          0          0          0          0          0          0          0
  closecuts        :       0.00       0.00          0          0          0          0          0          0          0          0          0          0          0
  convexproj       :       0.00       0.00          0          0          0          0          0          0          0          0          0          0          0
  disjunctive      :       0.00       0.00          0          0          0          0          0          0          0          0          0          0          0
  eccuts           :       0.00       0.00          0          0          0          0          0          0          0          0          0          0          0
  gauge            :       0.00       0.00          0          0          0          0          0          0          0          0          0          0          0
  gomory           :       0.00       0.00          0          0          0          0          0          0          0          0          0          0          0
  > gomorymi       :          -          -          -          -          -          -          -          0          0          0          0          0          -
  > strongcg       :          -          -          -          -          -          -          -          0          0          0          0          0          -
  impliedbounds    :       0.25       0.00       4657         24          0          0          4          0          0          0          0          0          0
  interlattice     :       0.00       0.00          0          0          0          0          0          0          0          0          0          0          0
  interminor       :       0.00       0.00          0          0          0          0          0          0          0          0          0          0          0
  intersub         :       0.04       0.00          3          3          0          0          2          0          2          2          0          2          0
  intobj           :       0.00       0.00          0          0          0          0          0          0          0          0          0          0          0
  mcf              :       0.00       0.00          1          1          0          0          0          0          0          0          0          0          0
  minor            :       0.00       0.00          0          0          0          0          0          0          0          0          0          0          0
  mixing           :       0.02       0.00       4658         24          0          0          0          0          0          0          0          0          0
  oddcycle         :       0.00       0.00          0          0          0          0          0          0          0          0          0          0          0
  rapidlearning    :       0.00       0.00          0          0          0          0          0          0          0          0          0          0          0
  rlt              :       0.00       0.00         10         10          0          0          0          0          0          0          0          0          0
  zerohalf         :      39.22       0.00       4156         20          0          0      35342     844148          0     108337     108337          0          0
Cutselectors       :   ExecTime  SetupTime      Calls  RootCalls   Selected     Forced   Filtered  RootSelec   RootForc   RootFilt 
  hybrid           :       0.71       0.00      11952         23     110685          0     738090        183          0         11
Pricers            :   ExecTime  SetupTime      Calls       Vars
  problem variables:       0.00          -          0          0
Branching Rules    :   ExecTime  SetupTime   BranchLP  BranchExt   BranchPS    Cutoffs    DomReds       Cuts      Conss   Children
  allfullstrong    :       0.00       0.00          0          0          0          0          0          0          0          0
  cloud            :       0.00       0.00          0          0          0          0          0          0          0          0
  distribution     :       0.00       0.00          0          0          0          0          0          0          0          0
  fullstrong       :       0.00       0.00          0          0          0          0          0          0          0          0
  inference        :       0.00       0.00          0          0          0          0          0          0          0          0
  leastinf         :       0.00       0.00          0          0          0          0          0          0          0          0
  lookahead        :       0.00       0.00          0          0          0          0          0          0          0          0
  mostinf          :       0.00       0.00          0          0          0          0          0          0          0          0
  multaggr         :       0.00       0.00          0          0          0          0          0          0          0          0
  nodereopt        :       0.00       0.00          0          0          0          0          0          0          0          0
  pscost           :       0.00       0.00          0          0          0          0          0          0          0          0
  random           :       0.00       0.00          0          0          0          0          0          0          0          0
  relpscost        :      47.78       0.00      60779          0          0          0       3997          0       1533     119180
  vanillafullstrong:       0.00       0.00          0          0          0          0          0          0          0          0
Primal Heuristics  :   ExecTime  SetupTime      Calls      Found       Best
  LP solutions     :       0.02          -          -          8          8
  relax solutions  :       0.00          -          -          0          0
  pseudo solutions :       0.00          -          -          0          0
  strong branching :       0.02          -          -          0          0
  actconsdiving    :       0.00       0.00          0          0          0
  adaptivediving   :       3.29       0.00         41          0          0
  alns             :       5.20       0.00         25          7          7
  bound            :       0.00       0.00          0          0          0
  clique           :       0.01       0.00          1          0          0
  coefdiving       :       0.00       0.00          0          0          0
  completesol      :       0.00       0.00          0          0          0
  conflictdiving   :      29.20       0.00        410          0          0
  crossover        :       0.78       0.00          6          0          0
  dins             :       0.00       0.00          0          0          0
  distributiondivin:      53.37       0.00        410          0          0
  dps              :       0.00       0.00          0          0          0
  dualval          :       0.00       0.00          0          0          0
  farkasdiving     :       0.01       0.00          0          0          0
  feaspump         :       0.01       0.00          0          0          0
  fixandinfer      :       0.00       0.00          0          0          0
  fracdiving       :      37.06       0.00        411          0          0
  gins             :       0.09       0.00          0          0          0
  guideddiving     :      31.19       0.00        410          1          1
  indicator        :       0.07       0.00          0          0          0
  indicatordiving  :       0.00       0.00          0          0          0
  intdiving        :       0.00       0.00          0          0          0
  intshifting      :       0.32       0.00         45          0          0
  linesearchdiving :      30.51       0.00        410          0          0
  localbranching   :       0.00       0.00          0          0          0
  locks            :       0.01       0.00          1          0          0
  lpface           :       0.10       0.00          0          0          0
  mpec             :      61.54       0.00         11          0          0
  multistart       :       0.00       0.00          0          0          0
  mutation         :       0.00       0.00          0          0          0
  nlpdiving        :       8.98       0.00          9          0          0
  objpscostdiving  :      58.24       0.00         83          6          1
  octane           :       0.00       0.00          0          0          0
  ofins            :       0.11       0.00          0          0          0
  oneopt           :       0.12       0.00         25          0          0
  padm             :       0.00       0.00          0          0          0
  proximity        :       0.00       0.00          0          0          0
  pscostdiving     :      41.62       0.00        410          1          1
  randrounding     :       0.11       0.00       1746          0          0
  rens             :       0.00       0.00          0          0          0
  reoptsols        :       0.00       0.00          0          0          0
  repair           :       0.00       0.00          0          0          0
  rins             :       5.17       0.00          6          1          1
  rootsoldiving    :      33.21       0.00         43          0          0
  rounding         :       1.08       0.00       3699          0          0
  shiftandpropagate:       0.00       0.00          0          0          0
  shifting         :      55.90       0.00      12973          9          7
  simplerounding   :       0.04       0.00          0          0          0
  subnlp           :     110.69       0.00          0          0          0
  trivial          :       0.00       0.00          2          2          2
  trivialnegation  :       0.00       0.00          0          0          0
  trustregion      :       0.00       0.00          0          0          0
  trysol           :       0.10       0.00          0          0          0
  twoopt           :       0.00       0.00          0          0          0
  undercover       :       0.82       0.00          1          1          1
  vbounds          :       0.00       0.00          0          0          0
  veclendiving     :      29.46       0.00        410          0          0
  zeroobj          :       0.00       0.00          0          0          0
  zirounding       :       0.53       0.00       1000          0          0
  other solutions  :          -          -          -          0          -
Diving (single)    :      Calls      Nodes   LP Iters Backtracks  Conflicts   MinDepth   MaxDepth   AvgDepth  RoundSols  NLeafSols  MinSolDpt  MaxSolDpt  AvgSolDpt
  actconsdiving    :          0          -          -          -          -          -          -          -          -          -          -          -          -
  coefdiving       :          0          -          -          -          -          -          -          -          -          -          -          -          -
  conflictdiving   :        410      13683     278702        447      10282         38         69       52.6          0          -          -          -          -
  distributiondivin:        410       9579     401991        466       5137         32         53       41.1          0          -          -          -          -
  farkasdiving     :          0          -          -          -          -          -          -          -          -          -          -          -          -
  fracdiving       :        411      37460     357220        445       5177         39        439      109.2          0          -          -          -          -
  guideddiving     :        410      33291     309839        286       5629         36        332       99.3          0          1        103        103      103.0
  indicatordiving  :          0          -          -          -          -          -          -          -          -          -          -          -          -
  linesearchdiving :        410      11066     320051        476      11348         32         73       45.0          0          -          -          -          -
  pscostdiving     :        410      12534     421775        423       9731         38         63       48.4          0          1         57         57       57.0
  veclendiving     :        410      11670     301126        430      13119         37         68       47.1          0          -          -          -          -
Diving (adaptive)  :      Calls      Nodes   LP Iters Backtracks  Conflicts   MinDepth   MaxDepth   AvgDepth  RoundSols  NLeafSols  MinSolDpt  MaxSolDpt  AvgSolDpt
  actconsdiving    :         11        267       9250          9        118         39         45       42.0          0          -          -          -          -
  coefdiving       :         18        532      12787         19        686         39         66       48.7          0          -          -          -          -
  conflictdiving   :          0          -          -          -          -          -          -          -          -          -          -          -          -
  distributiondivin:          0          -          -          -          -          -          -          -          -          -          -          -          -
  farkasdiving     :          0          -          -          -          -          -          -          -          -          -          -          -          -
  fracdiving       :          2        118       1656          2         35         71         81       76.0          0          -          -          -          -
  guideddiving     :          1         48        596          1         34         67         67       67.0          0          -          -          -          -
  indicatordiving  :          0          -          -          -          -          -          -          -          -          -          -          -          -
  linesearchdiving :          1         42        829          1         22         57         57       57.0          0          -          -          -          -
  pscostdiving     :          2         70       2124          2         63         46         53       49.5          0          -          -          -          -
  veclendiving     :          6        151       4285          6        126         40         55       45.0          0          -          -          -          -
Neighborhoods      :      Calls  SetupTime  SolveTime SolveNodes       Sols       Best       Exp3  EpsGreedy        UCB TgtFixRate  Opt  Inf Node Stal  Sol  Usr Othr Actv
  rens             :          3       0.20       0.08          3          0          0    0.00000   -1.00000    0.53767      0.437    0    3    0    0    0    0    0    1
  rins             :          2       0.08       0.04         11          0          0    0.00000   -1.00000    0.53632      0.550    0    2    0    0    0    0    0    1
  mutation         :          6       0.31       1.17        547          6          6    0.00000   -1.00000    0.47633      0.562    3    1    0    2    0    0    0    1
  localbranching   :          3       0.17       0.21         76          0          0    0.00000   -1.00000    0.45035      0.662    0    2    0    1    0    0    0    1
  crossover        :          3       0.21       0.53        105          0          0    0.00000   -1.00000    0.37502      0.662    0    2    0    1    0    0    0    1
  proximity        :          2       0.13       0.07         52          0          0    0.00000   -1.00000    0.48141      0.550    0    2    0    0    0    0    0    1
  zeroobjective    :          4       0.26       1.45        274          1          1    0.00000   -1.00000    0.47517      0.522    1    2    0    1    0    0    0    1
  dins             :          2       0.07       0.03         11          0          0    0.00000   -1.00000    0.53632      0.550    0    2    0    0    0    0    0    1
  trustregion      :          0       0.00       0.00          0          0          0    0.00000   -1.00000    1.00000      0.900    0    0    0    0    0    0    0    0
Expressions        :   #IntEval  IntEvalTi   #RevProp  RevPropTi    DomReds    Cutoffs  #Estimate  EstimTime  Branching  #Simplify SimplifyTi Simplified
  pow              :          0       0.00          0       0.00          0          0          0       0.00          0          0       0.00          0
  prod             :       6320       0.01          0       0.00          0          0          0       0.00          0       4690       0.04          0
  sum              :          8       0.00          2       0.00          0          0          0       0.00          0          3       0.02          2
  var              :       5485       0.00          0       0.00          0          0          0       0.00          0      11154       0.00          0
  varidx           :          0       0.00          0       0.00          0          0          0       0.00          0          0       0.00          0
LP                 :       Time      Calls Iterations  Iter/call   Iter/sec  Time-0-It Calls-0-It    ItLimit
  primal LP        :     121.76       9886          0       0.00       0.00     121.73       9886
  dual LP          :    2550.75     123525   12434488     109.73    4874.84       4.37      10203
  lex dual LP      :       0.00          0          0       0.00          -
  barrier LP       :       0.00          0          0       0.00          -       0.00          0
  resolve instable :       0.00          0          0       0.00          -
  diving/probing LP:     292.80      13926    2970211     213.29   10144.16
  strong branching :      22.74       2429     223998      92.22    9850.40          -          -         14
    (at root node) :          -         19       2810     147.89          -
  conflict analysis:       4.44       2866      28106       9.81    6330.18
NLP relaxation     :
  solve time       :       8.96 (9 calls)
  convexity        :  nonconvex (4 linear rows, 0 convex ineq., 0 nonconvex ineq., 1530 nonlinear eq. or two-sided ineq.)
NLP Solvers        :  #Problems  ProblemTi    #Solves  SolveTime      #Iter  Time/Iter      #Okay #TimeLimit #IterLimit #LObjLimit #Interrupt  #NumError #EvalError  #OutOfMem #LicenseEr #OtherTerm   #GlobOpt    #LocOpt  #Feasible #LocInfeas #GlobInfea #Unbounded   #Unknown
  ipopt            :         12       4.61         29      71.76       1424       0.05         29          0          0          0          0          0          0          0          0          0          0          0          0         20          0          0          9
B&B Tree           :
  number of runs   :          1
  nodes            :     100200 (59590 internal, 40610 leaves)
  feasible leaves  :          8
  infeas. leaves   :         19
  objective leaves :      40582
  nodes (total)    :     100200 (59590 internal, 40610 leaves)
  nodes left       :      18667
  max depth        :         53
  max depth (total):         53
  backtracks       :      21347 (21.3%)
  early backtracks :          0 (0.0%)
  nodes exc. ref.  :          0 (0.0%)
  delayed cutoffs  :          1
  repropagations   :         31 (62 domain reductions, 0 cutoffs)
  avg switch length:       4.62
  switching time   :     144.13
Estim. Tree Size   :     201028
Estimation Tree    : 119181 nodes (100514 visited, 59590 internal, 40924 leaves, 18667 open), weight: 0.0000 completed 0.1328
Estimations        :      estim      value      trend resolution     smooth
  wbe              : 11718395924          -          -          -          -
  tree-profile     :         -1          -          -          -          -
  gap              :     636269    0.77317    0.00005         64     710180
  tree-weight      :     201028    0.00001    0.00000         64     200793
  leaf-frequency   :    2752014    0.40714    0.00000         64    2336551
  ssg              :    3947063    0.79026   -0.00003         64    4031932
  open-nodes       :     201028 18667.00000   14.71379         64     200793
Root Node          :
  First LP value   : -1.00000000000000e+00
  First LP Iters   :       1081 (13512.50 Iter/sec)
  First LP Time    :       0.08
  Final Dual Bound : -9.36828118353690e-01
  Final Root Iters :       1903
  Root LP Estimate : -4.71094953036449e-01
Solution           :
  Solutions found  :         36 (29 improvements)
  First Solution   : +1.00000000000000e+05   (in run 1, after 0 nodes, 0.04 seconds, depth 0, found by <trivial>)
  Gap First Sol.   :   infinite
  Gap Last Sol.    :      30.48 %
  Primal Bound     : -5.79632911392404e-01   (in run 1, after 83636 nodes, 2984.32 seconds, depth 20, found by <alns>)
  Dual Bound       : -7.49683544303799e-01
  Gap              :      29.34 %
Integrals          :      Total       Avg%
  primal-dual      :   94990.30      26.39
  primal-ref       :          -          - (not evaluated)
  dual-ref         :          -          - (not evaluated)
