SCIP Status        : solving was interrupted [time limit reached]
Total Time         :    3600.00
  solving          :    3600.00
  presolving       :       0.24 (included in solving)
  reading          :       0.00
  copying          :       0.97 (31 #copies) (minimal 0.00, maximal 0.07, average 0.03)
Original Problem   :
  Problem name     : bbbenchmark/g05_80.2.cut
  Variables        : 81 (80 binary, 0 integer, 0 implicit integer, 1 continuous)
  Constraints      : 1 initial, 1 maximal
  Objective        : minimize, 1 non-zeros (abs.min = 1, abs.max = 1)
Presolved Problem  :
  Problem name     : t_bbbenchmark/g05_80.2.cut
  Variables        : 1612 (80 binary, 0 integer, 1530 implicit integer, 2 continuous)
  Constraints      : 1534 initial, 7525 maximal
  Objective        : minimize, 1 non-zeros (abs.min = 1, abs.max = 1)
  Nonzeros         : 6307 constraint, 162 clique table
Presolvers         :   ExecTime  SetupTime  Calls  FixedVars   AggrVars   ChgTypes  ChgBounds   AddHoles    DelCons    AddCons   ChgSides   ChgCoefs
  boundshift       :       0.00       0.00      0          0          0          0          0          0          0          0          0          0
  convertinttobin  :       0.00       0.00      0          0          0          0          0          0          0          0          0          0
  domcol           :       0.00       0.00      1          0          0          0          0          0          0          0          0          0
  dualagg          :       0.00       0.00      0          0          0          0          0          0          0          0          0          0
  dualcomp         :       0.00       0.00      1          0          0          0          0          0          0          0          0          0
  dualinfer        :       0.00       0.00      0          0          0          0          0          0          0          0          0          0
  dualsparsify     :       0.00       0.00      1          0          0          0          0          0          0          0          0          0
  gateextraction   :       0.00       0.00      0          0          0          0          0          0          0          0          0          0
  implics          :       0.00       0.00      2          0          0          0          0          0          0          0          0          0
  inttobinary      :       0.00       0.00      0          0          0          0          0          0          0          0          0          0
  qpkktref         :       0.00       0.00      0          0          0          0          0          0          0          0          0          0
  redvub           :       0.00       0.00      0          0          0          0          0          0          0          0          0          0
  sparsify         :       0.00       0.00      1          0          0          0          0          0          0          0          0          0
  stuffing         :       0.00       0.00      0          0          0          0          0          0          0          0          0          0
  trivial          :       0.00       0.00      4          0          0          0          0          0          0          0          0          0
  tworowbnd        :       0.00       0.00      0          0          0          0          0          0          0          0          0          0
  dualfix          :       0.00       0.00      4          0          0          0          0          0          0          0          0          0
  genvbounds       :       0.00       0.00      0          0          0          0          0          0          0          0          0          0
  probing          :       0.11       0.00      1          0          0          0          0          0          0          0          0          0
  pseudoobj        :       0.00       0.00      1          0          0          0          1          0          0          0          0          0
  symmetry         :       0.00       0.00      0          0          0          0          0          0          0          0          0          0
  vbounds          :       0.00       0.00      1          0          0          0          0          0          0          0          0          0
  varbound         :       0.00       0.00      2          0          0          0          0          0          0          0          0          0
  and              :       0.00       0.01      2          0          0          0          0          0          0          0          0          0
  linear           :       0.00       0.00      2          0          0          0          0          0          0          0          0          0
  logicor          :       0.00       0.00      0          0          0          0          0          0          0          0          0          0
  nonlinear        :       0.13       0.00      5          0          0          0          1          0          0       1533          0          0
  benders          :       0.00       0.00      0          0          0          0          0          0          0          0          0          0
  components       :       0.00       0.00      1          0          0          0          0          0          0          0          0          0
  root node        :          -          -      -          0          -          -         24          -          -          -          -          -
Constraints        :     Number  MaxNumber  #Separate #Propagate    #EnfoLP    #EnfoRelax  #EnfoPS    #Check   #ResProp    Cutoffs    DomReds       Cuts    Applied      Conss   Children
  benderslp        :          0          0          0          0      56119          0          0        916          0          0          0          0          0          0          0
  integral         :          0          0          0          0      56119          0          0        916          0          0       2981          0          0       1521     110106
  varbound         :          1          1         38       6446          0          0          0         28          0          0         88          0          0          0          0
  and              :       1530       1530      63747     457636          2          0          0         28     158636          3    1960971       2155       2092          0          0
  linear           :          3          3         38     457636          2          0          0         26          0          0      19213          0          0          0          0
  logicor          :          0+      5991          0     112125          0          0          0          0        308        436         51          0          0          0          0
  benders          :          0          0          0          0          2          0          0         25          0          0          0          0          0          0          0
  countsols        :          0          0          0          0          2          0          0         25          0          0          0          0          0          0          0
  components       :          0          0          0          0          0          0          0          0          0          0          0          0          0          0          0
Constraint Timings :  TotalTime  SetupTime   Separate  Propagate     EnfoLP     EnfoPS     EnfoRelax   Check    ResProp    SB-Prop
  benderslp        :       0.08       0.00       0.00       0.00       0.08       0.00       0.00       0.00       0.00       0.00
  integral         :      52.95       0.00       0.00       0.00      52.94       0.00       0.00       0.01       0.00       0.00
  varbound         :       0.00       0.00       0.00       0.00       0.00       0.00       0.00       0.00       0.00       0.00
  and              :      56.98       0.01      34.40      21.92       0.00       0.00       0.00       0.00       0.12       0.53
  linear           :       0.54       0.00       0.00       0.54       0.00       0.00       0.00       0.00       0.00       0.00
  logicor          :       6.54       0.00       0.00       6.50       0.00       0.00       0.00       0.00       0.00       0.04
  benders          :       0.00       0.00       0.00       0.00       0.00       0.00       0.00       0.00       0.00       0.00
  countsols        :       0.00       0.00       0.00       0.00       0.00       0.00       0.00       0.00       0.00       0.00
  components       :       0.11       0.00       0.00       0.11       0.00       0.00       0.00       0.00       0.00       0.00
Propagators        : #Propagate   #ResProp    Cutoffs    DomReds
  dualfix          :          4          0          0          0
  genvbounds       :          0          0          0          0
  nlobbt           :          0          0          0          0
  obbt             :          0          0          0          0
  probing          :          0          0          0          0
  pseudoobj        :     264440          0          0         24
  redcost          :     132407          0          0      84604
  rootredcost      :         15          0          0          0
  symmetry         :          0          0          0          0
  vbounds          :      31802          0          0          0
Propagator Timings :  TotalTime  SetupTime   Presolve  Propagate    ResProp    SB-Prop
  dualfix          :       0.00       0.00       0.00       0.00       0.00       0.00
  genvbounds       :       0.34       0.00       0.00       0.34       0.00       0.00
  nlobbt           :       0.00       0.00       0.00       0.00       0.00       0.00
  obbt             :       0.00       0.00       0.00       0.00       0.00       0.00
  probing          :       0.11       0.00       0.11       0.00       0.00       0.00
  pseudoobj        :       0.62       0.00       0.00       0.61       0.00       0.01
  redcost          :       7.60       0.00       0.00       7.60       0.00       0.00
  rootredcost      :       0.39       0.00       0.00       0.38       0.00       0.01
  symmetry         :       0.25       0.00       0.00       0.24       0.00       0.01
  vbounds          :       0.37       0.00       0.00       0.37       0.00       0.00
Conflict Analysis  :       Time      Calls    Success    DomReds  Conflicts   Literals    Reconvs ReconvLits   Dualrays   Nonzeros   LP Iters   (pool size: [10000,10000])
  propagation      :       0.00        439        335          -        370       43.2          0        0.0          -          -          -
  infeasible LP    :       0.00          0          0          -          0        0.0          0        0.0          0        0.0          0
  bound exceed. LP :      12.14       6758       4729          -      56891       63.3          1       36.0          0        0.0      27551
  strong branching :       0.00          0          0          -          0        0.0          0        0.0          -          -          0
  pseudo solution  :       0.00          0          0          -          0        0.0          0        0.0          -          -          -
  applied globally :       0.25          -          -          0      16468       67.6          -          -          0          -          -
  applied locally  :          -          -          -          0          0        0.0          -          -          0          -          -
Separators         :   ExecTime  SetupTime      Calls  RootCalls    Cutoffs    DomReds  FoundCuts ViaPoolAdd  DirectAdd    Applied ViaPoolApp  DirectApp      Conss
  cut pool         :       4.48          -      17114         61          -          -      34819     964392          -          -          -          -          -    (maximal pool size:       2922)
  aggregation      :      90.33       0.00       4624         38          0          0        373       3325          0        949        949          0          0
  > cmir           :          -          -          -          -          -          -          -       3325          0        949        949          0          -
  > flowcover      :          -          -          -          -          -          -          -          0          0          0          0          0          -
  > knapsackcover  :          -          -          -          -          -          -          -          0          0          0          0          0          -
  cgmip            :       0.00       0.00          0          0          0          0          0          0          0          0          0          0          0
  clique           :       0.00       0.00         38         38          0          0          0          0          0          0          0          0          0
  closecuts        :       0.00       0.00          0          0          0          0          0          0          0          0          0          0          0
  convexproj       :       0.00       0.00          0          0          0          0          0          0          0          0          0          0          0
  disjunctive      :       0.00       0.00          0          0          0          0          0          0          0          0          0          0          0
  eccuts           :       0.00       0.00          0          0          0          0          0          0          0          0          0          0          0
  gauge            :       0.00       0.00          0          0          0          0          0          0          0          0          0          0          0
  gomory           :       0.00       0.00          0          0          0          0          0          0          0          0          0          0          0
  > gomorymi       :          -          -          -          -          -          -          -          0          0          0          0          0          -
  > strongcg       :          -          -          -          -          -          -          -          0          0          0          0          0          -
  impliedbounds    :       0.33       0.00       4624         38          0          0          0          0          0          0          0          0          0
  interlattice     :       0.00       0.00          0          0          0          0          0          0          0          0          0          0          0
  interminor       :       0.00       0.00          0          0          0          0          0          0          0          0          0          0          0
  intersub         :       0.07       0.00         10         10          0          0          8          0          8          8          0          8          0
  intobj           :       0.00       0.00          0          0          0          0          0          0          0          0          0          0          0
  mcf              :       0.00       0.00          1          1          0          0          0          0          0          0          0          0          0
  minor            :       0.01       0.00          0          0          0          0          0          0          0          0          0          0          0
  mixing           :       0.01       0.00       4626         38          0          0          0          0          0          0          0          0          0
  oddcycle         :       0.00       0.00          0          0          0          0          0          0          0          0          0          0          0
  rapidlearning    :       0.00       0.00          0          0          0          0          0          0          0          0          0          0          0
  rlt              :       0.00       0.00         10         10          0          0          0          0          0          0          0          0          0
  zerohalf         :      37.18       0.00       4099         20          0          0      34446     961067          0      96891      96891          0          0
Cutselectors       :   ExecTime  SetupTime      Calls  RootCalls   Selected     Forced   Filtered  RootSelec   RootForc   RootFilt 
  hybrid           :       1.05       0.00      10092         36      99940          0     866615        205          0         14
Pricers            :   ExecTime  SetupTime      Calls       Vars
  problem variables:       0.00          -          0          0
Branching Rules    :   ExecTime  SetupTime   BranchLP  BranchExt   BranchPS    Cutoffs    DomReds       Cuts      Conss   Children
  allfullstrong    :       0.00       0.00          0          0          0          0          0          0          0          0
  cloud            :       0.00       0.00          0          0          0          0          0          0          0          0
  distribution     :       0.00       0.00          0          0          0          0          0          0          0          0
  fullstrong       :       0.00       0.00          0          0          0          0          0          0          0          0
  inference        :       0.00       0.00          0          0          0          0          0          0          0          0
  leastinf         :       0.00       0.00          0          0          0          0          0          0          0          0
  lookahead        :       0.00       0.00          0          0          0          0          0          0          0          0
  mostinf          :       0.00       0.00          0          0          0          0          0          0          0          0
  multaggr         :       0.00       0.00          0          0          0          0          0          0          0          0
  nodereopt        :       0.00       0.00          0          0          0          0          0          0          0          0
  pscost           :       0.00       0.00          0          0          0          0          0          0          0          0
  random           :       0.00       0.00          0          0          0          0          0          0          0          0
  relpscost        :      52.76       0.00      56117          0          0          0       2981          0       1522     110106
  vanillafullstrong:       0.00       0.00          0          0          0          0          0          0          0          0
Primal Heuristics  :   ExecTime  SetupTime      Calls      Found       Best
  LP solutions     :       0.00          -          -          2          2
  relax solutions  :       0.00          -          -          0          0
  pseudo solutions :       0.00          -          -          0          0
  strong branching :       0.04          -          -          1          1
  actconsdiving    :       0.00       0.00          0          0          0
  adaptivediving   :       3.41       0.00         37          0          0
  alns             :       1.82       0.00         16          2          2
  bound            :       0.00       0.00          0          0          0
  clique           :       0.00       0.00          1          0          0
  coefdiving       :       0.00       0.00          0          0          0
  completesol      :       0.00       0.00          0          0          0
  conflictdiving   :      38.97       0.00        393          0          0
  crossover        :       2.67       0.00         14          4          4
  dins             :       0.00       0.00          0          0          0
  distributiondivin:      55.68       0.00        393          0          0
  dps              :       0.00       0.00          0          0          0
  dualval          :       0.00       0.00          0          0          0
  farkasdiving     :       0.00       0.00          0          0          0
  feaspump         :       0.08       0.00          1          1          1
  fixandinfer      :       0.00       0.00          0          0          0
  fracdiving       :      39.91       0.00        393          0          0
  gins             :       0.07       0.00          0          0          0
  guideddiving     :      32.97       0.00        393          4          4
  indicator        :       0.07       0.00          0          0          0
  indicatordiving  :       0.00       0.00          0          0          0
  intdiving        :       0.00       0.00          0          0          0
  intshifting      :       0.23       0.00         36          0          0
  linesearchdiving :      31.02       0.00        393          0          0
  localbranching   :       0.00       0.00          0          0          0
  locks            :       0.01       0.00          1          0          0
  lpface           :       0.04       0.00          0          0          0
  mpec             :       1.50       0.00          1          0          0
  multistart       :       0.00       0.00          0          0          0
  mutation         :       0.00       0.00          0          0          0
  nlpdiving        :      14.63       0.00          9          0          0
  objpscostdiving  :      25.25       0.00         33          0          0
  octane           :       0.00       0.00          0          0          0
  ofins            :       0.05       0.00          0          0          0
  oneopt           :       0.12       0.00         23          0          0
  padm             :       0.00       0.00          0          0          0
  proximity        :       0.00       0.00          0          0          0
  pscostdiving     :      42.91       0.00        393          1          1
  randrounding     :       0.09       0.00        887          0          0
  rens             :       0.00       0.00          0          0          0
  reoptsols        :       0.00       0.00          0          0          0
  repair           :       0.00       0.00          0          0          0
  rins             :       0.81       0.00          1          0          0
  rootsoldiving    :      32.59       0.00         36          0          0
  rounding         :       0.85       0.00       3594          0          0
  shiftandpropagate:       0.00       0.00          0          0          0
  shifting         :      45.76       0.00      10772          7          7
  simplerounding   :       0.10       0.00          0          0          0
  subnlp           :      99.73       0.00          0          0          0
  trivial          :       0.00       0.00          2          2          2
  trivialnegation  :       0.00       0.00          0          0          0
  trustregion      :       0.00       0.00          0          0          0
  trysol           :       0.03       0.00          0          0          0
  twoopt           :       0.00       0.00          0          0          0
  undercover       :       0.16       0.00          1          0          0
  vbounds          :       0.00       0.00          0          0          0
  veclendiving     :      31.90       0.00        393          0          0
  zeroobj          :       0.00       0.00          0          0          0
  zirounding       :       0.44       0.00       1000          0          0
  other solutions  :          -          -          -          0          -
Diving (single)    :      Calls      Nodes   LP Iters Backtracks  Conflicts   MinDepth   MaxDepth   AvgDepth  RoundSols  NLeafSols  MinSolDpt  MaxSolDpt  AvgSolDpt
  actconsdiving    :          0          -          -          -          -          -          -          -          -          -          -          -          -
  coefdiving       :          0          -          -          -          -          -          -          -          -          -          -          -          -
  conflictdiving   :        393      12518     354111        446       9489         36         62       48.2          0          -          -          -          -
  distributiondivin:        393       9441     407865        444       4762         33         54       40.6          0          -          -          -          -
  farkasdiving     :          0          -          -          -          -          -          -          -          -          -          -          -          -
  fracdiving       :        393      51353     363345        365       3867         51        471      147.3          0          -          -          -          -
  guideddiving     :        393      37965     311676        194       2709         42        380      113.9          0          4         57        101       82.5
  indicatordiving  :          0          -          -          -          -          -          -          -          -          -          -          -          -
  linesearchdiving :        393      12675     314406        438       9495         34         68       48.7          0          -          -          -          -
  pscostdiving     :        393      13262     423389        402       6756         39         58       49.9          0          1         56         56       56.0
  veclendiving     :        393      10625     310147        405      12305         36         65       44.6          0          -          -          -          -
Diving (adaptive)  :      Calls      Nodes   LP Iters Backtracks  Conflicts   MinDepth   MaxDepth   AvgDepth  RoundSols  NLeafSols  MinSolDpt  MaxSolDpt  AvgSolDpt
  actconsdiving    :          8        232       8664         10        101         40         46       43.0          0          -          -          -          -
  coefdiving       :         12        301       8955         12        286         36         60       43.1          0          -          -          -          -
  conflictdiving   :          0          -          -          -          -          -          -          -          -          -          -          -          -
  distributiondivin:          0          -          -          -          -          -          -          -          -          -          -          -          -
  farkasdiving     :          0          -          -          -          -          -          -          -          -          -          -          -          -
  fracdiving       :          2        295       2426          3         31         71        254      162.5          0          -          -          -          -
  guideddiving     :          6        614       4847          1         21         79        161      116.5          0          -          -          -          -
  indicatordiving  :          0          -          -          -          -          -          -          -          -          -          -          -          -
  linesearchdiving :          4        139       3480          4        129         40         52       47.0          0          -          -          -          -
  pscostdiving     :          1         37       1201          1          0         51         51       51.0          0          -          -          -          -
  veclendiving     :          4        117       3341          4        186         41         51       44.2          0          -          -          -          -
Neighborhoods      :      Calls  SetupTime  SolveTime SolveNodes       Sols       Best       Exp3  EpsGreedy        UCB TgtFixRate  Opt  Inf Node Stal  Sol  Usr Othr Actv
  rens             :          2       0.12       0.02          0          0          0    0.00000   -1.00000    0.54761      0.550    0    2    0    0    0    0    0    1
  rins             :          1       0.00       0.01          1          0          0    0.00000   -1.00000    0.56633      0.700    0    1    0    0    0    0    0    1
  mutation         :          4       0.23       0.26        108          1          1    0.00000   -1.00000    0.53357      0.578    1    2    0    1    0    0    0    1
  localbranching   :          1       0.01       0.00          3          0          0    0.00000   -1.00000    0.56433      0.700    0    1    0    0    0    0    0    1
  crossover        :          2       0.13       0.12        149          0          0    0.00000   -1.00000    0.34805      0.850    0    1    0    1    0    0    0    1
  proximity        :          2       0.16       0.14        113          0          0    0.00000   -1.00000    0.40474      0.850    0    1    0    1    0    0    0    1
  zeroobjective    :          3       0.15       0.38        158          1          1    0.00000   -1.00000    0.46724      0.662    1    1    0    1    0    0    0    1
  dins             :          1       0.00       0.00          0          0          0    0.00000   -1.00000    0.06733      0.900    0    0    0    0    0    0    1    1
  trustregion      :          0       0.00       0.00          0          0          0    0.00000   -1.00000    1.00000      0.900    0    0    0    0    0    0    0    0
Expressions        :   #IntEval  IntEvalTi   #RevProp  RevPropTi    DomReds    Cutoffs  #Estimate  EstimTime  Branching  #Simplify SimplifyTi Simplified
  pow              :          0       0.00          0       0.00          0          0          0       0.00          0          0       0.00          0
  prod             :       6320       0.00          0       0.00          0          0          0       0.00          0       4690       0.00          0
  sum              :          8       0.00          2       0.00          0          0          0       0.00          0          3       0.01          2
  var              :       5485       0.00          0       0.00          0          0          0       0.00          0      11154       0.00          0
  varidx           :          0       0.00          0       0.00          0          0          0       0.00          0          0       0.00          0
LP                 :       Time      Calls Iterations  Iter/call   Iter/sec  Time-0-It Calls-0-It    ItLimit
  primal LP        :     114.68       8189          0       0.00       0.00     114.66       8189
  dual LP          :    2622.00     117171   11420710     106.66    4355.72       4.76      10094
  lex dual LP      :       0.00          0          0       0.00          -
  barrier LP       :       0.00          0          0       0.00          -       0.00          0
  resolve instable :       0.00          0          0       0.00          -
  diving/probing LP:     283.55      10885    2826001     259.62    9966.50
  strong branching :      30.09       2669     284777     106.70    9464.17          -          -         59
    (at root node) :          -         19       3560     187.37          -
  conflict analysis:       4.89       2792      27551       9.87    5634.15
NLP relaxation     :
  solve time       :      14.62 (9 calls)
  convexity        :  nonconvex (4 linear rows, 0 convex ineq., 0 nonconvex ineq., 1530 nonlinear eq. or two-sided ineq.)
NLP Solvers        :  #Problems  ProblemTi    #Solves  SolveTime      #Iter  Time/Iter      #Okay #TimeLimit #IterLimit #LObjLimit #Interrupt  #NumError #EvalError  #OutOfMem #LicenseEr #OtherTerm   #GlobOpt    #LocOpt  #Feasible #LocInfeas #GlobInfea #Unbounded   #Unknown
  ipopt            :          2       4.18         12      16.25        335       0.05         12          0          0          0          0          0          0          0          0          0          0          0          0          3          0          0          9
B&B Tree           :
  number of runs   :          1
  nodes            :      95949 (55053 internal, 40896 leaves)
  feasible leaves  :          2
  infeas. leaves   :         28
  objective leaves :      40865
  nodes (total)    :      95949 (55053 internal, 40896 leaves)
  nodes left       :      14065
  max depth        :         49
  max depth (total):         49
  backtracks       :      21038 (21.9%)
  early backtracks :          0 (0.0%)
  nodes exc. ref.  :          0 (0.0%)
  delayed cutoffs  :          0
  repropagations   :         44 (107 domain reductions, 0 cutoffs)
  avg switch length:       4.64
  switching time   :     135.09
Estim. Tree Size   :     192084
Estimation Tree    : 110107 nodes (96042 visited, 55053 internal, 40989 leaves, 14065 open), weight: 0.0000 completed 0.1443
Estimations        :      estim      value      trend resolution     smooth
  wbe              : 16409468096          -          -          -          -
  tree-profile     :         -1          -          -          -          -
  gap              :     728647    0.77440    0.00004         64     731864
  tree-weight      :     192084    0.00000    0.00000         64     191686
  leaf-frequency   :     192084    0.42678   -0.00001         64     371354
  ssg              :    1501094    0.77211   -0.00007         64    1643872
  open-nodes       :     192084 14065.00000   14.43462         64     191686
Root Node          :
  First LP value   : -1.00000000000000e+00
  First LP Iters   :       1038 (25950.00 Iter/sec)
  First LP Time    :       0.04
  Final Dual Bound : -9.33038106884654e-01
  Final Root Iters :       2126
  Root LP Estimate : -4.86180075583399e-01
Solution           :
  Solutions found  :         24 (24 improvements)
  First Solution   : +1.00000000000000e+05   (in run 1, after 0 nodes, 0.00 seconds, depth 0, found by <trivial>)
  Gap First Sol.   :   infinite
  Gap Last Sol.    :      36.75 %
  Primal Bound     : -5.76582278481012e-01   (in run 1, after 25905 nodes, 896.89 seconds, depth 37, found by <crossover>)
  Dual Bound       : -7.44556962025318e-01
  Gap              :      29.13 %
Integrals          :      Total       Avg%
  primal-dual      :   93263.93      25.91
  primal-ref       :          -          - (not evaluated)
  dual-ref         :          -          - (not evaluated)
