SCIP Status        : solving was interrupted [time limit reached]
Total Time         :    3600.01
  solving          :    3600.01
  presolving       :       0.46 (included in solving)
  reading          :       0.00
  copying          :       2.52 (56 #copies) (minimal 0.00, maximal 0.12, average 0.04)
Original Problem   :
  Problem name     : bbbenchmark/g05_100.6.cut
  Variables        : 101 (100 binary, 0 integer, 0 implicit integer, 1 continuous)
  Constraints      : 1 initial, 1 maximal
  Objective        : minimize, 1 non-zeros (abs.min = 1, abs.max = 1)
Presolved Problem  :
  Problem name     : t_bbbenchmark/g05_100.6.cut
  Variables        : 1869 (100 binary, 0 integer, 1754 implicit integer, 15 continuous)
  Constraints      : 1797 initial, 10719 maximal
  Objective        : minimize, 1 non-zeros (abs.min = 1, abs.max = 1)
  Nonzeros         : 8643 constraint, 202 clique table
Presolvers         :   ExecTime  SetupTime  Calls  FixedVars   AggrVars   ChgTypes  ChgBounds   AddHoles    DelCons    AddCons   ChgSides   ChgCoefs
  boundshift       :       0.00       0.00      0          0          0          0          0          0          0          0          0          0
  convertinttobin  :       0.00       0.00      0          0          0          0          0          0          0          0          0          0
  domcol           :       0.00       0.00      1          0          0          0          0          0          0          0          0          0
  dualagg          :       0.00       0.00      0          0          0          0          0          0          0          0          0          0
  dualcomp         :       0.00       0.00      1          0          0          0          0          0          0          0          0          0
  dualinfer        :       0.00       0.00      0          0          0          0          0          0          0          0          0          0
  dualsparsify     :       0.00       0.00      1          0          0          0          0          0          0          0          0          0
  gateextraction   :       0.00       0.00      0          0          0          0          0          0          0          0          0          0
  implics          :       0.00       0.00      2          0          0          0          0          0          0          0          0          0
  inttobinary      :       0.00       0.00      0          0          0          0          0          0          0          0          0          0
  qpkktref         :       0.00       0.00      0          0          0          0          0          0          0          0          0          0
  redvub           :       0.00       0.00      0          0          0          0          0          0          0          0          0          0
  sparsify         :       0.00       0.00      1          0          0          0          0          0          0          0          0          0
  stuffing         :       0.00       0.00      0          0          0          0          0          0          0          0          0          0
  trivial          :       0.00       0.00      4          0          0          0          0          0          0          0          0          0
  tworowbnd        :       0.00       0.00      0          0          0          0          0          0          0          0          0          0
  dualfix          :       0.00       0.00      4          0          0          0          0          0          0          0          0          0
  genvbounds       :       0.00       0.00      0          0          0          0          0          0          0          0          0          0
  probing          :       0.27       0.00      1          0          0          0          0          0          0          0          0          0
  pseudoobj        :       0.00       0.00      1          0          0          0          1          0          0          0          0          0
  symmetry         :       0.00       0.00      0          0          0          0          0          0          0          0          0          0
  vbounds          :       0.00       0.00      1          0          0          0          0          0          0          0          0          0
  varbound         :       0.00       0.00      2          0          0          0          0          0          0          0          0          0
  and              :       0.01       0.00      2          0          0          0          0          0          0          0          0          0
  linear           :       0.00       0.00      2          0          0          0          0          0          0          0          0          0
  logicor          :       0.00       0.00      0          0          0          0          0          0          0          0          0          0
  bounddisjunction :       0.00       0.00      0          0          0          0          0          0          0          0          0          0
  nonlinear        :       0.17       0.01      5          0          0          0          1          0          0       1796          0          0
  benders          :       0.00       0.00      0          0          0          0          0          0          0          0          0          0
  components       :       0.00       0.00      1          0          0          0          0          0          0          0          0          0
  root node        :          -          -      -          0          -          -         14          -          -          -          -          -
Constraints        :     Number  MaxNumber  #Separate #Propagate    #EnfoLP    #EnfoRelax  #EnfoPS    #Check   #ResProp    Cutoffs    DomReds       Cuts    Applied      Conss   Children
  benderslp        :          0          0          0          0      92876          0          0      13597          0          0          0          0          0          0          0
  integral         :          0          0          0          0      92876          0          0      13597          0          0       2405          0          0       1002     184104
  varbound         :         14         14         26     528625          0          0          0         36          0          0      23699          0          0          0          0
  and              :       1754       1754     112053     738088          0          0          0         36     472886          2    2071311       7861       7423          0          0
  linear           :         29+        68         26     738118          0          0          0         34       3270         32     306874          0          0          0          0
  logicor          :          0+      7278          0     137573          0          0          0          0        124        421         51          0          0          0          0
  bounddisjunction :          0+      1719          0      80685          0          0          0          0          2         18          0          0          0          0          0
  benders          :          0          0          0          0          0          0          0         36          0          0          0          0          0          0          0
  countsols        :          0          0          0          0          0          0          0         36          0          0          0          0          0          0          0
  components       :          0          0          0          0          0          0          0          0          0          0          0          0          0          0          0
Constraint Timings :  TotalTime  SetupTime   Separate  Propagate     EnfoLP     EnfoPS     EnfoRelax   Check    ResProp    SB-Prop
  benderslp        :       0.12       0.00       0.00       0.00       0.11       0.00       0.00       0.01       0.00       0.00
  integral         :      61.09       0.00       0.00       0.00      61.06       0.00       0.00       0.03       0.00       0.00
  varbound         :       0.53       0.00       0.00       0.53       0.00       0.00       0.00       0.00       0.00       0.00
  and              :     114.44       0.00      79.30      34.31       0.00       0.00       0.00       0.00       0.32       0.51
  linear           :       4.12       0.00       0.00       4.04       0.00       0.00       0.00       0.00       0.02       0.06
  logicor          :       8.69       0.00       0.00       8.67       0.00       0.00       0.00       0.00       0.01       0.01
  bounddisjunction :       2.88       0.00       0.00       2.87       0.00       0.00       0.00       0.00       0.00       0.01
  benders          :       0.00       0.00       0.00       0.00       0.00       0.00       0.00       0.00       0.00       0.00
  countsols        :       0.00       0.00       0.00       0.00       0.00       0.00       0.00       0.00       0.00       0.00
  components       :       0.19       0.00       0.00       0.19       0.00       0.00       0.00       0.00       0.00       0.00
Propagators        : #Propagate   #ResProp    Cutoffs    DomReds
  dualfix          :          4          0          0          0
  genvbounds       :          0          0          0          0
  nlobbt           :          0          0          0          0
  obbt             :          0          0          0          0
  probing          :          0          0          0          0
  pseudoobj        :     368731          0          0         16
  redcost          :     219061          0          0     132943
  rootredcost      :         14          0          0          0
  symmetry         :          0          0          0          0
  vbounds          :      95998          0          0          0
Propagator Timings :  TotalTime  SetupTime   Presolve  Propagate    ResProp    SB-Prop
  dualfix          :       0.00       0.00       0.00       0.00       0.00       0.00
  genvbounds       :       0.43       0.00       0.00       0.43       0.00       0.00
  nlobbt           :       0.00       0.00       0.00       0.00       0.00       0.00
  obbt             :       0.00       0.00       0.00       0.00       0.00       0.00
  probing          :       0.27       0.00       0.27       0.00       0.00       0.00
  pseudoobj        :       0.73       0.00       0.00       0.71       0.00       0.02
  redcost          :      14.37       0.00       0.00      14.37       0.00       0.00
  rootredcost      :       0.54       0.00       0.00       0.51       0.00       0.03
  symmetry         :       0.25       0.00       0.00       0.25       0.00       0.00
  vbounds          :       0.56       0.00       0.00       0.56       0.00       0.00
Conflict Analysis  :       Time      Calls    Success    DomReds  Conflicts   Literals    Reconvs ReconvLits   Dualrays   Nonzeros   LP Iters   (pool size: [10000,10000])
  propagation      :       0.00        443        350          -        454       69.4          0        0.0          -          -          -
  infeasible LP    :       0.40        211        211          -       8093      136.5          0        0.0        299      181.8          0
  bound exceed. LP :      23.86       8614       6826          -     142966      102.3          1       52.0          0        0.0      65008
  strong branching :       0.00          0          0          -          0        0.0          0        0.0          -          -          0
  pseudo solution  :       0.00          0          0          -          0        0.0          0        0.0          -          -          -
  applied globally :       0.61          -          -          0      38046      110.4          -          -        299          -          -
  applied locally  :          -          -          -          0          0        0.0          -          -          0          -          -
Separators         :   ExecTime  SetupTime      Calls  RootCalls    Cutoffs    DomReds  FoundCuts ViaPoolAdd  DirectAdd    Applied ViaPoolApp  DirectApp      Conss
  cut pool         :       4.81          -      28680         47          -          -      35586    1025744          -          -          -          -          -    (maximal pool size:       3251)
  aggregation      :      47.59       0.00       4661         26          0          0        421       6234          0       3175       3175          0          0
  > cmir           :          -          -          -          -          -          -          -       6234          0       3175       3175          0          -
  > flowcover      :          -          -          -          -          -          -          -          0          0          0          0          0          -
  > knapsackcover  :          -          -          -          -          -          -          -          0          0          0          0          0          -
  cgmip            :       0.00       0.00          0          0          0          0          0          0          0          0          0          0          0
  clique           :       0.00       0.00         26         26          0          0          0          0          0          0          0          0          0
  closecuts        :       0.00       0.00          0          0          0          0          0          0          0          0          0          0          0
  convexproj       :       0.00       0.00          0          0          0          0          0          0          0          0          0          0          0
  disjunctive      :       0.00       0.00          0          0          0          0          0          0          0          0          0          0          0
  eccuts           :       0.00       0.00          0          0          0          0          0          0          0          0          0          0          0
  gauge            :       0.00       0.00          0          0          0          0          0          0          0          0          0          0          0
  gomory           :       0.00       0.00          0          0          0          0          0          0          0          0          0          0          0
  > gomorymi       :          -          -          -          -          -          -          -          0          0          0          0          0          -
  > strongcg       :          -          -          -          -          -          -          -          0          0          0          0          0          -
  impliedbounds    :       0.35       0.00       4661         26          0          0         26          2          0          1          1          0          0
  interlattice     :       0.00       0.00          0          0          0          0          0          0          0          0          0          0          0
  interminor       :       0.00       0.00          0          0          0          0          0          0          0          0          0          0          0
  intersub         :       0.09       0.00          4          4          0          0          2          0          2          2          0          2          0
  intobj           :       0.00       0.00          0          0          0          0          0          0          0          0          0          0          0
  mcf              :       0.00       0.00          1          1          0          0          0          0          0          0          0          0          0
  minor            :       0.03       0.00          0          0          0          0          0          0          0          0          0          0          0
  mixing           :       0.01       0.00       4661         26          0          0          0          0          0          0          0          0          0
  oddcycle         :       0.00       0.00          0          0          0          0          0          0          0          0          0          0          0
  rapidlearning    :       0.02       0.00          0          0          0          0          0          0          0          0          0          0          0
  rlt              :       0.00       0.00         10         10          0          0          0          0          0          0          0          0          0
  zerohalf         :      47.44       0.00       4329         20          0          0      35139    1019508          0     212752     212752          0          0
Cutselectors       :   ExecTime  SetupTime      Calls  RootCalls   Selected     Forced   Filtered  RootSelec   RootForc   RootFilt 
  hybrid           :       1.20       0.00      23686         24     223353          0     810254        182          0          6
Pricers            :   ExecTime  SetupTime      Calls       Vars
  problem variables:       0.00          -          0          0
Branching Rules    :   ExecTime  SetupTime   BranchLP  BranchExt   BranchPS    Cutoffs    DomReds       Cuts      Conss   Children
  allfullstrong    :       0.00       0.00          0          0          0          0          0          0          0          0
  cloud            :       0.00       0.00          0          0          0          0          0          0          0          0
  distribution     :       0.00       0.00          0          0          0          0          0          0          0          0
  fullstrong       :       0.00       0.00          0          0          0          0          0          0          0          0
  inference        :       0.00       0.00          0          0          0          0          0          0          0          0
  leastinf         :       0.00       0.00          0          0          0          0          0          0          0          0
  lookahead        :       0.00       0.00          0          0          0          0          0          0          0          0
  mostinf          :       0.00       0.00          0          0          0          0          0          0          0          0
  multaggr         :       0.00       0.00          0          0          0          0          0          0          0          0
  nodereopt        :       0.00       0.00          0          0          0          0          0          0          0          0
  pscost           :       0.00       0.00          0          0          0          0          0          0          0          0
  random           :       0.00       0.00          0          0          0          0          0          0          0          0
  relpscost        :      60.70       0.00      92876          0          0          0       2405          0       1004     184104
  vanillafullstrong:       0.00       0.00          0          0          0          0          0          0          0          0
Primal Heuristics  :   ExecTime  SetupTime      Calls      Found       Best
  LP solutions     :       0.00          -          -          0          0
  relax solutions  :       0.00          -          -          0          0
  pseudo solutions :       0.00          -          -          0          0
  strong branching :       0.01          -          -          0          0
  actconsdiving    :       0.00       0.00          0          0          0
  adaptivediving   :       3.60       0.00         37          0          0
  alns             :       1.50       0.00         16          1          1
  bound            :       0.00       0.00          0          0          0
  clique           :       0.01       0.00          1          0          0
  coefdiving       :       0.00       0.00          0          0          0
  completesol      :       0.00       0.00          0          0          0
  conflictdiving   :     125.77       0.00       1340          0          0
  crossover        :      10.04       0.00         10          2          2
  dins             :       0.00       0.00          0          0          0
  distributiondivin:      88.05       0.00        478          0          0
  dps              :       0.00       0.00          0          0          0
  dualval          :       0.00       0.00          0          0          0
  farkasdiving     :       0.00       0.00          0          0          0
  feaspump         :       0.17       0.00          1          1          1
  fixandinfer      :       0.00       0.00          0          0          0
  fracdiving       :      54.66       0.00        596          0          0
  gins             :       0.19       0.00          0          0          0
  guideddiving     :      61.42       0.00        596          3          3
  indicator        :       0.14       0.00          0          0          0
  indicatordiving  :       0.00       0.00          0          0          0
  intdiving        :       0.00       0.00          0          0          0
  intshifting      :       0.71       0.00         98          0          0
  linesearchdiving :      60.84       0.00        596          0          0
  localbranching   :       0.00       0.00          0          0          0
  locks            :       0.01       0.00          1          0          0
  lpface           :       0.13       0.00          0          0          0
  mpec             :     139.14       0.00         11          4          4
  multistart       :       0.00       0.00          0          0          0
  mutation         :       0.00       0.00          0          0          0
  nlpdiving        :      12.22       0.00         10          0          0
  objpscostdiving  :      59.52       0.00         70         11          0
  octane           :       0.00       0.00          0          0          0
  ofins            :       0.08       0.00          0          0          0
  oneopt           :       0.09       0.00         18          0          0
  padm             :       0.00       0.00          0          0          0
  proximity        :       0.00       0.00          0          0          0
  pscostdiving     :      67.77       0.00        486          2          2
  randrounding     :       0.60       0.00      13558          0          0
  rens             :       0.00       0.00          0          0          0
  reoptsols        :       0.00       0.00          0          0          0
  repair           :       0.00       0.00          0          0          0
  rins             :       8.78       0.00         29          1          1
  rootsoldiving    :      43.52       0.00         44          1          0
  rounding         :       1.54       0.00       4777          0          0
  shiftandpropagate:       0.00       0.00          0          0          0
  shifting         :      46.81       0.00      10471          4          2
  simplerounding   :       0.05       0.00          0          0          0
  subnlp           :     150.16       0.00          0          0          0
  trivial          :       0.01       0.00          2          2          2
  trivialnegation  :       0.00       0.00          0          0          0
  trustregion      :       0.00       0.00          0          0          0
  trysol           :       0.11       0.00          0          0          0
  twoopt           :       0.00       0.00          0          0          0
  undercover       :       2.06       0.00          1          1          1
  vbounds          :       0.00       0.00          0          0          0
  veclendiving     :      48.79       0.00        596          0          0
  zeroobj          :       0.00       0.00          0          0          0
  zirounding       :       0.42       0.00       1000          0          0
  other solutions  :          -          -          -          0          -
Diving (single)    :      Calls      Nodes   LP Iters Backtracks  Conflicts   MinDepth   MaxDepth   AvgDepth  RoundSols  NLeafSols  MinSolDpt  MaxSolDpt  AvgSolDpt
  actconsdiving    :          0          -          -          -          -          -          -          -          -          -          -          -          -
  coefdiving       :          0          -          -          -          -          -          -          -          -          -          -          -          -
  conflictdiving   :       1340      54602    1515392       1336      59204         53         85       66.5          0          -          -          -          -
  distributiondivin:        478      17622     728903        527       9641         49         73       60.0          0          -          -          -          -
  farkasdiving     :          0          -          -          -          -          -          -          -          -          -          -          -          -
  fracdiving       :        596      44368     608710        362       5387         45        381       99.4          0          -          -          -          -
  guideddiving     :        596      48804     684560        211       8590         41        307      106.6          0          3         86        125      110.3
  indicatordiving  :          0          -          -          -          -          -          -          -          -          -          -          -          -
  linesearchdiving :        596      25259     687104        327      24026         48         93       66.2          0          -          -          -          -
  pscostdiving     :        486      20644     756239        494      10767         34         81       65.8          0          2         68         76       72.0
  veclendiving     :        596      25151     575064        411      28666         53         85       67.1          0          -          -          -          -
Diving (adaptive)  :      Calls      Nodes   LP Iters Backtracks  Conflicts   MinDepth   MaxDepth   AvgDepth  RoundSols  NLeafSols  MinSolDpt  MaxSolDpt  AvgSolDpt
  actconsdiving    :          3        116       3649          3         72         55         59       57.3          0          -          -          -          -
  coefdiving       :         16        713      16980          6        699         54         80       67.0          0          -          -          -          -
  conflictdiving   :          0          -          -          -          -          -          -          -          -          -          -          -          -
  distributiondivin:          0          -          -          -          -          -          -          -          -          -          -          -          -
  farkasdiving     :          0          -          -          -          -          -          -          -          -          -          -          -          -
  fracdiving       :          2        143       1770          1          8         65        138      101.5          0          -          -          -          -
  guideddiving     :          3        221       2816          0          0         65        141      100.3          0          -          -          -          -
  indicatordiving  :          0          -          -          -          -          -          -          -          -          -          -          -          -
  linesearchdiving :          4        190       5197          0        134         62         78       67.5          0          -          -          -          -
  pscostdiving     :          1         32       1577          1         27         59         59       59.0          0          -          -          -          -
  veclendiving     :          8        390       8243          2        324         64         75       67.8          0          -          -          -          -
Neighborhoods      :      Calls  SetupTime  SolveTime SolveNodes       Sols       Best       Exp3  EpsGreedy        UCB TgtFixRate  Opt  Inf Node Stal  Sol  Usr Othr Actv
  rens             :          2       0.08       0.02          1          0          0    0.00000   -1.00000    0.54627      0.550    0    2    0    0    0    0    0    1
  rins             :          2       0.18       0.03         12          0          0    0.00000   -1.00000    0.54084      0.550    0    2    0    0    0    0    0    1
  mutation         :          2       0.17       0.08         64          0          0    0.00000   -1.00000    0.47066      0.850    0    1    0    1    0    0    0    1
  localbranching   :          5       0.25       0.15        268          1          1    0.00000   -1.00000    0.55357      0.837    0    2    0    3    0    0    0    1
  crossover        :          2       0.21       0.03         12          0          0    0.00000   -1.00000    0.54084      0.550    0    2    0    0    0    0    0    1
  proximity        :          1       0.06       0.03         49          0          0    0.00000   -1.00000    0.51833      0.700    0    1    0    0    0    0    0    1
  zeroobjective    :          1       0.03       0.03         79          0          0    0.00000   -1.00000    0.48833      0.700    0    1    0    0    0    0    0    1
  dins             :          1       0.03       0.02         19          0          0    0.00000   -1.00000    0.54833      0.700    0    1    0    0    0    0    0    1
  trustregion      :          0       0.00       0.00          0          0          0    0.00000   -1.00000    1.00000      0.900    0    0    0    0    0    0    0    0
Expressions        :   #IntEval  IntEvalTi   #RevProp  RevPropTi    DomReds    Cutoffs  #Estimate  EstimTime  Branching  #Simplify SimplifyTi Simplified
  pow              :          0       0.00          0       0.00          0          0          0       0.00          0          0       0.00          0
  prod             :       9900       0.02          0       0.00          0          0          0       0.00          0       6704       0.00          0
  sum              :          8       0.00          2       0.00          0          0          0       0.00          0          3       0.03          2
  var              :       6416       0.00          0       0.00          0          0          0       0.00          0      15479       0.00          0
  varidx           :          0       0.00          0       0.00          0          0          0       0.00          0          0       0.00          0
LP                 :       Time      Calls Iterations  Iter/call   Iter/sec  Time-0-It Calls-0-It    ItLimit
  primal LP        :      98.97      12098          0       0.00       0.00      98.93      12098
  dual LP          :    2049.05     163261   14246584      92.75    6952.78       4.05       9661
  lex dual LP      :       0.00          0          0       0.00          -
  barrier LP       :       0.00          0          0       0.00          -       0.00          0
  resolve instable :       0.00          0          0       0.00          -
  diving/probing LP:     516.73      22104    6236285     282.13   12068.75
  strong branching :      23.35       2186     206966      94.68    8863.64          -          -        144
    (at root node) :          -         20       3150     157.50          -
  conflict analysis:       9.19       6792      65008       9.57    7073.78
NLP relaxation     :
  solve time       :      12.22 (10 calls)
  convexity        :  nonconvex (43 linear rows, 0 convex ineq., 0 nonconvex ineq., 1754 nonlinear eq. or two-sided ineq.)
NLP Solvers        :  #Problems  ProblemTi    #Solves  SolveTime      #Iter  Time/Iter      #Okay #TimeLimit #IterLimit #LObjLimit #Interrupt  #NumError #EvalError  #OutOfMem #LicenseEr #OtherTerm   #GlobOpt    #LocOpt  #Feasible #LocInfeas #GlobInfea #Unbounded   #Unknown
  ipopt            :         12       6.13         37     157.66       1781       0.09         37          0          0          0          0          0          0          0          0          0          0         17          0         10          0          0         10
B&B Tree           :
  number of runs   :          1
  nodes            :     129138 (92052 internal, 37086 leaves)
  feasible leaves  :          0
  infeas. leaves   :         24
  objective leaves :      37062
  nodes (total)    :     129138 (92052 internal, 37086 leaves)
  nodes left       :      54796
  max depth        :         78
  max depth (total):         78
  backtracks       :      22328 (17.3%)
  early backtracks :          0 (0.0%)
  nodes exc. ref.  :          0 (0.0%)
  delayed cutoffs  :          3
  repropagations   :         64 (279 domain reductions, 1 cutoffs)
  avg switch length:       5.10
  switching time   :     128.85
Estim. Tree Size   :     258618
Estimation Tree    : 184105 nodes (129309 visited, 92052 internal, 37257 leaves, 54796 open), weight: 0.0000 completed 0.0800
Estimations        :      estim      value      trend resolution     smooth
  wbe              : 174617091907993          -          -          -          -
  tree-profile     :         -1          -          -          -          -
  gap              :    2145674    0.67809    0.00002         64    2107333
  tree-weight      :     258618    0.00000    0.00000         64     258458
  leaf-frequency   :     724405    0.28812    0.00004         64     736625
  ssg              :   18897021    0.87372   -0.00001         64   18502768
  open-nodes       :     258618 54796.00000   15.54920         64     258458
Root Node          :
  First LP value   : -1.00000000000000e+00
  First LP Iters   :       1597 (10646.67 Iter/sec)
  First LP Time    :       0.15
  Final Dual Bound : -9.58636138851585e-01
  Final Root Iters :       2295
  Root LP Estimate : -4.44875878368791e-01
Solution           :
  Solutions found  :         33 (19 improvements)
  First Solution   : +1.00000000000000e+05   (in run 1, after 0 nodes, 0.01 seconds, depth 0, found by <trivial>)
  Gap First Sol.   :   infinite
  Gap Last Sol.    :      48.48 %
  Primal Bound     : -5.68484848484846e-01   (in run 1, after 104978 nodes, 2410.60 seconds, depth 18, found by <crossover>)
  Dual Bound       : -8.38358363777948e-01
  Gap              :      47.47 %
Integrals          :      Total       Avg%
  primal-dual      :  124581.44      34.61
  primal-ref       :          -          - (not evaluated)
  dual-ref         :          -          - (not evaluated)
