SCIP Status        : solving was interrupted [time limit reached]
Total Time         :    3600.00
  solving          :    3600.00
  presolving       :       0.37 (included in solving)
  reading          :       0.00
  copying          :       1.34 (35 #copies) (minimal 0.00, maximal 0.08, average 0.04)
Original Problem   :
  Problem name     : bbbenchmark/g05_80.6.cut
  Variables        : 81 (80 binary, 0 integer, 0 implicit integer, 1 continuous)
  Constraints      : 1 initial, 1 maximal
  Objective        : minimize, 1 non-zeros (abs.min = 1, abs.max = 1)
Presolved Problem  :
  Problem name     : t_bbbenchmark/g05_80.6.cut
  Variables        : 1661 (80 binary, 0 integer, 1580 implicit integer, 1 continuous)
  Constraints      : 1581 initial, 9133 maximal
  Objective        : minimize, 1 non-zeros (abs.min = 1, abs.max = 1)
  Nonzeros         : 6401 constraint, 162 clique table
Presolvers         :   ExecTime  SetupTime  Calls  FixedVars   AggrVars   ChgTypes  ChgBounds   AddHoles    DelCons    AddCons   ChgSides   ChgCoefs
  boundshift       :       0.00       0.00      0          0          0          0          0          0          0          0          0          0
  convertinttobin  :       0.00       0.00      0          0          0          0          0          0          0          0          0          0
  domcol           :       0.00       0.00      1          0          0          0          0          0          0          0          0          0
  dualagg          :       0.00       0.00      0          0          0          0          0          0          0          0          0          0
  dualcomp         :       0.00       0.00      1          0          0          0          0          0          0          0          0          0
  dualinfer        :       0.00       0.00      0          0          0          0          0          0          0          0          0          0
  dualsparsify     :       0.00       0.00      1          0          0          0          0          0          0          0          0          0
  gateextraction   :       0.00       0.00      0          0          0          0          0          0          0          0          0          0
  implics          :       0.00       0.00      2          0          0          0          0          0          0          0          0          0
  inttobinary      :       0.00       0.00      0          0          0          0          0          0          0          0          0          0
  qpkktref         :       0.00       0.00      0          0          0          0          0          0          0          0          0          0
  redvub           :       0.00       0.00      0          0          0          0          0          0          0          0          0          0
  sparsify         :       0.00       0.00      1          0          0          0          0          0          0          0          0          0
  stuffing         :       0.00       0.00      0          0          0          0          0          0          0          0          0          0
  trivial          :       0.00       0.00      4          0          0          0          0          0          0          0          0          0
  tworowbnd        :       0.00       0.00      0          0          0          0          0          0          0          0          0          0
  dualfix          :       0.00       0.00      4          0          0          0          0          0          0          0          0          0
  genvbounds       :       0.00       0.00      0          0          0          0          0          0          0          0          0          0
  probing          :       0.25       0.00      1          0          0          0          0          0          0          0          0          0
  pseudoobj        :       0.00       0.00      1          0          0          0          1          0          0          0          0          0
  symmetry         :       0.00       0.00      0          0          0          0          0          0          0          0          0          0
  vbounds          :       0.00       0.00      1          0          0          0          0          0          0          0          0          0
  and              :       0.01       0.00      2          0          0          0          0          0          0          0          0          0
  linear           :       0.00       0.00      2          0          0          0          0          0          0          0          0          0
  logicor          :       0.00       0.00      0          0          0          0          0          0          0          0          0          0
  nonlinear        :       0.08       0.01      5          0          0          0          1          0          0       1580          0          0
  benders          :       0.00       0.00      0          0          0          0          0          0          0          0          0          0
  components       :       0.01       0.00      1          0          0          0          0          0          0          0          0          0
  root node        :          -          -      -          0          -          -         26          -          -          -          -          -
Constraints        :     Number  MaxNumber  #Separate #Propagate    #EnfoLP    #EnfoRelax  #EnfoPS    #Check   #ResProp    Cutoffs    DomReds       Cuts    Applied      Conss   Children
  benderslp        :          0          0          0          0      66714          0          0       1346          0          0          0          0          0          0          0
  integral         :          0          0          0          0      66714          0          0       1346          0          1       3637          0          0       1770     130590
  and              :       1580       1580      73671     465116          5          0          0         33     239246          6    2364690       1386       1345          0          0
  linear           :          1          1         27     465110          5          0          0         31          0          0          1          0          0          0          0
  logicor          :          0+      7552          0     126923          0          0          0          0        281        437         46          0          0          0          0
  benders          :          0          0          0          0          5          0          0         34          0          0          0          0          0          0          0
  countsols        :          0          0          0          0          5          0          0         34          0          0          0          0          0          0          0
  components       :          0          0          0          0          0          0          0          0          0          0          0          0          0          0          0
Constraint Timings :  TotalTime  SetupTime   Separate  Propagate     EnfoLP     EnfoPS     EnfoRelax   Check    ResProp    SB-Prop
  benderslp        :       0.08       0.00       0.00       0.00       0.08       0.00       0.00       0.00       0.00       0.00
  integral         :      54.02       0.00       0.00       0.00      54.02       0.00       0.00       0.00       0.00       0.00
  and              :      66.84       0.00      41.60      24.36       0.00       0.00       0.00       0.00       0.27       0.61
  linear           :       0.47       0.00       0.00       0.46       0.00       0.00       0.00       0.00       0.00       0.01
  logicor          :       8.35       0.00       0.00       8.31       0.00       0.00       0.00       0.00       0.01       0.03
  benders          :       0.00       0.00       0.00       0.00       0.00       0.00       0.00       0.00       0.00       0.00
  countsols        :       0.00       0.00       0.00       0.00       0.00       0.00       0.00       0.00       0.00       0.00
  components       :       0.08       0.00       0.00       0.08       0.00       0.00       0.00       0.00       0.00       0.00
Propagators        : #Propagate   #ResProp    Cutoffs    DomReds
  dualfix          :          4          0          0          0
  genvbounds       :          0          0          0          0
  nlobbt           :          0          0          0          0
  obbt             :          0          0          0          0
  probing          :          0          0          0          0
  pseudoobj        :     311547          0          0         26
  redcost          :     154766          0          0     118614
  rootredcost      :         21          0          0          0
  symmetry         :          0          0          0          0
  vbounds          :      45505          0          0          0
Propagator Timings :  TotalTime  SetupTime   Presolve  Propagate    ResProp    SB-Prop
  dualfix          :       0.00       0.00       0.00       0.00       0.00       0.00
  genvbounds       :       0.31       0.00       0.00       0.31       0.00       0.00
  nlobbt           :       0.00       0.00       0.00       0.00       0.00       0.00
  obbt             :       0.01       0.00       0.00       0.01       0.00       0.00
  probing          :       0.25       0.00       0.25       0.00       0.00       0.00
  pseudoobj        :       0.49       0.00       0.00       0.49       0.00       0.00
  redcost          :       9.26       0.00       0.00       9.25       0.00       0.01
  rootredcost      :       0.38       0.00       0.00       0.38       0.00       0.00
  symmetry         :       0.16       0.00       0.00       0.16       0.00       0.00
  vbounds          :       0.36       0.00       0.00       0.36       0.00       0.00
Conflict Analysis  :       Time      Calls    Success    DomReds  Conflicts   Literals    Reconvs ReconvLits   Dualrays   Nonzeros   LP Iters   (pool size: [10000,10000])
  propagation      :       0.02        443        348          -        399       46.0          0        0.0          -          -          -
  infeasible LP    :       0.00          0          0          -          0        0.0          0        0.0          0        0.0          0
  bound exceed. LP :      13.67       7719       6147          -      77867       66.9          1       47.0          0        0.0      27056
  strong branching :       0.00          0          0          -          0        0.0          0        0.0          -          -          0
  pseudo solution  :       0.00          0          0          -          0        0.0          0        0.0          -          -          -
  applied globally :       0.34          -          -          0      23470       72.3          -          -          0          -          -
  applied locally  :          -          -          -          0          0        0.0          -          -          0          -          -
Separators         :   ExecTime  SetupTime      Calls  RootCalls    Cutoffs    DomReds  FoundCuts ViaPoolAdd  DirectAdd    Applied ViaPoolApp  DirectApp      Conss
  cut pool         :       3.36          -      16517         50          -          -      34926     604815          -          -          -          -          -    (maximal pool size:       2309)
  aggregation      :      58.71       0.00       4221         27          0          0        160       4927          0       1945       1945          0          0
  > cmir           :          -          -          -          -          -          -          -       4927          0       1945       1945          0          -
  > flowcover      :          -          -          -          -          -          -          -          0          0          0          0          0          -
  > knapsackcover  :          -          -          -          -          -          -          -          0          0          0          0          0          -
  cgmip            :       0.00       0.00          0          0          0          0          0          0          0          0          0          0          0
  clique           :       0.00       0.00         27         27          0          0          0          0          0          0          0          0          0
  closecuts        :       0.00       0.00          0          0          0          0          0          0          0          0          0          0          0
  convexproj       :       0.00       0.00          0          0          0          0          0          0          0          0          0          0          0
  disjunctive      :       0.00       0.00          0          0          0          0          0          0          0          0          0          0          0
  eccuts           :       0.00       0.00          0          0          0          0          0          0          0          0          0          0          0
  gauge            :       0.00       0.00          0          0          0          0          0          0          0          0          0          0          0
  gomory           :       0.00       0.00          0          0          0          0          0          0          0          0          0          0          0
  > gomorymi       :          -          -          -          -          -          -          -          0          0          0          0          0          -
  > strongcg       :          -          -          -          -          -          -          -          0          0          0          0          0          -
  impliedbounds    :       0.25       0.00       4221         27          0          0          0          0          0          0          0          0          0
  interlattice     :       0.00       0.00          0          0          0          0          0          0          0          0          0          0          0
  interminor       :       0.00       0.00          0          0          0          0          0          0          0          0          0          0          0
  intersub         :       0.05       0.00          5          5          0          0          2          0          2          2          0          2          0
  intobj           :       0.00       0.00          0          0          0          0          0          0          0          0          0          0          0
  mcf              :       0.00       0.00          1          1          0          0          0          0          0          0          0          0          0
  minor            :       0.00       0.00          0          0          0          0          0          0          0          0          0          0          0
  mixing           :       0.01       0.00       4222         27          0          0          0          0          0          0          0          0          0
  oddcycle         :       0.00       0.00          0          0          0          0          0          0          0          0          0          0          0
  rapidlearning    :       0.01       0.00          0          0          0          0          0          0          0          0          0          0          0
  rlt              :       0.00       0.00         10         10          0          0          0          0          0          0          0          0          0
  zerohalf         :      32.77       0.00       3958         20          0          0      34766     599888          0      90838      90838          0          0
Cutselectors       :   ExecTime  SetupTime      Calls  RootCalls   Selected     Forced   Filtered  RootSelec   RootForc   RootFilt 
  hybrid           :       0.64       0.00       9335         25      94130          0     512073        180          0         37
Pricers            :   ExecTime  SetupTime      Calls       Vars
  problem variables:       0.00          -          0          0
Branching Rules    :   ExecTime  SetupTime   BranchLP  BranchExt   BranchPS    Cutoffs    DomReds       Cuts      Conss   Children
  allfullstrong    :       0.00       0.00          0          0          0          0          0          0          0          0
  cloud            :       0.00       0.00          0          0          0          0          0          0          0          0
  distribution     :       0.00       0.00          0          0          0          0          0          0          0          0
  fullstrong       :       0.00       0.00          0          0          0          0          0          0          0          0
  inference        :       0.00       0.00          0          0          0          0          0          0          0          0
  leastinf         :       0.00       0.00          0          0          0          0          0          0          0          0
  lookahead        :       0.00       0.00          0          0          0          0          0          0          0          0
  mostinf          :       0.00       0.00          0          0          0          0          0          0          0          0
  multaggr         :       0.00       0.00          0          0          0          0          0          0          0          0
  nodereopt        :       0.00       0.00          0          0          0          0          0          0          0          0
  pscost           :       0.00       0.00          0          0          0          0          0          0          0          0
  random           :       0.00       0.00          0          0          0          0          0          0          0          0
  relpscost        :      53.89       0.00      66709          0          0          1       3637          0       1771     130590
  vanillafullstrong:       0.00       0.00          0          0          0          0          0          0          0          0
Primal Heuristics  :   ExecTime  SetupTime      Calls      Found       Best
  LP solutions     :       0.01          -          -          5          5
  relax solutions  :       0.00          -          -          0          0
  pseudo solutions :       0.00          -          -          0          0
  strong branching :       0.03          -          -          3          3
  actconsdiving    :       0.00       0.00          0          0          0
  adaptivediving   :      14.14       0.00        186          2          2
  alns             :       5.38       0.00         22          6          4
  bound            :       0.00       0.00          0          0          0
  clique           :       0.01       0.00          1          0          0
  coefdiving       :       0.00       0.00          0          0          0
  completesol      :       0.00       0.00          0          0          0
  conflictdiving   :      27.48       0.00        381          0          0
  crossover        :       1.20       0.00          9          1          1
  dins             :       0.00       0.00          0          0          0
  distributiondivin:      47.06       0.00        382          0          0
  dps              :       0.00       0.00          0          0          0
  dualval          :       0.00       0.00          0          0          0
  farkasdiving     :       0.02       0.00          0          0          0
  feaspump         :       0.09       0.00          1          1          1
  fixandinfer      :       0.00       0.00          0          0          0
  fracdiving       :      31.81       0.00        382          0          0
  gins             :       0.11       0.00          0          0          0
  guideddiving     :      26.82       0.00        382          3          3
  indicator        :       0.07       0.00          0          0          0
  indicatordiving  :       0.00       0.00          0          0          0
  intdiving        :       0.00       0.00          0          0          0
  intshifting      :       0.12       0.00         34          0          0
  linesearchdiving :      27.82       0.00        382          0          0
  localbranching   :       0.00       0.00          0          0          0
  locks            :       0.01       0.00          1          0          0
  lpface           :       0.07       0.00          0          0          0
  mpec             :     243.26       0.00         11          0          0
  multistart       :       0.00       0.00          0          0          0
  mutation         :       0.00       0.00          0          0          0
  nlpdiving        :      26.53       0.00          9          0          0
  objpscostdiving  :      30.06       0.00         45          2          0
  octane           :       0.00       0.00          0          0          0
  ofins            :       0.10       0.00          0          0          0
  oneopt           :       0.14       0.00         28          0          0
  padm             :       0.00       0.00          0          0          0
  proximity        :       0.00       0.00          0          0          0
  pscostdiving     :      34.53       0.00        382          1          1
  randrounding     :       0.12       0.00       1308          0          0
  rens             :       0.00       0.00          0          0          0
  reoptsols        :       0.00       0.00          0          0          0
  repair           :       0.00       0.00          0          0          0
  rins             :       3.36       0.00          4          2          2
  rootsoldiving    :      39.33       0.00         44          1          0
  rounding         :       1.05       0.00       3829          0          0
  shiftandpropagate:       0.00       0.00          0          0          0
  shifting         :      41.16       0.00       9879          6          6
  simplerounding   :       0.08       0.00          0          0          0
  subnlp           :     119.89       0.00          0          0          0
  trivial          :       0.01       0.00          2          2          2
  trivialnegation  :       0.00       0.00          0          0          0
  trustregion      :       0.00       0.00          0          0          0
  trysol           :       0.11       0.00          0          0          0
  twoopt           :       0.00       0.00          0          0          0
  undercover       :       1.08       0.00          1          1          1
  vbounds          :       0.00       0.00          0          0          0
  veclendiving     :      28.75       0.00        382          0          0
  zeroobj          :       0.00       0.00          0          0          0
  zirounding       :       0.36       0.00       1000          0          0
  other solutions  :          -          -          -          0          -
Diving (single)    :      Calls      Nodes   LP Iters Backtracks  Conflicts   MinDepth   MaxDepth   AvgDepth  RoundSols  NLeafSols  MinSolDpt  MaxSolDpt  AvgSolDpt
  actconsdiving    :          0          -          -          -          -          -          -          -          -          -          -          -          -
  coefdiving       :          0          -          -          -          -          -          -          -          -          -          -          -          -
  conflictdiving   :        381      12306     301057        440      12309         38         64       49.4          0          -          -          -          -
  distributiondivin:        382       8883     376176        413       4865         34         54       40.7          0          -          -          -          -
  farkasdiving     :          0          -          -          -          -          -          -          -          -          -          -          -          -
  fracdiving       :        382      30229     337032        426       5210         44        328       96.2          0          -          -          -          -
  guideddiving     :        382      26328     286527        262       5764         46        274       87.0          0          3         64         91       78.0
  indicatordiving  :          0          -          -          -          -          -          -          -          -          -          -          -          -
  linesearchdiving :        382      10535     311784        424      13759         34         67       45.1          0          -          -          -          -
  pscostdiving     :        382      12103     375100        388       8326         39         62       48.7          0          1         60         60       60.0
  veclendiving     :        382      10993     321017        412      16841         38         64       45.9          0          -          -          -          -
Diving (adaptive)  :      Calls      Nodes   LP Iters Backtracks  Conflicts   MinDepth   MaxDepth   AvgDepth  RoundSols  NLeafSols  MinSolDpt  MaxSolDpt  AvgSolDpt
  actconsdiving    :         21        533      17462         22        200         38         54       43.4          0          2         43         44       43.5
  coefdiving       :         54       1458      34882         55       1976         39         62       45.9          0          -          -          -          -
  conflictdiving   :          0          -          -          -          -          -          -          -          -          -          -          -          -
  distributiondivin:          0          -          -          -          -          -          -          -          -          -          -          -          -
  farkasdiving     :          0          -          -          -          -          -          -          -          -          -          -          -          -
  fracdiving       :         18       1603      15946         23        215         49        205      106.5          0          -          -          -          -
  guideddiving     :         20       1364      14136         15        236         54        157       88.5          0          -          -          -          -
  indicatordiving  :          0          -          -          -          -          -          -          -          -          -          -          -          -
  linesearchdiving :         19        555      17157         22        658         35         61       44.4          0          -          -          -          -
  pscostdiving     :         16        537      16682         16        288         44         56       50.2          0          -          -          -          -
  veclendiving     :         38       1145      33530         42       1683         39         61       46.9          0          -          -          -          -
Neighborhoods      :      Calls  SetupTime  SolveTime SolveNodes       Sols       Best       Exp3  EpsGreedy        UCB TgtFixRate  Opt  Inf Node Stal  Sol  Usr Othr Actv
  rens             :          3       0.25       0.11         20          0          0    0.00000   -1.00000    0.51850      0.437    0    3    0    0    0    0    0    1
  rins             :          2       0.12       0.05         21          0          0    0.00000   -1.00000    0.52468      0.550    0    2    0    0    0    0    0    1
  mutation         :          3       0.25       0.22         74          0          0    0.00000   -1.00000    0.45181      0.662    0    2    0    1    0    0    0    1
  localbranching   :          2       0.15       0.06         27          0          0    0.00000   -1.00000    0.51742      0.550    0    2    0    0    0    0    0    1
  crossover        :          2       0.10       0.25        112          0          0    0.00000   -1.00000    0.36025      0.850    0    1    0    1    0    0    0    1
  proximity        :          3       0.22       1.37        209          3          1    0.00000   -1.00000    0.48896      0.662    0    1    0    1    1    0    0    1
  zeroobjective    :          5       0.26       1.80        227          2          2    0.00000   -1.00000    0.51807      0.585    2    1    0    2    0    0    0    1
  dins             :          2       0.01       0.01          1          1          1    0.00000   -1.00000    0.50066      0.700    1    0    0    0    0    0    1    1
  trustregion      :          0       0.00       0.00          0          0          0    0.00000   -1.00000    1.00000      0.900    0    0    0    0    0    0    0    0
Expressions        :   #IntEval  IntEvalTi   #RevProp  RevPropTi    DomReds    Cutoffs  #Estimate  EstimTime  Branching  #Simplify SimplifyTi Simplified
  pow              :          0       0.00          0       0.00          0          0          0       0.00          0          0       0.00          0
  prod             :       6320       0.01          0       0.00          0          0          0       0.00          0       4740       0.01          0
  sum              :          8       0.00          2       0.00          0          0          0       0.00          0          3       0.00          2
  var              :       5632       0.01          0       0.00          0          0          0       0.00          0      11303       0.00          0
  varidx           :          0       0.00          0       0.00          0          0          0       0.00          0          0       0.00          0
LP                 :       Time      Calls Iterations  Iter/call   Iter/sec  Time-0-It Calls-0-It    ItLimit
  primal LP        :      97.26       9008          0       0.00       0.00      97.20       9008
  dual LP          :    2397.00     135415   11968331      96.99    4993.05       5.41      12018
  lex dual LP      :       0.00          0          0       0.00          -
  barrier LP       :       0.00          0          0       0.00          -       0.00          0
  resolve instable :       0.00          0          0       0.00          -
  diving/probing LP:     260.60      11885    2842736     239.19   10908.43
  strong branching :      27.51       2987     269984      90.39    9814.03          -          -         47
    (at root node) :          -         19       2837     149.32          -
  conflict analysis:       4.28       2755      27056       9.82    6321.50
NLP relaxation     :
  solve time       :      26.53 (9 calls)
  convexity        :  nonconvex (1 linear rows, 0 convex ineq., 0 nonconvex ineq., 1580 nonlinear eq. or two-sided ineq.)
NLP Solvers        :  #Problems  ProblemTi    #Solves  SolveTime      #Iter  Time/Iter      #Okay #TimeLimit #IterLimit #LObjLimit #Interrupt  #NumError #EvalError  #OutOfMem #LicenseEr #OtherTerm   #GlobOpt    #LocOpt  #Feasible #LocInfeas #GlobInfea #Unbounded   #Unknown
  ipopt            :         12       5.31         41     270.67       1737       0.16         40          0          1          0          0          0          0          0          0          0          0          0          0         32          0          0          9
B&B Tree           :
  number of runs   :          1
  nodes            :     112677 (65295 internal, 47382 leaves)
  feasible leaves  :          5
  infeas. leaves   :         29
  objective leaves :      47347
  nodes (total)    :     112677 (65295 internal, 47382 leaves)
  nodes left       :      17716
  max depth        :         56
  max depth (total):         56
  backtracks       :      23787 (21.1%)
  early backtracks :          0 (0.0%)
  nodes exc. ref.  :          0 (0.0%)
  delayed cutoffs  :          0
  repropagations   :         21 (2 domain reductions, 0 cutoffs)
  avg switch length:       4.35
  switching time   :     121.27
Estim. Tree Size   :     225750
Estimation Tree    : 130591 nodes (112875 visited, 65295 internal, 47580 leaves, 17716 open), weight: 0.0000 completed 0.1266
Estimations        :      estim      value      trend resolution     smooth
  wbe              : 23579983335          -          -          -          -
  tree-profile     :         -1          -          -          -          -
  gap              :    1009731    0.77027    0.00003         64     971113
  tree-weight      :     225750    0.00000    0.00000         64     225549
  leaf-frequency   :    1220073    0.42152    0.00001         64    1474405
  ssg              :    2707227    0.80008   -0.00004         64    2626879
  open-nodes       :     225750 17716.00000   10.58404         64     225549
Root Node          :
  First LP value   : -1.00000000000000e+00
  First LP Iters   :       1015 (14500.00 Iter/sec)
  First LP Time    :       0.07
  Final Dual Bound : -9.38464379716403e-01
  Final Root Iters :       1720
  Root LP Estimate : -4.87269274240946e-01
Solution           :
  Solutions found  :         36 (31 improvements)
  First Solution   : +1.00000000000000e+05   (in run 1, after 0 nodes, 0.01 seconds, depth 0, found by <trivial>)
  Gap First Sol.   :   infinite
  Gap Last Sol.    :      35.25 %
  Primal Bound     : -5.77215189873416e-01   (in run 1, after 45826 nodes, 1535.85 seconds, depth 64, found by <guideddiving>)
  Dual Bound       : -7.49367088607597e-01
  Gap              :      29.82 %
Integrals          :      Total       Avg%
  primal-dual      :   98027.72      27.23
  primal-ref       :          -          - (not evaluated)
  dual-ref         :          -          - (not evaluated)
