SCIP Status        : solving was interrupted [time limit reached]
Total Time         :    3600.01
  solving          :    3600.00
  presolving       :       0.36 (included in solving)
  reading          :       0.01
  copying          :       2.85 (54 #copies) (minimal 0.00, maximal 0.18, average 0.05)
Original Problem   :
  Problem name     : bbbenchmark/g05_100.2.cut
  Variables        : 101 (100 binary, 0 integer, 0 implicit integer, 1 continuous)
  Constraints      : 1 initial, 1 maximal
  Objective        : minimize, 1 non-zeros (abs.min = 1, abs.max = 1)
Presolved Problem  :
  Problem name     : t_bbbenchmark/g05_100.2.cut
  Variables        : 1819 (100 binary, 0 integer, 1703 implicit integer, 16 continuous)
  Constraints      : 1749 initial, 11754 maximal
  Objective        : minimize, 1 non-zeros (abs.min = 1, abs.max = 1)
  Nonzeros         : 8547 constraint, 202 clique table
Presolvers         :   ExecTime  SetupTime  Calls  FixedVars   AggrVars   ChgTypes  ChgBounds   AddHoles    DelCons    AddCons   ChgSides   ChgCoefs
  boundshift       :       0.00       0.00      0          0          0          0          0          0          0          0          0          0
  convertinttobin  :       0.00       0.00      0          0          0          0          0          0          0          0          0          0
  domcol           :       0.00       0.00      1          0          0          0          0          0          0          0          0          0
  dualagg          :       0.00       0.00      0          0          0          0          0          0          0          0          0          0
  dualcomp         :       0.00       0.00      1          0          0          0          0          0          0          0          0          0
  dualinfer        :       0.00       0.00      0          0          0          0          0          0          0          0          0          0
  dualsparsify     :       0.00       0.00      1          0          0          0          0          0          0          0          0          0
  gateextraction   :       0.00       0.00      0          0          0          0          0          0          0          0          0          0
  implics          :       0.00       0.00      2          0          0          0          0          0          0          0          0          0
  inttobinary      :       0.00       0.00      0          0          0          0          0          0          0          0          0          0
  qpkktref         :       0.00       0.00      0          0          0          0          0          0          0          0          0          0
  redvub           :       0.00       0.00      0          0          0          0          0          0          0          0          0          0
  sparsify         :       0.00       0.00      1          0          0          0          0          0          0          0          0          0
  stuffing         :       0.00       0.00      0          0          0          0          0          0          0          0          0          0
  trivial          :       0.00       0.00      4          0          0          0          0          0          0          0          0          0
  tworowbnd        :       0.00       0.00      0          0          0          0          0          0          0          0          0          0
  dualfix          :       0.00       0.00      4          0          0          0          0          0          0          0          0          0
  genvbounds       :       0.00       0.00      0          0          0          0          0          0          0          0          0          0
  probing          :       0.30       0.00      1          0          0          0          0          0          0          0          0          0
  pseudoobj        :       0.00       0.00      1          0          0          0          1          0          0          0          0          0
  symmetry         :       0.00       0.00      0          0          0          0          0          0          0          0          0          0
  vbounds          :       0.00       0.00      1          0          0          0          0          0          0          0          0          0
  varbound         :       0.00       0.00      2          0          0          0          0          0          0          0          0          0
  and              :       0.00       0.01      2          0          0          0          0          0          0          0          0          0
  linear           :       0.00       0.00      2          0          0          0          0          0          0          0          0          0
  logicor          :       0.00       0.00      0          0          0          0          0          0          0          0          0          0
  bounddisjunction :       0.00       0.00      0          0          0          0          0          0          0          0          0          0
  nonlinear        :       0.06       0.00      5          0          0          0          1          0          0       1748          0          0
  benders          :       0.00       0.00      0          0          0          0          0          0          0          0          0          0
  components       :       0.00       0.00      1          0          0          0          0          0          0          0          0          0
  root node        :          -          -      -          0          -          -         13          -          -          -          -          -
Constraints        :     Number  MaxNumber  #Separate #Propagate    #EnfoLP    #EnfoRelax  #EnfoPS    #Check   #ResProp    Cutoffs    DomReds       Cuts    Applied      Conss   Children
  benderslp        :          0          0          0          0     141651          0          0       4502          0          0          0          0          0          0          0
  integral         :          0          0          0          0     141651          0          0       4502          0          0        363          0          0        294     282796
  varbound         :         15         15         23     807341          0          0          0         32          0          0     114365          0          0          0          0
  and              :       1703       1703     160619     872162          2          0          0         32     490145          1     259221       1198       1184          0          0
  linear           :         31+        46         23     872197          2          0          0         30        828         14     513040          0          0          0          0
  logicor          :          0+      9665          0     166033          0          0          0          0         48        587         52          0          0          0          0
  bounddisjunction :          0+       450          0      66903          0          0          0          0          2         11          0          0          0          0          0
  benders          :          0          0          0          0          2          0          0         27          0          0          0          0          0          0          0
  countsols        :          0          0          0          0          2          0          0         27          0          0          0          0          0          0          0
  components       :          0          0          0          0          0          0          0          0          0          0          0          0          0          0          0
Constraint Timings :  TotalTime  SetupTime   Separate  Propagate     EnfoLP     EnfoPS     EnfoRelax   Check    ResProp    SB-Prop
  benderslp        :       0.21       0.00       0.00       0.00       0.21       0.00       0.00       0.00       0.00       0.00
  integral         :      64.47       0.00       0.00       0.00      64.46       0.00       0.00       0.01       0.00       0.00
  varbound         :       1.57       0.00       0.00       1.57       0.00       0.00       0.00       0.00       0.00       0.00
  and              :     122.04       0.01      85.29      35.76       0.00       0.00       0.00       0.02       0.35       0.61
  linear           :       5.85       0.00       0.04       5.76       0.00       0.00       0.00       0.00       0.00       0.05
  logicor          :      20.47       0.00       0.00      20.44       0.00       0.00       0.00       0.00       0.00       0.03
  bounddisjunction :       1.84       0.00       0.00       1.84       0.00       0.00       0.00       0.00       0.00       0.00
  benders          :       0.00       0.00       0.00       0.00       0.00       0.00       0.00       0.00       0.00       0.00
  countsols        :       0.00       0.00       0.00       0.00       0.00       0.00       0.00       0.00       0.00       0.00
  components       :       0.27       0.00       0.00       0.27       0.00       0.00       0.00       0.00       0.00       0.00
Propagators        : #Propagate   #ResProp    Cutoffs    DomReds
  dualfix          :          4          0          0          0
  genvbounds       :          0          0          0          0
  nlobbt           :          0          0          0          0
  obbt             :          0          0          0          0
  probing          :          0          0          0          0
  pseudoobj        :     625065          0          0         13
  redcost          :     314440          0          0      88381
  rootredcost      :         12          0          0          0
  symmetry         :          0          0          0          0
  vbounds          :     161418          0          0          0
Propagator Timings :  TotalTime  SetupTime   Presolve  Propagate    ResProp    SB-Prop
  dualfix          :       0.00       0.00       0.00       0.00       0.00       0.00
  genvbounds       :       0.65       0.00       0.00       0.65       0.00       0.00
  nlobbt           :       0.00       0.00       0.00       0.00       0.00       0.00
  obbt             :       0.00       0.00       0.00       0.00       0.00       0.00
  probing          :       0.30       0.00       0.30       0.00       0.00       0.00
  pseudoobj        :       1.14       0.00       0.00       1.12       0.00       0.02
  redcost          :      21.88       0.00       0.00      21.88       0.00       0.00
  rootredcost      :       0.98       0.00       0.00       0.95       0.00       0.03
  symmetry         :       0.47       0.00       0.00       0.47       0.00       0.00
  vbounds          :       0.94       0.00       0.00       0.94       0.00       0.00
Conflict Analysis  :       Time      Calls    Success    DomReds  Conflicts   Literals    Reconvs ReconvLits   Dualrays   Nonzeros   LP Iters   (pool size: [10000,10000])
  propagation      :       0.01        601        463          -        564       68.9          0        0.0          -          -          -
  infeasible LP    :       0.22         75         75          -       2773      139.1          0        0.0        146      170.1          0
  bound exceed. LP :      20.07       6520       5905          -     136317      109.0          0        0.0          0        0.0      45083
  strong branching :       0.00          0          0          -          0        0.0          0        0.0          -          -          0
  pseudo solution  :       0.00          0          0          -          0        0.0          0        0.0          -          -          -
  applied globally :       0.63          -          -          0      29904      112.0          -          -        146          -          -
  applied locally  :          -          -          -          0          0        0.0          -          -          0          -          -
Separators         :   ExecTime  SetupTime      Calls  RootCalls    Cutoffs    DomReds  FoundCuts ViaPoolAdd  DirectAdd    Applied ViaPoolApp  DirectApp      Conss
  cut pool         :       6.38          -      29692         47          -          -      38480    1549421          -          -          -          -          -    (maximal pool size:       4080)
  aggregation      :      10.64       0.00       5267         23          0          0         70       8110          0       2519       2519          0          0
  > cmir           :          -          -          -          -          -          -          -       8110          0       2519       2519          0          -
  > flowcover      :          -          -          -          -          -          -          -          0          0          0          0          0          -
  > knapsackcover  :          -          -          -          -          -          -          -          0          0          0          0          0          -
  cgmip            :       0.00       0.00          0          0          0          0          0          0          0          0          0          0          0
  clique           :       0.00       0.00         23         23          0          0          0          0          0          0          0          0          0
  closecuts        :       0.00       0.00          0          0          0          0          0          0          0          0          0          0          0
  convexproj       :       0.00       0.00          0          0          0          0          0          0          0          0          0          0          0
  disjunctive      :       0.00       0.00          0          0          0          0          0          0          0          0          0          0          0
  eccuts           :       0.00       0.00          0          0          0          0          0          0          0          0          0          0          0
  gauge            :       0.00       0.00          0          0          0          0          0          0          0          0          0          0          0
  gomory           :       0.00       0.00          0          0          0          0          0          0          0          0          0          0          0
  > gomorymi       :          -          -          -          -          -          -          -          0          0          0          0          0          -
  > strongcg       :          -          -          -          -          -          -          -          0          0          0          0          0          -
  impliedbounds    :       0.45       0.00       5267         23          0          0          0          0          0          0          0          0          0
  interlattice     :       0.00       0.00          0          0          0          0          0          0          0          0          0          0          0
  interminor       :       0.00       0.00          0          0          0          0          0          0          0          0          0          0          0
  intersub         :       0.00       0.00          0          0          0          0          0          0          0          0          0          0          0
  intobj           :       0.00       0.00          0          0          0          0          0          0          0          0          0          0          0
  mcf              :       0.01       0.00          1          1          0          0          0          0          0          0          0          0          0
  minor            :       0.00       0.00          0          0          0          0          0          0          0          0          0          0          0
  mixing           :       0.03       0.00       5267         23          0          0          0          0          0          0          0          0          0
  oddcycle         :       0.00       0.00          0          0          0          0          0          0          0          0          0          0          0
  rapidlearning    :       0.01       0.00          0          0          0          0          0          0          0          0          0          0          0
  rlt              :       0.00       0.00         10         10          0          0          0          0          0          0          0          0          0
  zerohalf         :      42.95       0.00       4573         20          0          0      38410    1541311          0     178471     178471          0          0
Cutselectors       :   ExecTime  SetupTime      Calls  RootCalls   Selected     Forced   Filtered  RootSelec   RootForc   RootFilt 
  hybrid           :       1.72       0.00      15010         22     182174          0    1368445        182          0         10
Pricers            :   ExecTime  SetupTime      Calls       Vars
  problem variables:       0.00          -          0          0
Branching Rules    :   ExecTime  SetupTime   BranchLP  BranchExt   BranchPS    Cutoffs    DomReds       Cuts      Conss   Children
  allfullstrong    :       0.00       0.00          0          0          0          0          0          0          0          0
  cloud            :       0.00       0.00          0          0          0          0          0          0          0          0
  distribution     :       0.00       0.00          0          0          0          0          0          0          0          0
  fullstrong       :       0.00       0.00          0          0          0          0          0          0          0          0
  inference        :       0.00       0.00          0          0          0          0          0          0          0          0
  leastinf         :       0.00       0.00          0          0          0          0          0          0          0          0
  lookahead        :       0.00       0.00          0          0          0          0          0          0          0          0
  mostinf          :       0.00       0.00          0          0          0          0          0          0          0          0
  multaggr         :       0.00       0.00          0          0          0          0          0          0          0          0
  nodereopt        :       0.00       0.00          0          0          0          0          0          0          0          0
  pscost           :       0.00       0.00          0          0          0          0          0          0          0          0
  random           :       0.00       0.00          0          0          0          0          0          0          0          0
  relpscost        :      64.05       0.00     141649          0          0          0        363          0        295     282796
  vanillafullstrong:       0.00       0.00          0          0          0          0          0          0          0          0
Primal Heuristics  :   ExecTime  SetupTime      Calls      Found       Best
  LP solutions     :       0.00          -          -          2          2
  relax solutions  :       0.00          -          -          0          0
  pseudo solutions :       0.00          -          -          0          0
  strong branching :       0.04          -          -          0          0
  actconsdiving    :       0.00       0.00          0          0          0
  adaptivediving   :       3.96       0.00         29          0          0
  alns             :       5.28       0.00         25          5          5
  bound            :       0.00       0.00          0          0          0
  clique           :       0.01       0.00          1          0          0
  coefdiving       :       0.00       0.00          0          0          0
  completesol      :       0.00       0.00          0          0          0
  conflictdiving   :     128.21       0.00       1045          0          0
  crossover        :       1.67       0.00          3          1          1
  dins             :       0.00       0.00          0          0          0
  distributiondivin:      82.93       0.00        369          0          0
  dps              :       0.00       0.00          0          0          0
  dualval          :       0.00       0.00          0          0          0
  farkasdiving     :       0.00       0.00          0          0          0
  feaspump         :       0.13       0.00          1          1          1
  fixandinfer      :       0.00       0.00          0          0          0
  fracdiving       :      55.23       0.00        505          0          0
  gins             :       0.19       0.00          0          0          0
  guideddiving     :      55.88       0.00        478          0          0
  indicator        :       0.14       0.00          0          0          0
  indicatordiving  :       0.00       0.00          0          0          0
  intdiving        :       0.00       0.00          0          0          0
  intshifting      :       0.17       0.00         39          0          0
  linesearchdiving :      51.09       0.00        458          0          0
  localbranching   :       0.00       0.00          0          0          0
  locks            :       0.01       0.00          1          0          0
  lpface           :       0.12       0.00          0          0          0
  mpec             :     159.82       0.00         11          5          5
  multistart       :       0.00       0.00          0          0          0
  mutation         :       0.00       0.00          0          0          0
  nlpdiving        :      11.65       0.00          8          1          0
  objpscostdiving  :      34.92       0.00         71          6          0
  octane           :       0.00       0.00          0          0          0
  ofins            :       0.11       0.00          0          0          0
  oneopt           :       0.19       0.00         15          0          0
  padm             :       0.00       0.00          0          0          0
  proximity        :       0.00       0.00          0          0          0
  pscostdiving     :      54.41       0.00        420          1          1
  randrounding     :       0.33       0.00       4471          0          0
  rens             :       0.00       0.00          0          0          0
  reoptsols        :       0.00       0.00          0          0          0
  repair           :       0.00       0.00          0          0          0
  rins             :       3.70       0.00         27          0          0
  rootsoldiving    :      29.77       0.00         43          0          0
  rounding         :       1.83       0.00       5373          0          0
  shiftandpropagate:       0.00       0.00          0          0          0
  shifting         :      31.45       0.00       6725          1          1
  simplerounding   :       0.11       0.00          0          0          0
  subnlp           :     264.24       0.00          0          0          0
  trivial          :       0.01       0.00          2          2          2
  trivialnegation  :       0.00       0.00          0          0          0
  trustregion      :       0.00       0.00          0          0          0
  trysol           :       0.34       0.00          0          0          0
  twoopt           :       0.00       0.00          0          0          0
  undercover       :       1.02       0.00          1          1          1
  vbounds          :       0.00       0.00          0          0          0
  veclendiving     :      52.10       0.00        454          0          0
  zeroobj          :       0.00       0.00          0          0          0
  zirounding       :       0.48       0.00       1000          0          0
  other solutions  :          -          -          -          0          -
Diving (single)    :      Calls      Nodes   LP Iters Backtracks  Conflicts   MinDepth   MaxDepth   AvgDepth  RoundSols  NLeafSols  MinSolDpt  MaxSolDpt  AvgSolDpt
  actconsdiving    :          0          -          -          -          -          -          -          -          -          -          -          -          -
  coefdiving       :          0          -          -          -          -          -          -          -          -          -          -          -          -
  conflictdiving   :       1045      43557    1401353       1164      62654         52         86       62.8          0          -          -          -          -
  distributiondivin:        369      14637     569974        414       5648         52         82       60.5          0          -          -          -          -
  farkasdiving     :          0          -          -          -          -          -          -          -          -          -          -          -          -
  fracdiving       :        505      45161     561853        229       4163         63        279      111.2          0          -          -          -          -
  guideddiving     :        478      42833     565660        229       7159         57        241      111.6          0          -          -          -          -
  indicatordiving  :          0          -          -          -          -          -          -          -          -          -          -          -          -
  linesearchdiving :        458      18331     565807        409      22865         48         89       60.6          0          -          -          -          -
  pscostdiving     :        420      18990     580817        446       7488         57         82       66.6          0          1         82         82       82.0
  veclendiving     :        454      19271     566357        403      27476         54         87       63.2          0          -          -          -          -
Diving (adaptive)  :      Calls      Nodes   LP Iters Backtracks  Conflicts   MinDepth   MaxDepth   AvgDepth  RoundSols  NLeafSols  MinSolDpt  MaxSolDpt  AvgSolDpt
  actconsdiving    :          3        128       4440          3         58         59         62       60.3          0          -          -          -          -
  coefdiving       :         10        471      13059          8        646         56         84       64.4          0          -          -          -          -
  conflictdiving   :          0          -          -          -          -          -          -          -          -          -          -          -          -
  distributiondivin:          0          -          -          -          -          -          -          -          -          -          -          -          -
  farkasdiving     :          0          -          -          -          -          -          -          -          -          -          -          -          -
  fracdiving       :          1         72       1222          1         34         92         92       92.0          0          -          -          -          -
  guideddiving     :          2        204       2596          0         17        112        124      118.0          0          -          -          -          -
  indicatordiving  :          0          -          -          -          -          -          -          -          -          -          -          -          -
  linesearchdiving :          7        301       9161          4        341         51         78       60.7          0          -          -          -          -
  pscostdiving     :          1         48       1450          1          9         67         67       67.0          0          -          -          -          -
  veclendiving     :          5        253       7343          6        347         59         74       67.6          0          -          -          -          -
Neighborhoods      :      Calls  SetupTime  SolveTime SolveNodes       Sols       Best       Exp3  EpsGreedy        UCB TgtFixRate  Opt  Inf Node Stal  Sol  Usr Othr Actv
  rens             :          1       0.00       0.00          0          0          0    0.00000   -1.00000    0.07220      0.900    0    0    0    0    0    0    1    1
  rins             :          1       0.00       0.00          0          0          0    0.00000   -1.00000    0.07220      0.900    0    0    0    0    0    0    1    1
  mutation         :          2       0.11       0.08         68          0          0    0.00000   -1.00000    0.47226      0.550    0    2    0    0    0    0    0    1
  localbranching   :          2       0.09       0.10         95          0          0    0.00000   -1.00000    0.43968      0.850    0    1    0    1    0    0    0    1
  crossover        :          4       0.38       0.56         93          0          0    0.00000   -1.00000    0.45209      0.522    0    3    0    1    0    0    0    1
  proximity        :          2       0.10       0.21         90          0          0    0.00000   -1.00000    0.45196      0.850    0    1    0    1    0    0    0    1
  zeroobjective    :          3       0.30       1.34       2430          1          1    0.00000   -1.00000    0.49390      0.737    1    1    0    1    0    0    0    1
  dins             :         10       1.06       0.72        586          4          4    0.00000   -1.00000    0.49725      0.844    1    2    0    6    1    0    0    1
  trustregion      :          0       0.00       0.00          0          0          0    0.00000   -1.00000    1.00000      0.900    0    0    0    0    0    0    0    0
Expressions        :   #IntEval  IntEvalTi   #RevProp  RevPropTi    DomReds    Cutoffs  #Estimate  EstimTime  Branching  #Simplify SimplifyTi Simplified
  pow              :          0       0.00          0       0.00          0          0          0       0.00          0          0       0.00          0
  prod             :       9900       0.00          0       0.00          0          0          0       0.00          0       6653       0.00          0
  sum              :          8       0.00          2       0.00          0          0          0       0.00          0          3       0.00          2
  var              :       6266       0.01          0       0.00          0          0          0       0.00          0      15327       0.02          0
  varidx           :          0       0.00          0       0.00          0          0          0       0.00          0          0       0.00          0
LP                 :       Time      Calls Iterations  Iter/call   Iter/sec  Time-0-It Calls-0-It    ItLimit
  primal LP        :     142.70      24385          0       0.00       0.00     142.60      24385
  dual LP          :    1868.11     263645   11058135      44.67    5919.42       7.03      16102
  lex dual LP      :       0.00          0          0       0.00          -
  barrier LP       :       0.00          0          0       0.00          -       0.00          0
  resolve instable :       0.00          0          0       0.00          -
  diving/probing LP:     445.94      18089    5226708     288.94   11720.65
  strong branching :      18.76       1897     185237      97.65    9874.04          -          -        460
    (at root node) :          -         20       2765     138.25          -
  conflict analysis:       6.95       4655      45083       9.68    6486.76
NLP relaxation     :
  solve time       :      10.97 (11 calls)
  convexity        :  nonconvex (46 linear rows, 0 convex ineq., 0 nonconvex ineq., 1703 nonlinear eq. or two-sided ineq.)
NLP Solvers        :  #Problems  ProblemTi    #Solves  SolveTime      #Iter  Time/Iter      #Okay #TimeLimit #IterLimit #LObjLimit #Interrupt  #NumError #EvalError  #OutOfMem #LicenseEr #OtherTerm   #GlobOpt    #LocOpt  #Feasible #LocInfeas #GlobInfea #Unbounded   #Unknown
  ipopt            :         12       9.89         46     174.24       2148       0.08         45          0          1          0          0          0          0          0          0          0          0         31          0          7          0          0          8
B&B Tree           :
  number of runs   :          1
  nodes            :     232287 (141398 internal, 90889 leaves)
  feasible leaves  :          2
  infeas. leaves   :         10
  objective leaves :      90876
  nodes (total)    :     232287 (141398 internal, 90889 leaves)
  nodes left       :      50285
  max depth        :         62
  max depth (total):         62
  backtracks       :      54276 (23.4%)
  early backtracks :          0 (0.0%)
  nodes exc. ref.  :          0 (0.0%)
  delayed cutoffs  :          5
  repropagations   :         80 (227 domain reductions, 2 cutoffs)
  avg switch length:       6.53
  switching time   :     210.44
Estim. Tree Size   :     465024
Estimation Tree    : 282797 nodes (232512 visited, 141398 internal, 91114 leaves, 50285 open), weight: 0.0000 completed 0.1014
Estimations        :      estim      value      trend resolution     smooth
  wbe              : 1757773440647373          -          -          -          -
  tree-profile     :         -1          -          -          -          -
  gap              :   10510562    0.66589    0.00001        128   10334408
  tree-weight      :     465024    0.00000    0.00000        128     464249
  leaf-frequency   :    2522631    0.39187    0.00001        128    2970968
  ssg              :   15494927    0.83984   -0.00001        128   15193115
  open-nodes       :     465024 50285.00000   27.84966        128     464249
Root Node          :
  First LP value   : -1.00000000000000e+00
  First LP Iters   :       1599 (11421.43 Iter/sec)
  First LP Time    :       0.14
  Final Dual Bound : -9.60858585858586e-01
  Final Root Iters :       2250
  Root LP Estimate : -3.31585933198898e-01
Solution           :
  Solutions found  :         26 (19 improvements)
  First Solution   : +1.00000000000000e+05   (in run 1, after 0 nodes, 0.00 seconds, depth 0, found by <trivial>)
  Gap First Sol.   :   infinite
  Gap Last Sol.    :      55.44 %
  Primal Bound     : -5.56767676767674e-01   (in run 1, after 45197 nodes, 691.31 seconds, depth 20, found by <alns>)
  Dual Bound       : -8.36121411210615e-01
  Gap              :      50.17 %
Integrals          :      Total       Avg%
  primal-dual      :  126767.37      35.21
  primal-ref       :          -          - (not evaluated)
  dual-ref         :          -          - (not evaluated)
