SCIP Status        : solving was interrupted [time limit reached]
Total Time         :    3600.00
  solving          :    3600.00
  presolving       :       0.40 (included in solving)
  reading          :       0.00
  copying          :       1.56 (72 #copies) (minimal 0.00, maximal 0.07, average 0.02)
Original Problem   :
  Problem name     : bbbenchmark/g05_100.5.cut
  Variables        : 101 (100 binary, 0 integer, 0 implicit integer, 1 continuous)
  Constraints      : 1 initial, 1 maximal
  Objective        : minimize, 1 non-zeros (abs.min = 1, abs.max = 1)
Presolved Problem  :
  Problem name     : t_bbbenchmark/g05_100.5.cut
  Variables        : 1707 (100 binary, 0 integer, 1589 implicit integer, 18 continuous)
  Constraints      : 1641 initial, 6338 maximal
  Objective        : minimize, 1 non-zeros (abs.min = 1, abs.max = 1)
  Nonzeros         : 8331 constraint, 202 clique table
Presolvers         :   ExecTime  SetupTime  Calls  FixedVars   AggrVars   ChgTypes  ChgBounds   AddHoles    DelCons    AddCons   ChgSides   ChgCoefs
  boundshift       :       0.00       0.00      0          0          0          0          0          0          0          0          0          0
  convertinttobin  :       0.00       0.00      0          0          0          0          0          0          0          0          0          0
  domcol           :       0.00       0.00      1          0          0          0          0          0          0          0          0          0
  dualagg          :       0.00       0.00      0          0          0          0          0          0          0          0          0          0
  dualcomp         :       0.00       0.00      1          0          0          0          0          0          0          0          0          0
  dualinfer        :       0.00       0.00      0          0          0          0          0          0          0          0          0          0
  dualsparsify     :       0.00       0.00      1          0          0          0          0          0          0          0          0          0
  gateextraction   :       0.00       0.00      0          0          0          0          0          0          0          0          0          0
  implics          :       0.00       0.00      2          0          0          0          0          0          0          0          0          0
  inttobinary      :       0.00       0.00      0          0          0          0          0          0          0          0          0          0
  qpkktref         :       0.00       0.00      0          0          0          0          0          0          0          0          0          0
  redvub           :       0.00       0.00      0          0          0          0          0          0          0          0          0          0
  sparsify         :       0.00       0.00      1          0          0          0          0          0          0          0          0          0
  stuffing         :       0.00       0.00      0          0          0          0          0          0          0          0          0          0
  trivial          :       0.00       0.00      4          0          0          0          0          0          0          0          0          0
  tworowbnd        :       0.00       0.00      0          0          0          0          0          0          0          0          0          0
  dualfix          :       0.00       0.00      4          0          0          0          0          0          0          0          0          0
  genvbounds       :       0.00       0.00      0          0          0          0          0          0          0          0          0          0
  probing          :       0.28       0.00      1          0          0          0          0          0          0          0          0          0
  pseudoobj        :       0.00       0.00      1          0          0          0          1          0          0          0          0          0
  symmetry         :       0.00       0.00      0          0          0          0          0          0          0          0          0          0
  vbounds          :       0.00       0.00      1          0          0          0          0          0          0          0          0          0
  varbound         :       0.00       0.00      2          0          0          0          0          0          0          0          0          0
  and              :       0.01       0.01      2          0          0          0          0          0          0          0          0          0
  linear           :       0.00       0.00      2          0          0          0          0          0          0          0          0          0
  logicor          :       0.00       0.00      0          0          0          0          0          0          0          0          0          0
  bounddisjunction :       0.00       0.00      0          0          0          0          0          0          0          0          0          0
  nonlinear        :       0.10       0.00      5          0          0          0          1          0          0       1640          0          0
  benders          :       0.00       0.00      0          0          0          0          0          0          0          0          0          0
  components       :       0.00       0.00      1          0          0          0          0          0          0          0          0          0
  root node        :          -          -      -          0          -          -         13          -          -          -          -          -
Constraints        :     Number  MaxNumber  #Separate #Propagate    #EnfoLP    #EnfoRelax  #EnfoPS    #Check   #ResProp    Cutoffs    DomReds       Cuts    Applied      Conss   Children
  benderslp        :          0          0          0          0     259041          0          0      15510          0          0          0          0          0          0          0
  integral         :          0          0          0          0     259041          0          0      15510          0          0        356          0          0        354     517506
  varbound         :         17         17         54    1303542          0          0          0         29          0          0     211412          0          0          0          0
  and              :       1589       1589     293021    1354452          1          0          0         29     496402          0     455074       1252       1233          0          0
  linear           :         35+        48         54    1354497          1          0          0         27       2087         68    1108060          0          0          0          0
  logicor          :          0+      4046          0     245099          0          0          0          0         42        642         53          0          0          0          0
  bounddisjunction :          0+       661          0     136689          0          0          0          0          7         58          4          0          0          0          0
  benders          :          0          0          0          0          1          0          0         17          0          0          0          0          0          0          0
  countsols        :          0          0          0          0          1          0          0         17          0          0          0          0          0          0          0
  components       :          0          0          0          0          0          0          0          0          0          0          0          0          0          0          0
Constraint Timings :  TotalTime  SetupTime   Separate  Propagate     EnfoLP     EnfoPS     EnfoRelax   Check    ResProp    SB-Prop
  benderslp        :       0.24       0.00       0.00       0.00       0.23       0.00       0.00       0.01       0.00       0.00
  integral         :      83.69       0.00       0.00       0.00      83.65       0.00       0.00       0.04       0.00       0.00
  varbound         :       2.48       0.00       0.00       2.47       0.00       0.00       0.00       0.00       0.00       0.01
  and              :     167.12       0.01     124.56      41.54       0.00       0.00       0.00       0.01       0.35       0.65
  linear           :       9.65       0.00       0.01       9.61       0.00       0.00       0.00       0.00       0.00       0.03
  logicor          :      15.29       0.00       0.00      15.28       0.00       0.00       0.00       0.00       0.00       0.01
  bounddisjunction :       3.41       0.00       0.00       3.41       0.00       0.00       0.00       0.00       0.00       0.00
  benders          :       0.00       0.00       0.00       0.00       0.00       0.00       0.00       0.00       0.00       0.00
  countsols        :       0.00       0.00       0.00       0.00       0.00       0.00       0.00       0.00       0.00       0.00
  components       :       0.42       0.00       0.00       0.41       0.00       0.00       0.00       0.00       0.00       0.01
Propagators        : #Propagate   #ResProp    Cutoffs    DomReds
  dualfix          :          4          0          0          0
  genvbounds       :          0          0          0          0
  nlobbt           :          0          0          0          0
  obbt             :          0          0          0          0
  probing          :          0          0          0          0
  pseudoobj        :    1153687          0          0        145
  redcost          :     574489          0          0     176630
  rootredcost      :         10          0          0          0
  symmetry         :          0          0          0          0
  vbounds          :     284412          0          0          0
Propagator Timings :  TotalTime  SetupTime   Presolve  Propagate    ResProp    SB-Prop
  dualfix          :       0.00       0.00       0.00       0.00       0.00       0.00
  genvbounds       :       1.17       0.00       0.00       1.16       0.00       0.01
  nlobbt           :       0.00       0.00       0.00       0.00       0.00       0.00
  obbt             :       0.00       0.00       0.00       0.00       0.00       0.00
  probing          :       0.28       0.00       0.28       0.00       0.00       0.00
  pseudoobj        :       1.84       0.00       0.00       1.84       0.00       0.00
  redcost          :      29.92       0.00       0.00      29.92       0.00       0.00
  rootredcost      :       1.18       0.00       0.00       1.16       0.00       0.02
  symmetry         :       0.77       0.00       0.00       0.76       0.00       0.01
  vbounds          :       1.19       0.00       0.00       1.19       0.00       0.00
Conflict Analysis  :       Time      Calls    Success    DomReds  Conflicts   Literals    Reconvs ReconvLits   Dualrays   Nonzeros   LP Iters   (pool size: [10000,10000])
  propagation      :       0.03        710        553          -        966       79.7          0        0.0          -          -          -
  infeasible LP    :       0.22        124        124          -       4736      145.1          0        0.0        446      131.7          0
  bound exceed. LP :      19.03       6944       6732          -     153489      105.0          0        0.0          0        0.0      56834
  strong branching :       0.00          0          0          -          0        0.0          0        0.0          -          -          0
  pseudo solution  :       0.00          0          0          -          0        0.0          0        0.0          -          -          -
  applied globally :       0.62          -          -          0      34734      107.3          -          -        446          -          -
  applied locally  :          -          -          -          0          0        0.0          -          -          0          -          -
Separators         :   ExecTime  SetupTime      Calls  RootCalls    Cutoffs    DomReds  FoundCuts ViaPoolAdd  DirectAdd    Applied ViaPoolApp  DirectApp      Conss
  cut pool         :       6.02          -      56258         76          -          -      33797    1523956          -          -          -          -          -    (maximal pool size:       3732)
  aggregation      :       7.49       0.00       4667         54          0          0         28         26          0          8          8          0          0
  > cmir           :          -          -          -          -          -          -          -         26          0          8          8          0          -
  > flowcover      :          -          -          -          -          -          -          -          0          0          0          0          0          -
  > knapsackcover  :          -          -          -          -          -          -          -          0          0          0          0          0          -
  cgmip            :       0.00       0.00          0          0          0          0          0          0          0          0          0          0          0
  clique           :       0.00       0.00         54         54          0          0          0          0          0          0          0          0          0
  closecuts        :       0.00       0.00          0          0          0          0          0          0          0          0          0          0          0
  convexproj       :       0.00       0.00          0          0          0          0          0          0          0          0          0          0          0
  disjunctive      :       0.00       0.00          0          0          0          0          0          0          0          0          0          0          0
  eccuts           :       0.00       0.00          0          0          0          0          0          0          0          0          0          0          0
  gauge            :       0.00       0.00          0          0          0          0          0          0          0          0          0          0          0
  gomory           :       0.00       0.00          0          0          0          0          0          0          0          0          0          0          0
  > gomorymi       :          -          -          -          -          -          -          -          0          0          0          0          0          -
  > strongcg       :          -          -          -          -          -          -          -          0          0          0          0          0          -
  impliedbounds    :       0.30       0.00       4667         54          0          0          0          0          0          0          0          0          0
  interlattice     :       0.17       0.00         30         30          0          0         30          0         30         29          0         29          0
  interminor       :       0.00       0.00          0          0          0          0          0          0          0          0          0          0          0
  intersub         :       0.00       0.00          0          0          0          0          0          0          0          0          0          0          0
  intobj           :       0.00       0.00          0          0          0          0          0          0          0          0          0          0          0
  mcf              :       0.00       0.00          1          1          0          0          0          0          0          0          0          0          0
  minor            :       0.01       0.00          0          0          0          0          0          0          0          0          0          0          0
  mixing           :       0.00       0.00       4667         54          0          0          0          0          0          0          0          0          0
  oddcycle         :       0.00       0.00          0          0          0          0          0          0          0          0          0          0          0
  rapidlearning    :       0.01       0.00          0          0          0          0          0          0          0          0          0          0          0
  rlt              :       0.00       0.00         10         10          0          0          0          0          0          0          0          0          0
  zerohalf         :      27.58       0.00       4182         20          0          0      33769    1523930          0     198348     198348          0          0
Cutselectors       :   ExecTime  SetupTime      Calls  RootCalls   Selected     Forced   Filtered  RootSelec   RootForc   RootFilt 
  hybrid           :       1.39       0.00      21845         52     199618          0    1325620        207          0         21
Pricers            :   ExecTime  SetupTime      Calls       Vars
  problem variables:       0.00          -          0          0
Branching Rules    :   ExecTime  SetupTime   BranchLP  BranchExt   BranchPS    Cutoffs    DomReds       Cuts      Conss   Children
  allfullstrong    :       0.00       0.00          0          0          0          0          0          0          0          0
  cloud            :       0.00       0.00          0          0          0          0          0          0          0          0
  distribution     :       0.00       0.00          0          0          0          0          0          0          0          0
  fullstrong       :       0.00       0.00          0          0          0          0          0          0          0          0
  inference        :       0.00       0.00          0          0          0          0          0          0          0          0
  leastinf         :       0.00       0.00          0          0          0          0          0          0          0          0
  lookahead        :       0.00       0.00          0          0          0          0          0          0          0          0
  mostinf          :       0.00       0.00          0          0          0          0          0          0          0          0
  multaggr         :       0.00       0.00          0          0          0          0          0          0          0          0
  nodereopt        :       0.00       0.00          0          0          0          0          0          0          0          0
  pscost           :       0.00       0.00          0          0          0          0          0          0          0          0
  random           :       0.00       0.00          0          0          0          0          0          0          0          0
  relpscost        :      82.81       0.00     259040          0          0          0        356          0        354     517506
  vanillafullstrong:       0.00       0.00          0          0          0          0          0          0          0          0
Primal Heuristics  :   ExecTime  SetupTime      Calls      Found       Best
  LP solutions     :       0.00          -          -          1          1
  relax solutions  :       0.00          -          -          0          0
  pseudo solutions :       0.00          -          -          0          0
  strong branching :       0.01          -          -          0          0
  actconsdiving    :       0.00       0.00          0          0          0
  adaptivediving   :       3.25       0.00         34          0          0
  alns             :       3.72       0.00         31          4          3
  bound            :       0.00       0.00          0          0          0
  clique           :       0.02       0.00          1          0          0
  coefdiving       :       0.00       0.00          0          0          0
  completesol      :       0.00       0.00          0          0          0
  conflictdiving   :     142.54       0.00       1427          0          0
  crossover        :       1.48       0.00          4          1          1
  dins             :       0.00       0.00          0          0          0
  distributiondivin:      78.77       0.00        402          0          0
  dps              :       0.00       0.00          0          0          0
  dualval          :       0.00       0.00          0          0          0
  farkasdiving     :       0.02       0.00          0          0          0
  feaspump         :       0.18       0.00          1          1          1
  fixandinfer      :       0.00       0.00          0          0          0
  fracdiving       :      50.85       0.00        568          0          0
  gins             :       0.36       0.00          0          0          0
  guideddiving     :      49.43       0.00        530          0          0
  indicator        :       0.21       0.00          0          0          0
  indicatordiving  :       0.00       0.00          0          0          0
  intdiving        :       0.00       0.00          0          0          0
  intshifting      :       0.24       0.00         51          0          0
  linesearchdiving :      46.09       0.00        491          0          0
  localbranching   :       0.00       0.00          0          0          0
  locks            :       0.01       0.00          1          0          0
  lpface           :       0.27       0.00          0          0          0
  mpec             :     104.56       0.00         11          2          2
  multistart       :       0.00       0.00          0          0          0
  mutation         :       0.00       0.00          0          0          0
  nlpdiving        :      26.23       0.00          3          0          0
  objpscostdiving  :      30.96       0.00        117          1          1
  octane           :       0.00       0.00          0          0          0
  ofins            :       0.21       0.00          0          0          0
  oneopt           :       0.29       0.00         13          0          0
  padm             :       0.00       0.00          0          0          0
  proximity        :       0.00       0.00          0          0          0
  pscostdiving     :      48.34       0.00        473          1          1
  randrounding     :       0.80       0.00      15489          0          0
  rens             :       0.00       0.00          0          0          0
  reoptsols        :       0.00       0.00          0          0          0
  repair           :       0.00       0.00          0          0          0
  rins             :       3.62       0.00         36          0          0
  rootsoldiving    :      23.65       0.00         55          0          0
  rounding         :       2.23       0.00       7214          0          0
  shiftandpropagate:       0.00       0.00          0          0          0
  shifting         :      37.28       0.00      10193          1          1
  simplerounding   :       0.24       0.00          0          0          0
  subnlp           :     363.89       0.00          0          0          0
  trivial          :       0.01       0.00          2          2          2
  trivialnegation  :       0.00       0.00          0          0          0
  trustregion      :       0.00       0.00          0          0          0
  trysol           :       0.31       0.00          0          0          0
  twoopt           :       0.00       0.00          0          0          0
  undercover       :       1.23       0.00          1          1          1
  vbounds          :       0.00       0.00          0          0          0
  veclendiving     :      48.28       0.00        474          0          0
  zeroobj          :       0.00       0.00          0          0          0
  zirounding       :       0.73       0.00       1000          0          0
  other solutions  :          -          -          -          0          -
Diving (single)    :      Calls      Nodes   LP Iters Backtracks  Conflicts   MinDepth   MaxDepth   AvgDepth  RoundSols  NLeafSols  MinSolDpt  MaxSolDpt  AvgSolDpt
  actconsdiving    :          0          -          -          -          -          -          -          -          -          -          -          -          -
  coefdiving       :          0          -          -          -          -          -          -          -          -          -          -          -          -
  conflictdiving   :       1427      66108    1696652       1572      79540         56         90       68.5          0          -          -          -          -
  distributiondivin:        402      15807     576612        442       6446         52         72       61.3          0          -          -          -          -
  farkasdiving     :          0          -          -          -          -          -          -          -          -          -          -          -          -
  fracdiving       :        568      50475     572825        208       3154         60        262      111.1          0          -          -          -          -
  guideddiving     :        530      48824     574080        157       3635         67        202      113.5          0          -          -          -          -
  indicatordiving  :          0          -          -          -          -          -          -          -          -          -          -          -          -
  linesearchdiving :        491      19902     575312        375      23999         48         99       62.4          0          -          -          -          -
  pscostdiving     :        473      20045     587047        493       8933         47         78       64.6          0          1         78         78       78.0
  veclendiving     :        474      20845     575939        431      30695         53         88       64.9          0          -          -          -          -
Diving (adaptive)  :      Calls      Nodes   LP Iters Backtracks  Conflicts   MinDepth   MaxDepth   AvgDepth  RoundSols  NLeafSols  MinSolDpt  MaxSolDpt  AvgSolDpt
  actconsdiving    :          3         99       2887          4         69         59         61       60.0          0          -          -          -          -
  coefdiving       :         12        567      12280          8        706         57         90       68.2          0          -          -          -          -
  conflictdiving   :          0          -          -          -          -          -          -          -          -          -          -          -          -
  distributiondivin:          0          -          -          -          -          -          -          -          -          -          -          -          -
  farkasdiving     :          0          -          -          -          -          -          -          -          -          -          -          -          -
  fracdiving       :          2        255       1137          2         12        118        205      161.5          0          -          -          -          -
  guideddiving     :          2        150       2227          0          9         85        106       95.5          0          -          -          -          -
  indicatordiving  :          0          -          -          -          -          -          -          -          -          -          -          -          -
  linesearchdiving :          9        402      10029          6        436         52         76       64.4          0          -          -          -          -
  pscostdiving     :          1         42       1226          1         14         62         62       62.0          0          -          -          -          -
  veclendiving     :          5        256       5531          2        277         59         79       67.8          0          -          -          -          -
Neighborhoods      :      Calls  SetupTime  SolveTime SolveNodes       Sols       Best       Exp3  EpsGreedy        UCB TgtFixRate  Opt  Inf Node Stal  Sol  Usr Othr Actv
  rens             :          3       0.10       0.19         77          0          0    0.00000   -1.00000    0.46584      0.662    0    2    0    1    0    0    0    1
  rins             :          2       0.04       0.07         70          0          0    0.00000   -1.00000    0.46869      0.850    0    1    0    1    0    0    0    1
  mutation         :          3       0.13       0.34        154          0          0    0.00000   -1.00000    0.42885      0.662    0    2    0    1    0    0    0    1
  localbranching   :          2       0.03       0.04         61          0          0    0.00000   -1.00000    0.47588      0.850    0    1    0    1    0    0    0    1
  crossover        :          4       0.17       0.34         95          0          0    0.00000   -1.00000    0.45937      0.522    0    3    0    1    0    0    0    1
  proximity        :         13       0.44       1.46       2097          4          3    0.00000   -1.00000    0.49198      0.885    2    2    0    9    0    0    0    1
  zeroobjective    :          2       0.04       0.02         57          0          0    0.00000   -1.00000    0.47716      0.850    0    1    0    1    0    0    0    1
  dins             :          2       0.05       0.07         67          0          0    0.00000   -1.00000    0.47716      0.850    0    1    0    1    0    0    0    1
  trustregion      :          0       0.00       0.00          0          0          0    0.00000   -1.00000    1.00000      0.900    0    0    0    0    0    0    0    0
Expressions        :   #IntEval  IntEvalTi   #RevProp  RevPropTi    DomReds    Cutoffs  #Estimate  EstimTime  Branching  #Simplify SimplifyTi Simplified
  pow              :          0       0.00          0       0.00          0          0          0       0.00          0          0       0.00          0
  prod             :       9900       0.01          0       0.00          0          0          0       0.00          0       6539       0.00          0
  sum              :          8       0.00          2       0.00          0          0          0       0.00          0          3       0.01          2
  var              :       5930       0.00          0       0.00          0          0          0       0.00          0      14987       0.00          0
  varidx           :          0       0.00          0       0.00          0          0          0       0.00          0          0       0.00          0
LP                 :       Time      Calls Iterations  Iter/call   Iter/sec  Time-0-It Calls-0-It    ItLimit
  primal LP        :     140.15      36804          0       0.00       0.00     139.94      36804
  dual LP          :    1633.23     481955   11235517      25.11    6879.32      13.07      34534
  lex dual LP      :       0.00          0          0       0.00          -
  barrier LP       :       0.00          0          0       0.00          -       0.00          0
  resolve instable :       0.00          0          0       0.00          -
  diving/probing LP:     416.31      21220    5569248     262.45   13377.65
  strong branching :      16.26       2016     175627      87.12   10801.17          -          -       1717
    (at root node) :          -         19       3089     162.58          -
  conflict analysis:       7.68       5905      56834       9.62    7400.26
NLP relaxation     :
  solve time       :      25.55 (22 calls)
  convexity        :  nonconvex (52 linear rows, 0 convex ineq., 0 nonconvex ineq., 1589 nonlinear eq. or two-sided ineq.)
NLP Solvers        :  #Problems  ProblemTi    #Solves  SolveTime      #Iter  Time/Iter      #Okay #TimeLimit #IterLimit #LObjLimit #Interrupt  #NumError #EvalError  #OutOfMem #LicenseEr #OtherTerm   #GlobOpt    #LocOpt  #Feasible #LocInfeas #GlobInfea #Unbounded   #Unknown
  ipopt            :         12      13.96         58     131.71       1727       0.08         58          0          0          0          0          0          0          0          0          0          0         41          0         16          0          0          1
B&B Tree           :
  number of runs   :          1
  nodes            :     425304 (258753 internal, 166551 leaves)
  feasible leaves  :          1
  infeas. leaves   :         16
  objective leaves :     166533
  nodes (total)    :     425304 (258753 internal, 166551 leaves)
  nodes left       :      92095
  max depth        :         61
  max depth (total):         61
  backtracks       :     101294 (23.8%)
  early backtracks :          0 (0.0%)
  nodes exc. ref.  :          0 (0.0%)
  delayed cutoffs  :          0
  repropagations   :         99 (338 domain reductions, 0 cutoffs)
  avg switch length:       7.02
  switching time   :     242.81
Estim. Tree Size   :     850824
Estimation Tree    : 517507 nodes (425412 visited, 258753 internal, 166659 leaves, 92095 open), weight: 0.0000 completed 0.0952
Estimations        :      estim      value      trend resolution     smooth
  wbe              : 8610342168011818          -          -          -          -
  tree-profile     :         -1          -          -          -          -
  gap              :   12766526    0.68143    0.00001        256   12882041
  tree-weight      :     850824    0.00000    0.00000        256     850421
  leaf-frequency   :    3304105    0.39176    0.00002        256    3372335
  ssg              :   25619026    0.84961   -0.00002        256   25586091
  open-nodes       :     850824 92095.00000   59.96805        256     850421
Root Node          :
  First LP value   : -1.00000000000000e+00
  First LP Iters   :       1678 (16780.00 Iter/sec)
  First LP Time    :       0.10
  Final Dual Bound : -9.56902356902357e-01
  Final Root Iters :       2546
  Root LP Estimate : -3.38871191833100e-01
Solution           :
  Solutions found  :         15 (14 improvements)
  First Solution   : +1.00000000000000e+05   (in run 1, after 0 nodes, 0.04 seconds, depth 0, found by <trivial>)
  Gap First Sol.   :   infinite
  Gap Last Sol.    :      51.73 %
  Primal Bound     : -5.64033273915220e-01   (in run 1, after 72936 nodes, 609.07 seconds, depth 20, found by <alns>)
  Dual Bound       : -8.27716054691227e-01
  Gap              :      46.75 %
Integrals          :      Total       Avg%
  primal-dual      :  120573.41      33.49
  primal-ref       :          -          - (not evaluated)
  dual-ref         :          -          - (not evaluated)
