SCIP Status        : solving was interrupted [time limit reached]
Total Time         :    3600.00
  solving          :    3600.00
  presolving       :       0.26 (included in solving)
  reading          :       0.00
  copying          :       0.41 (31 #copies) (minimal 0.00, maximal 0.03, average 0.01)
Original Problem   :
  Problem name     : bbbenchmark/g05_60.7.cut
  Variables        : 61 (60 binary, 0 integer, 0 implicit integer, 1 continuous)
  Constraints      : 1 initial, 1 maximal
  Objective        : minimize, 1 non-zeros (abs.min = 1, abs.max = 1)
Presolved Problem  :
  Problem name     : t_bbbenchmark/g05_60.7.cut
  Variables        : 946 (60 binary, 0 integer, 885 implicit integer, 1 continuous)
  Constraints      : 886 initial, 4618 maximal
  Objective        : minimize, 1 non-zeros (abs.min = 1, abs.max = 1)
  Nonzeros         : 3601 constraint, 122 clique table
Presolvers         :   ExecTime  SetupTime  Calls  FixedVars   AggrVars   ChgTypes  ChgBounds   AddHoles    DelCons    AddCons   ChgSides   ChgCoefs
  boundshift       :       0.00       0.00      0          0          0          0          0          0          0          0          0          0
  convertinttobin  :       0.00       0.00      0          0          0          0          0          0          0          0          0          0
  domcol           :       0.00       0.00      1          0          0          0          0          0          0          0          0          0
  dualagg          :       0.00       0.00      0          0          0          0          0          0          0          0          0          0
  dualcomp         :       0.00       0.00      1          0          0          0          0          0          0          0          0          0
  dualinfer        :       0.00       0.00      0          0          0          0          0          0          0          0          0          0
  dualsparsify     :       0.00       0.00      1          0          0          0          0          0          0          0          0          0
  gateextraction   :       0.00       0.00      0          0          0          0          0          0          0          0          0          0
  implics          :       0.00       0.00      2          0          0          0          0          0          0          0          0          0
  inttobinary      :       0.00       0.00      0          0          0          0          0          0          0          0          0          0
  qpkktref         :       0.00       0.00      0          0          0          0          0          0          0          0          0          0
  redvub           :       0.00       0.00      0          0          0          0          0          0          0          0          0          0
  sparsify         :       0.00       0.00      1          0          0          0          0          0          0          0          0          0
  stuffing         :       0.00       0.00      0          0          0          0          0          0          0          0          0          0
  trivial          :       0.00       0.00      4          0          0          0          0          0          0          0          0          0
  tworowbnd        :       0.00       0.00      0          0          0          0          0          0          0          0          0          0
  dualfix          :       0.00       0.00      4          0          0          0          0          0          0          0          0          0
  genvbounds       :       0.00       0.00      0          0          0          0          0          0          0          0          0          0
  probing          :       0.14       0.00      1          0          0          0          0          0          0          0          0          0
  pseudoobj        :       0.00       0.00      1          0          0          0          1          0          0          0          0          0
  symmetry         :       0.00       0.00      0          0          0          0          0          0          0          0          0          0
  vbounds          :       0.00       0.00      1          0          0          0          0          0          0          0          0          0
  and              :       0.01       0.00      2          0          0          0          0          0          0          0          0          0
  linear           :       0.00       0.00      2          0          0          0          0          0          0          0          0          0
  logicor          :       0.00       0.00      0          0          0          0          0          0          0          0          0          0
  nonlinear        :       0.10       0.01      5          0          0          0          1          0          0        885          0          0
  benders          :       0.00       0.00      0          0          0          0          0          0          0          0          0          0
  components       :       0.01       0.00      1          0          0          0          0          0          0          0          0          0
  root node        :          -          -      -          0          -          -         49          -          -          -          -          -
Constraints        :     Number  MaxNumber  #Separate #Propagate    #EnfoLP    #EnfoRelax  #EnfoPS    #Check   #ResProp    Cutoffs    DomReds       Cuts    Applied      Conss   Children
  benderslp        :          0          0          0          0      73866          0          0       5743          0          0          0          0          0          0          0
  integral         :          0          0          0          0      73866          0          0       5743          0          0      14786          0          0       5916     141542
  and              :        885        885      81653     465036          5          0          0         26      87927        176    2722810       1921       1522          0          0
  linear           :          1+         5         24     464860          5          0          0         24          3          0          0          0          0          0          0
  logicor          :          0+      3729          0     118742          0          0          0          0       2464        983        204          0          0          0          0
  benders          :          0          0          0          0          5          0          0         27          0          0          0          0          0          0          0
  countsols        :          0          0          0          0          5          0          0         27          0          0          0          0          0          0          0
  components       :          0          0          0          0          0          0          0          0          0          0          0          0          0          0          0
Constraint Timings :  TotalTime  SetupTime   Separate  Propagate     EnfoLP     EnfoPS     EnfoRelax   Check    ResProp    SB-Prop
  benderslp        :       0.08       0.00       0.00       0.00       0.08       0.00       0.00       0.00       0.00       0.00
  integral         :      65.03       0.00       0.00       0.00      65.00       0.00       0.00       0.03       0.00       0.00
  and              :      43.75       0.00      25.41      17.40       0.00       0.00       0.00       0.00       0.08       0.86
  linear           :       0.38       0.00       0.00       0.38       0.00       0.00       0.00       0.00       0.00       0.00
  logicor          :       6.99       0.00       0.00       6.93       0.00       0.00       0.00       0.00       0.01       0.05
  benders          :       0.00       0.00       0.00       0.00       0.00       0.00       0.00       0.00       0.00       0.00
  countsols        :       0.00       0.00       0.00       0.00       0.00       0.00       0.00       0.00       0.00       0.00
  components       :       0.20       0.00       0.00       0.20       0.00       0.00       0.00       0.00       0.00       0.00
Propagators        : #Propagate   #ResProp    Cutoffs    DomReds
  dualfix          :          5          0          0          0
  genvbounds       :          0          0          0          0
  nlobbt           :          0          0          0          0
  obbt             :          0          0          0          0
  probing          :          0          0          0          0
  pseudoobj        :     393103          0          0         50
  redcost          :     181241          0          0     477065
  rootredcost      :         15          0          0          0
  symmetry         :          0          0          0          0
  vbounds          :      33252          0          0          0
Propagator Timings :  TotalTime  SetupTime   Presolve  Propagate    ResProp    SB-Prop
  dualfix          :       0.00       0.00       0.00       0.00       0.00       0.00
  genvbounds       :       0.38       0.00       0.00       0.37       0.00       0.01
  nlobbt           :       0.00       0.00       0.00       0.00       0.00       0.00
  obbt             :       0.00       0.00       0.00       0.00       0.00       0.00
  probing          :       0.14       0.00       0.14       0.00       0.00       0.00
  pseudoobj        :       0.57       0.00       0.00       0.57       0.00       0.00
  redcost          :       7.08       0.00       0.00       7.08       0.00       0.00
  rootredcost      :       0.39       0.00       0.00       0.39       0.00       0.00
  symmetry         :       0.31       0.00       0.00       0.31       0.00       0.00
  vbounds          :       0.31       0.00       0.00       0.29       0.00       0.02
Conflict Analysis  :       Time      Calls    Success    DomReds  Conflicts   Literals    Reconvs ReconvLits   Dualrays   Nonzeros   LP Iters   (pool size: [10000,10000])
  propagation      :       0.04       1159        621          -        725       23.5          0        0.0          -          -          -
  infeasible LP    :       0.00          0          0          -          0        0.0          0        0.0          4       30.2          0
  bound exceed. LP :      14.40      11037       8246          -      43410       30.1         26       22.2          0        0.0      55511
  strong branching :       0.00          0          0          -          0        0.0          0        0.0          -          -          0
  pseudo solution  :       0.00          0          0          -          0        0.0          0        0.0          -          -          -
  applied globally :       0.10          -          -          0      17970       30.0          -          -          4          -          -
  applied locally  :          -          -          -          0          0        0.0          -          -          0          -          -
Separators         :   ExecTime  SetupTime      Calls  RootCalls    Cutoffs    DomReds  FoundCuts ViaPoolAdd  DirectAdd    Applied ViaPoolApp  DirectApp      Conss
  cut pool         :       2.39          -      15125         46          -          -      20679     489572          -          -          -          -          -    (maximal pool size:       1359)
  aggregation      :      24.66       0.00       4924         24          0          0        574      15931          0       3612       3612          0          0
  > cmir           :          -          -          -          -          -          -          -      15931          0       3612       3612          0          -
  > flowcover      :          -          -          -          -          -          -          -          0          0          0          0          0          -
  > knapsackcover  :          -          -          -          -          -          -          -          0          0          0          0          0          -
  cgmip            :       0.00       0.00          0          0          0          0          0          0          0          0          0          0          0
  clique           :       0.00       0.00         24         24          0          0          0          0          0          0          0          0          0
  closecuts        :       0.00       0.00          0          0          0          0          0          0          0          0          0          0          0
  convexproj       :       0.00       0.00          0          0          0          0          0          0          0          0          0          0          0
  disjunctive      :       0.00       0.00          0          0          0          0          0          0          0          0          0          0          0
  eccuts           :       0.00       0.00          0          0          0          0          0          0          0          0          0          0          0
  gauge            :       0.00       0.00          0          0          0          0          0          0          0          0          0          0          0
  gomory           :       0.00       0.00          0          0          0          0          0          0          0          0          0          0          0
  > gomorymi       :          -          -          -          -          -          -          -          0          0          0          0          0          -
  > strongcg       :          -          -          -          -          -          -          -          0          0          0          0          0          -
  impliedbounds    :       0.12       0.00       4924         24          0          0         16          0          0          0          0          0          0
  interlattice     :       0.00       0.00          0          0          0          0          0          0          0          0          0          0          0
  interminor       :       0.00       0.00          0          0          0          0          0          0          0          0          0          0          0
  intersub         :       0.00       0.00          0          0          0          0          0          0          0          0          0          0          0
  intobj           :       0.00       0.00          0          0          0          0          0          0          0          0          0          0          0
  mcf              :       0.00       0.00          1          1          0          0          0          0          0          0          0          0          0
  minor            :       0.00       0.00          0          0          0          0          0          0          0          0          0          0          0
  mixing           :       0.02       0.00       4924         24          0          0          0          0          0          0          0          0          0
  oddcycle         :       0.00       0.00          0          0          0          0          0          0          0          0          0          0          0
  rapidlearning    :       0.00       0.00          0          0          0          0          0          0          0          0          0          0          0
  rlt              :       0.00       0.00         10         10          0          0          0          0          0          0          0          0          0
  zerohalf         :      28.03       0.00       3749         20          0          0      20089     473641          0      65030      65030          0          0
Cutselectors       :   ExecTime  SetupTime      Calls  RootCalls   Selected     Forced   Filtered  RootSelec   RootForc   RootFilt 
  hybrid           :       0.27       0.00       9479         21      70164          0     421329        156          0         40
Pricers            :   ExecTime  SetupTime      Calls       Vars
  problem variables:       0.00          -          0          0
Branching Rules    :   ExecTime  SetupTime   BranchLP  BranchExt   BranchPS    Cutoffs    DomReds       Cuts      Conss   Children
  allfullstrong    :       0.00       0.00          0          0          0          0          0          0          0          0
  cloud            :       0.00       0.00          0          0          0          0          0          0          0          0
  distribution     :       0.00       0.00          0          0          0          0          0          0          0          0
  fullstrong       :       0.00       0.00          0          0          0          0          0          0          0          0
  inference        :       0.00       0.00          0          0          0          0          0          0          0          0
  leastinf         :       0.00       0.00          0          0          0          0          0          0          0          0
  lookahead        :       0.00       0.00          0          0          0          0          0          0          0          0
  mostinf          :       0.00       0.00          0          0          0          0          0          0          0          0
  multaggr         :       0.00       0.00          0          0          0          0          0          0          0          0
  nodereopt        :       0.00       0.00          0          0          0          0          0          0          0          0
  pscost           :       0.00       0.00          0          0          0          0          0          0          0          0
  random           :       0.00       0.00          0          0          0          0          0          0          0          0
  relpscost        :      64.71       0.00      73861          0          0          0      14786          0       5946     141542
  vanillafullstrong:       0.00       0.00          0          0          0          0          0          0          0          0
Primal Heuristics  :   ExecTime  SetupTime      Calls      Found       Best
  LP solutions     :       0.00          -          -          5          5
  relax solutions  :       0.00          -          -          0          0
  pseudo solutions :       0.00          -          -          0          0
  strong branching :       0.04          -          -          4          4
  actconsdiving    :       0.00       0.00          0          0          0
  adaptivediving   :       2.88       0.00         96          0          0
  alns             :       1.38       0.00         22          2          2
  bound            :       0.00       0.00          0          0          0
  clique           :       0.00       0.00          1          0          0
  coefdiving       :       0.00       0.00          0          0          0
  completesol      :       0.00       0.00          0          0          0
  conflictdiving   :       5.67       0.00        304          0          0
  crossover        :       0.12       0.00          3          2          2
  dins             :       0.00       0.00          0          0          0
  distributiondivin:      16.71       0.00        304          0          0
  dps              :       0.00       0.00          0          0          0
  dualval          :       0.00       0.00          0          0          0
  farkasdiving     :       0.00       0.00          0          0          0
  feaspump         :       0.07       0.00          1          1          1
  fixandinfer      :       0.00       0.00          0          0          0
  fracdiving       :       8.21       0.00        304          0          0
  gins             :       0.03       0.00          0          0          0
  guideddiving     :       8.62       0.00        305          2          2
  indicator        :       0.03       0.00          0          0          0
  indicatordiving  :       0.00       0.00          0          0          0
  intdiving        :       0.00       0.00          0          0          0
  intshifting      :       0.07       0.00         19          0          0
  linesearchdiving :       7.92       0.00        304          0          0
  localbranching   :       0.00       0.00          0          0          0
  locks            :       0.01       0.00          1          0          0
  lpface           :       0.13       0.00          0          0          0
  mpec             :       2.09       0.00          1          0          0
  multistart       :       0.00       0.00          0          0          0
  mutation         :       0.00       0.00          0          0          0
  nlpdiving        :       4.41       0.00          8          0          0
  objpscostdiving  :      11.86       0.00         38          3          0
  octane           :       0.00       0.00          0          0          0
  ofins            :       0.09       0.00          0          0          0
  oneopt           :       0.09       0.00         22          0          0
  padm             :       0.00       0.00          0          0          0
  proximity        :       0.00       0.00          0          0          0
  pscostdiving     :       9.91       0.00        304          1          1
  randrounding     :       0.18       0.00       5712          0          0
  rens             :       0.00       0.00          0          0          0
  reoptsols        :       0.00       0.00          0          0          0
  repair           :       0.00       0.00          0          0          0
  rins             :       2.39       0.00          8          1          0
  rootsoldiving    :       3.95       0.00         14          0          0
  rounding         :       0.75       0.00       3981          0          0
  shiftandpropagate:       0.00       0.00          0          0          0
  shifting         :      14.75       0.00       7537          5          5
  simplerounding   :       0.12       0.00          0          0          0
  subnlp           :      71.92       0.00          0          0          0
  trivial          :       0.00       0.00          2          2          2
  trivialnegation  :       0.00       0.00          0          0          0
  trustregion      :       0.00       0.00          0          0          0
  trysol           :       0.06       0.00          0          0          0
  twoopt           :       0.00       0.00          0          0          0
  undercover       :       1.08       0.00          1          1          1
  vbounds          :       0.00       0.00          0          0          0
  veclendiving     :       4.91       0.00        304          0          0
  zeroobj          :       0.00       0.00          0          0          0
  zirounding       :       0.22       0.00       1000          0          0
  other solutions  :          -          -          -          0          -
Diving (single)    :      Calls      Nodes   LP Iters Backtracks  Conflicts   MinDepth   MaxDepth   AvgDepth  RoundSols  NLeafSols  MinSolDpt  MaxSolDpt  AvgSolDpt
  actconsdiving    :          0          -          -          -          -          -          -          -          -          -          -          -          -
  coefdiving       :          0          -          -          -          -          -          -          -          -          -          -          -          -
  conflictdiving   :        304       5583      52294        322       4099         20         44       31.9          0          -          -          -          -
  distributiondivin:        304       3699     108356        505       3779         19         36       25.3          0          -          -          -          -
  farkasdiving     :          0          -          -          -          -          -          -          -          -          -          -          -          -
  fracdiving       :        304      29357      81561        195       1243         25        190      110.7          0          -          -          -          -
  guideddiving     :        305      28969      81736        195       1758         29        212      109.1          0          2         59         67       63.0
  indicatordiving  :          0          -          -          -          -          -          -          -          -          -          -          -          -
  linesearchdiving :        304       6565      78859        387       5461         22         54       35.2          0          -          -          -          -
  pscostdiving     :        304       5056     109802        309       4283         22         42       30.4          0          1         42         42       42.0
  veclendiving     :        304       5750      36114        308       4797         19         42       32.9          0          -          -          -          -
Diving (adaptive)  :      Calls      Nodes   LP Iters Backtracks  Conflicts   MinDepth   MaxDepth   AvgDepth  RoundSols  NLeafSols  MinSolDpt  MaxSolDpt  AvgSolDpt
  actconsdiving    :         22        243       8339         44        292         21         29       23.8          0          -          -          -          -
  coefdiving       :         27        517       5158         28        484         28         39       31.7          0          -          -          -          -
  conflictdiving   :          0          -          -          -          -          -          -          -          -          -          -          -          -
  distributiondivin:          0          -          -          -          -          -          -          -          -          -          -          -          -
  farkasdiving     :          0          -          -          -          -          -          -          -          -          -          -          -          -
  fracdiving       :          8        971       1751          5         31         80        158      135.9          0          -          -          -          -
  guideddiving     :          7        929       2543          5         24        122        202      146.0          0          -          -          -          -
  indicatordiving  :          0          -          -          -          -          -          -          -          -          -          -          -          -
  linesearchdiving :         13        291       3445         15        193         31         43       36.2          0          -          -          -          -
  pscostdiving     :          9        140       3056          9        129         23         35       28.9          0          -          -          -          -
  veclendiving     :         10        172        451         10         90         27         33       31.8          0          -          -          -          -
Neighborhoods      :      Calls  SetupTime  SolveTime SolveNodes       Sols       Best       Exp3  EpsGreedy        UCB TgtFixRate  Opt  Inf Node Stal  Sol  Usr Othr Actv
  rens             :          2       0.00       0.00          0          0          0    0.00000   -1.00000    0.30008      0.700    0    1    0    0    0    0    1    1
  rins             :          2       0.03       0.01          1          0          0    0.00000   -1.00000    0.29958      0.700    0    1    0    0    0    0    1    1
  mutation         :          5       0.14       0.33        112          2          2    0.00000   -1.00000    0.50338      0.585    1    2    0    2    0    0    0    1
  localbranching   :          3       0.10       0.13         57          0          0    0.00000   -1.00000    0.46217      0.662    0    2    0    1    0    0    0    1
  crossover        :          3       0.06       0.02          2          0          0    0.00000   -1.00000    0.53844      0.437    0    3    0    0    0    0    0    1
  proximity        :          3       0.05       0.27         60          0          0    0.00000   -1.00000    0.46217      0.662    0    2    0    1    0    0    0    1
  zeroobjective    :          2       0.06       0.00          3          0          0    0.00000   -1.00000    0.54584      0.550    0    2    0    0    0    0    0    1
  dins             :          2       0.01       0.00          0          0          0    0.00000   -1.00000    0.30008      0.700    0    1    0    0    0    0    1    1
  trustregion      :          0       0.00       0.00          0          0          0    0.00000   -1.00000    1.00000      0.900    0    0    0    0    0    0    0    0
Expressions        :   #IntEval  IntEvalTi   #RevProp  RevPropTi    DomReds    Cutoffs  #Estimate  EstimTime  Branching  #Simplify SimplifyTi Simplified
  pow              :          0       0.00          0       0.00          0          0          0       0.00          0          0       0.00          0
  prod             :       3540       0.00          0       0.00          0          0          0       0.00          0       2655       0.00          0
  sum              :          8       0.00          2       0.00          0          0          0       0.00          0          3       0.02          2
  var              :       3327       0.00          0       0.00          0          0          0       0.00          0       6378       0.01          0
  varidx           :          0       0.00          0       0.00          0          0          0       0.00          0          0       0.00          0
LP                 :       Time      Calls Iterations  Iter/call   Iter/sec  Time-0-It Calls-0-It    ItLimit
  primal LP        :     164.43      14213          0       0.00       0.00     164.39      14213
  dual LP          :    2963.56     174488   22445113     149.22    7573.70       7.35      24069
  lex dual LP      :       0.00          0          0       0.00          -
  barrier LP       :       0.00          0          0       0.00          -       0.00          0
  resolve instable :       0.00          0          0       0.00          -
  diving/probing LP:      59.27       6085     711515     116.93   12004.64
  strong branching :      42.42       6509     498744      76.62   11757.28          -          -        194
    (at root node) :          -         19       2169     114.16          -
  conflict analysis:       7.23       5599      55511       9.91    7677.87
NLP relaxation     :
  solve time       :       4.41 (8 calls)
  convexity        :  nonconvex (1 linear rows, 0 convex ineq., 0 nonconvex ineq., 885 nonlinear eq. or two-sided ineq.)
NLP Solvers        :  #Problems  ProblemTi    #Solves  SolveTime      #Iter  Time/Iter      #Okay #TimeLimit #IterLimit #LObjLimit #Interrupt  #NumError #EvalError  #OutOfMem #LicenseEr #OtherTerm   #GlobOpt    #LocOpt  #Feasible #LocInfeas #GlobInfea #Unbounded   #Unknown
  ipopt            :          2       4.63         11       6.64        343       0.02         11          0          0          0          0          0          0          0          0          0          0          0          0          3          0          0          8
B&B Tree           :
  number of runs   :          1
  nodes            :     138188 (70771 internal, 67417 leaves)
  feasible leaves  :          5
  infeas. leaves   :        338
  objective leaves :      67073
  nodes (total)    :     138188 (70771 internal, 67417 leaves)
  nodes left       :       3327
  max depth        :         34
  max depth (total):         34
  backtracks       :      36773 (26.6%)
  early backtracks :          0 (0.0%)
  nodes exc. ref.  :          0 (0.0%)
  delayed cutoffs  :          1
  repropagations   :       1103 (315 domain reductions, 0 cutoffs)
  avg switch length:       4.38
  switching time   :     186.03
Estim. Tree Size   :     322101
Estimation Tree    : 141543 nodes (138216 visited, 70771 internal, 67445 leaves, 3327 open), weight: 0.4120 completed 0.6484
Estimations        :      estim      value      trend resolution     smooth
  wbe              :     327396          -          -          -          -
  tree-profile     :         -1          -          -          -          -
  gap              :     340875    0.93206    0.00008        128     341912
  tree-weight      :     322102    0.41201    0.00080        128     319738
  leaf-frequency   :     396077    0.48796    0.00001        128     395277
  ssg              :     256734    0.21472   -0.00045        128     255049
  open-nodes       :     347652 3327.00000   -3.99870        128     344952
Root Node          :
  First LP value   : -1.00000000000000e+00
  First LP Iters   :        610 (20333.33 Iter/sec)
  First LP Time    :       0.03
  Final Dual Bound : -9.15819209039549e-01
  Final Root Iters :       1092
  Root LP Estimate : -5.48629597310846e-01
Solution           :
  Solutions found  :         29 (25 improvements)
  First Solution   : +1.00000000000000e+05   (in run 1, after 0 nodes, 0.04 seconds, depth 0, found by <trivial>)
  Gap First Sol.   :   infinite
  Gap Last Sol.    :      13.83 %
  Primal Bound     : -6.04519774011300e-01   (in run 1, after 64365 nodes, 1477.23 seconds, depth 23, found by <relaxation>)
  Dual Bound       : -6.48587570621469e-01
  Gap              :       7.29 %
Integrals          :      Total       Avg%
  primal-dual      :   43546.20      12.10
  primal-ref       :          -          - (not evaluated)
  dual-ref         :          -          - (not evaluated)
