SCIP Status        : solving was interrupted [time limit reached]
Total Time         :    3600.01
  solving          :    3600.00
  presolving       :       0.46 (included in solving)
  reading          :       0.01
  copying          :       1.16 (135 #copies) (minimal 0.00, maximal 0.02, average 0.01)
Original Problem   :
  Problem name     : bbbenchmark/pw09_100.9.cut
  Variables        : 101 (100 binary, 0 integer, 0 implicit integer, 1 continuous)
  Constraints      : 1 initial, 1 maximal
  Objective        : minimize, 1 non-zeros (abs.min = 1, abs.max = 1)
Presolved Problem  :
  Problem name     : t_bbbenchmark/pw09_100.9.cut
  Variables        : 1323 (100 binary, 0 integer, 1174 implicit integer, 49 continuous)
  Constraints      : 1319 initial, 3604 maximal
  Objective        : minimize, 1 non-zeros (abs.min = 1, abs.max = 1)
  Nonzeros         : 11647 constraint, 202 clique table
Presolvers         :   ExecTime  SetupTime  Calls  FixedVars   AggrVars   ChgTypes  ChgBounds   AddHoles    DelCons    AddCons   ChgSides   ChgCoefs
  boundshift       :       0.00       0.00      0          0          0          0          0          0          0          0          0          0
  convertinttobin  :       0.00       0.00      0          0          0          0          0          0          0          0          0          0
  domcol           :       0.00       0.00      1          0          0          0          0          0          0          0          0          0
  dualagg          :       0.00       0.00      0          0          0          0          0          0          0          0          0          0
  dualcomp         :       0.00       0.00      1          0          0          0          0          0          0          0          0          0
  dualinfer        :       0.00       0.00      0          0          0          0          0          0          0          0          0          0
  dualsparsify     :       0.00       0.00      1          0          0          0          0          0          0          0          0          0
  gateextraction   :       0.00       0.00      0          0          0          0          0          0          0          0          0          0
  implics          :       0.00       0.00      2          0          0          0          0          0          0          0          0          0
  inttobinary      :       0.00       0.00      0          0          0          0          0          0          0          0          0          0
  qpkktref         :       0.00       0.00      0          0          0          0          0          0          0          0          0          0
  redvub           :       0.00       0.00      0          0          0          0          0          0          0          0          0          0
  sparsify         :       0.00       0.00      1          0          0          0          0          0          0          0          0          0
  stuffing         :       0.00       0.00      0          0          0          0          0          0          0          0          0          0
  trivial          :       0.00       0.00      4          0          0          0          0          0          0          0          0          0
  tworowbnd        :       0.00       0.00      0          0          0          0          0          0          0          0          0          0
  dualfix          :       0.00       0.00      4          0          0          0          0          0          0          0          0          0
  genvbounds       :       0.00       0.00      0          0          0          0          0          0          0          0          0          0
  probing          :       0.23       0.00      1          0          0          0          0          0          0          0          0          0
  pseudoobj        :       0.00       0.00      1          0          0          0          1          0          0          0          0          0
  symmetry         :       0.00       0.00      0          0          0          0          0          0          0          0          0          0
  vbounds          :       0.00       0.00      1          0          0          0          0          0          0          0          0          0
  varbound         :       0.00       0.00      2          0          0          0          0          0          0          0          0          0
  and              :       0.01       0.01      2          0          0          0          0          0          0          0          0          0
  linear           :       0.00       0.00      2          0          0          0          0          0          0          0          0          0
  logicor          :       0.00       0.00      0          0          0          0          0          0          0          0          0          0
  bounddisjunction :       0.00       0.00      0          0          0          0          0          0          0          0          0          0
  nonlinear        :       0.21       0.01      5          0          0          0          1          0          0       1318          0          0
  benders          :       0.00       0.00      0          0          0          0          0          0          0          0          0          0
  components       :       0.00       0.00      1          0          0          0          0          0          0          0          0          0
  root node        :          -          -      -          0          -          -          8          -          -          -          -          -
Constraints        :     Number  MaxNumber  #Separate #Propagate    #EnfoLP    #EnfoRelax  #EnfoPS    #Check   #ResProp    Cutoffs    DomReds       Cuts    Applied      Conss   Children
  benderslp        :          0          0          0          0     706316          0          0      56091          0          0          0          0          0          0          0
  integral         :          0          0          0          0     706316          0          0      56091          0          0         25          0          0          0    1412556
  varbound         :         48         48         31    2995254          0          0          0       9789        170          0     226697          0          0          0          0
  and              :       1174       1174     775575    3030833         13          0          0       7094     517457          4     358041      10382       9756          0          0
  linear           :         97+       195         31    3030995         13          0          0       7092      69955        475   10548499          0          0          0          0
  logicor          :          0+       911          0     278145          0          0          0          0         68       2512          9          0          0          0          0
  bounddisjunction :          0+      1588          0     295810          0          0          0          0         41        339          0          0          0          0          0
  benders          :          0          0          0          0         13          0          0         46          0          0          0          0          0          0          0
  countsols        :          0          0          0          0         13          0          0         46          0          0          0          0          0          0          0
  components       :          0          0          0          0          0          0          0          0          0          0          0          0          0          0          0
Constraint Timings :  TotalTime  SetupTime   Separate  Propagate     EnfoLP     EnfoPS     EnfoRelax   Check    ResProp    SB-Prop
  benderslp        :       0.53       0.00       0.00       0.00       0.50       0.00       0.00       0.03       0.00       0.00
  integral         :     104.52       0.00       0.00       0.00     104.07       0.00       0.00       0.45       0.00       0.00
  varbound         :       4.34       0.00       0.00       4.18       0.00       0.00       0.00       0.14       0.00       0.02
  and              :     166.23       0.01     132.43      32.26       0.00       0.00       0.00       0.92       0.48       0.13
  linear           :      56.29       0.00       0.03      55.96       0.00       0.00       0.00       0.06       0.20       0.04
  logicor          :       3.99       0.00       0.00       3.98       0.00       0.00       0.00       0.00       0.00       0.01
  bounddisjunction :       9.12       0.00       0.00       9.12       0.00       0.00       0.00       0.00       0.00       0.00
  benders          :       0.00       0.00       0.00       0.00       0.00       0.00       0.00       0.00       0.00       0.00
  countsols        :       0.00       0.00       0.00       0.00       0.00       0.00       0.00       0.00       0.00       0.00
  components       :       0.81       0.00       0.00       0.80       0.00       0.00       0.00       0.00       0.00       0.01
Propagators        : #Propagate   #ResProp    Cutoffs    DomReds
  dualfix          :          3          0          0          0
  genvbounds       :          0          0          0          0
  nlobbt           :          0          0          0          0
  obbt             :          0          0          0          0
  probing          :          0          0          0          0
  pseudoobj        :    2655644          1          0       1643
  redcost          :    1510246          0          0     334001
  rootredcost      :         22          0          0          0
  symmetry         :          0          0          0          0
  vbounds          :     418078          0          0          0
Propagator Timings :  TotalTime  SetupTime   Presolve  Propagate    ResProp    SB-Prop
  dualfix          :       0.00       0.00       0.00       0.00       0.00       0.00
  genvbounds       :       1.84       0.00       0.00       1.84       0.00       0.00
  nlobbt           :       0.00       0.00       0.00       0.00       0.00       0.00
  obbt             :       0.00       0.00       0.00       0.00       0.00       0.00
  probing          :       0.23       0.00       0.23       0.00       0.00       0.00
  pseudoobj        :       2.81       0.00       0.00       2.80       0.00       0.01
  redcost          :      44.59       0.00       0.00      44.59       0.00       0.00
  rootredcost      :       2.29       0.00       0.00       2.29       0.00       0.00
  symmetry         :       1.24       0.00       0.00       1.23       0.00       0.01
  vbounds          :       2.07       0.00       0.00       2.07       0.00       0.00
Conflict Analysis  :       Time      Calls    Success    DomReds  Conflicts   Literals    Reconvs ReconvLits   Dualrays   Nonzeros   LP Iters   (pool size: [10000,10000])
  propagation      :       0.04       2857       1545          -       2150      109.2          0        0.0          -          -          -
  infeasible LP    :       0.44        382        382          -      10560      132.6          0        0.0        834      127.8          0
  bound exceed. LP :      61.60      25278      23247          -     219902       97.6          4       34.8          0        0.0     382027
  strong branching :       0.00          0          0          -          0        0.0          0        0.0          -          -          0
  pseudo solution  :       0.00          0          0          -          0        0.0          0        0.0          -          -          -
  applied globally :       0.77          -          -          0      58289       92.6          -          -        834          -          -
  applied locally  :          -          -          -          0          0        0.0          -          -          0          -          -
Separators         :   ExecTime  SetupTime      Calls  RootCalls    Cutoffs    DomReds  FoundCuts ViaPoolAdd  DirectAdd    Applied ViaPoolApp  DirectApp      Conss
  cut pool         :       3.87          -     130121         54          -          -      35136     841840          -          -          -          -          -    (maximal pool size:       1264)
  aggregation      :      23.79       0.00       5622         31          0          0       7184      17333          0      12215      12215          0          0
  > cmir           :          -          -          -          -          -          -          -      17323          0      12209      12209          0          -
  > flowcover      :          -          -          -          -          -          -          -         10          0          6          6          0          -
  > knapsackcover  :          -          -          -          -          -          -          -          0          0          0          0          0          -
  cgmip            :       0.00       0.00          0          0          0          0          0          0          0          0          0          0          0
  clique           :       0.00       0.00         31         31          0          0          0          0          0          0          0          0          0
  closecuts        :       0.00       0.00          0          0          0          0          0          0          0          0          0          0          0
  convexproj       :       0.00       0.00          0          0          0          0          0          0          0          0          0          0          0
  disjunctive      :       0.00       0.00          0          0          0          0          0          0          0          0          0          0          0
  eccuts           :       0.00       0.00          0          0          0          0          0          0          0          0          0          0          0
  gauge            :       0.00       0.00          0          0          0          0          0          0          0          0          0          0          0
  gomory           :       0.00       0.00          0          0          0          0          0          0          0          0          0          0          0
  > gomorymi       :          -          -          -          -          -          -          -          0          0          0          0          0          -
  > strongcg       :          -          -          -          -          -          -          -          0          0          0          0          0          -
  impliedbounds    :       0.24       0.00       5622         31          0          0          1          0          0          0          0          0          0
  interlattice     :       0.03       0.00          7          7          0          0          7          0          7          7          0          7          0
  interminor       :       0.00       0.00          0          0          0          0          0          0          0          0          0          0          0
  intersub         :       0.00       0.00          0          0          0          0          0          0          0          0          0          0          0
  intobj           :       0.00       0.00          0          0          0          0          0          0          0          0          0          0          0
  mcf              :       0.00       0.00          1          1          0          0          0          0          0          0          0          0          0
  minor            :       0.00       0.00          0          0          0          0          0          0          0          0          0          0          0
  mixing           :       0.01       0.00       5622         31          0          0          0          0          0          0          0          0          0
  oddcycle         :       0.00       0.00          0          0          0          0          0          0          0          0          0          0          0
  rapidlearning    :       0.01       0.00          0          0          0          0          0          0          0          0          0          0          0
  rlt              :       0.00       0.00         10         10          0          0          0          0          0          0          0          0          0
  zerohalf         :      13.96       0.00       4975         20          0          0      27951     824507          0     223680     223680          0          0
Cutselectors       :   ExecTime  SetupTime      Calls  RootCalls   Selected     Forced   Filtered  RootSelec   RootForc   RootFilt 
  hybrid           :       0.45       0.00      62387         31     245658          0     606571        122          0         34
Pricers            :   ExecTime  SetupTime      Calls       Vars
  problem variables:       0.00          -          0          0
Branching Rules    :   ExecTime  SetupTime   BranchLP  BranchExt   BranchPS    Cutoffs    DomReds       Cuts      Conss   Children
  allfullstrong    :       0.00       0.00          0          0          0          0          0          0          0          0
  cloud            :       0.00       0.00          0          0          0          0          0          0          0          0
  distribution     :       0.00       0.00          0          0          0          0          0          0          0          0
  fullstrong       :       0.00       0.00          0          0          0          0          0          0          0          0
  inference        :       0.00       0.00          0          0          0          0          0          0          0          0
  leastinf         :       0.00       0.00          0          0          0          0          0          0          0          0
  lookahead        :       0.00       0.00          0          0          0          0          0          0          0          0
  mostinf          :       0.00       0.00          0          0          0          0          0          0          0          0
  multaggr         :       0.00       0.00          0          0          0          0          0          0          0          0
  nodereopt        :       0.00       0.00          0          0          0          0          0          0          0          0
  pscost           :       0.00       0.00          0          0          0          0          0          0          0          0
  random           :       0.00       0.00          0          0          0          0          0          0          0          0
  relpscost        :     102.61       0.00     706303          0          0          0         25          0          0    1412556
  vanillafullstrong:       0.00       0.00          0          0          0          0          0          0          0          0
Primal Heuristics  :   ExecTime  SetupTime      Calls      Found       Best
  LP solutions     :       0.18          -          -         13         13
  relax solutions  :       0.00          -          -          0          0
  pseudo solutions :       0.00          -          -          0          0
  strong branching :       0.00          -          -          0          0
  actconsdiving    :       0.00       0.00          0          0          0
  adaptivediving   :       2.01       0.00         67          0          0
  alns             :       2.61       0.00         42          2          2
  bound            :       0.00       0.00          0          0          0
  clique           :       0.01       0.00          1          0          0
  coefdiving       :       0.00       0.00          0          0          0
  completesol      :       0.00       0.00          0          0          0
  conflictdiving   :     151.84       0.00       4989          0          0
  crossover        :      19.07       0.00         42          0          0
  dins             :       0.00       0.00          0          0          0
  distributiondivin:     104.54       0.00       1975          1          1
  dps              :       0.00       0.00          0          0          0
  dualval          :       0.00       0.00          0          0          0
  farkasdiving     :       0.07       0.00          0          0          0
  feaspump         :       0.14       0.00          2          1          0
  fixandinfer      :       0.00       0.00          0          0          0
  fracdiving       :      52.97       0.00       1529          0          0
  gins             :       0.48       0.00          0          0          0
  guideddiving     :      52.95       0.00       1663          5          5
  indicator        :       0.59       0.00          0          0          0
  indicatordiving  :       0.00       0.00          0          0          0
  intdiving        :       0.00       0.00          0          0          0
  intshifting      :       0.90       0.00        288          0          0
  linesearchdiving :      53.29       0.00       1957          0          0
  localbranching   :       0.00       0.00          0          0          0
  locks            :       0.01       0.00          1          0          0
  lpface           :       0.57       0.00          0          0          0
  mpec             :      48.23       0.00         11          0          0
  multistart       :       0.00       0.00          0          0          0
  mutation         :       0.00       0.00          0          0          0
  nlpdiving        :       6.93       0.00          4          0          0
  objpscostdiving  :      27.53       0.00        290         20          1
  octane           :       0.00       0.00          0          0          0
  ofins            :       0.56       0.00          0          0          0
  oneopt           :       0.47       0.00         25          0          0
  padm             :       0.00       0.00          0          0          0
  proximity        :       0.00       0.00          0          0          0
  pscostdiving     :      49.97       0.00       1257          1          1
  randrounding     :       2.82       0.00      56056          0          0
  rens             :       0.00       0.00          0          0          0
  reoptsols        :       0.00       0.00          0          0          0
  repair           :       0.00       0.00          0          0          0
  rins             :       2.52       0.00         50          0          0
  rootsoldiving    :      17.85       0.00        365          9          0
  rounding         :       2.44       0.00      12299          0          0
  shiftandpropagate:       0.00       0.00          0          0          0
  shifting         :      31.00       0.00      16726          1          1
  simplerounding   :       0.74       0.00          0          0          0
  subnlp           :     433.82       0.00          0          0          0
  trivial          :       0.01       0.00          2          2          2
  trivialnegation  :       0.00       0.00          0          0          0
  trustregion      :       0.00       0.00          0          0          0
  trysol           :       0.94       0.00          0          0          0
  twoopt           :       0.00       0.00          0          0          0
  undercover       :       4.52       0.00          1          1          1
  vbounds          :       0.00       0.00          0          0          0
  veclendiving     :      60.42       0.00       2504          0          0
  zeroobj          :       0.00       0.00          0          0          0
  zirounding       :       0.68       0.00       1000          0          0
  other solutions  :          -          -          -          0          -
Diving (single)    :      Calls      Nodes   LP Iters Backtracks  Conflicts   MinDepth   MaxDepth   AvgDepth  RoundSols  NLeafSols  MinSolDpt  MaxSolDpt  AvgSolDpt
  actconsdiving    :          0          -          -          -          -          -          -          -          -          -          -          -          -
  coefdiving       :          0          -          -          -          -          -          -          -          -          -          -          -          -
  conflictdiving   :       4989     136565    1939266       3702      59436         63         95       81.6          0          -          -          -          -
  distributiondivin:       1975      46915     652923       2241      26755         55         94       76.5          0          1         78         78       78.0
  farkasdiving     :          0          -          -          -          -          -          -          -          -          -          -          -          -
  fracdiving       :       1529      65842     649948       1328      10345         67        328       94.1          0          -          -          -          -
  guideddiving     :       1663      65997     668932        633      11264         63        216       91.7          0          5        102        117      107.4
  indicatordiving  :          0          -          -          -          -          -          -          -          -          -          -          -          -
  linesearchdiving :       1957      70140     649076        819      34202         67        104       87.5          0          -          -          -          -
  pscostdiving     :       1257      30313     655990       1279      15070         63         90       76.5          0          1         86         86       86.0
  veclendiving     :       2504      82694     649021       1809      75319         65         97       85.0          0          -          -          -          -
Diving (adaptive)  :      Calls      Nodes   LP Iters Backtracks  Conflicts   MinDepth   MaxDepth   AvgDepth  RoundSols  NLeafSols  MinSolDpt  MaxSolDpt  AvgSolDpt
  actconsdiving    :          5        155       2034          6         46         69         81       76.2          0          -          -          -          -
  coefdiving       :         21        676       3404         15        557         76         92       84.6          0          -          -          -          -
  conflictdiving   :          0          -          -          -          -          -          -          -          -          -          -          -          -
  distributiondivin:          0          -          -          -          -          -          -          -          -          -          -          -          -
  farkasdiving     :          0          -          -          -          -          -          -          -          -          -          -          -          -
  fracdiving       :          3        181       2437          2         17         77        119       93.3          0          -          -          -          -
  guideddiving     :          8        404       5446          5         69         79        119       92.9          0          -          -          -          -
  indicatordiving  :          0          -          -          -          -          -          -          -          -          -          -          -          -
  linesearchdiving :         15        561       5394          2        197         80         96       88.3          0          -          -          -          -
  pscostdiving     :          7        113        825          7         54         74         82       77.0          0          -          -          -          -
  veclendiving     :          8        148       1324          5        118         76         87       81.8          0          -          -          -          -
Neighborhoods      :      Calls  SetupTime  SolveTime SolveNodes       Sols       Best       Exp3  EpsGreedy        UCB TgtFixRate  Opt  Inf Node Stal  Sol  Usr Othr Actv
  rens             :          4       0.05       0.10         81          0          0    0.00000   -1.00000    0.49594      0.653    0    3    0    1    0    0    0    1
  rins             :          2       0.02       0.14         96          0          0    0.00000   -1.00000    0.45060      0.850    0    1    0    1    0    0    0    1
  mutation         :          4       0.05       0.18        194          0          0    0.00000   -1.00000    0.46733      0.822    0    2    0    2    0    0    0    1
  localbranching   :          3       0.03       0.11        212          0          0    0.00000   -1.00000    0.46945      0.900    0    1    0    2    0    0    0    1
  crossover        :         21       0.32       0.91       1119          2          2    0.00000   -1.00000    0.47282      0.862    1    9    0   11    0    0    0    1
  proximity        :          2       0.03       0.09        103          0          0    0.00000   -1.00000    0.46643      0.850    0    1    0    1    0    0    0    1
  zeroobjective    :          3       0.05       0.07        217          0          0    0.00000   -1.00000    0.46870      0.900    0    1    0    2    0    0    0    1
  dins             :          3       0.04       0.11        194          0          0    0.00000   -1.00000    0.46945      0.900    0    1    0    2    0    0    0    1
  trustregion      :          0       0.00       0.00          0          0          0    0.00000   -1.00000    1.00000      0.900    0    0    0    0    0    0    0    0
Expressions        :   #IntEval  IntEvalTi   #RevProp  RevPropTi    DomReds    Cutoffs  #Estimate  EstimTime  Branching  #Simplify SimplifyTi Simplified
  pow              :          0       0.00          0       0.00          0          0          0       0.00          0          0       0.00          0
  prod             :      17820       0.02          0       0.00          0          0          0       0.00          0      10084       0.01          0
  sum              :          8       0.00          2       0.00          0          0          0       0.00          0          3       0.05          2
  var              :       4778       0.00          0       0.00          0          0          0       0.00          0      21693       0.01          0
  varidx           :          0       0.00          0       0.00          0          0          0       0.00          0          0       0.00          0
LP                 :       Time      Calls Iterations  Iter/call   Iter/sec  Time-0-It Calls-0-It    ItLimit
  primal LP        :     121.88      69079          0       0.00       0.00     121.61      69079
  dual LP          :    1296.59     939736   12893615      14.25    9944.25       9.28      35159
  lex dual LP      :       0.00          0          0       0.00          -
  barrier LP       :       0.00          0          0       0.00          -       0.00          0
  resolve instable :       0.00          0          0       0.00          -
  diving/probing LP:     366.70      68664    6368882      92.75   17368.10
  strong branching :       5.25        907      57384      63.27   10930.29          -          -        243
    (at root node) :          -         22       3291     149.59          -
  conflict analysis:      32.97      41773     382027       9.15   11587.11
NLP relaxation     :
  solve time       :       6.68 (11 calls)
  convexity        :  nonconvex (145 linear rows, 0 convex ineq., 0 nonconvex ineq., 1174 nonlinear eq. or two-sided ineq.)
NLP Solvers        :  #Problems  ProblemTi    #Solves  SolveTime      #Iter  Time/Iter      #Okay #TimeLimit #IterLimit #LObjLimit #Interrupt  #NumError #EvalError  #OutOfMem #LicenseEr #OtherTerm   #GlobOpt    #LocOpt  #Feasible #LocInfeas #GlobInfea #Unbounded   #Unknown
  ipopt            :         12      20.33         42      54.89       1929       0.03         40          0          2          0          0          0          0          0          0          0          0         27          0         10          0          0          5
B&B Tree           :
  number of runs   :          1
  nodes            :     842192 (706278 internal, 135914 leaves)
  feasible leaves  :         13
  infeas. leaves   :          1
  objective leaves :     135899
  nodes (total)    :     842192 (706278 internal, 135914 leaves)
  nodes left       :     562081
  max depth        :         79
  max depth (total):         79
  backtracks       :     125257 (14.9%)
  early backtracks :          0 (0.0%)
  nodes exc. ref.  :          0 (0.0%)
  delayed cutoffs  :          4
  repropagations   :         23 (90 domain reductions, 0 cutoffs)
  avg switch length:       9.24
  switching time   :     259.29
Estim. Tree Size   :    1700952
Estimation Tree    : 1412557 nodes (850476 visited, 706278 internal, 144198 leaves, 562081 open), weight: 0.0000 completed 0.0781
Estimations        :      estim      value      trend resolution     smooth
  wbe              :         in          -          -          -          -
  tree-profile     :         -1          -          -          -          -
  gap              :   21510310    0.60636    0.00001        256   21510114
  tree-weight      :    1700952    0.00000    0.00000        256    1699188
  leaf-frequency   :    9638522    0.16955    0.00002        256    9501665
  ssg              :   27287330    0.87676   -0.00002        256   27531256
  open-nodes       :    1700952 562081.00000  391.14048        256    1699188
Root Node          :
  First LP value   : -5.54410774410774e+00
  First LP Iters   :       2235 (12416.67 Iter/sec)
  First LP Time    :       0.18
  Final Dual Bound : -5.41585077235409e+00
  Final Root Iters :       2750
  Root LP Estimate : -2.17073351190346e+00
Solution           :
  Solutions found  :         56 (27 improvements)
  First Solution   : +1.00000000000000e+05   (in run 1, after 0 nodes, 0.02 seconds, depth 0, found by <trivial>)
  Gap First Sol.   :   infinite
  Gap Last Sol.    :      65.16 %
  Primal Bound     : -2.99910213243546e+00   (in run 1, after 778068 nodes, 3392.35 seconds, depth 102, found by <guideddiving>)
  Dual Bound       : -4.94606320371854e+00
  Gap              :      64.92 %
Integrals          :      Total       Avg%
  primal-dual      :  145825.74      40.51
  primal-ref       :          -          - (not evaluated)
  dual-ref         :          -          - (not evaluated)
